[2022-02-22 10:51:40,948][INFO] Environments:
------------  ---------------------------------------------------------------------------
sys.platform  linux
Python        3.7.11 (default, Nov 23 2021, 05:29:02) [GCC 7.5.0]
JAX           0.2.27 @/mnt/data1/giung/venvs/jax0.2.27/lib/python3.7/site-packages/jax
jaxlib        0.1.75 @/mnt/data1/giung/venvs/jax0.2.27/lib/python3.7/site-packages/jaxlib
Flax          0.4.0 @/mnt/data1/giung/venvs/jax0.2.27/lib/python3.7/site-packages/flax
Optax         0.1.0 @/mnt/data1/giung/venvs/jax0.2.27/lib/python3.7/site-packages/optax
------------  ---------------------------------------------------------------------------

[2022-02-22 10:51:40,948][INFO] Command line arguments:
Namespace(batch_size=128, config_file='./configs/C10_R32x4-BN-ReLU_SGD.yaml', keep_every_n_checkpoints=None, learning_rate=0.1, num_epochs=200, num_warmup_epochs=5, opts=[], output_dir='./outputs/C10_R32x4-BN-ReLU/SGD/s42_e200_wd5e-4/', seed=42, weight_decay=0.0005)

[2022-02-22 10:51:40,949][INFO] Using a random seed 42

[2022-02-22 10:51:40,986][INFO] Unable to initialize backend 'tpu_driver': NOT_FOUND: Unable to find driver in registry given worker: 
[2022-02-22 10:51:41,300][INFO] Unable to initialize backend 'tpu': INVALID_ARGUMENT: TpuPlatform is not available.
[2022-02-22 10:53:11,089][INFO] Found no checkpoint files in outputs/C10_R32x4-BN-ReLU/SGD/s42_e200_wd5e-4
[2022-02-22 10:53:45,042][INFO] [Epoch   1/200] trn/acc1 3.96e-01, trn/loss 5.11e+00, trn/loss_ce 1.77e+00, trn/loss_wd 6.68e+03, trn/lr 9.97e-03
[2022-02-22 10:53:47,791][INFO] [Epoch   1/200] Validation: val/acc1 0.4870, val/loss_ce 1.6668
[2022-02-22 10:54:23,648][INFO] [Epoch   2/200] trn/acc1 6.15e-01, trn/loss 4.23e+00, trn/loss_ce 1.10e+00, trn/loss_wd 6.27e+03, trn/lr 3.00e-02
[2022-02-22 10:54:37,833][INFO] [Epoch   3/200] trn/acc1 7.13e-01, trn/loss 3.59e+00, trn/loss_ce 8.26e-01, trn/loss_wd 5.53e+03, trn/lr 5.00e-02
[2022-02-22 10:54:52,046][INFO] [Epoch   4/200] trn/acc1 7.65e-01, trn/loss 2.99e+00, trn/loss_ce 6.88e-01, trn/loss_wd 4.60e+03, trn/lr 7.00e-02
[2022-02-22 10:55:06,278][INFO] [Epoch   5/200] trn/acc1 7.90e-01, trn/loss 2.43e+00, trn/loss_ce 6.09e-01, trn/loss_wd 3.63e+03, trn/lr 9.00e-02
[2022-02-22 10:55:20,552][INFO] [Epoch   6/200] trn/acc1 8.14e-01, trn/loss 1.93e+00, trn/loss_ce 5.44e-01, trn/loss_wd 2.78e+03, trn/lr 1.00e-01
[2022-02-22 10:55:34,825][INFO] [Epoch   7/200] trn/acc1 8.32e-01, trn/loss 1.56e+00, trn/loss_ce 4.92e-01, trn/loss_wd 2.15e+03, trn/lr 1.00e-01
[2022-02-22 10:55:49,122][INFO] [Epoch   8/200] trn/acc1 8.44e-01, trn/loss 1.30e+00, trn/loss_ce 4.55e-01, trn/loss_wd 1.70e+03, trn/lr 1.00e-01
[2022-02-22 10:56:03,444][INFO] [Epoch   9/200] trn/acc1 8.53e-01, trn/loss 1.12e+00, trn/loss_ce 4.29e-01, trn/loss_wd 1.39e+03, trn/lr 9.99e-02
[2022-02-22 10:56:17,747][INFO] [Epoch  10/200] trn/acc1 8.56e-01, trn/loss 1.01e+00, trn/loss_ce 4.17e-01, trn/loss_wd 1.18e+03, trn/lr 9.99e-02
[2022-02-22 10:56:32,047][INFO] [Epoch  11/200] trn/acc1 8.63e-01, trn/loss 9.20e-01, trn/loss_ce 3.99e-01, trn/loss_wd 1.04e+03, trn/lr 9.98e-02
[2022-02-22 10:56:46,398][INFO] [Epoch  12/200] trn/acc1 8.67e-01, trn/loss 8.62e-01, trn/loss_ce 3.87e-01, trn/loss_wd 9.50e+02, trn/lr 9.97e-02
[2022-02-22 10:57:00,696][INFO] [Epoch  13/200] trn/acc1 8.71e-01, trn/loss 8.25e-01, trn/loss_ce 3.78e-01, trn/loss_wd 8.93e+02, trn/lr 9.96e-02
[2022-02-22 10:57:15,000][INFO] [Epoch  14/200] trn/acc1 8.73e-01, trn/loss 8.05e-01, trn/loss_ce 3.76e-01, trn/loss_wd 8.59e+02, trn/lr 9.95e-02
[2022-02-22 10:57:29,321][INFO] [Epoch  15/200] trn/acc1 8.75e-01, trn/loss 7.79e-01, trn/loss_ce 3.61e-01, trn/loss_wd 8.35e+02, trn/lr 9.94e-02
[2022-02-22 10:57:43,685][INFO] [Epoch  16/200] trn/acc1 8.78e-01, trn/loss 7.69e-01, trn/loss_ce 3.57e-01, trn/loss_wd 8.24e+02, trn/lr 9.93e-02
[2022-02-22 10:57:57,998][INFO] [Epoch  17/200] trn/acc1 8.82e-01, trn/loss 7.59e-01, trn/loss_ce 3.50e-01, trn/loss_wd 8.18e+02, trn/lr 9.91e-02
[2022-02-22 10:58:12,332][INFO] [Epoch  18/200] trn/acc1 8.82e-01, trn/loss 7.48e-01, trn/loss_ce 3.42e-01, trn/loss_wd 8.13e+02, trn/lr 9.90e-02
[2022-02-22 10:58:26,637][INFO] [Epoch  19/200] trn/acc1 8.86e-01, trn/loss 7.45e-01, trn/loss_ce 3.37e-01, trn/loss_wd 8.16e+02, trn/lr 9.88e-02
[2022-02-22 10:58:40,962][INFO] [Epoch  20/200] trn/acc1 8.84e-01, trn/loss 7.41e-01, trn/loss_ce 3.33e-01, trn/loss_wd 8.15e+02, trn/lr 9.86e-02
[2022-02-22 10:58:41,382][INFO] [Epoch  20/200] Validation: val/acc1 0.7990, val/loss_ce 0.6340
[2022-02-22 10:59:24,127][INFO] [Epoch  21/200] trn/acc1 8.86e-01, trn/loss 7.41e-01, trn/loss_ce 3.29e-01, trn/loss_wd 8.23e+02, trn/lr 9.84e-02
[2022-02-22 10:59:39,831][INFO] [Epoch  22/200] trn/acc1 8.90e-01, trn/loss 7.31e-01, trn/loss_ce 3.19e-01, trn/loss_wd 8.23e+02, trn/lr 9.82e-02
[2022-02-22 10:59:54,087][INFO] [Epoch  23/200] trn/acc1 8.91e-01, trn/loss 7.29e-01, trn/loss_ce 3.16e-01, trn/loss_wd 8.27e+02, trn/lr 9.80e-02
[2022-02-22 11:00:08,366][INFO] [Epoch  24/200] trn/acc1 8.93e-01, trn/loss 7.25e-01, trn/loss_ce 3.11e-01, trn/loss_wd 8.28e+02, trn/lr 9.78e-02
[2022-02-22 11:00:22,648][INFO] [Epoch  25/200] trn/acc1 8.94e-01, trn/loss 7.24e-01, trn/loss_ce 3.11e-01, trn/loss_wd 8.25e+02, trn/lr 9.76e-02
[2022-02-22 11:00:36,937][INFO] [Epoch  26/200] trn/acc1 8.94e-01, trn/loss 7.23e-01, trn/loss_ce 3.07e-01, trn/loss_wd 8.32e+02, trn/lr 9.73e-02
[2022-02-22 11:00:51,215][INFO] [Epoch  27/200] trn/acc1 8.95e-01, trn/loss 7.20e-01, trn/loss_ce 3.03e-01, trn/loss_wd 8.36e+02, trn/lr 9.70e-02
[2022-02-22 11:01:05,511][INFO] [Epoch  28/200] trn/acc1 8.97e-01, trn/loss 7.21e-01, trn/loss_ce 3.02e-01, trn/loss_wd 8.39e+02, trn/lr 9.68e-02
[2022-02-22 11:01:19,806][INFO] [Epoch  29/200] trn/acc1 8.98e-01, trn/loss 7.19e-01, trn/loss_ce 2.97e-01, trn/loss_wd 8.45e+02, trn/lr 9.65e-02
[2022-02-22 11:01:34,114][INFO] [Epoch  30/200] trn/acc1 8.99e-01, trn/loss 7.17e-01, trn/loss_ce 2.96e-01, trn/loss_wd 8.43e+02, trn/lr 9.62e-02
[2022-02-22 11:01:48,429][INFO] [Epoch  31/200] trn/acc1 9.01e-01, trn/loss 7.17e-01, trn/loss_ce 2.92e-01, trn/loss_wd 8.50e+02, trn/lr 9.58e-02
[2022-02-22 11:02:02,740][INFO] [Epoch  32/200] trn/acc1 9.00e-01, trn/loss 7.18e-01, trn/loss_ce 2.91e-01, trn/loss_wd 8.53e+02, trn/lr 9.55e-02
[2022-02-22 11:02:17,045][INFO] [Epoch  33/200] trn/acc1 9.01e-01, trn/loss 7.16e-01, trn/loss_ce 2.88e-01, trn/loss_wd 8.55e+02, trn/lr 9.52e-02
[2022-02-22 11:02:31,333][INFO] [Epoch  34/200] trn/acc1 9.03e-01, trn/loss 7.11e-01, trn/loss_ce 2.85e-01, trn/loss_wd 8.52e+02, trn/lr 9.48e-02
[2022-02-22 11:02:45,637][INFO] [Epoch  35/200] trn/acc1 9.03e-01, trn/loss 7.09e-01, trn/loss_ce 2.81e-01, trn/loss_wd 8.55e+02, trn/lr 9.45e-02
[2022-02-22 11:02:59,942][INFO] [Epoch  36/200] trn/acc1 9.05e-01, trn/loss 7.15e-01, trn/loss_ce 2.83e-01, trn/loss_wd 8.64e+02, trn/lr 9.41e-02
[2022-02-22 11:03:14,242][INFO] [Epoch  37/200] trn/acc1 9.05e-01, trn/loss 7.07e-01, trn/loss_ce 2.76e-01, trn/loss_wd 8.62e+02, trn/lr 9.37e-02
[2022-02-22 11:03:28,533][INFO] [Epoch  38/200] trn/acc1 9.05e-01, trn/loss 7.11e-01, trn/loss_ce 2.78e-01, trn/loss_wd 8.66e+02, trn/lr 9.33e-02
[2022-02-22 11:03:42,834][INFO] [Epoch  39/200] trn/acc1 9.06e-01, trn/loss 7.08e-01, trn/loss_ce 2.75e-01, trn/loss_wd 8.65e+02, trn/lr 9.29e-02
[2022-02-22 11:03:57,132][INFO] [Epoch  40/200] trn/acc1 9.06e-01, trn/loss 7.04e-01, trn/loss_ce 2.71e-01, trn/loss_wd 8.65e+02, trn/lr 9.25e-02
[2022-02-22 11:03:57,550][INFO] [Epoch  40/200] Validation: val/acc1 0.8616, val/loss_ce 0.4164
[2022-02-22 11:04:28,632][INFO] [Epoch  41/200] trn/acc1 9.07e-01, trn/loss 7.08e-01, trn/loss_ce 2.72e-01, trn/loss_wd 8.72e+02, trn/lr 9.20e-02
[2022-02-22 11:04:42,851][INFO] [Epoch  42/200] trn/acc1 9.08e-01, trn/loss 7.04e-01, trn/loss_ce 2.67e-01, trn/loss_wd 8.73e+02, trn/lr 9.16e-02
[2022-02-22 11:04:57,166][INFO] [Epoch  43/200] trn/acc1 9.09e-01, trn/loss 7.00e-01, trn/loss_ce 2.64e-01, trn/loss_wd 8.72e+02, trn/lr 9.11e-02
[2022-02-22 11:05:11,427][INFO] [Epoch  44/200] trn/acc1 9.09e-01, trn/loss 7.00e-01, trn/loss_ce 2.65e-01, trn/loss_wd 8.70e+02, trn/lr 9.07e-02
[2022-02-22 11:05:25,695][INFO] [Epoch  45/200] trn/acc1 9.12e-01, trn/loss 6.95e-01, trn/loss_ce 2.61e-01, trn/loss_wd 8.68e+02, trn/lr 9.02e-02
[2022-02-22 11:05:39,970][INFO] [Epoch  46/200] trn/acc1 9.11e-01, trn/loss 6.98e-01, trn/loss_ce 2.64e-01, trn/loss_wd 8.69e+02, trn/lr 8.97e-02
[2022-02-22 11:05:54,238][INFO] [Epoch  47/200] trn/acc1 9.11e-01, trn/loss 6.99e-01, trn/loss_ce 2.61e-01, trn/loss_wd 8.74e+02, trn/lr 8.92e-02
[2022-02-22 11:06:08,517][INFO] [Epoch  48/200] trn/acc1 9.12e-01, trn/loss 6.92e-01, trn/loss_ce 2.55e-01, trn/loss_wd 8.73e+02, trn/lr 8.87e-02
[2022-02-22 11:06:22,785][INFO] [Epoch  49/200] trn/acc1 9.12e-01, trn/loss 6.92e-01, trn/loss_ce 2.55e-01, trn/loss_wd 8.74e+02, trn/lr 8.82e-02
[2022-02-22 11:06:37,063][INFO] [Epoch  50/200] trn/acc1 9.17e-01, trn/loss 6.83e-01, trn/loss_ce 2.48e-01, trn/loss_wd 8.70e+02, trn/lr 8.77e-02
[2022-02-22 11:06:51,332][INFO] [Epoch  51/200] trn/acc1 9.12e-01, trn/loss 6.90e-01, trn/loss_ce 2.56e-01, trn/loss_wd 8.67e+02, trn/lr 8.72e-02
[2022-02-22 11:07:05,608][INFO] [Epoch  52/200] trn/acc1 9.13e-01, trn/loss 6.89e-01, trn/loss_ce 2.54e-01, trn/loss_wd 8.70e+02, trn/lr 8.66e-02
[2022-02-22 11:07:19,884][INFO] [Epoch  53/200] trn/acc1 9.16e-01, trn/loss 6.81e-01, trn/loss_ce 2.46e-01, trn/loss_wd 8.70e+02, trn/lr 8.61e-02
[2022-02-22 11:07:34,147][INFO] [Epoch  54/200] trn/acc1 9.16e-01, trn/loss 6.79e-01, trn/loss_ce 2.45e-01, trn/loss_wd 8.67e+02, trn/lr 8.55e-02
[2022-02-22 11:07:48,417][INFO] [Epoch  55/200] trn/acc1 9.17e-01, trn/loss 6.82e-01, trn/loss_ce 2.45e-01, trn/loss_wd 8.73e+02, trn/lr 8.49e-02
[2022-02-22 11:08:02,690][INFO] [Epoch  56/200] trn/acc1 9.18e-01, trn/loss 6.76e-01, trn/loss_ce 2.41e-01, trn/loss_wd 8.69e+02, trn/lr 8.43e-02
[2022-02-22 11:08:16,975][INFO] [Epoch  57/200] trn/acc1 9.18e-01, trn/loss 6.73e-01, trn/loss_ce 2.40e-01, trn/loss_wd 8.66e+02, trn/lr 8.38e-02
[2022-02-22 11:08:31,247][INFO] [Epoch  58/200] trn/acc1 9.19e-01, trn/loss 6.69e-01, trn/loss_ce 2.37e-01, trn/loss_wd 8.65e+02, trn/lr 8.32e-02
[2022-02-22 11:08:45,517][INFO] [Epoch  59/200] trn/acc1 9.17e-01, trn/loss 6.74e-01, trn/loss_ce 2.39e-01, trn/loss_wd 8.68e+02, trn/lr 8.25e-02
[2022-02-22 11:08:59,805][INFO] [Epoch  60/200] trn/acc1 9.20e-01, trn/loss 6.72e-01, trn/loss_ce 2.36e-01, trn/loss_wd 8.72e+02, trn/lr 8.19e-02
[2022-02-22 11:09:00,225][INFO] [Epoch  60/200] Validation: val/acc1 0.8760, val/loss_ce 0.3909
[2022-02-22 11:09:17,354][INFO] [Epoch  61/200] trn/acc1 9.21e-01, trn/loss 6.70e-01, trn/loss_ce 2.34e-01, trn/loss_wd 8.72e+02, trn/lr 8.13e-02
[2022-02-22 11:09:31,594][INFO] [Epoch  62/200] trn/acc1 9.20e-01, trn/loss 6.71e-01, trn/loss_ce 2.37e-01, trn/loss_wd 8.69e+02, trn/lr 8.07e-02
[2022-02-22 11:09:45,862][INFO] [Epoch  63/200] trn/acc1 9.21e-01, trn/loss 6.64e-01, trn/loss_ce 2.31e-01, trn/loss_wd 8.66e+02, trn/lr 8.00e-02
[2022-02-22 11:10:00,191][INFO] [Epoch  64/200] trn/acc1 9.21e-01, trn/loss 6.61e-01, trn/loss_ce 2.29e-01, trn/loss_wd 8.64e+02, trn/lr 7.94e-02
[2022-02-22 11:10:14,459][INFO] [Epoch  65/200] trn/acc1 9.23e-01, trn/loss 6.56e-01, trn/loss_ce 2.23e-01, trn/loss_wd 8.66e+02, trn/lr 7.87e-02
[2022-02-22 11:10:28,777][INFO] [Epoch  66/200] trn/acc1 9.22e-01, trn/loss 6.57e-01, trn/loss_ce 2.26e-01, trn/loss_wd 8.63e+02, trn/lr 7.81e-02
[2022-02-22 11:10:43,035][INFO] [Epoch  67/200] trn/acc1 9.21e-01, trn/loss 6.60e-01, trn/loss_ce 2.29e-01, trn/loss_wd 8.61e+02, trn/lr 7.74e-02
[2022-02-22 11:10:57,299][INFO] [Epoch  68/200] trn/acc1 9.23e-01, trn/loss 6.55e-01, trn/loss_ce 2.26e-01, trn/loss_wd 8.58e+02, trn/lr 7.67e-02
[2022-02-22 11:11:11,553][INFO] [Epoch  69/200] trn/acc1 9.26e-01, trn/loss 6.42e-01, trn/loss_ce 2.16e-01, trn/loss_wd 8.54e+02, trn/lr 7.60e-02
[2022-02-22 11:11:25,814][INFO] [Epoch  70/200] trn/acc1 9.25e-01, trn/loss 6.45e-01, trn/loss_ce 2.20e-01, trn/loss_wd 8.51e+02, trn/lr 7.53e-02
[2022-02-22 11:11:40,073][INFO] [Epoch  71/200] trn/acc1 9.25e-01, trn/loss 6.44e-01, trn/loss_ce 2.19e-01, trn/loss_wd 8.51e+02, trn/lr 7.47e-02
[2022-02-22 11:11:54,327][INFO] [Epoch  72/200] trn/acc1 9.29e-01, trn/loss 6.31e-01, trn/loss_ce 2.06e-01, trn/loss_wd 8.50e+02, trn/lr 7.39e-02
[2022-02-22 11:12:08,579][INFO] [Epoch  73/200] trn/acc1 9.27e-01, trn/loss 6.40e-01, trn/loss_ce 2.15e-01, trn/loss_wd 8.50e+02, trn/lr 7.32e-02
[2022-02-22 11:12:22,826][INFO] [Epoch  74/200] trn/acc1 9.29e-01, trn/loss 6.31e-01, trn/loss_ce 2.09e-01, trn/loss_wd 8.45e+02, trn/lr 7.25e-02
[2022-02-22 11:12:37,068][INFO] [Epoch  75/200] trn/acc1 9.28e-01, trn/loss 6.29e-01, trn/loss_ce 2.07e-01, trn/loss_wd 8.45e+02, trn/lr 7.18e-02
[2022-02-22 11:12:51,331][INFO] [Epoch  76/200] trn/acc1 9.30e-01, trn/loss 6.26e-01, trn/loss_ce 2.05e-01, trn/loss_wd 8.44e+02, trn/lr 7.11e-02
[2022-02-22 11:13:05,586][INFO] [Epoch  77/200] trn/acc1 9.31e-01, trn/loss 6.25e-01, trn/loss_ce 2.03e-01, trn/loss_wd 8.42e+02, trn/lr 7.03e-02
[2022-02-22 11:13:19,833][INFO] [Epoch  78/200] trn/acc1 9.28e-01, trn/loss 6.25e-01, trn/loss_ce 2.06e-01, trn/loss_wd 8.39e+02, trn/lr 6.96e-02
[2022-02-22 11:13:34,086][INFO] [Epoch  79/200] trn/acc1 9.31e-01, trn/loss 6.17e-01, trn/loss_ce 2.00e-01, trn/loss_wd 8.35e+02, trn/lr 6.89e-02
[2022-02-22 11:13:48,343][INFO] [Epoch  80/200] trn/acc1 9.32e-01, trn/loss 6.17e-01, trn/loss_ce 1.99e-01, trn/loss_wd 8.37e+02, trn/lr 6.81e-02
[2022-02-22 11:13:48,763][INFO] [Epoch  80/200] Validation: val/acc1 0.8838, val/loss_ce 0.3565
[2022-02-22 11:14:05,338][INFO] [Epoch  81/200] trn/acc1 9.32e-01, trn/loss 6.09e-01, trn/loss_ce 1.94e-01, trn/loss_wd 8.30e+02, trn/lr 6.74e-02
[2022-02-22 11:14:19,588][INFO] [Epoch  82/200] trn/acc1 9.34e-01, trn/loss 6.05e-01, trn/loss_ce 1.92e-01, trn/loss_wd 8.26e+02, trn/lr 6.66e-02
[2022-02-22 11:14:33,836][INFO] [Epoch  83/200] trn/acc1 9.34e-01, trn/loss 6.04e-01, trn/loss_ce 1.92e-01, trn/loss_wd 8.23e+02, trn/lr 6.58e-02
[2022-02-22 11:14:48,099][INFO] [Epoch  84/200] trn/acc1 9.35e-01, trn/loss 6.00e-01, trn/loss_ce 1.89e-01, trn/loss_wd 8.22e+02, trn/lr 6.51e-02
[2022-02-22 11:15:02,435][INFO] [Epoch  85/200] trn/acc1 9.36e-01, trn/loss 5.99e-01, trn/loss_ce 1.89e-01, trn/loss_wd 8.20e+02, trn/lr 6.43e-02
[2022-02-22 11:15:16,698][INFO] [Epoch  86/200] trn/acc1 9.36e-01, trn/loss 5.94e-01, trn/loss_ce 1.85e-01, trn/loss_wd 8.17e+02, trn/lr 6.35e-02
[2022-02-22 11:15:30,964][INFO] [Epoch  87/200] trn/acc1 9.35e-01, trn/loss 5.93e-01, trn/loss_ce 1.85e-01, trn/loss_wd 8.17e+02, trn/lr 6.27e-02
[2022-02-22 11:15:45,231][INFO] [Epoch  88/200] trn/acc1 9.37e-01, trn/loss 5.92e-01, trn/loss_ce 1.83e-01, trn/loss_wd 8.17e+02, trn/lr 6.20e-02
[2022-02-22 11:15:59,507][INFO] [Epoch  89/200] trn/acc1 9.41e-01, trn/loss 5.83e-01, trn/loss_ce 1.76e-01, trn/loss_wd 8.12e+02, trn/lr 6.12e-02
[2022-02-22 11:16:13,776][INFO] [Epoch  90/200] trn/acc1 9.41e-01, trn/loss 5.78e-01, trn/loss_ce 1.76e-01, trn/loss_wd 8.05e+02, trn/lr 6.04e-02
[2022-02-22 11:16:28,047][INFO] [Epoch  91/200] trn/acc1 9.41e-01, trn/loss 5.76e-01, trn/loss_ce 1.75e-01, trn/loss_wd 8.03e+02, trn/lr 5.96e-02
[2022-02-22 11:16:42,310][INFO] [Epoch  92/200] trn/acc1 9.40e-01, trn/loss 5.76e-01, trn/loss_ce 1.76e-01, trn/loss_wd 8.00e+02, trn/lr 5.88e-02
[2022-02-22 11:16:56,586][INFO] [Epoch  93/200] trn/acc1 9.42e-01, trn/loss 5.64e-01, trn/loss_ce 1.67e-01, trn/loss_wd 7.95e+02, trn/lr 5.80e-02
[2022-02-22 11:17:10,868][INFO] [Epoch  94/200] trn/acc1 9.45e-01, trn/loss 5.60e-01, trn/loss_ce 1.64e-01, trn/loss_wd 7.91e+02, trn/lr 5.72e-02
[2022-02-22 11:17:25,140][INFO] [Epoch  95/200] trn/acc1 9.43e-01, trn/loss 5.61e-01, trn/loss_ce 1.67e-01, trn/loss_wd 7.89e+02, trn/lr 5.64e-02
[2022-02-22 11:17:39,419][INFO] [Epoch  96/200] trn/acc1 9.43e-01, trn/loss 5.60e-01, trn/loss_ce 1.66e-01, trn/loss_wd 7.89e+02, trn/lr 5.56e-02
[2022-02-22 11:17:53,677][INFO] [Epoch  97/200] trn/acc1 9.45e-01, trn/loss 5.54e-01, trn/loss_ce 1.61e-01, trn/loss_wd 7.85e+02, trn/lr 5.48e-02
[2022-02-22 11:18:07,943][INFO] [Epoch  98/200] trn/acc1 9.47e-01, trn/loss 5.47e-01, trn/loss_ce 1.56e-01, trn/loss_wd 7.82e+02, trn/lr 5.40e-02
[2022-02-22 11:18:22,212][INFO] [Epoch  99/200] trn/acc1 9.47e-01, trn/loss 5.43e-01, trn/loss_ce 1.54e-01, trn/loss_wd 7.78e+02, trn/lr 5.32e-02
[2022-02-22 11:18:36,489][INFO] [Epoch 100/200] trn/acc1 9.47e-01, trn/loss 5.45e-01, trn/loss_ce 1.56e-01, trn/loss_wd 7.78e+02, trn/lr 5.24e-02
[2022-02-22 11:18:36,909][INFO] [Epoch 100/200] Validation: val/acc1 0.9132, val/loss_ce 0.2760
[2022-02-22 11:18:53,985][INFO] [Epoch 101/200] trn/acc1 9.47e-01, trn/loss 5.38e-01, trn/loss_ce 1.53e-01, trn/loss_wd 7.70e+02, trn/lr 5.16e-02
[2022-02-22 11:19:08,259][INFO] [Epoch 102/200] trn/acc1 9.50e-01, trn/loss 5.30e-01, trn/loss_ce 1.47e-01, trn/loss_wd 7.65e+02, trn/lr 5.08e-02
[2022-02-22 11:19:22,535][INFO] [Epoch 103/200] trn/acc1 9.49e-01, trn/loss 5.27e-01, trn/loss_ce 1.46e-01, trn/loss_wd 7.61e+02, trn/lr 5.00e-02
[2022-02-22 11:19:36,824][INFO] [Epoch 104/200] trn/acc1 9.50e-01, trn/loss 5.23e-01, trn/loss_ce 1.45e-01, trn/loss_wd 7.58e+02, trn/lr 4.92e-02
[2022-02-22 11:19:51,122][INFO] [Epoch 105/200] trn/acc1 9.50e-01, trn/loss 5.27e-01, trn/loss_ce 1.49e-01, trn/loss_wd 7.56e+02, trn/lr 4.84e-02
[2022-02-22 11:20:05,500][INFO] [Epoch 106/200] trn/acc1 9.51e-01, trn/loss 5.21e-01, trn/loss_ce 1.44e-01, trn/loss_wd 7.54e+02, trn/lr 4.76e-02
[2022-02-22 11:20:19,790][INFO] [Epoch 107/200] trn/acc1 9.53e-01, trn/loss 5.12e-01, trn/loss_ce 1.38e-01, trn/loss_wd 7.48e+02, trn/lr 4.68e-02
[2022-02-22 11:20:34,083][INFO] [Epoch 108/200] trn/acc1 9.55e-01, trn/loss 5.02e-01, trn/loss_ce 1.31e-01, trn/loss_wd 7.43e+02, trn/lr 4.60e-02
[2022-02-22 11:20:48,380][INFO] [Epoch 109/200] trn/acc1 9.55e-01, trn/loss 5.04e-01, trn/loss_ce 1.35e-01, trn/loss_wd 7.36e+02, trn/lr 4.52e-02
[2022-02-22 11:21:02,667][INFO] [Epoch 110/200] trn/acc1 9.55e-01, trn/loss 4.98e-01, trn/loss_ce 1.31e-01, trn/loss_wd 7.33e+02, trn/lr 4.44e-02
[2022-02-22 11:21:16,956][INFO] [Epoch 111/200] trn/acc1 9.57e-01, trn/loss 4.90e-01, trn/loss_ce 1.27e-01, trn/loss_wd 7.27e+02, trn/lr 4.36e-02
[2022-02-22 11:21:31,253][INFO] [Epoch 112/200] trn/acc1 9.58e-01, trn/loss 4.80e-01, trn/loss_ce 1.20e-01, trn/loss_wd 7.19e+02, trn/lr 4.28e-02
[2022-02-22 11:21:45,542][INFO] [Epoch 113/200] trn/acc1 9.57e-01, trn/loss 4.82e-01, trn/loss_ce 1.25e-01, trn/loss_wd 7.14e+02, trn/lr 4.20e-02
[2022-02-22 11:21:59,812][INFO] [Epoch 114/200] trn/acc1 9.60e-01, trn/loss 4.75e-01, trn/loss_ce 1.20e-01, trn/loss_wd 7.09e+02, trn/lr 4.12e-02
[2022-02-22 11:22:14,099][INFO] [Epoch 115/200] trn/acc1 9.60e-01, trn/loss 4.68e-01, trn/loss_ce 1.17e-01, trn/loss_wd 7.02e+02, trn/lr 4.04e-02
[2022-02-22 11:22:28,389][INFO] [Epoch 116/200] trn/acc1 9.62e-01, trn/loss 4.61e-01, trn/loss_ce 1.13e-01, trn/loss_wd 6.96e+02, trn/lr 3.96e-02
[2022-02-22 11:22:42,689][INFO] [Epoch 117/200] trn/acc1 9.59e-01, trn/loss 4.63e-01, trn/loss_ce 1.17e-01, trn/loss_wd 6.92e+02, trn/lr 3.88e-02
[2022-02-22 11:22:56,980][INFO] [Epoch 118/200] trn/acc1 9.61e-01, trn/loss 4.56e-01, trn/loss_ce 1.12e-01, trn/loss_wd 6.87e+02, trn/lr 3.80e-02
[2022-02-22 11:23:11,260][INFO] [Epoch 119/200] trn/acc1 9.65e-01, trn/loss 4.47e-01, trn/loss_ce 1.05e-01, trn/loss_wd 6.82e+02, trn/lr 3.73e-02
[2022-02-22 11:23:25,545][INFO] [Epoch 120/200] trn/acc1 9.65e-01, trn/loss 4.43e-01, trn/loss_ce 1.06e-01, trn/loss_wd 6.75e+02, trn/lr 3.65e-02
[2022-02-22 11:23:25,964][INFO] [Epoch 120/200] Validation: val/acc1 0.8794, val/loss_ce 0.4153
[2022-02-22 11:23:40,885][INFO] [Epoch 121/200] trn/acc1 9.63e-01, trn/loss 4.44e-01, trn/loss_ce 1.09e-01, trn/loss_wd 6.70e+02, trn/lr 3.57e-02
[2022-02-22 11:23:55,162][INFO] [Epoch 122/200] trn/acc1 9.67e-01, trn/loss 4.31e-01, trn/loss_ce 9.88e-02, trn/loss_wd 6.64e+02, trn/lr 3.49e-02
[2022-02-22 11:24:09,431][INFO] [Epoch 123/200] trn/acc1 9.66e-01, trn/loss 4.29e-01, trn/loss_ce 9.98e-02, trn/loss_wd 6.58e+02, trn/lr 3.42e-02
[2022-02-22 11:24:23,702][INFO] [Epoch 124/200] trn/acc1 9.66e-01, trn/loss 4.28e-01, trn/loss_ce 1.01e-01, trn/loss_wd 6.53e+02, trn/lr 3.34e-02
[2022-02-22 11:24:37,960][INFO] [Epoch 125/200] trn/acc1 9.70e-01, trn/loss 4.12e-01, trn/loss_ce 8.90e-02, trn/loss_wd 6.46e+02, trn/lr 3.26e-02
[2022-02-22 11:24:52,307][INFO] [Epoch 126/200] trn/acc1 9.67e-01, trn/loss 4.16e-01, trn/loss_ce 9.55e-02, trn/loss_wd 6.41e+02, trn/lr 3.19e-02
[2022-02-22 11:25:06,565][INFO] [Epoch 127/200] trn/acc1 9.70e-01, trn/loss 4.05e-01, trn/loss_ce 8.72e-02, trn/loss_wd 6.35e+02, trn/lr 3.11e-02
[2022-02-22 11:25:20,824][INFO] [Epoch 128/200] trn/acc1 9.71e-01, trn/loss 4.00e-01, trn/loss_ce 8.60e-02, trn/loss_wd 6.27e+02, trn/lr 3.04e-02
[2022-02-22 11:25:35,083][INFO] [Epoch 129/200] trn/acc1 9.72e-01, trn/loss 3.92e-01, trn/loss_ce 8.27e-02, trn/loss_wd 6.19e+02, trn/lr 2.97e-02
[2022-02-22 11:25:49,344][INFO] [Epoch 130/200] trn/acc1 9.72e-01, trn/loss 3.88e-01, trn/loss_ce 8.18e-02, trn/loss_wd 6.12e+02, trn/lr 2.89e-02
[2022-02-22 11:26:03,611][INFO] [Epoch 131/200] trn/acc1 9.72e-01, trn/loss 3.87e-01, trn/loss_ce 8.34e-02, trn/loss_wd 6.08e+02, trn/lr 2.82e-02
[2022-02-22 11:26:17,876][INFO] [Epoch 132/200] trn/acc1 9.74e-01, trn/loss 3.80e-01, trn/loss_ce 7.94e-02, trn/loss_wd 6.01e+02, trn/lr 2.75e-02
[2022-02-22 11:26:32,141][INFO] [Epoch 133/200] trn/acc1 9.75e-01, trn/loss 3.69e-01, trn/loss_ce 7.28e-02, trn/loss_wd 5.92e+02, trn/lr 2.68e-02
[2022-02-22 11:26:46,412][INFO] [Epoch 134/200] trn/acc1 9.76e-01, trn/loss 3.67e-01, trn/loss_ce 7.42e-02, trn/loss_wd 5.85e+02, trn/lr 2.61e-02
[2022-02-22 11:27:00,676][INFO] [Epoch 135/200] trn/acc1 9.77e-01, trn/loss 3.56e-01, trn/loss_ce 6.77e-02, trn/loss_wd 5.77e+02, trn/lr 2.54e-02
[2022-02-22 11:27:14,937][INFO] [Epoch 136/200] trn/acc1 9.77e-01, trn/loss 3.56e-01, trn/loss_ce 7.07e-02, trn/loss_wd 5.70e+02, trn/lr 2.47e-02
[2022-02-22 11:27:29,213][INFO] [Epoch 137/200] trn/acc1 9.77e-01, trn/loss 3.51e-01, trn/loss_ce 6.84e-02, trn/loss_wd 5.65e+02, trn/lr 2.40e-02
[2022-02-22 11:27:43,473][INFO] [Epoch 138/200] trn/acc1 9.82e-01, trn/loss 3.33e-01, trn/loss_ce 5.56e-02, trn/loss_wd 5.55e+02, trn/lr 2.33e-02
[2022-02-22 11:27:57,747][INFO] [Epoch 139/200] trn/acc1 9.79e-01, trn/loss 3.37e-01, trn/loss_ce 6.35e-02, trn/loss_wd 5.47e+02, trn/lr 2.26e-02
[2022-02-22 11:28:12,017][INFO] [Epoch 140/200] trn/acc1 9.81e-01, trn/loss 3.28e-01, trn/loss_ce 5.81e-02, trn/loss_wd 5.41e+02, trn/lr 2.19e-02
[2022-02-22 11:28:12,438][INFO] [Epoch 140/200] Validation: val/acc1 0.9268, val/loss_ce 0.2870
[2022-02-22 11:28:28,091][INFO] [Epoch 141/200] trn/acc1 9.82e-01, trn/loss 3.20e-01, trn/loss_ce 5.41e-02, trn/loss_wd 5.31e+02, trn/lr 2.13e-02
[2022-02-22 11:28:42,363][INFO] [Epoch 142/200] trn/acc1 9.82e-01, trn/loss 3.17e-01, trn/loss_ce 5.48e-02, trn/loss_wd 5.24e+02, trn/lr 2.06e-02
[2022-02-22 11:28:56,792][INFO] [Epoch 143/200] trn/acc1 9.83e-01, trn/loss 3.10e-01, trn/loss_ce 5.25e-02, trn/loss_wd 5.16e+02, trn/lr 2.00e-02
[2022-02-22 11:29:11,081][INFO] [Epoch 144/200] trn/acc1 9.82e-01, trn/loss 3.06e-01, trn/loss_ce 5.21e-02, trn/loss_wd 5.09e+02, trn/lr 1.93e-02
[2022-02-22 11:29:25,367][INFO] [Epoch 145/200] trn/acc1 9.85e-01, trn/loss 2.97e-01, trn/loss_ce 4.58e-02, trn/loss_wd 5.02e+02, trn/lr 1.87e-02
[2022-02-22 11:29:39,775][INFO] [Epoch 146/200] trn/acc1 9.86e-01, trn/loss 2.91e-01, trn/loss_ce 4.44e-02, trn/loss_wd 4.94e+02, trn/lr 1.81e-02
[2022-02-22 11:29:54,071][INFO] [Epoch 147/200] trn/acc1 9.85e-01, trn/loss 2.88e-01, trn/loss_ce 4.53e-02, trn/loss_wd 4.86e+02, trn/lr 1.75e-02
[2022-02-22 11:30:08,367][INFO] [Epoch 148/200] trn/acc1 9.89e-01, trn/loss 2.75e-01, trn/loss_ce 3.62e-02, trn/loss_wd 4.77e+02, trn/lr 1.68e-02
[2022-02-22 11:30:22,671][INFO] [Epoch 149/200] trn/acc1 9.89e-01, trn/loss 2.68e-01, trn/loss_ce 3.39e-02, trn/loss_wd 4.67e+02, trn/lr 1.62e-02
[2022-02-22 11:30:36,956][INFO] [Epoch 150/200] trn/acc1 9.90e-01, trn/loss 2.61e-01, trn/loss_ce 3.18e-02, trn/loss_wd 4.58e+02, trn/lr 1.57e-02
[2022-02-22 11:30:51,256][INFO] [Epoch 151/200] trn/acc1 9.89e-01, trn/loss 2.58e-01, trn/loss_ce 3.40e-02, trn/loss_wd 4.49e+02, trn/lr 1.51e-02
[2022-02-22 11:31:05,566][INFO] [Epoch 152/200] trn/acc1 9.91e-01, trn/loss 2.50e-01, trn/loss_ce 2.96e-02, trn/loss_wd 4.40e+02, trn/lr 1.45e-02
[2022-02-22 11:31:19,870][INFO] [Epoch 153/200] trn/acc1 9.91e-01, trn/loss 2.43e-01, trn/loss_ce 2.79e-02, trn/loss_wd 4.31e+02, trn/lr 1.39e-02
[2022-02-22 11:31:34,144][INFO] [Epoch 154/200] trn/acc1 9.93e-01, trn/loss 2.36e-01, trn/loss_ce 2.45e-02, trn/loss_wd 4.22e+02, trn/lr 1.34e-02
[2022-02-22 11:31:48,430][INFO] [Epoch 155/200] trn/acc1 9.92e-01, trn/loss 2.33e-01, trn/loss_ce 2.61e-02, trn/loss_wd 4.14e+02, trn/lr 1.28e-02
[2022-02-22 11:32:02,711][INFO] [Epoch 156/200] trn/acc1 9.92e-01, trn/loss 2.28e-01, trn/loss_ce 2.46e-02, trn/loss_wd 4.06e+02, trn/lr 1.23e-02
[2022-02-22 11:32:16,993][INFO] [Epoch 157/200] trn/acc1 9.93e-01, trn/loss 2.21e-01, trn/loss_ce 2.13e-02, trn/loss_wd 3.99e+02, trn/lr 1.18e-02
[2022-02-22 11:32:31,285][INFO] [Epoch 158/200] trn/acc1 9.94e-01, trn/loss 2.14e-01, trn/loss_ce 1.90e-02, trn/loss_wd 3.91e+02, trn/lr 1.13e-02
[2022-02-22 11:32:45,589][INFO] [Epoch 159/200] trn/acc1 9.95e-01, trn/loss 2.09e-01, trn/loss_ce 1.76e-02, trn/loss_wd 3.83e+02, trn/lr 1.08e-02
[2022-02-22 11:32:59,872][INFO] [Epoch 160/200] trn/acc1 9.97e-01, trn/loss 2.00e-01, trn/loss_ce 1.25e-02, trn/loss_wd 3.74e+02, trn/lr 1.03e-02
[2022-02-22 11:33:00,298][INFO] [Epoch 160/200] Validation: val/acc1 0.9428, val/loss_ce 0.2341
[2022-02-22 11:33:17,828][INFO] [Epoch 161/200] trn/acc1 9.96e-01, trn/loss 1.96e-01, trn/loss_ce 1.36e-02, trn/loss_wd 3.66e+02, trn/lr 9.79e-03
[2022-02-22 11:33:32,098][INFO] [Epoch 162/200] trn/acc1 9.97e-01, trn/loss 1.89e-01, trn/loss_ce 1.00e-02, trn/loss_wd 3.58e+02, trn/lr 9.31e-03
[2022-02-22 11:33:46,359][INFO] [Epoch 163/200] trn/acc1 9.97e-01, trn/loss 1.85e-01, trn/loss_ce 1.04e-02, trn/loss_wd 3.50e+02, trn/lr 8.85e-03
[2022-02-22 11:34:00,622][INFO] [Epoch 164/200] trn/acc1 9.98e-01, trn/loss 1.80e-01, trn/loss_ce 8.54e-03, trn/loss_wd 3.42e+02, trn/lr 8.40e-03
[2022-02-22 11:34:14,893][INFO] [Epoch 165/200] trn/acc1 9.99e-01, trn/loss 1.73e-01, trn/loss_ce 5.92e-03, trn/loss_wd 3.35e+02, trn/lr 7.96e-03
[2022-02-22 11:34:29,160][INFO] [Epoch 166/200] trn/acc1 9.99e-01, trn/loss 1.69e-01, trn/loss_ce 5.50e-03, trn/loss_wd 3.28e+02, trn/lr 7.53e-03
[2022-02-22 11:34:43,491][INFO] [Epoch 167/200] trn/acc1 9.99e-01, trn/loss 1.66e-01, trn/loss_ce 5.22e-03, trn/loss_wd 3.21e+02, trn/lr 7.11e-03
[2022-02-22 11:34:57,746][INFO] [Epoch 168/200] trn/acc1 9.99e-01, trn/loss 1.62e-01, trn/loss_ce 4.39e-03, trn/loss_wd 3.14e+02, trn/lr 6.70e-03
[2022-02-22 11:35:12,010][INFO] [Epoch 169/200] trn/acc1 9.99e-01, trn/loss 1.58e-01, trn/loss_ce 4.21e-03, trn/loss_wd 3.08e+02, trn/lr 6.30e-03
[2022-02-22 11:35:26,271][INFO] [Epoch 170/200] trn/acc1 1.00e+00, trn/loss 1.55e-01, trn/loss_ce 3.09e-03, trn/loss_wd 3.03e+02, trn/lr 5.92e-03
[2022-02-22 11:35:40,540][INFO] [Epoch 171/200] trn/acc1 1.00e+00, trn/loss 1.52e-01, trn/loss_ce 3.10e-03, trn/loss_wd 2.97e+02, trn/lr 5.54e-03
[2022-02-22 11:35:54,815][INFO] [Epoch 172/200] trn/acc1 1.00e+00, trn/loss 1.48e-01, trn/loss_ce 2.19e-03, trn/loss_wd 2.93e+02, trn/lr 5.18e-03
[2022-02-22 11:36:09,096][INFO] [Epoch 173/200] trn/acc1 1.00e+00, trn/loss 1.46e-01, trn/loss_ce 1.96e-03, trn/loss_wd 2.88e+02, trn/lr 4.83e-03
[2022-02-22 11:36:23,373][INFO] [Epoch 174/200] trn/acc1 1.00e+00, trn/loss 1.43e-01, trn/loss_ce 1.69e-03, trn/loss_wd 2.84e+02, trn/lr 4.49e-03
[2022-02-22 11:36:37,632][INFO] [Epoch 175/200] trn/acc1 1.00e+00, trn/loss 1.42e-01, trn/loss_ce 1.99e-03, trn/loss_wd 2.80e+02, trn/lr 4.16e-03
[2022-02-22 11:36:51,905][INFO] [Epoch 176/200] trn/acc1 1.00e+00, trn/loss 1.40e-01, trn/loss_ce 1.72e-03, trn/loss_wd 2.76e+02, trn/lr 3.85e-03
[2022-02-22 11:37:06,168][INFO] [Epoch 177/200] trn/acc1 1.00e+00, trn/loss 1.38e-01, trn/loss_ce 1.63e-03, trn/loss_wd 2.73e+02, trn/lr 3.54e-03
[2022-02-22 11:37:20,448][INFO] [Epoch 178/200] trn/acc1 1.00e+00, trn/loss 1.37e-01, trn/loss_ce 1.75e-03, trn/loss_wd 2.70e+02, trn/lr 3.25e-03
[2022-02-22 11:37:34,714][INFO] [Epoch 179/200] trn/acc1 1.00e+00, trn/loss 1.35e-01, trn/loss_ce 1.50e-03, trn/loss_wd 2.67e+02, trn/lr 2.97e-03
[2022-02-22 11:37:48,993][INFO] [Epoch 180/200] trn/acc1 1.00e+00, trn/loss 1.34e-01, trn/loss_ce 1.47e-03, trn/loss_wd 2.65e+02, trn/lr 2.70e-03
[2022-02-22 11:37:49,412][INFO] [Epoch 180/200] Validation: val/acc1 0.9566, val/loss_ce 0.1775
[2022-02-22 11:38:05,860][INFO] [Epoch 181/200] trn/acc1 1.00e+00, trn/loss 1.33e-01, trn/loss_ce 1.45e-03, trn/loss_wd 2.62e+02, trn/lr 2.45e-03
[2022-02-22 11:38:06,279][INFO] [Epoch 181/200] Validation: val/acc1 0.9588, val/loss_ce 0.1764
[2022-02-22 11:38:41,003][INFO] [Epoch 182/200] trn/acc1 1.00e+00, trn/loss 1.32e-01, trn/loss_ce 1.45e-03, trn/loss_wd 2.60e+02, trn/lr 2.21e-03
[2022-02-22 11:38:41,421][INFO] [Epoch 182/200] Validation: val/acc1 0.9574, val/loss_ce 0.1767
[2022-02-22 11:38:57,687][INFO] [Epoch 183/200] trn/acc1 1.00e+00, trn/loss 1.31e-01, trn/loss_ce 1.42e-03, trn/loss_wd 2.59e+02, trn/lr 1.97e-03
[2022-02-22 11:38:58,107][INFO] [Epoch 183/200] Validation: val/acc1 0.9578, val/loss_ce 0.1734
[2022-02-22 11:39:22,423][INFO] [Epoch 184/200] trn/acc1 1.00e+00, trn/loss 1.30e-01, trn/loss_ce 1.42e-03, trn/loss_wd 2.57e+02, trn/lr 1.76e-03
[2022-02-22 11:39:22,840][INFO] [Epoch 184/200] Validation: val/acc1 0.9582, val/loss_ce 0.1746
[2022-02-22 11:39:37,950][INFO] [Epoch 185/200] trn/acc1 1.00e+00, trn/loss 1.29e-01, trn/loss_ce 1.46e-03, trn/loss_wd 2.56e+02, trn/lr 1.55e-03
[2022-02-22 11:39:38,369][INFO] [Epoch 185/200] Validation: val/acc1 0.9572, val/loss_ce 0.1749
[2022-02-22 11:39:53,282][INFO] [Epoch 186/200] trn/acc1 1.00e+00, trn/loss 1.29e-01, trn/loss_ce 1.43e-03, trn/loss_wd 2.55e+02, trn/lr 1.36e-03
[2022-02-22 11:39:53,703][INFO] [Epoch 186/200] Validation: val/acc1 0.9582, val/loss_ce 0.1736
[2022-02-22 11:40:09,360][INFO] [Epoch 187/200] trn/acc1 1.00e+00, trn/loss 1.28e-01, trn/loss_ce 1.52e-03, trn/loss_wd 2.54e+02, trn/lr 1.18e-03
[2022-02-22 11:40:09,779][INFO] [Epoch 187/200] Validation: val/acc1 0.9580, val/loss_ce 0.1733
[2022-02-22 11:40:25,230][INFO] [Epoch 188/200] trn/acc1 1.00e+00, trn/loss 1.28e-01, trn/loss_ce 1.53e-03, trn/loss_wd 2.53e+02, trn/lr 1.01e-03
[2022-02-22 11:40:25,656][INFO] [Epoch 188/200] Validation: val/acc1 0.9586, val/loss_ce 0.1746
[2022-02-22 11:40:41,306][INFO] [Epoch 189/200] trn/acc1 1.00e+00, trn/loss 1.27e-01, trn/loss_ce 1.42e-03, trn/loss_wd 2.52e+02, trn/lr 8.56e-04
[2022-02-22 11:40:41,724][INFO] [Epoch 189/200] Validation: val/acc1 0.9582, val/loss_ce 0.1720
[2022-02-22 11:40:58,290][INFO] [Epoch 190/200] trn/acc1 1.00e+00, trn/loss 1.27e-01, trn/loss_ce 1.43e-03, trn/loss_wd 2.51e+02, trn/lr 7.14e-04
[2022-02-22 11:40:58,711][INFO] [Epoch 190/200] Validation: val/acc1 0.9588, val/loss_ce 0.1744
[2022-02-22 11:41:14,163][INFO] [Epoch 191/200] trn/acc1 1.00e+00, trn/loss 1.27e-01, trn/loss_ce 1.49e-03, trn/loss_wd 2.51e+02, trn/lr 5.85e-04
[2022-02-22 11:41:14,597][INFO] [Epoch 191/200] Validation: val/acc1 0.9590, val/loss_ce 0.1710
[2022-02-22 11:41:33,223][INFO] [Epoch 192/200] trn/acc1 1.00e+00, trn/loss 1.27e-01, trn/loss_ce 1.42e-03, trn/loss_wd 2.50e+02, trn/lr 4.69e-04
[2022-02-22 11:41:33,704][INFO] [Epoch 192/200] Validation: val/acc1 0.9576, val/loss_ce 0.1723
[2022-02-22 11:41:49,791][INFO] [Epoch 193/200] trn/acc1 1.00e+00, trn/loss 1.26e-01, trn/loss_ce 1.41e-03, trn/loss_wd 2.50e+02, trn/lr 3.65e-04
[2022-02-22 11:41:50,210][INFO] [Epoch 193/200] Validation: val/acc1 0.9594, val/loss_ce 0.1704
[2022-02-22 11:42:08,877][INFO] [Epoch 194/200] trn/acc1 1.00e+00, trn/loss 1.26e-01, trn/loss_ce 1.42e-03, trn/loss_wd 2.50e+02, trn/lr 2.75e-04
[2022-02-22 11:42:09,338][INFO] [Epoch 194/200] Validation: val/acc1 0.9582, val/loss_ce 0.1723
[2022-02-22 11:42:24,273][INFO] [Epoch 195/200] trn/acc1 1.00e+00, trn/loss 1.26e-01, trn/loss_ce 1.42e-03, trn/loss_wd 2.50e+02, trn/lr 1.97e-04
[2022-02-22 11:42:24,693][INFO] [Epoch 195/200] Validation: val/acc1 0.9594, val/loss_ce 0.1688
[2022-02-22 11:42:40,641][INFO] [Epoch 196/200] trn/acc1 1.00e+00, trn/loss 1.26e-01, trn/loss_ce 1.36e-03, trn/loss_wd 2.49e+02, trn/lr 1.32e-04
[2022-02-22 11:42:41,098][INFO] [Epoch 196/200] Validation: val/acc1 0.9594, val/loss_ce 0.1702
[2022-02-22 11:42:56,386][INFO] [Epoch 197/200] trn/acc1 1.00e+00, trn/loss 1.26e-01, trn/loss_ce 1.35e-03, trn/loss_wd 2.49e+02, trn/lr 8.01e-05
[2022-02-22 11:42:57,135][INFO] [Epoch 197/200] Validation: val/acc1 0.9588, val/loss_ce 0.1723
[2022-02-22 11:43:13,660][INFO] [Epoch 198/200] trn/acc1 1.00e+00, trn/loss 1.26e-01, trn/loss_ce 1.46e-03, trn/loss_wd 2.49e+02, trn/lr 4.11e-05
[2022-02-22 11:43:14,077][INFO] [Epoch 198/200] Validation: val/acc1 0.9598, val/loss_ce 0.1713
[2022-02-22 11:43:30,735][INFO] [Epoch 199/200] trn/acc1 1.00e+00, trn/loss 1.26e-01, trn/loss_ce 1.34e-03, trn/loss_wd 2.49e+02, trn/lr 1.52e-05
[2022-02-22 11:43:31,152][INFO] [Epoch 199/200] Validation: val/acc1 0.9578, val/loss_ce 0.1715
[2022-02-22 11:43:46,253][INFO] [Epoch 200/200] trn/acc1 1.00e+00, trn/loss 1.26e-01, trn/loss_ce 1.44e-03, trn/loss_wd 2.49e+02, trn/lr 2.17e-06
[2022-02-22 11:43:46,674][INFO] [Epoch 200/200] Validation: val/acc1 0.9590, val/loss_ce 0.1722
