[2022-02-05 02:40:53,821][INFO] Environments:
------------  ---------------------------------------------------------------------------
sys.platform  linux
Python        3.7.11 (default, Nov 23 2021, 05:29:02) [GCC 7.5.0]
JAX           0.2.27 @/mnt/data1/giung/venvs/jax0.2.27/lib/python3.7/site-packages/jax
jaxlib        0.1.75 @/mnt/data1/giung/venvs/jax0.2.27/lib/python3.7/site-packages/jaxlib
Flax          0.4.0 @/mnt/data1/giung/venvs/jax0.2.27/lib/python3.7/site-packages/flax
Optax         0.1.0 @/mnt/data1/giung/venvs/jax0.2.27/lib/python3.7/site-packages/optax
------------  ---------------------------------------------------------------------------

[2022-02-05 02:40:53,822][INFO] Command line arguments:
Namespace(batch_size=128, config_file='./configs/C10_WRN28x1-BN-ReLU_SGD.yaml', keep_every_n_checkpoints=None, learning_rate=0.1, num_epochs=200, num_warmup_epochs=5, opts=[], output_dir='./outputs/C10_WRN28x1-BN-ReLU/SGD/s42_e200_wd5e-4/', seed=42, weight_decay=0.0005)

[2022-02-05 02:40:53,822][INFO] Using a random seed 42

[2022-02-05 02:40:53,855][INFO] Unable to initialize backend 'tpu_driver': NOT_FOUND: Unable to find driver in registry given worker: 
[2022-02-05 02:40:54,219][INFO] Unable to initialize backend 'tpu': INVALID_ARGUMENT: TpuPlatform is not available.
[2022-02-05 02:41:01,577][INFO] Found no checkpoint files in outputs/C10_WRN28x1-BN-ReLU/SGD/s42_e200_wd5e-4
[2022-02-05 02:41:18,617][INFO] [Epoch   1/200] trn/acc1 2.80e-01, trn/loss 2.67e+00, trn/loss_ce 1.94e+00, trn/loss_wd 1.46e+03, trn/lr 9.97e-03
[2022-02-05 02:41:20,917][INFO] [Epoch   1/200] Validation: val/acc1 0.4126, val/loss_ce 1.5761
[2022-02-05 02:41:24,156][INFO] [Epoch   2/200] trn/acc1 4.78e-01, trn/loss 2.11e+00, trn/loss_ce 1.42e+00, trn/loss_wd 1.38e+03, trn/lr 3.00e-02
[2022-02-05 02:41:27,088][INFO] [Epoch   3/200] trn/acc1 6.00e-01, trn/loss 1.73e+00, trn/loss_ce 1.11e+00, trn/loss_wd 1.25e+03, trn/lr 5.00e-02
[2022-02-05 02:41:30,020][INFO] [Epoch   4/200] trn/acc1 6.64e-01, trn/loss 1.49e+00, trn/loss_ce 9.49e-01, trn/loss_wd 1.09e+03, trn/lr 7.00e-02
[2022-02-05 02:41:32,961][INFO] [Epoch   5/200] trn/acc1 7.04e-01, trn/loss 1.31e+00, trn/loss_ce 8.42e-01, trn/loss_wd 9.37e+02, trn/lr 9.00e-02
[2022-02-05 02:41:35,899][INFO] [Epoch   6/200] trn/acc1 7.40e-01, trn/loss 1.16e+00, trn/loss_ce 7.53e-01, trn/loss_wd 8.14e+02, trn/lr 1.00e-01
[2022-02-05 02:41:38,854][INFO] [Epoch   7/200] trn/acc1 7.61e-01, trn/loss 1.06e+00, trn/loss_ce 6.94e-01, trn/loss_wd 7.28e+02, trn/lr 1.00e-01
[2022-02-05 02:41:41,813][INFO] [Epoch   8/200] trn/acc1 7.73e-01, trn/loss 9.89e-01, trn/loss_ce 6.53e-01, trn/loss_wd 6.72e+02, trn/lr 1.00e-01
[2022-02-05 02:41:44,770][INFO] [Epoch   9/200] trn/acc1 7.87e-01, trn/loss 9.35e-01, trn/loss_ce 6.18e-01, trn/loss_wd 6.36e+02, trn/lr 9.99e-02
[2022-02-05 02:41:47,733][INFO] [Epoch  10/200] trn/acc1 7.93e-01, trn/loss 9.09e-01, trn/loss_ce 6.02e-01, trn/loss_wd 6.13e+02, trn/lr 9.99e-02
[2022-02-05 02:41:50,693][INFO] [Epoch  11/200] trn/acc1 8.02e-01, trn/loss 8.79e-01, trn/loss_ce 5.78e-01, trn/loss_wd 6.02e+02, trn/lr 9.98e-02
[2022-02-05 02:41:53,648][INFO] [Epoch  12/200] trn/acc1 8.06e-01, trn/loss 8.61e-01, trn/loss_ce 5.62e-01, trn/loss_wd 5.98e+02, trn/lr 9.97e-02
[2022-02-05 02:41:56,612][INFO] [Epoch  13/200] trn/acc1 8.11e-01, trn/loss 8.49e-01, trn/loss_ce 5.48e-01, trn/loss_wd 6.01e+02, trn/lr 9.96e-02
[2022-02-05 02:41:59,572][INFO] [Epoch  14/200] trn/acc1 8.17e-01, trn/loss 8.39e-01, trn/loss_ce 5.38e-01, trn/loss_wd 6.00e+02, trn/lr 9.95e-02
[2022-02-05 02:42:02,542][INFO] [Epoch  15/200] trn/acc1 8.19e-01, trn/loss 8.25e-01, trn/loss_ce 5.24e-01, trn/loss_wd 6.03e+02, trn/lr 9.94e-02
[2022-02-05 02:42:05,507][INFO] [Epoch  16/200] trn/acc1 8.25e-01, trn/loss 8.20e-01, trn/loss_ce 5.17e-01, trn/loss_wd 6.06e+02, trn/lr 9.93e-02
[2022-02-05 02:42:08,472][INFO] [Epoch  17/200] trn/acc1 8.26e-01, trn/loss 8.13e-01, trn/loss_ce 5.08e-01, trn/loss_wd 6.11e+02, trn/lr 9.91e-02
[2022-02-05 02:42:11,443][INFO] [Epoch  18/200] trn/acc1 8.29e-01, trn/loss 8.07e-01, trn/loss_ce 5.00e-01, trn/loss_wd 6.15e+02, trn/lr 9.90e-02
[2022-02-05 02:42:14,416][INFO] [Epoch  19/200] trn/acc1 8.29e-01, trn/loss 8.02e-01, trn/loss_ce 4.93e-01, trn/loss_wd 6.17e+02, trn/lr 9.88e-02
[2022-02-05 02:42:17,386][INFO] [Epoch  20/200] trn/acc1 8.35e-01, trn/loss 7.94e-01, trn/loss_ce 4.84e-01, trn/loss_wd 6.19e+02, trn/lr 9.86e-02
[2022-02-05 02:42:17,538][INFO] [Epoch  20/200] Validation: val/acc1 0.7862, val/loss_ce 0.6450
[2022-02-05 02:42:20,654][INFO] [Epoch  21/200] trn/acc1 8.35e-01, trn/loss 7.96e-01, trn/loss_ce 4.83e-01, trn/loss_wd 6.26e+02, trn/lr 9.84e-02
[2022-02-05 02:42:23,629][INFO] [Epoch  22/200] trn/acc1 8.38e-01, trn/loss 7.88e-01, trn/loss_ce 4.74e-01, trn/loss_wd 6.28e+02, trn/lr 9.82e-02
[2022-02-05 02:42:26,602][INFO] [Epoch  23/200] trn/acc1 8.37e-01, trn/loss 7.91e-01, trn/loss_ce 4.75e-01, trn/loss_wd 6.33e+02, trn/lr 9.80e-02
[2022-02-05 02:42:29,668][INFO] [Epoch  24/200] trn/acc1 8.39e-01, trn/loss 7.86e-01, trn/loss_ce 4.68e-01, trn/loss_wd 6.36e+02, trn/lr 9.78e-02
[2022-02-05 02:42:32,649][INFO] [Epoch  25/200] trn/acc1 8.41e-01, trn/loss 7.87e-01, trn/loss_ce 4.68e-01, trn/loss_wd 6.37e+02, trn/lr 9.76e-02
[2022-02-05 02:42:35,632][INFO] [Epoch  26/200] trn/acc1 8.42e-01, trn/loss 7.82e-01, trn/loss_ce 4.62e-01, trn/loss_wd 6.39e+02, trn/lr 9.73e-02
[2022-02-05 02:42:38,613][INFO] [Epoch  27/200] trn/acc1 8.45e-01, trn/loss 7.77e-01, trn/loss_ce 4.56e-01, trn/loss_wd 6.41e+02, trn/lr 9.70e-02
[2022-02-05 02:42:41,604][INFO] [Epoch  28/200] trn/acc1 8.45e-01, trn/loss 7.75e-01, trn/loss_ce 4.53e-01, trn/loss_wd 6.44e+02, trn/lr 9.68e-02
[2022-02-05 02:42:44,584][INFO] [Epoch  29/200] trn/acc1 8.44e-01, trn/loss 7.81e-01, trn/loss_ce 4.58e-01, trn/loss_wd 6.47e+02, trn/lr 9.65e-02
[2022-02-05 02:42:47,559][INFO] [Epoch  30/200] trn/acc1 8.48e-01, trn/loss 7.67e-01, trn/loss_ce 4.44e-01, trn/loss_wd 6.46e+02, trn/lr 9.62e-02
[2022-02-05 02:42:50,537][INFO] [Epoch  31/200] trn/acc1 8.46e-01, trn/loss 7.70e-01, trn/loss_ce 4.46e-01, trn/loss_wd 6.47e+02, trn/lr 9.58e-02
[2022-02-05 02:42:53,520][INFO] [Epoch  32/200] trn/acc1 8.50e-01, trn/loss 7.64e-01, trn/loss_ce 4.39e-01, trn/loss_wd 6.49e+02, trn/lr 9.55e-02
[2022-02-05 02:42:56,507][INFO] [Epoch  33/200] trn/acc1 8.50e-01, trn/loss 7.63e-01, trn/loss_ce 4.39e-01, trn/loss_wd 6.49e+02, trn/lr 9.52e-02
[2022-02-05 02:42:59,498][INFO] [Epoch  34/200] trn/acc1 8.50e-01, trn/loss 7.66e-01, trn/loss_ce 4.41e-01, trn/loss_wd 6.49e+02, trn/lr 9.48e-02
[2022-02-05 02:43:02,477][INFO] [Epoch  35/200] trn/acc1 8.52e-01, trn/loss 7.54e-01, trn/loss_ce 4.31e-01, trn/loss_wd 6.46e+02, trn/lr 9.45e-02
[2022-02-05 02:43:05,468][INFO] [Epoch  36/200] trn/acc1 8.49e-01, trn/loss 7.64e-01, trn/loss_ce 4.39e-01, trn/loss_wd 6.50e+02, trn/lr 9.41e-02
[2022-02-05 02:43:08,463][INFO] [Epoch  37/200] trn/acc1 8.53e-01, trn/loss 7.56e-01, trn/loss_ce 4.31e-01, trn/loss_wd 6.51e+02, trn/lr 9.37e-02
[2022-02-05 02:43:11,444][INFO] [Epoch  38/200] trn/acc1 8.54e-01, trn/loss 7.52e-01, trn/loss_ce 4.25e-01, trn/loss_wd 6.53e+02, trn/lr 9.33e-02
[2022-02-05 02:43:14,425][INFO] [Epoch  39/200] trn/acc1 8.57e-01, trn/loss 7.50e-01, trn/loss_ce 4.23e-01, trn/loss_wd 6.55e+02, trn/lr 9.29e-02
[2022-02-05 02:43:17,406][INFO] [Epoch  40/200] trn/acc1 8.55e-01, trn/loss 7.53e-01, trn/loss_ce 4.25e-01, trn/loss_wd 6.54e+02, trn/lr 9.25e-02
[2022-02-05 02:43:17,559][INFO] [Epoch  40/200] Validation: val/acc1 0.8228, val/loss_ce 0.5164
[2022-02-05 02:43:20,688][INFO] [Epoch  41/200] trn/acc1 8.54e-01, trn/loss 7.53e-01, trn/loss_ce 4.26e-01, trn/loss_wd 6.55e+02, trn/lr 9.20e-02
[2022-02-05 02:43:23,671][INFO] [Epoch  42/200] trn/acc1 8.57e-01, trn/loss 7.46e-01, trn/loss_ce 4.17e-01, trn/loss_wd 6.58e+02, trn/lr 9.16e-02
[2022-02-05 02:43:26,649][INFO] [Epoch  43/200] trn/acc1 8.56e-01, trn/loss 7.46e-01, trn/loss_ce 4.16e-01, trn/loss_wd 6.58e+02, trn/lr 9.11e-02
[2022-02-05 02:43:29,626][INFO] [Epoch  44/200] trn/acc1 8.58e-01, trn/loss 7.42e-01, trn/loss_ce 4.14e-01, trn/loss_wd 6.56e+02, trn/lr 9.07e-02
[2022-02-05 02:43:32,613][INFO] [Epoch  45/200] trn/acc1 8.59e-01, trn/loss 7.40e-01, trn/loss_ce 4.12e-01, trn/loss_wd 6.58e+02, trn/lr 9.02e-02
[2022-02-05 02:43:35,615][INFO] [Epoch  46/200] trn/acc1 8.58e-01, trn/loss 7.40e-01, trn/loss_ce 4.13e-01, trn/loss_wd 6.55e+02, trn/lr 8.97e-02
[2022-02-05 02:43:38,735][INFO] [Epoch  47/200] trn/acc1 8.61e-01, trn/loss 7.37e-01, trn/loss_ce 4.10e-01, trn/loss_wd 6.55e+02, trn/lr 8.92e-02
[2022-02-05 02:43:41,751][INFO] [Epoch  48/200] trn/acc1 8.58e-01, trn/loss 7.34e-01, trn/loss_ce 4.07e-01, trn/loss_wd 6.53e+02, trn/lr 8.87e-02
[2022-02-05 02:43:44,754][INFO] [Epoch  49/200] trn/acc1 8.59e-01, trn/loss 7.37e-01, trn/loss_ce 4.08e-01, trn/loss_wd 6.58e+02, trn/lr 8.82e-02
[2022-02-05 02:43:47,745][INFO] [Epoch  50/200] trn/acc1 8.60e-01, trn/loss 7.35e-01, trn/loss_ce 4.06e-01, trn/loss_wd 6.58e+02, trn/lr 8.77e-02
[2022-02-05 02:43:50,734][INFO] [Epoch  51/200] trn/acc1 8.62e-01, trn/loss 7.26e-01, trn/loss_ce 3.97e-01, trn/loss_wd 6.57e+02, trn/lr 8.72e-02
[2022-02-05 02:43:53,762][INFO] [Epoch  52/200] trn/acc1 8.61e-01, trn/loss 7.27e-01, trn/loss_ce 3.99e-01, trn/loss_wd 6.55e+02, trn/lr 8.66e-02
[2022-02-05 02:43:56,767][INFO] [Epoch  53/200] trn/acc1 8.64e-01, trn/loss 7.23e-01, trn/loss_ce 3.97e-01, trn/loss_wd 6.51e+02, trn/lr 8.61e-02
[2022-02-05 02:43:59,768][INFO] [Epoch  54/200] trn/acc1 8.64e-01, trn/loss 7.23e-01, trn/loss_ce 3.98e-01, trn/loss_wd 6.50e+02, trn/lr 8.55e-02
[2022-02-05 02:44:02,797][INFO] [Epoch  55/200] trn/acc1 8.65e-01, trn/loss 7.18e-01, trn/loss_ce 3.94e-01, trn/loss_wd 6.48e+02, trn/lr 8.49e-02
[2022-02-05 02:44:05,793][INFO] [Epoch  56/200] trn/acc1 8.63e-01, trn/loss 7.21e-01, trn/loss_ce 3.97e-01, trn/loss_wd 6.48e+02, trn/lr 8.43e-02
[2022-02-05 02:44:08,798][INFO] [Epoch  57/200] trn/acc1 8.65e-01, trn/loss 7.16e-01, trn/loss_ce 3.92e-01, trn/loss_wd 6.48e+02, trn/lr 8.38e-02
[2022-02-05 02:44:11,814][INFO] [Epoch  58/200] trn/acc1 8.67e-01, trn/loss 7.10e-01, trn/loss_ce 3.87e-01, trn/loss_wd 6.46e+02, trn/lr 8.32e-02
[2022-02-05 02:44:14,815][INFO] [Epoch  59/200] trn/acc1 8.65e-01, trn/loss 7.12e-01, trn/loss_ce 3.89e-01, trn/loss_wd 6.45e+02, trn/lr 8.25e-02
[2022-02-05 02:44:17,812][INFO] [Epoch  60/200] trn/acc1 8.68e-01, trn/loss 7.07e-01, trn/loss_ce 3.84e-01, trn/loss_wd 6.46e+02, trn/lr 8.19e-02
[2022-02-05 02:44:17,969][INFO] [Epoch  60/200] Validation: val/acc1 0.8268, val/loss_ce 0.4981
[2022-02-05 02:44:21,523][INFO] [Epoch  61/200] trn/acc1 8.68e-01, trn/loss 7.07e-01, trn/loss_ce 3.86e-01, trn/loss_wd 6.44e+02, trn/lr 8.13e-02
[2022-02-05 02:44:24,507][INFO] [Epoch  62/200] trn/acc1 8.69e-01, trn/loss 6.97e-01, trn/loss_ce 3.77e-01, trn/loss_wd 6.40e+02, trn/lr 8.07e-02
[2022-02-05 02:44:27,492][INFO] [Epoch  63/200] trn/acc1 8.69e-01, trn/loss 7.04e-01, trn/loss_ce 3.83e-01, trn/loss_wd 6.42e+02, trn/lr 8.00e-02
[2022-02-05 02:44:30,478][INFO] [Epoch  64/200] trn/acc1 8.71e-01, trn/loss 6.93e-01, trn/loss_ce 3.73e-01, trn/loss_wd 6.41e+02, trn/lr 7.94e-02
[2022-02-05 02:44:33,466][INFO] [Epoch  65/200] trn/acc1 8.73e-01, trn/loss 6.90e-01, trn/loss_ce 3.71e-01, trn/loss_wd 6.38e+02, trn/lr 7.87e-02
[2022-02-05 02:44:36,451][INFO] [Epoch  66/200] trn/acc1 8.72e-01, trn/loss 6.90e-01, trn/loss_ce 3.73e-01, trn/loss_wd 6.33e+02, trn/lr 7.81e-02
[2022-02-05 02:44:39,445][INFO] [Epoch  67/200] trn/acc1 8.71e-01, trn/loss 6.94e-01, trn/loss_ce 3.77e-01, trn/loss_wd 6.34e+02, trn/lr 7.74e-02
[2022-02-05 02:44:42,436][INFO] [Epoch  68/200] trn/acc1 8.71e-01, trn/loss 6.93e-01, trn/loss_ce 3.75e-01, trn/loss_wd 6.36e+02, trn/lr 7.67e-02
[2022-02-05 02:44:45,439][INFO] [Epoch  69/200] trn/acc1 8.72e-01, trn/loss 6.88e-01, trn/loss_ce 3.70e-01, trn/loss_wd 6.35e+02, trn/lr 7.60e-02
[2022-02-05 02:44:48,534][INFO] [Epoch  70/200] trn/acc1 8.74e-01, trn/loss 6.81e-01, trn/loss_ce 3.65e-01, trn/loss_wd 6.32e+02, trn/lr 7.53e-02
[2022-02-05 02:44:51,529][INFO] [Epoch  71/200] trn/acc1 8.74e-01, trn/loss 6.82e-01, trn/loss_ce 3.65e-01, trn/loss_wd 6.33e+02, trn/lr 7.47e-02
[2022-02-05 02:44:54,520][INFO] [Epoch  72/200] trn/acc1 8.76e-01, trn/loss 6.75e-01, trn/loss_ce 3.61e-01, trn/loss_wd 6.30e+02, trn/lr 7.39e-02
[2022-02-05 02:44:57,519][INFO] [Epoch  73/200] trn/acc1 8.77e-01, trn/loss 6.73e-01, trn/loss_ce 3.60e-01, trn/loss_wd 6.27e+02, trn/lr 7.32e-02
[2022-02-05 02:45:00,510][INFO] [Epoch  74/200] trn/acc1 8.75e-01, trn/loss 6.75e-01, trn/loss_ce 3.63e-01, trn/loss_wd 6.25e+02, trn/lr 7.25e-02
[2022-02-05 02:45:03,507][INFO] [Epoch  75/200] trn/acc1 8.79e-01, trn/loss 6.65e-01, trn/loss_ce 3.52e-01, trn/loss_wd 6.25e+02, trn/lr 7.18e-02
[2022-02-05 02:45:06,511][INFO] [Epoch  76/200] trn/acc1 8.78e-01, trn/loss 6.68e-01, trn/loss_ce 3.56e-01, trn/loss_wd 6.26e+02, trn/lr 7.11e-02
[2022-02-05 02:45:09,507][INFO] [Epoch  77/200] trn/acc1 8.78e-01, trn/loss 6.65e-01, trn/loss_ce 3.53e-01, trn/loss_wd 6.25e+02, trn/lr 7.03e-02
[2022-02-05 02:45:12,506][INFO] [Epoch  78/200] trn/acc1 8.78e-01, trn/loss 6.63e-01, trn/loss_ce 3.51e-01, trn/loss_wd 6.23e+02, trn/lr 6.96e-02
[2022-02-05 02:45:15,501][INFO] [Epoch  79/200] trn/acc1 8.82e-01, trn/loss 6.54e-01, trn/loss_ce 3.45e-01, trn/loss_wd 6.20e+02, trn/lr 6.89e-02
[2022-02-05 02:45:18,497][INFO] [Epoch  80/200] trn/acc1 8.79e-01, trn/loss 6.58e-01, trn/loss_ce 3.49e-01, trn/loss_wd 6.18e+02, trn/lr 6.81e-02
[2022-02-05 02:45:18,650][INFO] [Epoch  80/200] Validation: val/acc1 0.7644, val/loss_ce 0.7404
[2022-02-05 02:45:21,693][INFO] [Epoch  81/200] trn/acc1 8.81e-01, trn/loss 6.51e-01, trn/loss_ce 3.43e-01, trn/loss_wd 6.16e+02, trn/lr 6.74e-02
[2022-02-05 02:45:24,680][INFO] [Epoch  82/200] trn/acc1 8.82e-01, trn/loss 6.50e-01, trn/loss_ce 3.43e-01, trn/loss_wd 6.15e+02, trn/lr 6.66e-02
[2022-02-05 02:45:27,670][INFO] [Epoch  83/200] trn/acc1 8.83e-01, trn/loss 6.45e-01, trn/loss_ce 3.40e-01, trn/loss_wd 6.12e+02, trn/lr 6.58e-02
[2022-02-05 02:45:30,666][INFO] [Epoch  84/200] trn/acc1 8.85e-01, trn/loss 6.42e-01, trn/loss_ce 3.37e-01, trn/loss_wd 6.10e+02, trn/lr 6.51e-02
[2022-02-05 02:45:33,660][INFO] [Epoch  85/200] trn/acc1 8.88e-01, trn/loss 6.34e-01, trn/loss_ce 3.31e-01, trn/loss_wd 6.05e+02, trn/lr 6.43e-02
[2022-02-05 02:45:36,653][INFO] [Epoch  86/200] trn/acc1 8.86e-01, trn/loss 6.34e-01, trn/loss_ce 3.32e-01, trn/loss_wd 6.04e+02, trn/lr 6.35e-02
[2022-02-05 02:45:39,655][INFO] [Epoch  87/200] trn/acc1 8.86e-01, trn/loss 6.33e-01, trn/loss_ce 3.32e-01, trn/loss_wd 6.03e+02, trn/lr 6.27e-02
[2022-02-05 02:45:42,654][INFO] [Epoch  88/200] trn/acc1 8.88e-01, trn/loss 6.26e-01, trn/loss_ce 3.26e-01, trn/loss_wd 6.00e+02, trn/lr 6.20e-02
[2022-02-05 02:45:45,648][INFO] [Epoch  89/200] trn/acc1 8.88e-01, trn/loss 6.25e-01, trn/loss_ce 3.26e-01, trn/loss_wd 5.98e+02, trn/lr 6.12e-02
[2022-02-05 02:45:48,645][INFO] [Epoch  90/200] trn/acc1 8.89e-01, trn/loss 6.22e-01, trn/loss_ce 3.23e-01, trn/loss_wd 5.96e+02, trn/lr 6.04e-02
[2022-02-05 02:45:51,636][INFO] [Epoch  91/200] trn/acc1 8.90e-01, trn/loss 6.19e-01, trn/loss_ce 3.22e-01, trn/loss_wd 5.93e+02, trn/lr 5.96e-02
[2022-02-05 02:45:54,633][INFO] [Epoch  92/200] trn/acc1 8.91e-01, trn/loss 6.13e-01, trn/loss_ce 3.18e-01, trn/loss_wd 5.91e+02, trn/lr 5.88e-02
[2022-02-05 02:45:57,633][INFO] [Epoch  93/200] trn/acc1 8.90e-01, trn/loss 6.10e-01, trn/loss_ce 3.16e-01, trn/loss_wd 5.88e+02, trn/lr 5.80e-02
[2022-02-05 02:46:00,766][INFO] [Epoch  94/200] trn/acc1 8.91e-01, trn/loss 6.10e-01, trn/loss_ce 3.17e-01, trn/loss_wd 5.88e+02, trn/lr 5.72e-02
[2022-02-05 02:46:03,769][INFO] [Epoch  95/200] trn/acc1 8.94e-01, trn/loss 5.98e-01, trn/loss_ce 3.06e-01, trn/loss_wd 5.85e+02, trn/lr 5.64e-02
[2022-02-05 02:46:06,765][INFO] [Epoch  96/200] trn/acc1 8.94e-01, trn/loss 6.00e-01, trn/loss_ce 3.09e-01, trn/loss_wd 5.83e+02, trn/lr 5.56e-02
[2022-02-05 02:46:09,763][INFO] [Epoch  97/200] trn/acc1 8.95e-01, trn/loss 5.95e-01, trn/loss_ce 3.05e-01, trn/loss_wd 5.81e+02, trn/lr 5.48e-02
[2022-02-05 02:46:12,766][INFO] [Epoch  98/200] trn/acc1 8.95e-01, trn/loss 5.91e-01, trn/loss_ce 3.01e-01, trn/loss_wd 5.79e+02, trn/lr 5.40e-02
[2022-02-05 02:46:15,765][INFO] [Epoch  99/200] trn/acc1 8.97e-01, trn/loss 5.86e-01, trn/loss_ce 2.97e-01, trn/loss_wd 5.78e+02, trn/lr 5.32e-02
[2022-02-05 02:46:18,759][INFO] [Epoch 100/200] trn/acc1 8.98e-01, trn/loss 5.81e-01, trn/loss_ce 2.93e-01, trn/loss_wd 5.75e+02, trn/lr 5.24e-02
[2022-02-05 02:46:18,916][INFO] [Epoch 100/200] Validation: val/acc1 0.8420, val/loss_ce 0.5237
[2022-02-05 02:46:22,207][INFO] [Epoch 101/200] trn/acc1 8.98e-01, trn/loss 5.83e-01, trn/loss_ce 2.96e-01, trn/loss_wd 5.74e+02, trn/lr 5.16e-02
[2022-02-05 02:46:25,206][INFO] [Epoch 102/200] trn/acc1 8.98e-01, trn/loss 5.80e-01, trn/loss_ce 2.94e-01, trn/loss_wd 5.71e+02, trn/lr 5.08e-02
[2022-02-05 02:46:28,201][INFO] [Epoch 103/200] trn/acc1 8.97e-01, trn/loss 5.80e-01, trn/loss_ce 2.95e-01, trn/loss_wd 5.71e+02, trn/lr 5.00e-02
[2022-02-05 02:46:31,200][INFO] [Epoch 104/200] trn/acc1 9.00e-01, trn/loss 5.74e-01, trn/loss_ce 2.89e-01, trn/loss_wd 5.69e+02, trn/lr 4.92e-02
[2022-02-05 02:46:34,195][INFO] [Epoch 105/200] trn/acc1 9.00e-01, trn/loss 5.73e-01, trn/loss_ce 2.89e-01, trn/loss_wd 5.67e+02, trn/lr 4.84e-02
[2022-02-05 02:46:37,191][INFO] [Epoch 106/200] trn/acc1 9.03e-01, trn/loss 5.61e-01, trn/loss_ce 2.79e-01, trn/loss_wd 5.63e+02, trn/lr 4.76e-02
[2022-02-05 02:46:40,181][INFO] [Epoch 107/200] trn/acc1 9.03e-01, trn/loss 5.61e-01, trn/loss_ce 2.81e-01, trn/loss_wd 5.59e+02, trn/lr 4.68e-02
[2022-02-05 02:46:43,187][INFO] [Epoch 108/200] trn/acc1 9.05e-01, trn/loss 5.55e-01, trn/loss_ce 2.77e-01, trn/loss_wd 5.55e+02, trn/lr 4.60e-02
[2022-02-05 02:46:46,172][INFO] [Epoch 109/200] trn/acc1 9.06e-01, trn/loss 5.47e-01, trn/loss_ce 2.71e-01, trn/loss_wd 5.51e+02, trn/lr 4.52e-02
[2022-02-05 02:46:49,164][INFO] [Epoch 110/200] trn/acc1 9.05e-01, trn/loss 5.47e-01, trn/loss_ce 2.72e-01, trn/loss_wd 5.49e+02, trn/lr 4.44e-02
[2022-02-05 02:46:52,158][INFO] [Epoch 111/200] trn/acc1 9.07e-01, trn/loss 5.44e-01, trn/loss_ce 2.70e-01, trn/loss_wd 5.48e+02, trn/lr 4.36e-02
[2022-02-05 02:46:55,143][INFO] [Epoch 112/200] trn/acc1 9.08e-01, trn/loss 5.41e-01, trn/loss_ce 2.67e-01, trn/loss_wd 5.47e+02, trn/lr 4.28e-02
[2022-02-05 02:46:58,125][INFO] [Epoch 113/200] trn/acc1 9.09e-01, trn/loss 5.35e-01, trn/loss_ce 2.63e-01, trn/loss_wd 5.44e+02, trn/lr 4.20e-02
[2022-02-05 02:47:01,111][INFO] [Epoch 114/200] trn/acc1 9.12e-01, trn/loss 5.25e-01, trn/loss_ce 2.54e-01, trn/loss_wd 5.42e+02, trn/lr 4.12e-02
[2022-02-05 02:47:04,102][INFO] [Epoch 115/200] trn/acc1 9.12e-01, trn/loss 5.24e-01, trn/loss_ce 2.55e-01, trn/loss_wd 5.38e+02, trn/lr 4.04e-02
[2022-02-05 02:47:07,089][INFO] [Epoch 116/200] trn/acc1 9.12e-01, trn/loss 5.24e-01, trn/loss_ce 2.56e-01, trn/loss_wd 5.36e+02, trn/lr 3.96e-02
[2022-02-05 02:47:10,182][INFO] [Epoch 117/200] trn/acc1 9.13e-01, trn/loss 5.18e-01, trn/loss_ce 2.51e-01, trn/loss_wd 5.34e+02, trn/lr 3.88e-02
[2022-02-05 02:47:13,168][INFO] [Epoch 118/200] trn/acc1 9.15e-01, trn/loss 5.11e-01, trn/loss_ce 2.46e-01, trn/loss_wd 5.30e+02, trn/lr 3.80e-02
[2022-02-05 02:47:16,151][INFO] [Epoch 119/200] trn/acc1 9.15e-01, trn/loss 5.07e-01, trn/loss_ce 2.43e-01, trn/loss_wd 5.28e+02, trn/lr 3.73e-02
[2022-02-05 02:47:19,132][INFO] [Epoch 120/200] trn/acc1 9.16e-01, trn/loss 5.05e-01, trn/loss_ce 2.42e-01, trn/loss_wd 5.25e+02, trn/lr 3.65e-02
[2022-02-05 02:47:19,287][INFO] [Epoch 120/200] Validation: val/acc1 0.8602, val/loss_ce 0.4492
[2022-02-05 02:47:22,838][INFO] [Epoch 121/200] trn/acc1 9.17e-01, trn/loss 4.99e-01, trn/loss_ce 2.38e-01, trn/loss_wd 5.22e+02, trn/lr 3.57e-02
[2022-02-05 02:47:25,869][INFO] [Epoch 122/200] trn/acc1 9.19e-01, trn/loss 4.92e-01, trn/loss_ce 2.33e-01, trn/loss_wd 5.19e+02, trn/lr 3.49e-02
[2022-02-05 02:47:28,851][INFO] [Epoch 123/200] trn/acc1 9.19e-01, trn/loss 4.91e-01, trn/loss_ce 2.33e-01, trn/loss_wd 5.17e+02, trn/lr 3.42e-02
[2022-02-05 02:47:31,844][INFO] [Epoch 124/200] trn/acc1 9.23e-01, trn/loss 4.85e-01, trn/loss_ce 2.28e-01, trn/loss_wd 5.13e+02, trn/lr 3.34e-02
[2022-02-05 02:47:34,823][INFO] [Epoch 125/200] trn/acc1 9.25e-01, trn/loss 4.75e-01, trn/loss_ce 2.20e-01, trn/loss_wd 5.09e+02, trn/lr 3.26e-02
[2022-02-05 02:47:37,812][INFO] [Epoch 126/200] trn/acc1 9.23e-01, trn/loss 4.74e-01, trn/loss_ce 2.21e-01, trn/loss_wd 5.07e+02, trn/lr 3.19e-02
[2022-02-05 02:47:40,800][INFO] [Epoch 127/200] trn/acc1 9.26e-01, trn/loss 4.64e-01, trn/loss_ce 2.12e-01, trn/loss_wd 5.03e+02, trn/lr 3.11e-02
[2022-02-05 02:47:43,788][INFO] [Epoch 128/200] trn/acc1 9.27e-01, trn/loss 4.64e-01, trn/loss_ce 2.15e-01, trn/loss_wd 4.99e+02, trn/lr 3.04e-02
[2022-02-05 02:47:46,792][INFO] [Epoch 129/200] trn/acc1 9.27e-01, trn/loss 4.57e-01, trn/loss_ce 2.10e-01, trn/loss_wd 4.95e+02, trn/lr 2.97e-02
[2022-02-05 02:47:49,797][INFO] [Epoch 130/200] trn/acc1 9.29e-01, trn/loss 4.49e-01, trn/loss_ce 2.03e-01, trn/loss_wd 4.91e+02, trn/lr 2.89e-02
[2022-02-05 02:47:52,801][INFO] [Epoch 131/200] trn/acc1 9.31e-01, trn/loss 4.45e-01, trn/loss_ce 2.02e-01, trn/loss_wd 4.88e+02, trn/lr 2.82e-02
[2022-02-05 02:47:55,800][INFO] [Epoch 132/200] trn/acc1 9.31e-01, trn/loss 4.43e-01, trn/loss_ce 2.01e-01, trn/loss_wd 4.84e+02, trn/lr 2.75e-02
[2022-02-05 02:47:58,813][INFO] [Epoch 133/200] trn/acc1 9.31e-01, trn/loss 4.41e-01, trn/loss_ce 2.00e-01, trn/loss_wd 4.81e+02, trn/lr 2.68e-02
[2022-02-05 02:48:01,822][INFO] [Epoch 134/200] trn/acc1 9.33e-01, trn/loss 4.31e-01, trn/loss_ce 1.92e-01, trn/loss_wd 4.78e+02, trn/lr 2.61e-02
[2022-02-05 02:48:04,834][INFO] [Epoch 135/200] trn/acc1 9.34e-01, trn/loss 4.29e-01, trn/loss_ce 1.92e-01, trn/loss_wd 4.75e+02, trn/lr 2.54e-02
[2022-02-05 02:48:07,845][INFO] [Epoch 136/200] trn/acc1 9.37e-01, trn/loss 4.19e-01, trn/loss_ce 1.83e-01, trn/loss_wd 4.72e+02, trn/lr 2.47e-02
[2022-02-05 02:48:10,847][INFO] [Epoch 137/200] trn/acc1 9.37e-01, trn/loss 4.16e-01, trn/loss_ce 1.82e-01, trn/loss_wd 4.68e+02, trn/lr 2.40e-02
[2022-02-05 02:48:13,865][INFO] [Epoch 138/200] trn/acc1 9.40e-01, trn/loss 4.10e-01, trn/loss_ce 1.78e-01, trn/loss_wd 4.64e+02, trn/lr 2.33e-02
[2022-02-05 02:48:16,849][INFO] [Epoch 139/200] trn/acc1 9.41e-01, trn/loss 4.02e-01, trn/loss_ce 1.72e-01, trn/loss_wd 4.61e+02, trn/lr 2.26e-02
[2022-02-05 02:48:19,840][INFO] [Epoch 140/200] trn/acc1 9.41e-01, trn/loss 4.00e-01, trn/loss_ce 1.71e-01, trn/loss_wd 4.58e+02, trn/lr 2.19e-02
[2022-02-05 02:48:19,997][INFO] [Epoch 140/200] Validation: val/acc1 0.9014, val/loss_ce 0.3111
[2022-02-05 02:48:23,239][INFO] [Epoch 141/200] trn/acc1 9.42e-01, trn/loss 3.94e-01, trn/loss_ce 1.67e-01, trn/loss_wd 4.54e+02, trn/lr 2.13e-02
[2022-02-05 02:48:26,230][INFO] [Epoch 142/200] trn/acc1 9.44e-01, trn/loss 3.89e-01, trn/loss_ce 1.64e-01, trn/loss_wd 4.51e+02, trn/lr 2.06e-02
[2022-02-05 02:48:29,218][INFO] [Epoch 143/200] trn/acc1 9.47e-01, trn/loss 3.79e-01, trn/loss_ce 1.56e-01, trn/loss_wd 4.47e+02, trn/lr 2.00e-02
[2022-02-05 02:48:32,206][INFO] [Epoch 144/200] trn/acc1 9.46e-01, trn/loss 3.78e-01, trn/loss_ce 1.56e-01, trn/loss_wd 4.44e+02, trn/lr 1.93e-02
[2022-02-05 02:48:35,196][INFO] [Epoch 145/200] trn/acc1 9.50e-01, trn/loss 3.69e-01, trn/loss_ce 1.49e-01, trn/loss_wd 4.40e+02, trn/lr 1.87e-02
[2022-02-05 02:48:38,177][INFO] [Epoch 146/200] trn/acc1 9.52e-01, trn/loss 3.59e-01, trn/loss_ce 1.41e-01, trn/loss_wd 4.36e+02, trn/lr 1.81e-02
[2022-02-05 02:48:41,168][INFO] [Epoch 147/200] trn/acc1 9.50e-01, trn/loss 3.61e-01, trn/loss_ce 1.44e-01, trn/loss_wd 4.33e+02, trn/lr 1.75e-02
[2022-02-05 02:48:44,167][INFO] [Epoch 148/200] trn/acc1 9.53e-01, trn/loss 3.50e-01, trn/loss_ce 1.35e-01, trn/loss_wd 4.29e+02, trn/lr 1.68e-02
[2022-02-05 02:48:47,155][INFO] [Epoch 149/200] trn/acc1 9.55e-01, trn/loss 3.45e-01, trn/loss_ce 1.32e-01, trn/loss_wd 4.25e+02, trn/lr 1.62e-02
[2022-02-05 02:48:50,157][INFO] [Epoch 150/200] trn/acc1 9.56e-01, trn/loss 3.38e-01, trn/loss_ce 1.28e-01, trn/loss_wd 4.21e+02, trn/lr 1.57e-02
[2022-02-05 02:48:53,153][INFO] [Epoch 151/200] trn/acc1 9.55e-01, trn/loss 3.40e-01, trn/loss_ce 1.31e-01, trn/loss_wd 4.17e+02, trn/lr 1.51e-02
[2022-02-05 02:48:56,152][INFO] [Epoch 152/200] trn/acc1 9.59e-01, trn/loss 3.25e-01, trn/loss_ce 1.18e-01, trn/loss_wd 4.13e+02, trn/lr 1.45e-02
[2022-02-05 02:48:59,133][INFO] [Epoch 153/200] trn/acc1 9.59e-01, trn/loss 3.22e-01, trn/loss_ce 1.17e-01, trn/loss_wd 4.09e+02, trn/lr 1.39e-02
[2022-02-05 02:49:02,131][INFO] [Epoch 154/200] trn/acc1 9.62e-01, trn/loss 3.14e-01, trn/loss_ce 1.12e-01, trn/loss_wd 4.05e+02, trn/lr 1.34e-02
[2022-02-05 02:49:05,116][INFO] [Epoch 155/200] trn/acc1 9.63e-01, trn/loss 3.08e-01, trn/loss_ce 1.07e-01, trn/loss_wd 4.01e+02, trn/lr 1.28e-02
[2022-02-05 02:49:08,101][INFO] [Epoch 156/200] trn/acc1 9.65e-01, trn/loss 3.02e-01, trn/loss_ce 1.04e-01, trn/loss_wd 3.97e+02, trn/lr 1.23e-02
[2022-02-05 02:49:11,100][INFO] [Epoch 157/200] trn/acc1 9.66e-01, trn/loss 2.98e-01, trn/loss_ce 1.01e-01, trn/loss_wd 3.93e+02, trn/lr 1.18e-02
[2022-02-05 02:49:14,134][INFO] [Epoch 158/200] trn/acc1 9.68e-01, trn/loss 2.89e-01, trn/loss_ce 9.47e-02, trn/loss_wd 3.90e+02, trn/lr 1.13e-02
[2022-02-05 02:49:17,132][INFO] [Epoch 159/200] trn/acc1 9.70e-01, trn/loss 2.81e-01, trn/loss_ce 8.88e-02, trn/loss_wd 3.85e+02, trn/lr 1.08e-02
[2022-02-05 02:49:20,118][INFO] [Epoch 160/200] trn/acc1 9.73e-01, trn/loss 2.72e-01, trn/loss_ce 8.11e-02, trn/loss_wd 3.81e+02, trn/lr 1.03e-02
[2022-02-05 02:49:20,270][INFO] [Epoch 160/200] Validation: val/acc1 0.9078, val/loss_ce 0.3122
[2022-02-05 02:49:23,335][INFO] [Epoch 161/200] trn/acc1 9.73e-01, trn/loss 2.70e-01, trn/loss_ce 8.15e-02, trn/loss_wd 3.77e+02, trn/lr 9.79e-03
[2022-02-05 02:49:26,316][INFO] [Epoch 162/200] trn/acc1 9.77e-01, trn/loss 2.60e-01, trn/loss_ce 7.38e-02, trn/loss_wd 3.72e+02, trn/lr 9.31e-03
[2022-02-05 02:49:29,392][INFO] [Epoch 163/200] trn/acc1 9.76e-01, trn/loss 2.56e-01, trn/loss_ce 7.20e-02, trn/loss_wd 3.68e+02, trn/lr 8.85e-03
[2022-02-05 02:49:32,370][INFO] [Epoch 164/200] trn/acc1 9.77e-01, trn/loss 2.52e-01, trn/loss_ce 6.94e-02, trn/loss_wd 3.64e+02, trn/lr 8.40e-03
[2022-02-05 02:49:35,360][INFO] [Epoch 165/200] trn/acc1 9.79e-01, trn/loss 2.45e-01, trn/loss_ce 6.51e-02, trn/loss_wd 3.60e+02, trn/lr 7.96e-03
[2022-02-05 02:49:38,348][INFO] [Epoch 166/200] trn/acc1 9.83e-01, trn/loss 2.33e-01, trn/loss_ce 5.49e-02, trn/loss_wd 3.56e+02, trn/lr 7.53e-03
[2022-02-05 02:49:41,330][INFO] [Epoch 167/200] trn/acc1 9.82e-01, trn/loss 2.30e-01, trn/loss_ce 5.43e-02, trn/loss_wd 3.52e+02, trn/lr 7.11e-03
[2022-02-05 02:49:44,315][INFO] [Epoch 168/200] trn/acc1 9.85e-01, trn/loss 2.25e-01, trn/loss_ce 5.11e-02, trn/loss_wd 3.48e+02, trn/lr 6.70e-03
[2022-02-05 02:49:47,300][INFO] [Epoch 169/200] trn/acc1 9.86e-01, trn/loss 2.17e-01, trn/loss_ce 4.52e-02, trn/loss_wd 3.44e+02, trn/lr 6.30e-03
[2022-02-05 02:49:50,295][INFO] [Epoch 170/200] trn/acc1 9.86e-01, trn/loss 2.15e-01, trn/loss_ce 4.52e-02, trn/loss_wd 3.40e+02, trn/lr 5.92e-03
[2022-02-05 02:49:53,279][INFO] [Epoch 171/200] trn/acc1 9.89e-01, trn/loss 2.07e-01, trn/loss_ce 3.89e-02, trn/loss_wd 3.37e+02, trn/lr 5.54e-03
[2022-02-05 02:49:56,267][INFO] [Epoch 172/200] trn/acc1 9.90e-01, trn/loss 2.03e-01, trn/loss_ce 3.63e-02, trn/loss_wd 3.33e+02, trn/lr 5.18e-03
[2022-02-05 02:49:59,259][INFO] [Epoch 173/200] trn/acc1 9.91e-01, trn/loss 1.99e-01, trn/loss_ce 3.44e-02, trn/loss_wd 3.30e+02, trn/lr 4.83e-03
[2022-02-05 02:50:02,248][INFO] [Epoch 174/200] trn/acc1 9.91e-01, trn/loss 1.93e-01, trn/loss_ce 3.01e-02, trn/loss_wd 3.26e+02, trn/lr 4.49e-03
[2022-02-05 02:50:05,229][INFO] [Epoch 175/200] trn/acc1 9.93e-01, trn/loss 1.89e-01, trn/loss_ce 2.71e-02, trn/loss_wd 3.23e+02, trn/lr 4.16e-03
[2022-02-05 02:50:08,217][INFO] [Epoch 176/200] trn/acc1 9.93e-01, trn/loss 1.87e-01, trn/loss_ce 2.68e-02, trn/loss_wd 3.20e+02, trn/lr 3.85e-03
[2022-02-05 02:50:11,201][INFO] [Epoch 177/200] trn/acc1 9.95e-01, trn/loss 1.81e-01, trn/loss_ce 2.26e-02, trn/loss_wd 3.17e+02, trn/lr 3.54e-03
[2022-02-05 02:50:14,209][INFO] [Epoch 178/200] trn/acc1 9.95e-01, trn/loss 1.78e-01, trn/loss_ce 2.08e-02, trn/loss_wd 3.15e+02, trn/lr 3.25e-03
[2022-02-05 02:50:17,205][INFO] [Epoch 179/200] trn/acc1 9.96e-01, trn/loss 1.74e-01, trn/loss_ce 1.83e-02, trn/loss_wd 3.12e+02, trn/lr 2.97e-03
[2022-02-05 02:50:20,197][INFO] [Epoch 180/200] trn/acc1 9.96e-01, trn/loss 1.72e-01, trn/loss_ce 1.68e-02, trn/loss_wd 3.10e+02, trn/lr 2.70e-03
[2022-02-05 02:50:20,350][INFO] [Epoch 180/200] Validation: val/acc1 0.9306, val/loss_ce 0.2625
[2022-02-05 02:50:23,691][INFO] [Epoch 181/200] trn/acc1 9.97e-01, trn/loss 1.70e-01, trn/loss_ce 1.61e-02, trn/loss_wd 3.08e+02, trn/lr 2.45e-03
[2022-02-05 02:50:23,842][INFO] [Epoch 181/200] Validation: val/acc1 0.9268, val/loss_ce 0.2664
[2022-02-05 02:50:26,868][INFO] [Epoch 182/200] trn/acc1 9.97e-01, trn/loss 1.68e-01, trn/loss_ce 1.49e-02, trn/loss_wd 3.06e+02, trn/lr 2.21e-03
[2022-02-05 02:50:27,021][INFO] [Epoch 182/200] Validation: val/acc1 0.9280, val/loss_ce 0.2727
[2022-02-05 02:50:30,057][INFO] [Epoch 183/200] trn/acc1 9.98e-01, trn/loss 1.66e-01, trn/loss_ce 1.42e-02, trn/loss_wd 3.04e+02, trn/lr 1.97e-03
[2022-02-05 02:50:30,208][INFO] [Epoch 183/200] Validation: val/acc1 0.9296, val/loss_ce 0.2697
[2022-02-05 02:50:33,445][INFO] [Epoch 184/200] trn/acc1 9.97e-01, trn/loss 1.64e-01, trn/loss_ce 1.31e-02, trn/loss_wd 3.02e+02, trn/lr 1.76e-03
[2022-02-05 02:50:33,596][INFO] [Epoch 184/200] Validation: val/acc1 0.9270, val/loss_ce 0.2681
[2022-02-05 02:50:36,623][INFO] [Epoch 185/200] trn/acc1 9.98e-01, trn/loss 1.63e-01, trn/loss_ce 1.24e-02, trn/loss_wd 3.01e+02, trn/lr 1.55e-03
[2022-02-05 02:50:36,775][INFO] [Epoch 185/200] Validation: val/acc1 0.9278, val/loss_ce 0.2659
[2022-02-05 02:50:39,803][INFO] [Epoch 186/200] trn/acc1 9.98e-01, trn/loss 1.62e-01, trn/loss_ce 1.17e-02, trn/loss_wd 3.00e+02, trn/lr 1.36e-03
[2022-02-05 02:50:39,955][INFO] [Epoch 186/200] Validation: val/acc1 0.9312, val/loss_ce 0.2642
[2022-02-05 02:50:43,124][INFO] [Epoch 187/200] trn/acc1 9.98e-01, trn/loss 1.61e-01, trn/loss_ce 1.15e-02, trn/loss_wd 2.99e+02, trn/lr 1.18e-03
[2022-02-05 02:50:43,276][INFO] [Epoch 187/200] Validation: val/acc1 0.9302, val/loss_ce 0.2677
[2022-02-05 02:50:46,307][INFO] [Epoch 188/200] trn/acc1 9.98e-01, trn/loss 1.60e-01, trn/loss_ce 1.15e-02, trn/loss_wd 2.98e+02, trn/lr 1.01e-03
[2022-02-05 02:50:46,459][INFO] [Epoch 188/200] Validation: val/acc1 0.9296, val/loss_ce 0.2677
[2022-02-05 02:50:49,500][INFO] [Epoch 189/200] trn/acc1 9.99e-01, trn/loss 1.59e-01, trn/loss_ce 1.08e-02, trn/loss_wd 2.97e+02, trn/lr 8.56e-04
[2022-02-05 02:50:49,651][INFO] [Epoch 189/200] Validation: val/acc1 0.9302, val/loss_ce 0.2654
[2022-02-05 02:50:52,685][INFO] [Epoch 190/200] trn/acc1 9.98e-01, trn/loss 1.59e-01, trn/loss_ce 1.06e-02, trn/loss_wd 2.96e+02, trn/lr 7.14e-04
[2022-02-05 02:50:52,836][INFO] [Epoch 190/200] Validation: val/acc1 0.9298, val/loss_ce 0.2646
[2022-02-05 02:50:55,873][INFO] [Epoch 191/200] trn/acc1 9.98e-01, trn/loss 1.59e-01, trn/loss_ce 1.07e-02, trn/loss_wd 2.96e+02, trn/lr 5.85e-04
[2022-02-05 02:50:56,028][INFO] [Epoch 191/200] Validation: val/acc1 0.9310, val/loss_ce 0.2639
[2022-02-05 02:50:59,082][INFO] [Epoch 192/200] trn/acc1 9.99e-01, trn/loss 1.58e-01, trn/loss_ce 1.01e-02, trn/loss_wd 2.95e+02, trn/lr 4.69e-04
[2022-02-05 02:50:59,237][INFO] [Epoch 192/200] Validation: val/acc1 0.9316, val/loss_ce 0.2658
[2022-02-05 02:51:02,328][INFO] [Epoch 193/200] trn/acc1 9.98e-01, trn/loss 1.58e-01, trn/loss_ce 1.05e-02, trn/loss_wd 2.95e+02, trn/lr 3.65e-04
[2022-02-05 02:51:02,483][INFO] [Epoch 193/200] Validation: val/acc1 0.9316, val/loss_ce 0.2653
[2022-02-05 02:51:05,561][INFO] [Epoch 194/200] trn/acc1 9.99e-01, trn/loss 1.57e-01, trn/loss_ce 9.88e-03, trn/loss_wd 2.95e+02, trn/lr 2.75e-04
[2022-02-05 02:51:05,715][INFO] [Epoch 194/200] Validation: val/acc1 0.9304, val/loss_ce 0.2668
[2022-02-05 02:51:08,966][INFO] [Epoch 195/200] trn/acc1 9.99e-01, trn/loss 1.57e-01, trn/loss_ce 9.47e-03, trn/loss_wd 2.94e+02, trn/lr 1.97e-04
[2022-02-05 02:51:09,120][INFO] [Epoch 195/200] Validation: val/acc1 0.9316, val/loss_ce 0.2624
[2022-02-05 02:51:12,188][INFO] [Epoch 196/200] trn/acc1 9.99e-01, trn/loss 1.57e-01, trn/loss_ce 9.57e-03, trn/loss_wd 2.94e+02, trn/lr 1.32e-04
[2022-02-05 02:51:12,342][INFO] [Epoch 196/200] Validation: val/acc1 0.9318, val/loss_ce 0.2608
[2022-02-05 02:51:15,482][INFO] [Epoch 197/200] trn/acc1 9.99e-01, trn/loss 1.56e-01, trn/loss_ce 9.42e-03, trn/loss_wd 2.94e+02, trn/lr 8.01e-05
[2022-02-05 02:51:15,634][INFO] [Epoch 197/200] Validation: val/acc1 0.9310, val/loss_ce 0.2635
[2022-02-05 02:51:18,668][INFO] [Epoch 198/200] trn/acc1 9.99e-01, trn/loss 1.56e-01, trn/loss_ce 9.45e-03, trn/loss_wd 2.94e+02, trn/lr 4.11e-05
[2022-02-05 02:51:18,829][INFO] [Epoch 198/200] Validation: val/acc1 0.9310, val/loss_ce 0.2621
[2022-02-05 02:51:21,874][INFO] [Epoch 199/200] trn/acc1 9.99e-01, trn/loss 1.56e-01, trn/loss_ce 9.24e-03, trn/loss_wd 2.94e+02, trn/lr 1.52e-05
[2022-02-05 02:51:22,026][INFO] [Epoch 199/200] Validation: val/acc1 0.9322, val/loss_ce 0.2633
[2022-02-05 02:51:25,104][INFO] [Epoch 200/200] trn/acc1 9.99e-01, trn/loss 1.57e-01, trn/loss_ce 9.93e-03, trn/loss_wd 2.94e+02, trn/lr 2.17e-06
[2022-02-05 02:51:25,256][INFO] [Epoch 200/200] Validation: val/acc1 0.9306, val/loss_ce 0.2635
