[2022-02-05 08:26:40,652][INFO] Environments:
------------  ---------------------------------------------------------------------------
sys.platform  linux
Python        3.7.11 (default, Nov 23 2021, 05:29:02) [GCC 7.5.0]
JAX           0.2.27 @/mnt/data1/giung/venvs/jax0.2.27/lib/python3.7/site-packages/jax
jaxlib        0.1.75 @/mnt/data1/giung/venvs/jax0.2.27/lib/python3.7/site-packages/jaxlib
Flax          0.4.0 @/mnt/data1/giung/venvs/jax0.2.27/lib/python3.7/site-packages/flax
Optax         0.1.0 @/mnt/data1/giung/venvs/jax0.2.27/lib/python3.7/site-packages/optax
------------  ---------------------------------------------------------------------------

[2022-02-05 08:26:40,652][INFO] Command line arguments:
Namespace(batch_size=128, config_file='./configs/C10_WRN28x5-BN-ReLU_SGD.yaml', keep_every_n_checkpoints=None, learning_rate=0.1, num_epochs=200, num_warmup_epochs=5, opts=[], output_dir='./outputs/C10_WRN28x5-BN-ReLU/SGD/s42_e200_wd5e-4_1GPU/', seed=42, weight_decay=0.0005)

[2022-02-05 08:26:40,653][INFO] Using a random seed 42

[2022-02-05 08:26:40,709][INFO] Unable to initialize backend 'tpu_driver': NOT_FOUND: Unable to find driver in registry given worker: 
[2022-02-05 08:26:41,045][INFO] Unable to initialize backend 'tpu': INVALID_ARGUMENT: TpuPlatform is not available.
[2022-02-05 08:26:48,968][INFO] Found no checkpoint files in outputs/C10_WRN28x5-BN-ReLU/SGD/s42_e200_wd5e-4_1GPU
[2022-02-05 08:27:22,048][INFO] [Epoch   1/200] trn/acc1 3.52e-01, trn/loss 5.39e+00, trn/loss_ce 1.77e+00, trn/loss_wd 7.23e+03, trn/lr 9.97e-03
[2022-02-05 08:27:24,839][INFO] [Epoch   1/200] Validation: val/acc1 0.4556, val/loss_ce 1.5027
[2022-02-05 08:27:47,618][INFO] [Epoch   2/200] trn/acc1 5.67e-01, trn/loss 4.58e+00, trn/loss_ce 1.19e+00, trn/loss_wd 6.77e+03, trn/lr 3.00e-02
[2022-02-05 08:28:05,858][INFO] [Epoch   3/200] trn/acc1 6.65e-01, trn/loss 3.91e+00, trn/loss_ce 9.40e-01, trn/loss_wd 5.94e+03, trn/lr 5.00e-02
[2022-02-05 08:28:24,157][INFO] [Epoch   4/200] trn/acc1 7.23e-01, trn/loss 3.25e+00, trn/loss_ce 7.93e-01, trn/loss_wd 4.91e+03, trn/lr 7.00e-02
[2022-02-05 08:28:42,493][INFO] [Epoch   5/200] trn/acc1 7.62e-01, trn/loss 2.61e+00, trn/loss_ce 6.87e-01, trn/loss_wd 3.84e+03, trn/lr 9.00e-02
[2022-02-05 08:29:00,901][INFO] [Epoch   6/200] trn/acc1 7.93e-01, trn/loss 2.05e+00, trn/loss_ce 6.02e-01, trn/loss_wd 2.91e+03, trn/lr 1.00e-01
[2022-02-05 08:29:19,345][INFO] [Epoch   7/200] trn/acc1 8.10e-01, trn/loss 1.66e+00, trn/loss_ce 5.50e-01, trn/loss_wd 2.22e+03, trn/lr 1.00e-01
[2022-02-05 08:29:37,819][INFO] [Epoch   8/200] trn/acc1 8.27e-01, trn/loss 1.38e+00, trn/loss_ce 5.08e-01, trn/loss_wd 1.74e+03, trn/lr 1.00e-01
[2022-02-05 08:29:56,290][INFO] [Epoch   9/200] trn/acc1 8.37e-01, trn/loss 1.19e+00, trn/loss_ce 4.78e-01, trn/loss_wd 1.42e+03, trn/lr 9.99e-02
[2022-02-05 08:30:14,763][INFO] [Epoch  10/200] trn/acc1 8.42e-01, trn/loss 1.05e+00, trn/loss_ce 4.61e-01, trn/loss_wd 1.19e+03, trn/lr 9.99e-02
[2022-02-05 08:30:33,232][INFO] [Epoch  11/200] trn/acc1 8.48e-01, trn/loss 9.58e-01, trn/loss_ce 4.39e-01, trn/loss_wd 1.04e+03, trn/lr 9.98e-02
[2022-02-05 08:30:51,723][INFO] [Epoch  12/200] trn/acc1 8.54e-01, trn/loss 8.97e-01, trn/loss_ce 4.27e-01, trn/loss_wd 9.41e+02, trn/lr 9.97e-02
[2022-02-05 08:31:10,211][INFO] [Epoch  13/200] trn/acc1 8.58e-01, trn/loss 8.55e-01, trn/loss_ce 4.16e-01, trn/loss_wd 8.77e+02, trn/lr 9.96e-02
[2022-02-05 08:31:28,698][INFO] [Epoch  14/200] trn/acc1 8.60e-01, trn/loss 8.29e-01, trn/loss_ce 4.11e-01, trn/loss_wd 8.36e+02, trn/lr 9.95e-02
[2022-02-05 08:31:47,210][INFO] [Epoch  15/200] trn/acc1 8.64e-01, trn/loss 8.00e-01, trn/loss_ce 3.96e-01, trn/loss_wd 8.09e+02, trn/lr 9.94e-02
[2022-02-05 08:32:05,702][INFO] [Epoch  16/200] trn/acc1 8.66e-01, trn/loss 7.86e-01, trn/loss_ce 3.89e-01, trn/loss_wd 7.94e+02, trn/lr 9.93e-02
[2022-02-05 08:32:24,188][INFO] [Epoch  17/200] trn/acc1 8.70e-01, trn/loss 7.73e-01, trn/loss_ce 3.81e-01, trn/loss_wd 7.85e+02, trn/lr 9.91e-02
[2022-02-05 08:32:42,687][INFO] [Epoch  18/200] trn/acc1 8.71e-01, trn/loss 7.66e-01, trn/loss_ce 3.75e-01, trn/loss_wd 7.82e+02, trn/lr 9.90e-02
[2022-02-05 08:33:01,180][INFO] [Epoch  19/200] trn/acc1 8.75e-01, trn/loss 7.60e-01, trn/loss_ce 3.70e-01, trn/loss_wd 7.80e+02, trn/lr 9.88e-02
[2022-02-05 08:33:19,674][INFO] [Epoch  20/200] trn/acc1 8.77e-01, trn/loss 7.52e-01, trn/loss_ce 3.61e-01, trn/loss_wd 7.83e+02, trn/lr 9.86e-02
[2022-02-05 08:33:20,275][INFO] [Epoch  20/200] Validation: val/acc1 0.8540, val/loss_ce 0.4094
[2022-02-05 08:33:41,763][INFO] [Epoch  21/200] trn/acc1 8.80e-01, trn/loss 7.46e-01, trn/loss_ce 3.54e-01, trn/loss_wd 7.84e+02, trn/lr 9.84e-02
[2022-02-05 08:34:00,238][INFO] [Epoch  22/200] trn/acc1 8.81e-01, trn/loss 7.42e-01, trn/loss_ce 3.51e-01, trn/loss_wd 7.83e+02, trn/lr 9.82e-02
[2022-02-05 08:34:18,709][INFO] [Epoch  23/200] trn/acc1 8.79e-01, trn/loss 7.45e-01, trn/loss_ce 3.49e-01, trn/loss_wd 7.92e+02, trn/lr 9.80e-02
[2022-02-05 08:34:37,191][INFO] [Epoch  24/200] trn/acc1 8.84e-01, trn/loss 7.38e-01, trn/loss_ce 3.40e-01, trn/loss_wd 7.97e+02, trn/lr 9.78e-02
[2022-02-05 08:34:55,676][INFO] [Epoch  25/200] trn/acc1 8.85e-01, trn/loss 7.38e-01, trn/loss_ce 3.38e-01, trn/loss_wd 8.01e+02, trn/lr 9.76e-02
[2022-02-05 08:35:14,156][INFO] [Epoch  26/200] trn/acc1 8.87e-01, trn/loss 7.35e-01, trn/loss_ce 3.32e-01, trn/loss_wd 8.05e+02, trn/lr 9.73e-02
[2022-02-05 08:35:32,642][INFO] [Epoch  27/200] trn/acc1 8.86e-01, trn/loss 7.32e-01, trn/loss_ce 3.29e-01, trn/loss_wd 8.05e+02, trn/lr 9.70e-02
[2022-02-05 08:35:51,129][INFO] [Epoch  28/200] trn/acc1 8.89e-01, trn/loss 7.31e-01, trn/loss_ce 3.26e-01, trn/loss_wd 8.10e+02, trn/lr 9.68e-02
[2022-02-05 08:36:09,645][INFO] [Epoch  29/200] trn/acc1 8.90e-01, trn/loss 7.30e-01, trn/loss_ce 3.23e-01, trn/loss_wd 8.15e+02, trn/lr 9.65e-02
[2022-02-05 08:36:28,156][INFO] [Epoch  30/200] trn/acc1 8.91e-01, trn/loss 7.29e-01, trn/loss_ce 3.20e-01, trn/loss_wd 8.17e+02, trn/lr 9.62e-02
[2022-02-05 08:36:46,648][INFO] [Epoch  31/200] trn/acc1 8.94e-01, trn/loss 7.24e-01, trn/loss_ce 3.14e-01, trn/loss_wd 8.19e+02, trn/lr 9.58e-02
[2022-02-05 08:37:05,154][INFO] [Epoch  32/200] trn/acc1 8.91e-01, trn/loss 7.26e-01, trn/loss_ce 3.17e-01, trn/loss_wd 8.19e+02, trn/lr 9.55e-02
[2022-02-05 08:37:23,650][INFO] [Epoch  33/200] trn/acc1 8.95e-01, trn/loss 7.20e-01, trn/loss_ce 3.10e-01, trn/loss_wd 8.20e+02, trn/lr 9.52e-02
[2022-02-05 08:37:42,135][INFO] [Epoch  34/200] trn/acc1 8.95e-01, trn/loss 7.16e-01, trn/loss_ce 3.06e-01, trn/loss_wd 8.20e+02, trn/lr 9.48e-02
[2022-02-05 08:38:00,627][INFO] [Epoch  35/200] trn/acc1 8.98e-01, trn/loss 7.09e-01, trn/loss_ce 3.00e-01, trn/loss_wd 8.17e+02, trn/lr 9.45e-02
[2022-02-05 08:38:19,119][INFO] [Epoch  36/200] trn/acc1 8.93e-01, trn/loss 7.21e-01, trn/loss_ce 3.09e-01, trn/loss_wd 8.23e+02, trn/lr 9.41e-02
[2022-02-05 08:38:37,605][INFO] [Epoch  37/200] trn/acc1 8.98e-01, trn/loss 7.13e-01, trn/loss_ce 3.01e-01, trn/loss_wd 8.25e+02, trn/lr 9.37e-02
[2022-02-05 08:38:56,110][INFO] [Epoch  38/200] trn/acc1 8.98e-01, trn/loss 7.13e-01, trn/loss_ce 3.00e-01, trn/loss_wd 8.27e+02, trn/lr 9.33e-02
[2022-02-05 08:39:14,601][INFO] [Epoch  39/200] trn/acc1 8.98e-01, trn/loss 7.09e-01, trn/loss_ce 2.95e-01, trn/loss_wd 8.27e+02, trn/lr 9.29e-02
[2022-02-05 08:39:33,091][INFO] [Epoch  40/200] trn/acc1 9.00e-01, trn/loss 7.04e-01, trn/loss_ce 2.91e-01, trn/loss_wd 8.26e+02, trn/lr 9.25e-02
[2022-02-05 08:39:33,693][INFO] [Epoch  40/200] Validation: val/acc1 0.8334, val/loss_ce 0.5048
[2022-02-05 08:39:53,023][INFO] [Epoch  41/200] trn/acc1 8.99e-01, trn/loss 7.05e-01, trn/loss_ce 2.91e-01, trn/loss_wd 8.28e+02, trn/lr 9.20e-02
[2022-02-05 08:40:11,513][INFO] [Epoch  42/200] trn/acc1 9.01e-01, trn/loss 7.06e-01, trn/loss_ce 2.91e-01, trn/loss_wd 8.30e+02, trn/lr 9.16e-02
[2022-02-05 08:40:30,009][INFO] [Epoch  43/200] trn/acc1 9.02e-01, trn/loss 7.04e-01, trn/loss_ce 2.89e-01, trn/loss_wd 8.29e+02, trn/lr 9.11e-02
[2022-02-05 08:40:48,550][INFO] [Epoch  44/200] trn/acc1 9.02e-01, trn/loss 7.00e-01, trn/loss_ce 2.87e-01, trn/loss_wd 8.26e+02, trn/lr 9.07e-02
[2022-02-05 08:41:07,048][INFO] [Epoch  45/200] trn/acc1 9.07e-01, trn/loss 6.87e-01, trn/loss_ce 2.77e-01, trn/loss_wd 8.21e+02, trn/lr 9.02e-02
[2022-02-05 08:41:25,561][INFO] [Epoch  46/200] trn/acc1 9.03e-01, trn/loss 6.92e-01, trn/loss_ce 2.82e-01, trn/loss_wd 8.21e+02, trn/lr 8.97e-02
[2022-02-05 08:41:44,084][INFO] [Epoch  47/200] trn/acc1 9.04e-01, trn/loss 6.94e-01, trn/loss_ce 2.79e-01, trn/loss_wd 8.29e+02, trn/lr 8.92e-02
[2022-02-05 08:42:02,590][INFO] [Epoch  48/200] trn/acc1 9.04e-01, trn/loss 6.91e-01, trn/loss_ce 2.76e-01, trn/loss_wd 8.31e+02, trn/lr 8.87e-02
[2022-02-05 08:42:21,108][INFO] [Epoch  49/200] trn/acc1 9.06e-01, trn/loss 6.87e-01, trn/loss_ce 2.72e-01, trn/loss_wd 8.31e+02, trn/lr 8.82e-02
[2022-02-05 08:42:39,608][INFO] [Epoch  50/200] trn/acc1 9.08e-01, trn/loss 6.89e-01, trn/loss_ce 2.72e-01, trn/loss_wd 8.32e+02, trn/lr 8.77e-02
[2022-02-05 08:42:58,109][INFO] [Epoch  51/200] trn/acc1 9.07e-01, trn/loss 6.88e-01, trn/loss_ce 2.71e-01, trn/loss_wd 8.34e+02, trn/lr 8.72e-02
[2022-02-05 08:43:16,630][INFO] [Epoch  52/200] trn/acc1 9.06e-01, trn/loss 6.91e-01, trn/loss_ce 2.73e-01, trn/loss_wd 8.36e+02, trn/lr 8.66e-02
[2022-02-05 08:43:35,129][INFO] [Epoch  53/200] trn/acc1 9.11e-01, trn/loss 6.80e-01, trn/loss_ce 2.64e-01, trn/loss_wd 8.33e+02, trn/lr 8.61e-02
[2022-02-05 08:43:53,625][INFO] [Epoch  54/200] trn/acc1 9.11e-01, trn/loss 6.76e-01, trn/loss_ce 2.62e-01, trn/loss_wd 8.27e+02, trn/lr 8.55e-02
[2022-02-05 08:44:12,123][INFO] [Epoch  55/200] trn/acc1 9.09e-01, trn/loss 6.79e-01, trn/loss_ce 2.64e-01, trn/loss_wd 8.30e+02, trn/lr 8.49e-02
[2022-02-05 08:44:30,618][INFO] [Epoch  56/200] trn/acc1 9.10e-01, trn/loss 6.76e-01, trn/loss_ce 2.62e-01, trn/loss_wd 8.27e+02, trn/lr 8.43e-02
[2022-02-05 08:44:49,123][INFO] [Epoch  57/200] trn/acc1 9.13e-01, trn/loss 6.70e-01, trn/loss_ce 2.58e-01, trn/loss_wd 8.25e+02, trn/lr 8.38e-02
[2022-02-05 08:45:07,618][INFO] [Epoch  58/200] trn/acc1 9.12e-01, trn/loss 6.69e-01, trn/loss_ce 2.57e-01, trn/loss_wd 8.24e+02, trn/lr 8.32e-02
[2022-02-05 08:45:26,112][INFO] [Epoch  59/200] trn/acc1 9.11e-01, trn/loss 6.70e-01, trn/loss_ce 2.59e-01, trn/loss_wd 8.22e+02, trn/lr 8.25e-02
[2022-02-05 08:45:44,595][INFO] [Epoch  60/200] trn/acc1 9.13e-01, trn/loss 6.61e-01, trn/loss_ce 2.51e-01, trn/loss_wd 8.21e+02, trn/lr 8.19e-02
[2022-02-05 08:45:45,196][INFO] [Epoch  60/200] Validation: val/acc1 0.8548, val/loss_ce 0.4936
[2022-02-05 08:46:05,829][INFO] [Epoch  61/200] trn/acc1 9.14e-01, trn/loss 6.63e-01, trn/loss_ce 2.52e-01, trn/loss_wd 8.21e+02, trn/lr 8.13e-02
[2022-02-05 08:46:24,299][INFO] [Epoch  62/200] trn/acc1 9.13e-01, trn/loss 6.63e-01, trn/loss_ce 2.52e-01, trn/loss_wd 8.22e+02, trn/lr 8.07e-02
[2022-02-05 08:46:42,772][INFO] [Epoch  63/200] trn/acc1 9.14e-01, trn/loss 6.60e-01, trn/loss_ce 2.48e-01, trn/loss_wd 8.24e+02, trn/lr 8.00e-02
[2022-02-05 08:47:01,244][INFO] [Epoch  64/200] trn/acc1 9.18e-01, trn/loss 6.51e-01, trn/loss_ce 2.41e-01, trn/loss_wd 8.19e+02, trn/lr 7.94e-02
[2022-02-05 08:47:19,711][INFO] [Epoch  65/200] trn/acc1 9.19e-01, trn/loss 6.46e-01, trn/loss_ce 2.38e-01, trn/loss_wd 8.17e+02, trn/lr 7.87e-02
[2022-02-05 08:47:38,199][INFO] [Epoch  66/200] trn/acc1 9.16e-01, trn/loss 6.51e-01, trn/loss_ce 2.43e-01, trn/loss_wd 8.16e+02, trn/lr 7.81e-02
[2022-02-05 08:47:56,709][INFO] [Epoch  67/200] trn/acc1 9.17e-01, trn/loss 6.51e-01, trn/loss_ce 2.43e-01, trn/loss_wd 8.17e+02, trn/lr 7.74e-02
[2022-02-05 08:48:15,189][INFO] [Epoch  68/200] trn/acc1 9.19e-01, trn/loss 6.42e-01, trn/loss_ce 2.34e-01, trn/loss_wd 8.15e+02, trn/lr 7.67e-02
[2022-02-05 08:48:33,664][INFO] [Epoch  69/200] trn/acc1 9.18e-01, trn/loss 6.50e-01, trn/loss_ce 2.42e-01, trn/loss_wd 8.16e+02, trn/lr 7.60e-02
[2022-02-05 08:48:52,142][INFO] [Epoch  70/200] trn/acc1 9.20e-01, trn/loss 6.41e-01, trn/loss_ce 2.34e-01, trn/loss_wd 8.13e+02, trn/lr 7.53e-02
[2022-02-05 08:49:10,629][INFO] [Epoch  71/200] trn/acc1 9.22e-01, trn/loss 6.33e-01, trn/loss_ce 2.28e-01, trn/loss_wd 8.11e+02, trn/lr 7.47e-02
[2022-02-05 08:49:29,120][INFO] [Epoch  72/200] trn/acc1 9.23e-01, trn/loss 6.28e-01, trn/loss_ce 2.25e-01, trn/loss_wd 8.07e+02, trn/lr 7.39e-02
[2022-02-05 08:49:47,609][INFO] [Epoch  73/200] trn/acc1 9.22e-01, trn/loss 6.31e-01, trn/loss_ce 2.28e-01, trn/loss_wd 8.06e+02, trn/lr 7.32e-02
[2022-02-05 08:50:06,108][INFO] [Epoch  74/200] trn/acc1 9.21e-01, trn/loss 6.32e-01, trn/loss_ce 2.29e-01, trn/loss_wd 8.05e+02, trn/lr 7.25e-02
[2022-02-05 08:50:24,610][INFO] [Epoch  75/200] trn/acc1 9.26e-01, trn/loss 6.21e-01, trn/loss_ce 2.20e-01, trn/loss_wd 8.02e+02, trn/lr 7.18e-02
[2022-02-05 08:50:43,101][INFO] [Epoch  76/200] trn/acc1 9.24e-01, trn/loss 6.21e-01, trn/loss_ce 2.20e-01, trn/loss_wd 8.01e+02, trn/lr 7.11e-02
[2022-02-05 08:51:01,613][INFO] [Epoch  77/200] trn/acc1 9.25e-01, trn/loss 6.21e-01, trn/loss_ce 2.20e-01, trn/loss_wd 8.01e+02, trn/lr 7.03e-02
[2022-02-05 08:51:20,094][INFO] [Epoch  78/200] trn/acc1 9.24e-01, trn/loss 6.18e-01, trn/loss_ce 2.19e-01, trn/loss_wd 7.97e+02, trn/lr 6.96e-02
[2022-02-05 08:51:38,581][INFO] [Epoch  79/200] trn/acc1 9.28e-01, trn/loss 6.03e-01, trn/loss_ce 2.07e-01, trn/loss_wd 7.94e+02, trn/lr 6.89e-02
[2022-02-05 08:51:57,391][INFO] [Epoch  80/200] trn/acc1 9.25e-01, trn/loss 6.12e-01, trn/loss_ce 2.16e-01, trn/loss_wd 7.91e+02, trn/lr 6.81e-02
[2022-02-05 08:51:57,989][INFO] [Epoch  80/200] Validation: val/acc1 0.8726, val/loss_ce 0.4023
[2022-02-05 08:52:19,580][INFO] [Epoch  81/200] trn/acc1 9.28e-01, trn/loss 6.01e-01, trn/loss_ce 2.07e-01, trn/loss_wd 7.88e+02, trn/lr 6.74e-02
[2022-02-05 08:52:38,046][INFO] [Epoch  82/200] trn/acc1 9.28e-01, trn/loss 6.03e-01, trn/loss_ce 2.10e-01, trn/loss_wd 7.87e+02, trn/lr 6.66e-02
[2022-02-05 08:52:56,499][INFO] [Epoch  83/200] trn/acc1 9.30e-01, trn/loss 5.96e-01, trn/loss_ce 2.04e-01, trn/loss_wd 7.83e+02, trn/lr 6.58e-02
[2022-02-05 08:53:14,979][INFO] [Epoch  84/200] trn/acc1 9.31e-01, trn/loss 5.93e-01, trn/loss_ce 2.04e-01, trn/loss_wd 7.79e+02, trn/lr 6.51e-02
[2022-02-05 08:53:33,433][INFO] [Epoch  85/200] trn/acc1 9.30e-01, trn/loss 5.92e-01, trn/loss_ce 2.04e-01, trn/loss_wd 7.77e+02, trn/lr 6.43e-02
[2022-02-05 08:53:51,901][INFO] [Epoch  86/200] trn/acc1 9.31e-01, trn/loss 5.87e-01, trn/loss_ce 1.99e-01, trn/loss_wd 7.75e+02, trn/lr 6.35e-02
[2022-02-05 08:54:10,373][INFO] [Epoch  87/200] trn/acc1 9.34e-01, trn/loss 5.79e-01, trn/loss_ce 1.95e-01, trn/loss_wd 7.68e+02, trn/lr 6.27e-02
[2022-02-05 08:54:28,939][INFO] [Epoch  88/200] trn/acc1 9.34e-01, trn/loss 5.75e-01, trn/loss_ce 1.92e-01, trn/loss_wd 7.67e+02, trn/lr 6.20e-02
[2022-02-05 08:54:47,412][INFO] [Epoch  89/200] trn/acc1 9.35e-01, trn/loss 5.71e-01, trn/loss_ce 1.89e-01, trn/loss_wd 7.64e+02, trn/lr 6.12e-02
[2022-02-05 08:55:05,898][INFO] [Epoch  90/200] trn/acc1 9.34e-01, trn/loss 5.69e-01, trn/loss_ce 1.89e-01, trn/loss_wd 7.61e+02, trn/lr 6.04e-02
[2022-02-05 08:55:24,392][INFO] [Epoch  91/200] trn/acc1 9.37e-01, trn/loss 5.68e-01, trn/loss_ce 1.89e-01, trn/loss_wd 7.60e+02, trn/lr 5.96e-02
[2022-02-05 08:55:42,884][INFO] [Epoch  92/200] trn/acc1 9.39e-01, trn/loss 5.58e-01, trn/loss_ce 1.81e-01, trn/loss_wd 7.55e+02, trn/lr 5.88e-02
[2022-02-05 08:56:01,380][INFO] [Epoch  93/200] trn/acc1 9.37e-01, trn/loss 5.58e-01, trn/loss_ce 1.82e-01, trn/loss_wd 7.52e+02, trn/lr 5.80e-02
[2022-02-05 08:56:19,890][INFO] [Epoch  94/200] trn/acc1 9.39e-01, trn/loss 5.57e-01, trn/loss_ce 1.81e-01, trn/loss_wd 7.51e+02, trn/lr 5.72e-02
[2022-02-05 08:56:38,401][INFO] [Epoch  95/200] trn/acc1 9.38e-01, trn/loss 5.56e-01, trn/loss_ce 1.80e-01, trn/loss_wd 7.51e+02, trn/lr 5.64e-02
[2022-02-05 08:56:56,916][INFO] [Epoch  96/200] trn/acc1 9.39e-01, trn/loss 5.53e-01, trn/loss_ce 1.78e-01, trn/loss_wd 7.51e+02, trn/lr 5.56e-02
[2022-02-05 08:57:15,424][INFO] [Epoch  97/200] trn/acc1 9.42e-01, trn/loss 5.40e-01, trn/loss_ce 1.66e-01, trn/loss_wd 7.46e+02, trn/lr 5.48e-02
[2022-02-05 08:57:33,930][INFO] [Epoch  98/200] trn/acc1 9.43e-01, trn/loss 5.40e-01, trn/loss_ce 1.69e-01, trn/loss_wd 7.41e+02, trn/lr 5.40e-02
[2022-02-05 08:57:52,427][INFO] [Epoch  99/200] trn/acc1 9.43e-01, trn/loss 5.35e-01, trn/loss_ce 1.66e-01, trn/loss_wd 7.38e+02, trn/lr 5.32e-02
[2022-02-05 08:58:10,925][INFO] [Epoch 100/200] trn/acc1 9.47e-01, trn/loss 5.25e-01, trn/loss_ce 1.59e-01, trn/loss_wd 7.31e+02, trn/lr 5.24e-02
[2022-02-05 08:58:11,526][INFO] [Epoch 100/200] Validation: val/acc1 0.8986, val/loss_ce 0.3315
[2022-02-05 08:58:32,579][INFO] [Epoch 101/200] trn/acc1 9.46e-01, trn/loss 5.24e-01, trn/loss_ce 1.62e-01, trn/loss_wd 7.24e+02, trn/lr 5.16e-02
[2022-02-05 08:58:51,073][INFO] [Epoch 102/200] trn/acc1 9.45e-01, trn/loss 5.20e-01, trn/loss_ce 1.60e-01, trn/loss_wd 7.22e+02, trn/lr 5.08e-02
[2022-02-05 08:59:09,570][INFO] [Epoch 103/200] trn/acc1 9.47e-01, trn/loss 5.18e-01, trn/loss_ce 1.59e-01, trn/loss_wd 7.18e+02, trn/lr 5.00e-02
[2022-02-05 08:59:28,043][INFO] [Epoch 104/200] trn/acc1 9.46e-01, trn/loss 5.11e-01, trn/loss_ce 1.54e-01, trn/loss_wd 7.14e+02, trn/lr 4.92e-02
[2022-02-05 08:59:46,518][INFO] [Epoch 105/200] trn/acc1 9.50e-01, trn/loss 5.02e-01, trn/loss_ce 1.49e-01, trn/loss_wd 7.07e+02, trn/lr 4.84e-02
[2022-02-05 09:00:05,015][INFO] [Epoch 106/200] trn/acc1 9.49e-01, trn/loss 5.02e-01, trn/loss_ce 1.49e-01, trn/loss_wd 7.06e+02, trn/lr 4.76e-02
[2022-02-05 09:00:23,498][INFO] [Epoch 107/200] trn/acc1 9.48e-01, trn/loss 5.01e-01, trn/loss_ce 1.50e-01, trn/loss_wd 7.02e+02, trn/lr 4.68e-02
[2022-02-05 09:00:41,977][INFO] [Epoch 108/200] trn/acc1 9.51e-01, trn/loss 4.92e-01, trn/loss_ce 1.43e-01, trn/loss_wd 6.99e+02, trn/lr 4.60e-02
[2022-02-05 09:01:00,447][INFO] [Epoch 109/200] trn/acc1 9.54e-01, trn/loss 4.85e-01, trn/loss_ce 1.39e-01, trn/loss_wd 6.93e+02, trn/lr 4.52e-02
[2022-02-05 09:01:18,941][INFO] [Epoch 110/200] trn/acc1 9.53e-01, trn/loss 4.83e-01, trn/loss_ce 1.38e-01, trn/loss_wd 6.90e+02, trn/lr 4.44e-02
[2022-02-05 09:01:37,477][INFO] [Epoch 111/200] trn/acc1 9.53e-01, trn/loss 4.83e-01, trn/loss_ce 1.39e-01, trn/loss_wd 6.88e+02, trn/lr 4.36e-02
[2022-02-05 09:01:55,976][INFO] [Epoch 112/200] trn/acc1 9.56e-01, trn/loss 4.69e-01, trn/loss_ce 1.29e-01, trn/loss_wd 6.80e+02, trn/lr 4.28e-02
[2022-02-05 09:02:14,461][INFO] [Epoch 113/200] trn/acc1 9.55e-01, trn/loss 4.67e-01, trn/loss_ce 1.29e-01, trn/loss_wd 6.75e+02, trn/lr 4.20e-02
[2022-02-05 09:02:32,974][INFO] [Epoch 114/200] trn/acc1 9.56e-01, trn/loss 4.66e-01, trn/loss_ce 1.29e-01, trn/loss_wd 6.74e+02, trn/lr 4.12e-02
[2022-02-05 09:02:51,449][INFO] [Epoch 115/200] trn/acc1 9.57e-01, trn/loss 4.61e-01, trn/loss_ce 1.25e-01, trn/loss_wd 6.71e+02, trn/lr 4.04e-02
[2022-02-05 09:03:09,961][INFO] [Epoch 116/200] trn/acc1 9.60e-01, trn/loss 4.49e-01, trn/loss_ce 1.17e-01, trn/loss_wd 6.64e+02, trn/lr 3.96e-02
[2022-02-05 09:03:28,452][INFO] [Epoch 117/200] trn/acc1 9.60e-01, trn/loss 4.45e-01, trn/loss_ce 1.18e-01, trn/loss_wd 6.55e+02, trn/lr 3.88e-02
[2022-02-05 09:03:46,938][INFO] [Epoch 118/200] trn/acc1 9.61e-01, trn/loss 4.43e-01, trn/loss_ce 1.18e-01, trn/loss_wd 6.50e+02, trn/lr 3.80e-02
[2022-02-05 09:04:05,424][INFO] [Epoch 119/200] trn/acc1 9.63e-01, trn/loss 4.33e-01, trn/loss_ce 1.10e-01, trn/loss_wd 6.46e+02, trn/lr 3.73e-02
[2022-02-05 09:04:23,886][INFO] [Epoch 120/200] trn/acc1 9.62e-01, trn/loss 4.32e-01, trn/loss_ce 1.12e-01, trn/loss_wd 6.40e+02, trn/lr 3.65e-02
[2022-02-05 09:04:24,484][INFO] [Epoch 120/200] Validation: val/acc1 0.8766, val/loss_ce 0.4364
[2022-02-05 09:04:43,719][INFO] [Epoch 121/200] trn/acc1 9.62e-01, trn/loss 4.30e-01, trn/loss_ce 1.12e-01, trn/loss_wd 6.37e+02, trn/lr 3.57e-02
[2022-02-05 09:05:02,180][INFO] [Epoch 122/200] trn/acc1 9.65e-01, trn/loss 4.19e-01, trn/loss_ce 1.04e-01, trn/loss_wd 6.32e+02, trn/lr 3.49e-02
[2022-02-05 09:05:20,654][INFO] [Epoch 123/200] trn/acc1 9.66e-01, trn/loss 4.13e-01, trn/loss_ce 1.01e-01, trn/loss_wd 6.24e+02, trn/lr 3.42e-02
[2022-02-05 09:05:39,127][INFO] [Epoch 124/200] trn/acc1 9.65e-01, trn/loss 4.15e-01, trn/loss_ce 1.04e-01, trn/loss_wd 6.20e+02, trn/lr 3.34e-02
[2022-02-05 09:05:57,595][INFO] [Epoch 125/200] trn/acc1 9.66e-01, trn/loss 4.08e-01, trn/loss_ce 9.96e-02, trn/loss_wd 6.16e+02, trn/lr 3.26e-02
[2022-02-05 09:06:16,078][INFO] [Epoch 126/200] trn/acc1 9.68e-01, trn/loss 4.01e-01, trn/loss_ce 9.55e-02, trn/loss_wd 6.11e+02, trn/lr 3.19e-02
[2022-02-05 09:06:34,557][INFO] [Epoch 127/200] trn/acc1 9.71e-01, trn/loss 3.91e-01, trn/loss_ce 8.87e-02, trn/loss_wd 6.05e+02, trn/lr 3.11e-02
[2022-02-05 09:06:53,038][INFO] [Epoch 128/200] trn/acc1 9.70e-01, trn/loss 3.89e-01, trn/loss_ce 9.01e-02, trn/loss_wd 5.97e+02, trn/lr 3.04e-02
[2022-02-05 09:07:11,520][INFO] [Epoch 129/200] trn/acc1 9.72e-01, trn/loss 3.80e-01, trn/loss_ce 8.57e-02, trn/loss_wd 5.89e+02, trn/lr 2.97e-02
[2022-02-05 09:07:29,998][INFO] [Epoch 130/200] trn/acc1 9.72e-01, trn/loss 3.73e-01, trn/loss_ce 8.25e-02, trn/loss_wd 5.81e+02, trn/lr 2.89e-02
[2022-02-05 09:07:48,482][INFO] [Epoch 131/200] trn/acc1 9.74e-01, trn/loss 3.65e-01, trn/loss_ce 7.78e-02, trn/loss_wd 5.74e+02, trn/lr 2.82e-02
[2022-02-05 09:08:07,008][INFO] [Epoch 132/200] trn/acc1 9.70e-01, trn/loss 3.71e-01, trn/loss_ce 8.54e-02, trn/loss_wd 5.70e+02, trn/lr 2.75e-02
[2022-02-05 09:08:25,486][INFO] [Epoch 133/200] trn/acc1 9.73e-01, trn/loss 3.62e-01, trn/loss_ce 7.91e-02, trn/loss_wd 5.66e+02, trn/lr 2.68e-02
[2022-02-05 09:08:43,980][INFO] [Epoch 134/200] trn/acc1 9.77e-01, trn/loss 3.51e-01, trn/loss_ce 7.11e-02, trn/loss_wd 5.59e+02, trn/lr 2.61e-02
[2022-02-05 09:09:02,479][INFO] [Epoch 135/200] trn/acc1 9.76e-01, trn/loss 3.46e-01, trn/loss_ce 7.09e-02, trn/loss_wd 5.50e+02, trn/lr 2.54e-02
[2022-02-05 09:09:20,979][INFO] [Epoch 136/200] trn/acc1 9.79e-01, trn/loss 3.39e-01, trn/loss_ce 6.76e-02, trn/loss_wd 5.43e+02, trn/lr 2.47e-02
[2022-02-05 09:09:39,461][INFO] [Epoch 137/200] trn/acc1 9.78e-01, trn/loss 3.34e-01, trn/loss_ce 6.61e-02, trn/loss_wd 5.35e+02, trn/lr 2.40e-02
[2022-02-05 09:09:57,947][INFO] [Epoch 138/200] trn/acc1 9.82e-01, trn/loss 3.20e-01, trn/loss_ce 5.66e-02, trn/loss_wd 5.27e+02, trn/lr 2.33e-02
[2022-02-05 09:10:16,429][INFO] [Epoch 139/200] trn/acc1 9.79e-01, trn/loss 3.21e-01, trn/loss_ce 6.20e-02, trn/loss_wd 5.18e+02, trn/lr 2.26e-02
[2022-02-05 09:10:34,923][INFO] [Epoch 140/200] trn/acc1 9.82e-01, trn/loss 3.12e-01, trn/loss_ce 5.61e-02, trn/loss_wd 5.11e+02, trn/lr 2.19e-02
[2022-02-05 09:10:35,520][INFO] [Epoch 140/200] Validation: val/acc1 0.9256, val/loss_ce 0.2719
[2022-02-05 09:10:58,281][INFO] [Epoch 141/200] trn/acc1 9.84e-01, trn/loss 3.02e-01, trn/loss_ce 5.06e-02, trn/loss_wd 5.02e+02, trn/lr 2.13e-02
[2022-02-05 09:11:16,747][INFO] [Epoch 142/200] trn/acc1 9.81e-01, trn/loss 3.02e-01, trn/loss_ce 5.45e-02, trn/loss_wd 4.94e+02, trn/lr 2.06e-02
[2022-02-05 09:11:35,204][INFO] [Epoch 143/200] trn/acc1 9.84e-01, trn/loss 2.96e-01, trn/loss_ce 5.26e-02, trn/loss_wd 4.87e+02, trn/lr 2.00e-02
[2022-02-05 09:11:53,683][INFO] [Epoch 144/200] trn/acc1 9.84e-01, trn/loss 2.87e-01, trn/loss_ce 4.79e-02, trn/loss_wd 4.79e+02, trn/lr 1.93e-02
[2022-02-05 09:12:12,157][INFO] [Epoch 145/200] trn/acc1 9.87e-01, trn/loss 2.76e-01, trn/loss_ce 4.03e-02, trn/loss_wd 4.71e+02, trn/lr 1.87e-02
[2022-02-05 09:12:30,638][INFO] [Epoch 146/200] trn/acc1 9.89e-01, trn/loss 2.68e-01, trn/loss_ce 3.81e-02, trn/loss_wd 4.60e+02, trn/lr 1.81e-02
[2022-02-05 09:12:49,124][INFO] [Epoch 147/200] trn/acc1 9.87e-01, trn/loss 2.66e-01, trn/loss_ce 4.03e-02, trn/loss_wd 4.52e+02, trn/lr 1.75e-02
[2022-02-05 09:13:07,599][INFO] [Epoch 148/200] trn/acc1 9.89e-01, trn/loss 2.58e-01, trn/loss_ce 3.62e-02, trn/loss_wd 4.43e+02, trn/lr 1.68e-02
[2022-02-05 09:13:26,068][INFO] [Epoch 149/200] trn/acc1 9.88e-01, trn/loss 2.55e-01, trn/loss_ce 3.78e-02, trn/loss_wd 4.35e+02, trn/lr 1.62e-02
[2022-02-05 09:13:44,535][INFO] [Epoch 150/200] trn/acc1 9.90e-01, trn/loss 2.47e-01, trn/loss_ce 3.31e-02, trn/loss_wd 4.27e+02, trn/lr 1.57e-02
[2022-02-05 09:14:03,015][INFO] [Epoch 151/200] trn/acc1 9.90e-01, trn/loss 2.40e-01, trn/loss_ce 3.08e-02, trn/loss_wd 4.19e+02, trn/lr 1.51e-02
[2022-02-05 09:14:21,515][INFO] [Epoch 152/200] trn/acc1 9.92e-01, trn/loss 2.32e-01, trn/loss_ce 2.70e-02, trn/loss_wd 4.10e+02, trn/lr 1.45e-02
[2022-02-05 09:14:40,029][INFO] [Epoch 153/200] trn/acc1 9.92e-01, trn/loss 2.28e-01, trn/loss_ce 2.67e-02, trn/loss_wd 4.02e+02, trn/lr 1.39e-02
[2022-02-05 09:14:58,523][INFO] [Epoch 154/200] trn/acc1 9.92e-01, trn/loss 2.24e-01, trn/loss_ce 2.70e-02, trn/loss_wd 3.94e+02, trn/lr 1.34e-02
[2022-02-05 09:15:17,000][INFO] [Epoch 155/200] trn/acc1 9.92e-01, trn/loss 2.19e-01, trn/loss_ce 2.54e-02, trn/loss_wd 3.87e+02, trn/lr 1.28e-02
[2022-02-05 09:15:35,480][INFO] [Epoch 156/200] trn/acc1 9.92e-01, trn/loss 2.17e-01, trn/loss_ce 2.67e-02, trn/loss_wd 3.80e+02, trn/lr 1.23e-02
[2022-02-05 09:15:53,953][INFO] [Epoch 157/200] trn/acc1 9.94e-01, trn/loss 2.08e-01, trn/loss_ce 2.14e-02, trn/loss_wd 3.74e+02, trn/lr 1.18e-02
[2022-02-05 09:16:12,435][INFO] [Epoch 158/200] trn/acc1 9.95e-01, trn/loss 2.01e-01, trn/loss_ce 1.80e-02, trn/loss_wd 3.66e+02, trn/lr 1.13e-02
[2022-02-05 09:16:31,205][INFO] [Epoch 159/200] trn/acc1 9.97e-01, trn/loss 1.91e-01, trn/loss_ce 1.25e-02, trn/loss_wd 3.57e+02, trn/lr 1.08e-02
[2022-02-05 09:16:49,682][INFO] [Epoch 160/200] trn/acc1 9.98e-01, trn/loss 1.84e-01, trn/loss_ce 9.47e-03, trn/loss_wd 3.48e+02, trn/lr 1.03e-02
[2022-02-05 09:16:50,280][INFO] [Epoch 160/200] Validation: val/acc1 0.9442, val/loss_ce 0.2352
[2022-02-05 09:17:11,679][INFO] [Epoch 161/200] trn/acc1 9.97e-01, trn/loss 1.81e-01, trn/loss_ce 1.14e-02, trn/loss_wd 3.40e+02, trn/lr 9.79e-03
[2022-02-05 09:17:30,129][INFO] [Epoch 162/200] trn/acc1 9.97e-01, trn/loss 1.76e-01, trn/loss_ce 1.02e-02, trn/loss_wd 3.32e+02, trn/lr 9.31e-03
[2022-02-05 09:17:48,582][INFO] [Epoch 163/200] trn/acc1 9.99e-01, trn/loss 1.67e-01, trn/loss_ce 5.16e-03, trn/loss_wd 3.25e+02, trn/lr 8.85e-03
[2022-02-05 09:18:07,034][INFO] [Epoch 164/200] trn/acc1 9.99e-01, trn/loss 1.63e-01, trn/loss_ce 4.80e-03, trn/loss_wd 3.16e+02, trn/lr 8.40e-03
[2022-02-05 09:18:25,506][INFO] [Epoch 165/200] trn/acc1 9.99e-01, trn/loss 1.59e-01, trn/loss_ce 4.88e-03, trn/loss_wd 3.09e+02, trn/lr 7.96e-03
[2022-02-05 09:18:43,972][INFO] [Epoch 166/200] trn/acc1 9.99e-01, trn/loss 1.56e-01, trn/loss_ce 5.20e-03, trn/loss_wd 3.02e+02, trn/lr 7.53e-03
[2022-02-05 09:19:02,435][INFO] [Epoch 167/200] trn/acc1 9.99e-01, trn/loss 1.54e-01, trn/loss_ce 5.60e-03, trn/loss_wd 2.96e+02, trn/lr 7.11e-03
[2022-02-05 09:19:20,921][INFO] [Epoch 168/200] trn/acc1 9.99e-01, trn/loss 1.50e-01, trn/loss_ce 4.96e-03, trn/loss_wd 2.90e+02, trn/lr 6.70e-03
[2022-02-05 09:19:39,403][INFO] [Epoch 169/200] trn/acc1 9.99e-01, trn/loss 1.47e-01, trn/loss_ce 4.77e-03, trn/loss_wd 2.85e+02, trn/lr 6.30e-03
[2022-02-05 09:19:57,890][INFO] [Epoch 170/200] trn/acc1 9.99e-01, trn/loss 1.44e-01, trn/loss_ce 3.67e-03, trn/loss_wd 2.80e+02, trn/lr 5.92e-03
[2022-02-05 09:20:16,366][INFO] [Epoch 171/200] trn/acc1 1.00e+00, trn/loss 1.40e-01, trn/loss_ce 2.42e-03, trn/loss_wd 2.75e+02, trn/lr 5.54e-03
[2022-02-05 09:20:34,847][INFO] [Epoch 172/200] trn/acc1 1.00e+00, trn/loss 1.37e-01, trn/loss_ce 2.25e-03, trn/loss_wd 2.70e+02, trn/lr 5.18e-03
[2022-02-05 09:20:53,337][INFO] [Epoch 173/200] trn/acc1 1.00e+00, trn/loss 1.35e-01, trn/loss_ce 2.17e-03, trn/loss_wd 2.66e+02, trn/lr 4.83e-03
[2022-02-05 09:21:11,821][INFO] [Epoch 174/200] trn/acc1 1.00e+00, trn/loss 1.33e-01, trn/loss_ce 1.93e-03, trn/loss_wd 2.62e+02, trn/lr 4.49e-03
[2022-02-05 09:21:30,344][INFO] [Epoch 175/200] trn/acc1 1.00e+00, trn/loss 1.31e-01, trn/loss_ce 1.85e-03, trn/loss_wd 2.59e+02, trn/lr 4.16e-03
[2022-02-05 09:21:48,852][INFO] [Epoch 176/200] trn/acc1 1.00e+00, trn/loss 1.29e-01, trn/loss_ce 1.71e-03, trn/loss_wd 2.55e+02, trn/lr 3.85e-03
[2022-02-05 09:22:07,358][INFO] [Epoch 177/200] trn/acc1 1.00e+00, trn/loss 1.28e-01, trn/loss_ce 1.55e-03, trn/loss_wd 2.52e+02, trn/lr 3.54e-03
[2022-02-05 09:22:25,860][INFO] [Epoch 178/200] trn/acc1 1.00e+00, trn/loss 1.27e-01, trn/loss_ce 1.72e-03, trn/loss_wd 2.50e+02, trn/lr 3.25e-03
[2022-02-05 09:22:44,360][INFO] [Epoch 179/200] trn/acc1 1.00e+00, trn/loss 1.25e-01, trn/loss_ce 1.72e-03, trn/loss_wd 2.47e+02, trn/lr 2.97e-03
[2022-02-05 09:23:02,843][INFO] [Epoch 180/200] trn/acc1 1.00e+00, trn/loss 1.24e-01, trn/loss_ce 1.61e-03, trn/loss_wd 2.45e+02, trn/lr 2.70e-03
[2022-02-05 09:23:03,444][INFO] [Epoch 180/200] Validation: val/acc1 0.9580, val/loss_ce 0.1777
[2022-02-05 09:23:24,697][INFO] [Epoch 181/200] trn/acc1 1.00e+00, trn/loss 1.23e-01, trn/loss_ce 1.54e-03, trn/loss_wd 2.43e+02, trn/lr 2.45e-03
[2022-02-05 09:23:25,295][INFO] [Epoch 181/200] Validation: val/acc1 0.9602, val/loss_ce 0.1743
[2022-02-05 09:23:47,193][INFO] [Epoch 182/200] trn/acc1 1.00e+00, trn/loss 1.22e-01, trn/loss_ce 1.51e-03, trn/loss_wd 2.41e+02, trn/lr 2.21e-03
[2022-02-05 09:23:47,789][INFO] [Epoch 182/200] Validation: val/acc1 0.9584, val/loss_ce 0.1751
[2022-02-05 09:24:07,069][INFO] [Epoch 183/200] trn/acc1 1.00e+00, trn/loss 1.21e-01, trn/loss_ce 1.58e-03, trn/loss_wd 2.39e+02, trn/lr 1.97e-03
[2022-02-05 09:24:07,668][INFO] [Epoch 183/200] Validation: val/acc1 0.9594, val/loss_ce 0.1732
[2022-02-05 09:24:28,297][INFO] [Epoch 184/200] trn/acc1 1.00e+00, trn/loss 1.21e-01, trn/loss_ce 1.53e-03, trn/loss_wd 2.38e+02, trn/lr 1.76e-03
[2022-02-05 09:24:28,895][INFO] [Epoch 184/200] Validation: val/acc1 0.9596, val/loss_ce 0.1744
[2022-02-05 09:24:48,380][INFO] [Epoch 185/200] trn/acc1 1.00e+00, trn/loss 1.20e-01, trn/loss_ce 1.57e-03, trn/loss_wd 2.37e+02, trn/lr 1.55e-03
[2022-02-05 09:24:48,979][INFO] [Epoch 185/200] Validation: val/acc1 0.9586, val/loss_ce 0.1757
[2022-02-05 09:25:08,277][INFO] [Epoch 186/200] trn/acc1 1.00e+00, trn/loss 1.19e-01, trn/loss_ce 1.50e-03, trn/loss_wd 2.36e+02, trn/lr 1.36e-03
[2022-02-05 09:25:08,874][INFO] [Epoch 186/200] Validation: val/acc1 0.9596, val/loss_ce 0.1723
[2022-02-05 09:25:29,022][INFO] [Epoch 187/200] trn/acc1 1.00e+00, trn/loss 1.19e-01, trn/loss_ce 1.55e-03, trn/loss_wd 2.35e+02, trn/lr 1.18e-03
[2022-02-05 09:25:29,621][INFO] [Epoch 187/200] Validation: val/acc1 0.9604, val/loss_ce 0.1734
[2022-02-05 09:25:50,056][INFO] [Epoch 188/200] trn/acc1 1.00e+00, trn/loss 1.19e-01, trn/loss_ce 1.55e-03, trn/loss_wd 2.34e+02, trn/lr 1.01e-03
[2022-02-05 09:25:50,655][INFO] [Epoch 188/200] Validation: val/acc1 0.9590, val/loss_ce 0.1751
[2022-02-05 09:26:09,921][INFO] [Epoch 189/200] trn/acc1 1.00e+00, trn/loss 1.18e-01, trn/loss_ce 1.54e-03, trn/loss_wd 2.33e+02, trn/lr 8.56e-04
[2022-02-05 09:26:10,522][INFO] [Epoch 189/200] Validation: val/acc1 0.9586, val/loss_ce 0.1733
[2022-02-05 09:26:29,826][INFO] [Epoch 190/200] trn/acc1 1.00e+00, trn/loss 1.18e-01, trn/loss_ce 1.57e-03, trn/loss_wd 2.33e+02, trn/lr 7.14e-04
[2022-02-05 09:26:30,425][INFO] [Epoch 190/200] Validation: val/acc1 0.9594, val/loss_ce 0.1758
[2022-02-05 09:26:49,705][INFO] [Epoch 191/200] trn/acc1 1.00e+00, trn/loss 1.18e-01, trn/loss_ce 1.53e-03, trn/loss_wd 2.32e+02, trn/lr 5.85e-04
[2022-02-05 09:26:50,301][INFO] [Epoch 191/200] Validation: val/acc1 0.9600, val/loss_ce 0.1737
[2022-02-05 09:27:09,521][INFO] [Epoch 192/200] trn/acc1 1.00e+00, trn/loss 1.17e-01, trn/loss_ce 1.50e-03, trn/loss_wd 2.32e+02, trn/lr 4.69e-04
[2022-02-05 09:27:10,116][INFO] [Epoch 192/200] Validation: val/acc1 0.9596, val/loss_ce 0.1744
[2022-02-05 09:27:29,387][INFO] [Epoch 193/200] trn/acc1 1.00e+00, trn/loss 1.17e-01, trn/loss_ce 1.52e-03, trn/loss_wd 2.31e+02, trn/lr 3.65e-04
[2022-02-05 09:27:29,983][INFO] [Epoch 193/200] Validation: val/acc1 0.9590, val/loss_ce 0.1742
[2022-02-05 09:27:49,241][INFO] [Epoch 194/200] trn/acc1 1.00e+00, trn/loss 1.17e-01, trn/loss_ce 1.56e-03, trn/loss_wd 2.31e+02, trn/lr 2.75e-04
[2022-02-05 09:27:49,838][INFO] [Epoch 194/200] Validation: val/acc1 0.9590, val/loss_ce 0.1747
[2022-02-05 09:28:09,136][INFO] [Epoch 195/200] trn/acc1 1.00e+00, trn/loss 1.17e-01, trn/loss_ce 1.49e-03, trn/loss_wd 2.31e+02, trn/lr 1.97e-04
[2022-02-05 09:28:09,736][INFO] [Epoch 195/200] Validation: val/acc1 0.9600, val/loss_ce 0.1727
[2022-02-05 09:28:29,053][INFO] [Epoch 196/200] trn/acc1 1.00e+00, trn/loss 1.17e-01, trn/loss_ce 1.45e-03, trn/loss_wd 2.31e+02, trn/lr 1.32e-04
[2022-02-05 09:28:29,649][INFO] [Epoch 196/200] Validation: val/acc1 0.9592, val/loss_ce 0.1727
[2022-02-05 09:28:48,927][INFO] [Epoch 197/200] trn/acc1 1.00e+00, trn/loss 1.17e-01, trn/loss_ce 1.47e-03, trn/loss_wd 2.31e+02, trn/lr 8.01e-05
[2022-02-05 09:28:49,524][INFO] [Epoch 197/200] Validation: val/acc1 0.9594, val/loss_ce 0.1747
[2022-02-05 09:29:08,810][INFO] [Epoch 198/200] trn/acc1 1.00e+00, trn/loss 1.17e-01, trn/loss_ce 1.54e-03, trn/loss_wd 2.31e+02, trn/lr 4.11e-05
[2022-02-05 09:29:09,409][INFO] [Epoch 198/200] Validation: val/acc1 0.9590, val/loss_ce 0.1735
[2022-02-05 09:29:28,888][INFO] [Epoch 199/200] trn/acc1 1.00e+00, trn/loss 1.17e-01, trn/loss_ce 1.47e-03, trn/loss_wd 2.31e+02, trn/lr 1.52e-05
[2022-02-05 09:29:29,485][INFO] [Epoch 199/200] Validation: val/acc1 0.9594, val/loss_ce 0.1740
[2022-02-05 09:29:48,700][INFO] [Epoch 200/200] trn/acc1 1.00e+00, trn/loss 1.17e-01, trn/loss_ce 1.47e-03, trn/loss_wd 2.31e+02, trn/lr 2.17e-06
[2022-02-05 09:29:49,297][INFO] [Epoch 200/200] Validation: val/acc1 0.9588, val/loss_ce 0.1743
