[2022-03-20 10:04:24,193][INFO] Environments:
------------  ---------------------------------------------------------------------------
sys.platform  linux
Python        3.7.11 (default, Nov 23 2021, 05:29:02) [GCC 7.5.0]
JAX           0.2.27 @/mnt/data1/giung/venvs/jax0.2.27/lib/python3.7/site-packages/jax
jaxlib        0.1.75 @/mnt/data1/giung/venvs/jax0.2.27/lib/python3.7/site-packages/jaxlib
Flax          0.4.0 @/mnt/data1/giung/venvs/jax0.2.27/lib/python3.7/site-packages/flax
Optax         0.1.0 @/mnt/data1/giung/venvs/jax0.2.27/lib/python3.7/site-packages/optax
------------  ---------------------------------------------------------------------------

[2022-03-20 10:04:24,193][INFO] Command line arguments:
Namespace(batch_size=128, config_file='./configs/C10_VGG13-ReLU.yaml', keep_every_n_checkpoints=None, learning_rate=0.1, num_epochs=200, num_warmup_epochs=5, opts=['DATASETS.ROOT', '/home/vessl/datasets/'], output_dir='/home/vessl/Baseline-CIFAR/outputs/C10_VGG13-ReLU/SGD/s42_e200_wd5e-4_lr1e-1/', seed=42, weight_decay=0.0005)

[2022-03-20 10:04:24,193][INFO] Using a random seed 42

[2022-03-20 10:04:24,252][INFO] Unable to initialize backend 'tpu_driver': NOT_FOUND: Unable to find driver in registry given worker: 
[2022-03-20 10:04:25,001][INFO] Unable to initialize backend 'tpu': INVALID_ARGUMENT: TpuPlatform is not available.
[2022-03-20 10:04:28,229][INFO] Found no checkpoint files in /home/vessl/Baseline-CIFAR/outputs/C10_VGG13-ReLU/SGD/s42_e200_wd5e-4_lr1e-1
[2022-03-20 10:04:40,875][INFO] [Epoch   1/200] trn/acc1 3.40e-01, trn/loss 3.30e+00, trn/loss_ce 1.84e+00, trn/loss_wd 2.93e+03, trn/lr 9.97e-03
[2022-03-20 10:04:42,292][INFO] [Epoch   1/200] Validation: val/acc1 0.4758, val/loss_ce 1.4749
[2022-03-20 10:04:46,027][INFO] [Epoch   2/200] trn/acc1 5.07e-01, trn/loss 2.77e+00, trn/loss_ce 1.38e+00, trn/loss_wd 2.78e+03, trn/lr 3.00e-02
[2022-03-20 10:04:49,508][INFO] [Epoch   3/200] trn/acc1 6.06e-01, trn/loss 2.40e+00, trn/loss_ce 1.13e+00, trn/loss_wd 2.53e+03, trn/lr 5.00e-02
[2022-03-20 10:04:52,968][INFO] [Epoch   4/200] trn/acc1 6.42e-01, trn/loss 2.17e+00, trn/loss_ce 1.05e+00, trn/loss_wd 2.24e+03, trn/lr 7.00e-02
[2022-03-20 10:04:56,427][INFO] [Epoch   5/200] trn/acc1 6.68e-01, trn/loss 1.97e+00, trn/loss_ce 9.87e-01, trn/loss_wd 1.98e+03, trn/lr 9.00e-02
[2022-03-20 10:04:59,883][INFO] [Epoch   6/200] trn/acc1 6.99e-01, trn/loss 1.80e+00, trn/loss_ce 9.10e-01, trn/loss_wd 1.77e+03, trn/lr 1.00e-01
[2022-03-20 10:05:03,347][INFO] [Epoch   7/200] trn/acc1 7.04e-01, trn/loss 1.71e+00, trn/loss_ce 8.99e-01, trn/loss_wd 1.63e+03, trn/lr 1.00e-01
[2022-03-20 10:05:06,814][INFO] [Epoch   8/200] trn/acc1 7.33e-01, trn/loss 1.57e+00, trn/loss_ce 8.10e-01, trn/loss_wd 1.52e+03, trn/lr 1.00e-01
[2022-03-20 10:05:10,285][INFO] [Epoch   9/200] trn/acc1 7.52e-01, trn/loss 1.49e+00, trn/loss_ce 7.66e-01, trn/loss_wd 1.44e+03, trn/lr 9.99e-02
[2022-03-20 10:05:13,763][INFO] [Epoch  10/200] trn/acc1 7.57e-01, trn/loss 1.43e+00, trn/loss_ce 7.35e-01, trn/loss_wd 1.38e+03, trn/lr 9.99e-02
[2022-03-20 10:05:17,235][INFO] [Epoch  11/200] trn/acc1 7.69e-01, trn/loss 1.38e+00, trn/loss_ce 7.06e-01, trn/loss_wd 1.35e+03, trn/lr 9.98e-02
[2022-03-20 10:05:20,711][INFO] [Epoch  12/200] trn/acc1 7.79e-01, trn/loss 1.35e+00, trn/loss_ce 6.83e-01, trn/loss_wd 1.33e+03, trn/lr 9.97e-02
[2022-03-20 10:05:24,187][INFO] [Epoch  13/200] trn/acc1 7.79e-01, trn/loss 1.33e+00, trn/loss_ce 6.78e-01, trn/loss_wd 1.31e+03, trn/lr 9.96e-02
[2022-03-20 10:05:27,666][INFO] [Epoch  14/200] trn/acc1 7.89e-01, trn/loss 1.30e+00, trn/loss_ce 6.47e-01, trn/loss_wd 1.30e+03, trn/lr 9.95e-02
[2022-03-20 10:05:31,147][INFO] [Epoch  15/200] trn/acc1 7.90e-01, trn/loss 1.31e+00, trn/loss_ce 6.54e-01, trn/loss_wd 1.31e+03, trn/lr 9.94e-02
[2022-03-20 10:05:34,637][INFO] [Epoch  16/200] trn/acc1 7.98e-01, trn/loss 1.28e+00, trn/loss_ce 6.24e-01, trn/loss_wd 1.30e+03, trn/lr 9.93e-02
[2022-03-20 10:05:38,127][INFO] [Epoch  17/200] trn/acc1 8.01e-01, trn/loss 1.26e+00, trn/loss_ce 6.11e-01, trn/loss_wd 1.30e+03, trn/lr 9.91e-02
[2022-03-20 10:05:41,768][INFO] [Epoch  18/200] trn/acc1 7.99e-01, trn/loss 1.27e+00, trn/loss_ce 6.17e-01, trn/loss_wd 1.30e+03, trn/lr 9.90e-02
[2022-03-20 10:05:45,251][INFO] [Epoch  19/200] trn/acc1 8.07e-01, trn/loss 1.26e+00, trn/loss_ce 6.01e-01, trn/loss_wd 1.31e+03, trn/lr 9.88e-02
[2022-03-20 10:05:48,737][INFO] [Epoch  20/200] trn/acc1 8.15e-01, trn/loss 1.23e+00, trn/loss_ce 5.79e-01, trn/loss_wd 1.31e+03, trn/lr 9.86e-02
[2022-03-20 10:05:48,832][INFO] [Epoch  20/200] Validation: val/acc1 0.7500, val/loss_ce 0.7650
[2022-03-20 10:05:52,641][INFO] [Epoch  21/200] trn/acc1 8.09e-01, trn/loss 1.26e+00, trn/loss_ce 5.94e-01, trn/loss_wd 1.33e+03, trn/lr 9.84e-02
[2022-03-20 10:05:56,133][INFO] [Epoch  22/200] trn/acc1 8.16e-01, trn/loss 1.23e+00, trn/loss_ce 5.70e-01, trn/loss_wd 1.33e+03, trn/lr 9.82e-02
[2022-03-20 10:05:59,627][INFO] [Epoch  23/200] trn/acc1 8.17e-01, trn/loss 1.24e+00, trn/loss_ce 5.74e-01, trn/loss_wd 1.34e+03, trn/lr 9.80e-02
[2022-03-20 10:06:03,121][INFO] [Epoch  24/200] trn/acc1 8.16e-01, trn/loss 1.24e+00, trn/loss_ce 5.70e-01, trn/loss_wd 1.34e+03, trn/lr 9.78e-02
[2022-03-20 10:06:06,619][INFO] [Epoch  25/200] trn/acc1 8.20e-01, trn/loss 1.23e+00, trn/loss_ce 5.59e-01, trn/loss_wd 1.34e+03, trn/lr 9.76e-02
[2022-03-20 10:06:10,121][INFO] [Epoch  26/200] trn/acc1 8.23e-01, trn/loss 1.22e+00, trn/loss_ce 5.46e-01, trn/loss_wd 1.34e+03, trn/lr 9.73e-02
[2022-03-20 10:06:13,618][INFO] [Epoch  27/200] trn/acc1 8.24e-01, trn/loss 1.21e+00, trn/loss_ce 5.46e-01, trn/loss_wd 1.34e+03, trn/lr 9.70e-02
[2022-03-20 10:06:17,108][INFO] [Epoch  28/200] trn/acc1 8.26e-01, trn/loss 1.21e+00, trn/loss_ce 5.39e-01, trn/loss_wd 1.33e+03, trn/lr 9.68e-02
[2022-03-20 10:06:20,601][INFO] [Epoch  29/200] trn/acc1 8.31e-01, trn/loss 1.19e+00, trn/loss_ce 5.24e-01, trn/loss_wd 1.33e+03, trn/lr 9.65e-02
[2022-03-20 10:06:24,095][INFO] [Epoch  30/200] trn/acc1 8.31e-01, trn/loss 1.19e+00, trn/loss_ce 5.22e-01, trn/loss_wd 1.33e+03, trn/lr 9.62e-02
[2022-03-20 10:06:27,591][INFO] [Epoch  31/200] trn/acc1 8.34e-01, trn/loss 1.17e+00, trn/loss_ce 5.09e-01, trn/loss_wd 1.32e+03, trn/lr 9.58e-02
[2022-03-20 10:06:31,088][INFO] [Epoch  32/200] trn/acc1 8.30e-01, trn/loss 1.18e+00, trn/loss_ce 5.23e-01, trn/loss_wd 1.32e+03, trn/lr 9.55e-02
[2022-03-20 10:06:34,581][INFO] [Epoch  33/200] trn/acc1 8.35e-01, trn/loss 1.18e+00, trn/loss_ce 5.11e-01, trn/loss_wd 1.33e+03, trn/lr 9.52e-02
[2022-03-20 10:06:38,076][INFO] [Epoch  34/200] trn/acc1 8.36e-01, trn/loss 1.17e+00, trn/loss_ce 5.02e-01, trn/loss_wd 1.34e+03, trn/lr 9.48e-02
[2022-03-20 10:06:41,570][INFO] [Epoch  35/200] trn/acc1 8.37e-01, trn/loss 1.18e+00, trn/loss_ce 5.13e-01, trn/loss_wd 1.33e+03, trn/lr 9.45e-02
[2022-03-20 10:06:45,063][INFO] [Epoch  36/200] trn/acc1 8.40e-01, trn/loss 1.16e+00, trn/loss_ce 4.96e-01, trn/loss_wd 1.34e+03, trn/lr 9.41e-02
[2022-03-20 10:06:48,558][INFO] [Epoch  37/200] trn/acc1 8.42e-01, trn/loss 1.14e+00, trn/loss_ce 4.86e-01, trn/loss_wd 1.32e+03, trn/lr 9.37e-02
[2022-03-20 10:06:52,056][INFO] [Epoch  38/200] trn/acc1 8.36e-01, trn/loss 1.16e+00, trn/loss_ce 5.04e-01, trn/loss_wd 1.32e+03, trn/lr 9.33e-02
[2022-03-20 10:06:55,551][INFO] [Epoch  39/200] trn/acc1 8.44e-01, trn/loss 1.15e+00, trn/loss_ce 4.85e-01, trn/loss_wd 1.32e+03, trn/lr 9.29e-02
[2022-03-20 10:06:59,048][INFO] [Epoch  40/200] trn/acc1 8.47e-01, trn/loss 1.14e+00, trn/loss_ce 4.79e-01, trn/loss_wd 1.33e+03, trn/lr 9.25e-02
[2022-03-20 10:06:59,142][INFO] [Epoch  40/200] Validation: val/acc1 0.8288, val/loss_ce 0.5510
[2022-03-20 10:07:02,958][INFO] [Epoch  41/200] trn/acc1 8.45e-01, trn/loss 1.14e+00, trn/loss_ce 4.80e-01, trn/loss_wd 1.32e+03, trn/lr 9.20e-02
[2022-03-20 10:07:06,449][INFO] [Epoch  42/200] trn/acc1 8.47e-01, trn/loss 1.12e+00, trn/loss_ce 4.68e-01, trn/loss_wd 1.30e+03, trn/lr 9.16e-02
[2022-03-20 10:07:09,958][INFO] [Epoch  43/200] trn/acc1 8.48e-01, trn/loss 1.12e+00, trn/loss_ce 4.70e-01, trn/loss_wd 1.30e+03, trn/lr 9.11e-02
[2022-03-20 10:07:13,460][INFO] [Epoch  44/200] trn/acc1 8.53e-01, trn/loss 1.11e+00, trn/loss_ce 4.62e-01, trn/loss_wd 1.30e+03, trn/lr 9.07e-02
[2022-03-20 10:07:16,967][INFO] [Epoch  45/200] trn/acc1 8.48e-01, trn/loss 1.12e+00, trn/loss_ce 4.66e-01, trn/loss_wd 1.30e+03, trn/lr 9.02e-02
[2022-03-20 10:07:20,470][INFO] [Epoch  46/200] trn/acc1 8.49e-01, trn/loss 1.11e+00, trn/loss_ce 4.64e-01, trn/loss_wd 1.29e+03, trn/lr 8.97e-02
[2022-03-20 10:07:24,085][INFO] [Epoch  47/200] trn/acc1 8.58e-01, trn/loss 1.09e+00, trn/loss_ce 4.45e-01, trn/loss_wd 1.29e+03, trn/lr 8.92e-02
[2022-03-20 10:07:27,587][INFO] [Epoch  48/200] trn/acc1 8.55e-01, trn/loss 1.08e+00, trn/loss_ce 4.45e-01, trn/loss_wd 1.28e+03, trn/lr 8.87e-02
[2022-03-20 10:07:31,094][INFO] [Epoch  49/200] trn/acc1 8.53e-01, trn/loss 1.09e+00, trn/loss_ce 4.54e-01, trn/loss_wd 1.28e+03, trn/lr 8.82e-02
[2022-03-20 10:07:34,597][INFO] [Epoch  50/200] trn/acc1 8.58e-01, trn/loss 1.08e+00, trn/loss_ce 4.42e-01, trn/loss_wd 1.27e+03, trn/lr 8.77e-02
[2022-03-20 10:07:38,108][INFO] [Epoch  51/200] trn/acc1 8.56e-01, trn/loss 1.08e+00, trn/loss_ce 4.41e-01, trn/loss_wd 1.27e+03, trn/lr 8.72e-02
[2022-03-20 10:07:41,602][INFO] [Epoch  52/200] trn/acc1 8.60e-01, trn/loss 1.06e+00, trn/loss_ce 4.30e-01, trn/loss_wd 1.26e+03, trn/lr 8.66e-02
[2022-03-20 10:07:45,103][INFO] [Epoch  53/200] trn/acc1 8.62e-01, trn/loss 1.06e+00, trn/loss_ce 4.28e-01, trn/loss_wd 1.26e+03, trn/lr 8.61e-02
[2022-03-20 10:07:48,612][INFO] [Epoch  54/200] trn/acc1 8.61e-01, trn/loss 1.05e+00, trn/loss_ce 4.23e-01, trn/loss_wd 1.25e+03, trn/lr 8.55e-02
[2022-03-20 10:07:52,111][INFO] [Epoch  55/200] trn/acc1 8.65e-01, trn/loss 1.04e+00, trn/loss_ce 4.17e-01, trn/loss_wd 1.25e+03, trn/lr 8.49e-02
[2022-03-20 10:07:55,612][INFO] [Epoch  56/200] trn/acc1 8.66e-01, trn/loss 1.03e+00, trn/loss_ce 4.15e-01, trn/loss_wd 1.24e+03, trn/lr 8.43e-02
[2022-03-20 10:07:59,108][INFO] [Epoch  57/200] trn/acc1 8.66e-01, trn/loss 1.02e+00, trn/loss_ce 4.07e-01, trn/loss_wd 1.23e+03, trn/lr 8.38e-02
[2022-03-20 10:08:02,603][INFO] [Epoch  58/200] trn/acc1 8.65e-01, trn/loss 1.02e+00, trn/loss_ce 4.09e-01, trn/loss_wd 1.23e+03, trn/lr 8.32e-02
[2022-03-20 10:08:06,095][INFO] [Epoch  59/200] trn/acc1 8.65e-01, trn/loss 1.03e+00, trn/loss_ce 4.12e-01, trn/loss_wd 1.23e+03, trn/lr 8.25e-02
[2022-03-20 10:08:09,582][INFO] [Epoch  60/200] trn/acc1 8.71e-01, trn/loss 1.00e+00, trn/loss_ce 3.92e-01, trn/loss_wd 1.22e+03, trn/lr 8.19e-02
[2022-03-20 10:08:09,676][INFO] [Epoch  60/200] Validation: val/acc1 0.8636, val/loss_ce 0.4380
[2022-03-20 10:08:13,545][INFO] [Epoch  61/200] trn/acc1 8.70e-01, trn/loss 9.99e-01, trn/loss_ce 3.94e-01, trn/loss_wd 1.21e+03, trn/lr 8.13e-02
[2022-03-20 10:08:17,035][INFO] [Epoch  62/200] trn/acc1 8.70e-01, trn/loss 9.97e-01, trn/loss_ce 3.95e-01, trn/loss_wd 1.20e+03, trn/lr 8.07e-02
[2022-03-20 10:08:20,529][INFO] [Epoch  63/200] trn/acc1 8.72e-01, trn/loss 9.95e-01, trn/loss_ce 3.93e-01, trn/loss_wd 1.20e+03, trn/lr 8.00e-02
[2022-03-20 10:08:24,017][INFO] [Epoch  64/200] trn/acc1 8.74e-01, trn/loss 9.84e-01, trn/loss_ce 3.85e-01, trn/loss_wd 1.20e+03, trn/lr 7.94e-02
[2022-03-20 10:08:27,513][INFO] [Epoch  65/200] trn/acc1 8.78e-01, trn/loss 9.66e-01, trn/loss_ce 3.72e-01, trn/loss_wd 1.19e+03, trn/lr 7.87e-02
[2022-03-20 10:08:31,009][INFO] [Epoch  66/200] trn/acc1 8.78e-01, trn/loss 9.68e-01, trn/loss_ce 3.77e-01, trn/loss_wd 1.18e+03, trn/lr 7.81e-02
[2022-03-20 10:08:34,510][INFO] [Epoch  67/200] trn/acc1 8.74e-01, trn/loss 9.82e-01, trn/loss_ce 3.90e-01, trn/loss_wd 1.19e+03, trn/lr 7.74e-02
[2022-03-20 10:08:38,004][INFO] [Epoch  68/200] trn/acc1 8.78e-01, trn/loss 9.62e-01, trn/loss_ce 3.71e-01, trn/loss_wd 1.18e+03, trn/lr 7.67e-02
[2022-03-20 10:08:41,511][INFO] [Epoch  69/200] trn/acc1 8.80e-01, trn/loss 9.52e-01, trn/loss_ce 3.65e-01, trn/loss_wd 1.17e+03, trn/lr 7.60e-02
[2022-03-20 10:08:45,015][INFO] [Epoch  70/200] trn/acc1 8.80e-01, trn/loss 9.47e-01, trn/loss_ce 3.62e-01, trn/loss_wd 1.17e+03, trn/lr 7.53e-02
[2022-03-20 10:08:48,518][INFO] [Epoch  71/200] trn/acc1 8.85e-01, trn/loss 9.33e-01, trn/loss_ce 3.53e-01, trn/loss_wd 1.16e+03, trn/lr 7.47e-02
[2022-03-20 10:08:52,094][INFO] [Epoch  72/200] trn/acc1 8.84e-01, trn/loss 9.27e-01, trn/loss_ce 3.51e-01, trn/loss_wd 1.15e+03, trn/lr 7.39e-02
[2022-03-20 10:08:55,596][INFO] [Epoch  73/200] trn/acc1 8.84e-01, trn/loss 9.19e-01, trn/loss_ce 3.50e-01, trn/loss_wd 1.14e+03, trn/lr 7.32e-02
[2022-03-20 10:08:59,095][INFO] [Epoch  74/200] trn/acc1 8.86e-01, trn/loss 9.15e-01, trn/loss_ce 3.46e-01, trn/loss_wd 1.14e+03, trn/lr 7.25e-02
[2022-03-20 10:09:02,608][INFO] [Epoch  75/200] trn/acc1 8.86e-01, trn/loss 9.14e-01, trn/loss_ce 3.46e-01, trn/loss_wd 1.14e+03, trn/lr 7.18e-02
[2022-03-20 10:09:06,118][INFO] [Epoch  76/200] trn/acc1 8.87e-01, trn/loss 9.15e-01, trn/loss_ce 3.46e-01, trn/loss_wd 1.14e+03, trn/lr 7.11e-02
[2022-03-20 10:09:09,617][INFO] [Epoch  77/200] trn/acc1 8.89e-01, trn/loss 8.99e-01, trn/loss_ce 3.34e-01, trn/loss_wd 1.13e+03, trn/lr 7.03e-02
[2022-03-20 10:09:13,125][INFO] [Epoch  78/200] trn/acc1 8.90e-01, trn/loss 8.90e-01, trn/loss_ce 3.32e-01, trn/loss_wd 1.12e+03, trn/lr 6.96e-02
[2022-03-20 10:09:16,628][INFO] [Epoch  79/200] trn/acc1 8.94e-01, trn/loss 8.77e-01, trn/loss_ce 3.24e-01, trn/loss_wd 1.11e+03, trn/lr 6.89e-02
[2022-03-20 10:09:20,132][INFO] [Epoch  80/200] trn/acc1 8.93e-01, trn/loss 8.71e-01, trn/loss_ce 3.22e-01, trn/loss_wd 1.10e+03, trn/lr 6.81e-02
[2022-03-20 10:09:20,226][INFO] [Epoch  80/200] Validation: val/acc1 0.8628, val/loss_ce 0.4432
[2022-03-20 10:09:23,867][INFO] [Epoch  81/200] trn/acc1 8.95e-01, trn/loss 8.61e-01, trn/loss_ce 3.17e-01, trn/loss_wd 1.09e+03, trn/lr 6.74e-02
[2022-03-20 10:09:27,380][INFO] [Epoch  82/200] trn/acc1 8.98e-01, trn/loss 8.50e-01, trn/loss_ce 3.12e-01, trn/loss_wd 1.08e+03, trn/lr 6.66e-02
[2022-03-20 10:09:30,908][INFO] [Epoch  83/200] trn/acc1 8.97e-01, trn/loss 8.50e-01, trn/loss_ce 3.14e-01, trn/loss_wd 1.07e+03, trn/lr 6.58e-02
[2022-03-20 10:09:34,418][INFO] [Epoch  84/200] trn/acc1 9.00e-01, trn/loss 8.35e-01, trn/loss_ce 3.02e-01, trn/loss_wd 1.07e+03, trn/lr 6.51e-02
[2022-03-20 10:09:37,925][INFO] [Epoch  85/200] trn/acc1 9.00e-01, trn/loss 8.30e-01, trn/loss_ce 3.01e-01, trn/loss_wd 1.06e+03, trn/lr 6.43e-02
[2022-03-20 10:09:41,429][INFO] [Epoch  86/200] trn/acc1 9.00e-01, trn/loss 8.29e-01, trn/loss_ce 3.02e-01, trn/loss_wd 1.05e+03, trn/lr 6.35e-02
[2022-03-20 10:09:44,935][INFO] [Epoch  87/200] trn/acc1 9.02e-01, trn/loss 8.20e-01, trn/loss_ce 2.94e-01, trn/loss_wd 1.05e+03, trn/lr 6.27e-02
[2022-03-20 10:09:48,448][INFO] [Epoch  88/200] trn/acc1 9.04e-01, trn/loss 8.10e-01, trn/loss_ce 2.86e-01, trn/loss_wd 1.05e+03, trn/lr 6.20e-02
[2022-03-20 10:09:51,955][INFO] [Epoch  89/200] trn/acc1 9.05e-01, trn/loss 8.07e-01, trn/loss_ce 2.86e-01, trn/loss_wd 1.04e+03, trn/lr 6.12e-02
[2022-03-20 10:09:55,461][INFO] [Epoch  90/200] trn/acc1 9.09e-01, trn/loss 7.93e-01, trn/loss_ce 2.76e-01, trn/loss_wd 1.04e+03, trn/lr 6.04e-02
[2022-03-20 10:09:58,964][INFO] [Epoch  91/200] trn/acc1 9.08e-01, trn/loss 7.90e-01, trn/loss_ce 2.76e-01, trn/loss_wd 1.03e+03, trn/lr 5.96e-02
[2022-03-20 10:10:02,473][INFO] [Epoch  92/200] trn/acc1 9.10e-01, trn/loss 7.83e-01, trn/loss_ce 2.72e-01, trn/loss_wd 1.02e+03, trn/lr 5.88e-02
[2022-03-20 10:10:05,970][INFO] [Epoch  93/200] trn/acc1 9.10e-01, trn/loss 7.79e-01, trn/loss_ce 2.71e-01, trn/loss_wd 1.02e+03, trn/lr 5.80e-02
[2022-03-20 10:10:09,473][INFO] [Epoch  94/200] trn/acc1 9.11e-01, trn/loss 7.73e-01, trn/loss_ce 2.68e-01, trn/loss_wd 1.01e+03, trn/lr 5.72e-02
[2022-03-20 10:10:12,973][INFO] [Epoch  95/200] trn/acc1 9.11e-01, trn/loss 7.66e-01, trn/loss_ce 2.62e-01, trn/loss_wd 1.01e+03, trn/lr 5.64e-02
[2022-03-20 10:10:16,479][INFO] [Epoch  96/200] trn/acc1 9.14e-01, trn/loss 7.56e-01, trn/loss_ce 2.54e-01, trn/loss_wd 1.00e+03, trn/lr 5.56e-02
[2022-03-20 10:10:19,977][INFO] [Epoch  97/200] trn/acc1 9.15e-01, trn/loss 7.49e-01, trn/loss_ce 2.52e-01, trn/loss_wd 9.94e+02, trn/lr 5.48e-02
[2022-03-20 10:10:23,541][INFO] [Epoch  98/200] trn/acc1 9.17e-01, trn/loss 7.35e-01, trn/loss_ce 2.42e-01, trn/loss_wd 9.84e+02, trn/lr 5.40e-02
[2022-03-20 10:10:27,043][INFO] [Epoch  99/200] trn/acc1 9.19e-01, trn/loss 7.31e-01, trn/loss_ce 2.44e-01, trn/loss_wd 9.76e+02, trn/lr 5.32e-02
[2022-03-20 10:10:30,571][INFO] [Epoch 100/200] trn/acc1 9.18e-01, trn/loss 7.29e-01, trn/loss_ce 2.45e-01, trn/loss_wd 9.69e+02, trn/lr 5.24e-02
[2022-03-20 10:10:30,666][INFO] [Epoch 100/200] Validation: val/acc1 0.8856, val/loss_ce 0.3725
[2022-03-20 10:10:34,458][INFO] [Epoch 101/200] trn/acc1 9.22e-01, trn/loss 7.13e-01, trn/loss_ce 2.33e-01, trn/loss_wd 9.61e+02, trn/lr 5.16e-02
[2022-03-20 10:10:37,950][INFO] [Epoch 102/200] trn/acc1 9.23e-01, trn/loss 7.07e-01, trn/loss_ce 2.30e-01, trn/loss_wd 9.53e+02, trn/lr 5.08e-02
[2022-03-20 10:10:41,468][INFO] [Epoch 103/200] trn/acc1 9.23e-01, trn/loss 7.01e-01, trn/loss_ce 2.28e-01, trn/loss_wd 9.46e+02, trn/lr 5.00e-02
[2022-03-20 10:10:44,975][INFO] [Epoch 104/200] trn/acc1 9.24e-01, trn/loss 6.97e-01, trn/loss_ce 2.29e-01, trn/loss_wd 9.36e+02, trn/lr 4.92e-02
[2022-03-20 10:10:48,484][INFO] [Epoch 105/200] trn/acc1 9.24e-01, trn/loss 6.92e-01, trn/loss_ce 2.27e-01, trn/loss_wd 9.30e+02, trn/lr 4.84e-02
[2022-03-20 10:10:51,978][INFO] [Epoch 106/200] trn/acc1 9.28e-01, trn/loss 6.74e-01, trn/loss_ce 2.12e-01, trn/loss_wd 9.24e+02, trn/lr 4.76e-02
[2022-03-20 10:10:55,477][INFO] [Epoch 107/200] trn/acc1 9.29e-01, trn/loss 6.68e-01, trn/loss_ce 2.11e-01, trn/loss_wd 9.16e+02, trn/lr 4.68e-02
[2022-03-20 10:10:58,974][INFO] [Epoch 108/200] trn/acc1 9.31e-01, trn/loss 6.60e-01, trn/loss_ce 2.06e-01, trn/loss_wd 9.08e+02, trn/lr 4.60e-02
[2022-03-20 10:11:02,473][INFO] [Epoch 109/200] trn/acc1 9.31e-01, trn/loss 6.55e-01, trn/loss_ce 2.04e-01, trn/loss_wd 9.01e+02, trn/lr 4.52e-02
[2022-03-20 10:11:05,974][INFO] [Epoch 110/200] trn/acc1 9.31e-01, trn/loss 6.50e-01, trn/loss_ce 2.03e-01, trn/loss_wd 8.94e+02, trn/lr 4.44e-02
[2022-03-20 10:11:09,487][INFO] [Epoch 111/200] trn/acc1 9.33e-01, trn/loss 6.43e-01, trn/loss_ce 1.99e-01, trn/loss_wd 8.88e+02, trn/lr 4.36e-02
[2022-03-20 10:11:12,999][INFO] [Epoch 112/200] trn/acc1 9.34e-01, trn/loss 6.37e-01, trn/loss_ce 1.95e-01, trn/loss_wd 8.83e+02, trn/lr 4.28e-02
[2022-03-20 10:11:16,507][INFO] [Epoch 113/200] trn/acc1 9.36e-01, trn/loss 6.26e-01, trn/loss_ce 1.89e-01, trn/loss_wd 8.74e+02, trn/lr 4.20e-02
[2022-03-20 10:11:20,013][INFO] [Epoch 114/200] trn/acc1 9.37e-01, trn/loss 6.20e-01, trn/loss_ce 1.86e-01, trn/loss_wd 8.68e+02, trn/lr 4.12e-02
[2022-03-20 10:11:23,514][INFO] [Epoch 115/200] trn/acc1 9.40e-01, trn/loss 6.11e-01, trn/loss_ce 1.80e-01, trn/loss_wd 8.61e+02, trn/lr 4.04e-02
[2022-03-20 10:11:27,016][INFO] [Epoch 116/200] trn/acc1 9.40e-01, trn/loss 6.02e-01, trn/loss_ce 1.75e-01, trn/loss_wd 8.54e+02, trn/lr 3.96e-02
[2022-03-20 10:11:30,513][INFO] [Epoch 117/200] trn/acc1 9.42e-01, trn/loss 5.95e-01, trn/loss_ce 1.73e-01, trn/loss_wd 8.45e+02, trn/lr 3.88e-02
[2022-03-20 10:11:34,008][INFO] [Epoch 118/200] trn/acc1 9.42e-01, trn/loss 5.87e-01, trn/loss_ce 1.69e-01, trn/loss_wd 8.36e+02, trn/lr 3.80e-02
[2022-03-20 10:11:37,506][INFO] [Epoch 119/200] trn/acc1 9.46e-01, trn/loss 5.73e-01, trn/loss_ce 1.60e-01, trn/loss_wd 8.27e+02, trn/lr 3.73e-02
[2022-03-20 10:11:41,005][INFO] [Epoch 120/200] trn/acc1 9.44e-01, trn/loss 5.71e-01, trn/loss_ce 1.62e-01, trn/loss_wd 8.19e+02, trn/lr 3.65e-02
[2022-03-20 10:11:41,100][INFO] [Epoch 120/200] Validation: val/acc1 0.8996, val/loss_ce 0.3201
[2022-03-20 10:11:44,891][INFO] [Epoch 121/200] trn/acc1 9.48e-01, trn/loss 5.63e-01, trn/loss_ce 1.57e-01, trn/loss_wd 8.12e+02, trn/lr 3.57e-02
[2022-03-20 10:11:48,390][INFO] [Epoch 122/200] trn/acc1 9.49e-01, trn/loss 5.52e-01, trn/loss_ce 1.49e-01, trn/loss_wd 8.05e+02, trn/lr 3.49e-02
[2022-03-20 10:11:51,889][INFO] [Epoch 123/200] trn/acc1 9.51e-01, trn/loss 5.44e-01, trn/loss_ce 1.46e-01, trn/loss_wd 7.96e+02, trn/lr 3.42e-02
[2022-03-20 10:11:55,472][INFO] [Epoch 124/200] trn/acc1 9.51e-01, trn/loss 5.39e-01, trn/loss_ce 1.46e-01, trn/loss_wd 7.87e+02, trn/lr 3.34e-02
[2022-03-20 10:11:58,965][INFO] [Epoch 125/200] trn/acc1 9.53e-01, trn/loss 5.28e-01, trn/loss_ce 1.39e-01, trn/loss_wd 7.79e+02, trn/lr 3.26e-02
[2022-03-20 10:12:02,462][INFO] [Epoch 126/200] trn/acc1 9.53e-01, trn/loss 5.22e-01, trn/loss_ce 1.36e-01, trn/loss_wd 7.73e+02, trn/lr 3.19e-02
[2022-03-20 10:12:05,967][INFO] [Epoch 127/200] trn/acc1 9.53e-01, trn/loss 5.16e-01, trn/loss_ce 1.34e-01, trn/loss_wd 7.64e+02, trn/lr 3.11e-02
[2022-03-20 10:12:09,467][INFO] [Epoch 128/200] trn/acc1 9.57e-01, trn/loss 5.03e-01, trn/loss_ce 1.26e-01, trn/loss_wd 7.55e+02, trn/lr 3.04e-02
[2022-03-20 10:12:12,970][INFO] [Epoch 129/200] trn/acc1 9.58e-01, trn/loss 4.97e-01, trn/loss_ce 1.23e-01, trn/loss_wd 7.46e+02, trn/lr 2.97e-02
[2022-03-20 10:12:16,472][INFO] [Epoch 130/200] trn/acc1 9.59e-01, trn/loss 4.89e-01, trn/loss_ce 1.20e-01, trn/loss_wd 7.38e+02, trn/lr 2.89e-02
[2022-03-20 10:12:20,000][INFO] [Epoch 131/200] trn/acc1 9.59e-01, trn/loss 4.83e-01, trn/loss_ce 1.19e-01, trn/loss_wd 7.29e+02, trn/lr 2.82e-02
[2022-03-20 10:12:23,511][INFO] [Epoch 132/200] trn/acc1 9.61e-01, trn/loss 4.76e-01, trn/loss_ce 1.15e-01, trn/loss_wd 7.22e+02, trn/lr 2.75e-02
[2022-03-20 10:12:27,027][INFO] [Epoch 133/200] trn/acc1 9.62e-01, trn/loss 4.66e-01, trn/loss_ce 1.09e-01, trn/loss_wd 7.14e+02, trn/lr 2.68e-02
[2022-03-20 10:12:30,546][INFO] [Epoch 134/200] trn/acc1 9.62e-01, trn/loss 4.61e-01, trn/loss_ce 1.07e-01, trn/loss_wd 7.07e+02, trn/lr 2.61e-02
[2022-03-20 10:12:34,052][INFO] [Epoch 135/200] trn/acc1 9.66e-01, trn/loss 4.50e-01, trn/loss_ce 1.00e-01, trn/loss_wd 6.99e+02, trn/lr 2.54e-02
[2022-03-20 10:12:37,560][INFO] [Epoch 136/200] trn/acc1 9.68e-01, trn/loss 4.41e-01, trn/loss_ce 9.64e-02, trn/loss_wd 6.89e+02, trn/lr 2.47e-02
[2022-03-20 10:12:41,063][INFO] [Epoch 137/200] trn/acc1 9.68e-01, trn/loss 4.33e-01, trn/loss_ce 9.28e-02, trn/loss_wd 6.81e+02, trn/lr 2.40e-02
[2022-03-20 10:12:44,569][INFO] [Epoch 138/200] trn/acc1 9.70e-01, trn/loss 4.24e-01, trn/loss_ce 8.74e-02, trn/loss_wd 6.73e+02, trn/lr 2.33e-02
[2022-03-20 10:12:48,070][INFO] [Epoch 139/200] trn/acc1 9.70e-01, trn/loss 4.20e-01, trn/loss_ce 8.83e-02, trn/loss_wd 6.64e+02, trn/lr 2.26e-02
[2022-03-20 10:12:51,578][INFO] [Epoch 140/200] trn/acc1 9.72e-01, trn/loss 4.08e-01, trn/loss_ce 8.09e-02, trn/loss_wd 6.54e+02, trn/lr 2.19e-02
[2022-03-20 10:12:51,672][INFO] [Epoch 140/200] Validation: val/acc1 0.8990, val/loss_ce 0.3675
[2022-03-20 10:12:55,309][INFO] [Epoch 141/200] trn/acc1 9.73e-01, trn/loss 4.02e-01, trn/loss_ce 7.97e-02, trn/loss_wd 6.45e+02, trn/lr 2.13e-02
[2022-03-20 10:12:58,822][INFO] [Epoch 142/200] trn/acc1 9.76e-01, trn/loss 3.91e-01, trn/loss_ce 7.34e-02, trn/loss_wd 6.36e+02, trn/lr 2.06e-02
[2022-03-20 10:13:02,329][INFO] [Epoch 143/200] trn/acc1 9.75e-01, trn/loss 3.86e-01, trn/loss_ce 7.26e-02, trn/loss_wd 6.27e+02, trn/lr 2.00e-02
[2022-03-20 10:13:05,835][INFO] [Epoch 144/200] trn/acc1 9.77e-01, trn/loss 3.75e-01, trn/loss_ce 6.61e-02, trn/loss_wd 6.17e+02, trn/lr 1.93e-02
[2022-03-20 10:13:09,344][INFO] [Epoch 145/200] trn/acc1 9.77e-01, trn/loss 3.72e-01, trn/loss_ce 6.75e-02, trn/loss_wd 6.09e+02, trn/lr 1.87e-02
[2022-03-20 10:13:12,863][INFO] [Epoch 146/200] trn/acc1 9.78e-01, trn/loss 3.63e-01, trn/loss_ce 6.28e-02, trn/loss_wd 6.01e+02, trn/lr 1.81e-02
[2022-03-20 10:13:16,376][INFO] [Epoch 147/200] trn/acc1 9.80e-01, trn/loss 3.54e-01, trn/loss_ce 5.82e-02, trn/loss_wd 5.92e+02, trn/lr 1.75e-02
[2022-03-20 10:13:19,896][INFO] [Epoch 148/200] trn/acc1 9.80e-01, trn/loss 3.50e-01, trn/loss_ce 5.83e-02, trn/loss_wd 5.83e+02, trn/lr 1.68e-02
[2022-03-20 10:13:23,513][INFO] [Epoch 149/200] trn/acc1 9.83e-01, trn/loss 3.40e-01, trn/loss_ce 5.24e-02, trn/loss_wd 5.75e+02, trn/lr 1.62e-02
[2022-03-20 10:13:27,031][INFO] [Epoch 150/200] trn/acc1 9.83e-01, trn/loss 3.31e-01, trn/loss_ce 4.88e-02, trn/loss_wd 5.65e+02, trn/lr 1.57e-02
[2022-03-20 10:13:30,548][INFO] [Epoch 151/200] trn/acc1 9.84e-01, trn/loss 3.25e-01, trn/loss_ce 4.66e-02, trn/loss_wd 5.57e+02, trn/lr 1.51e-02
[2022-03-20 10:13:34,065][INFO] [Epoch 152/200] trn/acc1 9.87e-01, trn/loss 3.16e-01, trn/loss_ce 4.18e-02, trn/loss_wd 5.48e+02, trn/lr 1.45e-02
[2022-03-20 10:13:37,586][INFO] [Epoch 153/200] trn/acc1 9.87e-01, trn/loss 3.11e-01, trn/loss_ce 4.14e-02, trn/loss_wd 5.39e+02, trn/lr 1.39e-02
[2022-03-20 10:13:41,105][INFO] [Epoch 154/200] trn/acc1 9.88e-01, trn/loss 3.01e-01, trn/loss_ce 3.62e-02, trn/loss_wd 5.30e+02, trn/lr 1.34e-02
[2022-03-20 10:13:44,621][INFO] [Epoch 155/200] trn/acc1 9.89e-01, trn/loss 2.96e-01, trn/loss_ce 3.48e-02, trn/loss_wd 5.22e+02, trn/lr 1.28e-02
[2022-03-20 10:13:48,133][INFO] [Epoch 156/200] trn/acc1 9.90e-01, trn/loss 2.89e-01, trn/loss_ce 3.25e-02, trn/loss_wd 5.13e+02, trn/lr 1.23e-02
[2022-03-20 10:13:51,637][INFO] [Epoch 157/200] trn/acc1 9.90e-01, trn/loss 2.83e-01, trn/loss_ce 3.09e-02, trn/loss_wd 5.05e+02, trn/lr 1.18e-02
[2022-03-20 10:13:55,141][INFO] [Epoch 158/200] trn/acc1 9.92e-01, trn/loss 2.74e-01, trn/loss_ce 2.58e-02, trn/loss_wd 4.97e+02, trn/lr 1.13e-02
[2022-03-20 10:13:58,644][INFO] [Epoch 159/200] trn/acc1 9.93e-01, trn/loss 2.68e-01, trn/loss_ce 2.37e-02, trn/loss_wd 4.88e+02, trn/lr 1.08e-02
[2022-03-20 10:14:02,152][INFO] [Epoch 160/200] trn/acc1 9.92e-01, trn/loss 2.66e-01, trn/loss_ce 2.59e-02, trn/loss_wd 4.80e+02, trn/lr 1.03e-02
[2022-03-20 10:14:02,246][INFO] [Epoch 160/200] Validation: val/acc1 0.9224, val/loss_ce 0.3018
[2022-03-20 10:14:06,038][INFO] [Epoch 161/200] trn/acc1 9.94e-01, trn/loss 2.57e-01, trn/loss_ce 2.10e-02, trn/loss_wd 4.72e+02, trn/lr 9.79e-03
[2022-03-20 10:14:09,551][INFO] [Epoch 162/200] trn/acc1 9.95e-01, trn/loss 2.50e-01, trn/loss_ce 1.79e-02, trn/loss_wd 4.65e+02, trn/lr 9.31e-03
[2022-03-20 10:14:13,067][INFO] [Epoch 163/200] trn/acc1 9.95e-01, trn/loss 2.47e-01, trn/loss_ce 1.79e-02, trn/loss_wd 4.58e+02, trn/lr 8.85e-03
[2022-03-20 10:14:16,570][INFO] [Epoch 164/200] trn/acc1 9.95e-01, trn/loss 2.43e-01, trn/loss_ce 1.75e-02, trn/loss_wd 4.51e+02, trn/lr 8.40e-03
[2022-03-20 10:14:20,085][INFO] [Epoch 165/200] trn/acc1 9.96e-01, trn/loss 2.36e-01, trn/loss_ce 1.39e-02, trn/loss_wd 4.44e+02, trn/lr 7.96e-03
[2022-03-20 10:14:23,614][INFO] [Epoch 166/200] trn/acc1 9.96e-01, trn/loss 2.35e-01, trn/loss_ce 1.60e-02, trn/loss_wd 4.38e+02, trn/lr 7.53e-03
[2022-03-20 10:14:27,137][INFO] [Epoch 167/200] trn/acc1 9.97e-01, trn/loss 2.28e-01, trn/loss_ce 1.21e-02, trn/loss_wd 4.32e+02, trn/lr 7.11e-03
[2022-03-20 10:14:30,651][INFO] [Epoch 168/200] trn/acc1 9.97e-01, trn/loss 2.25e-01, trn/loss_ce 1.20e-02, trn/loss_wd 4.26e+02, trn/lr 6.70e-03
[2022-03-20 10:14:34,169][INFO] [Epoch 169/200] trn/acc1 9.98e-01, trn/loss 2.20e-01, trn/loss_ce 9.82e-03, trn/loss_wd 4.20e+02, trn/lr 6.30e-03
[2022-03-20 10:14:37,678][INFO] [Epoch 170/200] trn/acc1 9.97e-01, trn/loss 2.18e-01, trn/loss_ce 1.04e-02, trn/loss_wd 4.15e+02, trn/lr 5.92e-03
[2022-03-20 10:14:41,189][INFO] [Epoch 171/200] trn/acc1 9.98e-01, trn/loss 2.14e-01, trn/loss_ce 9.21e-03, trn/loss_wd 4.10e+02, trn/lr 5.54e-03
[2022-03-20 10:14:44,703][INFO] [Epoch 172/200] trn/acc1 9.98e-01, trn/loss 2.11e-01, trn/loss_ce 8.76e-03, trn/loss_wd 4.05e+02, trn/lr 5.18e-03
[2022-03-20 10:14:48,221][INFO] [Epoch 173/200] trn/acc1 9.98e-01, trn/loss 2.08e-01, trn/loss_ce 7.95e-03, trn/loss_wd 4.00e+02, trn/lr 4.83e-03
[2022-03-20 10:14:51,735][INFO] [Epoch 174/200] trn/acc1 9.99e-01, trn/loss 2.05e-01, trn/loss_ce 6.42e-03, trn/loss_wd 3.96e+02, trn/lr 4.49e-03
[2022-03-20 10:14:55,258][INFO] [Epoch 175/200] trn/acc1 9.98e-01, trn/loss 2.04e-01, trn/loss_ce 7.65e-03, trn/loss_wd 3.92e+02, trn/lr 4.16e-03
[2022-03-20 10:14:58,779][INFO] [Epoch 176/200] trn/acc1 9.99e-01, trn/loss 2.01e-01, trn/loss_ce 6.28e-03, trn/loss_wd 3.89e+02, trn/lr 3.85e-03
[2022-03-20 10:15:02,302][INFO] [Epoch 177/200] trn/acc1 9.99e-01, trn/loss 1.98e-01, trn/loss_ce 5.60e-03, trn/loss_wd 3.85e+02, trn/lr 3.54e-03
[2022-03-20 10:15:05,914][INFO] [Epoch 178/200] trn/acc1 9.99e-01, trn/loss 1.97e-01, trn/loss_ce 6.08e-03, trn/loss_wd 3.82e+02, trn/lr 3.25e-03
[2022-03-20 10:15:09,435][INFO] [Epoch 179/200] trn/acc1 9.99e-01, trn/loss 1.95e-01, trn/loss_ce 5.41e-03, trn/loss_wd 3.79e+02, trn/lr 2.97e-03
[2022-03-20 10:15:12,947][INFO] [Epoch 180/200] trn/acc1 9.99e-01, trn/loss 1.93e-01, trn/loss_ce 5.00e-03, trn/loss_wd 3.77e+02, trn/lr 2.70e-03
[2022-03-20 10:15:13,043][INFO] [Epoch 180/200] Validation: val/acc1 0.9232, val/loss_ce 0.3006
[2022-03-20 10:15:16,850][INFO] [Epoch 181/200] trn/acc1 9.99e-01, trn/loss 1.92e-01, trn/loss_ce 5.10e-03, trn/loss_wd 3.74e+02, trn/lr 2.45e-03
[2022-03-20 10:15:16,944][INFO] [Epoch 181/200] Validation: val/acc1 0.9276, val/loss_ce 0.2955
[2022-03-20 10:15:20,760][INFO] [Epoch 182/200] trn/acc1 9.99e-01, trn/loss 1.91e-01, trn/loss_ce 5.12e-03, trn/loss_wd 3.72e+02, trn/lr 2.21e-03
[2022-03-20 10:15:20,855][INFO] [Epoch 182/200] Validation: val/acc1 0.9294, val/loss_ce 0.2946
[2022-03-20 10:15:24,656][INFO] [Epoch 183/200] trn/acc1 9.99e-01, trn/loss 1.90e-01, trn/loss_ce 4.38e-03, trn/loss_wd 3.70e+02, trn/lr 1.97e-03
[2022-03-20 10:15:24,750][INFO] [Epoch 183/200] Validation: val/acc1 0.9278, val/loss_ce 0.2897
[2022-03-20 10:15:28,471][INFO] [Epoch 184/200] trn/acc1 9.99e-01, trn/loss 1.89e-01, trn/loss_ce 4.73e-03, trn/loss_wd 3.69e+02, trn/lr 1.76e-03
[2022-03-20 10:15:28,567][INFO] [Epoch 184/200] Validation: val/acc1 0.9282, val/loss_ce 0.3035
[2022-03-20 10:15:32,198][INFO] [Epoch 185/200] trn/acc1 9.99e-01, trn/loss 1.88e-01, trn/loss_ce 4.68e-03, trn/loss_wd 3.67e+02, trn/lr 1.55e-03
[2022-03-20 10:15:32,293][INFO] [Epoch 185/200] Validation: val/acc1 0.9250, val/loss_ce 0.2940
[2022-03-20 10:15:35,918][INFO] [Epoch 186/200] trn/acc1 9.99e-01, trn/loss 1.87e-01, trn/loss_ce 4.43e-03, trn/loss_wd 3.66e+02, trn/lr 1.36e-03
[2022-03-20 10:15:36,012][INFO] [Epoch 186/200] Validation: val/acc1 0.9262, val/loss_ce 0.2935
[2022-03-20 10:15:39,639][INFO] [Epoch 187/200] trn/acc1 9.99e-01, trn/loss 1.87e-01, trn/loss_ce 4.26e-03, trn/loss_wd 3.65e+02, trn/lr 1.18e-03
[2022-03-20 10:15:39,733][INFO] [Epoch 187/200] Validation: val/acc1 0.9264, val/loss_ce 0.2920
[2022-03-20 10:15:43,368][INFO] [Epoch 188/200] trn/acc1 1.00e+00, trn/loss 1.86e-01, trn/loss_ce 3.66e-03, trn/loss_wd 3.64e+02, trn/lr 1.01e-03
[2022-03-20 10:15:43,462][INFO] [Epoch 188/200] Validation: val/acc1 0.9264, val/loss_ce 0.2945
[2022-03-20 10:15:47,100][INFO] [Epoch 189/200] trn/acc1 1.00e+00, trn/loss 1.85e-01, trn/loss_ce 3.71e-03, trn/loss_wd 3.63e+02, trn/lr 8.56e-04
[2022-03-20 10:15:47,194][INFO] [Epoch 189/200] Validation: val/acc1 0.9270, val/loss_ce 0.2968
[2022-03-20 10:15:50,830][INFO] [Epoch 190/200] trn/acc1 9.99e-01, trn/loss 1.85e-01, trn/loss_ce 3.64e-03, trn/loss_wd 3.62e+02, trn/lr 7.14e-04
[2022-03-20 10:15:50,925][INFO] [Epoch 190/200] Validation: val/acc1 0.9276, val/loss_ce 0.3024
[2022-03-20 10:15:54,566][INFO] [Epoch 191/200] trn/acc1 9.99e-01, trn/loss 1.85e-01, trn/loss_ce 3.76e-03, trn/loss_wd 3.62e+02, trn/lr 5.85e-04
[2022-03-20 10:15:54,661][INFO] [Epoch 191/200] Validation: val/acc1 0.9270, val/loss_ce 0.2931
[2022-03-20 10:15:58,288][INFO] [Epoch 192/200] trn/acc1 1.00e+00, trn/loss 1.84e-01, trn/loss_ce 3.40e-03, trn/loss_wd 3.61e+02, trn/lr 4.69e-04
[2022-03-20 10:15:58,382][INFO] [Epoch 192/200] Validation: val/acc1 0.9286, val/loss_ce 0.2938
[2022-03-20 10:16:02,016][INFO] [Epoch 193/200] trn/acc1 1.00e+00, trn/loss 1.84e-01, trn/loss_ce 3.37e-03, trn/loss_wd 3.61e+02, trn/lr 3.65e-04
[2022-03-20 10:16:02,110][INFO] [Epoch 193/200] Validation: val/acc1 0.9278, val/loss_ce 0.2955
[2022-03-20 10:16:05,738][INFO] [Epoch 194/200] trn/acc1 1.00e+00, trn/loss 1.84e-01, trn/loss_ce 3.47e-03, trn/loss_wd 3.60e+02, trn/lr 2.75e-04
[2022-03-20 10:16:05,832][INFO] [Epoch 194/200] Validation: val/acc1 0.9290, val/loss_ce 0.2955
[2022-03-20 10:16:09,478][INFO] [Epoch 195/200] trn/acc1 1.00e+00, trn/loss 1.83e-01, trn/loss_ce 3.36e-03, trn/loss_wd 3.60e+02, trn/lr 1.97e-04
[2022-03-20 10:16:09,572][INFO] [Epoch 195/200] Validation: val/acc1 0.9282, val/loss_ce 0.2952
[2022-03-20 10:16:13,210][INFO] [Epoch 196/200] trn/acc1 1.00e+00, trn/loss 1.83e-01, trn/loss_ce 3.09e-03, trn/loss_wd 3.60e+02, trn/lr 1.32e-04
[2022-03-20 10:16:13,303][INFO] [Epoch 196/200] Validation: val/acc1 0.9284, val/loss_ce 0.2955
[2022-03-20 10:16:16,926][INFO] [Epoch 197/200] trn/acc1 9.99e-01, trn/loss 1.84e-01, trn/loss_ce 3.59e-03, trn/loss_wd 3.60e+02, trn/lr 8.01e-05
[2022-03-20 10:16:17,019][INFO] [Epoch 197/200] Validation: val/acc1 0.9288, val/loss_ce 0.2963
[2022-03-20 10:16:20,653][INFO] [Epoch 198/200] trn/acc1 1.00e+00, trn/loss 1.83e-01, trn/loss_ce 3.25e-03, trn/loss_wd 3.60e+02, trn/lr 4.11e-05
[2022-03-20 10:16:20,747][INFO] [Epoch 198/200] Validation: val/acc1 0.9292, val/loss_ce 0.2959
[2022-03-20 10:16:24,386][INFO] [Epoch 199/200] trn/acc1 1.00e+00, trn/loss 1.83e-01, trn/loss_ce 3.30e-03, trn/loss_wd 3.60e+02, trn/lr 1.52e-05
[2022-03-20 10:16:24,479][INFO] [Epoch 199/200] Validation: val/acc1 0.9292, val/loss_ce 0.2960
[2022-03-20 10:16:28,100][INFO] [Epoch 200/200] trn/acc1 1.00e+00, trn/loss 1.83e-01, trn/loss_ce 3.29e-03, trn/loss_wd 3.60e+02, trn/lr 2.17e-06
[2022-03-20 10:16:28,195][INFO] [Epoch 200/200] Validation: val/acc1 0.9292, val/loss_ce 0.2960
