[2022-02-05 12:12:07,071][INFO] Environments:
------------  ---------------------------------------------------------------------------
sys.platform  linux
Python        3.7.11 (default, Nov 23 2021, 05:29:02) [GCC 7.5.0]
JAX           0.2.27 @/mnt/data1/giung/venvs/jax0.2.27/lib/python3.7/site-packages/jax
jaxlib        0.1.75 @/mnt/data1/giung/venvs/jax0.2.27/lib/python3.7/site-packages/jaxlib
Flax          0.4.0 @/mnt/data1/giung/venvs/jax0.2.27/lib/python3.7/site-packages/flax
Optax         0.1.0 @/mnt/data1/giung/venvs/jax0.2.27/lib/python3.7/site-packages/optax
------------  ---------------------------------------------------------------------------

[2022-02-05 12:12:07,071][INFO] Command line arguments:
Namespace(batch_size=128, config_file='./configs/C10_WRN28x10-BN-ReLU_SGD.yaml', keep_every_n_checkpoints=None, learning_rate=0.1, num_epochs=200, num_warmup_epochs=5, opts=[], output_dir='./outputs/C10_WRN28x10-BN-ReLU/SGD/s42_e200_wd5e-4_1GPU/', seed=42, weight_decay=0.0005)

[2022-02-05 12:12:07,071][INFO] Using a random seed 42

[2022-02-05 12:12:07,196][INFO] Unable to initialize backend 'tpu_driver': NOT_FOUND: Unable to find driver in registry given worker: 
[2022-02-05 12:12:07,422][INFO] Unable to initialize backend 'tpu': INVALID_ARGUMENT: TpuPlatform is not available.
[2022-02-05 12:13:33,903][INFO] Found no checkpoint files in outputs/C10_WRN28x10-BN-ReLU/SGD/s42_e200_wd5e-4_1GPU
[2022-02-05 12:14:34,350][INFO] [Epoch   1/200] trn/acc1 3.73e-01, trn/loss 8.93e+00, trn/loss_ce 1.72e+00, trn/loss_wd 1.44e+04, trn/lr 9.97e-03
[2022-02-05 12:14:38,428][INFO] [Epoch   1/200] Validation: val/acc1 0.4910, val/loss_ce 1.4333
[2022-02-05 12:15:39,727][INFO] [Epoch   2/200] trn/acc1 5.89e-01, trn/loss 7.88e+00, trn/loss_ce 1.14e+00, trn/loss_wd 1.35e+04, trn/lr 3.00e-02
[2022-02-05 12:16:25,969][INFO] [Epoch   3/200] trn/acc1 6.81e-01, trn/loss 6.80e+00, trn/loss_ce 9.09e-01, trn/loss_wd 1.18e+04, trn/lr 5.00e-02
[2022-02-05 12:17:12,269][INFO] [Epoch   4/200] trn/acc1 7.35e-01, trn/loss 5.58e+00, trn/loss_ce 7.63e-01, trn/loss_wd 9.64e+03, trn/lr 7.00e-02
[2022-02-05 12:17:58,557][INFO] [Epoch   5/200] trn/acc1 7.71e-01, trn/loss 4.37e+00, trn/loss_ce 6.57e-01, trn/loss_wd 7.42e+03, trn/lr 9.00e-02
[2022-02-05 12:18:44,859][INFO] [Epoch   6/200] trn/acc1 8.03e-01, trn/loss 3.30e+00, trn/loss_ce 5.73e-01, trn/loss_wd 5.46e+03, trn/lr 1.00e-01
[2022-02-05 12:19:31,135][INFO] [Epoch   7/200] trn/acc1 8.25e-01, trn/loss 2.53e+00, trn/loss_ce 5.19e-01, trn/loss_wd 4.02e+03, trn/lr 1.00e-01
[2022-02-05 12:20:17,421][INFO] [Epoch   8/200] trn/acc1 8.37e-01, trn/loss 1.98e+00, trn/loss_ce 4.76e-01, trn/loss_wd 3.01e+03, trn/lr 1.00e-01
[2022-02-05 12:21:03,680][INFO] [Epoch   9/200] trn/acc1 8.49e-01, trn/loss 1.60e+00, trn/loss_ce 4.44e-01, trn/loss_wd 2.31e+03, trn/lr 9.99e-02
[2022-02-05 12:21:49,936][INFO] [Epoch  10/200] trn/acc1 8.54e-01, trn/loss 1.34e+00, trn/loss_ce 4.26e-01, trn/loss_wd 1.82e+03, trn/lr 9.99e-02
[2022-02-05 12:22:36,167][INFO] [Epoch  11/200] trn/acc1 8.62e-01, trn/loss 1.15e+00, trn/loss_ce 4.06e-01, trn/loss_wd 1.49e+03, trn/lr 9.98e-02
[2022-02-05 12:23:22,395][INFO] [Epoch  12/200] trn/acc1 8.67e-01, trn/loss 1.02e+00, trn/loss_ce 3.88e-01, trn/loss_wd 1.26e+03, trn/lr 9.97e-02
[2022-02-05 12:24:08,598][INFO] [Epoch  13/200] trn/acc1 8.69e-01, trn/loss 9.36e-01, trn/loss_ce 3.84e-01, trn/loss_wd 1.11e+03, trn/lr 9.96e-02
[2022-02-05 12:24:54,797][INFO] [Epoch  14/200] trn/acc1 8.73e-01, trn/loss 8.77e-01, trn/loss_ce 3.76e-01, trn/loss_wd 1.00e+03, trn/lr 9.95e-02
[2022-02-05 12:25:40,991][INFO] [Epoch  15/200] trn/acc1 8.73e-01, trn/loss 8.40e-01, trn/loss_ce 3.72e-01, trn/loss_wd 9.37e+02, trn/lr 9.94e-02
[2022-02-05 12:26:27,192][INFO] [Epoch  16/200] trn/acc1 8.77e-01, trn/loss 8.10e-01, trn/loss_ce 3.61e-01, trn/loss_wd 8.98e+02, trn/lr 9.93e-02
[2022-02-05 12:27:13,375][INFO] [Epoch  17/200] trn/acc1 8.79e-01, trn/loss 7.93e-01, trn/loss_ce 3.56e-01, trn/loss_wd 8.74e+02, trn/lr 9.91e-02
[2022-02-05 12:27:59,563][INFO] [Epoch  18/200] trn/acc1 8.81e-01, trn/loss 7.77e-01, trn/loss_ce 3.48e-01, trn/loss_wd 8.58e+02, trn/lr 9.90e-02
[2022-02-05 12:28:45,758][INFO] [Epoch  19/200] trn/acc1 8.84e-01, trn/loss 7.65e-01, trn/loss_ce 3.40e-01, trn/loss_wd 8.49e+02, trn/lr 9.88e-02
[2022-02-05 12:29:31,981][INFO] [Epoch  20/200] trn/acc1 8.85e-01, trn/loss 7.58e-01, trn/loss_ce 3.35e-01, trn/loss_wd 8.45e+02, trn/lr 9.86e-02
[2022-02-05 12:29:33,615][INFO] [Epoch  20/200] Validation: val/acc1 0.8514, val/loss_ce 0.4455
[2022-02-05 12:30:37,227][INFO] [Epoch  21/200] trn/acc1 8.87e-01, trn/loss 7.52e-01, trn/loss_ce 3.29e-01, trn/loss_wd 8.45e+02, trn/lr 9.84e-02
[2022-02-05 12:31:23,425][INFO] [Epoch  22/200] trn/acc1 8.90e-01, trn/loss 7.44e-01, trn/loss_ce 3.23e-01, trn/loss_wd 8.43e+02, trn/lr 9.82e-02
[2022-02-05 12:32:09,675][INFO] [Epoch  23/200] trn/acc1 8.92e-01, trn/loss 7.39e-01, trn/loss_ce 3.17e-01, trn/loss_wd 8.44e+02, trn/lr 9.80e-02
[2022-02-05 12:32:55,930][INFO] [Epoch  24/200] trn/acc1 8.92e-01, trn/loss 7.37e-01, trn/loss_ce 3.14e-01, trn/loss_wd 8.46e+02, trn/lr 9.78e-02
[2022-02-05 12:33:42,169][INFO] [Epoch  25/200] trn/acc1 8.94e-01, trn/loss 7.38e-01, trn/loss_ce 3.12e-01, trn/loss_wd 8.51e+02, trn/lr 9.76e-02
[2022-02-05 12:34:28,388][INFO] [Epoch  26/200] trn/acc1 8.98e-01, trn/loss 7.26e-01, trn/loss_ce 3.01e-01, trn/loss_wd 8.50e+02, trn/lr 9.73e-02
[2022-02-05 12:35:14,614][INFO] [Epoch  27/200] trn/acc1 8.95e-01, trn/loss 7.33e-01, trn/loss_ce 3.06e-01, trn/loss_wd 8.54e+02, trn/lr 9.70e-02
[2022-02-05 12:36:00,815][INFO] [Epoch  28/200] trn/acc1 8.97e-01, trn/loss 7.28e-01, trn/loss_ce 2.99e-01, trn/loss_wd 8.57e+02, trn/lr 9.68e-02
[2022-02-05 12:36:47,014][INFO] [Epoch  29/200] trn/acc1 8.99e-01, trn/loss 7.27e-01, trn/loss_ce 2.96e-01, trn/loss_wd 8.62e+02, trn/lr 9.65e-02
[2022-02-05 12:37:33,190][INFO] [Epoch  30/200] trn/acc1 9.00e-01, trn/loss 7.27e-01, trn/loss_ce 2.93e-01, trn/loss_wd 8.67e+02, trn/lr 9.62e-02
[2022-02-05 12:38:19,371][INFO] [Epoch  31/200] trn/acc1 9.02e-01, trn/loss 7.23e-01, trn/loss_ce 2.86e-01, trn/loss_wd 8.74e+02, trn/lr 9.58e-02
[2022-02-05 12:39:05,542][INFO] [Epoch  32/200] trn/acc1 9.03e-01, trn/loss 7.23e-01, trn/loss_ce 2.85e-01, trn/loss_wd 8.76e+02, trn/lr 9.55e-02
[2022-02-05 12:39:51,711][INFO] [Epoch  33/200] trn/acc1 9.04e-01, trn/loss 7.18e-01, trn/loss_ce 2.81e-01, trn/loss_wd 8.74e+02, trn/lr 9.52e-02
[2022-02-05 12:40:37,886][INFO] [Epoch  34/200] trn/acc1 9.05e-01, trn/loss 7.18e-01, trn/loss_ce 2.80e-01, trn/loss_wd 8.75e+02, trn/lr 9.48e-02
[2022-02-05 12:41:24,039][INFO] [Epoch  35/200] trn/acc1 9.04e-01, trn/loss 7.18e-01, trn/loss_ce 2.77e-01, trn/loss_wd 8.81e+02, trn/lr 9.45e-02
[2022-02-05 12:42:10,207][INFO] [Epoch  36/200] trn/acc1 9.05e-01, trn/loss 7.20e-01, trn/loss_ce 2.78e-01, trn/loss_wd 8.84e+02, trn/lr 9.41e-02
[2022-02-05 12:42:56,377][INFO] [Epoch  37/200] trn/acc1 9.06e-01, trn/loss 7.19e-01, trn/loss_ce 2.74e-01, trn/loss_wd 8.89e+02, trn/lr 9.37e-02
[2022-02-05 12:43:42,544][INFO] [Epoch  38/200] trn/acc1 9.08e-01, trn/loss 7.13e-01, trn/loss_ce 2.68e-01, trn/loss_wd 8.91e+02, trn/lr 9.33e-02
[2022-02-05 12:44:28,699][INFO] [Epoch  39/200] trn/acc1 9.09e-01, trn/loss 7.12e-01, trn/loss_ce 2.66e-01, trn/loss_wd 8.92e+02, trn/lr 9.29e-02
[2022-02-05 12:45:14,863][INFO] [Epoch  40/200] trn/acc1 9.11e-01, trn/loss 7.08e-01, trn/loss_ce 2.63e-01, trn/loss_wd 8.90e+02, trn/lr 9.25e-02
[2022-02-05 12:45:16,496][INFO] [Epoch  40/200] Validation: val/acc1 0.8464, val/loss_ce 0.4789
[2022-02-05 12:46:07,748][INFO] [Epoch  41/200] trn/acc1 9.09e-01, trn/loss 7.10e-01, trn/loss_ce 2.66e-01, trn/loss_wd 8.89e+02, trn/lr 9.20e-02
[2022-02-05 12:46:53,864][INFO] [Epoch  42/200] trn/acc1 9.12e-01, trn/loss 7.07e-01, trn/loss_ce 2.59e-01, trn/loss_wd 8.95e+02, trn/lr 9.16e-02
[2022-02-05 12:47:40,004][INFO] [Epoch  43/200] trn/acc1 9.12e-01, trn/loss 7.06e-01, trn/loss_ce 2.57e-01, trn/loss_wd 8.97e+02, trn/lr 9.11e-02
[2022-02-05 12:48:26,163][INFO] [Epoch  44/200] trn/acc1 9.11e-01, trn/loss 7.05e-01, trn/loss_ce 2.57e-01, trn/loss_wd 8.96e+02, trn/lr 9.07e-02
[2022-02-05 12:49:12,317][INFO] [Epoch  45/200] trn/acc1 9.13e-01, trn/loss 7.03e-01, trn/loss_ce 2.55e-01, trn/loss_wd 8.96e+02, trn/lr 9.02e-02
[2022-02-05 12:49:58,466][INFO] [Epoch  46/200] trn/acc1 9.12e-01, trn/loss 7.04e-01, trn/loss_ce 2.55e-01, trn/loss_wd 8.98e+02, trn/lr 8.97e-02
[2022-02-05 12:50:44,607][INFO] [Epoch  47/200] trn/acc1 9.15e-01, trn/loss 6.96e-01, trn/loss_ce 2.47e-01, trn/loss_wd 8.98e+02, trn/lr 8.92e-02
[2022-02-05 12:51:30,730][INFO] [Epoch  48/200] trn/acc1 9.15e-01, trn/loss 6.96e-01, trn/loss_ce 2.47e-01, trn/loss_wd 8.98e+02, trn/lr 8.87e-02
[2022-02-05 12:52:16,868][INFO] [Epoch  49/200] trn/acc1 9.17e-01, trn/loss 6.91e-01, trn/loss_ce 2.43e-01, trn/loss_wd 8.96e+02, trn/lr 8.82e-02
[2022-02-05 12:53:03,008][INFO] [Epoch  50/200] trn/acc1 9.20e-01, trn/loss 6.84e-01, trn/loss_ce 2.39e-01, trn/loss_wd 8.90e+02, trn/lr 8.77e-02
[2022-02-05 12:53:49,139][INFO] [Epoch  51/200] trn/acc1 9.16e-01, trn/loss 6.88e-01, trn/loss_ce 2.44e-01, trn/loss_wd 8.88e+02, trn/lr 8.72e-02
[2022-02-05 12:54:35,285][INFO] [Epoch  52/200] trn/acc1 9.17e-01, trn/loss 6.86e-01, trn/loss_ce 2.40e-01, trn/loss_wd 8.91e+02, trn/lr 8.66e-02
[2022-02-05 12:55:21,461][INFO] [Epoch  53/200] trn/acc1 9.20e-01, trn/loss 6.81e-01, trn/loss_ce 2.36e-01, trn/loss_wd 8.91e+02, trn/lr 8.61e-02
[2022-02-05 12:56:07,674][INFO] [Epoch  54/200] trn/acc1 9.19e-01, trn/loss 6.81e-01, trn/loss_ce 2.37e-01, trn/loss_wd 8.89e+02, trn/lr 8.55e-02
[2022-02-05 12:56:53,869][INFO] [Epoch  55/200] trn/acc1 9.19e-01, trn/loss 6.84e-01, trn/loss_ce 2.38e-01, trn/loss_wd 8.92e+02, trn/lr 8.49e-02
[2022-02-05 12:57:40,067][INFO] [Epoch  56/200] trn/acc1 9.20e-01, trn/loss 6.81e-01, trn/loss_ce 2.36e-01, trn/loss_wd 8.91e+02, trn/lr 8.43e-02
[2022-02-05 12:58:26,252][INFO] [Epoch  57/200] trn/acc1 9.20e-01, trn/loss 6.79e-01, trn/loss_ce 2.34e-01, trn/loss_wd 8.91e+02, trn/lr 8.38e-02
[2022-02-05 12:59:12,438][INFO] [Epoch  58/200] trn/acc1 9.23e-01, trn/loss 6.68e-01, trn/loss_ce 2.24e-01, trn/loss_wd 8.87e+02, trn/lr 8.32e-02
[2022-02-05 12:59:58,621][INFO] [Epoch  59/200] trn/acc1 9.20e-01, trn/loss 6.72e-01, trn/loss_ce 2.28e-01, trn/loss_wd 8.86e+02, trn/lr 8.25e-02
[2022-02-05 13:00:44,797][INFO] [Epoch  60/200] trn/acc1 9.24e-01, trn/loss 6.68e-01, trn/loss_ce 2.24e-01, trn/loss_wd 8.88e+02, trn/lr 8.19e-02
[2022-02-05 13:00:46,426][INFO] [Epoch  60/200] Validation: val/acc1 0.8606, val/loss_ce 0.4418
[2022-02-05 13:01:54,107][INFO] [Epoch  61/200] trn/acc1 9.24e-01, trn/loss 6.66e-01, trn/loss_ce 2.22e-01, trn/loss_wd 8.88e+02, trn/lr 8.13e-02
[2022-02-05 13:02:40,221][INFO] [Epoch  62/200] trn/acc1 9.24e-01, trn/loss 6.63e-01, trn/loss_ce 2.23e-01, trn/loss_wd 8.82e+02, trn/lr 8.07e-02
[2022-02-05 13:03:26,393][INFO] [Epoch  63/200] trn/acc1 9.24e-01, trn/loss 6.61e-01, trn/loss_ce 2.20e-01, trn/loss_wd 8.83e+02, trn/lr 8.00e-02
[2022-02-05 13:04:12,576][INFO] [Epoch  64/200] trn/acc1 9.28e-01, trn/loss 6.52e-01, trn/loss_ce 2.13e-01, trn/loss_wd 8.79e+02, trn/lr 7.94e-02
[2022-02-05 13:04:58,751][INFO] [Epoch  65/200] trn/acc1 9.27e-01, trn/loss 6.48e-01, trn/loss_ce 2.11e-01, trn/loss_wd 8.74e+02, trn/lr 7.87e-02
[2022-02-05 13:05:44,919][INFO] [Epoch  66/200] trn/acc1 9.26e-01, trn/loss 6.50e-01, trn/loss_ce 2.13e-01, trn/loss_wd 8.73e+02, trn/lr 7.81e-02
[2022-02-05 13:06:31,079][INFO] [Epoch  67/200] trn/acc1 9.28e-01, trn/loss 6.52e-01, trn/loss_ce 2.14e-01, trn/loss_wd 8.75e+02, trn/lr 7.74e-02
[2022-02-05 13:07:17,235][INFO] [Epoch  68/200] trn/acc1 9.29e-01, trn/loss 6.45e-01, trn/loss_ce 2.08e-01, trn/loss_wd 8.74e+02, trn/lr 7.67e-02
[2022-02-05 13:08:03,388][INFO] [Epoch  69/200] trn/acc1 9.28e-01, trn/loss 6.43e-01, trn/loss_ce 2.07e-01, trn/loss_wd 8.71e+02, trn/lr 7.60e-02
[2022-02-05 13:08:49,521][INFO] [Epoch  70/200] trn/acc1 9.29e-01, trn/loss 6.43e-01, trn/loss_ce 2.08e-01, trn/loss_wd 8.70e+02, trn/lr 7.53e-02
[2022-02-05 13:09:35,651][INFO] [Epoch  71/200] trn/acc1 9.29e-01, trn/loss 6.41e-01, trn/loss_ce 2.06e-01, trn/loss_wd 8.71e+02, trn/lr 7.47e-02
[2022-02-05 13:10:21,783][INFO] [Epoch  72/200] trn/acc1 9.30e-01, trn/loss 6.37e-01, trn/loss_ce 2.02e-01, trn/loss_wd 8.71e+02, trn/lr 7.39e-02
[2022-02-05 13:11:07,918][INFO] [Epoch  73/200] trn/acc1 9.31e-01, trn/loss 6.36e-01, trn/loss_ce 2.02e-01, trn/loss_wd 8.68e+02, trn/lr 7.32e-02
[2022-02-05 13:11:54,089][INFO] [Epoch  74/200] trn/acc1 9.33e-01, trn/loss 6.28e-01, trn/loss_ce 1.97e-01, trn/loss_wd 8.62e+02, trn/lr 7.25e-02
[2022-02-05 13:12:40,298][INFO] [Epoch  75/200] trn/acc1 9.33e-01, trn/loss 6.27e-01, trn/loss_ce 1.95e-01, trn/loss_wd 8.64e+02, trn/lr 7.18e-02
[2022-02-05 13:13:26,505][INFO] [Epoch  76/200] trn/acc1 9.35e-01, trn/loss 6.19e-01, trn/loss_ce 1.89e-01, trn/loss_wd 8.61e+02, trn/lr 7.11e-02
[2022-02-05 13:14:12,751][INFO] [Epoch  77/200] trn/acc1 9.35e-01, trn/loss 6.17e-01, trn/loss_ce 1.90e-01, trn/loss_wd 8.55e+02, trn/lr 7.03e-02
[2022-02-05 13:14:58,996][INFO] [Epoch  78/200] trn/acc1 9.35e-01, trn/loss 6.15e-01, trn/loss_ce 1.90e-01, trn/loss_wd 8.50e+02, trn/lr 6.96e-02
[2022-02-05 13:15:45,232][INFO] [Epoch  79/200] trn/acc1 9.38e-01, trn/loss 6.05e-01, trn/loss_ce 1.83e-01, trn/loss_wd 8.45e+02, trn/lr 6.89e-02
[2022-02-05 13:16:31,441][INFO] [Epoch  80/200] trn/acc1 9.36e-01, trn/loss 6.06e-01, trn/loss_ce 1.85e-01, trn/loss_wd 8.42e+02, trn/lr 6.81e-02
[2022-02-05 13:16:33,074][INFO] [Epoch  80/200] Validation: val/acc1 0.8880, val/loss_ce 0.3621
[2022-02-05 13:17:39,509][INFO] [Epoch  81/200] trn/acc1 9.39e-01, trn/loss 6.00e-01, trn/loss_ce 1.81e-01, trn/loss_wd 8.39e+02, trn/lr 6.74e-02
[2022-02-05 13:18:25,627][INFO] [Epoch  82/200] trn/acc1 9.39e-01, trn/loss 6.02e-01, trn/loss_ce 1.82e-01, trn/loss_wd 8.39e+02, trn/lr 6.66e-02
[2022-02-05 13:19:11,803][INFO] [Epoch  83/200] trn/acc1 9.41e-01, trn/loss 5.91e-01, trn/loss_ce 1.73e-01, trn/loss_wd 8.36e+02, trn/lr 6.58e-02
[2022-02-05 13:19:57,967][INFO] [Epoch  84/200] trn/acc1 9.40e-01, trn/loss 5.91e-01, trn/loss_ce 1.75e-01, trn/loss_wd 8.32e+02, trn/lr 6.51e-02
[2022-02-05 13:20:44,124][INFO] [Epoch  85/200] trn/acc1 9.41e-01, trn/loss 5.89e-01, trn/loss_ce 1.74e-01, trn/loss_wd 8.28e+02, trn/lr 6.43e-02
[2022-02-05 13:21:30,263][INFO] [Epoch  86/200] trn/acc1 9.42e-01, trn/loss 5.83e-01, trn/loss_ce 1.71e-01, trn/loss_wd 8.24e+02, trn/lr 6.35e-02
[2022-02-05 13:22:16,383][INFO] [Epoch  87/200] trn/acc1 9.43e-01, trn/loss 5.76e-01, trn/loss_ce 1.67e-01, trn/loss_wd 8.18e+02, trn/lr 6.27e-02
[2022-02-05 13:23:02,491][INFO] [Epoch  88/200] trn/acc1 9.43e-01, trn/loss 5.77e-01, trn/loss_ce 1.67e-01, trn/loss_wd 8.19e+02, trn/lr 6.20e-02
[2022-02-05 13:23:48,592][INFO] [Epoch  89/200] trn/acc1 9.44e-01, trn/loss 5.73e-01, trn/loss_ce 1.65e-01, trn/loss_wd 8.17e+02, trn/lr 6.12e-02
[2022-02-05 13:24:34,702][INFO] [Epoch  90/200] trn/acc1 9.47e-01, trn/loss 5.64e-01, trn/loss_ce 1.58e-01, trn/loss_wd 8.13e+02, trn/lr 6.04e-02
[2022-02-05 13:25:20,818][INFO] [Epoch  91/200] trn/acc1 9.44e-01, trn/loss 5.68e-01, trn/loss_ce 1.63e-01, trn/loss_wd 8.10e+02, trn/lr 5.96e-02
[2022-02-05 13:26:06,931][INFO] [Epoch  92/200] trn/acc1 9.47e-01, trn/loss 5.60e-01, trn/loss_ce 1.56e-01, trn/loss_wd 8.06e+02, trn/lr 5.88e-02
[2022-02-05 13:26:53,006][INFO] [Epoch  93/200] trn/acc1 9.46e-01, trn/loss 5.57e-01, trn/loss_ce 1.57e-01, trn/loss_wd 8.02e+02, trn/lr 5.80e-02
[2022-02-05 13:27:39,087][INFO] [Epoch  94/200] trn/acc1 9.45e-01, trn/loss 5.60e-01, trn/loss_ce 1.58e-01, trn/loss_wd 8.04e+02, trn/lr 5.72e-02
[2022-02-05 13:28:25,182][INFO] [Epoch  95/200] trn/acc1 9.49e-01, trn/loss 5.46e-01, trn/loss_ce 1.47e-01, trn/loss_wd 7.98e+02, trn/lr 5.64e-02
[2022-02-05 13:29:11,265][INFO] [Epoch  96/200] trn/acc1 9.48e-01, trn/loss 5.49e-01, trn/loss_ce 1.52e-01, trn/loss_wd 7.95e+02, trn/lr 5.56e-02
[2022-02-05 13:29:57,346][INFO] [Epoch  97/200] trn/acc1 9.50e-01, trn/loss 5.41e-01, trn/loss_ce 1.45e-01, trn/loss_wd 7.92e+02, trn/lr 5.48e-02
[2022-02-05 13:30:43,428][INFO] [Epoch  98/200] trn/acc1 9.51e-01, trn/loss 5.39e-01, trn/loss_ce 1.45e-01, trn/loss_wd 7.89e+02, trn/lr 5.40e-02
[2022-02-05 13:31:29,532][INFO] [Epoch  99/200] trn/acc1 9.54e-01, trn/loss 5.26e-01, trn/loss_ce 1.35e-01, trn/loss_wd 7.83e+02, trn/lr 5.32e-02
[2022-02-05 13:32:15,651][INFO] [Epoch 100/200] trn/acc1 9.55e-01, trn/loss 5.21e-01, trn/loss_ce 1.33e-01, trn/loss_wd 7.75e+02, trn/lr 5.24e-02
[2022-02-05 13:32:17,281][INFO] [Epoch 100/200] Validation: val/acc1 0.9140, val/loss_ce 0.2745
[2022-02-05 13:34:21,475][INFO] [Epoch 101/200] trn/acc1 9.53e-01, trn/loss 5.24e-01, trn/loss_ce 1.39e-01, trn/loss_wd 7.71e+02, trn/lr 5.16e-02
[2022-02-05 13:35:07,461][INFO] [Epoch 102/200] trn/acc1 9.54e-01, trn/loss 5.18e-01, trn/loss_ce 1.35e-01, trn/loss_wd 7.66e+02, trn/lr 5.08e-02
[2022-02-05 13:35:53,554][INFO] [Epoch 103/200] trn/acc1 9.56e-01, trn/loss 5.13e-01, trn/loss_ce 1.30e-01, trn/loss_wd 7.65e+02, trn/lr 5.00e-02
[2022-02-05 13:36:39,660][INFO] [Epoch 104/200] trn/acc1 9.55e-01, trn/loss 5.13e-01, trn/loss_ce 1.33e-01, trn/loss_wd 7.61e+02, trn/lr 4.92e-02
[2022-02-05 13:37:25,741][INFO] [Epoch 105/200] trn/acc1 9.57e-01, trn/loss 5.03e-01, trn/loss_ce 1.25e-01, trn/loss_wd 7.56e+02, trn/lr 4.84e-02
[2022-02-05 13:38:11,816][INFO] [Epoch 106/200] trn/acc1 9.58e-01, trn/loss 5.02e-01, trn/loss_ce 1.26e-01, trn/loss_wd 7.53e+02, trn/lr 4.76e-02
[2022-02-05 13:38:57,873][INFO] [Epoch 107/200] trn/acc1 9.59e-01, trn/loss 4.93e-01, trn/loss_ce 1.20e-01, trn/loss_wd 7.45e+02, trn/lr 4.68e-02
[2022-02-05 13:39:43,922][INFO] [Epoch 108/200] trn/acc1 9.61e-01, trn/loss 4.89e-01, trn/loss_ce 1.19e-01, trn/loss_wd 7.40e+02, trn/lr 4.60e-02
[2022-02-05 13:40:29,969][INFO] [Epoch 109/200] trn/acc1 9.59e-01, trn/loss 4.86e-01, trn/loss_ce 1.19e-01, trn/loss_wd 7.33e+02, trn/lr 4.52e-02
[2022-02-05 13:41:16,017][INFO] [Epoch 110/200] trn/acc1 9.62e-01, trn/loss 4.75e-01, trn/loss_ce 1.11e-01, trn/loss_wd 7.28e+02, trn/lr 4.44e-02
[2022-02-05 13:42:02,073][INFO] [Epoch 111/200] trn/acc1 9.61e-01, trn/loss 4.74e-01, trn/loss_ce 1.13e-01, trn/loss_wd 7.21e+02, trn/lr 4.36e-02
[2022-02-05 13:42:48,129][INFO] [Epoch 112/200] trn/acc1 9.62e-01, trn/loss 4.70e-01, trn/loss_ce 1.12e-01, trn/loss_wd 7.17e+02, trn/lr 4.28e-02
[2022-02-05 13:43:34,176][INFO] [Epoch 113/200] trn/acc1 9.60e-01, trn/loss 4.72e-01, trn/loss_ce 1.14e-01, trn/loss_wd 7.15e+02, trn/lr 4.20e-02
[2022-02-05 13:44:20,220][INFO] [Epoch 114/200] trn/acc1 9.65e-01, trn/loss 4.57e-01, trn/loss_ce 1.02e-01, trn/loss_wd 7.09e+02, trn/lr 4.12e-02
[2022-02-05 13:45:06,284][INFO] [Epoch 115/200] trn/acc1 9.64e-01, trn/loss 4.58e-01, trn/loss_ce 1.07e-01, trn/loss_wd 7.02e+02, trn/lr 4.04e-02
[2022-02-05 13:45:52,335][INFO] [Epoch 116/200] trn/acc1 9.67e-01, trn/loss 4.47e-01, trn/loss_ce 9.88e-02, trn/loss_wd 6.96e+02, trn/lr 3.96e-02
[2022-02-05 13:46:38,371][INFO] [Epoch 117/200] trn/acc1 9.69e-01, trn/loss 4.37e-01, trn/loss_ce 9.47e-02, trn/loss_wd 6.85e+02, trn/lr 3.88e-02
[2022-02-05 13:47:24,405][INFO] [Epoch 118/200] trn/acc1 9.67e-01, trn/loss 4.38e-01, trn/loss_ce 9.81e-02, trn/loss_wd 6.79e+02, trn/lr 3.80e-02
[2022-02-05 13:48:10,443][INFO] [Epoch 119/200] trn/acc1 9.69e-01, trn/loss 4.29e-01, trn/loss_ce 9.26e-02, trn/loss_wd 6.73e+02, trn/lr 3.73e-02
[2022-02-05 13:48:56,457][INFO] [Epoch 120/200] trn/acc1 9.70e-01, trn/loss 4.21e-01, trn/loss_ce 8.90e-02, trn/loss_wd 6.64e+02, trn/lr 3.65e-02
[2022-02-05 13:48:58,084][INFO] [Epoch 120/200] Validation: val/acc1 0.9088, val/loss_ce 0.3231
[2022-02-05 13:49:47,106][INFO] [Epoch 121/200] trn/acc1 9.68e-01, trn/loss 4.24e-01, trn/loss_ce 9.42e-02, trn/loss_wd 6.59e+02, trn/lr 3.57e-02
[2022-02-05 13:50:33,121][INFO] [Epoch 122/200] trn/acc1 9.72e-01, trn/loss 4.08e-01, trn/loss_ce 8.23e-02, trn/loss_wd 6.52e+02, trn/lr 3.49e-02
[2022-02-05 13:51:19,148][INFO] [Epoch 123/200] trn/acc1 9.73e-01, trn/loss 4.05e-01, trn/loss_ce 8.27e-02, trn/loss_wd 6.44e+02, trn/lr 3.42e-02
[2022-02-05 13:52:05,174][INFO] [Epoch 124/200] trn/acc1 9.71e-01, trn/loss 4.04e-01, trn/loss_ce 8.42e-02, trn/loss_wd 6.39e+02, trn/lr 3.34e-02
[2022-02-05 13:52:51,213][INFO] [Epoch 125/200] trn/acc1 9.76e-01, trn/loss 3.91e-01, trn/loss_ce 7.41e-02, trn/loss_wd 6.33e+02, trn/lr 3.26e-02
[2022-02-05 13:53:37,262][INFO] [Epoch 126/200] trn/acc1 9.73e-01, trn/loss 3.94e-01, trn/loss_ce 8.03e-02, trn/loss_wd 6.28e+02, trn/lr 3.19e-02
[2022-02-05 13:54:23,294][INFO] [Epoch 127/200] trn/acc1 9.75e-01, trn/loss 3.87e-01, trn/loss_ce 7.66e-02, trn/loss_wd 6.20e+02, trn/lr 3.11e-02
[2022-02-05 13:55:09,339][INFO] [Epoch 128/200] trn/acc1 9.79e-01, trn/loss 3.74e-01, trn/loss_ce 6.74e-02, trn/loss_wd 6.13e+02, trn/lr 3.04e-02
[2022-02-05 13:55:55,380][INFO] [Epoch 129/200] trn/acc1 9.77e-01, trn/loss 3.72e-01, trn/loss_ce 7.04e-02, trn/loss_wd 6.03e+02, trn/lr 2.97e-02
[2022-02-05 13:56:41,427][INFO] [Epoch 130/200] trn/acc1 9.77e-01, trn/loss 3.67e-01, trn/loss_ce 6.94e-02, trn/loss_wd 5.96e+02, trn/lr 2.89e-02
[2022-02-05 13:57:27,493][INFO] [Epoch 131/200] trn/acc1 9.79e-01, trn/loss 3.59e-01, trn/loss_ce 6.48e-02, trn/loss_wd 5.88e+02, trn/lr 2.82e-02
[2022-02-05 13:58:13,598][INFO] [Epoch 132/200] trn/acc1 9.79e-01, trn/loss 3.56e-01, trn/loss_ce 6.56e-02, trn/loss_wd 5.80e+02, trn/lr 2.75e-02
[2022-02-05 13:58:59,718][INFO] [Epoch 133/200] trn/acc1 9.80e-01, trn/loss 3.46e-01, trn/loss_ce 5.97e-02, trn/loss_wd 5.72e+02, trn/lr 2.68e-02
[2022-02-05 13:59:45,861][INFO] [Epoch 134/200] trn/acc1 9.80e-01, trn/loss 3.44e-01, trn/loss_ce 6.13e-02, trn/loss_wd 5.65e+02, trn/lr 2.61e-02
[2022-02-05 14:00:31,979][INFO] [Epoch 135/200] trn/acc1 9.81e-01, trn/loss 3.34e-01, trn/loss_ce 5.53e-02, trn/loss_wd 5.58e+02, trn/lr 2.54e-02
[2022-02-05 14:01:18,079][INFO] [Epoch 136/200] trn/acc1 9.82e-01, trn/loss 3.29e-01, trn/loss_ce 5.48e-02, trn/loss_wd 5.49e+02, trn/lr 2.47e-02
[2022-02-05 14:02:04,170][INFO] [Epoch 137/200] trn/acc1 9.82e-01, trn/loss 3.25e-01, trn/loss_ce 5.38e-02, trn/loss_wd 5.42e+02, trn/lr 2.40e-02
[2022-02-05 14:02:50,242][INFO] [Epoch 138/200] trn/acc1 9.82e-01, trn/loss 3.23e-01, trn/loss_ce 5.50e-02, trn/loss_wd 5.36e+02, trn/lr 2.33e-02
[2022-02-05 14:03:36,332][INFO] [Epoch 139/200] trn/acc1 9.86e-01, trn/loss 3.06e-01, trn/loss_ce 4.31e-02, trn/loss_wd 5.27e+02, trn/lr 2.26e-02
[2022-02-05 14:04:22,409][INFO] [Epoch 140/200] trn/acc1 9.86e-01, trn/loss 3.01e-01, trn/loss_ce 4.23e-02, trn/loss_wd 5.18e+02, trn/lr 2.19e-02
[2022-02-05 14:04:24,040][INFO] [Epoch 140/200] Validation: val/acc1 0.9212, val/loss_ce 0.2900
[2022-02-05 14:05:22,493][INFO] [Epoch 141/200] trn/acc1 9.84e-01, trn/loss 3.02e-01, trn/loss_ce 4.70e-02, trn/loss_wd 5.10e+02, trn/lr 2.13e-02
[2022-02-05 14:06:08,517][INFO] [Epoch 142/200] trn/acc1 9.86e-01, trn/loss 2.96e-01, trn/loss_ce 4.40e-02, trn/loss_wd 5.03e+02, trn/lr 2.06e-02
[2022-02-05 14:06:54,603][INFO] [Epoch 143/200] trn/acc1 9.87e-01, trn/loss 2.90e-01, trn/loss_ce 4.21e-02, trn/loss_wd 4.95e+02, trn/lr 2.00e-02
[2022-02-05 14:07:40,710][INFO] [Epoch 144/200] trn/acc1 9.90e-01, trn/loss 2.76e-01, trn/loss_ce 3.40e-02, trn/loss_wd 4.85e+02, trn/lr 1.93e-02
[2022-02-05 14:08:26,787][INFO] [Epoch 145/200] trn/acc1 9.90e-01, trn/loss 2.71e-01, trn/loss_ce 3.36e-02, trn/loss_wd 4.75e+02, trn/lr 1.87e-02
[2022-02-05 14:09:12,869][INFO] [Epoch 146/200] trn/acc1 9.89e-01, trn/loss 2.67e-01, trn/loss_ce 3.44e-02, trn/loss_wd 4.66e+02, trn/lr 1.81e-02
[2022-02-05 14:09:58,920][INFO] [Epoch 147/200] trn/acc1 9.90e-01, trn/loss 2.61e-01, trn/loss_ce 3.23e-02, trn/loss_wd 4.57e+02, trn/lr 1.75e-02
[2022-02-05 14:10:44,974][INFO] [Epoch 148/200] trn/acc1 9.91e-01, trn/loss 2.55e-01, trn/loss_ce 3.10e-02, trn/loss_wd 4.49e+02, trn/lr 1.68e-02
[2022-02-05 14:11:31,033][INFO] [Epoch 149/200] trn/acc1 9.92e-01, trn/loss 2.47e-01, trn/loss_ce 2.71e-02, trn/loss_wd 4.39e+02, trn/lr 1.62e-02
[2022-02-05 14:12:17,143][INFO] [Epoch 150/200] trn/acc1 9.93e-01, trn/loss 2.37e-01, trn/loss_ce 2.24e-02, trn/loss_wd 4.29e+02, trn/lr 1.57e-02
[2022-02-05 14:13:03,283][INFO] [Epoch 151/200] trn/acc1 9.93e-01, trn/loss 2.32e-01, trn/loss_ce 2.26e-02, trn/loss_wd 4.19e+02, trn/lr 1.51e-02
[2022-02-05 14:13:49,423][INFO] [Epoch 152/200] trn/acc1 9.93e-01, trn/loss 2.29e-01, trn/loss_ce 2.41e-02, trn/loss_wd 4.10e+02, trn/lr 1.45e-02
[2022-02-05 14:14:35,541][INFO] [Epoch 153/200] trn/acc1 9.94e-01, trn/loss 2.23e-01, trn/loss_ce 2.17e-02, trn/loss_wd 4.02e+02, trn/lr 1.39e-02
[2022-02-05 14:15:21,647][INFO] [Epoch 154/200] trn/acc1 9.94e-01, trn/loss 2.17e-01, trn/loss_ce 2.02e-02, trn/loss_wd 3.94e+02, trn/lr 1.34e-02
[2022-02-05 14:16:07,736][INFO] [Epoch 155/200] trn/acc1 9.96e-01, trn/loss 2.08e-01, trn/loss_ce 1.54e-02, trn/loss_wd 3.84e+02, trn/lr 1.28e-02
[2022-02-05 14:16:53,796][INFO] [Epoch 156/200] trn/acc1 9.96e-01, trn/loss 2.03e-01, trn/loss_ce 1.52e-02, trn/loss_wd 3.75e+02, trn/lr 1.23e-02
[2022-02-05 14:17:39,867][INFO] [Epoch 157/200] trn/acc1 9.97e-01, trn/loss 1.96e-01, trn/loss_ce 1.26e-02, trn/loss_wd 3.67e+02, trn/lr 1.18e-02
[2022-02-05 14:18:25,937][INFO] [Epoch 158/200] trn/acc1 9.97e-01, trn/loss 1.91e-01, trn/loss_ce 1.23e-02, trn/loss_wd 3.57e+02, trn/lr 1.13e-02
[2022-02-05 14:19:11,998][INFO] [Epoch 159/200] trn/acc1 9.97e-01, trn/loss 1.87e-01, trn/loss_ce 1.18e-02, trn/loss_wd 3.50e+02, trn/lr 1.08e-02
[2022-02-05 14:19:58,067][INFO] [Epoch 160/200] trn/acc1 9.99e-01, trn/loss 1.78e-01, trn/loss_ce 7.45e-03, trn/loss_wd 3.41e+02, trn/lr 1.03e-02
[2022-02-05 14:19:59,700][INFO] [Epoch 160/200] Validation: val/acc1 0.9496, val/loss_ce 0.2107
[2022-02-05 14:21:00,896][INFO] [Epoch 161/200] trn/acc1 9.99e-01, trn/loss 1.72e-01, trn/loss_ce 6.48e-03, trn/loss_wd 3.32e+02, trn/lr 9.79e-03
[2022-02-05 14:21:46,938][INFO] [Epoch 162/200] trn/acc1 9.99e-01, trn/loss 1.66e-01, trn/loss_ce 4.44e-03, trn/loss_wd 3.23e+02, trn/lr 9.31e-03
[2022-02-05 14:22:33,021][INFO] [Epoch 163/200] trn/acc1 9.99e-01, trn/loss 1.62e-01, trn/loss_ce 4.85e-03, trn/loss_wd 3.15e+02, trn/lr 8.85e-03
[2022-02-05 14:23:19,099][INFO] [Epoch 164/200] trn/acc1 1.00e+00, trn/loss 1.57e-01, trn/loss_ce 3.41e-03, trn/loss_wd 3.07e+02, trn/lr 8.40e-03
[2022-02-05 14:24:05,169][INFO] [Epoch 165/200] trn/acc1 1.00e+00, trn/loss 1.53e-01, trn/loss_ce 2.88e-03, trn/loss_wd 3.00e+02, trn/lr 7.96e-03
[2022-02-05 14:24:51,216][INFO] [Epoch 166/200] trn/acc1 1.00e+00, trn/loss 1.48e-01, trn/loss_ce 1.98e-03, trn/loss_wd 2.92e+02, trn/lr 7.53e-03
[2022-02-05 14:25:37,268][INFO] [Epoch 167/200] trn/acc1 1.00e+00, trn/loss 1.45e-01, trn/loss_ce 2.09e-03, trn/loss_wd 2.86e+02, trn/lr 7.11e-03
[2022-02-05 14:26:23,297][INFO] [Epoch 168/200] trn/acc1 1.00e+00, trn/loss 1.42e-01, trn/loss_ce 1.83e-03, trn/loss_wd 2.80e+02, trn/lr 6.70e-03
[2022-02-05 14:27:09,340][INFO] [Epoch 169/200] trn/acc1 1.00e+00, trn/loss 1.39e-01, trn/loss_ce 2.08e-03, trn/loss_wd 2.74e+02, trn/lr 6.30e-03
[2022-02-05 14:27:55,375][INFO] [Epoch 170/200] trn/acc1 1.00e+00, trn/loss 1.36e-01, trn/loss_ce 1.79e-03, trn/loss_wd 2.69e+02, trn/lr 5.92e-03
[2022-02-05 14:28:41,413][INFO] [Epoch 171/200] trn/acc1 1.00e+00, trn/loss 1.34e-01, trn/loss_ce 1.79e-03, trn/loss_wd 2.64e+02, trn/lr 5.54e-03
[2022-02-05 14:29:27,440][INFO] [Epoch 172/200] trn/acc1 1.00e+00, trn/loss 1.31e-01, trn/loss_ce 1.78e-03, trn/loss_wd 2.59e+02, trn/lr 5.18e-03
[2022-02-05 14:30:13,475][INFO] [Epoch 173/200] trn/acc1 1.00e+00, trn/loss 1.29e-01, trn/loss_ce 1.57e-03, trn/loss_wd 2.55e+02, trn/lr 4.83e-03
[2022-02-05 14:30:59,507][INFO] [Epoch 174/200] trn/acc1 1.00e+00, trn/loss 1.27e-01, trn/loss_ce 1.58e-03, trn/loss_wd 2.51e+02, trn/lr 4.49e-03
[2022-02-05 14:31:45,534][INFO] [Epoch 175/200] trn/acc1 1.00e+00, trn/loss 1.25e-01, trn/loss_ce 1.50e-03, trn/loss_wd 2.48e+02, trn/lr 4.16e-03
[2022-02-05 14:32:31,597][INFO] [Epoch 176/200] trn/acc1 1.00e+00, trn/loss 1.24e-01, trn/loss_ce 1.61e-03, trn/loss_wd 2.45e+02, trn/lr 3.85e-03
[2022-02-05 14:33:17,671][INFO] [Epoch 177/200] trn/acc1 1.00e+00, trn/loss 1.22e-01, trn/loss_ce 1.52e-03, trn/loss_wd 2.42e+02, trn/lr 3.54e-03
[2022-02-05 14:34:03,779][INFO] [Epoch 178/200] trn/acc1 1.00e+00, trn/loss 1.21e-01, trn/loss_ce 1.50e-03, trn/loss_wd 2.39e+02, trn/lr 3.25e-03
[2022-02-05 14:34:49,917][INFO] [Epoch 179/200] trn/acc1 1.00e+00, trn/loss 1.20e-01, trn/loss_ce 1.50e-03, trn/loss_wd 2.37e+02, trn/lr 2.97e-03
[2022-02-05 14:35:36,066][INFO] [Epoch 180/200] trn/acc1 1.00e+00, trn/loss 1.19e-01, trn/loss_ce 1.42e-03, trn/loss_wd 2.35e+02, trn/lr 2.70e-03
[2022-02-05 14:35:37,700][INFO] [Epoch 180/200] Validation: val/acc1 0.9624, val/loss_ce 0.1644
[2022-02-05 14:36:43,061][INFO] [Epoch 181/200] trn/acc1 1.00e+00, trn/loss 1.18e-01, trn/loss_ce 1.45e-03, trn/loss_wd 2.33e+02, trn/lr 2.45e-03
[2022-02-05 14:36:44,690][INFO] [Epoch 181/200] Validation: val/acc1 0.9610, val/loss_ce 0.1629
[2022-02-05 14:37:43,323][INFO] [Epoch 182/200] trn/acc1 1.00e+00, trn/loss 1.17e-01, trn/loss_ce 1.45e-03, trn/loss_wd 2.31e+02, trn/lr 2.21e-03
[2022-02-05 14:37:44,950][INFO] [Epoch 182/200] Validation: val/acc1 0.9604, val/loss_ce 0.1628
[2022-02-05 14:38:41,729][INFO] [Epoch 183/200] trn/acc1 1.00e+00, trn/loss 1.16e-01, trn/loss_ce 1.47e-03, trn/loss_wd 2.30e+02, trn/lr 1.97e-03
[2022-02-05 14:38:43,355][INFO] [Epoch 183/200] Validation: val/acc1 0.9616, val/loss_ce 0.1616
[2022-02-05 14:39:42,312][INFO] [Epoch 184/200] trn/acc1 1.00e+00, trn/loss 1.16e-01, trn/loss_ce 1.46e-03, trn/loss_wd 2.28e+02, trn/lr 1.76e-03
[2022-02-05 14:39:43,938][INFO] [Epoch 184/200] Validation: val/acc1 0.9614, val/loss_ce 0.1623
[2022-02-05 14:40:32,959][INFO] [Epoch 185/200] trn/acc1 1.00e+00, trn/loss 1.15e-01, trn/loss_ce 1.50e-03, trn/loss_wd 2.27e+02, trn/lr 1.55e-03
[2022-02-05 14:40:34,591][INFO] [Epoch 185/200] Validation: val/acc1 0.9616, val/loss_ce 0.1619
[2022-02-05 14:41:24,265][INFO] [Epoch 186/200] trn/acc1 1.00e+00, trn/loss 1.14e-01, trn/loss_ce 1.45e-03, trn/loss_wd 2.26e+02, trn/lr 1.36e-03
[2022-02-05 14:41:25,894][INFO] [Epoch 186/200] Validation: val/acc1 0.9624, val/loss_ce 0.1595
[2022-02-05 14:42:20,708][INFO] [Epoch 187/200] trn/acc1 1.00e+00, trn/loss 1.14e-01, trn/loss_ce 1.45e-03, trn/loss_wd 2.25e+02, trn/lr 1.18e-03
[2022-02-05 14:42:22,336][INFO] [Epoch 187/200] Validation: val/acc1 0.9614, val/loss_ce 0.1617
[2022-02-05 14:43:11,942][INFO] [Epoch 188/200] trn/acc1 1.00e+00, trn/loss 1.14e-01, trn/loss_ce 1.47e-03, trn/loss_wd 2.24e+02, trn/lr 1.01e-03
[2022-02-05 14:43:13,572][INFO] [Epoch 188/200] Validation: val/acc1 0.9604, val/loss_ce 0.1611
[2022-02-05 14:44:02,874][INFO] [Epoch 189/200] trn/acc1 1.00e+00, trn/loss 1.13e-01, trn/loss_ce 1.47e-03, trn/loss_wd 2.24e+02, trn/lr 8.56e-04
[2022-02-05 14:44:04,506][INFO] [Epoch 189/200] Validation: val/acc1 0.9614, val/loss_ce 0.1603
[2022-02-05 14:44:54,017][INFO] [Epoch 190/200] trn/acc1 1.00e+00, trn/loss 1.13e-01, trn/loss_ce 1.47e-03, trn/loss_wd 2.23e+02, trn/lr 7.14e-04
[2022-02-05 14:44:55,649][INFO] [Epoch 190/200] Validation: val/acc1 0.9614, val/loss_ce 0.1623
[2022-02-05 14:45:44,773][INFO] [Epoch 191/200] trn/acc1 1.00e+00, trn/loss 1.13e-01, trn/loss_ce 1.45e-03, trn/loss_wd 2.23e+02, trn/lr 5.85e-04
[2022-02-05 14:45:46,407][INFO] [Epoch 191/200] Validation: val/acc1 0.9616, val/loss_ce 0.1611
[2022-02-05 14:46:35,946][INFO] [Epoch 192/200] trn/acc1 1.00e+00, trn/loss 1.13e-01, trn/loss_ce 1.42e-03, trn/loss_wd 2.22e+02, trn/lr 4.69e-04
[2022-02-05 14:46:37,577][INFO] [Epoch 192/200] Validation: val/acc1 0.9620, val/loss_ce 0.1609
[2022-02-05 14:47:26,879][INFO] [Epoch 193/200] trn/acc1 1.00e+00, trn/loss 1.12e-01, trn/loss_ce 1.46e-03, trn/loss_wd 2.22e+02, trn/lr 3.65e-04
[2022-02-05 14:47:28,511][INFO] [Epoch 193/200] Validation: val/acc1 0.9618, val/loss_ce 0.1608
[2022-02-05 14:48:18,979][INFO] [Epoch 194/200] trn/acc1 1.00e+00, trn/loss 1.12e-01, trn/loss_ce 1.49e-03, trn/loss_wd 2.22e+02, trn/lr 2.75e-04
[2022-02-05 14:48:20,612][INFO] [Epoch 194/200] Validation: val/acc1 0.9618, val/loss_ce 0.1607
[2022-02-05 14:49:14,622][INFO] [Epoch 195/200] trn/acc1 1.00e+00, trn/loss 1.12e-01, trn/loss_ce 1.44e-03, trn/loss_wd 2.22e+02, trn/lr 1.97e-04
[2022-02-05 14:49:16,249][INFO] [Epoch 195/200] Validation: val/acc1 0.9610, val/loss_ce 0.1598
[2022-02-05 14:50:13,141][INFO] [Epoch 196/200] trn/acc1 1.00e+00, trn/loss 1.12e-01, trn/loss_ce 1.44e-03, trn/loss_wd 2.21e+02, trn/lr 1.32e-04
[2022-02-05 14:50:14,772][INFO] [Epoch 196/200] Validation: val/acc1 0.9614, val/loss_ce 0.1594
[2022-02-05 14:51:15,867][INFO] [Epoch 197/200] trn/acc1 1.00e+00, trn/loss 1.12e-01, trn/loss_ce 1.44e-03, trn/loss_wd 2.21e+02, trn/lr 8.01e-05
[2022-02-05 14:51:17,494][INFO] [Epoch 197/200] Validation: val/acc1 0.9618, val/loss_ce 0.1618
[2022-02-05 14:52:08,788][INFO] [Epoch 198/200] trn/acc1 1.00e+00, trn/loss 1.12e-01, trn/loss_ce 1.43e-03, trn/loss_wd 2.21e+02, trn/lr 4.11e-05
[2022-02-05 14:52:10,417][INFO] [Epoch 198/200] Validation: val/acc1 0.9620, val/loss_ce 0.1607
[2022-02-05 14:53:00,079][INFO] [Epoch 199/200] trn/acc1 1.00e+00, trn/loss 1.12e-01, trn/loss_ce 1.38e-03, trn/loss_wd 2.21e+02, trn/lr 1.52e-05
[2022-02-05 14:53:01,706][INFO] [Epoch 199/200] Validation: val/acc1 0.9618, val/loss_ce 0.1612
[2022-02-05 14:53:50,746][INFO] [Epoch 200/200] trn/acc1 1.00e+00, trn/loss 1.12e-01, trn/loss_ce 1.49e-03, trn/loss_wd 2.21e+02, trn/lr 2.17e-06
[2022-02-05 14:53:52,374][INFO] [Epoch 200/200] Validation: val/acc1 0.9618, val/loss_ce 0.1609
