[2022-02-07 15:53:50,757][INFO] Environments:
------------  ---------------------------------------------------------------------------
sys.platform  linux
Python        3.7.11 (default, Nov 23 2021, 05:29:02) [GCC 7.5.0]
JAX           0.2.27 @/mnt/data1/giung/venvs/jax0.2.27/lib/python3.7/site-packages/jax
jaxlib        0.1.75 @/mnt/data1/giung/venvs/jax0.2.27/lib/python3.7/site-packages/jaxlib
Flax          0.4.0 @/mnt/data1/giung/venvs/jax0.2.27/lib/python3.7/site-packages/flax
Optax         0.1.0 @/mnt/data1/giung/venvs/jax0.2.27/lib/python3.7/site-packages/optax
------------  ---------------------------------------------------------------------------

[2022-02-07 15:53:50,758][INFO] Command line arguments:
Namespace(batch_size=128, config_file='./configs/C10_VGG16-ReLU_SGD.yaml', keep_every_n_checkpoints=None, learning_rate=0.05, num_epochs=200, num_warmup_epochs=5, opts=[], output_dir='./outputs/C10_VGG16-ReLU/SGD/s42_e200_wd5e-4/', seed=42, weight_decay=0.0005)

[2022-02-07 15:53:50,758][INFO] Using a random seed 42

[2022-02-07 15:53:50,885][INFO] Unable to initialize backend 'tpu_driver': NOT_FOUND: Unable to find driver in registry given worker: 
[2022-02-07 15:53:51,078][INFO] Unable to initialize backend 'tpu': INVALID_ARGUMENT: TpuPlatform is not available.
[2022-02-07 15:55:17,819][INFO] Found no checkpoint files in outputs/C10_VGG16-ReLU/SGD/s42_e200_wd5e-4
[2022-02-07 15:55:31,647][INFO] [Epoch   1/200] trn/acc1 3.02e-01, trn/loss 4.53e+00, trn/loss_ce 1.91e+00, trn/loss_wd 5.23e+03, trn/lr 4.99e-03
[2022-02-07 15:55:33,628][INFO] [Epoch   1/200] Validation: val/acc1 0.4258, val/loss_ce 1.5859
[2022-02-07 15:55:43,662][INFO] [Epoch   2/200] trn/acc1 4.39e-01, trn/loss 4.08e+00, trn/loss_ce 1.54e+00, trn/loss_wd 5.07e+03, trn/lr 1.50e-02
[2022-02-07 15:55:47,991][INFO] [Epoch   3/200] trn/acc1 5.47e-01, trn/loss 3.66e+00, trn/loss_ce 1.28e+00, trn/loss_wd 4.77e+03, trn/lr 2.50e-02
[2022-02-07 15:55:52,289][INFO] [Epoch   4/200] trn/acc1 6.35e-01, trn/loss 3.24e+00, trn/loss_ce 1.05e+00, trn/loss_wd 4.38e+03, trn/lr 3.50e-02
[2022-02-07 15:55:56,583][INFO] [Epoch   5/200] trn/acc1 6.83e-01, trn/loss 2.89e+00, trn/loss_ce 9.33e-01, trn/loss_wd 3.92e+03, trn/lr 4.50e-02
[2022-02-07 15:56:00,876][INFO] [Epoch   6/200] trn/acc1 7.22e-01, trn/loss 2.54e+00, trn/loss_ce 8.20e-01, trn/loss_wd 3.45e+03, trn/lr 5.00e-02
[2022-02-07 15:56:05,186][INFO] [Epoch   7/200] trn/acc1 7.59e-01, trn/loss 2.24e+00, trn/loss_ce 7.22e-01, trn/loss_wd 3.03e+03, trn/lr 5.00e-02
[2022-02-07 15:56:09,501][INFO] [Epoch   8/200] trn/acc1 7.76e-01, trn/loss 2.01e+00, trn/loss_ce 6.71e-01, trn/loss_wd 2.67e+03, trn/lr 5.00e-02
[2022-02-07 15:56:13,812][INFO] [Epoch   9/200] trn/acc1 7.96e-01, trn/loss 1.81e+00, trn/loss_ce 6.20e-01, trn/loss_wd 2.38e+03, trn/lr 5.00e-02
[2022-02-07 15:56:18,133][INFO] [Epoch  10/200] trn/acc1 8.07e-01, trn/loss 1.64e+00, trn/loss_ce 5.82e-01, trn/loss_wd 2.12e+03, trn/lr 4.99e-02
[2022-02-07 15:56:22,453][INFO] [Epoch  11/200] trn/acc1 8.17e-01, trn/loss 1.51e+00, trn/loss_ce 5.50e-01, trn/loss_wd 1.91e+03, trn/lr 4.99e-02
[2022-02-07 15:56:26,775][INFO] [Epoch  12/200] trn/acc1 8.30e-01, trn/loss 1.39e+00, trn/loss_ce 5.18e-01, trn/loss_wd 1.74e+03, trn/lr 4.99e-02
[2022-02-07 15:56:31,100][INFO] [Epoch  13/200] trn/acc1 8.33e-01, trn/loss 1.30e+00, trn/loss_ce 5.06e-01, trn/loss_wd 1.59e+03, trn/lr 4.98e-02
[2022-02-07 15:56:35,435][INFO] [Epoch  14/200] trn/acc1 8.39e-01, trn/loss 1.22e+00, trn/loss_ce 4.86e-01, trn/loss_wd 1.47e+03, trn/lr 4.98e-02
[2022-02-07 15:56:39,765][INFO] [Epoch  15/200] trn/acc1 8.45e-01, trn/loss 1.15e+00, trn/loss_ce 4.68e-01, trn/loss_wd 1.37e+03, trn/lr 4.97e-02
[2022-02-07 15:56:44,099][INFO] [Epoch  16/200] trn/acc1 8.51e-01, trn/loss 1.10e+00, trn/loss_ce 4.52e-01, trn/loss_wd 1.29e+03, trn/lr 4.96e-02
[2022-02-07 15:56:48,440][INFO] [Epoch  17/200] trn/acc1 8.57e-01, trn/loss 1.05e+00, trn/loss_ce 4.38e-01, trn/loss_wd 1.22e+03, trn/lr 4.96e-02
[2022-02-07 15:56:52,784][INFO] [Epoch  18/200] trn/acc1 8.58e-01, trn/loss 1.01e+00, trn/loss_ce 4.30e-01, trn/loss_wd 1.16e+03, trn/lr 4.95e-02
[2022-02-07 15:56:57,131][INFO] [Epoch  19/200] trn/acc1 8.60e-01, trn/loss 9.78e-01, trn/loss_ce 4.21e-01, trn/loss_wd 1.11e+03, trn/lr 4.94e-02
[2022-02-07 15:57:01,481][INFO] [Epoch  20/200] trn/acc1 8.64e-01, trn/loss 9.49e-01, trn/loss_ce 4.10e-01, trn/loss_wd 1.08e+03, trn/lr 4.93e-02
[2022-02-07 15:57:01,604][INFO] [Epoch  20/200] Validation: val/acc1 0.8540, val/loss_ce 0.4621
[2022-02-07 15:57:13,578][INFO] [Epoch  21/200] trn/acc1 8.70e-01, trn/loss 9.19e-01, trn/loss_ce 3.94e-01, trn/loss_wd 1.05e+03, trn/lr 4.92e-02
[2022-02-07 15:57:17,918][INFO] [Epoch  22/200] trn/acc1 8.74e-01, trn/loss 8.98e-01, trn/loss_ce 3.88e-01, trn/loss_wd 1.02e+03, trn/lr 4.91e-02
[2022-02-07 15:57:22,261][INFO] [Epoch  23/200] trn/acc1 8.75e-01, trn/loss 8.78e-01, trn/loss_ce 3.80e-01, trn/loss_wd 9.98e+02, trn/lr 4.90e-02
[2022-02-07 15:57:26,610][INFO] [Epoch  24/200] trn/acc1 8.75e-01, trn/loss 8.67e-01, trn/loss_ce 3.76e-01, trn/loss_wd 9.83e+02, trn/lr 4.89e-02
[2022-02-07 15:57:30,964][INFO] [Epoch  25/200] trn/acc1 8.77e-01, trn/loss 8.60e-01, trn/loss_ce 3.76e-01, trn/loss_wd 9.69e+02, trn/lr 4.88e-02
[2022-02-07 15:57:35,428][INFO] [Epoch  26/200] trn/acc1 8.80e-01, trn/loss 8.45e-01, trn/loss_ce 3.64e-01, trn/loss_wd 9.62e+02, trn/lr 4.86e-02
[2022-02-07 15:57:39,777][INFO] [Epoch  27/200] trn/acc1 8.86e-01, trn/loss 8.27e-01, trn/loss_ce 3.52e-01, trn/loss_wd 9.51e+02, trn/lr 4.85e-02
[2022-02-07 15:57:44,133][INFO] [Epoch  28/200] trn/acc1 8.85e-01, trn/loss 8.26e-01, trn/loss_ce 3.53e-01, trn/loss_wd 9.45e+02, trn/lr 4.84e-02
[2022-02-07 15:57:48,494][INFO] [Epoch  29/200] trn/acc1 8.91e-01, trn/loss 8.09e-01, trn/loss_ce 3.38e-01, trn/loss_wd 9.42e+02, trn/lr 4.82e-02
[2022-02-07 15:57:52,858][INFO] [Epoch  30/200] trn/acc1 8.88e-01, trn/loss 8.09e-01, trn/loss_ce 3.40e-01, trn/loss_wd 9.37e+02, trn/lr 4.81e-02
[2022-02-07 15:57:57,218][INFO] [Epoch  31/200] trn/acc1 8.90e-01, trn/loss 8.05e-01, trn/loss_ce 3.37e-01, trn/loss_wd 9.36e+02, trn/lr 4.79e-02
[2022-02-07 15:58:01,578][INFO] [Epoch  32/200] trn/acc1 8.91e-01, trn/loss 8.01e-01, trn/loss_ce 3.34e-01, trn/loss_wd 9.34e+02, trn/lr 4.78e-02
[2022-02-07 15:58:05,936][INFO] [Epoch  33/200] trn/acc1 8.94e-01, trn/loss 7.92e-01, trn/loss_ce 3.25e-01, trn/loss_wd 9.34e+02, trn/lr 4.76e-02
[2022-02-07 15:58:10,303][INFO] [Epoch  34/200] trn/acc1 8.94e-01, trn/loss 7.87e-01, trn/loss_ce 3.22e-01, trn/loss_wd 9.31e+02, trn/lr 4.74e-02
[2022-02-07 15:58:14,675][INFO] [Epoch  35/200] trn/acc1 8.95e-01, trn/loss 7.88e-01, trn/loss_ce 3.21e-01, trn/loss_wd 9.34e+02, trn/lr 4.72e-02
[2022-02-07 15:58:19,037][INFO] [Epoch  36/200] trn/acc1 8.98e-01, trn/loss 7.76e-01, trn/loss_ce 3.09e-01, trn/loss_wd 9.34e+02, trn/lr 4.70e-02
[2022-02-07 15:58:23,402][INFO] [Epoch  37/200] trn/acc1 8.99e-01, trn/loss 7.76e-01, trn/loss_ce 3.10e-01, trn/loss_wd 9.32e+02, trn/lr 4.68e-02
[2022-02-07 15:58:27,754][INFO] [Epoch  38/200] trn/acc1 9.02e-01, trn/loss 7.70e-01, trn/loss_ce 3.04e-01, trn/loss_wd 9.31e+02, trn/lr 4.67e-02
[2022-02-07 15:58:32,112][INFO] [Epoch  39/200] trn/acc1 9.00e-01, trn/loss 7.68e-01, trn/loss_ce 3.03e-01, trn/loss_wd 9.31e+02, trn/lr 4.64e-02
[2022-02-07 15:58:36,473][INFO] [Epoch  40/200] trn/acc1 9.00e-01, trn/loss 7.71e-01, trn/loss_ce 3.04e-01, trn/loss_wd 9.34e+02, trn/lr 4.62e-02
[2022-02-07 15:58:36,599][INFO] [Epoch  40/200] Validation: val/acc1 0.8680, val/loss_ce 0.4063
[2022-02-07 15:58:46,667][INFO] [Epoch  41/200] trn/acc1 9.02e-01, trn/loss 7.67e-01, trn/loss_ce 3.00e-01, trn/loss_wd 9.35e+02, trn/lr 4.60e-02
[2022-02-07 15:58:51,018][INFO] [Epoch  42/200] trn/acc1 9.07e-01, trn/loss 7.50e-01, trn/loss_ce 2.85e-01, trn/loss_wd 9.32e+02, trn/lr 4.58e-02
[2022-02-07 15:58:55,369][INFO] [Epoch  43/200] trn/acc1 9.05e-01, trn/loss 7.55e-01, trn/loss_ce 2.91e-01, trn/loss_wd 9.29e+02, trn/lr 4.56e-02
[2022-02-07 15:58:59,725][INFO] [Epoch  44/200] trn/acc1 9.06e-01, trn/loss 7.53e-01, trn/loss_ce 2.89e-01, trn/loss_wd 9.28e+02, trn/lr 4.53e-02
[2022-02-07 15:59:04,079][INFO] [Epoch  45/200] trn/acc1 9.07e-01, trn/loss 7.49e-01, trn/loss_ce 2.85e-01, trn/loss_wd 9.29e+02, trn/lr 4.51e-02
[2022-02-07 15:59:08,436][INFO] [Epoch  46/200] trn/acc1 9.08e-01, trn/loss 7.45e-01, trn/loss_ce 2.81e-01, trn/loss_wd 9.27e+02, trn/lr 4.49e-02
[2022-02-07 15:59:12,777][INFO] [Epoch  47/200] trn/acc1 9.10e-01, trn/loss 7.43e-01, trn/loss_ce 2.78e-01, trn/loss_wd 9.30e+02, trn/lr 4.46e-02
[2022-02-07 15:59:17,122][INFO] [Epoch  48/200] trn/acc1 9.10e-01, trn/loss 7.40e-01, trn/loss_ce 2.76e-01, trn/loss_wd 9.28e+02, trn/lr 4.44e-02
[2022-02-07 15:59:21,468][INFO] [Epoch  49/200] trn/acc1 9.13e-01, trn/loss 7.29e-01, trn/loss_ce 2.66e-01, trn/loss_wd 9.27e+02, trn/lr 4.41e-02
[2022-02-07 15:59:25,810][INFO] [Epoch  50/200] trn/acc1 9.14e-01, trn/loss 7.25e-01, trn/loss_ce 2.61e-01, trn/loss_wd 9.27e+02, trn/lr 4.38e-02
[2022-02-07 15:59:30,150][INFO] [Epoch  51/200] trn/acc1 9.12e-01, trn/loss 7.30e-01, trn/loss_ce 2.68e-01, trn/loss_wd 9.26e+02, trn/lr 4.36e-02
[2022-02-07 15:59:34,490][INFO] [Epoch  52/200] trn/acc1 9.15e-01, trn/loss 7.23e-01, trn/loss_ce 2.59e-01, trn/loss_wd 9.27e+02, trn/lr 4.33e-02
[2022-02-07 15:59:38,835][INFO] [Epoch  53/200] trn/acc1 9.16e-01, trn/loss 7.20e-01, trn/loss_ce 2.58e-01, trn/loss_wd 9.24e+02, trn/lr 4.30e-02
[2022-02-07 15:59:43,179][INFO] [Epoch  54/200] trn/acc1 9.16e-01, trn/loss 7.21e-01, trn/loss_ce 2.58e-01, trn/loss_wd 9.26e+02, trn/lr 4.27e-02
[2022-02-07 15:59:47,534][INFO] [Epoch  55/200] trn/acc1 9.17e-01, trn/loss 7.17e-01, trn/loss_ce 2.54e-01, trn/loss_wd 9.26e+02, trn/lr 4.25e-02
[2022-02-07 15:59:51,879][INFO] [Epoch  56/200] trn/acc1 9.16e-01, trn/loss 7.12e-01, trn/loss_ce 2.51e-01, trn/loss_wd 9.24e+02, trn/lr 4.22e-02
[2022-02-07 15:59:56,221][INFO] [Epoch  57/200] trn/acc1 9.19e-01, trn/loss 7.11e-01, trn/loss_ce 2.49e-01, trn/loss_wd 9.24e+02, trn/lr 4.19e-02
[2022-02-07 16:00:00,564][INFO] [Epoch  58/200] trn/acc1 9.20e-01, trn/loss 7.07e-01, trn/loss_ce 2.45e-01, trn/loss_wd 9.23e+02, trn/lr 4.16e-02
[2022-02-07 16:00:04,915][INFO] [Epoch  59/200] trn/acc1 9.21e-01, trn/loss 7.01e-01, trn/loss_ce 2.41e-01, trn/loss_wd 9.22e+02, trn/lr 4.13e-02
[2022-02-07 16:00:09,360][INFO] [Epoch  60/200] trn/acc1 9.21e-01, trn/loss 6.98e-01, trn/loss_ce 2.39e-01, trn/loss_wd 9.18e+02, trn/lr 4.10e-02
[2022-02-07 16:00:09,482][INFO] [Epoch  60/200] Validation: val/acc1 0.8720, val/loss_ce 0.4157
[2022-02-07 16:00:17,460][INFO] [Epoch  61/200] trn/acc1 9.21e-01, trn/loss 6.95e-01, trn/loss_ce 2.36e-01, trn/loss_wd 9.19e+02, trn/lr 4.07e-02
[2022-02-07 16:00:21,810][INFO] [Epoch  62/200] trn/acc1 9.22e-01, trn/loss 6.93e-01, trn/loss_ce 2.36e-01, trn/loss_wd 9.14e+02, trn/lr 4.03e-02
[2022-02-07 16:00:26,165][INFO] [Epoch  63/200] trn/acc1 9.24e-01, trn/loss 6.84e-01, trn/loss_ce 2.28e-01, trn/loss_wd 9.12e+02, trn/lr 4.00e-02
[2022-02-07 16:00:30,522][INFO] [Epoch  64/200] trn/acc1 9.25e-01, trn/loss 6.82e-01, trn/loss_ce 2.27e-01, trn/loss_wd 9.12e+02, trn/lr 3.97e-02
[2022-02-07 16:00:34,875][INFO] [Epoch  65/200] trn/acc1 9.27e-01, trn/loss 6.78e-01, trn/loss_ce 2.24e-01, trn/loss_wd 9.09e+02, trn/lr 3.94e-02
[2022-02-07 16:00:39,230][INFO] [Epoch  66/200] trn/acc1 9.29e-01, trn/loss 6.75e-01, trn/loss_ce 2.21e-01, trn/loss_wd 9.06e+02, trn/lr 3.90e-02
[2022-02-07 16:00:43,583][INFO] [Epoch  67/200] trn/acc1 9.26e-01, trn/loss 6.74e-01, trn/loss_ce 2.22e-01, trn/loss_wd 9.03e+02, trn/lr 3.87e-02
[2022-02-07 16:00:47,937][INFO] [Epoch  68/200] trn/acc1 9.27e-01, trn/loss 6.69e-01, trn/loss_ce 2.18e-01, trn/loss_wd 9.01e+02, trn/lr 3.84e-02
[2022-02-07 16:00:52,292][INFO] [Epoch  69/200] trn/acc1 9.31e-01, trn/loss 6.62e-01, trn/loss_ce 2.12e-01, trn/loss_wd 8.99e+02, trn/lr 3.80e-02
[2022-02-07 16:00:56,646][INFO] [Epoch  70/200] trn/acc1 9.31e-01, trn/loss 6.60e-01, trn/loss_ce 2.11e-01, trn/loss_wd 8.97e+02, trn/lr 3.77e-02
[2022-02-07 16:01:00,998][INFO] [Epoch  71/200] trn/acc1 9.29e-01, trn/loss 6.66e-01, trn/loss_ce 2.16e-01, trn/loss_wd 8.99e+02, trn/lr 3.73e-02
[2022-02-07 16:01:05,358][INFO] [Epoch  72/200] trn/acc1 9.33e-01, trn/loss 6.55e-01, trn/loss_ce 2.07e-01, trn/loss_wd 8.96e+02, trn/lr 3.70e-02
[2022-02-07 16:01:09,722][INFO] [Epoch  73/200] trn/acc1 9.31e-01, trn/loss 6.53e-01, trn/loss_ce 2.06e-01, trn/loss_wd 8.93e+02, trn/lr 3.66e-02
[2022-02-07 16:01:14,084][INFO] [Epoch  74/200] trn/acc1 9.34e-01, trn/loss 6.41e-01, trn/loss_ce 1.96e-01, trn/loss_wd 8.90e+02, trn/lr 3.63e-02
[2022-02-07 16:01:18,436][INFO] [Epoch  75/200] trn/acc1 9.37e-01, trn/loss 6.34e-01, trn/loss_ce 1.91e-01, trn/loss_wd 8.85e+02, trn/lr 3.59e-02
[2022-02-07 16:01:22,795][INFO] [Epoch  76/200] trn/acc1 9.35e-01, trn/loss 6.37e-01, trn/loss_ce 1.96e-01, trn/loss_wd 8.81e+02, trn/lr 3.55e-02
[2022-02-07 16:01:27,155][INFO] [Epoch  77/200] trn/acc1 9.36e-01, trn/loss 6.30e-01, trn/loss_ce 1.90e-01, trn/loss_wd 8.79e+02, trn/lr 3.52e-02
[2022-02-07 16:01:31,512][INFO] [Epoch  78/200] trn/acc1 9.36e-01, trn/loss 6.30e-01, trn/loss_ce 1.91e-01, trn/loss_wd 8.77e+02, trn/lr 3.48e-02
[2022-02-07 16:01:35,875][INFO] [Epoch  79/200] trn/acc1 9.40e-01, trn/loss 6.18e-01, trn/loss_ce 1.82e-01, trn/loss_wd 8.71e+02, trn/lr 3.44e-02
[2022-02-07 16:01:40,236][INFO] [Epoch  80/200] trn/acc1 9.40e-01, trn/loss 6.15e-01, trn/loss_ce 1.81e-01, trn/loss_wd 8.67e+02, trn/lr 3.41e-02
[2022-02-07 16:01:40,358][INFO] [Epoch  80/200] Validation: val/acc1 0.8782, val/loss_ce 0.4137
[2022-02-07 16:01:53,409][INFO] [Epoch  81/200] trn/acc1 9.39e-01, trn/loss 6.15e-01, trn/loss_ce 1.83e-01, trn/loss_wd 8.63e+02, trn/lr 3.37e-02
[2022-02-07 16:01:57,758][INFO] [Epoch  82/200] trn/acc1 9.39e-01, trn/loss 6.15e-01, trn/loss_ce 1.84e-01, trn/loss_wd 8.63e+02, trn/lr 3.33e-02
[2022-02-07 16:02:02,124][INFO] [Epoch  83/200] trn/acc1 9.41e-01, trn/loss 6.06e-01, trn/loss_ce 1.76e-01, trn/loss_wd 8.60e+02, trn/lr 3.29e-02
[2022-02-07 16:02:06,472][INFO] [Epoch  84/200] trn/acc1 9.46e-01, trn/loss 5.93e-01, trn/loss_ce 1.67e-01, trn/loss_wd 8.53e+02, trn/lr 3.25e-02
[2022-02-07 16:02:10,827][INFO] [Epoch  85/200] trn/acc1 9.45e-01, trn/loss 5.92e-01, trn/loss_ce 1.68e-01, trn/loss_wd 8.47e+02, trn/lr 3.21e-02
[2022-02-07 16:02:15,175][INFO] [Epoch  86/200] trn/acc1 9.45e-01, trn/loss 5.88e-01, trn/loss_ce 1.68e-01, trn/loss_wd 8.40e+02, trn/lr 3.18e-02
[2022-02-07 16:02:19,532][INFO] [Epoch  87/200] trn/acc1 9.46e-01, trn/loss 5.81e-01, trn/loss_ce 1.62e-01, trn/loss_wd 8.38e+02, trn/lr 3.14e-02
[2022-02-07 16:02:23,889][INFO] [Epoch  88/200] trn/acc1 9.47e-01, trn/loss 5.74e-01, trn/loss_ce 1.58e-01, trn/loss_wd 8.33e+02, trn/lr 3.10e-02
[2022-02-07 16:02:28,242][INFO] [Epoch  89/200] trn/acc1 9.47e-01, trn/loss 5.72e-01, trn/loss_ce 1.57e-01, trn/loss_wd 8.30e+02, trn/lr 3.06e-02
[2022-02-07 16:02:32,655][INFO] [Epoch  90/200] trn/acc1 9.47e-01, trn/loss 5.69e-01, trn/loss_ce 1.56e-01, trn/loss_wd 8.26e+02, trn/lr 3.02e-02
[2022-02-07 16:02:37,007][INFO] [Epoch  91/200] trn/acc1 9.45e-01, trn/loss 5.73e-01, trn/loss_ce 1.62e-01, trn/loss_wd 8.24e+02, trn/lr 2.98e-02
[2022-02-07 16:02:41,360][INFO] [Epoch  92/200] trn/acc1 9.49e-01, trn/loss 5.63e-01, trn/loss_ce 1.52e-01, trn/loss_wd 8.22e+02, trn/lr 2.94e-02
[2022-02-07 16:02:45,714][INFO] [Epoch  93/200] trn/acc1 9.50e-01, trn/loss 5.57e-01, trn/loss_ce 1.49e-01, trn/loss_wd 8.17e+02, trn/lr 2.90e-02
[2022-02-07 16:02:50,073][INFO] [Epoch  94/200] trn/acc1 9.52e-01, trn/loss 5.49e-01, trn/loss_ce 1.43e-01, trn/loss_wd 8.13e+02, trn/lr 2.86e-02
[2022-02-07 16:02:54,430][INFO] [Epoch  95/200] trn/acc1 9.54e-01, trn/loss 5.45e-01, trn/loss_ce 1.41e-01, trn/loss_wd 8.07e+02, trn/lr 2.82e-02
[2022-02-07 16:02:58,785][INFO] [Epoch  96/200] trn/acc1 9.54e-01, trn/loss 5.41e-01, trn/loss_ce 1.40e-01, trn/loss_wd 8.03e+02, trn/lr 2.78e-02
[2022-02-07 16:03:03,145][INFO] [Epoch  97/200] trn/acc1 9.55e-01, trn/loss 5.33e-01, trn/loss_ce 1.34e-01, trn/loss_wd 7.97e+02, trn/lr 2.74e-02
[2022-02-07 16:03:07,510][INFO] [Epoch  98/200] trn/acc1 9.58e-01, trn/loss 5.22e-01, trn/loss_ce 1.29e-01, trn/loss_wd 7.88e+02, trn/lr 2.70e-02
[2022-02-07 16:03:11,897][INFO] [Epoch  99/200] trn/acc1 9.55e-01, trn/loss 5.25e-01, trn/loss_ce 1.34e-01, trn/loss_wd 7.82e+02, trn/lr 2.66e-02
[2022-02-07 16:03:16,255][INFO] [Epoch 100/200] trn/acc1 9.55e-01, trn/loss 5.21e-01, trn/loss_ce 1.32e-01, trn/loss_wd 7.79e+02, trn/lr 2.62e-02
[2022-02-07 16:03:16,377][INFO] [Epoch 100/200] Validation: val/acc1 0.8968, val/loss_ce 0.3414
[2022-02-07 16:03:36,540][INFO] [Epoch 101/200] trn/acc1 9.57e-01, trn/loss 5.17e-01, trn/loss_ce 1.29e-01, trn/loss_wd 7.76e+02, trn/lr 2.58e-02
[2022-02-07 16:03:40,868][INFO] [Epoch 102/200] trn/acc1 9.59e-01, trn/loss 5.06e-01, trn/loss_ce 1.22e-01, trn/loss_wd 7.69e+02, trn/lr 2.54e-02
[2022-02-07 16:03:45,208][INFO] [Epoch 103/200] trn/acc1 9.61e-01, trn/loss 4.96e-01, trn/loss_ce 1.15e-01, trn/loss_wd 7.61e+02, trn/lr 2.50e-02
[2022-02-07 16:03:49,543][INFO] [Epoch 104/200] trn/acc1 9.59e-01, trn/loss 5.03e-01, trn/loss_ce 1.25e-01, trn/loss_wd 7.57e+02, trn/lr 2.46e-02
[2022-02-07 16:03:53,873][INFO] [Epoch 105/200] trn/acc1 9.59e-01, trn/loss 4.96e-01, trn/loss_ce 1.19e-01, trn/loss_wd 7.53e+02, trn/lr 2.42e-02
[2022-02-07 16:03:58,203][INFO] [Epoch 106/200] trn/acc1 9.61e-01, trn/loss 4.91e-01, trn/loss_ce 1.17e-01, trn/loss_wd 7.48e+02, trn/lr 2.38e-02
[2022-02-07 16:04:02,536][INFO] [Epoch 107/200] trn/acc1 9.63e-01, trn/loss 4.82e-01, trn/loss_ce 1.11e-01, trn/loss_wd 7.44e+02, trn/lr 2.34e-02
[2022-02-07 16:04:06,870][INFO] [Epoch 108/200] trn/acc1 9.63e-01, trn/loss 4.81e-01, trn/loss_ce 1.12e-01, trn/loss_wd 7.38e+02, trn/lr 2.30e-02
[2022-02-07 16:04:11,208][INFO] [Epoch 109/200] trn/acc1 9.66e-01, trn/loss 4.66e-01, trn/loss_ce 1.00e-01, trn/loss_wd 7.32e+02, trn/lr 2.26e-02
[2022-02-07 16:04:15,543][INFO] [Epoch 110/200] trn/acc1 9.65e-01, trn/loss 4.68e-01, trn/loss_ce 1.04e-01, trn/loss_wd 7.27e+02, trn/lr 2.22e-02
[2022-02-07 16:04:19,878][INFO] [Epoch 111/200] trn/acc1 9.65e-01, trn/loss 4.67e-01, trn/loss_ce 1.06e-01, trn/loss_wd 7.22e+02, trn/lr 2.18e-02
[2022-02-07 16:04:24,224][INFO] [Epoch 112/200] trn/acc1 9.66e-01, trn/loss 4.59e-01, trn/loss_ce 1.00e-01, trn/loss_wd 7.16e+02, trn/lr 2.14e-02
[2022-02-07 16:04:28,573][INFO] [Epoch 113/200] trn/acc1 9.69e-01, trn/loss 4.50e-01, trn/loss_ce 9.48e-02, trn/loss_wd 7.09e+02, trn/lr 2.10e-02
[2022-02-07 16:04:32,920][INFO] [Epoch 114/200] trn/acc1 9.69e-01, trn/loss 4.44e-01, trn/loss_ce 9.31e-02, trn/loss_wd 7.02e+02, trn/lr 2.06e-02
[2022-02-07 16:04:37,269][INFO] [Epoch 115/200] trn/acc1 9.71e-01, trn/loss 4.34e-01, trn/loss_ce 8.62e-02, trn/loss_wd 6.95e+02, trn/lr 2.02e-02
[2022-02-07 16:04:41,621][INFO] [Epoch 116/200] trn/acc1 9.71e-01, trn/loss 4.32e-01, trn/loss_ce 8.83e-02, trn/loss_wd 6.88e+02, trn/lr 1.98e-02
[2022-02-07 16:04:45,972][INFO] [Epoch 117/200] trn/acc1 9.71e-01, trn/loss 4.30e-01, trn/loss_ce 8.87e-02, trn/loss_wd 6.82e+02, trn/lr 1.94e-02
[2022-02-07 16:04:50,323][INFO] [Epoch 118/200] trn/acc1 9.70e-01, trn/loss 4.30e-01, trn/loss_ce 9.11e-02, trn/loss_wd 6.77e+02, trn/lr 1.90e-02
[2022-02-07 16:04:54,675][INFO] [Epoch 119/200] trn/acc1 9.73e-01, trn/loss 4.16e-01, trn/loss_ce 8.06e-02, trn/loss_wd 6.72e+02, trn/lr 1.86e-02
[2022-02-07 16:04:59,029][INFO] [Epoch 120/200] trn/acc1 9.72e-01, trn/loss 4.15e-01, trn/loss_ce 8.20e-02, trn/loss_wd 6.67e+02, trn/lr 1.82e-02
[2022-02-07 16:04:59,150][INFO] [Epoch 120/200] Validation: val/acc1 0.9058, val/loss_ce 0.3366
[2022-02-07 16:05:13,276][INFO] [Epoch 121/200] trn/acc1 9.73e-01, trn/loss 4.10e-01, trn/loss_ce 7.99e-02, trn/loss_wd 6.61e+02, trn/lr 1.79e-02
[2022-02-07 16:05:17,610][INFO] [Epoch 122/200] trn/acc1 9.76e-01, trn/loss 4.01e-01, trn/loss_ce 7.38e-02, trn/loss_wd 6.54e+02, trn/lr 1.75e-02
[2022-02-07 16:05:21,944][INFO] [Epoch 123/200] trn/acc1 9.76e-01, trn/loss 3.97e-01, trn/loss_ce 7.23e-02, trn/loss_wd 6.48e+02, trn/lr 1.71e-02
[2022-02-07 16:05:26,282][INFO] [Epoch 124/200] trn/acc1 9.77e-01, trn/loss 3.91e-01, trn/loss_ce 7.08e-02, trn/loss_wd 6.41e+02, trn/lr 1.67e-02
[2022-02-07 16:05:30,698][INFO] [Epoch 125/200] trn/acc1 9.77e-01, trn/loss 3.83e-01, trn/loss_ce 6.58e-02, trn/loss_wd 6.34e+02, trn/lr 1.63e-02
[2022-02-07 16:05:35,049][INFO] [Epoch 126/200] trn/acc1 9.78e-01, trn/loss 3.79e-01, trn/loss_ce 6.54e-02, trn/loss_wd 6.28e+02, trn/lr 1.59e-02
[2022-02-07 16:05:39,397][INFO] [Epoch 127/200] trn/acc1 9.81e-01, trn/loss 3.69e-01, trn/loss_ce 5.86e-02, trn/loss_wd 6.20e+02, trn/lr 1.56e-02
[2022-02-07 16:05:43,746][INFO] [Epoch 128/200] trn/acc1 9.81e-01, trn/loss 3.62e-01, trn/loss_ce 5.59e-02, trn/loss_wd 6.13e+02, trn/lr 1.52e-02
[2022-02-07 16:05:48,085][INFO] [Epoch 129/200] trn/acc1 9.82e-01, trn/loss 3.57e-01, trn/loss_ce 5.46e-02, trn/loss_wd 6.05e+02, trn/lr 1.48e-02
[2022-02-07 16:05:52,432][INFO] [Epoch 130/200] trn/acc1 9.81e-01, trn/loss 3.59e-01, trn/loss_ce 6.04e-02, trn/loss_wd 5.98e+02, trn/lr 1.45e-02
[2022-02-07 16:05:56,775][INFO] [Epoch 131/200] trn/acc1 9.81e-01, trn/loss 3.50e-01, trn/loss_ce 5.46e-02, trn/loss_wd 5.92e+02, trn/lr 1.41e-02
[2022-02-07 16:06:01,120][INFO] [Epoch 132/200] trn/acc1 9.82e-01, trn/loss 3.43e-01, trn/loss_ce 5.06e-02, trn/loss_wd 5.85e+02, trn/lr 1.37e-02
[2022-02-07 16:06:05,459][INFO] [Epoch 133/200] trn/acc1 9.85e-01, trn/loss 3.36e-01, trn/loss_ce 4.74e-02, trn/loss_wd 5.78e+02, trn/lr 1.34e-02
[2022-02-07 16:06:09,803][INFO] [Epoch 134/200] trn/acc1 9.84e-01, trn/loss 3.35e-01, trn/loss_ce 4.93e-02, trn/loss_wd 5.71e+02, trn/lr 1.30e-02
[2022-02-07 16:06:14,147][INFO] [Epoch 135/200] trn/acc1 9.84e-01, trn/loss 3.29e-01, trn/loss_ce 4.68e-02, trn/loss_wd 5.65e+02, trn/lr 1.27e-02
[2022-02-07 16:06:18,489][INFO] [Epoch 136/200] trn/acc1 9.86e-01, trn/loss 3.22e-01, trn/loss_ce 4.28e-02, trn/loss_wd 5.58e+02, trn/lr 1.23e-02
[2022-02-07 16:06:22,835][INFO] [Epoch 137/200] trn/acc1 9.86e-01, trn/loss 3.19e-01, trn/loss_ce 4.27e-02, trn/loss_wd 5.52e+02, trn/lr 1.20e-02
[2022-02-07 16:06:27,177][INFO] [Epoch 138/200] trn/acc1 9.87e-01, trn/loss 3.12e-01, trn/loss_ce 3.93e-02, trn/loss_wd 5.46e+02, trn/lr 1.16e-02
[2022-02-07 16:06:31,526][INFO] [Epoch 139/200] trn/acc1 9.88e-01, trn/loss 3.06e-01, trn/loss_ce 3.62e-02, trn/loss_wd 5.39e+02, trn/lr 1.13e-02
[2022-02-07 16:06:35,872][INFO] [Epoch 140/200] trn/acc1 9.89e-01, trn/loss 2.99e-01, trn/loss_ce 3.34e-02, trn/loss_wd 5.32e+02, trn/lr 1.10e-02
[2022-02-07 16:06:35,994][INFO] [Epoch 140/200] Validation: val/acc1 0.9062, val/loss_ce 0.3798
[2022-02-07 16:06:44,824][INFO] [Epoch 141/200] trn/acc1 9.88e-01, trn/loss 2.98e-01, trn/loss_ce 3.56e-02, trn/loss_wd 5.26e+02, trn/lr 1.06e-02
[2022-02-07 16:06:49,165][INFO] [Epoch 142/200] trn/acc1 9.88e-01, trn/loss 2.96e-01, trn/loss_ce 3.61e-02, trn/loss_wd 5.20e+02, trn/lr 1.03e-02
[2022-02-07 16:06:53,508][INFO] [Epoch 143/200] trn/acc1 9.90e-01, trn/loss 2.87e-01, trn/loss_ce 3.03e-02, trn/loss_wd 5.14e+02, trn/lr 9.98e-03
[2022-02-07 16:06:57,853][INFO] [Epoch 144/200] trn/acc1 9.91e-01, trn/loss 2.81e-01, trn/loss_ce 2.70e-02, trn/loss_wd 5.07e+02, trn/lr 9.66e-03
[2022-02-07 16:07:02,200][INFO] [Epoch 145/200] trn/acc1 9.92e-01, trn/loss 2.76e-01, trn/loss_ce 2.56e-02, trn/loss_wd 5.00e+02, trn/lr 9.35e-03
[2022-02-07 16:07:06,554][INFO] [Epoch 146/200] trn/acc1 9.92e-01, trn/loss 2.71e-01, trn/loss_ce 2.39e-02, trn/loss_wd 4.94e+02, trn/lr 9.03e-03
[2022-02-07 16:07:10,904][INFO] [Epoch 147/200] trn/acc1 9.93e-01, trn/loss 2.66e-01, trn/loss_ce 2.20e-02, trn/loss_wd 4.88e+02, trn/lr 8.73e-03
[2022-02-07 16:07:15,251][INFO] [Epoch 148/200] trn/acc1 9.93e-01, trn/loss 2.62e-01, trn/loss_ce 2.09e-02, trn/loss_wd 4.81e+02, trn/lr 8.42e-03
[2022-02-07 16:07:19,609][INFO] [Epoch 149/200] trn/acc1 9.95e-01, trn/loss 2.56e-01, trn/loss_ce 1.81e-02, trn/loss_wd 4.75e+02, trn/lr 8.12e-03
[2022-02-07 16:07:23,955][INFO] [Epoch 150/200] trn/acc1 9.94e-01, trn/loss 2.55e-01, trn/loss_ce 2.04e-02, trn/loss_wd 4.69e+02, trn/lr 7.83e-03
[2022-02-07 16:07:28,373][INFO] [Epoch 151/200] trn/acc1 9.94e-01, trn/loss 2.50e-01, trn/loss_ce 1.85e-02, trn/loss_wd 4.64e+02, trn/lr 7.54e-03
[2022-02-07 16:07:32,737][INFO] [Epoch 152/200] trn/acc1 9.96e-01, trn/loss 2.43e-01, trn/loss_ce 1.42e-02, trn/loss_wd 4.58e+02, trn/lr 7.25e-03
[2022-02-07 16:07:37,084][INFO] [Epoch 153/200] trn/acc1 9.96e-01, trn/loss 2.40e-01, trn/loss_ce 1.41e-02, trn/loss_wd 4.52e+02, trn/lr 6.97e-03
[2022-02-07 16:07:41,432][INFO] [Epoch 154/200] trn/acc1 9.96e-01, trn/loss 2.37e-01, trn/loss_ce 1.35e-02, trn/loss_wd 4.47e+02, trn/lr 6.69e-03
[2022-02-07 16:07:45,784][INFO] [Epoch 155/200] trn/acc1 9.96e-01, trn/loss 2.34e-01, trn/loss_ce 1.31e-02, trn/loss_wd 4.41e+02, trn/lr 6.42e-03
[2022-02-07 16:07:50,135][INFO] [Epoch 156/200] trn/acc1 9.98e-01, trn/loss 2.27e-01, trn/loss_ce 9.25e-03, trn/loss_wd 4.36e+02, trn/lr 6.15e-03
[2022-02-07 16:07:54,507][INFO] [Epoch 157/200] trn/acc1 9.96e-01, trn/loss 2.28e-01, trn/loss_ce 1.24e-02, trn/loss_wd 4.31e+02, trn/lr 5.89e-03
[2022-02-07 16:07:58,855][INFO] [Epoch 158/200] trn/acc1 9.98e-01, trn/loss 2.22e-01, trn/loss_ce 8.72e-03, trn/loss_wd 4.26e+02, trn/lr 5.64e-03
[2022-02-07 16:08:03,212][INFO] [Epoch 159/200] trn/acc1 9.98e-01, trn/loss 2.17e-01, trn/loss_ce 7.02e-03, trn/loss_wd 4.20e+02, trn/lr 5.38e-03
[2022-02-07 16:08:07,564][INFO] [Epoch 160/200] trn/acc1 9.98e-01, trn/loss 2.16e-01, trn/loss_ce 8.23e-03, trn/loss_wd 4.16e+02, trn/lr 5.14e-03
[2022-02-07 16:08:07,685][INFO] [Epoch 160/200] Validation: val/acc1 0.9194, val/loss_ce 0.3752
[2022-02-07 16:08:17,759][INFO] [Epoch 161/200] trn/acc1 9.98e-01, trn/loss 2.12e-01, trn/loss_ce 6.82e-03, trn/loss_wd 4.11e+02, trn/lr 4.89e-03
[2022-02-07 16:08:22,105][INFO] [Epoch 162/200] trn/acc1 9.98e-01, trn/loss 2.10e-01, trn/loss_ce 6.25e-03, trn/loss_wd 4.07e+02, trn/lr 4.66e-03
[2022-02-07 16:08:26,459][INFO] [Epoch 163/200] trn/acc1 9.98e-01, trn/loss 2.08e-01, trn/loss_ce 6.92e-03, trn/loss_wd 4.03e+02, trn/lr 4.43e-03
[2022-02-07 16:08:30,807][INFO] [Epoch 164/200] trn/acc1 9.99e-01, trn/loss 2.05e-01, trn/loss_ce 5.50e-03, trn/loss_wd 3.99e+02, trn/lr 4.20e-03
[2022-02-07 16:08:35,157][INFO] [Epoch 165/200] trn/acc1 9.99e-01, trn/loss 2.03e-01, trn/loss_ce 5.71e-03, trn/loss_wd 3.95e+02, trn/lr 3.98e-03
[2022-02-07 16:08:39,501][INFO] [Epoch 166/200] trn/acc1 9.99e-01, trn/loss 2.00e-01, trn/loss_ce 4.57e-03, trn/loss_wd 3.92e+02, trn/lr 3.76e-03
[2022-02-07 16:08:43,851][INFO] [Epoch 167/200] trn/acc1 9.99e-01, trn/loss 1.98e-01, trn/loss_ce 4.16e-03, trn/loss_wd 3.88e+02, trn/lr 3.55e-03
[2022-02-07 16:08:48,203][INFO] [Epoch 168/200] trn/acc1 9.99e-01, trn/loss 1.96e-01, trn/loss_ce 3.43e-03, trn/loss_wd 3.85e+02, trn/lr 3.35e-03
[2022-02-07 16:08:52,550][INFO] [Epoch 169/200] trn/acc1 9.99e-01, trn/loss 1.95e-01, trn/loss_ce 3.89e-03, trn/loss_wd 3.82e+02, trn/lr 3.15e-03
[2022-02-07 16:08:56,906][INFO] [Epoch 170/200] trn/acc1 9.99e-01, trn/loss 1.93e-01, trn/loss_ce 3.28e-03, trn/loss_wd 3.79e+02, trn/lr 2.96e-03
[2022-02-07 16:09:01,258][INFO] [Epoch 171/200] trn/acc1 9.99e-01, trn/loss 1.92e-01, trn/loss_ce 3.44e-03, trn/loss_wd 3.76e+02, trn/lr 2.77e-03
[2022-02-07 16:09:05,611][INFO] [Epoch 172/200] trn/acc1 9.99e-01, trn/loss 1.90e-01, trn/loss_ce 3.19e-03, trn/loss_wd 3.74e+02, trn/lr 2.59e-03
[2022-02-07 16:09:09,966][INFO] [Epoch 173/200] trn/acc1 9.99e-01, trn/loss 1.89e-01, trn/loss_ce 3.15e-03, trn/loss_wd 3.71e+02, trn/lr 2.41e-03
[2022-02-07 16:09:14,320][INFO] [Epoch 174/200] trn/acc1 1.00e+00, trn/loss 1.87e-01, trn/loss_ce 2.49e-03, trn/loss_wd 3.69e+02, trn/lr 2.24e-03
[2022-02-07 16:09:18,673][INFO] [Epoch 175/200] trn/acc1 9.99e-01, trn/loss 1.86e-01, trn/loss_ce 2.69e-03, trn/loss_wd 3.67e+02, trn/lr 2.08e-03
[2022-02-07 16:09:23,022][INFO] [Epoch 176/200] trn/acc1 1.00e+00, trn/loss 1.85e-01, trn/loss_ce 2.44e-03, trn/loss_wd 3.65e+02, trn/lr 1.92e-03
[2022-02-07 16:09:27,374][INFO] [Epoch 177/200] trn/acc1 1.00e+00, trn/loss 1.84e-01, trn/loss_ce 2.39e-03, trn/loss_wd 3.63e+02, trn/lr 1.77e-03
[2022-02-07 16:09:31,737][INFO] [Epoch 178/200] trn/acc1 1.00e+00, trn/loss 1.83e-01, trn/loss_ce 1.90e-03, trn/loss_wd 3.62e+02, trn/lr 1.63e-03
[2022-02-07 16:09:36,100][INFO] [Epoch 179/200] trn/acc1 1.00e+00, trn/loss 1.82e-01, trn/loss_ce 2.12e-03, trn/loss_wd 3.60e+02, trn/lr 1.49e-03
[2022-02-07 16:09:40,471][INFO] [Epoch 180/200] trn/acc1 1.00e+00, trn/loss 1.82e-01, trn/loss_ce 2.10e-03, trn/loss_wd 3.59e+02, trn/lr 1.35e-03
[2022-02-07 16:09:40,593][INFO] [Epoch 180/200] Validation: val/acc1 0.9226, val/loss_ce 0.3769
[2022-02-07 16:09:50,247][INFO] [Epoch 181/200] trn/acc1 1.00e+00, trn/loss 1.81e-01, trn/loss_ce 2.19e-03, trn/loss_wd 3.58e+02, trn/lr 1.22e-03
[2022-02-07 16:09:50,369][INFO] [Epoch 181/200] Validation: val/acc1 0.9248, val/loss_ce 0.3642
[2022-02-07 16:09:59,084][INFO] [Epoch 182/200] trn/acc1 1.00e+00, trn/loss 1.81e-01, trn/loss_ce 2.32e-03, trn/loss_wd 3.57e+02, trn/lr 1.10e-03
[2022-02-07 16:09:59,206][INFO] [Epoch 182/200] Validation: val/acc1 0.9246, val/loss_ce 0.3665
[2022-02-07 16:10:05,626][INFO] [Epoch 183/200] trn/acc1 1.00e+00, trn/loss 1.80e-01, trn/loss_ce 1.82e-03, trn/loss_wd 3.56e+02, trn/lr 9.87e-04
[2022-02-07 16:10:05,747][INFO] [Epoch 183/200] Validation: val/acc1 0.9248, val/loss_ce 0.3694
[2022-02-07 16:10:18,645][INFO] [Epoch 184/200] trn/acc1 1.00e+00, trn/loss 1.80e-01, trn/loss_ce 2.28e-03, trn/loss_wd 3.55e+02, trn/lr 8.79e-04
[2022-02-07 16:10:18,767][INFO] [Epoch 184/200] Validation: val/acc1 0.9256, val/loss_ce 0.3560
[2022-02-07 16:10:34,853][INFO] [Epoch 185/200] trn/acc1 1.00e+00, trn/loss 1.79e-01, trn/loss_ce 2.14e-03, trn/loss_wd 3.54e+02, trn/lr 7.76e-04
[2022-02-07 16:10:34,978][INFO] [Epoch 185/200] Validation: val/acc1 0.9250, val/loss_ce 0.3591
[2022-02-07 16:10:45,435][INFO] [Epoch 186/200] trn/acc1 1.00e+00, trn/loss 1.78e-01, trn/loss_ce 1.71e-03, trn/loss_wd 3.53e+02, trn/lr 6.79e-04
[2022-02-07 16:10:45,556][INFO] [Epoch 186/200] Validation: val/acc1 0.9242, val/loss_ce 0.3623
[2022-02-07 16:10:56,614][INFO] [Epoch 187/200] trn/acc1 1.00e+00, trn/loss 1.78e-01, trn/loss_ce 1.86e-03, trn/loss_wd 3.53e+02, trn/lr 5.89e-04
[2022-02-07 16:10:56,735][INFO] [Epoch 187/200] Validation: val/acc1 0.9256, val/loss_ce 0.3625
[2022-02-07 16:11:02,926][INFO] [Epoch 188/200] trn/acc1 1.00e+00, trn/loss 1.78e-01, trn/loss_ce 1.80e-03, trn/loss_wd 3.52e+02, trn/lr 5.06e-04
[2022-02-07 16:11:03,047][INFO] [Epoch 188/200] Validation: val/acc1 0.9252, val/loss_ce 0.3659
[2022-02-07 16:11:08,629][INFO] [Epoch 189/200] trn/acc1 1.00e+00, trn/loss 1.78e-01, trn/loss_ce 1.87e-03, trn/loss_wd 3.52e+02, trn/lr 4.28e-04
[2022-02-07 16:11:08,750][INFO] [Epoch 189/200] Validation: val/acc1 0.9260, val/loss_ce 0.3606
[2022-02-07 16:11:20,734][INFO] [Epoch 190/200] trn/acc1 1.00e+00, trn/loss 1.77e-01, trn/loss_ce 1.67e-03, trn/loss_wd 3.51e+02, trn/lr 3.57e-04
[2022-02-07 16:11:20,854][INFO] [Epoch 190/200] Validation: val/acc1 0.9252, val/loss_ce 0.3619
[2022-02-07 16:11:26,650][INFO] [Epoch 191/200] trn/acc1 1.00e+00, trn/loss 1.77e-01, trn/loss_ce 1.90e-03, trn/loss_wd 3.51e+02, trn/lr 2.93e-04
[2022-02-07 16:11:26,771][INFO] [Epoch 191/200] Validation: val/acc1 0.9252, val/loss_ce 0.3635
[2022-02-07 16:11:32,344][INFO] [Epoch 192/200] trn/acc1 1.00e+00, trn/loss 1.77e-01, trn/loss_ce 1.76e-03, trn/loss_wd 3.51e+02, trn/lr 2.34e-04
[2022-02-07 16:11:32,465][INFO] [Epoch 192/200] Validation: val/acc1 0.9260, val/loss_ce 0.3642
[2022-02-07 16:11:43,428][INFO] [Epoch 193/200] trn/acc1 1.00e+00, trn/loss 1.77e-01, trn/loss_ce 1.67e-03, trn/loss_wd 3.51e+02, trn/lr 1.83e-04
[2022-02-07 16:11:43,551][INFO] [Epoch 193/200] Validation: val/acc1 0.9252, val/loss_ce 0.3630
[2022-02-07 16:11:50,589][INFO] [Epoch 194/200] trn/acc1 1.00e+00, trn/loss 1.77e-01, trn/loss_ce 1.80e-03, trn/loss_wd 3.51e+02, trn/lr 1.37e-04
[2022-02-07 16:11:50,712][INFO] [Epoch 194/200] Validation: val/acc1 0.9252, val/loss_ce 0.3640
[2022-02-07 16:11:56,688][INFO] [Epoch 195/200] trn/acc1 1.00e+00, trn/loss 1.77e-01, trn/loss_ce 1.72e-03, trn/loss_wd 3.50e+02, trn/lr 9.84e-05
[2022-02-07 16:11:56,809][INFO] [Epoch 195/200] Validation: val/acc1 0.9250, val/loss_ce 0.3648
[2022-02-07 16:12:03,225][INFO] [Epoch 196/200] trn/acc1 1.00e+00, trn/loss 1.77e-01, trn/loss_ce 1.68e-03, trn/loss_wd 3.50e+02, trn/lr 6.60e-05
[2022-02-07 16:12:03,346][INFO] [Epoch 196/200] Validation: val/acc1 0.9246, val/loss_ce 0.3650
[2022-02-07 16:12:11,216][INFO] [Epoch 197/200] trn/acc1 1.00e+00, trn/loss 1.77e-01, trn/loss_ce 1.85e-03, trn/loss_wd 3.50e+02, trn/lr 4.00e-05
[2022-02-07 16:12:11,338][INFO] [Epoch 197/200] Validation: val/acc1 0.9254, val/loss_ce 0.3647
[2022-02-07 16:12:30,050][INFO] [Epoch 198/200] trn/acc1 1.00e+00, trn/loss 1.77e-01, trn/loss_ce 1.83e-03, trn/loss_wd 3.50e+02, trn/lr 2.06e-05
[2022-02-07 16:12:30,173][INFO] [Epoch 198/200] Validation: val/acc1 0.9256, val/loss_ce 0.3649
[2022-02-07 16:12:47,141][INFO] [Epoch 199/200] trn/acc1 1.00e+00, trn/loss 1.77e-01, trn/loss_ce 1.75e-03, trn/loss_wd 3.50e+02, trn/lr 7.58e-06
[2022-02-07 16:12:47,280][INFO] [Epoch 199/200] Validation: val/acc1 0.9256, val/loss_ce 0.3649
[2022-02-07 16:13:02,079][INFO] [Epoch 200/200] trn/acc1 1.00e+00, trn/loss 1.77e-01, trn/loss_ce 1.68e-03, trn/loss_wd 3.50e+02, trn/lr 1.09e-06
[2022-02-07 16:13:02,202][INFO] [Epoch 200/200] Validation: val/acc1 0.9256, val/loss_ce 0.3649
