[2022-02-05 12:04:05,380][INFO] Environments:
------------  ---------------------------------------------------------------------------
sys.platform  linux
Python        3.7.11 (default, Nov 23 2021, 05:29:02) [GCC 7.5.0]
JAX           0.2.27 @/mnt/data1/giung/venvs/jax0.2.27/lib/python3.7/site-packages/jax
jaxlib        0.1.75 @/mnt/data1/giung/venvs/jax0.2.27/lib/python3.7/site-packages/jaxlib
Flax          0.4.0 @/mnt/data1/giung/venvs/jax0.2.27/lib/python3.7/site-packages/flax
Optax         0.1.0 @/mnt/data1/giung/venvs/jax0.2.27/lib/python3.7/site-packages/optax
------------  ---------------------------------------------------------------------------

[2022-02-05 12:04:05,380][INFO] Command line arguments:
Namespace(batch_size=128, config_file='./configs/C10_WRN28x5-BN-ReLU_SGD.yaml', keep_every_n_checkpoints=None, learning_rate=0.1, num_epochs=200, num_warmup_epochs=5, opts=[], output_dir='./outputs/C10_WRN28x5-BN-ReLU/SGD/s42_e200_wd5e-4_2GPU/', seed=42, weight_decay=0.0005)

[2022-02-05 12:04:05,380][INFO] Using a random seed 42

[2022-02-05 12:04:05,510][INFO] Unable to initialize backend 'tpu_driver': NOT_FOUND: Unable to find driver in registry given worker: 
[2022-02-05 12:04:05,905][INFO] Unable to initialize backend 'tpu': INVALID_ARGUMENT: TpuPlatform is not available.
[2022-02-05 12:05:32,515][INFO] Found no checkpoint files in outputs/C10_WRN28x5-BN-ReLU/SGD/s42_e200_wd5e-4_2GPU
[2022-02-05 12:06:09,305][INFO] [Epoch   1/200] trn/acc1 3.47e-01, trn/loss 5.40e+00, trn/loss_ce 1.78e+00, trn/loss_wd 7.23e+03, trn/lr 9.97e-03
[2022-02-05 12:06:12,066][INFO] [Epoch   1/200] Validation: val/acc1 0.4508, val/loss_ce 1.5185
[2022-02-05 12:06:33,678][INFO] [Epoch   2/200] trn/acc1 5.63e-01, trn/loss 4.59e+00, trn/loss_ce 1.21e+00, trn/loss_wd 6.77e+03, trn/lr 3.00e-02
[2022-02-05 12:06:46,532][INFO] [Epoch   3/200] trn/acc1 6.65e-01, trn/loss 3.92e+00, trn/loss_ce 9.51e-01, trn/loss_wd 5.94e+03, trn/lr 5.00e-02
[2022-02-05 12:06:59,427][INFO] [Epoch   4/200] trn/acc1 7.19e-01, trn/loss 3.26e+00, trn/loss_ce 8.06e-01, trn/loss_wd 4.91e+03, trn/lr 7.00e-02
[2022-02-05 12:07:12,328][INFO] [Epoch   5/200] trn/acc1 7.55e-01, trn/loss 2.62e+00, trn/loss_ce 7.02e-01, trn/loss_wd 3.84e+03, trn/lr 9.00e-02
[2022-02-05 12:07:25,267][INFO] [Epoch   6/200] trn/acc1 7.87e-01, trn/loss 2.07e+00, trn/loss_ce 6.17e-01, trn/loss_wd 2.91e+03, trn/lr 1.00e-01
[2022-02-05 12:07:38,202][INFO] [Epoch   7/200] trn/acc1 8.10e-01, trn/loss 1.67e+00, trn/loss_ce 5.59e-01, trn/loss_wd 2.23e+03, trn/lr 1.00e-01
[2022-02-05 12:07:51,160][INFO] [Epoch   8/200] trn/acc1 8.25e-01, trn/loss 1.39e+00, trn/loss_ce 5.15e-01, trn/loss_wd 1.75e+03, trn/lr 1.00e-01
[2022-02-05 12:08:04,135][INFO] [Epoch   9/200] trn/acc1 8.35e-01, trn/loss 1.19e+00, trn/loss_ce 4.85e-01, trn/loss_wd 1.42e+03, trn/lr 9.99e-02
[2022-02-05 12:08:17,129][INFO] [Epoch  10/200] trn/acc1 8.41e-01, trn/loss 1.06e+00, trn/loss_ce 4.64e-01, trn/loss_wd 1.19e+03, trn/lr 9.99e-02
[2022-02-05 12:08:30,111][INFO] [Epoch  11/200] trn/acc1 8.46e-01, trn/loss 9.68e-01, trn/loss_ce 4.48e-01, trn/loss_wd 1.04e+03, trn/lr 9.98e-02
[2022-02-05 12:08:43,116][INFO] [Epoch  12/200] trn/acc1 8.52e-01, trn/loss 9.05e-01, trn/loss_ce 4.34e-01, trn/loss_wd 9.43e+02, trn/lr 9.97e-02
[2022-02-05 12:08:56,098][INFO] [Epoch  13/200] trn/acc1 8.56e-01, trn/loss 8.63e-01, trn/loss_ce 4.22e-01, trn/loss_wd 8.83e+02, trn/lr 9.96e-02
[2022-02-05 12:09:09,096][INFO] [Epoch  14/200] trn/acc1 8.58e-01, trn/loss 8.36e-01, trn/loss_ce 4.16e-01, trn/loss_wd 8.39e+02, trn/lr 9.95e-02
[2022-02-05 12:09:22,076][INFO] [Epoch  15/200] trn/acc1 8.62e-01, trn/loss 8.14e-01, trn/loss_ce 4.06e-01, trn/loss_wd 8.15e+02, trn/lr 9.94e-02
[2022-02-05 12:09:35,047][INFO] [Epoch  16/200] trn/acc1 8.62e-01, trn/loss 7.98e-01, trn/loss_ce 3.96e-01, trn/loss_wd 8.05e+02, trn/lr 9.93e-02
[2022-02-05 12:09:48,046][INFO] [Epoch  17/200] trn/acc1 8.67e-01, trn/loss 7.85e-01, trn/loss_ce 3.87e-01, trn/loss_wd 7.96e+02, trn/lr 9.91e-02
[2022-02-05 12:10:01,065][INFO] [Epoch  18/200] trn/acc1 8.71e-01, trn/loss 7.79e-01, trn/loss_ce 3.83e-01, trn/loss_wd 7.93e+02, trn/lr 9.90e-02
[2022-02-05 12:10:14,048][INFO] [Epoch  19/200] trn/acc1 8.73e-01, trn/loss 7.71e-01, trn/loss_ce 3.75e-01, trn/loss_wd 7.92e+02, trn/lr 9.88e-02
[2022-02-05 12:10:27,154][INFO] [Epoch  20/200] trn/acc1 8.75e-01, trn/loss 7.61e-01, trn/loss_ce 3.65e-01, trn/loss_wd 7.92e+02, trn/lr 9.86e-02
[2022-02-05 12:10:27,495][INFO] [Epoch  20/200] Validation: val/acc1 0.8322, val/loss_ce 0.5071
[2022-02-05 12:10:50,064][INFO] [Epoch  21/200] trn/acc1 8.77e-01, trn/loss 7.58e-01, trn/loss_ce 3.61e-01, trn/loss_wd 7.95e+02, trn/lr 9.84e-02
[2022-02-05 12:11:03,027][INFO] [Epoch  22/200] trn/acc1 8.78e-01, trn/loss 7.57e-01, trn/loss_ce 3.58e-01, trn/loss_wd 7.97e+02, trn/lr 9.82e-02
[2022-02-05 12:11:16,026][INFO] [Epoch  23/200] trn/acc1 8.80e-01, trn/loss 7.51e-01, trn/loss_ce 3.50e-01, trn/loss_wd 8.01e+02, trn/lr 9.80e-02
[2022-02-05 12:11:29,039][INFO] [Epoch  24/200] trn/acc1 8.84e-01, trn/loss 7.44e-01, trn/loss_ce 3.42e-01, trn/loss_wd 8.03e+02, trn/lr 9.78e-02
[2022-02-05 12:11:42,025][INFO] [Epoch  25/200] trn/acc1 8.84e-01, trn/loss 7.46e-01, trn/loss_ce 3.43e-01, trn/loss_wd 8.05e+02, trn/lr 9.76e-02
[2022-02-05 12:11:55,022][INFO] [Epoch  26/200] trn/acc1 8.84e-01, trn/loss 7.49e-01, trn/loss_ce 3.43e-01, trn/loss_wd 8.14e+02, trn/lr 9.73e-02
[2022-02-05 12:12:08,030][INFO] [Epoch  27/200] trn/acc1 8.87e-01, trn/loss 7.40e-01, trn/loss_ce 3.33e-01, trn/loss_wd 8.15e+02, trn/lr 9.70e-02
[2022-02-05 12:12:21,051][INFO] [Epoch  28/200] trn/acc1 8.87e-01, trn/loss 7.37e-01, trn/loss_ce 3.28e-01, trn/loss_wd 8.17e+02, trn/lr 9.68e-02
[2022-02-05 12:12:34,047][INFO] [Epoch  29/200] trn/acc1 8.89e-01, trn/loss 7.40e-01, trn/loss_ce 3.29e-01, trn/loss_wd 8.22e+02, trn/lr 9.65e-02
[2022-02-05 12:12:47,072][INFO] [Epoch  30/200] trn/acc1 8.89e-01, trn/loss 7.41e-01, trn/loss_ce 3.28e-01, trn/loss_wd 8.28e+02, trn/lr 9.62e-02
[2022-02-05 12:13:00,074][INFO] [Epoch  31/200] trn/acc1 8.92e-01, trn/loss 7.32e-01, trn/loss_ce 3.17e-01, trn/loss_wd 8.30e+02, trn/lr 9.58e-02
[2022-02-05 12:13:13,108][INFO] [Epoch  32/200] trn/acc1 8.91e-01, trn/loss 7.32e-01, trn/loss_ce 3.16e-01, trn/loss_wd 8.33e+02, trn/lr 9.55e-02
[2022-02-05 12:13:26,142][INFO] [Epoch  33/200] trn/acc1 8.93e-01, trn/loss 7.30e-01, trn/loss_ce 3.15e-01, trn/loss_wd 8.29e+02, trn/lr 9.52e-02
[2022-02-05 12:13:39,200][INFO] [Epoch  34/200] trn/acc1 8.94e-01, trn/loss 7.29e-01, trn/loss_ce 3.14e-01, trn/loss_wd 8.30e+02, trn/lr 9.48e-02
[2022-02-05 12:13:52,200][INFO] [Epoch  35/200] trn/acc1 8.94e-01, trn/loss 7.24e-01, trn/loss_ce 3.08e-01, trn/loss_wd 8.31e+02, trn/lr 9.45e-02
[2022-02-05 12:14:05,226][INFO] [Epoch  36/200] trn/acc1 8.94e-01, trn/loss 7.31e-01, trn/loss_ce 3.11e-01, trn/loss_wd 8.39e+02, trn/lr 9.41e-02
[2022-02-05 12:14:18,248][INFO] [Epoch  37/200] trn/acc1 8.97e-01, trn/loss 7.26e-01, trn/loss_ce 3.03e-01, trn/loss_wd 8.46e+02, trn/lr 9.37e-02
[2022-02-05 12:14:31,276][INFO] [Epoch  38/200] trn/acc1 8.95e-01, trn/loss 7.26e-01, trn/loss_ce 3.03e-01, trn/loss_wd 8.47e+02, trn/lr 9.33e-02
[2022-02-05 12:14:44,335][INFO] [Epoch  39/200] trn/acc1 8.97e-01, trn/loss 7.23e-01, trn/loss_ce 3.00e-01, trn/loss_wd 8.45e+02, trn/lr 9.29e-02
[2022-02-05 12:14:57,381][INFO] [Epoch  40/200] trn/acc1 8.98e-01, trn/loss 7.22e-01, trn/loss_ce 2.99e-01, trn/loss_wd 8.45e+02, trn/lr 9.25e-02
[2022-02-05 12:14:57,726][INFO] [Epoch  40/200] Validation: val/acc1 0.8612, val/loss_ce 0.4166
[2022-02-05 12:15:26,185][INFO] [Epoch  41/200] trn/acc1 8.99e-01, trn/loss 7.19e-01, trn/loss_ce 2.96e-01, trn/loss_wd 8.46e+02, trn/lr 9.20e-02
[2022-02-05 12:15:39,182][INFO] [Epoch  42/200] trn/acc1 9.01e-01, trn/loss 7.15e-01, trn/loss_ce 2.91e-01, trn/loss_wd 8.48e+02, trn/lr 9.16e-02
[2022-02-05 12:15:52,175][INFO] [Epoch  43/200] trn/acc1 9.01e-01, trn/loss 7.12e-01, trn/loss_ce 2.89e-01, trn/loss_wd 8.46e+02, trn/lr 9.11e-02
[2022-02-05 12:16:05,277][INFO] [Epoch  44/200] trn/acc1 9.03e-01, trn/loss 7.07e-01, trn/loss_ce 2.85e-01, trn/loss_wd 8.46e+02, trn/lr 9.07e-02
[2022-02-05 12:16:18,324][INFO] [Epoch  45/200] trn/acc1 9.03e-01, trn/loss 7.08e-01, trn/loss_ce 2.86e-01, trn/loss_wd 8.44e+02, trn/lr 9.02e-02
[2022-02-05 12:16:31,376][INFO] [Epoch  46/200] trn/acc1 9.02e-01, trn/loss 7.08e-01, trn/loss_ce 2.85e-01, trn/loss_wd 8.46e+02, trn/lr 8.97e-02
[2022-02-05 12:16:44,415][INFO] [Epoch  47/200] trn/acc1 9.02e-01, trn/loss 7.06e-01, trn/loss_ce 2.81e-01, trn/loss_wd 8.49e+02, trn/lr 8.92e-02
[2022-02-05 12:16:57,455][INFO] [Epoch  48/200] trn/acc1 9.03e-01, trn/loss 7.06e-01, trn/loss_ce 2.80e-01, trn/loss_wd 8.51e+02, trn/lr 8.87e-02
[2022-02-05 12:17:10,474][INFO] [Epoch  49/200] trn/acc1 9.05e-01, trn/loss 7.02e-01, trn/loss_ce 2.78e-01, trn/loss_wd 8.48e+02, trn/lr 8.82e-02
[2022-02-05 12:17:23,508][INFO] [Epoch  50/200] trn/acc1 9.06e-01, trn/loss 7.01e-01, trn/loss_ce 2.76e-01, trn/loss_wd 8.49e+02, trn/lr 8.77e-02
[2022-02-05 12:17:36,534][INFO] [Epoch  51/200] trn/acc1 9.05e-01, trn/loss 6.96e-01, trn/loss_ce 2.74e-01, trn/loss_wd 8.45e+02, trn/lr 8.72e-02
[2022-02-05 12:17:49,578][INFO] [Epoch  52/200] trn/acc1 9.07e-01, trn/loss 6.95e-01, trn/loss_ce 2.71e-01, trn/loss_wd 8.47e+02, trn/lr 8.66e-02
[2022-02-05 12:18:02,614][INFO] [Epoch  53/200] trn/acc1 9.06e-01, trn/loss 6.96e-01, trn/loss_ce 2.71e-01, trn/loss_wd 8.48e+02, trn/lr 8.61e-02
[2022-02-05 12:18:15,654][INFO] [Epoch  54/200] trn/acc1 9.08e-01, trn/loss 6.92e-01, trn/loss_ce 2.69e-01, trn/loss_wd 8.46e+02, trn/lr 8.55e-02
[2022-02-05 12:18:28,660][INFO] [Epoch  55/200] trn/acc1 9.11e-01, trn/loss 6.86e-01, trn/loss_ce 2.65e-01, trn/loss_wd 8.42e+02, trn/lr 8.49e-02
[2022-02-05 12:18:41,692][INFO] [Epoch  56/200] trn/acc1 9.11e-01, trn/loss 6.86e-01, trn/loss_ce 2.65e-01, trn/loss_wd 8.42e+02, trn/lr 8.43e-02
[2022-02-05 12:18:54,719][INFO] [Epoch  57/200] trn/acc1 9.09e-01, trn/loss 6.87e-01, trn/loss_ce 2.66e-01, trn/loss_wd 8.42e+02, trn/lr 8.38e-02
[2022-02-05 12:19:07,756][INFO] [Epoch  58/200] trn/acc1 9.11e-01, trn/loss 6.78e-01, trn/loss_ce 2.59e-01, trn/loss_wd 8.37e+02, trn/lr 8.32e-02
[2022-02-05 12:19:20,768][INFO] [Epoch  59/200] trn/acc1 9.10e-01, trn/loss 6.79e-01, trn/loss_ce 2.60e-01, trn/loss_wd 8.39e+02, trn/lr 8.25e-02
[2022-02-05 12:19:33,787][INFO] [Epoch  60/200] trn/acc1 9.13e-01, trn/loss 6.73e-01, trn/loss_ce 2.54e-01, trn/loss_wd 8.38e+02, trn/lr 8.19e-02
[2022-02-05 12:19:34,124][INFO] [Epoch  60/200] Validation: val/acc1 0.8576, val/loss_ce 0.4470
[2022-02-05 12:19:50,590][INFO] [Epoch  61/200] trn/acc1 9.13e-01, trn/loss 6.75e-01, trn/loss_ce 2.57e-01, trn/loss_wd 8.37e+02, trn/lr 8.13e-02
[2022-02-05 12:20:03,607][INFO] [Epoch  62/200] trn/acc1 9.14e-01, trn/loss 6.69e-01, trn/loss_ce 2.53e-01, trn/loss_wd 8.32e+02, trn/lr 8.07e-02
[2022-02-05 12:20:16,593][INFO] [Epoch  63/200] trn/acc1 9.15e-01, trn/loss 6.69e-01, trn/loss_ce 2.53e-01, trn/loss_wd 8.31e+02, trn/lr 8.00e-02
[2022-02-05 12:20:29,617][INFO] [Epoch  64/200] trn/acc1 9.16e-01, trn/loss 6.62e-01, trn/loss_ce 2.47e-01, trn/loss_wd 8.30e+02, trn/lr 7.94e-02
[2022-02-05 12:20:42,651][INFO] [Epoch  65/200] trn/acc1 9.16e-01, trn/loss 6.62e-01, trn/loss_ce 2.46e-01, trn/loss_wd 8.31e+02, trn/lr 7.87e-02
[2022-02-05 12:20:55,767][INFO] [Epoch  66/200] trn/acc1 9.16e-01, trn/loss 6.59e-01, trn/loss_ce 2.45e-01, trn/loss_wd 8.29e+02, trn/lr 7.81e-02
[2022-02-05 12:21:08,791][INFO] [Epoch  67/200] trn/acc1 9.15e-01, trn/loss 6.64e-01, trn/loss_ce 2.50e-01, trn/loss_wd 8.29e+02, trn/lr 7.74e-02
[2022-02-05 12:21:21,832][INFO] [Epoch  68/200] trn/acc1 9.19e-01, trn/loss 6.55e-01, trn/loss_ce 2.43e-01, trn/loss_wd 8.24e+02, trn/lr 7.67e-02
[2022-02-05 12:21:34,860][INFO] [Epoch  69/200] trn/acc1 9.19e-01, trn/loss 6.51e-01, trn/loss_ce 2.38e-01, trn/loss_wd 8.25e+02, trn/lr 7.60e-02
[2022-02-05 12:21:47,896][INFO] [Epoch  70/200] trn/acc1 9.18e-01, trn/loss 6.50e-01, trn/loss_ce 2.39e-01, trn/loss_wd 8.23e+02, trn/lr 7.53e-02
[2022-02-05 12:22:00,931][INFO] [Epoch  71/200] trn/acc1 9.20e-01, trn/loss 6.49e-01, trn/loss_ce 2.37e-01, trn/loss_wd 8.24e+02, trn/lr 7.47e-02
[2022-02-05 12:22:13,988][INFO] [Epoch  72/200] trn/acc1 9.21e-01, trn/loss 6.42e-01, trn/loss_ce 2.30e-01, trn/loss_wd 8.23e+02, trn/lr 7.39e-02
[2022-02-05 12:22:27,018][INFO] [Epoch  73/200] trn/acc1 9.21e-01, trn/loss 6.42e-01, trn/loss_ce 2.32e-01, trn/loss_wd 8.20e+02, trn/lr 7.32e-02
[2022-02-05 12:22:40,082][INFO] [Epoch  74/200] trn/acc1 9.20e-01, trn/loss 6.41e-01, trn/loss_ce 2.32e-01, trn/loss_wd 8.18e+02, trn/lr 7.25e-02
[2022-02-05 12:22:53,116][INFO] [Epoch  75/200] trn/acc1 9.22e-01, trn/loss 6.33e-01, trn/loss_ce 2.23e-01, trn/loss_wd 8.19e+02, trn/lr 7.18e-02
[2022-02-05 12:23:06,171][INFO] [Epoch  76/200] trn/acc1 9.24e-01, trn/loss 6.29e-01, trn/loss_ce 2.21e-01, trn/loss_wd 8.17e+02, trn/lr 7.11e-02
[2022-02-05 12:23:19,203][INFO] [Epoch  77/200] trn/acc1 9.24e-01, trn/loss 6.32e-01, trn/loss_ce 2.24e-01, trn/loss_wd 8.16e+02, trn/lr 7.03e-02
[2022-02-05 12:23:32,255][INFO] [Epoch  78/200] trn/acc1 9.24e-01, trn/loss 6.26e-01, trn/loss_ce 2.21e-01, trn/loss_wd 8.09e+02, trn/lr 6.96e-02
[2022-02-05 12:23:45,300][INFO] [Epoch  79/200] trn/acc1 9.26e-01, trn/loss 6.19e-01, trn/loss_ce 2.15e-01, trn/loss_wd 8.07e+02, trn/lr 6.89e-02
[2022-02-05 12:23:58,338][INFO] [Epoch  80/200] trn/acc1 9.27e-01, trn/loss 6.18e-01, trn/loss_ce 2.16e-01, trn/loss_wd 8.03e+02, trn/lr 6.81e-02
[2022-02-05 12:23:58,679][INFO] [Epoch  80/200] Validation: val/acc1 0.8796, val/loss_ce 0.3817
[2022-02-05 12:24:26,384][INFO] [Epoch  81/200] trn/acc1 9.27e-01, trn/loss 6.12e-01, trn/loss_ce 2.12e-01, trn/loss_wd 8.00e+02, trn/lr 6.74e-02
[2022-02-05 12:24:39,373][INFO] [Epoch  82/200] trn/acc1 9.26e-01, trn/loss 6.09e-01, trn/loss_ce 2.10e-01, trn/loss_wd 7.98e+02, trn/lr 6.66e-02
[2022-02-05 12:24:52,362][INFO] [Epoch  83/200] trn/acc1 9.29e-01, trn/loss 6.09e-01, trn/loss_ce 2.11e-01, trn/loss_wd 7.96e+02, trn/lr 6.58e-02
[2022-02-05 12:25:05,362][INFO] [Epoch  84/200] trn/acc1 9.32e-01, trn/loss 5.96e-01, trn/loss_ce 2.00e-01, trn/loss_wd 7.93e+02, trn/lr 6.51e-02
[2022-02-05 12:25:18,377][INFO] [Epoch  85/200] trn/acc1 9.30e-01, trn/loss 6.02e-01, trn/loss_ce 2.08e-01, trn/loss_wd 7.88e+02, trn/lr 6.43e-02
[2022-02-05 12:25:31,408][INFO] [Epoch  86/200] trn/acc1 9.30e-01, trn/loss 5.96e-01, trn/loss_ce 2.03e-01, trn/loss_wd 7.86e+02, trn/lr 6.35e-02
[2022-02-05 12:25:44,437][INFO] [Epoch  87/200] trn/acc1 9.30e-01, trn/loss 5.97e-01, trn/loss_ce 2.04e-01, trn/loss_wd 7.86e+02, trn/lr 6.27e-02
[2022-02-05 12:25:57,436][INFO] [Epoch  88/200] trn/acc1 9.32e-01, trn/loss 5.89e-01, trn/loss_ce 1.96e-01, trn/loss_wd 7.85e+02, trn/lr 6.20e-02
[2022-02-05 12:26:10,498][INFO] [Epoch  89/200] trn/acc1 9.34e-01, trn/loss 5.84e-01, trn/loss_ce 1.92e-01, trn/loss_wd 7.83e+02, trn/lr 6.12e-02
[2022-02-05 12:26:23,516][INFO] [Epoch  90/200] trn/acc1 9.35e-01, trn/loss 5.81e-01, trn/loss_ce 1.91e-01, trn/loss_wd 7.80e+02, trn/lr 6.04e-02
[2022-02-05 12:26:36,522][INFO] [Epoch  91/200] trn/acc1 9.35e-01, trn/loss 5.81e-01, trn/loss_ce 1.93e-01, trn/loss_wd 7.77e+02, trn/lr 5.96e-02
[2022-02-05 12:26:49,570][INFO] [Epoch  92/200] trn/acc1 9.36e-01, trn/loss 5.75e-01, trn/loss_ce 1.89e-01, trn/loss_wd 7.73e+02, trn/lr 5.88e-02
[2022-02-05 12:27:02,604][INFO] [Epoch  93/200] trn/acc1 9.38e-01, trn/loss 5.66e-01, trn/loss_ce 1.82e-01, trn/loss_wd 7.69e+02, trn/lr 5.80e-02
[2022-02-05 12:27:15,619][INFO] [Epoch  94/200] trn/acc1 9.36e-01, trn/loss 5.70e-01, trn/loss_ce 1.86e-01, trn/loss_wd 7.68e+02, trn/lr 5.72e-02
[2022-02-05 12:27:28,632][INFO] [Epoch  95/200] trn/acc1 9.40e-01, trn/loss 5.59e-01, trn/loss_ce 1.77e-01, trn/loss_wd 7.64e+02, trn/lr 5.64e-02
[2022-02-05 12:27:41,650][INFO] [Epoch  96/200] trn/acc1 9.39e-01, trn/loss 5.61e-01, trn/loss_ce 1.80e-01, trn/loss_wd 7.62e+02, trn/lr 5.56e-02
[2022-02-05 12:27:54,650][INFO] [Epoch  97/200] trn/acc1 9.41e-01, trn/loss 5.51e-01, trn/loss_ce 1.72e-01, trn/loss_wd 7.57e+02, trn/lr 5.48e-02
[2022-02-05 12:28:07,662][INFO] [Epoch  98/200] trn/acc1 9.41e-01, trn/loss 5.51e-01, trn/loss_ce 1.74e-01, trn/loss_wd 7.54e+02, trn/lr 5.40e-02
[2022-02-05 12:28:20,671][INFO] [Epoch  99/200] trn/acc1 9.43e-01, trn/loss 5.45e-01, trn/loss_ce 1.69e-01, trn/loss_wd 7.50e+02, trn/lr 5.32e-02
[2022-02-05 12:28:33,668][INFO] [Epoch 100/200] trn/acc1 9.45e-01, trn/loss 5.35e-01, trn/loss_ce 1.62e-01, trn/loss_wd 7.45e+02, trn/lr 5.24e-02
[2022-02-05 12:28:34,007][INFO] [Epoch 100/200] Validation: val/acc1 0.8916, val/loss_ce 0.3396
[2022-02-05 12:28:58,449][INFO] [Epoch 101/200] trn/acc1 9.42e-01, trn/loss 5.40e-01, trn/loss_ce 1.69e-01, trn/loss_wd 7.42e+02, trn/lr 5.16e-02
[2022-02-05 12:29:11,429][INFO] [Epoch 102/200] trn/acc1 9.45e-01, trn/loss 5.31e-01, trn/loss_ce 1.61e-01, trn/loss_wd 7.39e+02, trn/lr 5.08e-02
[2022-02-05 12:29:24,430][INFO] [Epoch 103/200] trn/acc1 9.46e-01, trn/loss 5.26e-01, trn/loss_ce 1.58e-01, trn/loss_wd 7.35e+02, trn/lr 5.00e-02
[2022-02-05 12:29:37,452][INFO] [Epoch 104/200] trn/acc1 9.43e-01, trn/loss 5.29e-01, trn/loss_ce 1.62e-01, trn/loss_wd 7.34e+02, trn/lr 4.92e-02
[2022-02-05 12:29:50,444][INFO] [Epoch 105/200] trn/acc1 9.48e-01, trn/loss 5.21e-01, trn/loss_ce 1.55e-01, trn/loss_wd 7.32e+02, trn/lr 4.84e-02
[2022-02-05 12:30:03,459][INFO] [Epoch 106/200] trn/acc1 9.49e-01, trn/loss 5.14e-01, trn/loss_ce 1.51e-01, trn/loss_wd 7.27e+02, trn/lr 4.76e-02
[2022-02-05 12:30:16,460][INFO] [Epoch 107/200] trn/acc1 9.48e-01, trn/loss 5.12e-01, trn/loss_ce 1.51e-01, trn/loss_wd 7.21e+02, trn/lr 4.68e-02
[2022-02-05 12:30:29,479][INFO] [Epoch 108/200] trn/acc1 9.51e-01, trn/loss 5.04e-01, trn/loss_ce 1.46e-01, trn/loss_wd 7.16e+02, trn/lr 4.60e-02
[2022-02-05 12:30:42,506][INFO] [Epoch 109/200] trn/acc1 9.51e-01, trn/loss 4.99e-01, trn/loss_ce 1.44e-01, trn/loss_wd 7.11e+02, trn/lr 4.52e-02
[2022-02-05 12:30:55,543][INFO] [Epoch 110/200] trn/acc1 9.53e-01, trn/loss 4.92e-01, trn/loss_ce 1.38e-01, trn/loss_wd 7.07e+02, trn/lr 4.44e-02
[2022-02-05 12:31:08,627][INFO] [Epoch 111/200] trn/acc1 9.51e-01, trn/loss 4.95e-01, trn/loss_ce 1.44e-01, trn/loss_wd 7.02e+02, trn/lr 4.36e-02
[2022-02-05 12:31:21,695][INFO] [Epoch 112/200] trn/acc1 9.55e-01, trn/loss 4.83e-01, trn/loss_ce 1.34e-01, trn/loss_wd 6.97e+02, trn/lr 4.28e-02
[2022-02-05 12:31:34,732][INFO] [Epoch 113/200] trn/acc1 9.52e-01, trn/loss 4.88e-01, trn/loss_ce 1.40e-01, trn/loss_wd 6.95e+02, trn/lr 4.20e-02
[2022-02-05 12:31:47,788][INFO] [Epoch 114/200] trn/acc1 9.55e-01, trn/loss 4.76e-01, trn/loss_ce 1.30e-01, trn/loss_wd 6.92e+02, trn/lr 4.12e-02
[2022-02-05 12:32:00,821][INFO] [Epoch 115/200] trn/acc1 9.57e-01, trn/loss 4.70e-01, trn/loss_ce 1.27e-01, trn/loss_wd 6.87e+02, trn/lr 4.04e-02
[2022-02-05 12:32:13,877][INFO] [Epoch 116/200] trn/acc1 9.59e-01, trn/loss 4.61e-01, trn/loss_ce 1.21e-01, trn/loss_wd 6.79e+02, trn/lr 3.96e-02
[2022-02-05 12:32:26,912][INFO] [Epoch 117/200] trn/acc1 9.59e-01, trn/loss 4.59e-01, trn/loss_ce 1.23e-01, trn/loss_wd 6.72e+02, trn/lr 3.88e-02
[2022-02-05 12:32:39,956][INFO] [Epoch 118/200] trn/acc1 9.57e-01, trn/loss 4.59e-01, trn/loss_ce 1.24e-01, trn/loss_wd 6.69e+02, trn/lr 3.80e-02
[2022-02-05 12:32:53,020][INFO] [Epoch 119/200] trn/acc1 9.62e-01, trn/loss 4.47e-01, trn/loss_ce 1.15e-01, trn/loss_wd 6.65e+02, trn/lr 3.73e-02
[2022-02-05 12:33:06,062][INFO] [Epoch 120/200] trn/acc1 9.61e-01, trn/loss 4.46e-01, trn/loss_ce 1.15e-01, trn/loss_wd 6.61e+02, trn/lr 3.65e-02
[2022-02-05 12:33:06,407][INFO] [Epoch 120/200] Validation: val/acc1 0.9114, val/loss_ce 0.2905
[2022-02-05 12:33:38,901][INFO] [Epoch 121/200] trn/acc1 9.62e-01, trn/loss 4.41e-01, trn/loss_ce 1.13e-01, trn/loss_wd 6.56e+02, trn/lr 3.57e-02
[2022-02-05 12:33:51,936][INFO] [Epoch 122/200] trn/acc1 9.65e-01, trn/loss 4.28e-01, trn/loss_ce 1.03e-01, trn/loss_wd 6.50e+02, trn/lr 3.49e-02
[2022-02-05 12:34:04,946][INFO] [Epoch 123/200] trn/acc1 9.64e-01, trn/loss 4.28e-01, trn/loss_ce 1.06e-01, trn/loss_wd 6.43e+02, trn/lr 3.42e-02
[2022-02-05 12:34:17,933][INFO] [Epoch 124/200] trn/acc1 9.64e-01, trn/loss 4.27e-01, trn/loss_ce 1.08e-01, trn/loss_wd 6.38e+02, trn/lr 3.34e-02
[2022-02-05 12:34:30,925][INFO] [Epoch 125/200] trn/acc1 9.69e-01, trn/loss 4.11e-01, trn/loss_ce 9.54e-02, trn/loss_wd 6.32e+02, trn/lr 3.26e-02
[2022-02-05 12:34:43,922][INFO] [Epoch 126/200] trn/acc1 9.66e-01, trn/loss 4.14e-01, trn/loss_ce 1.01e-01, trn/loss_wd 6.27e+02, trn/lr 3.19e-02
[2022-02-05 12:34:56,913][INFO] [Epoch 127/200] trn/acc1 9.66e-01, trn/loss 4.10e-01, trn/loss_ce 9.88e-02, trn/loss_wd 6.22e+02, trn/lr 3.11e-02
[2022-02-05 12:35:09,904][INFO] [Epoch 128/200] trn/acc1 9.68e-01, trn/loss 4.04e-01, trn/loss_ce 9.58e-02, trn/loss_wd 6.17e+02, trn/lr 3.04e-02
[2022-02-05 12:35:22,892][INFO] [Epoch 129/200] trn/acc1 9.71e-01, trn/loss 3.92e-01, trn/loss_ce 8.73e-02, trn/loss_wd 6.10e+02, trn/lr 2.97e-02
[2022-02-05 12:35:35,902][INFO] [Epoch 130/200] trn/acc1 9.72e-01, trn/loss 3.87e-01, trn/loss_ce 8.56e-02, trn/loss_wd 6.02e+02, trn/lr 2.89e-02
[2022-02-05 12:35:48,928][INFO] [Epoch 131/200] trn/acc1 9.71e-01, trn/loss 3.84e-01, trn/loss_ce 8.63e-02, trn/loss_wd 5.95e+02, trn/lr 2.82e-02
[2022-02-05 12:36:02,061][INFO] [Epoch 132/200] trn/acc1 9.74e-01, trn/loss 3.74e-01, trn/loss_ce 8.09e-02, trn/loss_wd 5.87e+02, trn/lr 2.75e-02
[2022-02-05 12:36:15,092][INFO] [Epoch 133/200] trn/acc1 9.75e-01, trn/loss 3.67e-01, trn/loss_ce 7.83e-02, trn/loss_wd 5.78e+02, trn/lr 2.68e-02
[2022-02-05 12:36:28,141][INFO] [Epoch 134/200] trn/acc1 9.76e-01, trn/loss 3.61e-01, trn/loss_ce 7.50e-02, trn/loss_wd 5.71e+02, trn/lr 2.61e-02
[2022-02-05 12:36:41,177][INFO] [Epoch 135/200] trn/acc1 9.77e-01, trn/loss 3.53e-01, trn/loss_ce 7.16e-02, trn/loss_wd 5.62e+02, trn/lr 2.54e-02
[2022-02-05 12:36:54,286][INFO] [Epoch 136/200] trn/acc1 9.77e-01, trn/loss 3.48e-01, trn/loss_ce 7.07e-02, trn/loss_wd 5.55e+02, trn/lr 2.47e-02
[2022-02-05 12:37:07,339][INFO] [Epoch 137/200] trn/acc1 9.78e-01, trn/loss 3.44e-01, trn/loss_ce 6.99e-02, trn/loss_wd 5.48e+02, trn/lr 2.40e-02
[2022-02-05 12:37:20,399][INFO] [Epoch 138/200] trn/acc1 9.81e-01, trn/loss 3.28e-01, trn/loss_ce 5.87e-02, trn/loss_wd 5.39e+02, trn/lr 2.33e-02
[2022-02-05 12:37:33,423][INFO] [Epoch 139/200] trn/acc1 9.79e-01, trn/loss 3.28e-01, trn/loss_ce 6.26e-02, trn/loss_wd 5.31e+02, trn/lr 2.26e-02
[2022-02-05 12:37:46,466][INFO] [Epoch 140/200] trn/acc1 9.79e-01, trn/loss 3.25e-01, trn/loss_ce 6.31e-02, trn/loss_wd 5.23e+02, trn/lr 2.19e-02
[2022-02-05 12:37:46,806][INFO] [Epoch 140/200] Validation: val/acc1 0.9180, val/loss_ce 0.2924
[2022-02-05 12:38:11,763][INFO] [Epoch 141/200] trn/acc1 9.80e-01, trn/loss 3.20e-01, trn/loss_ce 6.10e-02, trn/loss_wd 5.18e+02, trn/lr 2.13e-02
[2022-02-05 12:38:24,738][INFO] [Epoch 142/200] trn/acc1 9.82e-01, trn/loss 3.11e-01, trn/loss_ce 5.58e-02, trn/loss_wd 5.10e+02, trn/lr 2.06e-02
[2022-02-05 12:38:37,717][INFO] [Epoch 143/200] trn/acc1 9.82e-01, trn/loss 3.06e-01, trn/loss_ce 5.38e-02, trn/loss_wd 5.03e+02, trn/lr 2.00e-02
[2022-02-05 12:38:50,709][INFO] [Epoch 144/200] trn/acc1 9.84e-01, trn/loss 2.95e-01, trn/loss_ce 4.79e-02, trn/loss_wd 4.94e+02, trn/lr 1.93e-02
[2022-02-05 12:39:03,705][INFO] [Epoch 145/200] trn/acc1 9.85e-01, trn/loss 2.93e-01, trn/loss_ce 4.98e-02, trn/loss_wd 4.87e+02, trn/lr 1.87e-02
[2022-02-05 12:39:16,704][INFO] [Epoch 146/200] trn/acc1 9.87e-01, trn/loss 2.83e-01, trn/loss_ce 4.39e-02, trn/loss_wd 4.78e+02, trn/lr 1.81e-02
[2022-02-05 12:39:29,723][INFO] [Epoch 147/200] trn/acc1 9.87e-01, trn/loss 2.77e-01, trn/loss_ce 4.23e-02, trn/loss_wd 4.70e+02, trn/lr 1.75e-02
[2022-02-05 12:39:42,742][INFO] [Epoch 148/200] trn/acc1 9.88e-01, trn/loss 2.69e-01, trn/loss_ce 3.90e-02, trn/loss_wd 4.61e+02, trn/lr 1.68e-02
[2022-02-05 12:39:55,734][INFO] [Epoch 149/200] trn/acc1 9.89e-01, trn/loss 2.64e-01, trn/loss_ce 3.79e-02, trn/loss_wd 4.52e+02, trn/lr 1.62e-02
[2022-02-05 12:40:08,763][INFO] [Epoch 150/200] trn/acc1 9.90e-01, trn/loss 2.55e-01, trn/loss_ce 3.33e-02, trn/loss_wd 4.43e+02, trn/lr 1.57e-02
[2022-02-05 12:40:21,780][INFO] [Epoch 151/200] trn/acc1 9.89e-01, trn/loss 2.53e-01, trn/loss_ce 3.51e-02, trn/loss_wd 4.35e+02, trn/lr 1.51e-02
[2022-02-05 12:40:34,802][INFO] [Epoch 152/200] trn/acc1 9.89e-01, trn/loss 2.50e-01, trn/loss_ce 3.59e-02, trn/loss_wd 4.28e+02, trn/lr 1.45e-02
[2022-02-05 12:40:47,813][INFO] [Epoch 153/200] trn/acc1 9.93e-01, trn/loss 2.34e-01, trn/loss_ce 2.42e-02, trn/loss_wd 4.19e+02, trn/lr 1.39e-02
[2022-02-05 12:41:00,941][INFO] [Epoch 154/200] trn/acc1 9.94e-01, trn/loss 2.27e-01, trn/loss_ce 2.27e-02, trn/loss_wd 4.09e+02, trn/lr 1.34e-02
[2022-02-05 12:41:13,996][INFO] [Epoch 155/200] trn/acc1 9.91e-01, trn/loss 2.29e-01, trn/loss_ce 2.87e-02, trn/loss_wd 4.01e+02, trn/lr 1.28e-02
[2022-02-05 12:41:27,067][INFO] [Epoch 156/200] trn/acc1 9.92e-01, trn/loss 2.22e-01, trn/loss_ce 2.51e-02, trn/loss_wd 3.94e+02, trn/lr 1.23e-02
[2022-02-05 12:41:40,154][INFO] [Epoch 157/200] trn/acc1 9.95e-01, trn/loss 2.12e-01, trn/loss_ce 1.90e-02, trn/loss_wd 3.86e+02, trn/lr 1.18e-02
[2022-02-05 12:41:53,222][INFO] [Epoch 158/200] trn/acc1 9.95e-01, trn/loss 2.06e-01, trn/loss_ce 1.71e-02, trn/loss_wd 3.78e+02, trn/lr 1.13e-02
[2022-02-05 12:42:06,276][INFO] [Epoch 159/200] trn/acc1 9.97e-01, trn/loss 1.98e-01, trn/loss_ce 1.38e-02, trn/loss_wd 3.69e+02, trn/lr 1.08e-02
[2022-02-05 12:42:19,322][INFO] [Epoch 160/200] trn/acc1 9.96e-01, trn/loss 1.93e-01, trn/loss_ce 1.35e-02, trn/loss_wd 3.60e+02, trn/lr 1.03e-02
[2022-02-05 12:42:19,667][INFO] [Epoch 160/200] Validation: val/acc1 0.9450, val/loss_ce 0.2275
[2022-02-05 12:42:54,058][INFO] [Epoch 161/200] trn/acc1 9.96e-01, trn/loss 1.90e-01, trn/loss_ce 1.35e-02, trn/loss_wd 3.52e+02, trn/lr 9.79e-03
[2022-02-05 12:43:07,018][INFO] [Epoch 162/200] trn/acc1 9.97e-01, trn/loss 1.83e-01, trn/loss_ce 1.05e-02, trn/loss_wd 3.45e+02, trn/lr 9.31e-03
[2022-02-05 12:43:20,023][INFO] [Epoch 163/200] trn/acc1 9.98e-01, trn/loss 1.78e-01, trn/loss_ce 9.27e-03, trn/loss_wd 3.37e+02, trn/lr 8.85e-03
[2022-02-05 12:43:33,046][INFO] [Epoch 164/200] trn/acc1 9.98e-01, trn/loss 1.74e-01, trn/loss_ce 8.82e-03, trn/loss_wd 3.30e+02, trn/lr 8.40e-03
[2022-02-05 12:43:46,049][INFO] [Epoch 165/200] trn/acc1 9.98e-01, trn/loss 1.69e-01, trn/loss_ce 7.67e-03, trn/loss_wd 3.23e+02, trn/lr 7.96e-03
[2022-02-05 12:43:59,058][INFO] [Epoch 166/200] trn/acc1 9.98e-01, trn/loss 1.66e-01, trn/loss_ce 7.60e-03, trn/loss_wd 3.17e+02, trn/lr 7.53e-03
[2022-02-05 12:44:12,087][INFO] [Epoch 167/200] trn/acc1 9.99e-01, trn/loss 1.60e-01, trn/loss_ce 5.19e-03, trn/loss_wd 3.10e+02, trn/lr 7.11e-03
[2022-02-05 12:44:25,109][INFO] [Epoch 168/200] trn/acc1 9.99e-01, trn/loss 1.56e-01, trn/loss_ce 4.08e-03, trn/loss_wd 3.04e+02, trn/lr 6.70e-03
[2022-02-05 12:44:38,119][INFO] [Epoch 169/200] trn/acc1 1.00e+00, trn/loss 1.52e-01, trn/loss_ce 2.86e-03, trn/loss_wd 2.98e+02, trn/lr 6.30e-03
[2022-02-05 12:44:51,132][INFO] [Epoch 170/200] trn/acc1 9.99e-01, trn/loss 1.50e-01, trn/loss_ce 3.83e-03, trn/loss_wd 2.92e+02, trn/lr 5.92e-03
[2022-02-05 12:45:04,141][INFO] [Epoch 171/200] trn/acc1 1.00e+00, trn/loss 1.47e-01, trn/loss_ce 3.11e-03, trn/loss_wd 2.87e+02, trn/lr 5.54e-03
[2022-02-05 12:45:17,178][INFO] [Epoch 172/200] trn/acc1 1.00e+00, trn/loss 1.44e-01, trn/loss_ce 2.49e-03, trn/loss_wd 2.83e+02, trn/lr 5.18e-03
[2022-02-05 12:45:30,184][INFO] [Epoch 173/200] trn/acc1 1.00e+00, trn/loss 1.42e-01, trn/loss_ce 2.45e-03, trn/loss_wd 2.78e+02, trn/lr 4.83e-03
[2022-02-05 12:45:43,186][INFO] [Epoch 174/200] trn/acc1 1.00e+00, trn/loss 1.39e-01, trn/loss_ce 2.37e-03, trn/loss_wd 2.74e+02, trn/lr 4.49e-03
[2022-02-05 12:45:56,289][INFO] [Epoch 175/200] trn/acc1 1.00e+00, trn/loss 1.38e-01, trn/loss_ce 2.85e-03, trn/loss_wd 2.70e+02, trn/lr 4.16e-03
[2022-02-05 12:46:09,326][INFO] [Epoch 176/200] trn/acc1 1.00e+00, trn/loss 1.36e-01, trn/loss_ce 2.26e-03, trn/loss_wd 2.67e+02, trn/lr 3.85e-03
[2022-02-05 12:46:22,358][INFO] [Epoch 177/200] trn/acc1 1.00e+00, trn/loss 1.34e-01, trn/loss_ce 2.02e-03, trn/loss_wd 2.64e+02, trn/lr 3.54e-03
[2022-02-05 12:46:35,394][INFO] [Epoch 178/200] trn/acc1 1.00e+00, trn/loss 1.33e-01, trn/loss_ce 1.99e-03, trn/loss_wd 2.61e+02, trn/lr 3.25e-03
[2022-02-05 12:46:48,409][INFO] [Epoch 179/200] trn/acc1 1.00e+00, trn/loss 1.31e-01, trn/loss_ce 1.87e-03, trn/loss_wd 2.59e+02, trn/lr 2.97e-03
[2022-02-05 12:47:01,449][INFO] [Epoch 180/200] trn/acc1 1.00e+00, trn/loss 1.30e-01, trn/loss_ce 1.84e-03, trn/loss_wd 2.56e+02, trn/lr 2.70e-03
[2022-02-05 12:47:01,791][INFO] [Epoch 180/200] Validation: val/acc1 0.9598, val/loss_ce 0.1576
[2022-02-05 12:47:32,600][INFO] [Epoch 181/200] trn/acc1 1.00e+00, trn/loss 1.29e-01, trn/loss_ce 1.72e-03, trn/loss_wd 2.54e+02, trn/lr 2.45e-03
[2022-02-05 12:47:32,942][INFO] [Epoch 181/200] Validation: val/acc1 0.9594, val/loss_ce 0.1549
[2022-02-05 12:47:59,320][INFO] [Epoch 182/200] trn/acc1 1.00e+00, trn/loss 1.28e-01, trn/loss_ce 1.70e-03, trn/loss_wd 2.52e+02, trn/lr 2.21e-03
[2022-02-05 12:47:59,669][INFO] [Epoch 182/200] Validation: val/acc1 0.9610, val/loss_ce 0.1539
[2022-02-05 12:48:34,661][INFO] [Epoch 183/200] trn/acc1 1.00e+00, trn/loss 1.27e-01, trn/loss_ce 1.77e-03, trn/loss_wd 2.51e+02, trn/lr 1.97e-03
[2022-02-05 12:48:34,998][INFO] [Epoch 183/200] Validation: val/acc1 0.9600, val/loss_ce 0.1566
[2022-02-05 12:48:53,222][INFO] [Epoch 184/200] trn/acc1 1.00e+00, trn/loss 1.26e-01, trn/loss_ce 1.78e-03, trn/loss_wd 2.49e+02, trn/lr 1.76e-03
[2022-02-05 12:48:53,566][INFO] [Epoch 184/200] Validation: val/acc1 0.9600, val/loss_ce 0.1552
[2022-02-05 12:49:12,660][INFO] [Epoch 185/200] trn/acc1 1.00e+00, trn/loss 1.26e-01, trn/loss_ce 1.70e-03, trn/loss_wd 2.48e+02, trn/lr 1.55e-03
[2022-02-05 12:49:12,999][INFO] [Epoch 185/200] Validation: val/acc1 0.9600, val/loss_ce 0.1563
[2022-02-05 12:49:31,476][INFO] [Epoch 186/200] trn/acc1 1.00e+00, trn/loss 1.25e-01, trn/loss_ce 1.64e-03, trn/loss_wd 2.47e+02, trn/lr 1.36e-03
[2022-02-05 12:49:31,811][INFO] [Epoch 186/200] Validation: val/acc1 0.9596, val/loss_ce 0.1545
[2022-02-05 12:49:50,497][INFO] [Epoch 187/200] trn/acc1 1.00e+00, trn/loss 1.24e-01, trn/loss_ce 1.68e-03, trn/loss_wd 2.46e+02, trn/lr 1.18e-03
[2022-02-05 12:49:50,835][INFO] [Epoch 187/200] Validation: val/acc1 0.9596, val/loss_ce 0.1543
[2022-02-05 12:50:09,137][INFO] [Epoch 188/200] trn/acc1 1.00e+00, trn/loss 1.24e-01, trn/loss_ce 1.83e-03, trn/loss_wd 2.45e+02, trn/lr 1.01e-03
[2022-02-05 12:50:09,477][INFO] [Epoch 188/200] Validation: val/acc1 0.9598, val/loss_ce 0.1562
[2022-02-05 12:50:29,342][INFO] [Epoch 189/200] trn/acc1 1.00e+00, trn/loss 1.24e-01, trn/loss_ce 1.64e-03, trn/loss_wd 2.44e+02, trn/lr 8.56e-04
[2022-02-05 12:50:29,686][INFO] [Epoch 189/200] Validation: val/acc1 0.9598, val/loss_ce 0.1530
[2022-02-05 12:50:55,254][INFO] [Epoch 190/200] trn/acc1 1.00e+00, trn/loss 1.23e-01, trn/loss_ce 1.63e-03, trn/loss_wd 2.43e+02, trn/lr 7.14e-04
[2022-02-05 12:50:55,590][INFO] [Epoch 190/200] Validation: val/acc1 0.9594, val/loss_ce 0.1531
[2022-02-05 12:51:13,850][INFO] [Epoch 191/200] trn/acc1 1.00e+00, trn/loss 1.23e-01, trn/loss_ce 1.59e-03, trn/loss_wd 2.43e+02, trn/lr 5.85e-04
[2022-02-05 12:51:14,191][INFO] [Epoch 191/200] Validation: val/acc1 0.9592, val/loss_ce 0.1517
[2022-02-05 12:51:38,097][INFO] [Epoch 192/200] trn/acc1 1.00e+00, trn/loss 1.23e-01, trn/loss_ce 1.63e-03, trn/loss_wd 2.42e+02, trn/lr 4.69e-04
[2022-02-05 12:51:38,443][INFO] [Epoch 192/200] Validation: val/acc1 0.9600, val/loss_ce 0.1533
[2022-02-05 12:51:56,483][INFO] [Epoch 193/200] trn/acc1 1.00e+00, trn/loss 1.23e-01, trn/loss_ce 1.69e-03, trn/loss_wd 2.42e+02, trn/lr 3.65e-04
[2022-02-05 12:51:56,817][INFO] [Epoch 193/200] Validation: val/acc1 0.9602, val/loss_ce 0.1530
[2022-02-05 12:52:15,271][INFO] [Epoch 194/200] trn/acc1 1.00e+00, trn/loss 1.23e-01, trn/loss_ce 1.65e-03, trn/loss_wd 2.42e+02, trn/lr 2.75e-04
[2022-02-05 12:52:15,610][INFO] [Epoch 194/200] Validation: val/acc1 0.9602, val/loss_ce 0.1539
[2022-02-05 12:52:33,840][INFO] [Epoch 195/200] trn/acc1 1.00e+00, trn/loss 1.22e-01, trn/loss_ce 1.56e-03, trn/loss_wd 2.42e+02, trn/lr 1.97e-04
[2022-02-05 12:52:34,177][INFO] [Epoch 195/200] Validation: val/acc1 0.9598, val/loss_ce 0.1522
[2022-02-05 12:52:52,877][INFO] [Epoch 196/200] trn/acc1 1.00e+00, trn/loss 1.22e-01, trn/loss_ce 1.56e-03, trn/loss_wd 2.42e+02, trn/lr 1.32e-04
[2022-02-05 12:52:53,214][INFO] [Epoch 196/200] Validation: val/acc1 0.9594, val/loss_ce 0.1516
[2022-02-05 12:53:15,682][INFO] [Epoch 197/200] trn/acc1 1.00e+00, trn/loss 1.22e-01, trn/loss_ce 1.59e-03, trn/loss_wd 2.42e+02, trn/lr 8.01e-05
[2022-02-05 12:53:16,019][INFO] [Epoch 197/200] Validation: val/acc1 0.9606, val/loss_ce 0.1533
[2022-02-05 12:53:29,969][INFO] [Epoch 198/200] trn/acc1 1.00e+00, trn/loss 1.22e-01, trn/loss_ce 1.62e-03, trn/loss_wd 2.41e+02, trn/lr 4.11e-05
[2022-02-05 12:53:30,307][INFO] [Epoch 198/200] Validation: val/acc1 0.9610, val/loss_ce 0.1521
[2022-02-05 12:53:44,057][INFO] [Epoch 199/200] trn/acc1 1.00e+00, trn/loss 1.22e-01, trn/loss_ce 1.61e-03, trn/loss_wd 2.41e+02, trn/lr 1.52e-05
[2022-02-05 12:53:44,393][INFO] [Epoch 199/200] Validation: val/acc1 0.9590, val/loss_ce 0.1536
[2022-02-05 12:53:58,160][INFO] [Epoch 200/200] trn/acc1 1.00e+00, trn/loss 1.22e-01, trn/loss_ce 1.64e-03, trn/loss_wd 2.41e+02, trn/lr 2.17e-06
[2022-02-05 12:53:58,499][INFO] [Epoch 200/200] Validation: val/acc1 0.9598, val/loss_ce 0.1537
