[2022-03-20 10:04:24,189][INFO] Environments:
------------  ---------------------------------------------------------------------------
sys.platform  linux
Python        3.7.11 (default, Nov 23 2021, 05:29:02) [GCC 7.5.0]
JAX           0.2.27 @/mnt/data1/giung/venvs/jax0.2.27/lib/python3.7/site-packages/jax
jaxlib        0.1.75 @/mnt/data1/giung/venvs/jax0.2.27/lib/python3.7/site-packages/jaxlib
Flax          0.4.0 @/mnt/data1/giung/venvs/jax0.2.27/lib/python3.7/site-packages/flax
Optax         0.1.0 @/mnt/data1/giung/venvs/jax0.2.27/lib/python3.7/site-packages/optax
------------  ---------------------------------------------------------------------------

[2022-03-20 10:04:24,189][INFO] Command line arguments:
Namespace(batch_size=128, config_file='./configs/C10_VGG16-ReLU.yaml', keep_every_n_checkpoints=None, learning_rate=0.1, num_epochs=200, num_warmup_epochs=5, opts=['DATASETS.ROOT', '/home/vessl/datasets/'], output_dir='/home/vessl/Baseline-CIFAR/outputs/C10_VGG16-ReLU/SGD/s42_e200_wd5e-4_lr1e-1/', seed=42, weight_decay=0.0005)

[2022-03-20 10:04:24,190][INFO] Using a random seed 42

[2022-03-20 10:04:24,249][INFO] Unable to initialize backend 'tpu_driver': NOT_FOUND: Unable to find driver in registry given worker: 
[2022-03-20 10:04:25,010][INFO] Unable to initialize backend 'tpu': INVALID_ARGUMENT: TpuPlatform is not available.
[2022-03-20 10:04:28,736][INFO] Found no checkpoint files in /home/vessl/Baseline-CIFAR/outputs/C10_VGG16-ReLU/SGD/s42_e200_wd5e-4_lr1e-1
[2022-03-20 10:04:42,406][INFO] [Epoch   1/200] trn/acc1 3.12e-01, trn/loss 3.98e+00, trn/loss_ce 1.88e+00, trn/loss_wd 4.19e+03, trn/lr 9.97e-03
[2022-03-20 10:04:43,962][INFO] [Epoch   1/200] Validation: val/acc1 0.4288, val/loss_ce 1.5582
[2022-03-20 10:04:48,658][INFO] [Epoch   2/200] trn/acc1 4.63e-01, trn/loss 3.46e+00, trn/loss_ce 1.49e+00, trn/loss_wd 3.95e+03, trn/lr 3.00e-02
[2022-03-20 10:04:52,973][INFO] [Epoch   3/200] trn/acc1 5.60e-01, trn/loss 3.03e+00, trn/loss_ce 1.26e+00, trn/loss_wd 3.54e+03, trn/lr 5.00e-02
[2022-03-20 10:04:57,285][INFO] [Epoch   4/200] trn/acc1 6.12e-01, trn/loss 2.65e+00, trn/loss_ce 1.13e+00, trn/loss_wd 3.04e+03, trn/lr 7.00e-02
[2022-03-20 10:05:01,612][INFO] [Epoch   5/200] trn/acc1 6.53e-01, trn/loss 2.32e+00, trn/loss_ce 1.04e+00, trn/loss_wd 2.56e+03, trn/lr 9.00e-02
[2022-03-20 10:05:05,947][INFO] [Epoch   6/200] trn/acc1 6.67e-01, trn/loss 2.10e+00, trn/loss_ce 1.02e+00, trn/loss_wd 2.16e+03, trn/lr 1.00e-01
[2022-03-20 10:05:10,285][INFO] [Epoch   7/200] trn/acc1 6.67e-01, trn/loss 1.95e+00, trn/loss_ce 1.02e+00, trn/loss_wd 1.87e+03, trn/lr 1.00e-01
[2022-03-20 10:05:14,622][INFO] [Epoch   8/200] trn/acc1 7.03e-01, trn/loss 1.73e+00, trn/loss_ce 9.07e-01, trn/loss_wd 1.65e+03, trn/lr 1.00e-01
[2022-03-20 10:05:18,977][INFO] [Epoch   9/200] trn/acc1 7.13e-01, trn/loss 1.64e+00, trn/loss_ce 8.89e-01, trn/loss_wd 1.50e+03, trn/lr 9.99e-02
[2022-03-20 10:05:23,334][INFO] [Epoch  10/200] trn/acc1 7.42e-01, trn/loss 1.50e+00, trn/loss_ce 8.04e-01, trn/loss_wd 1.39e+03, trn/lr 9.99e-02
[2022-03-20 10:05:27,695][INFO] [Epoch  11/200] trn/acc1 7.59e-01, trn/loss 1.41e+00, trn/loss_ce 7.55e-01, trn/loss_wd 1.31e+03, trn/lr 9.98e-02
[2022-03-20 10:05:32,059][INFO] [Epoch  12/200] trn/acc1 7.61e-01, trn/loss 1.38e+00, trn/loss_ce 7.55e-01, trn/loss_wd 1.25e+03, trn/lr 9.97e-02
[2022-03-20 10:05:36,488][INFO] [Epoch  13/200] trn/acc1 7.75e-01, trn/loss 1.32e+00, trn/loss_ce 7.09e-01, trn/loss_wd 1.23e+03, trn/lr 9.96e-02
[2022-03-20 10:05:40,857][INFO] [Epoch  14/200] trn/acc1 7.81e-01, trn/loss 1.29e+00, trn/loss_ce 6.90e-01, trn/loss_wd 1.21e+03, trn/lr 9.95e-02
[2022-03-20 10:05:45,227][INFO] [Epoch  15/200] trn/acc1 7.84e-01, trn/loss 1.28e+00, trn/loss_ce 6.78e-01, trn/loss_wd 1.19e+03, trn/lr 9.94e-02
[2022-03-20 10:05:49,601][INFO] [Epoch  16/200] trn/acc1 7.90e-01, trn/loss 1.26e+00, trn/loss_ce 6.62e-01, trn/loss_wd 1.19e+03, trn/lr 9.93e-02
[2022-03-20 10:05:53,978][INFO] [Epoch  17/200] trn/acc1 7.93e-01, trn/loss 1.25e+00, trn/loss_ce 6.55e-01, trn/loss_wd 1.20e+03, trn/lr 9.91e-02
[2022-03-20 10:05:58,364][INFO] [Epoch  18/200] trn/acc1 7.95e-01, trn/loss 1.25e+00, trn/loss_ce 6.52e-01, trn/loss_wd 1.21e+03, trn/lr 9.90e-02
[2022-03-20 10:06:02,752][INFO] [Epoch  19/200] trn/acc1 8.05e-01, trn/loss 1.23e+00, trn/loss_ce 6.23e-01, trn/loss_wd 1.21e+03, trn/lr 9.88e-02
[2022-03-20 10:06:07,136][INFO] [Epoch  20/200] trn/acc1 8.07e-01, trn/loss 1.22e+00, trn/loss_ce 6.16e-01, trn/loss_wd 1.21e+03, trn/lr 9.86e-02
[2022-03-20 10:06:07,260][INFO] [Epoch  20/200] Validation: val/acc1 0.8192, val/loss_ce 0.5977
[2022-03-20 10:06:12,184][INFO] [Epoch  21/200] trn/acc1 8.08e-01, trn/loss 1.21e+00, trn/loss_ce 6.07e-01, trn/loss_wd 1.21e+03, trn/lr 9.84e-02
[2022-03-20 10:06:16,557][INFO] [Epoch  22/200] trn/acc1 7.99e-01, trn/loss 1.25e+00, trn/loss_ce 6.38e-01, trn/loss_wd 1.22e+03, trn/lr 9.82e-02
[2022-03-20 10:06:20,942][INFO] [Epoch  23/200] trn/acc1 8.01e-01, trn/loss 1.28e+00, trn/loss_ce 6.50e-01, trn/loss_wd 1.27e+03, trn/lr 9.80e-02
[2022-03-20 10:06:25,323][INFO] [Epoch  24/200] trn/acc1 8.12e-01, trn/loss 1.24e+00, trn/loss_ce 6.03e-01, trn/loss_wd 1.27e+03, trn/lr 9.78e-02
[2022-03-20 10:06:29,718][INFO] [Epoch  25/200] trn/acc1 8.14e-01, trn/loss 1.23e+00, trn/loss_ce 6.02e-01, trn/loss_wd 1.26e+03, trn/lr 9.76e-02
[2022-03-20 10:06:34,116][INFO] [Epoch  26/200] trn/acc1 8.27e-01, trn/loss 1.17e+00, trn/loss_ce 5.51e-01, trn/loss_wd 1.25e+03, trn/lr 9.73e-02
[2022-03-20 10:06:38,522][INFO] [Epoch  27/200] trn/acc1 8.21e-01, trn/loss 1.20e+00, trn/loss_ce 5.80e-01, trn/loss_wd 1.23e+03, trn/lr 9.70e-02
[2022-03-20 10:06:42,919][INFO] [Epoch  28/200] trn/acc1 8.28e-01, trn/loss 1.18e+00, trn/loss_ce 5.55e-01, trn/loss_wd 1.25e+03, trn/lr 9.68e-02
[2022-03-20 10:06:47,322][INFO] [Epoch  29/200] trn/acc1 8.30e-01, trn/loss 1.16e+00, trn/loss_ce 5.44e-01, trn/loss_wd 1.23e+03, trn/lr 9.65e-02
[2022-03-20 10:06:51,729][INFO] [Epoch  30/200] trn/acc1 8.33e-01, trn/loss 1.15e+00, trn/loss_ce 5.35e-01, trn/loss_wd 1.22e+03, trn/lr 9.62e-02
[2022-03-20 10:06:56,125][INFO] [Epoch  31/200] trn/acc1 8.26e-01, trn/loss 1.16e+00, trn/loss_ce 5.47e-01, trn/loss_wd 1.22e+03, trn/lr 9.58e-02
[2022-03-20 10:07:00,514][INFO] [Epoch  32/200] trn/acc1 8.23e-01, trn/loss 1.18e+00, trn/loss_ce 5.61e-01, trn/loss_wd 1.24e+03, trn/lr 9.55e-02
[2022-03-20 10:07:04,907][INFO] [Epoch  33/200] trn/acc1 8.28e-01, trn/loss 1.17e+00, trn/loss_ce 5.48e-01, trn/loss_wd 1.25e+03, trn/lr 9.52e-02
[2022-03-20 10:07:09,296][INFO] [Epoch  34/200] trn/acc1 8.32e-01, trn/loss 1.16e+00, trn/loss_ce 5.34e-01, trn/loss_wd 1.25e+03, trn/lr 9.48e-02
[2022-03-20 10:07:13,691][INFO] [Epoch  35/200] trn/acc1 8.32e-01, trn/loss 1.15e+00, trn/loss_ce 5.26e-01, trn/loss_wd 1.25e+03, trn/lr 9.45e-02
[2022-03-20 10:07:18,089][INFO] [Epoch  36/200] trn/acc1 8.42e-01, trn/loss 1.13e+00, trn/loss_ce 5.05e-01, trn/loss_wd 1.25e+03, trn/lr 9.41e-02
[2022-03-20 10:07:22,481][INFO] [Epoch  37/200] trn/acc1 8.34e-01, trn/loss 1.15e+00, trn/loss_ce 5.28e-01, trn/loss_wd 1.24e+03, trn/lr 9.37e-02
[2022-03-20 10:07:26,867][INFO] [Epoch  38/200] trn/acc1 8.37e-01, trn/loss 1.14e+00, trn/loss_ce 5.20e-01, trn/loss_wd 1.24e+03, trn/lr 9.33e-02
[2022-03-20 10:07:31,356][INFO] [Epoch  39/200] trn/acc1 8.44e-01, trn/loss 1.10e+00, trn/loss_ce 4.91e-01, trn/loss_wd 1.23e+03, trn/lr 9.29e-02
[2022-03-20 10:07:35,741][INFO] [Epoch  40/200] trn/acc1 8.37e-01, trn/loss 1.14e+00, trn/loss_ce 5.20e-01, trn/loss_wd 1.24e+03, trn/lr 9.25e-02
[2022-03-20 10:07:35,865][INFO] [Epoch  40/200] Validation: val/acc1 0.8364, val/loss_ce 0.5327
[2022-03-20 10:07:40,736][INFO] [Epoch  41/200] trn/acc1 8.43e-01, trn/loss 1.11e+00, trn/loss_ce 4.95e-01, trn/loss_wd 1.24e+03, trn/lr 9.20e-02
[2022-03-20 10:07:45,121][INFO] [Epoch  42/200] trn/acc1 8.43e-01, trn/loss 1.11e+00, trn/loss_ce 4.91e-01, trn/loss_wd 1.23e+03, trn/lr 9.16e-02
[2022-03-20 10:07:49,511][INFO] [Epoch  43/200] trn/acc1 8.46e-01, trn/loss 1.10e+00, trn/loss_ce 4.87e-01, trn/loss_wd 1.23e+03, trn/lr 9.11e-02
[2022-03-20 10:07:53,899][INFO] [Epoch  44/200] trn/acc1 8.48e-01, trn/loss 1.10e+00, trn/loss_ce 4.82e-01, trn/loss_wd 1.23e+03, trn/lr 9.07e-02
[2022-03-20 10:07:58,295][INFO] [Epoch  45/200] trn/acc1 8.47e-01, trn/loss 1.10e+00, trn/loss_ce 4.87e-01, trn/loss_wd 1.23e+03, trn/lr 9.02e-02
[2022-03-20 10:08:02,702][INFO] [Epoch  46/200] trn/acc1 8.51e-01, trn/loss 1.08e+00, trn/loss_ce 4.69e-01, trn/loss_wd 1.23e+03, trn/lr 8.97e-02
[2022-03-20 10:08:07,116][INFO] [Epoch  47/200] trn/acc1 8.51e-01, trn/loss 1.09e+00, trn/loss_ce 4.76e-01, trn/loss_wd 1.23e+03, trn/lr 8.92e-02
[2022-03-20 10:08:11,521][INFO] [Epoch  48/200] trn/acc1 8.48e-01, trn/loss 1.09e+00, trn/loss_ce 4.82e-01, trn/loss_wd 1.22e+03, trn/lr 8.87e-02
[2022-03-20 10:08:15,925][INFO] [Epoch  49/200] trn/acc1 8.55e-01, trn/loss 1.07e+00, trn/loss_ce 4.61e-01, trn/loss_wd 1.22e+03, trn/lr 8.82e-02
[2022-03-20 10:08:20,327][INFO] [Epoch  50/200] trn/acc1 8.55e-01, trn/loss 1.07e+00, trn/loss_ce 4.57e-01, trn/loss_wd 1.22e+03, trn/lr 8.77e-02
[2022-03-20 10:08:24,741][INFO] [Epoch  51/200] trn/acc1 8.57e-01, trn/loss 1.05e+00, trn/loss_ce 4.47e-01, trn/loss_wd 1.21e+03, trn/lr 8.72e-02
[2022-03-20 10:08:29,142][INFO] [Epoch  52/200] trn/acc1 8.56e-01, trn/loss 1.06e+00, trn/loss_ce 4.55e-01, trn/loss_wd 1.21e+03, trn/lr 8.66e-02
[2022-03-20 10:08:33,544][INFO] [Epoch  53/200] trn/acc1 8.59e-01, trn/loss 1.04e+00, trn/loss_ce 4.44e-01, trn/loss_wd 1.20e+03, trn/lr 8.61e-02
[2022-03-20 10:08:37,945][INFO] [Epoch  54/200] trn/acc1 8.61e-01, trn/loss 1.04e+00, trn/loss_ce 4.39e-01, trn/loss_wd 1.19e+03, trn/lr 8.55e-02
[2022-03-20 10:08:42,346][INFO] [Epoch  55/200] trn/acc1 8.57e-01, trn/loss 1.05e+00, trn/loss_ce 4.52e-01, trn/loss_wd 1.19e+03, trn/lr 8.49e-02
[2022-03-20 10:08:46,751][INFO] [Epoch  56/200] trn/acc1 8.58e-01, trn/loss 1.05e+00, trn/loss_ce 4.47e-01, trn/loss_wd 1.20e+03, trn/lr 8.43e-02
[2022-03-20 10:08:51,152][INFO] [Epoch  57/200] trn/acc1 8.60e-01, trn/loss 1.04e+00, trn/loss_ce 4.44e-01, trn/loss_wd 1.20e+03, trn/lr 8.38e-02
[2022-03-20 10:08:55,555][INFO] [Epoch  58/200] trn/acc1 8.63e-01, trn/loss 1.03e+00, trn/loss_ce 4.31e-01, trn/loss_wd 1.19e+03, trn/lr 8.32e-02
[2022-03-20 10:08:59,954][INFO] [Epoch  59/200] trn/acc1 8.68e-01, trn/loss 1.01e+00, trn/loss_ce 4.23e-01, trn/loss_wd 1.18e+03, trn/lr 8.25e-02
[2022-03-20 10:09:04,355][INFO] [Epoch  60/200] trn/acc1 8.68e-01, trn/loss 1.01e+00, trn/loss_ce 4.20e-01, trn/loss_wd 1.17e+03, trn/lr 8.19e-02
[2022-03-20 10:09:04,479][INFO] [Epoch  60/200] Validation: val/acc1 0.8388, val/loss_ce 0.5516
[2022-03-20 10:09:09,210][INFO] [Epoch  61/200] trn/acc1 8.67e-01, trn/loss 1.00e+00, trn/loss_ce 4.18e-01, trn/loss_wd 1.17e+03, trn/lr 8.13e-02
[2022-03-20 10:09:13,608][INFO] [Epoch  62/200] trn/acc1 8.67e-01, trn/loss 1.00e+00, trn/loss_ce 4.19e-01, trn/loss_wd 1.17e+03, trn/lr 8.07e-02
[2022-03-20 10:09:18,008][INFO] [Epoch  63/200] trn/acc1 8.67e-01, trn/loss 1.00e+00, trn/loss_ce 4.20e-01, trn/loss_wd 1.17e+03, trn/lr 8.00e-02
[2022-03-20 10:09:22,407][INFO] [Epoch  64/200] trn/acc1 8.69e-01, trn/loss 9.97e-01, trn/loss_ce 4.11e-01, trn/loss_wd 1.17e+03, trn/lr 7.94e-02
[2022-03-20 10:09:26,807][INFO] [Epoch  65/200] trn/acc1 8.72e-01, trn/loss 9.85e-01, trn/loss_ce 4.02e-01, trn/loss_wd 1.17e+03, trn/lr 7.87e-02
[2022-03-20 10:09:31,293][INFO] [Epoch  66/200] trn/acc1 8.72e-01, trn/loss 9.82e-01, trn/loss_ce 4.04e-01, trn/loss_wd 1.16e+03, trn/lr 7.81e-02
[2022-03-20 10:09:35,694][INFO] [Epoch  67/200] trn/acc1 8.72e-01, trn/loss 9.70e-01, trn/loss_ce 3.95e-01, trn/loss_wd 1.15e+03, trn/lr 7.74e-02
[2022-03-20 10:09:40,088][INFO] [Epoch  68/200] trn/acc1 8.74e-01, trn/loss 9.68e-01, trn/loss_ce 3.97e-01, trn/loss_wd 1.14e+03, trn/lr 7.67e-02
[2022-03-20 10:09:44,474][INFO] [Epoch  69/200] trn/acc1 8.76e-01, trn/loss 9.58e-01, trn/loss_ce 3.85e-01, trn/loss_wd 1.14e+03, trn/lr 7.60e-02
[2022-03-20 10:09:48,866][INFO] [Epoch  70/200] trn/acc1 8.77e-01, trn/loss 9.62e-01, trn/loss_ce 3.89e-01, trn/loss_wd 1.15e+03, trn/lr 7.53e-02
[2022-03-20 10:09:53,257][INFO] [Epoch  71/200] trn/acc1 8.82e-01, trn/loss 9.35e-01, trn/loss_ce 3.69e-01, trn/loss_wd 1.13e+03, trn/lr 7.47e-02
[2022-03-20 10:09:57,649][INFO] [Epoch  72/200] trn/acc1 8.79e-01, trn/loss 9.37e-01, trn/loss_ce 3.75e-01, trn/loss_wd 1.13e+03, trn/lr 7.39e-02
[2022-03-20 10:10:02,045][INFO] [Epoch  73/200] trn/acc1 8.80e-01, trn/loss 9.36e-01, trn/loss_ce 3.74e-01, trn/loss_wd 1.12e+03, trn/lr 7.32e-02
[2022-03-20 10:10:06,434][INFO] [Epoch  74/200] trn/acc1 8.83e-01, trn/loss 9.22e-01, trn/loss_ce 3.63e-01, trn/loss_wd 1.12e+03, trn/lr 7.25e-02
[2022-03-20 10:10:10,830][INFO] [Epoch  75/200] trn/acc1 8.84e-01, trn/loss 9.17e-01, trn/loss_ce 3.61e-01, trn/loss_wd 1.11e+03, trn/lr 7.18e-02
[2022-03-20 10:10:15,225][INFO] [Epoch  76/200] trn/acc1 8.83e-01, trn/loss 9.07e-01, trn/loss_ce 3.56e-01, trn/loss_wd 1.10e+03, trn/lr 7.11e-02
[2022-03-20 10:10:19,620][INFO] [Epoch  77/200] trn/acc1 8.85e-01, trn/loss 9.02e-01, trn/loss_ce 3.55e-01, trn/loss_wd 1.09e+03, trn/lr 7.03e-02
[2022-03-20 10:10:24,020][INFO] [Epoch  78/200] trn/acc1 8.85e-01, trn/loss 9.00e-01, trn/loss_ce 3.55e-01, trn/loss_wd 1.09e+03, trn/lr 6.96e-02
[2022-03-20 10:10:28,421][INFO] [Epoch  79/200] trn/acc1 8.89e-01, trn/loss 8.91e-01, trn/loss_ce 3.48e-01, trn/loss_wd 1.09e+03, trn/lr 6.89e-02
[2022-03-20 10:10:32,814][INFO] [Epoch  80/200] trn/acc1 8.90e-01, trn/loss 8.80e-01, trn/loss_ce 3.40e-01, trn/loss_wd 1.08e+03, trn/lr 6.81e-02
[2022-03-20 10:10:32,938][INFO] [Epoch  80/200] Validation: val/acc1 0.8626, val/loss_ce 0.4418
[2022-03-20 10:10:37,779][INFO] [Epoch  81/200] trn/acc1 8.88e-01, trn/loss 8.85e-01, trn/loss_ce 3.47e-01, trn/loss_wd 1.08e+03, trn/lr 6.74e-02
[2022-03-20 10:10:42,184][INFO] [Epoch  82/200] trn/acc1 8.92e-01, trn/loss 8.75e-01, trn/loss_ce 3.37e-01, trn/loss_wd 1.08e+03, trn/lr 6.66e-02
[2022-03-20 10:10:46,576][INFO] [Epoch  83/200] trn/acc1 8.91e-01, trn/loss 8.75e-01, trn/loss_ce 3.38e-01, trn/loss_wd 1.07e+03, trn/lr 6.58e-02
[2022-03-20 10:10:50,969][INFO] [Epoch  84/200] trn/acc1 8.94e-01, trn/loss 8.73e-01, trn/loss_ce 3.36e-01, trn/loss_wd 1.07e+03, trn/lr 6.51e-02
[2022-03-20 10:10:55,362][INFO] [Epoch  85/200] trn/acc1 8.94e-01, trn/loss 8.57e-01, trn/loss_ce 3.25e-01, trn/loss_wd 1.07e+03, trn/lr 6.43e-02
[2022-03-20 10:10:59,756][INFO] [Epoch  86/200] trn/acc1 8.95e-01, trn/loss 8.47e-01, trn/loss_ce 3.18e-01, trn/loss_wd 1.06e+03, trn/lr 6.35e-02
[2022-03-20 10:11:04,152][INFO] [Epoch  87/200] trn/acc1 8.98e-01, trn/loss 8.37e-01, trn/loss_ce 3.15e-01, trn/loss_wd 1.04e+03, trn/lr 6.27e-02
[2022-03-20 10:11:08,550][INFO] [Epoch  88/200] trn/acc1 8.99e-01, trn/loss 8.28e-01, trn/loss_ce 3.08e-01, trn/loss_wd 1.04e+03, trn/lr 6.20e-02
[2022-03-20 10:11:12,947][INFO] [Epoch  89/200] trn/acc1 8.98e-01, trn/loss 8.27e-01, trn/loss_ce 3.10e-01, trn/loss_wd 1.03e+03, trn/lr 6.12e-02
[2022-03-20 10:11:17,348][INFO] [Epoch  90/200] trn/acc1 9.01e-01, trn/loss 8.19e-01, trn/loss_ce 3.04e-01, trn/loss_wd 1.03e+03, trn/lr 6.04e-02
[2022-03-20 10:11:21,788][INFO] [Epoch  91/200] trn/acc1 9.01e-01, trn/loss 8.16e-01, trn/loss_ce 3.03e-01, trn/loss_wd 1.03e+03, trn/lr 5.96e-02
[2022-03-20 10:11:26,183][INFO] [Epoch  92/200] trn/acc1 9.05e-01, trn/loss 7.99e-01, trn/loss_ce 2.91e-01, trn/loss_wd 1.02e+03, trn/lr 5.88e-02
[2022-03-20 10:11:30,590][INFO] [Epoch  93/200] trn/acc1 9.05e-01, trn/loss 7.97e-01, trn/loss_ce 2.92e-01, trn/loss_wd 1.01e+03, trn/lr 5.80e-02
[2022-03-20 10:11:35,009][INFO] [Epoch  94/200] trn/acc1 9.05e-01, trn/loss 7.87e-01, trn/loss_ce 2.84e-01, trn/loss_wd 1.01e+03, trn/lr 5.72e-02
[2022-03-20 10:11:39,431][INFO] [Epoch  95/200] trn/acc1 9.09e-01, trn/loss 7.80e-01, trn/loss_ce 2.80e-01, trn/loss_wd 1.00e+03, trn/lr 5.64e-02
[2022-03-20 10:11:43,837][INFO] [Epoch  96/200] trn/acc1 9.08e-01, trn/loss 7.86e-01, trn/loss_ce 2.86e-01, trn/loss_wd 1.00e+03, trn/lr 5.56e-02
[2022-03-20 10:11:48,237][INFO] [Epoch  97/200] trn/acc1 9.10e-01, trn/loss 7.69e-01, trn/loss_ce 2.72e-01, trn/loss_wd 9.93e+02, trn/lr 5.48e-02
[2022-03-20 10:11:52,641][INFO] [Epoch  98/200] trn/acc1 9.13e-01, trn/loss 7.61e-01, trn/loss_ce 2.69e-01, trn/loss_wd 9.84e+02, trn/lr 5.40e-02
[2022-03-20 10:11:57,041][INFO] [Epoch  99/200] trn/acc1 9.14e-01, trn/loss 7.54e-01, trn/loss_ce 2.64e-01, trn/loss_wd 9.79e+02, trn/lr 5.32e-02
[2022-03-20 10:12:01,451][INFO] [Epoch 100/200] trn/acc1 9.17e-01, trn/loss 7.43e-01, trn/loss_ce 2.59e-01, trn/loss_wd 9.68e+02, trn/lr 5.24e-02
[2022-03-20 10:12:01,576][INFO] [Epoch 100/200] Validation: val/acc1 0.8700, val/loss_ce 0.4062
[2022-03-20 10:12:06,447][INFO] [Epoch 101/200] trn/acc1 9.15e-01, trn/loss 7.37e-01, trn/loss_ce 2.56e-01, trn/loss_wd 9.62e+02, trn/lr 5.16e-02
[2022-03-20 10:12:10,855][INFO] [Epoch 102/200] trn/acc1 9.15e-01, trn/loss 7.39e-01, trn/loss_ce 2.60e-01, trn/loss_wd 9.60e+02, trn/lr 5.08e-02
[2022-03-20 10:12:15,262][INFO] [Epoch 103/200] trn/acc1 9.18e-01, trn/loss 7.26e-01, trn/loss_ce 2.50e-01, trn/loss_wd 9.52e+02, trn/lr 5.00e-02
[2022-03-20 10:12:19,662][INFO] [Epoch 104/200] trn/acc1 9.18e-01, trn/loss 7.20e-01, trn/loss_ce 2.47e-01, trn/loss_wd 9.47e+02, trn/lr 4.92e-02
[2022-03-20 10:12:24,064][INFO] [Epoch 105/200] trn/acc1 9.21e-01, trn/loss 7.06e-01, trn/loss_ce 2.36e-01, trn/loss_wd 9.39e+02, trn/lr 4.84e-02
[2022-03-20 10:12:28,473][INFO] [Epoch 106/200] trn/acc1 9.23e-01, trn/loss 7.02e-01, trn/loss_ce 2.36e-01, trn/loss_wd 9.32e+02, trn/lr 4.76e-02
[2022-03-20 10:12:32,882][INFO] [Epoch 107/200] trn/acc1 9.24e-01, trn/loss 6.92e-01, trn/loss_ce 2.30e-01, trn/loss_wd 9.24e+02, trn/lr 4.68e-02
[2022-03-20 10:12:37,286][INFO] [Epoch 108/200] trn/acc1 9.22e-01, trn/loss 6.95e-01, trn/loss_ce 2.35e-01, trn/loss_wd 9.21e+02, trn/lr 4.60e-02
[2022-03-20 10:12:41,692][INFO] [Epoch 109/200] trn/acc1 9.26e-01, trn/loss 6.88e-01, trn/loss_ce 2.28e-01, trn/loss_wd 9.19e+02, trn/lr 4.52e-02
[2022-03-20 10:12:46,095][INFO] [Epoch 110/200] trn/acc1 9.28e-01, trn/loss 6.75e-01, trn/loss_ce 2.20e-01, trn/loss_wd 9.09e+02, trn/lr 4.44e-02
[2022-03-20 10:12:50,495][INFO] [Epoch 111/200] trn/acc1 9.28e-01, trn/loss 6.67e-01, trn/loss_ce 2.16e-01, trn/loss_wd 9.01e+02, trn/lr 4.36e-02
[2022-03-20 10:12:54,901][INFO] [Epoch 112/200] trn/acc1 9.29e-01, trn/loss 6.58e-01, trn/loss_ce 2.10e-01, trn/loss_wd 8.95e+02, trn/lr 4.28e-02
[2022-03-20 10:12:59,300][INFO] [Epoch 113/200] trn/acc1 9.30e-01, trn/loss 6.58e-01, trn/loss_ce 2.13e-01, trn/loss_wd 8.89e+02, trn/lr 4.20e-02
[2022-03-20 10:13:03,703][INFO] [Epoch 114/200] trn/acc1 9.32e-01, trn/loss 6.45e-01, trn/loss_ce 2.04e-01, trn/loss_wd 8.84e+02, trn/lr 4.12e-02
[2022-03-20 10:13:08,109][INFO] [Epoch 115/200] trn/acc1 9.32e-01, trn/loss 6.40e-01, trn/loss_ce 2.02e-01, trn/loss_wd 8.76e+02, trn/lr 4.04e-02
[2022-03-20 10:13:12,514][INFO] [Epoch 116/200] trn/acc1 9.36e-01, trn/loss 6.30e-01, trn/loss_ce 1.95e-01, trn/loss_wd 8.70e+02, trn/lr 3.96e-02
[2022-03-20 10:13:16,964][INFO] [Epoch 117/200] trn/acc1 9.38e-01, trn/loss 6.19e-01, trn/loss_ce 1.89e-01, trn/loss_wd 8.61e+02, trn/lr 3.88e-02
[2022-03-20 10:13:21,372][INFO] [Epoch 118/200] trn/acc1 9.35e-01, trn/loss 6.19e-01, trn/loss_ce 1.92e-01, trn/loss_wd 8.55e+02, trn/lr 3.80e-02
[2022-03-20 10:13:25,766][INFO] [Epoch 119/200] trn/acc1 9.41e-01, trn/loss 6.05e-01, trn/loss_ce 1.80e-01, trn/loss_wd 8.49e+02, trn/lr 3.73e-02
[2022-03-20 10:13:30,162][INFO] [Epoch 120/200] trn/acc1 9.41e-01, trn/loss 5.95e-01, trn/loss_ce 1.75e-01, trn/loss_wd 8.40e+02, trn/lr 3.65e-02
[2022-03-20 10:13:30,286][INFO] [Epoch 120/200] Validation: val/acc1 0.8786, val/loss_ce 0.4036
[2022-03-20 10:13:35,148][INFO] [Epoch 121/200] trn/acc1 9.43e-01, trn/loss 5.87e-01, trn/loss_ce 1.72e-01, trn/loss_wd 8.32e+02, trn/lr 3.57e-02
[2022-03-20 10:13:39,540][INFO] [Epoch 122/200] trn/acc1 9.43e-01, trn/loss 5.82e-01, trn/loss_ce 1.70e-01, trn/loss_wd 8.25e+02, trn/lr 3.49e-02
[2022-03-20 10:13:43,933][INFO] [Epoch 123/200] trn/acc1 9.45e-01, trn/loss 5.72e-01, trn/loss_ce 1.63e-01, trn/loss_wd 8.17e+02, trn/lr 3.42e-02
[2022-03-20 10:13:48,331][INFO] [Epoch 124/200] trn/acc1 9.48e-01, trn/loss 5.63e-01, trn/loss_ce 1.59e-01, trn/loss_wd 8.08e+02, trn/lr 3.34e-02
[2022-03-20 10:13:52,729][INFO] [Epoch 125/200] trn/acc1 9.47e-01, trn/loss 5.56e-01, trn/loss_ce 1.55e-01, trn/loss_wd 8.01e+02, trn/lr 3.26e-02
[2022-03-20 10:13:57,133][INFO] [Epoch 126/200] trn/acc1 9.49e-01, trn/loss 5.53e-01, trn/loss_ce 1.55e-01, trn/loss_wd 7.95e+02, trn/lr 3.19e-02
[2022-03-20 10:14:01,528][INFO] [Epoch 127/200] trn/acc1 9.51e-01, trn/loss 5.43e-01, trn/loss_ce 1.48e-01, trn/loss_wd 7.88e+02, trn/lr 3.11e-02
[2022-03-20 10:14:05,944][INFO] [Epoch 128/200] trn/acc1 9.50e-01, trn/loss 5.37e-01, trn/loss_ce 1.47e-01, trn/loss_wd 7.81e+02, trn/lr 3.04e-02
[2022-03-20 10:14:10,358][INFO] [Epoch 129/200] trn/acc1 9.52e-01, trn/loss 5.29e-01, trn/loss_ce 1.42e-01, trn/loss_wd 7.74e+02, trn/lr 2.97e-02
[2022-03-20 10:14:14,758][INFO] [Epoch 130/200] trn/acc1 9.53e-01, trn/loss 5.23e-01, trn/loss_ce 1.39e-01, trn/loss_wd 7.67e+02, trn/lr 2.89e-02
[2022-03-20 10:14:19,159][INFO] [Epoch 131/200] trn/acc1 9.55e-01, trn/loss 5.13e-01, trn/loss_ce 1.33e-01, trn/loss_wd 7.60e+02, trn/lr 2.82e-02
[2022-03-20 10:14:23,564][INFO] [Epoch 132/200] trn/acc1 9.58e-01, trn/loss 5.01e-01, trn/loss_ce 1.25e-01, trn/loss_wd 7.51e+02, trn/lr 2.75e-02
[2022-03-20 10:14:27,975][INFO] [Epoch 133/200] trn/acc1 9.58e-01, trn/loss 4.93e-01, trn/loss_ce 1.22e-01, trn/loss_wd 7.43e+02, trn/lr 2.68e-02
[2022-03-20 10:14:32,385][INFO] [Epoch 134/200] trn/acc1 9.60e-01, trn/loss 4.85e-01, trn/loss_ce 1.17e-01, trn/loss_wd 7.37e+02, trn/lr 2.61e-02
[2022-03-20 10:14:36,792][INFO] [Epoch 135/200] trn/acc1 9.59e-01, trn/loss 4.85e-01, trn/loss_ce 1.20e-01, trn/loss_wd 7.30e+02, trn/lr 2.54e-02
[2022-03-20 10:14:41,201][INFO] [Epoch 136/200] trn/acc1 9.61e-01, trn/loss 4.76e-01, trn/loss_ce 1.14e-01, trn/loss_wd 7.23e+02, trn/lr 2.47e-02
[2022-03-20 10:14:45,614][INFO] [Epoch 137/200] trn/acc1 9.63e-01, trn/loss 4.68e-01, trn/loss_ce 1.10e-01, trn/loss_wd 7.15e+02, trn/lr 2.40e-02
[2022-03-20 10:14:50,026][INFO] [Epoch 138/200] trn/acc1 9.66e-01, trn/loss 4.53e-01, trn/loss_ce 9.99e-02, trn/loss_wd 7.06e+02, trn/lr 2.33e-02
[2022-03-20 10:14:54,440][INFO] [Epoch 139/200] trn/acc1 9.68e-01, trn/loss 4.45e-01, trn/loss_ce 9.64e-02, trn/loss_wd 6.96e+02, trn/lr 2.26e-02
[2022-03-20 10:14:58,853][INFO] [Epoch 140/200] trn/acc1 9.67e-01, trn/loss 4.42e-01, trn/loss_ce 9.69e-02, trn/loss_wd 6.89e+02, trn/lr 2.19e-02
[2022-03-20 10:14:58,976][INFO] [Epoch 140/200] Validation: val/acc1 0.9032, val/loss_ce 0.3114
[2022-03-20 10:15:03,848][INFO] [Epoch 141/200] trn/acc1 9.69e-01, trn/loss 4.35e-01, trn/loss_ce 9.46e-02, trn/loss_wd 6.81e+02, trn/lr 2.13e-02
[2022-03-20 10:15:08,263][INFO] [Epoch 142/200] trn/acc1 9.70e-01, trn/loss 4.24e-01, trn/loss_ce 8.78e-02, trn/loss_wd 6.73e+02, trn/lr 2.06e-02
[2022-03-20 10:15:12,768][INFO] [Epoch 143/200] trn/acc1 9.73e-01, trn/loss 4.11e-01, trn/loss_ce 7.94e-02, trn/loss_wd 6.62e+02, trn/lr 2.00e-02
[2022-03-20 10:15:17,178][INFO] [Epoch 144/200] trn/acc1 9.74e-01, trn/loss 4.05e-01, trn/loss_ce 7.85e-02, trn/loss_wd 6.53e+02, trn/lr 1.93e-02
[2022-03-20 10:15:21,600][INFO] [Epoch 145/200] trn/acc1 9.74e-01, trn/loss 3.98e-01, trn/loss_ce 7.65e-02, trn/loss_wd 6.44e+02, trn/lr 1.87e-02
[2022-03-20 10:15:26,017][INFO] [Epoch 146/200] trn/acc1 9.76e-01, trn/loss 3.89e-01, trn/loss_ce 7.18e-02, trn/loss_wd 6.35e+02, trn/lr 1.81e-02
[2022-03-20 10:15:30,432][INFO] [Epoch 147/200] trn/acc1 9.76e-01, trn/loss 3.85e-01, trn/loss_ce 7.20e-02, trn/loss_wd 6.26e+02, trn/lr 1.75e-02
[2022-03-20 10:15:34,843][INFO] [Epoch 148/200] trn/acc1 9.78e-01, trn/loss 3.74e-01, trn/loss_ce 6.48e-02, trn/loss_wd 6.18e+02, trn/lr 1.68e-02
[2022-03-20 10:15:39,258][INFO] [Epoch 149/200] trn/acc1 9.78e-01, trn/loss 3.68e-01, trn/loss_ce 6.32e-02, trn/loss_wd 6.10e+02, trn/lr 1.62e-02
[2022-03-20 10:15:43,671][INFO] [Epoch 150/200] trn/acc1 9.79e-01, trn/loss 3.62e-01, trn/loss_ce 6.09e-02, trn/loss_wd 6.02e+02, trn/lr 1.57e-02
[2022-03-20 10:15:48,082][INFO] [Epoch 151/200] trn/acc1 9.81e-01, trn/loss 3.51e-01, trn/loss_ce 5.55e-02, trn/loss_wd 5.92e+02, trn/lr 1.51e-02
[2022-03-20 10:15:52,492][INFO] [Epoch 152/200] trn/acc1 9.82e-01, trn/loss 3.44e-01, trn/loss_ce 5.21e-02, trn/loss_wd 5.83e+02, trn/lr 1.45e-02
[2022-03-20 10:15:56,892][INFO] [Epoch 153/200] trn/acc1 9.84e-01, trn/loss 3.33e-01, trn/loss_ce 4.64e-02, trn/loss_wd 5.74e+02, trn/lr 1.39e-02
[2022-03-20 10:16:01,291][INFO] [Epoch 154/200] trn/acc1 9.85e-01, trn/loss 3.29e-01, trn/loss_ce 4.63e-02, trn/loss_wd 5.65e+02, trn/lr 1.34e-02
[2022-03-20 10:16:05,693][INFO] [Epoch 155/200] trn/acc1 9.86e-01, trn/loss 3.22e-01, trn/loss_ce 4.41e-02, trn/loss_wd 5.57e+02, trn/lr 1.28e-02
[2022-03-20 10:16:10,104][INFO] [Epoch 156/200] trn/acc1 9.88e-01, trn/loss 3.11e-01, trn/loss_ce 3.74e-02, trn/loss_wd 5.48e+02, trn/lr 1.23e-02
[2022-03-20 10:16:14,513][INFO] [Epoch 157/200] trn/acc1 9.88e-01, trn/loss 3.06e-01, trn/loss_ce 3.63e-02, trn/loss_wd 5.39e+02, trn/lr 1.18e-02
[2022-03-20 10:16:18,919][INFO] [Epoch 158/200] trn/acc1 9.88e-01, trn/loss 3.00e-01, trn/loss_ce 3.48e-02, trn/loss_wd 5.31e+02, trn/lr 1.13e-02
[2022-03-20 10:16:23,323][INFO] [Epoch 159/200] trn/acc1 9.90e-01, trn/loss 2.92e-01, trn/loss_ce 3.07e-02, trn/loss_wd 5.22e+02, trn/lr 1.08e-02
[2022-03-20 10:16:27,735][INFO] [Epoch 160/200] trn/acc1 9.91e-01, trn/loss 2.84e-01, trn/loss_ce 2.72e-02, trn/loss_wd 5.14e+02, trn/lr 1.03e-02
[2022-03-20 10:16:27,859][INFO] [Epoch 160/200] Validation: val/acc1 0.9132, val/loss_ce 0.3211
[2022-03-20 10:16:32,586][INFO] [Epoch 161/200] trn/acc1 9.93e-01, trn/loss 2.75e-01, trn/loss_ce 2.29e-02, trn/loss_wd 5.05e+02, trn/lr 9.79e-03
[2022-03-20 10:16:36,989][INFO] [Epoch 162/200] trn/acc1 9.93e-01, trn/loss 2.69e-01, trn/loss_ce 2.09e-02, trn/loss_wd 4.97e+02, trn/lr 9.31e-03
[2022-03-20 10:16:41,393][INFO] [Epoch 163/200] trn/acc1 9.94e-01, trn/loss 2.63e-01, trn/loss_ce 1.85e-02, trn/loss_wd 4.88e+02, trn/lr 8.85e-03
[2022-03-20 10:16:45,801][INFO] [Epoch 164/200] trn/acc1 9.94e-01, trn/loss 2.59e-01, trn/loss_ce 1.89e-02, trn/loss_wd 4.80e+02, trn/lr 8.40e-03
[2022-03-20 10:16:50,208][INFO] [Epoch 165/200] trn/acc1 9.95e-01, trn/loss 2.55e-01, trn/loss_ce 1.81e-02, trn/loss_wd 4.73e+02, trn/lr 7.96e-03
[2022-03-20 10:16:54,614][INFO] [Epoch 166/200] trn/acc1 9.96e-01, trn/loss 2.46e-01, trn/loss_ce 1.27e-02, trn/loss_wd 4.66e+02, trn/lr 7.53e-03
[2022-03-20 10:16:59,025][INFO] [Epoch 167/200] trn/acc1 9.96e-01, trn/loss 2.42e-01, trn/loss_ce 1.24e-02, trn/loss_wd 4.59e+02, trn/lr 7.11e-03
[2022-03-20 10:17:03,526][INFO] [Epoch 168/200] trn/acc1 9.97e-01, trn/loss 2.37e-01, trn/loss_ce 1.12e-02, trn/loss_wd 4.52e+02, trn/lr 6.70e-03
[2022-03-20 10:17:07,927][INFO] [Epoch 169/200] trn/acc1 9.97e-01, trn/loss 2.33e-01, trn/loss_ce 1.06e-02, trn/loss_wd 4.46e+02, trn/lr 6.30e-03
[2022-03-20 10:17:12,345][INFO] [Epoch 170/200] trn/acc1 9.97e-01, trn/loss 2.30e-01, trn/loss_ce 9.92e-03, trn/loss_wd 4.40e+02, trn/lr 5.92e-03
[2022-03-20 10:17:16,751][INFO] [Epoch 171/200] trn/acc1 9.98e-01, trn/loss 2.26e-01, trn/loss_ce 8.71e-03, trn/loss_wd 4.34e+02, trn/lr 5.54e-03
[2022-03-20 10:17:21,163][INFO] [Epoch 172/200] trn/acc1 9.98e-01, trn/loss 2.23e-01, trn/loss_ce 8.30e-03, trn/loss_wd 4.29e+02, trn/lr 5.18e-03
[2022-03-20 10:17:25,567][INFO] [Epoch 173/200] trn/acc1 9.99e-01, trn/loss 2.17e-01, trn/loss_ce 5.72e-03, trn/loss_wd 4.24e+02, trn/lr 4.83e-03
[2022-03-20 10:17:29,981][INFO] [Epoch 174/200] trn/acc1 9.99e-01, trn/loss 2.14e-01, trn/loss_ce 4.49e-03, trn/loss_wd 4.19e+02, trn/lr 4.49e-03
[2022-03-20 10:17:34,393][INFO] [Epoch 175/200] trn/acc1 9.98e-01, trn/loss 2.13e-01, trn/loss_ce 5.60e-03, trn/loss_wd 4.14e+02, trn/lr 4.16e-03
[2022-03-20 10:17:38,811][INFO] [Epoch 176/200] trn/acc1 9.99e-01, trn/loss 2.09e-01, trn/loss_ce 4.06e-03, trn/loss_wd 4.10e+02, trn/lr 3.85e-03
[2022-03-20 10:17:43,229][INFO] [Epoch 177/200] trn/acc1 9.99e-01, trn/loss 2.07e-01, trn/loss_ce 3.96e-03, trn/loss_wd 4.06e+02, trn/lr 3.54e-03
[2022-03-20 10:17:47,636][INFO] [Epoch 178/200] trn/acc1 9.99e-01, trn/loss 2.04e-01, trn/loss_ce 3.39e-03, trn/loss_wd 4.02e+02, trn/lr 3.25e-03
[2022-03-20 10:17:52,043][INFO] [Epoch 179/200] trn/acc1 9.99e-01, trn/loss 2.02e-01, trn/loss_ce 3.16e-03, trn/loss_wd 3.99e+02, trn/lr 2.97e-03
[2022-03-20 10:17:56,454][INFO] [Epoch 180/200] trn/acc1 9.99e-01, trn/loss 2.02e-01, trn/loss_ce 3.79e-03, trn/loss_wd 3.96e+02, trn/lr 2.70e-03
[2022-03-20 10:17:56,578][INFO] [Epoch 180/200] Validation: val/acc1 0.9242, val/loss_ce 0.3161
[2022-03-20 10:18:01,322][INFO] [Epoch 181/200] trn/acc1 9.99e-01, trn/loss 1.99e-01, trn/loss_ce 2.83e-03, trn/loss_wd 3.93e+02, trn/lr 2.45e-03
[2022-03-20 10:18:01,446][INFO] [Epoch 181/200] Validation: val/acc1 0.9242, val/loss_ce 0.3219
[2022-03-20 10:18:06,044][INFO] [Epoch 182/200] trn/acc1 9.99e-01, trn/loss 1.99e-01, trn/loss_ce 3.54e-03, trn/loss_wd 3.90e+02, trn/lr 2.21e-03
[2022-03-20 10:18:06,167][INFO] [Epoch 182/200] Validation: val/acc1 0.9226, val/loss_ce 0.3226
[2022-03-20 10:18:10,743][INFO] [Epoch 183/200] trn/acc1 1.00e+00, trn/loss 1.96e-01, trn/loss_ce 2.37e-03, trn/loss_wd 3.88e+02, trn/lr 1.97e-03
[2022-03-20 10:18:10,866][INFO] [Epoch 183/200] Validation: val/acc1 0.9240, val/loss_ce 0.3281
[2022-03-20 10:18:15,433][INFO] [Epoch 184/200] trn/acc1 1.00e+00, trn/loss 1.95e-01, trn/loss_ce 2.25e-03, trn/loss_wd 3.86e+02, trn/lr 1.76e-03
[2022-03-20 10:18:15,556][INFO] [Epoch 184/200] Validation: val/acc1 0.9236, val/loss_ce 0.3273
[2022-03-20 10:18:20,133][INFO] [Epoch 185/200] trn/acc1 1.00e+00, trn/loss 1.94e-01, trn/loss_ce 2.21e-03, trn/loss_wd 3.84e+02, trn/lr 1.55e-03
[2022-03-20 10:18:20,255][INFO] [Epoch 185/200] Validation: val/acc1 0.9240, val/loss_ce 0.3213
[2022-03-20 10:18:24,825][INFO] [Epoch 186/200] trn/acc1 1.00e+00, trn/loss 1.94e-01, trn/loss_ce 2.32e-03, trn/loss_wd 3.83e+02, trn/lr 1.36e-03
[2022-03-20 10:18:24,949][INFO] [Epoch 186/200] Validation: val/acc1 0.9230, val/loss_ce 0.3329
[2022-03-20 10:18:29,552][INFO] [Epoch 187/200] trn/acc1 9.99e-01, trn/loss 1.93e-01, trn/loss_ce 2.53e-03, trn/loss_wd 3.82e+02, trn/lr 1.18e-03
[2022-03-20 10:18:29,675][INFO] [Epoch 187/200] Validation: val/acc1 0.9218, val/loss_ce 0.3268
[2022-03-20 10:18:34,272][INFO] [Epoch 188/200] trn/acc1 1.00e+00, trn/loss 1.92e-01, trn/loss_ce 2.21e-03, trn/loss_wd 3.80e+02, trn/lr 1.01e-03
[2022-03-20 10:18:34,395][INFO] [Epoch 188/200] Validation: val/acc1 0.9234, val/loss_ce 0.3227
[2022-03-20 10:18:38,980][INFO] [Epoch 189/200] trn/acc1 1.00e+00, trn/loss 1.92e-01, trn/loss_ce 2.30e-03, trn/loss_wd 3.79e+02, trn/lr 8.56e-04
[2022-03-20 10:18:39,104][INFO] [Epoch 189/200] Validation: val/acc1 0.9224, val/loss_ce 0.3235
[2022-03-20 10:18:43,689][INFO] [Epoch 190/200] trn/acc1 1.00e+00, trn/loss 1.91e-01, trn/loss_ce 2.03e-03, trn/loss_wd 3.79e+02, trn/lr 7.14e-04
[2022-03-20 10:18:43,812][INFO] [Epoch 190/200] Validation: val/acc1 0.9226, val/loss_ce 0.3245
[2022-03-20 10:18:48,393][INFO] [Epoch 191/200] trn/acc1 1.00e+00, trn/loss 1.91e-01, trn/loss_ce 2.26e-03, trn/loss_wd 3.78e+02, trn/lr 5.85e-04
[2022-03-20 10:18:48,518][INFO] [Epoch 191/200] Validation: val/acc1 0.9224, val/loss_ce 0.3214
[2022-03-20 10:18:53,091][INFO] [Epoch 192/200] trn/acc1 1.00e+00, trn/loss 1.91e-01, trn/loss_ce 2.11e-03, trn/loss_wd 3.77e+02, trn/lr 4.69e-04
[2022-03-20 10:18:53,215][INFO] [Epoch 192/200] Validation: val/acc1 0.9234, val/loss_ce 0.3227
[2022-03-20 10:18:57,794][INFO] [Epoch 193/200] trn/acc1 1.00e+00, trn/loss 1.90e-01, trn/loss_ce 1.94e-03, trn/loss_wd 3.77e+02, trn/lr 3.65e-04
[2022-03-20 10:18:57,917][INFO] [Epoch 193/200] Validation: val/acc1 0.9226, val/loss_ce 0.3251
[2022-03-20 10:19:02,491][INFO] [Epoch 194/200] trn/acc1 1.00e+00, trn/loss 1.90e-01, trn/loss_ce 2.17e-03, trn/loss_wd 3.76e+02, trn/lr 2.75e-04
[2022-03-20 10:19:02,615][INFO] [Epoch 194/200] Validation: val/acc1 0.9228, val/loss_ce 0.3235
[2022-03-20 10:19:07,197][INFO] [Epoch 195/200] trn/acc1 1.00e+00, trn/loss 1.90e-01, trn/loss_ce 2.05e-03, trn/loss_wd 3.76e+02, trn/lr 1.97e-04
[2022-03-20 10:19:07,320][INFO] [Epoch 195/200] Validation: val/acc1 0.9230, val/loss_ce 0.3223
[2022-03-20 10:19:11,899][INFO] [Epoch 196/200] trn/acc1 1.00e+00, trn/loss 1.90e-01, trn/loss_ce 1.96e-03, trn/loss_wd 3.76e+02, trn/lr 1.32e-04
[2022-03-20 10:19:12,022][INFO] [Epoch 196/200] Validation: val/acc1 0.9230, val/loss_ce 0.3227
[2022-03-20 10:19:16,693][INFO] [Epoch 197/200] trn/acc1 1.00e+00, trn/loss 1.90e-01, trn/loss_ce 1.95e-03, trn/loss_wd 3.76e+02, trn/lr 8.01e-05
[2022-03-20 10:19:16,816][INFO] [Epoch 197/200] Validation: val/acc1 0.9224, val/loss_ce 0.3236
[2022-03-20 10:19:21,419][INFO] [Epoch 198/200] trn/acc1 1.00e+00, trn/loss 1.90e-01, trn/loss_ce 2.11e-03, trn/loss_wd 3.76e+02, trn/lr 4.11e-05
[2022-03-20 10:19:21,542][INFO] [Epoch 198/200] Validation: val/acc1 0.9228, val/loss_ce 0.3231
[2022-03-20 10:19:26,139][INFO] [Epoch 199/200] trn/acc1 1.00e+00, trn/loss 1.90e-01, trn/loss_ce 1.88e-03, trn/loss_wd 3.76e+02, trn/lr 1.52e-05
[2022-03-20 10:19:26,263][INFO] [Epoch 199/200] Validation: val/acc1 0.9226, val/loss_ce 0.3232
[2022-03-20 10:19:30,839][INFO] [Epoch 200/200] trn/acc1 1.00e+00, trn/loss 1.90e-01, trn/loss_ce 1.75e-03, trn/loss_wd 3.76e+02, trn/lr 2.17e-06
[2022-03-20 10:19:30,963][INFO] [Epoch 200/200] Validation: val/acc1 0.9226, val/loss_ce 0.3232
