[2022-02-07 15:54:24,388][INFO] Environments:
------------  ---------------------------------------------------------------------------
sys.platform  linux
Python        3.7.11 (default, Nov 23 2021, 05:29:02) [GCC 7.5.0]
JAX           0.2.27 @/mnt/data1/giung/venvs/jax0.2.27/lib/python3.7/site-packages/jax
jaxlib        0.1.75 @/mnt/data1/giung/venvs/jax0.2.27/lib/python3.7/site-packages/jaxlib
Flax          0.4.0 @/mnt/data1/giung/venvs/jax0.2.27/lib/python3.7/site-packages/flax
Optax         0.1.0 @/mnt/data1/giung/venvs/jax0.2.27/lib/python3.7/site-packages/optax
------------  ---------------------------------------------------------------------------

[2022-02-07 15:54:24,388][INFO] Command line arguments:
Namespace(batch_size=128, config_file='./configs/C10_VGG16-BN-ReLU_SGD.yaml', keep_every_n_checkpoints=None, learning_rate=0.05, num_epochs=200, num_warmup_epochs=5, opts=[], output_dir='./outputs/C10_VGG16-BN-ReLU/SGD/s42_e200_wd5e-4/', seed=42, weight_decay=0.0005)

[2022-02-07 15:54:24,388][INFO] Using a random seed 42

[2022-02-07 15:54:24,431][INFO] Unable to initialize backend 'tpu_driver': NOT_FOUND: Unable to find driver in registry given worker: 
[2022-02-07 15:54:24,643][INFO] Unable to initialize backend 'tpu': INVALID_ARGUMENT: TpuPlatform is not available.
[2022-02-07 15:55:49,340][INFO] Found no checkpoint files in outputs/C10_VGG16-BN-ReLU/SGD/s42_e200_wd5e-4
[2022-02-07 15:56:06,032][INFO] [Epoch   1/200] trn/acc1 3.93e-01, trn/loss 5.35e+00, trn/loss_ce 1.68e+00, trn/loss_wd 7.33e+03, trn/lr 4.99e-03
[2022-02-07 15:56:08,132][INFO] [Epoch   1/200] Validation: val/acc1 0.5050, val/loss_ce 1.3554
[2022-02-07 15:56:22,783][INFO] [Epoch   2/200] trn/acc1 5.97e-01, trn/loss 4.68e+00, trn/loss_ce 1.12e+00, trn/loss_wd 7.11e+03, trn/lr 1.50e-02
[2022-02-07 15:56:27,641][INFO] [Epoch   3/200] trn/acc1 6.93e-01, trn/loss 4.22e+00, trn/loss_ce 8.82e-01, trn/loss_wd 6.68e+03, trn/lr 2.50e-02
[2022-02-07 15:56:32,501][INFO] [Epoch   4/200] trn/acc1 7.43e-01, trn/loss 3.80e+00, trn/loss_ce 7.56e-01, trn/loss_wd 6.08e+03, trn/lr 3.50e-02
[2022-02-07 15:56:37,635][INFO] [Epoch   5/200] trn/acc1 7.70e-01, trn/loss 3.37e+00, trn/loss_ce 6.75e-01, trn/loss_wd 5.38e+03, trn/lr 4.50e-02
[2022-02-07 15:56:42,633][INFO] [Epoch   6/200] trn/acc1 7.95e-01, trn/loss 2.93e+00, trn/loss_ce 6.07e-01, trn/loss_wd 4.65e+03, trn/lr 5.00e-02
[2022-02-07 15:56:47,515][INFO] [Epoch   7/200] trn/acc1 8.16e-01, trn/loss 2.55e+00, trn/loss_ce 5.45e-01, trn/loss_wd 4.01e+03, trn/lr 5.00e-02
[2022-02-07 15:56:52,374][INFO] [Epoch   8/200] trn/acc1 8.33e-01, trn/loss 2.24e+00, trn/loss_ce 5.05e-01, trn/loss_wd 3.46e+03, trn/lr 5.00e-02
[2022-02-07 15:56:57,228][INFO] [Epoch   9/200] trn/acc1 8.44e-01, trn/loss 1.97e+00, trn/loss_ce 4.63e-01, trn/loss_wd 3.01e+03, trn/lr 5.00e-02
[2022-02-07 15:57:02,083][INFO] [Epoch  10/200] trn/acc1 8.54e-01, trn/loss 1.75e+00, trn/loss_ce 4.38e-01, trn/loss_wd 2.63e+03, trn/lr 4.99e-02
[2022-02-07 15:57:06,950][INFO] [Epoch  11/200] trn/acc1 8.62e-01, trn/loss 1.57e+00, trn/loss_ce 4.12e-01, trn/loss_wd 2.31e+03, trn/lr 4.99e-02
[2022-02-07 15:57:12,053][INFO] [Epoch  12/200] trn/acc1 8.69e-01, trn/loss 1.42e+00, trn/loss_ce 3.93e-01, trn/loss_wd 2.05e+03, trn/lr 4.99e-02
[2022-02-07 15:57:17,215][INFO] [Epoch  13/200] trn/acc1 8.72e-01, trn/loss 1.29e+00, trn/loss_ce 3.80e-01, trn/loss_wd 1.83e+03, trn/lr 4.98e-02
[2022-02-07 15:57:22,099][INFO] [Epoch  14/200] trn/acc1 8.79e-01, trn/loss 1.19e+00, trn/loss_ce 3.67e-01, trn/loss_wd 1.65e+03, trn/lr 4.98e-02
[2022-02-07 15:57:27,159][INFO] [Epoch  15/200] trn/acc1 8.80e-01, trn/loss 1.11e+00, trn/loss_ce 3.56e-01, trn/loss_wd 1.50e+03, trn/lr 4.97e-02
[2022-02-07 15:57:32,041][INFO] [Epoch  16/200] trn/acc1 8.85e-01, trn/loss 1.04e+00, trn/loss_ce 3.47e-01, trn/loss_wd 1.38e+03, trn/lr 4.96e-02
[2022-02-07 15:57:36,935][INFO] [Epoch  17/200] trn/acc1 8.85e-01, trn/loss 9.81e-01, trn/loss_ce 3.39e-01, trn/loss_wd 1.29e+03, trn/lr 4.96e-02
[2022-02-07 15:57:41,836][INFO] [Epoch  18/200] trn/acc1 8.89e-01, trn/loss 9.35e-01, trn/loss_ce 3.31e-01, trn/loss_wd 1.21e+03, trn/lr 4.95e-02
[2022-02-07 15:57:46,720][INFO] [Epoch  19/200] trn/acc1 8.92e-01, trn/loss 8.94e-01, trn/loss_ce 3.23e-01, trn/loss_wd 1.14e+03, trn/lr 4.94e-02
[2022-02-07 15:57:51,634][INFO] [Epoch  20/200] trn/acc1 8.93e-01, trn/loss 8.65e-01, trn/loss_ce 3.20e-01, trn/loss_wd 1.09e+03, trn/lr 4.93e-02
[2022-02-07 15:57:51,769][INFO] [Epoch  20/200] Validation: val/acc1 0.8730, val/loss_ce 0.3960
[2022-02-07 15:58:02,323][INFO] [Epoch  21/200] trn/acc1 8.97e-01, trn/loss 8.29e-01, trn/loss_ce 3.06e-01, trn/loss_wd 1.05e+03, trn/lr 4.92e-02
[2022-02-07 15:58:07,215][INFO] [Epoch  22/200] trn/acc1 8.97e-01, trn/loss 8.12e-01, trn/loss_ce 3.07e-01, trn/loss_wd 1.01e+03, trn/lr 4.91e-02
[2022-02-07 15:58:12,100][INFO] [Epoch  23/200] trn/acc1 9.01e-01, trn/loss 7.90e-01, trn/loss_ce 2.98e-01, trn/loss_wd 9.84e+02, trn/lr 4.90e-02
[2022-02-07 15:58:17,006][INFO] [Epoch  24/200] trn/acc1 9.03e-01, trn/loss 7.76e-01, trn/loss_ce 2.95e-01, trn/loss_wd 9.61e+02, trn/lr 4.89e-02
[2022-02-07 15:58:22,313][INFO] [Epoch  25/200] trn/acc1 9.00e-01, trn/loss 7.67e-01, trn/loss_ce 2.96e-01, trn/loss_wd 9.42e+02, trn/lr 4.88e-02
[2022-02-07 15:58:27,200][INFO] [Epoch  26/200] trn/acc1 9.04e-01, trn/loss 7.54e-01, trn/loss_ce 2.89e-01, trn/loss_wd 9.30e+02, trn/lr 4.86e-02
[2022-02-07 15:58:32,087][INFO] [Epoch  27/200] trn/acc1 9.06e-01, trn/loss 7.42e-01, trn/loss_ce 2.84e-01, trn/loss_wd 9.16e+02, trn/lr 4.85e-02
[2022-02-07 15:58:36,985][INFO] [Epoch  28/200] trn/acc1 9.08e-01, trn/loss 7.33e-01, trn/loss_ce 2.78e-01, trn/loss_wd 9.09e+02, trn/lr 4.84e-02
[2022-02-07 15:58:41,881][INFO] [Epoch  29/200] trn/acc1 9.08e-01, trn/loss 7.29e-01, trn/loss_ce 2.77e-01, trn/loss_wd 9.03e+02, trn/lr 4.82e-02
[2022-02-07 15:58:46,790][INFO] [Epoch  30/200] trn/acc1 9.10e-01, trn/loss 7.22e-01, trn/loss_ce 2.73e-01, trn/loss_wd 8.97e+02, trn/lr 4.81e-02
[2022-02-07 15:58:51,714][INFO] [Epoch  31/200] trn/acc1 9.11e-01, trn/loss 7.17e-01, trn/loss_ce 2.71e-01, trn/loss_wd 8.93e+02, trn/lr 4.79e-02
[2022-02-07 15:58:56,648][INFO] [Epoch  32/200] trn/acc1 9.11e-01, trn/loss 7.10e-01, trn/loss_ce 2.64e-01, trn/loss_wd 8.90e+02, trn/lr 4.78e-02
[2022-02-07 15:59:01,582][INFO] [Epoch  33/200] trn/acc1 9.12e-01, trn/loss 7.10e-01, trn/loss_ce 2.67e-01, trn/loss_wd 8.87e+02, trn/lr 4.76e-02
[2022-02-07 15:59:06,524][INFO] [Epoch  34/200] trn/acc1 9.12e-01, trn/loss 7.02e-01, trn/loss_ce 2.60e-01, trn/loss_wd 8.84e+02, trn/lr 4.74e-02
[2022-02-07 15:59:11,424][INFO] [Epoch  35/200] trn/acc1 9.14e-01, trn/loss 7.02e-01, trn/loss_ce 2.60e-01, trn/loss_wd 8.84e+02, trn/lr 4.72e-02
[2022-02-07 15:59:16,358][INFO] [Epoch  36/200] trn/acc1 9.13e-01, trn/loss 7.05e-01, trn/loss_ce 2.61e-01, trn/loss_wd 8.87e+02, trn/lr 4.70e-02
[2022-02-07 15:59:21,686][INFO] [Epoch  37/200] trn/acc1 9.16e-01, trn/loss 6.97e-01, trn/loss_ce 2.55e-01, trn/loss_wd 8.85e+02, trn/lr 4.68e-02
[2022-02-07 15:59:26,604][INFO] [Epoch  38/200] trn/acc1 9.18e-01, trn/loss 6.90e-01, trn/loss_ce 2.48e-01, trn/loss_wd 8.84e+02, trn/lr 4.67e-02
[2022-02-07 15:59:31,779][INFO] [Epoch  39/200] trn/acc1 9.20e-01, trn/loss 6.85e-01, trn/loss_ce 2.43e-01, trn/loss_wd 8.84e+02, trn/lr 4.64e-02
[2022-02-07 15:59:36,687][INFO] [Epoch  40/200] trn/acc1 9.18e-01, trn/loss 6.83e-01, trn/loss_ce 2.43e-01, trn/loss_wd 8.80e+02, trn/lr 4.62e-02
[2022-02-07 15:59:36,821][INFO] [Epoch  40/200] Validation: val/acc1 0.8544, val/loss_ce 0.4468
[2022-02-07 15:59:46,374][INFO] [Epoch  41/200] trn/acc1 9.18e-01, trn/loss 6.90e-01, trn/loss_ce 2.50e-01, trn/loss_wd 8.80e+02, trn/lr 4.60e-02
[2022-02-07 15:59:51,323][INFO] [Epoch  42/200] trn/acc1 9.20e-01, trn/loss 6.82e-01, trn/loss_ce 2.40e-01, trn/loss_wd 8.84e+02, trn/lr 4.58e-02
[2022-02-07 15:59:56,230][INFO] [Epoch  43/200] trn/acc1 9.21e-01, trn/loss 6.75e-01, trn/loss_ce 2.35e-01, trn/loss_wd 8.80e+02, trn/lr 4.56e-02
[2022-02-07 16:00:01,302][INFO] [Epoch  44/200] trn/acc1 9.21e-01, trn/loss 6.79e-01, trn/loss_ce 2.39e-01, trn/loss_wd 8.79e+02, trn/lr 4.53e-02
[2022-02-07 16:00:06,217][INFO] [Epoch  45/200] trn/acc1 9.22e-01, trn/loss 6.73e-01, trn/loss_ce 2.32e-01, trn/loss_wd 8.81e+02, trn/lr 4.51e-02
[2022-02-07 16:00:11,136][INFO] [Epoch  46/200] trn/acc1 9.22e-01, trn/loss 6.71e-01, trn/loss_ce 2.30e-01, trn/loss_wd 8.80e+02, trn/lr 4.49e-02
[2022-02-07 16:00:16,100][INFO] [Epoch  47/200] trn/acc1 9.23e-01, trn/loss 6.70e-01, trn/loss_ce 2.30e-01, trn/loss_wd 8.81e+02, trn/lr 4.46e-02
[2022-02-07 16:00:21,257][INFO] [Epoch  48/200] trn/acc1 9.24e-01, trn/loss 6.63e-01, trn/loss_ce 2.23e-01, trn/loss_wd 8.79e+02, trn/lr 4.44e-02
[2022-02-07 16:00:26,180][INFO] [Epoch  49/200] trn/acc1 9.25e-01, trn/loss 6.68e-01, trn/loss_ce 2.27e-01, trn/loss_wd 8.81e+02, trn/lr 4.41e-02
[2022-02-07 16:00:31,080][INFO] [Epoch  50/200] trn/acc1 9.28e-01, trn/loss 6.62e-01, trn/loss_ce 2.21e-01, trn/loss_wd 8.82e+02, trn/lr 4.38e-02
[2022-02-07 16:00:36,001][INFO] [Epoch  51/200] trn/acc1 9.27e-01, trn/loss 6.61e-01, trn/loss_ce 2.20e-01, trn/loss_wd 8.82e+02, trn/lr 4.36e-02
[2022-02-07 16:00:40,936][INFO] [Epoch  52/200] trn/acc1 9.26e-01, trn/loss 6.62e-01, trn/loss_ce 2.21e-01, trn/loss_wd 8.83e+02, trn/lr 4.33e-02
[2022-02-07 16:00:46,009][INFO] [Epoch  53/200] trn/acc1 9.29e-01, trn/loss 6.55e-01, trn/loss_ce 2.16e-01, trn/loss_wd 8.78e+02, trn/lr 4.30e-02
[2022-02-07 16:00:50,948][INFO] [Epoch  54/200] trn/acc1 9.28e-01, trn/loss 6.55e-01, trn/loss_ce 2.16e-01, trn/loss_wd 8.77e+02, trn/lr 4.27e-02
[2022-02-07 16:00:55,869][INFO] [Epoch  55/200] trn/acc1 9.28e-01, trn/loss 6.57e-01, trn/loss_ce 2.18e-01, trn/loss_wd 8.77e+02, trn/lr 4.25e-02
[2022-02-07 16:01:00,824][INFO] [Epoch  56/200] trn/acc1 9.28e-01, trn/loss 6.50e-01, trn/loss_ce 2.12e-01, trn/loss_wd 8.76e+02, trn/lr 4.22e-02
[2022-02-07 16:01:05,738][INFO] [Epoch  57/200] trn/acc1 9.29e-01, trn/loss 6.52e-01, trn/loss_ce 2.13e-01, trn/loss_wd 8.78e+02, trn/lr 4.19e-02
[2022-02-07 16:01:10,667][INFO] [Epoch  58/200] trn/acc1 9.29e-01, trn/loss 6.49e-01, trn/loss_ce 2.11e-01, trn/loss_wd 8.77e+02, trn/lr 4.16e-02
[2022-02-07 16:01:15,597][INFO] [Epoch  59/200] trn/acc1 9.28e-01, trn/loss 6.51e-01, trn/loss_ce 2.12e-01, trn/loss_wd 8.78e+02, trn/lr 4.13e-02
[2022-02-07 16:01:20,516][INFO] [Epoch  60/200] trn/acc1 9.32e-01, trn/loss 6.43e-01, trn/loss_ce 2.05e-01, trn/loss_wd 8.77e+02, trn/lr 4.10e-02
[2022-02-07 16:01:20,651][INFO] [Epoch  60/200] Validation: val/acc1 0.8342, val/loss_ce 0.5323
[2022-02-07 16:01:27,501][INFO] [Epoch  61/200] trn/acc1 9.31e-01, trn/loss 6.47e-01, trn/loss_ce 2.08e-01, trn/loss_wd 8.78e+02, trn/lr 4.07e-02
[2022-02-07 16:01:32,441][INFO] [Epoch  62/200] trn/acc1 9.35e-01, trn/loss 6.37e-01, trn/loss_ce 2.00e-01, trn/loss_wd 8.74e+02, trn/lr 4.03e-02
[2022-02-07 16:01:37,365][INFO] [Epoch  63/200] trn/acc1 9.35e-01, trn/loss 6.33e-01, trn/loss_ce 1.97e-01, trn/loss_wd 8.72e+02, trn/lr 4.00e-02
[2022-02-07 16:01:42,273][INFO] [Epoch  64/200] trn/acc1 9.36e-01, trn/loss 6.29e-01, trn/loss_ce 1.94e-01, trn/loss_wd 8.70e+02, trn/lr 3.97e-02
[2022-02-07 16:01:48,892][INFO] [Epoch  65/200] trn/acc1 9.35e-01, trn/loss 6.27e-01, trn/loss_ce 1.92e-01, trn/loss_wd 8.70e+02, trn/lr 3.94e-02
[2022-02-07 16:01:55,211][INFO] [Epoch  66/200] trn/acc1 9.33e-01, trn/loss 6.33e-01, trn/loss_ce 1.98e-01, trn/loss_wd 8.70e+02, trn/lr 3.90e-02
[2022-02-07 16:02:00,359][INFO] [Epoch  67/200] trn/acc1 9.38e-01, trn/loss 6.23e-01, trn/loss_ce 1.89e-01, trn/loss_wd 8.69e+02, trn/lr 3.87e-02
[2022-02-07 16:02:06,432][INFO] [Epoch  68/200] trn/acc1 9.37e-01, trn/loss 6.23e-01, trn/loss_ce 1.90e-01, trn/loss_wd 8.66e+02, trn/lr 3.84e-02
[2022-02-07 16:02:14,275][INFO] [Epoch  69/200] trn/acc1 9.37e-01, trn/loss 6.19e-01, trn/loss_ce 1.86e-01, trn/loss_wd 8.65e+02, trn/lr 3.80e-02
[2022-02-07 16:02:20,352][INFO] [Epoch  70/200] trn/acc1 9.39e-01, trn/loss 6.17e-01, trn/loss_ce 1.86e-01, trn/loss_wd 8.64e+02, trn/lr 3.77e-02
[2022-02-07 16:02:25,380][INFO] [Epoch  71/200] trn/acc1 9.38e-01, trn/loss 6.15e-01, trn/loss_ce 1.84e-01, trn/loss_wd 8.62e+02, trn/lr 3.73e-02
[2022-02-07 16:02:30,311][INFO] [Epoch  72/200] trn/acc1 9.39e-01, trn/loss 6.12e-01, trn/loss_ce 1.81e-01, trn/loss_wd 8.62e+02, trn/lr 3.70e-02
[2022-02-07 16:02:35,628][INFO] [Epoch  73/200] trn/acc1 9.39e-01, trn/loss 6.11e-01, trn/loss_ce 1.81e-01, trn/loss_wd 8.61e+02, trn/lr 3.66e-02
[2022-02-07 16:02:40,543][INFO] [Epoch  74/200] trn/acc1 9.41e-01, trn/loss 6.08e-01, trn/loss_ce 1.79e-01, trn/loss_wd 8.58e+02, trn/lr 3.63e-02
[2022-02-07 16:02:45,441][INFO] [Epoch  75/200] trn/acc1 9.44e-01, trn/loss 5.96e-01, trn/loss_ce 1.69e-01, trn/loss_wd 8.54e+02, trn/lr 3.59e-02
[2022-02-07 16:02:50,347][INFO] [Epoch  76/200] trn/acc1 9.40e-01, trn/loss 6.02e-01, trn/loss_ce 1.76e-01, trn/loss_wd 8.52e+02, trn/lr 3.55e-02
[2022-02-07 16:02:55,923][INFO] [Epoch  77/200] trn/acc1 9.44e-01, trn/loss 5.94e-01, trn/loss_ce 1.69e-01, trn/loss_wd 8.50e+02, trn/lr 3.52e-02
[2022-02-07 16:03:00,847][INFO] [Epoch  78/200] trn/acc1 9.41e-01, trn/loss 5.96e-01, trn/loss_ce 1.73e-01, trn/loss_wd 8.46e+02, trn/lr 3.48e-02
[2022-02-07 16:03:05,842][INFO] [Epoch  79/200] trn/acc1 9.44e-01, trn/loss 5.92e-01, trn/loss_ce 1.69e-01, trn/loss_wd 8.46e+02, trn/lr 3.44e-02
[2022-02-07 16:03:10,741][INFO] [Epoch  80/200] trn/acc1 9.47e-01, trn/loss 5.81e-01, trn/loss_ce 1.61e-01, trn/loss_wd 8.40e+02, trn/lr 3.41e-02
[2022-02-07 16:03:10,875][INFO] [Epoch  80/200] Validation: val/acc1 0.8888, val/loss_ce 0.3775
[2022-02-07 16:03:35,973][INFO] [Epoch  81/200] trn/acc1 9.45e-01, trn/loss 5.80e-01, trn/loss_ce 1.62e-01, trn/loss_wd 8.35e+02, trn/lr 3.37e-02
[2022-02-07 16:03:40,845][INFO] [Epoch  82/200] trn/acc1 9.45e-01, trn/loss 5.82e-01, trn/loss_ce 1.65e-01, trn/loss_wd 8.34e+02, trn/lr 3.33e-02
[2022-02-07 16:03:45,734][INFO] [Epoch  83/200] trn/acc1 9.47e-01, trn/loss 5.74e-01, trn/loss_ce 1.58e-01, trn/loss_wd 8.31e+02, trn/lr 3.29e-02
[2022-02-07 16:03:50,622][INFO] [Epoch  84/200] trn/acc1 9.46e-01, trn/loss 5.74e-01, trn/loss_ce 1.60e-01, trn/loss_wd 8.28e+02, trn/lr 3.25e-02
[2022-02-07 16:03:55,518][INFO] [Epoch  85/200] trn/acc1 9.48e-01, trn/loss 5.67e-01, trn/loss_ce 1.54e-01, trn/loss_wd 8.25e+02, trn/lr 3.21e-02
[2022-02-07 16:04:01,381][INFO] [Epoch  86/200] trn/acc1 9.48e-01, trn/loss 5.64e-01, trn/loss_ce 1.53e-01, trn/loss_wd 8.20e+02, trn/lr 3.18e-02
[2022-02-07 16:04:06,284][INFO] [Epoch  87/200] trn/acc1 9.50e-01, trn/loss 5.60e-01, trn/loss_ce 1.52e-01, trn/loss_wd 8.16e+02, trn/lr 3.14e-02
[2022-02-07 16:04:11,181][INFO] [Epoch  88/200] trn/acc1 9.52e-01, trn/loss 5.53e-01, trn/loss_ce 1.47e-01, trn/loss_wd 8.13e+02, trn/lr 3.10e-02
[2022-02-07 16:04:16,074][INFO] [Epoch  89/200] trn/acc1 9.52e-01, trn/loss 5.50e-01, trn/loss_ce 1.46e-01, trn/loss_wd 8.08e+02, trn/lr 3.06e-02
[2022-02-07 16:04:20,963][INFO] [Epoch  90/200] trn/acc1 9.50e-01, trn/loss 5.52e-01, trn/loss_ce 1.50e-01, trn/loss_wd 8.05e+02, trn/lr 3.02e-02
[2022-02-07 16:04:25,854][INFO] [Epoch  91/200] trn/acc1 9.52e-01, trn/loss 5.47e-01, trn/loss_ce 1.47e-01, trn/loss_wd 8.01e+02, trn/lr 2.98e-02
[2022-02-07 16:04:30,762][INFO] [Epoch  92/200] trn/acc1 9.51e-01, trn/loss 5.42e-01, trn/loss_ce 1.43e-01, trn/loss_wd 7.98e+02, trn/lr 2.94e-02
[2022-02-07 16:04:35,684][INFO] [Epoch  93/200] trn/acc1 9.54e-01, trn/loss 5.37e-01, trn/loss_ce 1.40e-01, trn/loss_wd 7.94e+02, trn/lr 2.90e-02
[2022-02-07 16:04:40,584][INFO] [Epoch  94/200] trn/acc1 9.56e-01, trn/loss 5.27e-01, trn/loss_ce 1.32e-01, trn/loss_wd 7.89e+02, trn/lr 2.86e-02
[2022-02-07 16:04:45,496][INFO] [Epoch  95/200] trn/acc1 9.54e-01, trn/loss 5.27e-01, trn/loss_ce 1.35e-01, trn/loss_wd 7.84e+02, trn/lr 2.82e-02
[2022-02-07 16:04:50,414][INFO] [Epoch  96/200] trn/acc1 9.55e-01, trn/loss 5.24e-01, trn/loss_ce 1.32e-01, trn/loss_wd 7.83e+02, trn/lr 2.78e-02
[2022-02-07 16:04:55,333][INFO] [Epoch  97/200] trn/acc1 9.57e-01, trn/loss 5.20e-01, trn/loss_ce 1.30e-01, trn/loss_wd 7.80e+02, trn/lr 2.74e-02
[2022-02-07 16:05:00,245][INFO] [Epoch  98/200] trn/acc1 9.55e-01, trn/loss 5.24e-01, trn/loss_ce 1.35e-01, trn/loss_wd 7.78e+02, trn/lr 2.70e-02
[2022-02-07 16:05:05,181][INFO] [Epoch  99/200] trn/acc1 9.59e-01, trn/loss 5.12e-01, trn/loss_ce 1.24e-01, trn/loss_wd 7.74e+02, trn/lr 2.66e-02
[2022-02-07 16:05:10,139][INFO] [Epoch 100/200] trn/acc1 9.59e-01, trn/loss 5.09e-01, trn/loss_ce 1.25e-01, trn/loss_wd 7.69e+02, trn/lr 2.62e-02
[2022-02-07 16:05:10,273][INFO] [Epoch 100/200] Validation: val/acc1 0.9056, val/loss_ce 0.3254
[2022-02-07 16:05:29,719][INFO] [Epoch 101/200] trn/acc1 9.59e-01, trn/loss 5.05e-01, trn/loss_ce 1.23e-01, trn/loss_wd 7.64e+02, trn/lr 2.58e-02
[2022-02-07 16:05:34,702][INFO] [Epoch 102/200] trn/acc1 9.60e-01, trn/loss 4.98e-01, trn/loss_ce 1.18e-01, trn/loss_wd 7.60e+02, trn/lr 2.54e-02
[2022-02-07 16:05:39,585][INFO] [Epoch 103/200] trn/acc1 9.60e-01, trn/loss 4.97e-01, trn/loss_ce 1.20e-01, trn/loss_wd 7.54e+02, trn/lr 2.50e-02
[2022-02-07 16:05:44,502][INFO] [Epoch 104/200] trn/acc1 9.59e-01, trn/loss 4.97e-01, trn/loss_ce 1.22e-01, trn/loss_wd 7.49e+02, trn/lr 2.46e-02
[2022-02-07 16:05:49,431][INFO] [Epoch 105/200] trn/acc1 9.60e-01, trn/loss 4.93e-01, trn/loss_ce 1.19e-01, trn/loss_wd 7.48e+02, trn/lr 2.42e-02
[2022-02-07 16:05:54,343][INFO] [Epoch 106/200] trn/acc1 9.63e-01, trn/loss 4.83e-01, trn/loss_ce 1.12e-01, trn/loss_wd 7.42e+02, trn/lr 2.38e-02
[2022-02-07 16:05:59,237][INFO] [Epoch 107/200] trn/acc1 9.64e-01, trn/loss 4.73e-01, trn/loss_ce 1.06e-01, trn/loss_wd 7.35e+02, trn/lr 2.34e-02
[2022-02-07 16:06:04,149][INFO] [Epoch 108/200] trn/acc1 9.64e-01, trn/loss 4.71e-01, trn/loss_ce 1.07e-01, trn/loss_wd 7.28e+02, trn/lr 2.30e-02
[2022-02-07 16:06:09,048][INFO] [Epoch 109/200] trn/acc1 9.65e-01, trn/loss 4.69e-01, trn/loss_ce 1.07e-01, trn/loss_wd 7.24e+02, trn/lr 2.26e-02
[2022-02-07 16:06:13,957][INFO] [Epoch 110/200] trn/acc1 9.66e-01, trn/loss 4.61e-01, trn/loss_ce 1.02e-01, trn/loss_wd 7.18e+02, trn/lr 2.22e-02
[2022-02-07 16:06:18,860][INFO] [Epoch 111/200] trn/acc1 9.66e-01, trn/loss 4.61e-01, trn/loss_ce 1.04e-01, trn/loss_wd 7.13e+02, trn/lr 2.18e-02
[2022-02-07 16:06:23,766][INFO] [Epoch 112/200] trn/acc1 9.67e-01, trn/loss 4.54e-01, trn/loss_ce 1.00e-01, trn/loss_wd 7.08e+02, trn/lr 2.14e-02
[2022-02-07 16:06:28,675][INFO] [Epoch 113/200] trn/acc1 9.67e-01, trn/loss 4.51e-01, trn/loss_ce 9.92e-02, trn/loss_wd 7.03e+02, trn/lr 2.10e-02
[2022-02-07 16:06:33,587][INFO] [Epoch 114/200] trn/acc1 9.71e-01, trn/loss 4.39e-01, trn/loss_ce 9.10e-02, trn/loss_wd 6.97e+02, trn/lr 2.06e-02
[2022-02-07 16:06:38,494][INFO] [Epoch 115/200] trn/acc1 9.68e-01, trn/loss 4.43e-01, trn/loss_ce 9.74e-02, trn/loss_wd 6.91e+02, trn/lr 2.02e-02
[2022-02-07 16:06:43,428][INFO] [Epoch 116/200] trn/acc1 9.68e-01, trn/loss 4.37e-01, trn/loss_ce 9.36e-02, trn/loss_wd 6.87e+02, trn/lr 1.98e-02
[2022-02-07 16:06:48,347][INFO] [Epoch 117/200] trn/acc1 9.70e-01, trn/loss 4.29e-01, trn/loss_ce 8.84e-02, trn/loss_wd 6.81e+02, trn/lr 1.94e-02
[2022-02-07 16:06:53,263][INFO] [Epoch 118/200] trn/acc1 9.70e-01, trn/loss 4.26e-01, trn/loss_ce 8.87e-02, trn/loss_wd 6.75e+02, trn/lr 1.90e-02
[2022-02-07 16:06:58,177][INFO] [Epoch 119/200] trn/acc1 9.71e-01, trn/loss 4.21e-01, trn/loss_ce 8.68e-02, trn/loss_wd 6.69e+02, trn/lr 1.86e-02
[2022-02-07 16:07:03,089][INFO] [Epoch 120/200] trn/acc1 9.72e-01, trn/loss 4.14e-01, trn/loss_ce 8.17e-02, trn/loss_wd 6.64e+02, trn/lr 1.82e-02
[2022-02-07 16:07:03,224][INFO] [Epoch 120/200] Validation: val/acc1 0.8982, val/loss_ce 0.3564
[2022-02-07 16:07:12,311][INFO] [Epoch 121/200] trn/acc1 9.72e-01, trn/loss 4.10e-01, trn/loss_ce 8.15e-02, trn/loss_wd 6.57e+02, trn/lr 1.79e-02
[2022-02-07 16:07:17,212][INFO] [Epoch 122/200] trn/acc1 9.74e-01, trn/loss 4.00e-01, trn/loss_ce 7.54e-02, trn/loss_wd 6.50e+02, trn/lr 1.75e-02
[2022-02-07 16:07:22,143][INFO] [Epoch 123/200] trn/acc1 9.74e-01, trn/loss 4.02e-01, trn/loss_ce 8.00e-02, trn/loss_wd 6.44e+02, trn/lr 1.71e-02
[2022-02-07 16:07:27,054][INFO] [Epoch 124/200] trn/acc1 9.75e-01, trn/loss 3.95e-01, trn/loss_ce 7.57e-02, trn/loss_wd 6.38e+02, trn/lr 1.67e-02
[2022-02-07 16:07:31,988][INFO] [Epoch 125/200] trn/acc1 9.77e-01, trn/loss 3.86e-01, trn/loss_ce 7.04e-02, trn/loss_wd 6.31e+02, trn/lr 1.63e-02
[2022-02-07 16:07:37,214][INFO] [Epoch 126/200] trn/acc1 9.77e-01, trn/loss 3.83e-01, trn/loss_ce 7.06e-02, trn/loss_wd 6.24e+02, trn/lr 1.59e-02
[2022-02-07 16:07:42,116][INFO] [Epoch 127/200] trn/acc1 9.75e-01, trn/loss 3.82e-01, trn/loss_ce 7.26e-02, trn/loss_wd 6.18e+02, trn/lr 1.56e-02
[2022-02-07 16:07:47,045][INFO] [Epoch 128/200] trn/acc1 9.78e-01, trn/loss 3.73e-01, trn/loss_ce 6.71e-02, trn/loss_wd 6.13e+02, trn/lr 1.52e-02
[2022-02-07 16:07:51,965][INFO] [Epoch 129/200] trn/acc1 9.78e-01, trn/loss 3.68e-01, trn/loss_ce 6.48e-02, trn/loss_wd 6.07e+02, trn/lr 1.48e-02
[2022-02-07 16:07:56,896][INFO] [Epoch 130/200] trn/acc1 9.79e-01, trn/loss 3.63e-01, trn/loss_ce 6.27e-02, trn/loss_wd 6.01e+02, trn/lr 1.45e-02
[2022-02-07 16:08:01,892][INFO] [Epoch 131/200] trn/acc1 9.79e-01, trn/loss 3.63e-01, trn/loss_ce 6.53e-02, trn/loss_wd 5.95e+02, trn/lr 1.41e-02
[2022-02-07 16:08:06,827][INFO] [Epoch 132/200] trn/acc1 9.80e-01, trn/loss 3.52e-01, trn/loss_ce 5.79e-02, trn/loss_wd 5.89e+02, trn/lr 1.37e-02
[2022-02-07 16:08:11,743][INFO] [Epoch 133/200] trn/acc1 9.81e-01, trn/loss 3.48e-01, trn/loss_ce 5.70e-02, trn/loss_wd 5.82e+02, trn/lr 1.34e-02
[2022-02-07 16:08:16,693][INFO] [Epoch 134/200] trn/acc1 9.83e-01, trn/loss 3.38e-01, trn/loss_ce 5.08e-02, trn/loss_wd 5.75e+02, trn/lr 1.30e-02
[2022-02-07 16:08:21,605][INFO] [Epoch 135/200] trn/acc1 9.84e-01, trn/loss 3.33e-01, trn/loss_ce 5.00e-02, trn/loss_wd 5.66e+02, trn/lr 1.27e-02
[2022-02-07 16:08:26,527][INFO] [Epoch 136/200] trn/acc1 9.83e-01, trn/loss 3.31e-01, trn/loss_ce 5.21e-02, trn/loss_wd 5.58e+02, trn/lr 1.23e-02
[2022-02-07 16:08:31,460][INFO] [Epoch 137/200] trn/acc1 9.83e-01, trn/loss 3.27e-01, trn/loss_ce 5.05e-02, trn/loss_wd 5.53e+02, trn/lr 1.20e-02
[2022-02-07 16:08:36,402][INFO] [Epoch 138/200] trn/acc1 9.84e-01, trn/loss 3.21e-01, trn/loss_ce 4.74e-02, trn/loss_wd 5.47e+02, trn/lr 1.16e-02
[2022-02-07 16:08:41,341][INFO] [Epoch 139/200] trn/acc1 9.83e-01, trn/loss 3.18e-01, trn/loss_ce 4.80e-02, trn/loss_wd 5.41e+02, trn/lr 1.13e-02
[2022-02-07 16:08:46,268][INFO] [Epoch 140/200] trn/acc1 9.85e-01, trn/loss 3.12e-01, trn/loss_ce 4.45e-02, trn/loss_wd 5.34e+02, trn/lr 1.10e-02
[2022-02-07 16:08:46,403][INFO] [Epoch 140/200] Validation: val/acc1 0.9202, val/loss_ce 0.2960
[2022-02-07 16:09:03,751][INFO] [Epoch 141/200] trn/acc1 9.86e-01, trn/loss 3.08e-01, trn/loss_ce 4.37e-02, trn/loss_wd 5.28e+02, trn/lr 1.06e-02
[2022-02-07 16:09:08,654][INFO] [Epoch 142/200] trn/acc1 9.87e-01, trn/loss 3.00e-01, trn/loss_ce 3.88e-02, trn/loss_wd 5.22e+02, trn/lr 1.03e-02
[2022-02-07 16:09:13,542][INFO] [Epoch 143/200] trn/acc1 9.87e-01, trn/loss 2.97e-01, trn/loss_ce 4.00e-02, trn/loss_wd 5.15e+02, trn/lr 9.98e-03
[2022-02-07 16:09:18,451][INFO] [Epoch 144/200] trn/acc1 9.89e-01, trn/loss 2.86e-01, trn/loss_ce 3.22e-02, trn/loss_wd 5.08e+02, trn/lr 9.66e-03
[2022-02-07 16:09:23,717][INFO] [Epoch 145/200] trn/acc1 9.89e-01, trn/loss 2.82e-01, trn/loss_ce 3.18e-02, trn/loss_wd 5.01e+02, trn/lr 9.35e-03
[2022-02-07 16:09:28,633][INFO] [Epoch 146/200] trn/acc1 9.90e-01, trn/loss 2.79e-01, trn/loss_ce 3.20e-02, trn/loss_wd 4.95e+02, trn/lr 9.03e-03
[2022-02-07 16:09:33,561][INFO] [Epoch 147/200] trn/acc1 9.89e-01, trn/loss 2.77e-01, trn/loss_ce 3.31e-02, trn/loss_wd 4.89e+02, trn/lr 8.73e-03
[2022-02-07 16:09:38,459][INFO] [Epoch 148/200] trn/acc1 9.91e-01, trn/loss 2.68e-01, trn/loss_ce 2.71e-02, trn/loss_wd 4.82e+02, trn/lr 8.42e-03
[2022-02-07 16:09:43,380][INFO] [Epoch 149/200] trn/acc1 9.91e-01, trn/loss 2.66e-01, trn/loss_ce 2.81e-02, trn/loss_wd 4.75e+02, trn/lr 8.12e-03
[2022-02-07 16:09:48,501][INFO] [Epoch 150/200] trn/acc1 9.93e-01, trn/loss 2.57e-01, trn/loss_ce 2.26e-02, trn/loss_wd 4.69e+02, trn/lr 7.83e-03
[2022-02-07 16:09:53,426][INFO] [Epoch 151/200] trn/acc1 9.92e-01, trn/loss 2.57e-01, trn/loss_ce 2.59e-02, trn/loss_wd 4.63e+02, trn/lr 7.54e-03
[2022-02-07 16:09:58,362][INFO] [Epoch 152/200] trn/acc1 9.93e-01, trn/loss 2.50e-01, trn/loss_ce 2.14e-02, trn/loss_wd 4.56e+02, trn/lr 7.25e-03
[2022-02-07 16:10:03,279][INFO] [Epoch 153/200] trn/acc1 9.94e-01, trn/loss 2.44e-01, trn/loss_ce 1.87e-02, trn/loss_wd 4.50e+02, trn/lr 6.97e-03
[2022-02-07 16:10:08,177][INFO] [Epoch 154/200] trn/acc1 9.94e-01, trn/loss 2.40e-01, trn/loss_ce 1.78e-02, trn/loss_wd 4.44e+02, trn/lr 6.69e-03
[2022-02-07 16:10:13,103][INFO] [Epoch 155/200] trn/acc1 9.94e-01, trn/loss 2.37e-01, trn/loss_ce 1.82e-02, trn/loss_wd 4.38e+02, trn/lr 6.42e-03
[2022-02-07 16:10:18,013][INFO] [Epoch 156/200] trn/acc1 9.94e-01, trn/loss 2.35e-01, trn/loss_ce 1.83e-02, trn/loss_wd 4.33e+02, trn/lr 6.15e-03
[2022-02-07 16:10:22,925][INFO] [Epoch 157/200] trn/acc1 9.95e-01, trn/loss 2.29e-01, trn/loss_ce 1.53e-02, trn/loss_wd 4.28e+02, trn/lr 5.89e-03
[2022-02-07 16:10:27,832][INFO] [Epoch 158/200] trn/acc1 9.96e-01, trn/loss 2.25e-01, trn/loss_ce 1.38e-02, trn/loss_wd 4.22e+02, trn/lr 5.64e-03
[2022-02-07 16:10:32,764][INFO] [Epoch 159/200] trn/acc1 9.96e-01, trn/loss 2.19e-01, trn/loss_ce 1.11e-02, trn/loss_wd 4.16e+02, trn/lr 5.38e-03
[2022-02-07 16:10:37,764][INFO] [Epoch 160/200] trn/acc1 9.98e-01, trn/loss 2.13e-01, trn/loss_ce 7.78e-03, trn/loss_wd 4.11e+02, trn/lr 5.14e-03
[2022-02-07 16:10:37,899][INFO] [Epoch 160/200] Validation: val/acc1 0.9296, val/loss_ce 0.3010
[2022-02-07 16:10:58,819][INFO] [Epoch 161/200] trn/acc1 9.97e-01, trn/loss 2.13e-01, trn/loss_ce 9.96e-03, trn/loss_wd 4.05e+02, trn/lr 4.89e-03
[2022-02-07 16:11:03,709][INFO] [Epoch 162/200] trn/acc1 9.97e-01, trn/loss 2.09e-01, trn/loss_ce 8.57e-03, trn/loss_wd 4.00e+02, trn/lr 4.66e-03
[2022-02-07 16:11:08,600][INFO] [Epoch 163/200] trn/acc1 9.98e-01, trn/loss 2.04e-01, trn/loss_ce 6.76e-03, trn/loss_wd 3.95e+02, trn/lr 4.43e-03
[2022-02-07 16:11:15,280][INFO] [Epoch 164/200] trn/acc1 9.98e-01, trn/loss 2.02e-01, trn/loss_ce 6.64e-03, trn/loss_wd 3.91e+02, trn/lr 4.20e-03
[2022-02-07 16:11:20,218][INFO] [Epoch 165/200] trn/acc1 9.98e-01, trn/loss 1.99e-01, trn/loss_ce 6.35e-03, trn/loss_wd 3.86e+02, trn/lr 3.98e-03
[2022-02-07 16:11:25,117][INFO] [Epoch 166/200] trn/acc1 9.98e-01, trn/loss 1.96e-01, trn/loss_ce 5.12e-03, trn/loss_wd 3.82e+02, trn/lr 3.76e-03
[2022-02-07 16:11:40,143][INFO] [Epoch 167/200] trn/acc1 9.99e-01, trn/loss 1.94e-01, trn/loss_ce 5.00e-03, trn/loss_wd 3.78e+02, trn/lr 3.55e-03
[2022-02-07 16:11:45,359][INFO] [Epoch 168/200] trn/acc1 9.99e-01, trn/loss 1.92e-01, trn/loss_ce 5.08e-03, trn/loss_wd 3.74e+02, trn/lr 3.35e-03
[2022-02-07 16:11:50,257][INFO] [Epoch 169/200] trn/acc1 9.99e-01, trn/loss 1.90e-01, trn/loss_ce 4.36e-03, trn/loss_wd 3.71e+02, trn/lr 3.15e-03
[2022-02-07 16:11:58,760][INFO] [Epoch 170/200] trn/acc1 9.99e-01, trn/loss 1.87e-01, trn/loss_ce 3.47e-03, trn/loss_wd 3.67e+02, trn/lr 2.96e-03
[2022-02-07 16:12:03,645][INFO] [Epoch 171/200] trn/acc1 9.99e-01, trn/loss 1.85e-01, trn/loss_ce 3.36e-03, trn/loss_wd 3.64e+02, trn/lr 2.77e-03
[2022-02-07 16:12:08,544][INFO] [Epoch 172/200] trn/acc1 9.99e-01, trn/loss 1.84e-01, trn/loss_ce 3.20e-03, trn/loss_wd 3.61e+02, trn/lr 2.59e-03
[2022-02-07 16:12:14,088][INFO] [Epoch 173/200] trn/acc1 9.99e-01, trn/loss 1.82e-01, trn/loss_ce 2.65e-03, trn/loss_wd 3.58e+02, trn/lr 2.41e-03
[2022-02-07 16:12:18,985][INFO] [Epoch 174/200] trn/acc1 9.99e-01, trn/loss 1.80e-01, trn/loss_ce 2.43e-03, trn/loss_wd 3.56e+02, trn/lr 2.24e-03
[2022-02-07 16:12:26,016][INFO] [Epoch 175/200] trn/acc1 1.00e+00, trn/loss 1.79e-01, trn/loss_ce 1.91e-03, trn/loss_wd 3.53e+02, trn/lr 2.08e-03
[2022-02-07 16:12:30,946][INFO] [Epoch 176/200] trn/acc1 1.00e+00, trn/loss 1.78e-01, trn/loss_ce 2.02e-03, trn/loss_wd 3.51e+02, trn/lr 1.92e-03
[2022-02-07 16:12:37,380][INFO] [Epoch 177/200] trn/acc1 1.00e+00, trn/loss 1.76e-01, trn/loss_ce 1.72e-03, trn/loss_wd 3.49e+02, trn/lr 1.77e-03
[2022-02-07 16:12:45,230][INFO] [Epoch 178/200] trn/acc1 1.00e+00, trn/loss 1.75e-01, trn/loss_ce 1.84e-03, trn/loss_wd 3.47e+02, trn/lr 1.63e-03
[2022-02-07 16:13:02,257][INFO] [Epoch 179/200] trn/acc1 1.00e+00, trn/loss 1.74e-01, trn/loss_ce 1.68e-03, trn/loss_wd 3.45e+02, trn/lr 1.49e-03
[2022-02-07 16:13:07,319][INFO] [Epoch 180/200] trn/acc1 1.00e+00, trn/loss 1.73e-01, trn/loss_ce 1.56e-03, trn/loss_wd 3.44e+02, trn/lr 1.35e-03
[2022-02-07 16:13:07,452][INFO] [Epoch 180/200] Validation: val/acc1 0.9414, val/loss_ce 0.2787
[2022-02-07 16:13:43,359][INFO] [Epoch 181/200] trn/acc1 1.00e+00, trn/loss 1.73e-01, trn/loss_ce 1.44e-03, trn/loss_wd 3.42e+02, trn/lr 1.22e-03
[2022-02-07 16:13:43,490][INFO] [Epoch 181/200] Validation: val/acc1 0.9392, val/loss_ce 0.2823
[2022-02-07 16:13:53,163][INFO] [Epoch 182/200] trn/acc1 1.00e+00, trn/loss 1.72e-01, trn/loss_ce 1.51e-03, trn/loss_wd 3.41e+02, trn/lr 1.10e-03
[2022-02-07 16:13:53,295][INFO] [Epoch 182/200] Validation: val/acc1 0.9402, val/loss_ce 0.2799
[2022-02-07 16:14:02,483][INFO] [Epoch 183/200] trn/acc1 1.00e+00, trn/loss 1.71e-01, trn/loss_ce 1.17e-03, trn/loss_wd 3.40e+02, trn/lr 9.87e-04
[2022-02-07 16:14:05,490][INFO] [Epoch 183/200] Validation: val/acc1 0.9414, val/loss_ce 0.2811
[2022-02-07 16:14:26,192][INFO] [Epoch 184/200] trn/acc1 1.00e+00, trn/loss 1.71e-01, trn/loss_ce 1.35e-03, trn/loss_wd 3.39e+02, trn/lr 8.79e-04
[2022-02-07 16:14:27,333][INFO] [Epoch 184/200] Validation: val/acc1 0.9418, val/loss_ce 0.2762
[2022-02-07 16:14:51,295][INFO] [Epoch 185/200] trn/acc1 1.00e+00, trn/loss 1.70e-01, trn/loss_ce 1.04e-03, trn/loss_wd 3.38e+02, trn/lr 7.76e-04
[2022-02-07 16:14:51,426][INFO] [Epoch 185/200] Validation: val/acc1 0.9424, val/loss_ce 0.2769
[2022-02-07 16:15:01,117][INFO] [Epoch 186/200] trn/acc1 1.00e+00, trn/loss 1.70e-01, trn/loss_ce 1.12e-03, trn/loss_wd 3.37e+02, trn/lr 6.79e-04
[2022-02-07 16:15:01,250][INFO] [Epoch 186/200] Validation: val/acc1 0.9438, val/loss_ce 0.2746
[2022-02-07 16:15:15,238][INFO] [Epoch 187/200] trn/acc1 1.00e+00, trn/loss 1.70e-01, trn/loss_ce 1.51e-03, trn/loss_wd 3.37e+02, trn/lr 5.89e-04
[2022-02-07 16:15:15,875][INFO] [Epoch 187/200] Validation: val/acc1 0.9434, val/loss_ce 0.2727
[2022-02-07 16:15:50,201][INFO] [Epoch 188/200] trn/acc1 1.00e+00, trn/loss 1.69e-01, trn/loss_ce 9.53e-04, trn/loss_wd 3.36e+02, trn/lr 5.06e-04
[2022-02-07 16:15:51,184][INFO] [Epoch 188/200] Validation: val/acc1 0.9426, val/loss_ce 0.2741
[2022-02-07 16:15:59,417][INFO] [Epoch 189/200] trn/acc1 1.00e+00, trn/loss 1.69e-01, trn/loss_ce 1.05e-03, trn/loss_wd 3.35e+02, trn/lr 4.28e-04
[2022-02-07 16:15:59,548][INFO] [Epoch 189/200] Validation: val/acc1 0.9428, val/loss_ce 0.2734
[2022-02-07 16:16:05,639][INFO] [Epoch 190/200] trn/acc1 1.00e+00, trn/loss 1.68e-01, trn/loss_ce 9.81e-04, trn/loss_wd 3.35e+02, trn/lr 3.57e-04
[2022-02-07 16:16:05,771][INFO] [Epoch 190/200] Validation: val/acc1 0.9436, val/loss_ce 0.2747
[2022-02-07 16:16:11,902][INFO] [Epoch 191/200] trn/acc1 1.00e+00, trn/loss 1.68e-01, trn/loss_ce 1.11e-03, trn/loss_wd 3.35e+02, trn/lr 2.93e-04
[2022-02-07 16:16:12,036][INFO] [Epoch 191/200] Validation: val/acc1 0.9418, val/loss_ce 0.2731
[2022-02-07 16:16:19,836][INFO] [Epoch 192/200] trn/acc1 1.00e+00, trn/loss 1.68e-01, trn/loss_ce 1.21e-03, trn/loss_wd 3.34e+02, trn/lr 2.34e-04
[2022-02-07 16:16:19,970][INFO] [Epoch 192/200] Validation: val/acc1 0.9430, val/loss_ce 0.2744
[2022-02-07 16:16:26,086][INFO] [Epoch 193/200] trn/acc1 1.00e+00, trn/loss 1.68e-01, trn/loss_ce 1.01e-03, trn/loss_wd 3.34e+02, trn/lr 1.83e-04
[2022-02-07 16:16:26,218][INFO] [Epoch 193/200] Validation: val/acc1 0.9430, val/loss_ce 0.2722
[2022-02-07 16:16:33,500][INFO] [Epoch 194/200] trn/acc1 1.00e+00, trn/loss 1.68e-01, trn/loss_ce 1.12e-03, trn/loss_wd 3.34e+02, trn/lr 1.37e-04
[2022-02-07 16:16:34,752][INFO] [Epoch 194/200] Validation: val/acc1 0.9422, val/loss_ce 0.2752
[2022-02-07 16:16:44,056][INFO] [Epoch 195/200] trn/acc1 1.00e+00, trn/loss 1.68e-01, trn/loss_ce 1.00e-03, trn/loss_wd 3.34e+02, trn/lr 9.84e-05
[2022-02-07 16:16:44,193][INFO] [Epoch 195/200] Validation: val/acc1 0.9432, val/loss_ce 0.2720
[2022-02-07 16:16:51,673][INFO] [Epoch 196/200] trn/acc1 1.00e+00, trn/loss 1.68e-01, trn/loss_ce 8.22e-04, trn/loss_wd 3.34e+02, trn/lr 6.60e-05
[2022-02-07 16:16:51,807][INFO] [Epoch 196/200] Validation: val/acc1 0.9424, val/loss_ce 0.2725
[2022-02-07 16:16:58,137][INFO] [Epoch 197/200] trn/acc1 1.00e+00, trn/loss 1.68e-01, trn/loss_ce 9.41e-04, trn/loss_wd 3.34e+02, trn/lr 4.00e-05
[2022-02-07 16:16:58,270][INFO] [Epoch 197/200] Validation: val/acc1 0.9414, val/loss_ce 0.2733
[2022-02-07 16:17:04,433][INFO] [Epoch 198/200] trn/acc1 1.00e+00, trn/loss 1.68e-01, trn/loss_ce 1.01e-03, trn/loss_wd 3.34e+02, trn/lr 2.06e-05
[2022-02-07 16:17:04,567][INFO] [Epoch 198/200] Validation: val/acc1 0.9418, val/loss_ce 0.2725
[2022-02-07 16:17:10,714][INFO] [Epoch 199/200] trn/acc1 1.00e+00, trn/loss 1.68e-01, trn/loss_ce 9.03e-04, trn/loss_wd 3.34e+02, trn/lr 7.58e-06
[2022-02-07 16:17:10,846][INFO] [Epoch 199/200] Validation: val/acc1 0.9420, val/loss_ce 0.2744
[2022-02-07 16:17:19,129][INFO] [Epoch 200/200] trn/acc1 1.00e+00, trn/loss 1.68e-01, trn/loss_ce 1.12e-03, trn/loss_wd 3.34e+02, trn/lr 1.09e-06
[2022-02-07 16:17:19,263][INFO] [Epoch 200/200] Validation: val/acc1 0.9418, val/loss_ce 0.2746
