[2022-02-05 12:54:10,206][INFO] Environments:
------------  ---------------------------------------------------------------------------
sys.platform  linux
Python        3.7.11 (default, Nov 23 2021, 05:29:02) [GCC 7.5.0]
JAX           0.2.27 @/mnt/data1/giung/venvs/jax0.2.27/lib/python3.7/site-packages/jax
jaxlib        0.1.75 @/mnt/data1/giung/venvs/jax0.2.27/lib/python3.7/site-packages/jaxlib
Flax          0.4.0 @/mnt/data1/giung/venvs/jax0.2.27/lib/python3.7/site-packages/flax
Optax         0.1.0 @/mnt/data1/giung/venvs/jax0.2.27/lib/python3.7/site-packages/optax
------------  ---------------------------------------------------------------------------

[2022-02-05 12:54:10,206][INFO] Command line arguments:
Namespace(batch_size=128, config_file='./configs/C10_WRN28x10-BN-ReLU_SGD.yaml', keep_every_n_checkpoints=None, learning_rate=0.1, num_epochs=200, num_warmup_epochs=5, opts=[], output_dir='./outputs/C10_WRN28x10-BN-ReLU/SGD/s42_e200_wd5e-4_2GPU/', seed=42, weight_decay=0.0005)

[2022-02-05 12:54:10,206][INFO] Using a random seed 42

[2022-02-05 12:54:10,242][INFO] Unable to initialize backend 'tpu_driver': NOT_FOUND: Unable to find driver in registry given worker: 
[2022-02-05 12:54:10,594][INFO] Unable to initialize backend 'tpu': INVALID_ARGUMENT: TpuPlatform is not available.
[2022-02-05 12:54:18,639][INFO] Found no checkpoint files in outputs/C10_WRN28x10-BN-ReLU/SGD/s42_e200_wd5e-4_2GPU
[2022-02-05 12:55:10,867][INFO] [Epoch   1/200] trn/acc1 3.68e-01, trn/loss 8.94e+00, trn/loss_ce 1.73e+00, trn/loss_wd 1.44e+04, trn/lr 9.97e-03
[2022-02-05 12:55:14,583][INFO] [Epoch   1/200] Validation: val/acc1 0.4844, val/loss_ce 1.4702
[2022-02-05 12:56:04,627][INFO] [Epoch   2/200] trn/acc1 5.84e-01, trn/loss 7.89e+00, trn/loss_ce 1.16e+00, trn/loss_wd 1.35e+04, trn/lr 3.00e-02
[2022-02-05 12:56:41,209][INFO] [Epoch   3/200] trn/acc1 6.76e-01, trn/loss 6.80e+00, trn/loss_ce 9.17e-01, trn/loss_wd 1.18e+04, trn/lr 5.00e-02
[2022-02-05 12:57:17,867][INFO] [Epoch   4/200] trn/acc1 7.32e-01, trn/loss 5.59e+00, trn/loss_ce 7.72e-01, trn/loss_wd 9.64e+03, trn/lr 7.00e-02
[2022-02-05 12:57:54,474][INFO] [Epoch   5/200] trn/acc1 7.68e-01, trn/loss 4.38e+00, trn/loss_ce 6.69e-01, trn/loss_wd 7.42e+03, trn/lr 9.00e-02
[2022-02-05 12:58:31,159][INFO] [Epoch   6/200] trn/acc1 7.99e-01, trn/loss 3.31e+00, trn/loss_ce 5.82e-01, trn/loss_wd 5.46e+03, trn/lr 1.00e-01
[2022-02-05 12:59:07,797][INFO] [Epoch   7/200] trn/acc1 8.20e-01, trn/loss 2.54e+00, trn/loss_ce 5.29e-01, trn/loss_wd 4.02e+03, trn/lr 1.00e-01
[2022-02-05 12:59:44,463][INFO] [Epoch   8/200] trn/acc1 8.35e-01, trn/loss 1.99e+00, trn/loss_ce 4.84e-01, trn/loss_wd 3.01e+03, trn/lr 1.00e-01
[2022-02-05 13:00:21,051][INFO] [Epoch   9/200] trn/acc1 8.47e-01, trn/loss 1.61e+00, trn/loss_ce 4.54e-01, trn/loss_wd 2.31e+03, trn/lr 9.99e-02
[2022-02-05 13:00:57,657][INFO] [Epoch  10/200] trn/acc1 8.54e-01, trn/loss 1.34e+00, trn/loss_ce 4.33e-01, trn/loss_wd 1.82e+03, trn/lr 9.99e-02
[2022-02-05 13:01:34,277][INFO] [Epoch  11/200] trn/acc1 8.58e-01, trn/loss 1.16e+00, trn/loss_ce 4.15e-01, trn/loss_wd 1.49e+03, trn/lr 9.98e-02
[2022-02-05 13:02:10,860][INFO] [Epoch  12/200] trn/acc1 8.65e-01, trn/loss 1.03e+00, trn/loss_ce 4.00e-01, trn/loss_wd 1.26e+03, trn/lr 9.97e-02
[2022-02-05 13:02:47,458][INFO] [Epoch  13/200] trn/acc1 8.65e-01, trn/loss 9.44e-01, trn/loss_ce 3.91e-01, trn/loss_wd 1.11e+03, trn/lr 9.96e-02
[2022-02-05 13:03:24,057][INFO] [Epoch  14/200] trn/acc1 8.69e-01, trn/loss 8.86e-01, trn/loss_ce 3.84e-01, trn/loss_wd 1.00e+03, trn/lr 9.95e-02
[2022-02-05 13:04:00,672][INFO] [Epoch  15/200] trn/acc1 8.74e-01, trn/loss 8.41e-01, trn/loss_ce 3.71e-01, trn/loss_wd 9.40e+02, trn/lr 9.94e-02
[2022-02-05 13:04:37,245][INFO] [Epoch  16/200] trn/acc1 8.74e-01, trn/loss 8.18e-01, trn/loss_ce 3.67e-01, trn/loss_wd 9.02e+02, trn/lr 9.93e-02
[2022-02-05 13:05:13,879][INFO] [Epoch  17/200] trn/acc1 8.75e-01, trn/loss 7.99e-01, trn/loss_ce 3.60e-01, trn/loss_wd 8.77e+02, trn/lr 9.91e-02
[2022-02-05 13:05:50,488][INFO] [Epoch  18/200] trn/acc1 8.80e-01, trn/loss 7.84e-01, trn/loss_ce 3.52e-01, trn/loss_wd 8.64e+02, trn/lr 9.90e-02
[2022-02-05 13:06:27,070][INFO] [Epoch  19/200] trn/acc1 8.82e-01, trn/loss 7.73e-01, trn/loss_ce 3.47e-01, trn/loss_wd 8.52e+02, trn/lr 9.88e-02
[2022-02-05 13:07:03,716][INFO] [Epoch  20/200] trn/acc1 8.84e-01, trn/loss 7.66e-01, trn/loss_ce 3.41e-01, trn/loss_wd 8.49e+02, trn/lr 9.86e-02
[2022-02-05 13:07:04,648][INFO] [Epoch  20/200] Validation: val/acc1 0.8682, val/loss_ce 0.3941
[2022-02-05 13:07:55,574][INFO] [Epoch  21/200] trn/acc1 8.86e-01, trn/loss 7.59e-01, trn/loss_ce 3.33e-01, trn/loss_wd 8.53e+02, trn/lr 9.84e-02
[2022-02-05 13:08:32,153][INFO] [Epoch  22/200] trn/acc1 8.89e-01, trn/loss 7.50e-01, trn/loss_ce 3.24e-01, trn/loss_wd 8.50e+02, trn/lr 9.82e-02
[2022-02-05 13:09:08,749][INFO] [Epoch  23/200] trn/acc1 8.90e-01, trn/loss 7.52e-01, trn/loss_ce 3.25e-01, trn/loss_wd 8.54e+02, trn/lr 9.80e-02
[2022-02-05 13:09:45,350][INFO] [Epoch  24/200] trn/acc1 8.92e-01, trn/loss 7.45e-01, trn/loss_ce 3.18e-01, trn/loss_wd 8.56e+02, trn/lr 9.78e-02
[2022-02-05 13:10:21,984][INFO] [Epoch  25/200] trn/acc1 8.93e-01, trn/loss 7.45e-01, trn/loss_ce 3.16e-01, trn/loss_wd 8.59e+02, trn/lr 9.76e-02
[2022-02-05 13:10:58,551][INFO] [Epoch  26/200] trn/acc1 8.94e-01, trn/loss 7.43e-01, trn/loss_ce 3.11e-01, trn/loss_wd 8.64e+02, trn/lr 9.73e-02
[2022-02-05 13:11:35,107][INFO] [Epoch  27/200] trn/acc1 8.97e-01, trn/loss 7.38e-01, trn/loss_ce 3.07e-01, trn/loss_wd 8.62e+02, trn/lr 9.70e-02
[2022-02-05 13:12:11,716][INFO] [Epoch  28/200] trn/acc1 8.98e-01, trn/loss 7.39e-01, trn/loss_ce 3.04e-01, trn/loss_wd 8.69e+02, trn/lr 9.68e-02
[2022-02-05 13:12:48,290][INFO] [Epoch  29/200] trn/acc1 9.00e-01, trn/loss 7.36e-01, trn/loss_ce 2.98e-01, trn/loss_wd 8.75e+02, trn/lr 9.65e-02
[2022-02-05 13:13:24,900][INFO] [Epoch  30/200] trn/acc1 8.99e-01, trn/loss 7.39e-01, trn/loss_ce 2.98e-01, trn/loss_wd 8.81e+02, trn/lr 9.62e-02
[2022-02-05 13:14:01,454][INFO] [Epoch  31/200] trn/acc1 9.00e-01, trn/loss 7.36e-01, trn/loss_ce 2.91e-01, trn/loss_wd 8.89e+02, trn/lr 9.58e-02
[2022-02-05 13:14:38,051][INFO] [Epoch  32/200] trn/acc1 9.04e-01, trn/loss 7.31e-01, trn/loss_ce 2.87e-01, trn/loss_wd 8.87e+02, trn/lr 9.55e-02
[2022-02-05 13:15:14,600][INFO] [Epoch  33/200] trn/acc1 9.01e-01, trn/loss 7.36e-01, trn/loss_ce 2.90e-01, trn/loss_wd 8.91e+02, trn/lr 9.52e-02
[2022-02-05 13:15:51,164][INFO] [Epoch  34/200] trn/acc1 9.02e-01, trn/loss 7.31e-01, trn/loss_ce 2.85e-01, trn/loss_wd 8.93e+02, trn/lr 9.48e-02
[2022-02-05 13:16:27,731][INFO] [Epoch  35/200] trn/acc1 9.05e-01, trn/loss 7.27e-01, trn/loss_ce 2.80e-01, trn/loss_wd 8.93e+02, trn/lr 9.45e-02
[2022-02-05 13:17:04,270][INFO] [Epoch  36/200] trn/acc1 9.06e-01, trn/loss 7.27e-01, trn/loss_ce 2.80e-01, trn/loss_wd 8.94e+02, trn/lr 9.41e-02
[2022-02-05 13:17:40,852][INFO] [Epoch  37/200] trn/acc1 9.05e-01, trn/loss 7.26e-01, trn/loss_ce 2.75e-01, trn/loss_wd 9.00e+02, trn/lr 9.37e-02
[2022-02-05 13:18:17,398][INFO] [Epoch  38/200] trn/acc1 9.07e-01, trn/loss 7.24e-01, trn/loss_ce 2.73e-01, trn/loss_wd 9.02e+02, trn/lr 9.33e-02
[2022-02-05 13:18:53,992][INFO] [Epoch  39/200] trn/acc1 9.07e-01, trn/loss 7.24e-01, trn/loss_ce 2.72e-01, trn/loss_wd 9.04e+02, trn/lr 9.29e-02
[2022-02-05 13:19:30,537][INFO] [Epoch  40/200] trn/acc1 9.09e-01, trn/loss 7.20e-01, trn/loss_ce 2.68e-01, trn/loss_wd 9.05e+02, trn/lr 9.25e-02
[2022-02-05 13:19:31,464][INFO] [Epoch  40/200] Validation: val/acc1 0.8446, val/loss_ce 0.4817
[2022-02-05 13:20:11,146][INFO] [Epoch  41/200] trn/acc1 9.08e-01, trn/loss 7.23e-01, trn/loss_ce 2.69e-01, trn/loss_wd 9.06e+02, trn/lr 9.20e-02
[2022-02-05 13:20:47,694][INFO] [Epoch  42/200] trn/acc1 9.12e-01, trn/loss 7.10e-01, trn/loss_ce 2.60e-01, trn/loss_wd 9.01e+02, trn/lr 9.16e-02
[2022-02-05 13:21:24,234][INFO] [Epoch  43/200] trn/acc1 9.11e-01, trn/loss 7.13e-01, trn/loss_ce 2.62e-01, trn/loss_wd 9.03e+02, trn/lr 9.11e-02
[2022-02-05 13:22:00,817][INFO] [Epoch  44/200] trn/acc1 9.10e-01, trn/loss 7.19e-01, trn/loss_ce 2.66e-01, trn/loss_wd 9.06e+02, trn/lr 9.07e-02
[2022-02-05 13:22:37,367][INFO] [Epoch  45/200] trn/acc1 9.13e-01, trn/loss 7.07e-01, trn/loss_ce 2.54e-01, trn/loss_wd 9.06e+02, trn/lr 9.02e-02
[2022-02-05 13:23:13,947][INFO] [Epoch  46/200] trn/acc1 9.13e-01, trn/loss 7.11e-01, trn/loss_ce 2.57e-01, trn/loss_wd 9.07e+02, trn/lr 8.97e-02
[2022-02-05 13:23:50,458][INFO] [Epoch  47/200] trn/acc1 9.14e-01, trn/loss 7.07e-01, trn/loss_ce 2.52e-01, trn/loss_wd 9.09e+02, trn/lr 8.92e-02
[2022-02-05 13:24:26,990][INFO] [Epoch  48/200] trn/acc1 9.14e-01, trn/loss 7.03e-01, trn/loss_ce 2.50e-01, trn/loss_wd 9.05e+02, trn/lr 8.87e-02
[2022-02-05 13:25:03,580][INFO] [Epoch  49/200] trn/acc1 9.14e-01, trn/loss 7.02e-01, trn/loss_ce 2.49e-01, trn/loss_wd 9.06e+02, trn/lr 8.82e-02
[2022-02-05 13:25:40,094][INFO] [Epoch  50/200] trn/acc1 9.17e-01, trn/loss 6.98e-01, trn/loss_ce 2.46e-01, trn/loss_wd 9.05e+02, trn/lr 8.77e-02
[2022-02-05 13:26:16,710][INFO] [Epoch  51/200] trn/acc1 9.15e-01, trn/loss 7.05e-01, trn/loss_ce 2.51e-01, trn/loss_wd 9.07e+02, trn/lr 8.72e-02
[2022-02-05 13:26:53,275][INFO] [Epoch  52/200] trn/acc1 9.14e-01, trn/loss 7.05e-01, trn/loss_ce 2.48e-01, trn/loss_wd 9.15e+02, trn/lr 8.66e-02
[2022-02-05 13:27:29,848][INFO] [Epoch  53/200] trn/acc1 9.18e-01, trn/loss 6.97e-01, trn/loss_ce 2.39e-01, trn/loss_wd 9.16e+02, trn/lr 8.61e-02
[2022-02-05 13:28:06,434][INFO] [Epoch  54/200] trn/acc1 9.17e-01, trn/loss 6.99e-01, trn/loss_ce 2.44e-01, trn/loss_wd 9.11e+02, trn/lr 8.55e-02
[2022-02-05 13:28:43,024][INFO] [Epoch  55/200] trn/acc1 9.19e-01, trn/loss 6.94e-01, trn/loss_ce 2.38e-01, trn/loss_wd 9.12e+02, trn/lr 8.49e-02
[2022-02-05 13:29:19,646][INFO] [Epoch  56/200] trn/acc1 9.20e-01, trn/loss 6.93e-01, trn/loss_ce 2.38e-01, trn/loss_wd 9.11e+02, trn/lr 8.43e-02
[2022-02-05 13:29:56,198][INFO] [Epoch  57/200] trn/acc1 9.19e-01, trn/loss 6.87e-01, trn/loss_ce 2.33e-01, trn/loss_wd 9.09e+02, trn/lr 8.38e-02
[2022-02-05 13:30:32,786][INFO] [Epoch  58/200] trn/acc1 9.22e-01, trn/loss 6.80e-01, trn/loss_ce 2.28e-01, trn/loss_wd 9.05e+02, trn/lr 8.32e-02
[2022-02-05 13:31:09,351][INFO] [Epoch  59/200] trn/acc1 9.20e-01, trn/loss 6.90e-01, trn/loss_ce 2.36e-01, trn/loss_wd 9.09e+02, trn/lr 8.25e-02
[2022-02-05 13:31:45,969][INFO] [Epoch  60/200] trn/acc1 9.24e-01, trn/loss 6.75e-01, trn/loss_ce 2.23e-01, trn/loss_wd 9.04e+02, trn/lr 8.19e-02
[2022-02-05 13:31:46,898][INFO] [Epoch  60/200] Validation: val/acc1 0.8676, val/loss_ce 0.4179
[2022-02-05 13:32:27,429][INFO] [Epoch  61/200] trn/acc1 9.23e-01, trn/loss 6.82e-01, trn/loss_ce 2.30e-01, trn/loss_wd 9.03e+02, trn/lr 8.13e-02
[2022-02-05 13:33:03,994][INFO] [Epoch  62/200] trn/acc1 9.23e-01, trn/loss 6.77e-01, trn/loss_ce 2.25e-01, trn/loss_wd 9.03e+02, trn/lr 8.07e-02
[2022-02-05 13:33:40,592][INFO] [Epoch  63/200] trn/acc1 9.25e-01, trn/loss 6.75e-01, trn/loss_ce 2.23e-01, trn/loss_wd 9.03e+02, trn/lr 8.00e-02
[2022-02-05 13:34:17,182][INFO] [Epoch  64/200] trn/acc1 9.27e-01, trn/loss 6.62e-01, trn/loss_ce 2.15e-01, trn/loss_wd 8.96e+02, trn/lr 7.94e-02
[2022-02-05 13:34:53,779][INFO] [Epoch  65/200] trn/acc1 9.28e-01, trn/loss 6.58e-01, trn/loss_ce 2.13e-01, trn/loss_wd 8.90e+02, trn/lr 7.87e-02
[2022-02-05 13:35:30,367][INFO] [Epoch  66/200] trn/acc1 9.27e-01, trn/loss 6.58e-01, trn/loss_ce 2.15e-01, trn/loss_wd 8.87e+02, trn/lr 7.81e-02
[2022-02-05 13:36:06,974][INFO] [Epoch  67/200] trn/acc1 9.27e-01, trn/loss 6.59e-01, trn/loss_ce 2.16e-01, trn/loss_wd 8.86e+02, trn/lr 7.74e-02
[2022-02-05 13:36:43,605][INFO] [Epoch  68/200] trn/acc1 9.26e-01, trn/loss 6.58e-01, trn/loss_ce 2.15e-01, trn/loss_wd 8.85e+02, trn/lr 7.67e-02
[2022-02-05 13:37:20,187][INFO] [Epoch  69/200] trn/acc1 9.27e-01, trn/loss 6.58e-01, trn/loss_ce 2.14e-01, trn/loss_wd 8.89e+02, trn/lr 7.60e-02
[2022-02-05 13:37:56,814][INFO] [Epoch  70/200] trn/acc1 9.28e-01, trn/loss 6.52e-01, trn/loss_ce 2.09e-01, trn/loss_wd 8.86e+02, trn/lr 7.53e-02
[2022-02-05 13:38:33,362][INFO] [Epoch  71/200] trn/acc1 9.32e-01, trn/loss 6.49e-01, trn/loss_ce 2.05e-01, trn/loss_wd 8.87e+02, trn/lr 7.47e-02
[2022-02-05 13:39:09,990][INFO] [Epoch  72/200] trn/acc1 9.30e-01, trn/loss 6.47e-01, trn/loss_ce 2.04e-01, trn/loss_wd 8.85e+02, trn/lr 7.39e-02
[2022-02-05 13:39:46,579][INFO] [Epoch  73/200] trn/acc1 9.32e-01, trn/loss 6.42e-01, trn/loss_ce 2.03e-01, trn/loss_wd 8.79e+02, trn/lr 7.32e-02
[2022-02-05 13:40:23,180][INFO] [Epoch  74/200] trn/acc1 9.31e-01, trn/loss 6.37e-01, trn/loss_ce 2.00e-01, trn/loss_wd 8.73e+02, trn/lr 7.25e-02
[2022-02-05 13:40:59,773][INFO] [Epoch  75/200] trn/acc1 9.36e-01, trn/loss 6.27e-01, trn/loss_ce 1.92e-01, trn/loss_wd 8.70e+02, trn/lr 7.18e-02
[2022-02-05 13:41:36,360][INFO] [Epoch  76/200] trn/acc1 9.34e-01, trn/loss 6.30e-01, trn/loss_ce 1.95e-01, trn/loss_wd 8.70e+02, trn/lr 7.11e-02
[2022-02-05 13:42:12,940][INFO] [Epoch  77/200] trn/acc1 9.33e-01, trn/loss 6.29e-01, trn/loss_ce 1.94e-01, trn/loss_wd 8.70e+02, trn/lr 7.03e-02
[2022-02-05 13:42:49,475][INFO] [Epoch  78/200] trn/acc1 9.34e-01, trn/loss 6.25e-01, trn/loss_ce 1.94e-01, trn/loss_wd 8.63e+02, trn/lr 6.96e-02
[2022-02-05 13:43:26,082][INFO] [Epoch  79/200] trn/acc1 9.36e-01, trn/loss 6.19e-01, trn/loss_ce 1.88e-01, trn/loss_wd 8.63e+02, trn/lr 6.89e-02
[2022-02-05 13:44:02,685][INFO] [Epoch  80/200] trn/acc1 9.36e-01, trn/loss 6.19e-01, trn/loss_ce 1.86e-01, trn/loss_wd 8.65e+02, trn/lr 6.81e-02
[2022-02-05 13:44:03,613][INFO] [Epoch  80/200] Validation: val/acc1 0.8548, val/loss_ce 0.5278
[2022-02-05 13:44:43,397][INFO] [Epoch  81/200] trn/acc1 9.37e-01, trn/loss 6.16e-01, trn/loss_ce 1.85e-01, trn/loss_wd 8.61e+02, trn/lr 6.74e-02
[2022-02-05 13:45:19,980][INFO] [Epoch  82/200] trn/acc1 9.38e-01, trn/loss 6.13e-01, trn/loss_ce 1.85e-01, trn/loss_wd 8.56e+02, trn/lr 6.66e-02
[2022-02-05 13:45:56,507][INFO] [Epoch  83/200] trn/acc1 9.39e-01, trn/loss 6.08e-01, trn/loss_ce 1.81e-01, trn/loss_wd 8.54e+02, trn/lr 6.58e-02
[2022-02-05 13:46:33,097][INFO] [Epoch  84/200] trn/acc1 9.40e-01, trn/loss 6.01e-01, trn/loss_ce 1.76e-01, trn/loss_wd 8.50e+02, trn/lr 6.51e-02
[2022-02-05 13:47:09,622][INFO] [Epoch  85/200] trn/acc1 9.39e-01, trn/loss 6.03e-01, trn/loss_ce 1.80e-01, trn/loss_wd 8.46e+02, trn/lr 6.43e-02
[2022-02-05 13:47:46,215][INFO] [Epoch  86/200] trn/acc1 9.42e-01, trn/loss 5.94e-01, trn/loss_ce 1.72e-01, trn/loss_wd 8.43e+02, trn/lr 6.35e-02
[2022-02-05 13:48:22,726][INFO] [Epoch  87/200] trn/acc1 9.43e-01, trn/loss 5.89e-01, trn/loss_ce 1.70e-01, trn/loss_wd 8.38e+02, trn/lr 6.27e-02
[2022-02-05 13:48:59,312][INFO] [Epoch  88/200] trn/acc1 9.43e-01, trn/loss 5.84e-01, trn/loss_ce 1.67e-01, trn/loss_wd 8.34e+02, trn/lr 6.20e-02
[2022-02-05 13:49:35,810][INFO] [Epoch  89/200] trn/acc1 9.43e-01, trn/loss 5.83e-01, trn/loss_ce 1.68e-01, trn/loss_wd 8.30e+02, trn/lr 6.12e-02
[2022-02-05 13:50:12,352][INFO] [Epoch  90/200] trn/acc1 9.45e-01, trn/loss 5.76e-01, trn/loss_ce 1.62e-01, trn/loss_wd 8.29e+02, trn/lr 6.04e-02
[2022-02-05 13:50:48,921][INFO] [Epoch  91/200] trn/acc1 9.45e-01, trn/loss 5.76e-01, trn/loss_ce 1.62e-01, trn/loss_wd 8.28e+02, trn/lr 5.96e-02
[2022-02-05 13:51:25,467][INFO] [Epoch  92/200] trn/acc1 9.45e-01, trn/loss 5.76e-01, trn/loss_ce 1.63e-01, trn/loss_wd 8.26e+02, trn/lr 5.88e-02
[2022-02-05 13:52:02,067][INFO] [Epoch  93/200] trn/acc1 9.48e-01, trn/loss 5.68e-01, trn/loss_ce 1.57e-01, trn/loss_wd 8.22e+02, trn/lr 5.80e-02
[2022-02-05 13:52:38,592][INFO] [Epoch  94/200] trn/acc1 9.46e-01, trn/loss 5.66e-01, trn/loss_ce 1.57e-01, trn/loss_wd 8.19e+02, trn/lr 5.72e-02
[2022-02-05 13:53:15,178][INFO] [Epoch  95/200] trn/acc1 9.49e-01, trn/loss 5.58e-01, trn/loss_ce 1.51e-01, trn/loss_wd 8.15e+02, trn/lr 5.64e-02
[2022-02-05 13:53:51,741][INFO] [Epoch  96/200] trn/acc1 9.47e-01, trn/loss 5.57e-01, trn/loss_ce 1.53e-01, trn/loss_wd 8.09e+02, trn/lr 5.56e-02
[2022-02-05 13:54:28,288][INFO] [Epoch  97/200] trn/acc1 9.51e-01, trn/loss 5.50e-01, trn/loss_ce 1.47e-01, trn/loss_wd 8.07e+02, trn/lr 5.48e-02
[2022-02-05 13:55:04,872][INFO] [Epoch  98/200] trn/acc1 9.49e-01, trn/loss 5.53e-01, trn/loss_ce 1.49e-01, trn/loss_wd 8.07e+02, trn/lr 5.40e-02
[2022-02-05 13:55:41,409][INFO] [Epoch  99/200] trn/acc1 9.54e-01, trn/loss 5.35e-01, trn/loss_ce 1.36e-01, trn/loss_wd 7.99e+02, trn/lr 5.32e-02
[2022-02-05 13:56:18,006][INFO] [Epoch 100/200] trn/acc1 9.52e-01, trn/loss 5.38e-01, trn/loss_ce 1.41e-01, trn/loss_wd 7.94e+02, trn/lr 5.24e-02
[2022-02-05 13:56:18,931][INFO] [Epoch 100/200] Validation: val/acc1 0.8886, val/loss_ce 0.3670
[2022-02-05 13:57:09,701][INFO] [Epoch 101/200] trn/acc1 9.51e-01, trn/loss 5.39e-01, trn/loss_ce 1.44e-01, trn/loss_wd 7.91e+02, trn/lr 5.16e-02
[2022-02-05 13:57:46,234][INFO] [Epoch 102/200] trn/acc1 9.53e-01, trn/loss 5.35e-01, trn/loss_ce 1.40e-01, trn/loss_wd 7.89e+02, trn/lr 5.08e-02
[2022-02-05 13:58:22,774][INFO] [Epoch 103/200] trn/acc1 9.53e-01, trn/loss 5.31e-01, trn/loss_ce 1.37e-01, trn/loss_wd 7.87e+02, trn/lr 5.00e-02
[2022-02-05 13:58:59,332][INFO] [Epoch 104/200] trn/acc1 9.54e-01, trn/loss 5.28e-01, trn/loss_ce 1.36e-01, trn/loss_wd 7.84e+02, trn/lr 4.92e-02
[2022-02-05 13:59:35,906][INFO] [Epoch 105/200] trn/acc1 9.56e-01, trn/loss 5.19e-01, trn/loss_ce 1.29e-01, trn/loss_wd 7.79e+02, trn/lr 4.84e-02
[2022-02-05 14:00:12,523][INFO] [Epoch 106/200] trn/acc1 9.57e-01, trn/loss 5.13e-01, trn/loss_ce 1.27e-01, trn/loss_wd 7.73e+02, trn/lr 4.76e-02
[2022-02-05 14:00:49,119][INFO] [Epoch 107/200] trn/acc1 9.56e-01, trn/loss 5.07e-01, trn/loss_ce 1.25e-01, trn/loss_wd 7.64e+02, trn/lr 4.68e-02
[2022-02-05 14:01:25,697][INFO] [Epoch 108/200] trn/acc1 9.60e-01, trn/loss 4.97e-01, trn/loss_ce 1.18e-01, trn/loss_wd 7.58e+02, trn/lr 4.60e-02
[2022-02-05 14:02:02,218][INFO] [Epoch 109/200] trn/acc1 9.59e-01, trn/loss 4.97e-01, trn/loss_ce 1.21e-01, trn/loss_wd 7.52e+02, trn/lr 4.52e-02
[2022-02-05 14:02:38,790][INFO] [Epoch 110/200] trn/acc1 9.59e-01, trn/loss 4.94e-01, trn/loss_ce 1.19e-01, trn/loss_wd 7.50e+02, trn/lr 4.44e-02
[2022-02-05 14:03:15,300][INFO] [Epoch 111/200] trn/acc1 9.61e-01, trn/loss 4.88e-01, trn/loss_ce 1.17e-01, trn/loss_wd 7.43e+02, trn/lr 4.36e-02
[2022-02-05 14:03:51,893][INFO] [Epoch 112/200] trn/acc1 9.61e-01, trn/loss 4.84e-01, trn/loss_ce 1.16e-01, trn/loss_wd 7.37e+02, trn/lr 4.28e-02
[2022-02-05 14:04:28,450][INFO] [Epoch 113/200] trn/acc1 9.64e-01, trn/loss 4.72e-01, trn/loss_ce 1.07e-01, trn/loss_wd 7.31e+02, trn/lr 4.20e-02
[2022-02-05 14:05:05,052][INFO] [Epoch 114/200] trn/acc1 9.65e-01, trn/loss 4.67e-01, trn/loss_ce 1.06e-01, trn/loss_wd 7.22e+02, trn/lr 4.12e-02
[2022-02-05 14:05:41,624][INFO] [Epoch 115/200] trn/acc1 9.66e-01, trn/loss 4.60e-01, trn/loss_ce 1.03e-01, trn/loss_wd 7.13e+02, trn/lr 4.04e-02
[2022-02-05 14:06:18,215][INFO] [Epoch 116/200] trn/acc1 9.66e-01, trn/loss 4.57e-01, trn/loss_ce 1.04e-01, trn/loss_wd 7.07e+02, trn/lr 3.96e-02
[2022-02-05 14:06:54,797][INFO] [Epoch 117/200] trn/acc1 9.64e-01, trn/loss 4.56e-01, trn/loss_ce 1.04e-01, trn/loss_wd 7.03e+02, trn/lr 3.88e-02
[2022-02-05 14:07:31,354][INFO] [Epoch 118/200] trn/acc1 9.68e-01, trn/loss 4.43e-01, trn/loss_ce 9.42e-02, trn/loss_wd 6.98e+02, trn/lr 3.80e-02
[2022-02-05 14:08:07,970][INFO] [Epoch 119/200] trn/acc1 9.67e-01, trn/loss 4.46e-01, trn/loss_ce 9.91e-02, trn/loss_wd 6.94e+02, trn/lr 3.73e-02
[2022-02-05 14:08:44,568][INFO] [Epoch 120/200] trn/acc1 9.68e-01, trn/loss 4.38e-01, trn/loss_ce 9.50e-02, trn/loss_wd 6.87e+02, trn/lr 3.65e-02
[2022-02-05 14:08:45,498][INFO] [Epoch 120/200] Validation: val/acc1 0.9108, val/loss_ce 0.3128
[2022-02-05 14:09:41,791][INFO] [Epoch 121/200] trn/acc1 9.71e-01, trn/loss 4.29e-01, trn/loss_ce 8.92e-02, trn/loss_wd 6.79e+02, trn/lr 3.57e-02
[2022-02-05 14:10:18,345][INFO] [Epoch 122/200] trn/acc1 9.71e-01, trn/loss 4.22e-01, trn/loss_ce 8.82e-02, trn/loss_wd 6.68e+02, trn/lr 3.49e-02
[2022-02-05 14:10:54,825][INFO] [Epoch 123/200] trn/acc1 9.71e-01, trn/loss 4.17e-01, trn/loss_ce 8.68e-02, trn/loss_wd 6.61e+02, trn/lr 3.42e-02
[2022-02-05 14:11:31,395][INFO] [Epoch 124/200] trn/acc1 9.71e-01, trn/loss 4.15e-01, trn/loss_ce 8.69e-02, trn/loss_wd 6.56e+02, trn/lr 3.34e-02
[2022-02-05 14:12:07,892][INFO] [Epoch 125/200] trn/acc1 9.72e-01, trn/loss 4.06e-01, trn/loss_ce 8.07e-02, trn/loss_wd 6.50e+02, trn/lr 3.26e-02
[2022-02-05 14:12:44,413][INFO] [Epoch 126/200] trn/acc1 9.72e-01, trn/loss 4.05e-01, trn/loss_ce 8.29e-02, trn/loss_wd 6.44e+02, trn/lr 3.19e-02
[2022-02-05 14:13:20,989][INFO] [Epoch 127/200] trn/acc1 9.73e-01, trn/loss 3.98e-01, trn/loss_ce 7.80e-02, trn/loss_wd 6.39e+02, trn/lr 3.11e-02
[2022-02-05 14:13:57,529][INFO] [Epoch 128/200] trn/acc1 9.75e-01, trn/loss 3.91e-01, trn/loss_ce 7.58e-02, trn/loss_wd 6.31e+02, trn/lr 3.04e-02
[2022-02-05 14:14:34,054][INFO] [Epoch 129/200] trn/acc1 9.76e-01, trn/loss 3.86e-01, trn/loss_ce 7.43e-02, trn/loss_wd 6.24e+02, trn/lr 2.97e-02
[2022-02-05 14:15:10,543][INFO] [Epoch 130/200] trn/acc1 9.78e-01, trn/loss 3.76e-01, trn/loss_ce 6.80e-02, trn/loss_wd 6.15e+02, trn/lr 2.89e-02
[2022-02-05 14:15:47,093][INFO] [Epoch 131/200] trn/acc1 9.78e-01, trn/loss 3.71e-01, trn/loss_ce 6.67e-02, trn/loss_wd 6.08e+02, trn/lr 2.82e-02
[2022-02-05 14:16:23,589][INFO] [Epoch 132/200] trn/acc1 9.78e-01, trn/loss 3.68e-01, trn/loss_ce 6.79e-02, trn/loss_wd 6.00e+02, trn/lr 2.75e-02
[2022-02-05 14:17:00,080][INFO] [Epoch 133/200] trn/acc1 9.79e-01, trn/loss 3.61e-01, trn/loss_ce 6.45e-02, trn/loss_wd 5.93e+02, trn/lr 2.68e-02
[2022-02-05 14:17:36,631][INFO] [Epoch 134/200] trn/acc1 9.79e-01, trn/loss 3.59e-01, trn/loss_ce 6.52e-02, trn/loss_wd 5.87e+02, trn/lr 2.61e-02
[2022-02-05 14:18:13,181][INFO] [Epoch 135/200] trn/acc1 9.82e-01, trn/loss 3.46e-01, trn/loss_ce 5.62e-02, trn/loss_wd 5.79e+02, trn/lr 2.54e-02
[2022-02-05 14:18:49,789][INFO] [Epoch 136/200] trn/acc1 9.80e-01, trn/loss 3.46e-01, trn/loss_ce 6.05e-02, trn/loss_wd 5.71e+02, trn/lr 2.47e-02
[2022-02-05 14:19:26,313][INFO] [Epoch 137/200] trn/acc1 9.85e-01, trn/loss 3.29e-01, trn/loss_ce 4.89e-02, trn/loss_wd 5.60e+02, trn/lr 2.40e-02
[2022-02-05 14:20:02,892][INFO] [Epoch 138/200] trn/acc1 9.84e-01, trn/loss 3.25e-01, trn/loss_ce 5.06e-02, trn/loss_wd 5.50e+02, trn/lr 2.33e-02
[2022-02-05 14:20:39,415][INFO] [Epoch 139/200] trn/acc1 9.84e-01, trn/loss 3.19e-01, trn/loss_ce 4.87e-02, trn/loss_wd 5.40e+02, trn/lr 2.26e-02
[2022-02-05 14:21:15,972][INFO] [Epoch 140/200] trn/acc1 9.84e-01, trn/loss 3.17e-01, trn/loss_ce 5.03e-02, trn/loss_wd 5.33e+02, trn/lr 2.19e-02
[2022-02-05 14:21:16,898][INFO] [Epoch 140/200] Validation: val/acc1 0.9338, val/loss_ce 0.2390
[2022-02-05 14:22:18,004][INFO] [Epoch 141/200] trn/acc1 9.83e-01, trn/loss 3.13e-01, trn/loss_ce 5.07e-02, trn/loss_wd 5.25e+02, trn/lr 2.13e-02
[2022-02-05 14:22:54,567][INFO] [Epoch 142/200] trn/acc1 9.88e-01, trn/loss 2.97e-01, trn/loss_ce 3.98e-02, trn/loss_wd 5.15e+02, trn/lr 2.06e-02
[2022-02-05 14:23:31,030][INFO] [Epoch 143/200] trn/acc1 9.87e-01, trn/loss 2.93e-01, trn/loss_ce 4.07e-02, trn/loss_wd 5.06e+02, trn/lr 2.00e-02
[2022-02-05 14:24:07,583][INFO] [Epoch 144/200] trn/acc1 9.88e-01, trn/loss 2.86e-01, trn/loss_ce 3.77e-02, trn/loss_wd 4.96e+02, trn/lr 1.93e-02
[2022-02-05 14:24:44,094][INFO] [Epoch 145/200] trn/acc1 9.90e-01, trn/loss 2.76e-01, trn/loss_ce 3.27e-02, trn/loss_wd 4.86e+02, trn/lr 1.87e-02
[2022-02-05 14:25:20,659][INFO] [Epoch 146/200] trn/acc1 9.88e-01, trn/loss 2.76e-01, trn/loss_ce 3.73e-02, trn/loss_wd 4.76e+02, trn/lr 1.81e-02
[2022-02-05 14:25:57,164][INFO] [Epoch 147/200] trn/acc1 9.90e-01, trn/loss 2.68e-01, trn/loss_ce 3.34e-02, trn/loss_wd 4.69e+02, trn/lr 1.75e-02
[2022-02-05 14:26:33,740][INFO] [Epoch 148/200] trn/acc1 9.90e-01, trn/loss 2.60e-01, trn/loss_ce 3.02e-02, trn/loss_wd 4.60e+02, trn/lr 1.68e-02
[2022-02-05 14:27:10,294][INFO] [Epoch 149/200] trn/acc1 9.92e-01, trn/loss 2.53e-01, trn/loss_ce 2.82e-02, trn/loss_wd 4.50e+02, trn/lr 1.62e-02
[2022-02-05 14:27:46,878][INFO] [Epoch 150/200] trn/acc1 9.90e-01, trn/loss 2.53e-01, trn/loss_ce 3.11e-02, trn/loss_wd 4.43e+02, trn/lr 1.57e-02
[2022-02-05 14:28:23,460][INFO] [Epoch 151/200] trn/acc1 9.91e-01, trn/loss 2.48e-01, trn/loss_ce 3.02e-02, trn/loss_wd 4.35e+02, trn/lr 1.51e-02
[2022-02-05 14:29:00,057][INFO] [Epoch 152/200] trn/acc1 9.94e-01, trn/loss 2.33e-01, trn/loss_ce 2.01e-02, trn/loss_wd 4.26e+02, trn/lr 1.45e-02
[2022-02-05 14:29:36,649][INFO] [Epoch 153/200] trn/acc1 9.94e-01, trn/loss 2.29e-01, trn/loss_ce 2.07e-02, trn/loss_wd 4.16e+02, trn/lr 1.39e-02
[2022-02-05 14:30:13,258][INFO] [Epoch 154/200] trn/acc1 9.95e-01, trn/loss 2.20e-01, trn/loss_ce 1.71e-02, trn/loss_wd 4.06e+02, trn/lr 1.34e-02
[2022-02-05 14:30:49,833][INFO] [Epoch 155/200] trn/acc1 9.94e-01, trn/loss 2.20e-01, trn/loss_ce 2.10e-02, trn/loss_wd 3.98e+02, trn/lr 1.28e-02
[2022-02-05 14:31:26,357][INFO] [Epoch 156/200] trn/acc1 9.96e-01, trn/loss 2.09e-01, trn/loss_ce 1.51e-02, trn/loss_wd 3.88e+02, trn/lr 1.23e-02
[2022-02-05 14:32:02,912][INFO] [Epoch 157/200] trn/acc1 9.95e-01, trn/loss 2.06e-01, trn/loss_ce 1.62e-02, trn/loss_wd 3.80e+02, trn/lr 1.18e-02
[2022-02-05 14:32:39,491][INFO] [Epoch 158/200] trn/acc1 9.96e-01, trn/loss 2.01e-01, trn/loss_ce 1.47e-02, trn/loss_wd 3.72e+02, trn/lr 1.13e-02
[2022-02-05 14:33:16,031][INFO] [Epoch 159/200] trn/acc1 9.97e-01, trn/loss 1.93e-01, trn/loss_ce 1.13e-02, trn/loss_wd 3.63e+02, trn/lr 1.08e-02
[2022-02-05 14:33:52,579][INFO] [Epoch 160/200] trn/acc1 9.97e-01, trn/loss 1.89e-01, trn/loss_ce 1.16e-02, trn/loss_wd 3.55e+02, trn/lr 1.03e-02
[2022-02-05 14:33:53,510][INFO] [Epoch 160/200] Validation: val/acc1 0.9472, val/loss_ce 0.2101
[2022-02-05 14:34:42,181][INFO] [Epoch 161/200] trn/acc1 9.96e-01, trn/loss 1.88e-01, trn/loss_ce 1.38e-02, trn/loss_wd 3.48e+02, trn/lr 9.79e-03
[2022-02-05 14:35:18,741][INFO] [Epoch 162/200] trn/acc1 9.98e-01, trn/loss 1.80e-01, trn/loss_ce 9.14e-03, trn/loss_wd 3.41e+02, trn/lr 9.31e-03
[2022-02-05 14:35:55,329][INFO] [Epoch 163/200] trn/acc1 9.98e-01, trn/loss 1.75e-01, trn/loss_ce 8.13e-03, trn/loss_wd 3.34e+02, trn/lr 8.85e-03
[2022-02-05 14:36:31,864][INFO] [Epoch 164/200] trn/acc1 9.98e-01, trn/loss 1.71e-01, trn/loss_ce 7.24e-03, trn/loss_wd 3.27e+02, trn/lr 8.40e-03
[2022-02-05 14:37:08,447][INFO] [Epoch 165/200] trn/acc1 9.99e-01, trn/loss 1.66e-01, trn/loss_ce 5.86e-03, trn/loss_wd 3.20e+02, trn/lr 7.96e-03
[2022-02-05 14:37:45,006][INFO] [Epoch 166/200] trn/acc1 9.99e-01, trn/loss 1.61e-01, trn/loss_ce 4.44e-03, trn/loss_wd 3.13e+02, trn/lr 7.53e-03
[2022-02-05 14:38:21,598][INFO] [Epoch 167/200] trn/acc1 9.99e-01, trn/loss 1.57e-01, trn/loss_ce 3.86e-03, trn/loss_wd 3.06e+02, trn/lr 7.11e-03
[2022-02-05 14:38:58,202][INFO] [Epoch 168/200] trn/acc1 9.99e-01, trn/loss 1.54e-01, trn/loss_ce 3.62e-03, trn/loss_wd 3.00e+02, trn/lr 6.70e-03
[2022-02-05 14:39:34,771][INFO] [Epoch 169/200] trn/acc1 1.00e+00, trn/loss 1.50e-01, trn/loss_ce 2.38e-03, trn/loss_wd 2.94e+02, trn/lr 6.30e-03
[2022-02-05 14:40:11,370][INFO] [Epoch 170/200] trn/acc1 1.00e+00, trn/loss 1.47e-01, trn/loss_ce 2.51e-03, trn/loss_wd 2.89e+02, trn/lr 5.92e-03
[2022-02-05 14:40:47,947][INFO] [Epoch 171/200] trn/acc1 1.00e+00, trn/loss 1.44e-01, trn/loss_ce 2.28e-03, trn/loss_wd 2.84e+02, trn/lr 5.54e-03
[2022-02-05 14:41:24,607][INFO] [Epoch 172/200] trn/acc1 1.00e+00, trn/loss 1.42e-01, trn/loss_ce 2.10e-03, trn/loss_wd 2.79e+02, trn/lr 5.18e-03
[2022-02-05 14:42:01,188][INFO] [Epoch 173/200] trn/acc1 1.00e+00, trn/loss 1.40e-01, trn/loss_ce 2.36e-03, trn/loss_wd 2.75e+02, trn/lr 4.83e-03
[2022-02-05 14:42:37,797][INFO] [Epoch 174/200] trn/acc1 1.00e+00, trn/loss 1.37e-01, trn/loss_ce 1.77e-03, trn/loss_wd 2.71e+02, trn/lr 4.49e-03
[2022-02-05 14:43:14,374][INFO] [Epoch 175/200] trn/acc1 1.00e+00, trn/loss 1.35e-01, trn/loss_ce 1.84e-03, trn/loss_wd 2.67e+02, trn/lr 4.16e-03
[2022-02-05 14:43:50,961][INFO] [Epoch 176/200] trn/acc1 1.00e+00, trn/loss 1.33e-01, trn/loss_ce 1.67e-03, trn/loss_wd 2.63e+02, trn/lr 3.85e-03
[2022-02-05 14:44:27,551][INFO] [Epoch 177/200] trn/acc1 1.00e+00, trn/loss 1.32e-01, trn/loss_ce 1.74e-03, trn/loss_wd 2.60e+02, trn/lr 3.54e-03
[2022-02-05 14:45:04,114][INFO] [Epoch 178/200] trn/acc1 1.00e+00, trn/loss 1.30e-01, trn/loss_ce 1.59e-03, trn/loss_wd 2.58e+02, trn/lr 3.25e-03
[2022-02-05 14:45:40,708][INFO] [Epoch 179/200] trn/acc1 1.00e+00, trn/loss 1.29e-01, trn/loss_ce 1.54e-03, trn/loss_wd 2.55e+02, trn/lr 2.97e-03
[2022-02-05 14:46:17,255][INFO] [Epoch 180/200] trn/acc1 1.00e+00, trn/loss 1.28e-01, trn/loss_ce 1.52e-03, trn/loss_wd 2.53e+02, trn/lr 2.70e-03
[2022-02-05 14:46:18,201][INFO] [Epoch 180/200] Validation: val/acc1 0.9632, val/loss_ce 0.1570
[2022-02-05 14:47:08,150][INFO] [Epoch 181/200] trn/acc1 1.00e+00, trn/loss 1.27e-01, trn/loss_ce 1.57e-03, trn/loss_wd 2.51e+02, trn/lr 2.45e-03
[2022-02-05 14:47:09,073][INFO] [Epoch 181/200] Validation: val/acc1 0.9638, val/loss_ce 0.1550
[2022-02-05 14:48:07,274][INFO] [Epoch 182/200] trn/acc1 1.00e+00, trn/loss 1.26e-01, trn/loss_ce 1.55e-03, trn/loss_wd 2.49e+02, trn/lr 2.21e-03
[2022-02-05 14:48:08,196][INFO] [Epoch 182/200] Validation: val/acc1 0.9630, val/loss_ce 0.1580
[2022-02-05 14:48:48,170][INFO] [Epoch 183/200] trn/acc1 1.00e+00, trn/loss 1.25e-01, trn/loss_ce 1.55e-03, trn/loss_wd 2.47e+02, trn/lr 1.97e-03
[2022-02-05 14:48:49,095][INFO] [Epoch 183/200] Validation: val/acc1 0.9640, val/loss_ce 0.1542
[2022-02-05 14:49:40,984][INFO] [Epoch 184/200] trn/acc1 1.00e+00, trn/loss 1.24e-01, trn/loss_ce 1.58e-03, trn/loss_wd 2.46e+02, trn/lr 1.76e-03
[2022-02-05 14:49:41,911][INFO] [Epoch 184/200] Validation: val/acc1 0.9628, val/loss_ce 0.1551
[2022-02-05 14:50:21,872][INFO] [Epoch 185/200] trn/acc1 1.00e+00, trn/loss 1.24e-01, trn/loss_ce 1.58e-03, trn/loss_wd 2.44e+02, trn/lr 1.55e-03
[2022-02-05 14:50:22,798][INFO] [Epoch 185/200] Validation: val/acc1 0.9628, val/loss_ce 0.1537
[2022-02-05 14:51:09,025][INFO] [Epoch 186/200] trn/acc1 1.00e+00, trn/loss 1.23e-01, trn/loss_ce 1.43e-03, trn/loss_wd 2.43e+02, trn/lr 1.36e-03
[2022-02-05 14:51:09,950][INFO] [Epoch 186/200] Validation: val/acc1 0.9624, val/loss_ce 0.1532
[2022-02-05 14:51:57,223][INFO] [Epoch 187/200] trn/acc1 1.00e+00, trn/loss 1.23e-01, trn/loss_ce 1.50e-03, trn/loss_wd 2.42e+02, trn/lr 1.18e-03
[2022-02-05 14:51:58,151][INFO] [Epoch 187/200] Validation: val/acc1 0.9626, val/loss_ce 0.1527
[2022-02-05 14:52:44,145][INFO] [Epoch 188/200] trn/acc1 1.00e+00, trn/loss 1.22e-01, trn/loss_ce 1.56e-03, trn/loss_wd 2.41e+02, trn/lr 1.01e-03
[2022-02-05 14:52:45,072][INFO] [Epoch 188/200] Validation: val/acc1 0.9634, val/loss_ce 0.1522
[2022-02-05 14:53:33,026][INFO] [Epoch 189/200] trn/acc1 1.00e+00, trn/loss 1.22e-01, trn/loss_ce 1.53e-03, trn/loss_wd 2.41e+02, trn/lr 8.56e-04
[2022-02-05 14:53:33,955][INFO] [Epoch 189/200] Validation: val/acc1 0.9630, val/loss_ce 0.1530
[2022-02-05 14:54:13,935][INFO] [Epoch 190/200] trn/acc1 1.00e+00, trn/loss 1.22e-01, trn/loss_ce 1.48e-03, trn/loss_wd 2.40e+02, trn/lr 7.14e-04
[2022-02-05 14:54:14,858][INFO] [Epoch 190/200] Validation: val/acc1 0.9642, val/loss_ce 0.1545
[2022-02-05 14:55:00,492][INFO] [Epoch 191/200] trn/acc1 1.00e+00, trn/loss 1.21e-01, trn/loss_ce 1.44e-03, trn/loss_wd 2.40e+02, trn/lr 5.85e-04
[2022-02-05 14:55:01,417][INFO] [Epoch 191/200] Validation: val/acc1 0.9632, val/loss_ce 0.1524
[2022-02-05 14:55:41,126][INFO] [Epoch 192/200] trn/acc1 1.00e+00, trn/loss 1.21e-01, trn/loss_ce 1.48e-03, trn/loss_wd 2.39e+02, trn/lr 4.69e-04
[2022-02-05 14:55:42,049][INFO] [Epoch 192/200] Validation: val/acc1 0.9640, val/loss_ce 0.1530
[2022-02-05 14:56:22,733][INFO] [Epoch 193/200] trn/acc1 1.00e+00, trn/loss 1.21e-01, trn/loss_ce 1.50e-03, trn/loss_wd 2.39e+02, trn/lr 3.65e-04
[2022-02-05 14:56:23,664][INFO] [Epoch 193/200] Validation: val/acc1 0.9636, val/loss_ce 0.1533
[2022-02-05 14:57:03,407][INFO] [Epoch 194/200] trn/acc1 1.00e+00, trn/loss 1.21e-01, trn/loss_ce 1.52e-03, trn/loss_wd 2.39e+02, trn/lr 2.75e-04
[2022-02-05 14:57:04,332][INFO] [Epoch 194/200] Validation: val/acc1 0.9638, val/loss_ce 0.1530
[2022-02-05 14:57:43,902][INFO] [Epoch 195/200] trn/acc1 1.00e+00, trn/loss 1.21e-01, trn/loss_ce 1.50e-03, trn/loss_wd 2.38e+02, trn/lr 1.97e-04
[2022-02-05 14:57:44,828][INFO] [Epoch 195/200] Validation: val/acc1 0.9630, val/loss_ce 0.1528
[2022-02-05 14:58:24,936][INFO] [Epoch 196/200] trn/acc1 1.00e+00, trn/loss 1.21e-01, trn/loss_ce 1.44e-03, trn/loss_wd 2.38e+02, trn/lr 1.32e-04
[2022-02-05 14:58:25,866][INFO] [Epoch 196/200] Validation: val/acc1 0.9636, val/loss_ce 0.1517
[2022-02-05 14:59:12,937][INFO] [Epoch 197/200] trn/acc1 1.00e+00, trn/loss 1.21e-01, trn/loss_ce 1.47e-03, trn/loss_wd 2.38e+02, trn/lr 8.01e-05
[2022-02-05 14:59:13,865][INFO] [Epoch 197/200] Validation: val/acc1 0.9636, val/loss_ce 0.1538
[2022-02-05 14:59:53,416][INFO] [Epoch 198/200] trn/acc1 1.00e+00, trn/loss 1.21e-01, trn/loss_ce 1.56e-03, trn/loss_wd 2.38e+02, trn/lr 4.11e-05
[2022-02-05 14:59:54,338][INFO] [Epoch 198/200] Validation: val/acc1 0.9636, val/loss_ce 0.1523
[2022-02-05 15:00:34,113][INFO] [Epoch 199/200] trn/acc1 1.00e+00, trn/loss 1.21e-01, trn/loss_ce 1.45e-03, trn/loss_wd 2.38e+02, trn/lr 1.52e-05
[2022-02-05 15:00:35,041][INFO] [Epoch 199/200] Validation: val/acc1 0.9636, val/loss_ce 0.1532
[2022-02-05 15:01:14,680][INFO] [Epoch 200/200] trn/acc1 1.00e+00, trn/loss 1.21e-01, trn/loss_ce 1.48e-03, trn/loss_wd 2.38e+02, trn/lr 2.17e-06
[2022-02-05 15:01:15,611][INFO] [Epoch 200/200] Validation: val/acc1 0.9638, val/loss_ce 0.1535
