[2022-03-20 10:28:58,411][INFO] Environments:
------------  ---------------------------------------------------------------------------
sys.platform  linux
Python        3.7.11 (default, Nov 23 2021, 05:29:02) [GCC 7.5.0]
JAX           0.2.27 @/mnt/data1/giung/venvs/jax0.2.27/lib/python3.7/site-packages/jax
jaxlib        0.1.75 @/mnt/data1/giung/venvs/jax0.2.27/lib/python3.7/site-packages/jaxlib
Flax          0.4.0 @/mnt/data1/giung/venvs/jax0.2.27/lib/python3.7/site-packages/flax
Optax         0.1.0 @/mnt/data1/giung/venvs/jax0.2.27/lib/python3.7/site-packages/optax
------------  ---------------------------------------------------------------------------

[2022-03-20 10:28:58,411][INFO] Command line arguments:
Namespace(batch_size=128, config_file='./configs/C10_VGG13-BN-ReLU.yaml', keep_every_n_checkpoints=None, learning_rate=0.1, num_epochs=200, num_warmup_epochs=5, opts=['DATASETS.ROOT', '/home/vessl/datasets/'], output_dir='/home/vessl/Baseline-CIFAR/outputs/C10_VGG13-BN-ReLU/SGD/s42_e200_wd5e-4_lr1e-1/', seed=42, weight_decay=0.0005)

[2022-03-20 10:28:58,411][INFO] Using a random seed 42

[2022-03-20 10:28:58,471][INFO] Unable to initialize backend 'tpu_driver': NOT_FOUND: Unable to find driver in registry given worker: 
[2022-03-20 10:28:58,677][INFO] Unable to initialize backend 'tpu': INVALID_ARGUMENT: TpuPlatform is not available.
[2022-03-20 10:29:02,609][INFO] Found no checkpoint files in /home/vessl/Baseline-CIFAR/outputs/C10_VGG13-BN-ReLU/SGD/s42_e200_wd5e-4_lr1e-1
[2022-03-20 10:29:16,103][INFO] [Epoch   1/200] trn/acc1 4.30e-01, trn/loss 3.82e+00, trn/loss_ce 1.63e+00, trn/loss_wd 4.39e+03, trn/lr 9.97e-03
[2022-03-20 10:29:17,566][INFO] [Epoch   1/200] Validation: val/acc1 0.5482, val/loss_ce 1.3326
[2022-03-20 10:29:21,597][INFO] [Epoch   2/200] trn/acc1 6.43e-01, trn/loss 3.09e+00, trn/loss_ce 1.02e+00, trn/loss_wd 4.14e+03, trn/lr 3.00e-02
[2022-03-20 10:29:25,403][INFO] [Epoch   3/200] trn/acc1 7.27e-01, trn/loss 2.63e+00, trn/loss_ce 7.89e-01, trn/loss_wd 3.69e+03, trn/lr 5.00e-02
[2022-03-20 10:29:29,204][INFO] [Epoch   4/200] trn/acc1 7.67e-01, trn/loss 2.24e+00, trn/loss_ce 6.79e-01, trn/loss_wd 3.12e+03, trn/lr 7.00e-02
[2022-03-20 10:29:33,007][INFO] [Epoch   5/200] trn/acc1 7.89e-01, trn/loss 1.88e+00, trn/loss_ce 6.16e-01, trn/loss_wd 2.53e+03, trn/lr 9.00e-02
[2022-03-20 10:29:36,811][INFO] [Epoch   6/200] trn/acc1 8.08e-01, trn/loss 1.57e+00, trn/loss_ce 5.62e-01, trn/loss_wd 2.02e+03, trn/lr 1.00e-01
[2022-03-20 10:29:40,609][INFO] [Epoch   7/200] trn/acc1 8.24e-01, trn/loss 1.33e+00, trn/loss_ce 5.16e-01, trn/loss_wd 1.63e+03, trn/lr 1.00e-01
[2022-03-20 10:29:44,430][INFO] [Epoch   8/200] trn/acc1 8.34e-01, trn/loss 1.18e+00, trn/loss_ce 4.92e-01, trn/loss_wd 1.37e+03, trn/lr 1.00e-01
[2022-03-20 10:29:48,237][INFO] [Epoch   9/200] trn/acc1 8.42e-01, trn/loss 1.06e+00, trn/loss_ce 4.62e-01, trn/loss_wd 1.19e+03, trn/lr 9.99e-02
[2022-03-20 10:29:52,048][INFO] [Epoch  10/200] trn/acc1 8.46e-01, trn/loss 9.91e-01, trn/loss_ce 4.51e-01, trn/loss_wd 1.08e+03, trn/lr 9.99e-02
[2022-03-20 10:29:55,872][INFO] [Epoch  11/200] trn/acc1 8.50e-01, trn/loss 9.45e-01, trn/loss_ce 4.39e-01, trn/loss_wd 1.01e+03, trn/lr 9.98e-02
[2022-03-20 10:29:59,684][INFO] [Epoch  12/200] trn/acc1 8.58e-01, trn/loss 9.04e-01, trn/loss_ce 4.21e-01, trn/loss_wd 9.65e+02, trn/lr 9.97e-02
[2022-03-20 10:30:03,504][INFO] [Epoch  13/200] trn/acc1 8.57e-01, trn/loss 8.87e-01, trn/loss_ce 4.18e-01, trn/loss_wd 9.40e+02, trn/lr 9.96e-02
[2022-03-20 10:30:07,324][INFO] [Epoch  14/200] trn/acc1 8.62e-01, trn/loss 8.76e-01, trn/loss_ce 4.11e-01, trn/loss_wd 9.31e+02, trn/lr 9.95e-02
[2022-03-20 10:30:11,135][INFO] [Epoch  15/200] trn/acc1 8.61e-01, trn/loss 8.68e-01, trn/loss_ce 4.05e-01, trn/loss_wd 9.26e+02, trn/lr 9.94e-02
[2022-03-20 10:30:14,956][INFO] [Epoch  16/200] trn/acc1 8.67e-01, trn/loss 8.55e-01, trn/loss_ce 3.92e-01, trn/loss_wd 9.24e+02, trn/lr 9.93e-02
[2022-03-20 10:30:18,792][INFO] [Epoch  17/200] trn/acc1 8.66e-01, trn/loss 8.62e-01, trn/loss_ce 3.97e-01, trn/loss_wd 9.29e+02, trn/lr 9.91e-02
[2022-03-20 10:30:22,620][INFO] [Epoch  18/200] trn/acc1 8.70e-01, trn/loss 8.48e-01, trn/loss_ce 3.83e-01, trn/loss_wd 9.30e+02, trn/lr 9.90e-02
[2022-03-20 10:30:26,455][INFO] [Epoch  19/200] trn/acc1 8.70e-01, trn/loss 8.51e-01, trn/loss_ce 3.83e-01, trn/loss_wd 9.36e+02, trn/lr 9.88e-02
[2022-03-20 10:30:30,292][INFO] [Epoch  20/200] trn/acc1 8.73e-01, trn/loss 8.46e-01, trn/loss_ce 3.76e-01, trn/loss_wd 9.40e+02, trn/lr 9.86e-02
[2022-03-20 10:30:30,393][INFO] [Epoch  20/200] Validation: val/acc1 0.8282, val/loss_ce 0.5167
[2022-03-20 10:30:34,565][INFO] [Epoch  21/200] trn/acc1 8.73e-01, trn/loss 8.45e-01, trn/loss_ce 3.71e-01, trn/loss_wd 9.47e+02, trn/lr 9.84e-02
[2022-03-20 10:30:38,381][INFO] [Epoch  22/200] trn/acc1 8.76e-01, trn/loss 8.41e-01, trn/loss_ce 3.67e-01, trn/loss_wd 9.49e+02, trn/lr 9.82e-02
[2022-03-20 10:30:42,206][INFO] [Epoch  23/200] trn/acc1 8.76e-01, trn/loss 8.41e-01, trn/loss_ce 3.64e-01, trn/loss_wd 9.55e+02, trn/lr 9.80e-02
[2022-03-20 10:30:46,048][INFO] [Epoch  24/200] trn/acc1 8.78e-01, trn/loss 8.41e-01, trn/loss_ce 3.62e-01, trn/loss_wd 9.59e+02, trn/lr 9.78e-02
[2022-03-20 10:30:49,902][INFO] [Epoch  25/200] trn/acc1 8.76e-01, trn/loss 8.43e-01, trn/loss_ce 3.63e-01, trn/loss_wd 9.59e+02, trn/lr 9.76e-02
[2022-03-20 10:30:53,735][INFO] [Epoch  26/200] trn/acc1 8.79e-01, trn/loss 8.37e-01, trn/loss_ce 3.57e-01, trn/loss_wd 9.59e+02, trn/lr 9.73e-02
[2022-03-20 10:30:57,572][INFO] [Epoch  27/200] trn/acc1 8.81e-01, trn/loss 8.32e-01, trn/loss_ce 3.51e-01, trn/loss_wd 9.61e+02, trn/lr 9.70e-02
[2022-03-20 10:31:01,403][INFO] [Epoch  28/200] trn/acc1 8.79e-01, trn/loss 8.36e-01, trn/loss_ce 3.54e-01, trn/loss_wd 9.64e+02, trn/lr 9.68e-02
[2022-03-20 10:31:05,420][INFO] [Epoch  29/200] trn/acc1 8.79e-01, trn/loss 8.38e-01, trn/loss_ce 3.52e-01, trn/loss_wd 9.72e+02, trn/lr 9.65e-02
[2022-03-20 10:31:09,256][INFO] [Epoch  30/200] trn/acc1 8.83e-01, trn/loss 8.33e-01, trn/loss_ce 3.46e-01, trn/loss_wd 9.74e+02, trn/lr 9.62e-02
[2022-03-20 10:31:13,083][INFO] [Epoch  31/200] trn/acc1 8.84e-01, trn/loss 8.31e-01, trn/loss_ce 3.43e-01, trn/loss_wd 9.76e+02, trn/lr 9.58e-02
[2022-03-20 10:31:16,928][INFO] [Epoch  32/200] trn/acc1 8.83e-01, trn/loss 8.31e-01, trn/loss_ce 3.42e-01, trn/loss_wd 9.77e+02, trn/lr 9.55e-02
[2022-03-20 10:31:20,772][INFO] [Epoch  33/200] trn/acc1 8.84e-01, trn/loss 8.32e-01, trn/loss_ce 3.44e-01, trn/loss_wd 9.77e+02, trn/lr 9.52e-02
[2022-03-20 10:31:24,607][INFO] [Epoch  34/200] trn/acc1 8.86e-01, trn/loss 8.27e-01, trn/loss_ce 3.37e-01, trn/loss_wd 9.78e+02, trn/lr 9.48e-02
[2022-03-20 10:31:28,455][INFO] [Epoch  35/200] trn/acc1 8.86e-01, trn/loss 8.26e-01, trn/loss_ce 3.36e-01, trn/loss_wd 9.79e+02, trn/lr 9.45e-02
[2022-03-20 10:31:32,292][INFO] [Epoch  36/200] trn/acc1 8.84e-01, trn/loss 8.32e-01, trn/loss_ce 3.38e-01, trn/loss_wd 9.86e+02, trn/lr 9.41e-02
[2022-03-20 10:31:36,135][INFO] [Epoch  37/200] trn/acc1 8.88e-01, trn/loss 8.22e-01, trn/loss_ce 3.29e-01, trn/loss_wd 9.86e+02, trn/lr 9.37e-02
[2022-03-20 10:31:39,969][INFO] [Epoch  38/200] trn/acc1 8.87e-01, trn/loss 8.27e-01, trn/loss_ce 3.31e-01, trn/loss_wd 9.92e+02, trn/lr 9.33e-02
[2022-03-20 10:31:43,814][INFO] [Epoch  39/200] trn/acc1 8.91e-01, trn/loss 8.14e-01, trn/loss_ce 3.20e-01, trn/loss_wd 9.88e+02, trn/lr 9.29e-02
[2022-03-20 10:31:47,667][INFO] [Epoch  40/200] trn/acc1 8.89e-01, trn/loss 8.18e-01, trn/loss_ce 3.25e-01, trn/loss_wd 9.87e+02, trn/lr 9.25e-02
[2022-03-20 10:31:47,770][INFO] [Epoch  40/200] Validation: val/acc1 0.8150, val/loss_ce 0.5678
[2022-03-20 10:31:51,769][INFO] [Epoch  41/200] trn/acc1 8.89e-01, trn/loss 8.19e-01, trn/loss_ce 3.26e-01, trn/loss_wd 9.87e+02, trn/lr 9.20e-02
[2022-03-20 10:31:55,617][INFO] [Epoch  42/200] trn/acc1 8.89e-01, trn/loss 8.23e-01, trn/loss_ce 3.27e-01, trn/loss_wd 9.92e+02, trn/lr 9.16e-02
[2022-03-20 10:31:59,465][INFO] [Epoch  43/200] trn/acc1 8.93e-01, trn/loss 8.09e-01, trn/loss_ce 3.15e-01, trn/loss_wd 9.87e+02, trn/lr 9.11e-02
[2022-03-20 10:32:03,315][INFO] [Epoch  44/200] trn/acc1 8.93e-01, trn/loss 8.10e-01, trn/loss_ce 3.17e-01, trn/loss_wd 9.86e+02, trn/lr 9.07e-02
[2022-03-20 10:32:07,163][INFO] [Epoch  45/200] trn/acc1 8.92e-01, trn/loss 8.14e-01, trn/loss_ce 3.21e-01, trn/loss_wd 9.86e+02, trn/lr 9.02e-02
[2022-03-20 10:32:11,012][INFO] [Epoch  46/200] trn/acc1 8.93e-01, trn/loss 8.10e-01, trn/loss_ce 3.17e-01, trn/loss_wd 9.86e+02, trn/lr 8.97e-02
[2022-03-20 10:32:14,854][INFO] [Epoch  47/200] trn/acc1 8.92e-01, trn/loss 8.09e-01, trn/loss_ce 3.17e-01, trn/loss_wd 9.85e+02, trn/lr 8.92e-02
[2022-03-20 10:32:18,696][INFO] [Epoch  48/200] trn/acc1 8.93e-01, trn/loss 8.07e-01, trn/loss_ce 3.16e-01, trn/loss_wd 9.82e+02, trn/lr 8.87e-02
[2022-03-20 10:32:22,529][INFO] [Epoch  49/200] trn/acc1 8.94e-01, trn/loss 8.02e-01, trn/loss_ce 3.09e-01, trn/loss_wd 9.86e+02, trn/lr 8.82e-02
[2022-03-20 10:32:26,368][INFO] [Epoch  50/200] trn/acc1 8.96e-01, trn/loss 8.00e-01, trn/loss_ce 3.08e-01, trn/loss_wd 9.85e+02, trn/lr 8.77e-02
[2022-03-20 10:32:30,213][INFO] [Epoch  51/200] trn/acc1 8.95e-01, trn/loss 7.97e-01, trn/loss_ce 3.07e-01, trn/loss_wd 9.80e+02, trn/lr 8.72e-02
[2022-03-20 10:32:34,045][INFO] [Epoch  52/200] trn/acc1 8.96e-01, trn/loss 7.93e-01, trn/loss_ce 3.03e-01, trn/loss_wd 9.81e+02, trn/lr 8.66e-02
[2022-03-20 10:32:37,879][INFO] [Epoch  53/200] trn/acc1 8.99e-01, trn/loss 7.88e-01, trn/loss_ce 3.01e-01, trn/loss_wd 9.75e+02, trn/lr 8.61e-02
[2022-03-20 10:32:41,700][INFO] [Epoch  54/200] trn/acc1 8.97e-01, trn/loss 7.93e-01, trn/loss_ce 3.06e-01, trn/loss_wd 9.75e+02, trn/lr 8.55e-02
[2022-03-20 10:32:45,683][INFO] [Epoch  55/200] trn/acc1 8.97e-01, trn/loss 7.88e-01, trn/loss_ce 2.99e-01, trn/loss_wd 9.78e+02, trn/lr 8.49e-02
[2022-03-20 10:32:49,535][INFO] [Epoch  56/200] trn/acc1 9.00e-01, trn/loss 7.86e-01, trn/loss_ce 3.00e-01, trn/loss_wd 9.72e+02, trn/lr 8.43e-02
[2022-03-20 10:32:53,383][INFO] [Epoch  57/200] trn/acc1 8.99e-01, trn/loss 7.82e-01, trn/loss_ce 2.97e-01, trn/loss_wd 9.71e+02, trn/lr 8.38e-02
[2022-03-20 10:32:57,229][INFO] [Epoch  58/200] trn/acc1 8.98e-01, trn/loss 7.84e-01, trn/loss_ce 2.97e-01, trn/loss_wd 9.73e+02, trn/lr 8.32e-02
[2022-03-20 10:33:01,075][INFO] [Epoch  59/200] trn/acc1 9.01e-01, trn/loss 7.80e-01, trn/loss_ce 2.93e-01, trn/loss_wd 9.76e+02, trn/lr 8.25e-02
[2022-03-20 10:33:04,928][INFO] [Epoch  60/200] trn/acc1 9.04e-01, trn/loss 7.72e-01, trn/loss_ce 2.86e-01, trn/loss_wd 9.72e+02, trn/lr 8.19e-02
[2022-03-20 10:33:05,029][INFO] [Epoch  60/200] Validation: val/acc1 0.8534, val/loss_ce 0.4374
[2022-03-20 10:33:09,210][INFO] [Epoch  61/200] trn/acc1 9.02e-01, trn/loss 7.74e-01, trn/loss_ce 2.87e-01, trn/loss_wd 9.74e+02, trn/lr 8.13e-02
[2022-03-20 10:33:13,046][INFO] [Epoch  62/200] trn/acc1 9.02e-01, trn/loss 7.74e-01, trn/loss_ce 2.89e-01, trn/loss_wd 9.71e+02, trn/lr 8.07e-02
[2022-03-20 10:33:16,888][INFO] [Epoch  63/200] trn/acc1 9.02e-01, trn/loss 7.73e-01, trn/loss_ce 2.88e-01, trn/loss_wd 9.69e+02, trn/lr 8.00e-02
[2022-03-20 10:33:20,726][INFO] [Epoch  64/200] trn/acc1 9.04e-01, trn/loss 7.65e-01, trn/loss_ce 2.80e-01, trn/loss_wd 9.70e+02, trn/lr 7.94e-02
[2022-03-20 10:33:24,552][INFO] [Epoch  65/200] trn/acc1 9.05e-01, trn/loss 7.66e-01, trn/loss_ce 2.80e-01, trn/loss_wd 9.71e+02, trn/lr 7.87e-02
[2022-03-20 10:33:28,412][INFO] [Epoch  66/200] trn/acc1 9.06e-01, trn/loss 7.64e-01, trn/loss_ce 2.80e-01, trn/loss_wd 9.69e+02, trn/lr 7.81e-02
[2022-03-20 10:33:32,240][INFO] [Epoch  67/200] trn/acc1 9.05e-01, trn/loss 7.61e-01, trn/loss_ce 2.78e-01, trn/loss_wd 9.66e+02, trn/lr 7.74e-02
[2022-03-20 10:33:36,085][INFO] [Epoch  68/200] trn/acc1 9.07e-01, trn/loss 7.55e-01, trn/loss_ce 2.73e-01, trn/loss_wd 9.63e+02, trn/lr 7.67e-02
[2022-03-20 10:33:39,923][INFO] [Epoch  69/200] trn/acc1 9.06e-01, trn/loss 7.56e-01, trn/loss_ce 2.74e-01, trn/loss_wd 9.63e+02, trn/lr 7.60e-02
[2022-03-20 10:33:43,758][INFO] [Epoch  70/200] trn/acc1 9.08e-01, trn/loss 7.52e-01, trn/loss_ce 2.72e-01, trn/loss_wd 9.60e+02, trn/lr 7.53e-02
[2022-03-20 10:33:47,582][INFO] [Epoch  71/200] trn/acc1 9.11e-01, trn/loss 7.49e-01, trn/loss_ce 2.71e-01, trn/loss_wd 9.56e+02, trn/lr 7.47e-02
[2022-03-20 10:33:51,404][INFO] [Epoch  72/200] trn/acc1 9.11e-01, trn/loss 7.45e-01, trn/loss_ce 2.67e-01, trn/loss_wd 9.56e+02, trn/lr 7.39e-02
[2022-03-20 10:33:55,245][INFO] [Epoch  73/200] trn/acc1 9.09e-01, trn/loss 7.47e-01, trn/loss_ce 2.69e-01, trn/loss_wd 9.56e+02, trn/lr 7.32e-02
[2022-03-20 10:33:59,064][INFO] [Epoch  74/200] trn/acc1 9.09e-01, trn/loss 7.41e-01, trn/loss_ce 2.64e-01, trn/loss_wd 9.55e+02, trn/lr 7.25e-02
[2022-03-20 10:34:02,890][INFO] [Epoch  75/200] trn/acc1 9.14e-01, trn/loss 7.33e-01, trn/loss_ce 2.59e-01, trn/loss_wd 9.49e+02, trn/lr 7.18e-02
[2022-03-20 10:34:06,741][INFO] [Epoch  76/200] trn/acc1 9.12e-01, trn/loss 7.34e-01, trn/loss_ce 2.61e-01, trn/loss_wd 9.46e+02, trn/lr 7.11e-02
[2022-03-20 10:34:10,585][INFO] [Epoch  77/200] trn/acc1 9.13e-01, trn/loss 7.31e-01, trn/loss_ce 2.58e-01, trn/loss_wd 9.46e+02, trn/lr 7.03e-02
[2022-03-20 10:34:14,440][INFO] [Epoch  78/200] trn/acc1 9.11e-01, trn/loss 7.31e-01, trn/loss_ce 2.59e-01, trn/loss_wd 9.43e+02, trn/lr 6.96e-02
[2022-03-20 10:34:18,263][INFO] [Epoch  79/200] trn/acc1 9.14e-01, trn/loss 7.20e-01, trn/loss_ce 2.50e-01, trn/loss_wd 9.39e+02, trn/lr 6.89e-02
[2022-03-20 10:34:22,102][INFO] [Epoch  80/200] trn/acc1 9.16e-01, trn/loss 7.18e-01, trn/loss_ce 2.50e-01, trn/loss_wd 9.36e+02, trn/lr 6.81e-02
[2022-03-20 10:34:22,203][INFO] [Epoch  80/200] Validation: val/acc1 0.8708, val/loss_ce 0.4041
[2022-03-20 10:34:26,308][INFO] [Epoch  81/200] trn/acc1 9.15e-01, trn/loss 7.17e-01, trn/loss_ce 2.49e-01, trn/loss_wd 9.35e+02, trn/lr 6.74e-02
[2022-03-20 10:34:30,136][INFO] [Epoch  82/200] trn/acc1 9.16e-01, trn/loss 7.14e-01, trn/loss_ce 2.47e-01, trn/loss_wd 9.35e+02, trn/lr 6.66e-02
[2022-03-20 10:34:34,054][INFO] [Epoch  83/200] trn/acc1 9.18e-01, trn/loss 7.06e-01, trn/loss_ce 2.42e-01, trn/loss_wd 9.28e+02, trn/lr 6.58e-02
[2022-03-20 10:34:37,871][INFO] [Epoch  84/200] trn/acc1 9.17e-01, trn/loss 7.06e-01, trn/loss_ce 2.44e-01, trn/loss_wd 9.23e+02, trn/lr 6.51e-02
[2022-03-20 10:34:41,701][INFO] [Epoch  85/200] trn/acc1 9.17e-01, trn/loss 7.03e-01, trn/loss_ce 2.41e-01, trn/loss_wd 9.24e+02, trn/lr 6.43e-02
[2022-03-20 10:34:45,543][INFO] [Epoch  86/200] trn/acc1 9.18e-01, trn/loss 6.99e-01, trn/loss_ce 2.38e-01, trn/loss_wd 9.22e+02, trn/lr 6.35e-02
[2022-03-20 10:34:49,378][INFO] [Epoch  87/200] trn/acc1 9.19e-01, trn/loss 6.94e-01, trn/loss_ce 2.35e-01, trn/loss_wd 9.18e+02, trn/lr 6.27e-02
[2022-03-20 10:34:53,222][INFO] [Epoch  88/200] trn/acc1 9.19e-01, trn/loss 6.89e-01, trn/loss_ce 2.32e-01, trn/loss_wd 9.13e+02, trn/lr 6.20e-02
[2022-03-20 10:34:57,055][INFO] [Epoch  89/200] trn/acc1 9.19e-01, trn/loss 6.93e-01, trn/loss_ce 2.36e-01, trn/loss_wd 9.14e+02, trn/lr 6.12e-02
[2022-03-20 10:35:00,892][INFO] [Epoch  90/200] trn/acc1 9.21e-01, trn/loss 6.83e-01, trn/loss_ce 2.27e-01, trn/loss_wd 9.11e+02, trn/lr 6.04e-02
[2022-03-20 10:35:04,737][INFO] [Epoch  91/200] trn/acc1 9.23e-01, trn/loss 6.82e-01, trn/loss_ce 2.27e-01, trn/loss_wd 9.09e+02, trn/lr 5.96e-02
[2022-03-20 10:35:08,573][INFO] [Epoch  92/200] trn/acc1 9.24e-01, trn/loss 6.74e-01, trn/loss_ce 2.22e-01, trn/loss_wd 9.03e+02, trn/lr 5.88e-02
[2022-03-20 10:35:12,412][INFO] [Epoch  93/200] trn/acc1 9.25e-01, trn/loss 6.68e-01, trn/loss_ce 2.19e-01, trn/loss_wd 8.98e+02, trn/lr 5.80e-02
[2022-03-20 10:35:16,230][INFO] [Epoch  94/200] trn/acc1 9.26e-01, trn/loss 6.62e-01, trn/loss_ce 2.16e-01, trn/loss_wd 8.93e+02, trn/lr 5.72e-02
[2022-03-20 10:35:20,059][INFO] [Epoch  95/200] trn/acc1 9.26e-01, trn/loss 6.60e-01, trn/loss_ce 2.15e-01, trn/loss_wd 8.89e+02, trn/lr 5.64e-02
[2022-03-20 10:35:23,890][INFO] [Epoch  96/200] trn/acc1 9.25e-01, trn/loss 6.60e-01, trn/loss_ce 2.16e-01, trn/loss_wd 8.90e+02, trn/lr 5.56e-02
[2022-03-20 10:35:27,722][INFO] [Epoch  97/200] trn/acc1 9.28e-01, trn/loss 6.55e-01, trn/loss_ce 2.11e-01, trn/loss_wd 8.90e+02, trn/lr 5.48e-02
[2022-03-20 10:35:31,557][INFO] [Epoch  98/200] trn/acc1 9.30e-01, trn/loss 6.47e-01, trn/loss_ce 2.06e-01, trn/loss_wd 8.82e+02, trn/lr 5.40e-02
[2022-03-20 10:35:35,383][INFO] [Epoch  99/200] trn/acc1 9.32e-01, trn/loss 6.40e-01, trn/loss_ce 2.02e-01, trn/loss_wd 8.76e+02, trn/lr 5.32e-02
[2022-03-20 10:35:39,220][INFO] [Epoch 100/200] trn/acc1 9.30e-01, trn/loss 6.38e-01, trn/loss_ce 2.02e-01, trn/loss_wd 8.73e+02, trn/lr 5.24e-02
[2022-03-20 10:35:39,321][INFO] [Epoch 100/200] Validation: val/acc1 0.8816, val/loss_ce 0.3571
[2022-03-20 10:35:43,449][INFO] [Epoch 101/200] trn/acc1 9.30e-01, trn/loss 6.38e-01, trn/loss_ce 2.04e-01, trn/loss_wd 8.69e+02, trn/lr 5.16e-02
[2022-03-20 10:35:47,263][INFO] [Epoch 102/200] trn/acc1 9.32e-01, trn/loss 6.30e-01, trn/loss_ce 1.99e-01, trn/loss_wd 8.63e+02, trn/lr 5.08e-02
[2022-03-20 10:35:51,074][INFO] [Epoch 103/200] trn/acc1 9.33e-01, trn/loss 6.24e-01, trn/loss_ce 1.94e-01, trn/loss_wd 8.60e+02, trn/lr 5.00e-02
[2022-03-20 10:35:54,885][INFO] [Epoch 104/200] trn/acc1 9.32e-01, trn/loss 6.25e-01, trn/loss_ce 1.95e-01, trn/loss_wd 8.59e+02, trn/lr 4.92e-02
[2022-03-20 10:35:58,711][INFO] [Epoch 105/200] trn/acc1 9.34e-01, trn/loss 6.20e-01, trn/loss_ce 1.92e-01, trn/loss_wd 8.56e+02, trn/lr 4.84e-02
[2022-03-20 10:36:02,534][INFO] [Epoch 106/200] trn/acc1 9.35e-01, trn/loss 6.14e-01, trn/loss_ce 1.88e-01, trn/loss_wd 8.51e+02, trn/lr 4.76e-02
[2022-03-20 10:36:06,359][INFO] [Epoch 107/200] trn/acc1 9.37e-01, trn/loss 6.06e-01, trn/loss_ce 1.82e-01, trn/loss_wd 8.47e+02, trn/lr 4.68e-02
[2022-03-20 10:36:10,174][INFO] [Epoch 108/200] trn/acc1 9.39e-01, trn/loss 6.02e-01, trn/loss_ce 1.80e-01, trn/loss_wd 8.44e+02, trn/lr 4.60e-02
[2022-03-20 10:36:13,985][INFO] [Epoch 109/200] trn/acc1 9.39e-01, trn/loss 5.98e-01, trn/loss_ce 1.79e-01, trn/loss_wd 8.39e+02, trn/lr 4.52e-02
[2022-03-20 10:36:17,802][INFO] [Epoch 110/200] trn/acc1 9.40e-01, trn/loss 5.93e-01, trn/loss_ce 1.77e-01, trn/loss_wd 8.33e+02, trn/lr 4.44e-02
[2022-03-20 10:36:21,716][INFO] [Epoch 111/200] trn/acc1 9.40e-01, trn/loss 5.92e-01, trn/loss_ce 1.77e-01, trn/loss_wd 8.30e+02, trn/lr 4.36e-02
[2022-03-20 10:36:25,535][INFO] [Epoch 112/200] trn/acc1 9.42e-01, trn/loss 5.81e-01, trn/loss_ce 1.68e-01, trn/loss_wd 8.25e+02, trn/lr 4.28e-02
[2022-03-20 10:36:29,360][INFO] [Epoch 113/200] trn/acc1 9.44e-01, trn/loss 5.72e-01, trn/loss_ce 1.64e-01, trn/loss_wd 8.16e+02, trn/lr 4.20e-02
[2022-03-20 10:36:33,170][INFO] [Epoch 114/200] trn/acc1 9.44e-01, trn/loss 5.68e-01, trn/loss_ce 1.62e-01, trn/loss_wd 8.12e+02, trn/lr 4.12e-02
[2022-03-20 10:36:36,995][INFO] [Epoch 115/200] trn/acc1 9.46e-01, trn/loss 5.61e-01, trn/loss_ce 1.58e-01, trn/loss_wd 8.05e+02, trn/lr 4.04e-02
[2022-03-20 10:36:40,816][INFO] [Epoch 116/200] trn/acc1 9.44e-01, trn/loss 5.61e-01, trn/loss_ce 1.62e-01, trn/loss_wd 7.98e+02, trn/lr 3.96e-02
[2022-03-20 10:36:44,645][INFO] [Epoch 117/200] trn/acc1 9.48e-01, trn/loss 5.48e-01, trn/loss_ce 1.51e-01, trn/loss_wd 7.94e+02, trn/lr 3.88e-02
[2022-03-20 10:36:48,457][INFO] [Epoch 118/200] trn/acc1 9.47e-01, trn/loss 5.50e-01, trn/loss_ce 1.55e-01, trn/loss_wd 7.89e+02, trn/lr 3.80e-02
[2022-03-20 10:36:52,285][INFO] [Epoch 119/200] trn/acc1 9.47e-01, trn/loss 5.47e-01, trn/loss_ce 1.54e-01, trn/loss_wd 7.86e+02, trn/lr 3.73e-02
[2022-03-20 10:36:56,107][INFO] [Epoch 120/200] trn/acc1 9.51e-01, trn/loss 5.33e-01, trn/loss_ce 1.42e-01, trn/loss_wd 7.81e+02, trn/lr 3.65e-02
[2022-03-20 10:36:56,208][INFO] [Epoch 120/200] Validation: val/acc1 0.8718, val/loss_ce 0.4192
[2022-03-20 10:37:00,162][INFO] [Epoch 121/200] trn/acc1 9.50e-01, trn/loss 5.33e-01, trn/loss_ce 1.45e-01, trn/loss_wd 7.76e+02, trn/lr 3.57e-02
[2022-03-20 10:37:03,979][INFO] [Epoch 122/200] trn/acc1 9.52e-01, trn/loss 5.24e-01, trn/loss_ce 1.40e-01, trn/loss_wd 7.69e+02, trn/lr 3.49e-02
[2022-03-20 10:37:07,799][INFO] [Epoch 123/200] trn/acc1 9.52e-01, trn/loss 5.18e-01, trn/loss_ce 1.37e-01, trn/loss_wd 7.63e+02, trn/lr 3.42e-02
[2022-03-20 10:37:11,624][INFO] [Epoch 124/200] trn/acc1 9.52e-01, trn/loss 5.16e-01, trn/loss_ce 1.37e-01, trn/loss_wd 7.58e+02, trn/lr 3.34e-02
[2022-03-20 10:37:15,439][INFO] [Epoch 125/200] trn/acc1 9.55e-01, trn/loss 5.06e-01, trn/loss_ce 1.31e-01, trn/loss_wd 7.50e+02, trn/lr 3.26e-02
[2022-03-20 10:37:19,264][INFO] [Epoch 126/200] trn/acc1 9.58e-01, trn/loss 4.97e-01, trn/loss_ce 1.25e-01, trn/loss_wd 7.44e+02, trn/lr 3.19e-02
[2022-03-20 10:37:23,087][INFO] [Epoch 127/200] trn/acc1 9.56e-01, trn/loss 4.97e-01, trn/loss_ce 1.30e-01, trn/loss_wd 7.36e+02, trn/lr 3.11e-02
[2022-03-20 10:37:26,902][INFO] [Epoch 128/200] trn/acc1 9.58e-01, trn/loss 4.88e-01, trn/loss_ce 1.22e-01, trn/loss_wd 7.31e+02, trn/lr 3.04e-02
[2022-03-20 10:37:30,727][INFO] [Epoch 129/200] trn/acc1 9.60e-01, trn/loss 4.81e-01, trn/loss_ce 1.19e-01, trn/loss_wd 7.24e+02, trn/lr 2.97e-02
[2022-03-20 10:37:34,538][INFO] [Epoch 130/200] trn/acc1 9.60e-01, trn/loss 4.74e-01, trn/loss_ce 1.15e-01, trn/loss_wd 7.18e+02, trn/lr 2.89e-02
[2022-03-20 10:37:38,368][INFO] [Epoch 131/200] trn/acc1 9.62e-01, trn/loss 4.67e-01, trn/loss_ce 1.12e-01, trn/loss_wd 7.10e+02, trn/lr 2.82e-02
[2022-03-20 10:37:42,188][INFO] [Epoch 132/200] trn/acc1 9.63e-01, trn/loss 4.63e-01, trn/loss_ce 1.12e-01, trn/loss_wd 7.02e+02, trn/lr 2.75e-02
[2022-03-20 10:37:46,010][INFO] [Epoch 133/200] trn/acc1 9.63e-01, trn/loss 4.53e-01, trn/loss_ce 1.06e-01, trn/loss_wd 6.96e+02, trn/lr 2.68e-02
[2022-03-20 10:37:49,839][INFO] [Epoch 134/200] trn/acc1 9.64e-01, trn/loss 4.49e-01, trn/loss_ce 1.05e-01, trn/loss_wd 6.89e+02, trn/lr 2.61e-02
[2022-03-20 10:37:53,652][INFO] [Epoch 135/200] trn/acc1 9.64e-01, trn/loss 4.42e-01, trn/loss_ce 1.01e-01, trn/loss_wd 6.82e+02, trn/lr 2.54e-02
[2022-03-20 10:37:57,478][INFO] [Epoch 136/200] trn/acc1 9.68e-01, trn/loss 4.32e-01, trn/loss_ce 9.44e-02, trn/loss_wd 6.74e+02, trn/lr 2.47e-02
[2022-03-20 10:38:01,303][INFO] [Epoch 137/200] trn/acc1 9.67e-01, trn/loss 4.29e-01, trn/loss_ce 9.57e-02, trn/loss_wd 6.67e+02, trn/lr 2.40e-02
[2022-03-20 10:38:05,119][INFO] [Epoch 138/200] trn/acc1 9.69e-01, trn/loss 4.22e-01, trn/loss_ce 9.20e-02, trn/loss_wd 6.60e+02, trn/lr 2.33e-02
[2022-03-20 10:38:09,034][INFO] [Epoch 139/200] trn/acc1 9.71e-01, trn/loss 4.10e-01, trn/loss_ce 8.49e-02, trn/loss_wd 6.50e+02, trn/lr 2.26e-02
[2022-03-20 10:38:12,848][INFO] [Epoch 140/200] trn/acc1 9.72e-01, trn/loss 4.02e-01, trn/loss_ce 8.18e-02, trn/loss_wd 6.41e+02, trn/lr 2.19e-02
[2022-03-20 10:38:12,949][INFO] [Epoch 140/200] Validation: val/acc1 0.9024, val/loss_ce 0.3254
[2022-03-20 10:38:17,086][INFO] [Epoch 141/200] trn/acc1 9.72e-01, trn/loss 3.99e-01, trn/loss_ce 8.33e-02, trn/loss_wd 6.32e+02, trn/lr 2.13e-02
[2022-03-20 10:38:20,911][INFO] [Epoch 142/200] trn/acc1 9.73e-01, trn/loss 3.91e-01, trn/loss_ce 7.91e-02, trn/loss_wd 6.24e+02, trn/lr 2.06e-02
[2022-03-20 10:38:24,728][INFO] [Epoch 143/200] trn/acc1 9.74e-01, trn/loss 3.84e-01, trn/loss_ce 7.59e-02, trn/loss_wd 6.16e+02, trn/lr 2.00e-02
[2022-03-20 10:38:28,540][INFO] [Epoch 144/200] trn/acc1 9.76e-01, trn/loss 3.75e-01, trn/loss_ce 7.17e-02, trn/loss_wd 6.06e+02, trn/lr 1.93e-02
[2022-03-20 10:38:32,374][INFO] [Epoch 145/200] trn/acc1 9.76e-01, trn/loss 3.69e-01, trn/loss_ce 7.04e-02, trn/loss_wd 5.98e+02, trn/lr 1.87e-02
[2022-03-20 10:38:36,197][INFO] [Epoch 146/200] trn/acc1 9.78e-01, trn/loss 3.62e-01, trn/loss_ce 6.67e-02, trn/loss_wd 5.90e+02, trn/lr 1.81e-02
[2022-03-20 10:38:40,035][INFO] [Epoch 147/200] trn/acc1 9.79e-01, trn/loss 3.52e-01, trn/loss_ce 6.18e-02, trn/loss_wd 5.81e+02, trn/lr 1.75e-02
[2022-03-20 10:38:43,859][INFO] [Epoch 148/200] trn/acc1 9.81e-01, trn/loss 3.45e-01, trn/loss_ce 5.90e-02, trn/loss_wd 5.71e+02, trn/lr 1.68e-02
[2022-03-20 10:38:47,697][INFO] [Epoch 149/200] trn/acc1 9.80e-01, trn/loss 3.39e-01, trn/loss_ce 5.74e-02, trn/loss_wd 5.63e+02, trn/lr 1.62e-02
[2022-03-20 10:38:51,535][INFO] [Epoch 150/200] trn/acc1 9.82e-01, trn/loss 3.31e-01, trn/loss_ce 5.39e-02, trn/loss_wd 5.54e+02, trn/lr 1.57e-02
[2022-03-20 10:38:55,357][INFO] [Epoch 151/200] trn/acc1 9.83e-01, trn/loss 3.23e-01, trn/loss_ce 5.07e-02, trn/loss_wd 5.44e+02, trn/lr 1.51e-02
[2022-03-20 10:38:59,181][INFO] [Epoch 152/200] trn/acc1 9.83e-01, trn/loss 3.17e-01, trn/loss_ce 4.92e-02, trn/loss_wd 5.35e+02, trn/lr 1.45e-02
[2022-03-20 10:39:03,008][INFO] [Epoch 153/200] trn/acc1 9.86e-01, trn/loss 3.05e-01, trn/loss_ce 4.19e-02, trn/loss_wd 5.25e+02, trn/lr 1.39e-02
[2022-03-20 10:39:06,848][INFO] [Epoch 154/200] trn/acc1 9.83e-01, trn/loss 3.06e-01, trn/loss_ce 4.74e-02, trn/loss_wd 5.17e+02, trn/lr 1.34e-02
[2022-03-20 10:39:10,676][INFO] [Epoch 155/200] trn/acc1 9.86e-01, trn/loss 2.94e-01, trn/loss_ce 4.00e-02, trn/loss_wd 5.08e+02, trn/lr 1.28e-02
[2022-03-20 10:39:14,515][INFO] [Epoch 156/200] trn/acc1 9.89e-01, trn/loss 2.85e-01, trn/loss_ce 3.60e-02, trn/loss_wd 4.99e+02, trn/lr 1.23e-02
[2022-03-20 10:39:18,329][INFO] [Epoch 157/200] trn/acc1 9.88e-01, trn/loss 2.82e-01, trn/loss_ce 3.70e-02, trn/loss_wd 4.90e+02, trn/lr 1.18e-02
[2022-03-20 10:39:22,151][INFO] [Epoch 158/200] trn/acc1 9.90e-01, trn/loss 2.73e-01, trn/loss_ce 3.24e-02, trn/loss_wd 4.81e+02, trn/lr 1.13e-02
[2022-03-20 10:39:25,986][INFO] [Epoch 159/200] trn/acc1 9.90e-01, trn/loss 2.68e-01, trn/loss_ce 3.17e-02, trn/loss_wd 4.73e+02, trn/lr 1.08e-02
[2022-03-20 10:39:29,822][INFO] [Epoch 160/200] trn/acc1 9.91e-01, trn/loss 2.61e-01, trn/loss_ce 2.85e-02, trn/loss_wd 4.64e+02, trn/lr 1.03e-02
[2022-03-20 10:39:29,924][INFO] [Epoch 160/200] Validation: val/acc1 0.9206, val/loss_ce 0.3022
[2022-03-20 10:39:34,055][INFO] [Epoch 161/200] trn/acc1 9.93e-01, trn/loss 2.52e-01, trn/loss_ce 2.39e-02, trn/loss_wd 4.56e+02, trn/lr 9.79e-03
[2022-03-20 10:39:37,890][INFO] [Epoch 162/200] trn/acc1 9.92e-01, trn/loss 2.47e-01, trn/loss_ce 2.39e-02, trn/loss_wd 4.47e+02, trn/lr 9.31e-03
[2022-03-20 10:39:41,716][INFO] [Epoch 163/200] trn/acc1 9.93e-01, trn/loss 2.40e-01, trn/loss_ce 2.02e-02, trn/loss_wd 4.39e+02, trn/lr 8.85e-03
[2022-03-20 10:39:45,553][INFO] [Epoch 164/200] trn/acc1 9.93e-01, trn/loss 2.35e-01, trn/loss_ce 1.99e-02, trn/loss_wd 4.31e+02, trn/lr 8.40e-03
[2022-03-20 10:39:49,375][INFO] [Epoch 165/200] trn/acc1 9.95e-01, trn/loss 2.28e-01, trn/loss_ce 1.66e-02, trn/loss_wd 4.23e+02, trn/lr 7.96e-03
[2022-03-20 10:39:53,214][INFO] [Epoch 166/200] trn/acc1 9.96e-01, trn/loss 2.21e-01, trn/loss_ce 1.37e-02, trn/loss_wd 4.15e+02, trn/lr 7.53e-03
[2022-03-20 10:39:57,145][INFO] [Epoch 167/200] trn/acc1 9.96e-01, trn/loss 2.17e-01, trn/loss_ce 1.34e-02, trn/loss_wd 4.07e+02, trn/lr 7.11e-03
[2022-03-20 10:40:00,982][INFO] [Epoch 168/200] trn/acc1 9.97e-01, trn/loss 2.11e-01, trn/loss_ce 1.09e-02, trn/loss_wd 4.00e+02, trn/lr 6.70e-03
[2022-03-20 10:40:04,827][INFO] [Epoch 169/200] trn/acc1 9.98e-01, trn/loss 2.05e-01, trn/loss_ce 8.14e-03, trn/loss_wd 3.93e+02, trn/lr 6.30e-03
[2022-03-20 10:40:08,671][INFO] [Epoch 170/200] trn/acc1 9.98e-01, trn/loss 2.02e-01, trn/loss_ce 8.44e-03, trn/loss_wd 3.86e+02, trn/lr 5.92e-03
[2022-03-20 10:40:12,505][INFO] [Epoch 171/200] trn/acc1 9.98e-01, trn/loss 1.97e-01, trn/loss_ce 6.68e-03, trn/loss_wd 3.80e+02, trn/lr 5.54e-03
[2022-03-20 10:40:16,334][INFO] [Epoch 172/200] trn/acc1 9.99e-01, trn/loss 1.92e-01, trn/loss_ce 4.63e-03, trn/loss_wd 3.74e+02, trn/lr 5.18e-03
[2022-03-20 10:40:20,147][INFO] [Epoch 173/200] trn/acc1 9.99e-01, trn/loss 1.89e-01, trn/loss_ce 4.85e-03, trn/loss_wd 3.68e+02, trn/lr 4.83e-03
[2022-03-20 10:40:23,966][INFO] [Epoch 174/200] trn/acc1 9.99e-01, trn/loss 1.86e-01, trn/loss_ce 4.96e-03, trn/loss_wd 3.63e+02, trn/lr 4.49e-03
[2022-03-20 10:40:27,791][INFO] [Epoch 175/200] trn/acc1 9.99e-01, trn/loss 1.84e-01, trn/loss_ce 4.74e-03, trn/loss_wd 3.58e+02, trn/lr 4.16e-03
[2022-03-20 10:40:31,633][INFO] [Epoch 176/200] trn/acc1 9.99e-01, trn/loss 1.80e-01, trn/loss_ce 3.66e-03, trn/loss_wd 3.53e+02, trn/lr 3.85e-03
[2022-03-20 10:40:35,465][INFO] [Epoch 177/200] trn/acc1 1.00e+00, trn/loss 1.77e-01, trn/loss_ce 2.68e-03, trn/loss_wd 3.49e+02, trn/lr 3.54e-03
[2022-03-20 10:40:39,285][INFO] [Epoch 178/200] trn/acc1 1.00e+00, trn/loss 1.75e-01, trn/loss_ce 2.69e-03, trn/loss_wd 3.45e+02, trn/lr 3.25e-03
[2022-03-20 10:40:43,105][INFO] [Epoch 179/200] trn/acc1 1.00e+00, trn/loss 1.74e-01, trn/loss_ce 2.55e-03, trn/loss_wd 3.42e+02, trn/lr 2.97e-03
[2022-03-20 10:40:46,942][INFO] [Epoch 180/200] trn/acc1 1.00e+00, trn/loss 1.72e-01, trn/loss_ce 2.15e-03, trn/loss_wd 3.39e+02, trn/lr 2.70e-03
[2022-03-20 10:40:47,042][INFO] [Epoch 180/200] Validation: val/acc1 0.9432, val/loss_ce 0.2365
[2022-03-20 10:40:51,192][INFO] [Epoch 181/200] trn/acc1 1.00e+00, trn/loss 1.70e-01, trn/loss_ce 2.17e-03, trn/loss_wd 3.36e+02, trn/lr 2.45e-03
[2022-03-20 10:40:51,294][INFO] [Epoch 181/200] Validation: val/acc1 0.9430, val/loss_ce 0.2335
[2022-03-20 10:40:55,326][INFO] [Epoch 182/200] trn/acc1 1.00e+00, trn/loss 1.69e-01, trn/loss_ce 2.17e-03, trn/loss_wd 3.33e+02, trn/lr 2.21e-03
[2022-03-20 10:40:55,427][INFO] [Epoch 182/200] Validation: val/acc1 0.9436, val/loss_ce 0.2328
[2022-03-20 10:40:59,540][INFO] [Epoch 183/200] trn/acc1 1.00e+00, trn/loss 1.67e-01, trn/loss_ce 1.94e-03, trn/loss_wd 3.31e+02, trn/lr 1.97e-03
[2022-03-20 10:40:59,641][INFO] [Epoch 183/200] Validation: val/acc1 0.9438, val/loss_ce 0.2347
[2022-03-20 10:41:03,680][INFO] [Epoch 184/200] trn/acc1 1.00e+00, trn/loss 1.67e-01, trn/loss_ce 2.03e-03, trn/loss_wd 3.29e+02, trn/lr 1.76e-03
[2022-03-20 10:41:03,784][INFO] [Epoch 184/200] Validation: val/acc1 0.9448, val/loss_ce 0.2339
[2022-03-20 10:41:07,836][INFO] [Epoch 185/200] trn/acc1 1.00e+00, trn/loss 1.65e-01, trn/loss_ce 1.58e-03, trn/loss_wd 3.27e+02, trn/lr 1.55e-03
[2022-03-20 10:41:07,937][INFO] [Epoch 185/200] Validation: val/acc1 0.9444, val/loss_ce 0.2346
[2022-03-20 10:41:11,878][INFO] [Epoch 186/200] trn/acc1 1.00e+00, trn/loss 1.64e-01, trn/loss_ce 1.46e-03, trn/loss_wd 3.26e+02, trn/lr 1.36e-03
[2022-03-20 10:41:11,978][INFO] [Epoch 186/200] Validation: val/acc1 0.9462, val/loss_ce 0.2285
[2022-03-20 10:41:16,107][INFO] [Epoch 187/200] trn/acc1 1.00e+00, trn/loss 1.64e-01, trn/loss_ce 2.01e-03, trn/loss_wd 3.24e+02, trn/lr 1.18e-03
[2022-03-20 10:41:16,208][INFO] [Epoch 187/200] Validation: val/acc1 0.9460, val/loss_ce 0.2272
[2022-03-20 10:41:20,252][INFO] [Epoch 188/200] trn/acc1 1.00e+00, trn/loss 1.63e-01, trn/loss_ce 1.45e-03, trn/loss_wd 3.23e+02, trn/lr 1.01e-03
[2022-03-20 10:41:20,353][INFO] [Epoch 188/200] Validation: val/acc1 0.9456, val/loss_ce 0.2294
[2022-03-20 10:41:24,289][INFO] [Epoch 189/200] trn/acc1 1.00e+00, trn/loss 1.63e-01, trn/loss_ce 1.64e-03, trn/loss_wd 3.22e+02, trn/lr 8.56e-04
[2022-03-20 10:41:24,389][INFO] [Epoch 189/200] Validation: val/acc1 0.9460, val/loss_ce 0.2260
[2022-03-20 10:41:28,392][INFO] [Epoch 190/200] trn/acc1 1.00e+00, trn/loss 1.62e-01, trn/loss_ce 1.49e-03, trn/loss_wd 3.21e+02, trn/lr 7.14e-04
[2022-03-20 10:41:28,493][INFO] [Epoch 190/200] Validation: val/acc1 0.9446, val/loss_ce 0.2268
[2022-03-20 10:41:32,424][INFO] [Epoch 191/200] trn/acc1 1.00e+00, trn/loss 1.62e-01, trn/loss_ce 1.38e-03, trn/loss_wd 3.21e+02, trn/lr 5.85e-04
[2022-03-20 10:41:32,524][INFO] [Epoch 191/200] Validation: val/acc1 0.9468, val/loss_ce 0.2246
[2022-03-20 10:41:36,611][INFO] [Epoch 192/200] trn/acc1 1.00e+00, trn/loss 1.61e-01, trn/loss_ce 1.39e-03, trn/loss_wd 3.20e+02, trn/lr 4.69e-04
[2022-03-20 10:41:36,711][INFO] [Epoch 192/200] Validation: val/acc1 0.9456, val/loss_ce 0.2267
[2022-03-20 10:41:40,663][INFO] [Epoch 193/200] trn/acc1 1.00e+00, trn/loss 1.61e-01, trn/loss_ce 1.36e-03, trn/loss_wd 3.20e+02, trn/lr 3.65e-04
[2022-03-20 10:41:40,762][INFO] [Epoch 193/200] Validation: val/acc1 0.9462, val/loss_ce 0.2225
[2022-03-20 10:41:44,771][INFO] [Epoch 194/200] trn/acc1 1.00e+00, trn/loss 1.61e-01, trn/loss_ce 1.48e-03, trn/loss_wd 3.19e+02, trn/lr 2.75e-04
[2022-03-20 10:41:44,872][INFO] [Epoch 194/200] Validation: val/acc1 0.9458, val/loss_ce 0.2245
[2022-03-20 10:41:48,892][INFO] [Epoch 195/200] trn/acc1 1.00e+00, trn/loss 1.61e-01, trn/loss_ce 1.43e-03, trn/loss_wd 3.19e+02, trn/lr 1.97e-04
[2022-03-20 10:41:48,992][INFO] [Epoch 195/200] Validation: val/acc1 0.9464, val/loss_ce 0.2213
[2022-03-20 10:41:53,007][INFO] [Epoch 196/200] trn/acc1 1.00e+00, trn/loss 1.61e-01, trn/loss_ce 1.31e-03, trn/loss_wd 3.19e+02, trn/lr 1.32e-04
[2022-03-20 10:41:53,108][INFO] [Epoch 196/200] Validation: val/acc1 0.9460, val/loss_ce 0.2222
[2022-03-20 10:41:57,031][INFO] [Epoch 197/200] trn/acc1 1.00e+00, trn/loss 1.61e-01, trn/loss_ce 1.48e-03, trn/loss_wd 3.19e+02, trn/lr 8.01e-05
[2022-03-20 10:41:57,131][INFO] [Epoch 197/200] Validation: val/acc1 0.9464, val/loss_ce 0.2251
[2022-03-20 10:42:01,075][INFO] [Epoch 198/200] trn/acc1 1.00e+00, trn/loss 1.61e-01, trn/loss_ce 1.37e-03, trn/loss_wd 3.19e+02, trn/lr 4.11e-05
[2022-03-20 10:42:01,176][INFO] [Epoch 198/200] Validation: val/acc1 0.9448, val/loss_ce 0.2240
[2022-03-20 10:42:05,113][INFO] [Epoch 199/200] trn/acc1 1.00e+00, trn/loss 1.61e-01, trn/loss_ce 1.43e-03, trn/loss_wd 3.19e+02, trn/lr 1.52e-05
[2022-03-20 10:42:05,214][INFO] [Epoch 199/200] Validation: val/acc1 0.9450, val/loss_ce 0.2242
[2022-03-20 10:42:09,158][INFO] [Epoch 200/200] trn/acc1 1.00e+00, trn/loss 1.61e-01, trn/loss_ce 1.45e-03, trn/loss_wd 3.19e+02, trn/lr 2.17e-06
[2022-03-20 10:42:09,257][INFO] [Epoch 200/200] Validation: val/acc1 0.9458, val/loss_ce 0.2252
