[2022-03-20 10:34:43,196][INFO] Environments:
------------  ---------------------------------------------------------------------------
sys.platform  linux
Python        3.7.11 (default, Nov 23 2021, 05:29:02) [GCC 7.5.0]
JAX           0.2.27 @/mnt/data1/giung/venvs/jax0.2.27/lib/python3.7/site-packages/jax
jaxlib        0.1.75 @/mnt/data1/giung/venvs/jax0.2.27/lib/python3.7/site-packages/jaxlib
Flax          0.4.0 @/mnt/data1/giung/venvs/jax0.2.27/lib/python3.7/site-packages/flax
Optax         0.1.0 @/mnt/data1/giung/venvs/jax0.2.27/lib/python3.7/site-packages/optax
------------  ---------------------------------------------------------------------------

[2022-03-20 10:34:43,196][INFO] Command line arguments:
Namespace(batch_size=128, config_file='./configs/C10_VGG19-BN-ReLU.yaml', keep_every_n_checkpoints=None, learning_rate=0.1, num_epochs=200, num_warmup_epochs=5, opts=['DATASETS.ROOT', '/home/vessl/datasets/'], output_dir='/home/vessl/Baseline-CIFAR/outputs/C10_VGG19-BN-ReLU/SGD/s42_e200_wd5e-4_lr1e-1/', seed=42, weight_decay=0.0005)

[2022-03-20 10:34:43,196][INFO] Using a random seed 42

[2022-03-20 10:34:43,239][INFO] Unable to initialize backend 'tpu_driver': NOT_FOUND: Unable to find driver in registry given worker: 
[2022-03-20 10:34:43,420][INFO] Unable to initialize backend 'tpu': INVALID_ARGUMENT: TpuPlatform is not available.
[2022-03-20 10:34:48,542][INFO] Found no checkpoint files in /home/vessl/Baseline-CIFAR/outputs/C10_VGG19-BN-ReLU/SGD/s42_e200_wd5e-4_lr1e-1
[2022-03-20 10:35:06,488][INFO] [Epoch   1/200] trn/acc1 3.84e-01, trn/loss 5.85e+00, trn/loss_ce 1.76e+00, trn/loss_wd 8.19e+03, trn/lr 9.97e-03
[2022-03-20 10:35:08,233][INFO] [Epoch   1/200] Validation: val/acc1 0.5022, val/loss_ce 1.4673
[2022-03-20 10:35:15,118][INFO] [Epoch   2/200] trn/acc1 6.10e-01, trn/loss 4.97e+00, trn/loss_ce 1.12e+00, trn/loss_wd 7.69e+03, trn/lr 3.00e-02
[2022-03-20 10:35:21,531][INFO] [Epoch   3/200] trn/acc1 6.99e-01, trn/loss 4.29e+00, trn/loss_ce 8.87e-01, trn/loss_wd 6.80e+03, trn/lr 5.00e-02
[2022-03-20 10:35:27,930][INFO] [Epoch   4/200] trn/acc1 7.51e-01, trn/loss 3.57e+00, trn/loss_ce 7.36e-01, trn/loss_wd 5.66e+03, trn/lr 7.00e-02
[2022-03-20 10:35:34,385][INFO] [Epoch   5/200] trn/acc1 7.72e-01, trn/loss 2.92e+00, trn/loss_ce 6.89e-01, trn/loss_wd 4.47e+03, trn/lr 9.00e-02
[2022-03-20 10:35:40,815][INFO] [Epoch   6/200] trn/acc1 7.91e-01, trn/loss 2.34e+00, trn/loss_ce 6.33e-01, trn/loss_wd 3.42e+03, trn/lr 1.00e-01
[2022-03-20 10:35:47,246][INFO] [Epoch   7/200] trn/acc1 8.05e-01, trn/loss 1.90e+00, trn/loss_ce 5.87e-01, trn/loss_wd 2.63e+03, trn/lr 1.00e-01
[2022-03-20 10:35:53,701][INFO] [Epoch   8/200] trn/acc1 8.14e-01, trn/loss 1.60e+00, trn/loss_ce 5.61e-01, trn/loss_wd 2.09e+03, trn/lr 1.00e-01
[2022-03-20 10:36:00,145][INFO] [Epoch   9/200] trn/acc1 8.24e-01, trn/loss 1.39e+00, trn/loss_ce 5.32e-01, trn/loss_wd 1.71e+03, trn/lr 9.99e-02
[2022-03-20 10:36:06,596][INFO] [Epoch  10/200] trn/acc1 8.32e-01, trn/loss 1.24e+00, trn/loss_ce 5.11e-01, trn/loss_wd 1.46e+03, trn/lr 9.99e-02
[2022-03-20 10:36:13,137][INFO] [Epoch  11/200] trn/acc1 8.34e-01, trn/loss 1.14e+00, trn/loss_ce 4.99e-01, trn/loss_wd 1.28e+03, trn/lr 9.98e-02
[2022-03-20 10:36:19,588][INFO] [Epoch  12/200] trn/acc1 8.38e-01, trn/loss 1.07e+00, trn/loss_ce 4.88e-01, trn/loss_wd 1.17e+03, trn/lr 9.97e-02
[2022-03-20 10:36:26,019][INFO] [Epoch  13/200] trn/acc1 8.40e-01, trn/loss 1.03e+00, trn/loss_ce 4.83e-01, trn/loss_wd 1.09e+03, trn/lr 9.96e-02
[2022-03-20 10:36:32,477][INFO] [Epoch  14/200] trn/acc1 8.42e-01, trn/loss 1.00e+00, trn/loss_ce 4.79e-01, trn/loss_wd 1.05e+03, trn/lr 9.95e-02
[2022-03-20 10:36:38,945][INFO] [Epoch  15/200] trn/acc1 8.48e-01, trn/loss 9.69e-01, trn/loss_ce 4.62e-01, trn/loss_wd 1.02e+03, trn/lr 9.94e-02
[2022-03-20 10:36:45,415][INFO] [Epoch  16/200] trn/acc1 8.49e-01, trn/loss 9.59e-01, trn/loss_ce 4.61e-01, trn/loss_wd 9.95e+02, trn/lr 9.93e-02
[2022-03-20 10:36:51,865][INFO] [Epoch  17/200] trn/acc1 8.51e-01, trn/loss 9.46e-01, trn/loss_ce 4.55e-01, trn/loss_wd 9.83e+02, trn/lr 9.91e-02
[2022-03-20 10:36:58,295][INFO] [Epoch  18/200] trn/acc1 8.54e-01, trn/loss 9.38e-01, trn/loss_ce 4.50e-01, trn/loss_wd 9.75e+02, trn/lr 9.90e-02
[2022-03-20 10:37:04,755][INFO] [Epoch  19/200] trn/acc1 8.54e-01, trn/loss 9.37e-01, trn/loss_ce 4.50e-01, trn/loss_wd 9.74e+02, trn/lr 9.88e-02
[2022-03-20 10:37:11,224][INFO] [Epoch  20/200] trn/acc1 8.56e-01, trn/loss 9.35e-01, trn/loss_ce 4.44e-01, trn/loss_wd 9.83e+02, trn/lr 9.86e-02
[2022-03-20 10:37:11,389][INFO] [Epoch  20/200] Validation: val/acc1 0.8452, val/loss_ce 0.4670
[2022-03-20 10:37:18,507][INFO] [Epoch  21/200] trn/acc1 8.59e-01, trn/loss 9.23e-01, trn/loss_ce 4.31e-01, trn/loss_wd 9.83e+02, trn/lr 9.84e-02
[2022-03-20 10:37:24,931][INFO] [Epoch  22/200] trn/acc1 8.58e-01, trn/loss 9.23e-01, trn/loss_ce 4.32e-01, trn/loss_wd 9.81e+02, trn/lr 9.82e-02
[2022-03-20 10:37:31,347][INFO] [Epoch  23/200] trn/acc1 8.58e-01, trn/loss 9.27e-01, trn/loss_ce 4.33e-01, trn/loss_wd 9.89e+02, trn/lr 9.80e-02
[2022-03-20 10:37:37,789][INFO] [Epoch  24/200] trn/acc1 8.62e-01, trn/loss 9.19e-01, trn/loss_ce 4.23e-01, trn/loss_wd 9.92e+02, trn/lr 9.78e-02
[2022-03-20 10:37:44,241][INFO] [Epoch  25/200] trn/acc1 8.62e-01, trn/loss 9.20e-01, trn/loss_ce 4.23e-01, trn/loss_wd 9.95e+02, trn/lr 9.76e-02
[2022-03-20 10:37:50,728][INFO] [Epoch  26/200] trn/acc1 8.63e-01, trn/loss 9.20e-01, trn/loss_ce 4.19e-01, trn/loss_wd 1.00e+03, trn/lr 9.73e-02
[2022-03-20 10:37:57,182][INFO] [Epoch  27/200] trn/acc1 8.67e-01, trn/loss 9.15e-01, trn/loss_ce 4.13e-01, trn/loss_wd 1.00e+03, trn/lr 9.70e-02
[2022-03-20 10:38:03,660][INFO] [Epoch  28/200] trn/acc1 8.63e-01, trn/loss 9.22e-01, trn/loss_ce 4.16e-01, trn/loss_wd 1.01e+03, trn/lr 9.68e-02
[2022-03-20 10:38:10,126][INFO] [Epoch  29/200] trn/acc1 8.68e-01, trn/loss 9.14e-01, trn/loss_ce 4.06e-01, trn/loss_wd 1.02e+03, trn/lr 9.65e-02
[2022-03-20 10:38:16,573][INFO] [Epoch  30/200] trn/acc1 8.69e-01, trn/loss 9.06e-01, trn/loss_ce 4.02e-01, trn/loss_wd 1.01e+03, trn/lr 9.62e-02
[2022-03-20 10:38:23,006][INFO] [Epoch  31/200] trn/acc1 8.70e-01, trn/loss 9.06e-01, trn/loss_ce 4.00e-01, trn/loss_wd 1.01e+03, trn/lr 9.58e-02
[2022-03-20 10:38:29,456][INFO] [Epoch  32/200] trn/acc1 8.71e-01, trn/loss 8.98e-01, trn/loss_ce 3.94e-01, trn/loss_wd 1.01e+03, trn/lr 9.55e-02
[2022-03-20 10:38:35,882][INFO] [Epoch  33/200] trn/acc1 8.72e-01, trn/loss 9.02e-01, trn/loss_ce 3.97e-01, trn/loss_wd 1.01e+03, trn/lr 9.52e-02
[2022-03-20 10:38:42,312][INFO] [Epoch  34/200] trn/acc1 8.74e-01, trn/loss 8.90e-01, trn/loss_ce 3.86e-01, trn/loss_wd 1.01e+03, trn/lr 9.48e-02
[2022-03-20 10:38:48,753][INFO] [Epoch  35/200] trn/acc1 8.73e-01, trn/loss 8.93e-01, trn/loss_ce 3.87e-01, trn/loss_wd 1.01e+03, trn/lr 9.45e-02
[2022-03-20 10:38:55,174][INFO] [Epoch  36/200] trn/acc1 8.73e-01, trn/loss 8.98e-01, trn/loss_ce 3.89e-01, trn/loss_wd 1.02e+03, trn/lr 9.41e-02
[2022-03-20 10:39:01,647][INFO] [Epoch  37/200] trn/acc1 8.73e-01, trn/loss 8.99e-01, trn/loss_ce 3.88e-01, trn/loss_wd 1.02e+03, trn/lr 9.37e-02
[2022-03-20 10:39:08,088][INFO] [Epoch  38/200] trn/acc1 8.76e-01, trn/loss 8.92e-01, trn/loss_ce 3.81e-01, trn/loss_wd 1.02e+03, trn/lr 9.33e-02
[2022-03-20 10:39:14,506][INFO] [Epoch  39/200] trn/acc1 8.78e-01, trn/loss 8.83e-01, trn/loss_ce 3.73e-01, trn/loss_wd 1.02e+03, trn/lr 9.29e-02
[2022-03-20 10:39:20,951][INFO] [Epoch  40/200] trn/acc1 8.76e-01, trn/loss 8.87e-01, trn/loss_ce 3.79e-01, trn/loss_wd 1.02e+03, trn/lr 9.25e-02
[2022-03-20 10:39:21,118][INFO] [Epoch  40/200] Validation: val/acc1 0.8028, val/loss_ce 0.6168
[2022-03-20 10:39:27,873][INFO] [Epoch  41/200] trn/acc1 8.77e-01, trn/loss 8.88e-01, trn/loss_ce 3.80e-01, trn/loss_wd 1.02e+03, trn/lr 9.20e-02
[2022-03-20 10:39:34,316][INFO] [Epoch  42/200] trn/acc1 8.79e-01, trn/loss 8.80e-01, trn/loss_ce 3.70e-01, trn/loss_wd 1.02e+03, trn/lr 9.16e-02
[2022-03-20 10:39:40,882][INFO] [Epoch  43/200] trn/acc1 8.77e-01, trn/loss 8.90e-01, trn/loss_ce 3.77e-01, trn/loss_wd 1.03e+03, trn/lr 9.11e-02
[2022-03-20 10:39:47,343][INFO] [Epoch  44/200] trn/acc1 8.80e-01, trn/loss 8.79e-01, trn/loss_ce 3.67e-01, trn/loss_wd 1.02e+03, trn/lr 9.07e-02
[2022-03-20 10:39:53,839][INFO] [Epoch  45/200] trn/acc1 8.83e-01, trn/loss 8.71e-01, trn/loss_ce 3.62e-01, trn/loss_wd 1.02e+03, trn/lr 9.02e-02
[2022-03-20 10:40:00,338][INFO] [Epoch  46/200] trn/acc1 8.80e-01, trn/loss 8.76e-01, trn/loss_ce 3.66e-01, trn/loss_wd 1.02e+03, trn/lr 8.97e-02
[2022-03-20 10:40:06,793][INFO] [Epoch  47/200] trn/acc1 8.81e-01, trn/loss 8.68e-01, trn/loss_ce 3.59e-01, trn/loss_wd 1.02e+03, trn/lr 8.92e-02
[2022-03-20 10:40:13,240][INFO] [Epoch  48/200] trn/acc1 8.82e-01, trn/loss 8.68e-01, trn/loss_ce 3.59e-01, trn/loss_wd 1.02e+03, trn/lr 8.87e-02
[2022-03-20 10:40:19,723][INFO] [Epoch  49/200] trn/acc1 8.83e-01, trn/loss 8.60e-01, trn/loss_ce 3.50e-01, trn/loss_wd 1.02e+03, trn/lr 8.82e-02
[2022-03-20 10:40:26,185][INFO] [Epoch  50/200] trn/acc1 8.83e-01, trn/loss 8.64e-01, trn/loss_ce 3.53e-01, trn/loss_wd 1.02e+03, trn/lr 8.77e-02
[2022-03-20 10:40:32,648][INFO] [Epoch  51/200] trn/acc1 8.84e-01, trn/loss 8.62e-01, trn/loss_ce 3.53e-01, trn/loss_wd 1.02e+03, trn/lr 8.72e-02
[2022-03-20 10:40:39,119][INFO] [Epoch  52/200] trn/acc1 8.85e-01, trn/loss 8.59e-01, trn/loss_ce 3.50e-01, trn/loss_wd 1.02e+03, trn/lr 8.66e-02
[2022-03-20 10:40:45,582][INFO] [Epoch  53/200] trn/acc1 8.86e-01, trn/loss 8.50e-01, trn/loss_ce 3.43e-01, trn/loss_wd 1.01e+03, trn/lr 8.61e-02
[2022-03-20 10:40:52,085][INFO] [Epoch  54/200] trn/acc1 8.85e-01, trn/loss 8.62e-01, trn/loss_ce 3.53e-01, trn/loss_wd 1.02e+03, trn/lr 8.55e-02
[2022-03-20 10:40:58,548][INFO] [Epoch  55/200] trn/acc1 8.89e-01, trn/loss 8.50e-01, trn/loss_ce 3.42e-01, trn/loss_wd 1.01e+03, trn/lr 8.49e-02
[2022-03-20 10:41:05,032][INFO] [Epoch  56/200] trn/acc1 8.87e-01, trn/loss 8.52e-01, trn/loss_ce 3.45e-01, trn/loss_wd 1.01e+03, trn/lr 8.43e-02
[2022-03-20 10:41:11,492][INFO] [Epoch  57/200] trn/acc1 8.88e-01, trn/loss 8.51e-01, trn/loss_ce 3.44e-01, trn/loss_wd 1.01e+03, trn/lr 8.38e-02
[2022-03-20 10:41:17,959][INFO] [Epoch  58/200] trn/acc1 8.90e-01, trn/loss 8.45e-01, trn/loss_ce 3.38e-01, trn/loss_wd 1.01e+03, trn/lr 8.32e-02
[2022-03-20 10:41:24,436][INFO] [Epoch  59/200] trn/acc1 8.88e-01, trn/loss 8.48e-01, trn/loss_ce 3.41e-01, trn/loss_wd 1.01e+03, trn/lr 8.25e-02
[2022-03-20 10:41:30,889][INFO] [Epoch  60/200] trn/acc1 8.91e-01, trn/loss 8.35e-01, trn/loss_ce 3.31e-01, trn/loss_wd 1.01e+03, trn/lr 8.19e-02
[2022-03-20 10:41:31,055][INFO] [Epoch  60/200] Validation: val/acc1 0.8484, val/loss_ce 0.4700
[2022-03-20 10:41:37,962][INFO] [Epoch  61/200] trn/acc1 8.92e-01, trn/loss 8.34e-01, trn/loss_ce 3.31e-01, trn/loss_wd 1.01e+03, trn/lr 8.13e-02
[2022-03-20 10:41:44,428][INFO] [Epoch  62/200] trn/acc1 8.90e-01, trn/loss 8.36e-01, trn/loss_ce 3.33e-01, trn/loss_wd 1.01e+03, trn/lr 8.07e-02
[2022-03-20 10:41:50,865][INFO] [Epoch  63/200] trn/acc1 8.91e-01, trn/loss 8.33e-01, trn/loss_ce 3.28e-01, trn/loss_wd 1.01e+03, trn/lr 8.00e-02
[2022-03-20 10:41:57,313][INFO] [Epoch  64/200] trn/acc1 8.94e-01, trn/loss 8.28e-01, trn/loss_ce 3.21e-01, trn/loss_wd 1.01e+03, trn/lr 7.94e-02
[2022-03-20 10:42:03,758][INFO] [Epoch  65/200] trn/acc1 8.93e-01, trn/loss 8.25e-01, trn/loss_ce 3.21e-01, trn/loss_wd 1.01e+03, trn/lr 7.87e-02
[2022-03-20 10:42:10,213][INFO] [Epoch  66/200] trn/acc1 8.94e-01, trn/loss 8.22e-01, trn/loss_ce 3.20e-01, trn/loss_wd 1.00e+03, trn/lr 7.81e-02
[2022-03-20 10:42:16,661][INFO] [Epoch  67/200] trn/acc1 8.96e-01, trn/loss 8.14e-01, trn/loss_ce 3.17e-01, trn/loss_wd 9.95e+02, trn/lr 7.74e-02
[2022-03-20 10:42:23,131][INFO] [Epoch  68/200] trn/acc1 8.95e-01, trn/loss 8.20e-01, trn/loss_ce 3.22e-01, trn/loss_wd 9.97e+02, trn/lr 7.67e-02
[2022-03-20 10:42:29,583][INFO] [Epoch  69/200] trn/acc1 8.96e-01, trn/loss 8.19e-01, trn/loss_ce 3.17e-01, trn/loss_wd 1.00e+03, trn/lr 7.60e-02
[2022-03-20 10:42:36,050][INFO] [Epoch  70/200] trn/acc1 8.98e-01, trn/loss 8.10e-01, trn/loss_ce 3.11e-01, trn/loss_wd 9.99e+02, trn/lr 7.53e-02
[2022-03-20 10:42:42,579][INFO] [Epoch  71/200] trn/acc1 8.99e-01, trn/loss 8.05e-01, trn/loss_ce 3.07e-01, trn/loss_wd 9.96e+02, trn/lr 7.47e-02
[2022-03-20 10:42:49,034][INFO] [Epoch  72/200] trn/acc1 8.99e-01, trn/loss 8.02e-01, trn/loss_ce 3.06e-01, trn/loss_wd 9.92e+02, trn/lr 7.39e-02
[2022-03-20 10:42:55,480][INFO] [Epoch  73/200] trn/acc1 9.00e-01, trn/loss 8.02e-01, trn/loss_ce 3.06e-01, trn/loss_wd 9.93e+02, trn/lr 7.32e-02
[2022-03-20 10:43:01,908][INFO] [Epoch  74/200] trn/acc1 9.00e-01, trn/loss 7.96e-01, trn/loss_ce 3.01e-01, trn/loss_wd 9.91e+02, trn/lr 7.25e-02
[2022-03-20 10:43:08,347][INFO] [Epoch  75/200] trn/acc1 9.05e-01, trn/loss 7.83e-01, trn/loss_ce 2.92e-01, trn/loss_wd 9.83e+02, trn/lr 7.18e-02
[2022-03-20 10:43:14,778][INFO] [Epoch  76/200] trn/acc1 9.00e-01, trn/loss 7.95e-01, trn/loss_ce 3.02e-01, trn/loss_wd 9.85e+02, trn/lr 7.11e-02
[2022-03-20 10:43:21,237][INFO] [Epoch  77/200] trn/acc1 9.02e-01, trn/loss 7.89e-01, trn/loss_ce 2.96e-01, trn/loss_wd 9.84e+02, trn/lr 7.03e-02
[2022-03-20 10:43:27,667][INFO] [Epoch  78/200] trn/acc1 9.02e-01, trn/loss 7.85e-01, trn/loss_ce 2.94e-01, trn/loss_wd 9.81e+02, trn/lr 6.96e-02
[2022-03-20 10:43:34,111][INFO] [Epoch  79/200] trn/acc1 9.07e-01, trn/loss 7.72e-01, trn/loss_ce 2.83e-01, trn/loss_wd 9.77e+02, trn/lr 6.89e-02
[2022-03-20 10:43:40,552][INFO] [Epoch  80/200] trn/acc1 9.07e-01, trn/loss 7.69e-01, trn/loss_ce 2.84e-01, trn/loss_wd 9.70e+02, trn/lr 6.81e-02
[2022-03-20 10:43:40,717][INFO] [Epoch  80/200] Validation: val/acc1 0.8576, val/loss_ce 0.4457
[2022-03-20 10:43:47,797][INFO] [Epoch  81/200] trn/acc1 9.06e-01, trn/loss 7.74e-01, trn/loss_ce 2.88e-01, trn/loss_wd 9.72e+02, trn/lr 6.74e-02
[2022-03-20 10:43:54,251][INFO] [Epoch  82/200] trn/acc1 9.08e-01, trn/loss 7.62e-01, trn/loss_ce 2.79e-01, trn/loss_wd 9.68e+02, trn/lr 6.66e-02
[2022-03-20 10:44:00,684][INFO] [Epoch  83/200] trn/acc1 9.08e-01, trn/loss 7.62e-01, trn/loss_ce 2.79e-01, trn/loss_wd 9.65e+02, trn/lr 6.58e-02
[2022-03-20 10:44:07,118][INFO] [Epoch  84/200] trn/acc1 9.08e-01, trn/loss 7.57e-01, trn/loss_ce 2.75e-01, trn/loss_wd 9.63e+02, trn/lr 6.51e-02
[2022-03-20 10:44:13,582][INFO] [Epoch  85/200] trn/acc1 9.07e-01, trn/loss 7.63e-01, trn/loss_ce 2.81e-01, trn/loss_wd 9.63e+02, trn/lr 6.43e-02
[2022-03-20 10:44:20,045][INFO] [Epoch  86/200] trn/acc1 9.13e-01, trn/loss 7.49e-01, trn/loss_ce 2.70e-01, trn/loss_wd 9.58e+02, trn/lr 6.35e-02
[2022-03-20 10:44:26,507][INFO] [Epoch  87/200] trn/acc1 9.14e-01, trn/loss 7.38e-01, trn/loss_ce 2.63e-01, trn/loss_wd 9.50e+02, trn/lr 6.27e-02
[2022-03-20 10:44:32,952][INFO] [Epoch  88/200] trn/acc1 9.13e-01, trn/loss 7.32e-01, trn/loss_ce 2.61e-01, trn/loss_wd 9.43e+02, trn/lr 6.20e-02
[2022-03-20 10:44:39,396][INFO] [Epoch  89/200] trn/acc1 9.13e-01, trn/loss 7.33e-01, trn/loss_ce 2.63e-01, trn/loss_wd 9.40e+02, trn/lr 6.12e-02
[2022-03-20 10:44:45,853][INFO] [Epoch  90/200] trn/acc1 9.16e-01, trn/loss 7.29e-01, trn/loss_ce 2.59e-01, trn/loss_wd 9.38e+02, trn/lr 6.04e-02
[2022-03-20 10:44:52,340][INFO] [Epoch  91/200] trn/acc1 9.14e-01, trn/loss 7.28e-01, trn/loss_ce 2.60e-01, trn/loss_wd 9.35e+02, trn/lr 5.96e-02
[2022-03-20 10:44:58,791][INFO] [Epoch  92/200] trn/acc1 9.17e-01, trn/loss 7.22e-01, trn/loss_ce 2.53e-01, trn/loss_wd 9.36e+02, trn/lr 5.88e-02
[2022-03-20 10:45:05,253][INFO] [Epoch  93/200] trn/acc1 9.18e-01, trn/loss 7.13e-01, trn/loss_ce 2.50e-01, trn/loss_wd 9.27e+02, trn/lr 5.80e-02
[2022-03-20 10:45:11,683][INFO] [Epoch  94/200] trn/acc1 9.19e-01, trn/loss 7.07e-01, trn/loss_ce 2.46e-01, trn/loss_wd 9.23e+02, trn/lr 5.72e-02
[2022-03-20 10:45:18,119][INFO] [Epoch  95/200] trn/acc1 9.21e-01, trn/loss 7.01e-01, trn/loss_ce 2.42e-01, trn/loss_wd 9.18e+02, trn/lr 5.64e-02
[2022-03-20 10:45:24,595][INFO] [Epoch  96/200] trn/acc1 9.22e-01, trn/loss 6.99e-01, trn/loss_ce 2.42e-01, trn/loss_wd 9.15e+02, trn/lr 5.56e-02
[2022-03-20 10:45:31,044][INFO] [Epoch  97/200] trn/acc1 9.23e-01, trn/loss 6.90e-01, trn/loss_ce 2.34e-01, trn/loss_wd 9.11e+02, trn/lr 5.48e-02
[2022-03-20 10:45:37,477][INFO] [Epoch  98/200] trn/acc1 9.19e-01, trn/loss 6.95e-01, trn/loss_ce 2.41e-01, trn/loss_wd 9.09e+02, trn/lr 5.40e-02
[2022-03-20 10:45:43,979][INFO] [Epoch  99/200] trn/acc1 9.23e-01, trn/loss 6.83e-01, trn/loss_ce 2.29e-01, trn/loss_wd 9.07e+02, trn/lr 5.32e-02
[2022-03-20 10:45:50,428][INFO] [Epoch 100/200] trn/acc1 9.24e-01, trn/loss 6.82e-01, trn/loss_ce 2.31e-01, trn/loss_wd 9.02e+02, trn/lr 5.24e-02
[2022-03-20 10:45:50,593][INFO] [Epoch 100/200] Validation: val/acc1 0.8784, val/loss_ce 0.4005
[2022-03-20 10:45:57,660][INFO] [Epoch 101/200] trn/acc1 9.25e-01, trn/loss 6.77e-01, trn/loss_ce 2.30e-01, trn/loss_wd 8.93e+02, trn/lr 5.16e-02
[2022-03-20 10:46:04,092][INFO] [Epoch 102/200] trn/acc1 9.27e-01, trn/loss 6.68e-01, trn/loss_ce 2.24e-01, trn/loss_wd 8.88e+02, trn/lr 5.08e-02
[2022-03-20 10:46:10,538][INFO] [Epoch 103/200] trn/acc1 9.25e-01, trn/loss 6.66e-01, trn/loss_ce 2.25e-01, trn/loss_wd 8.84e+02, trn/lr 5.00e-02
[2022-03-20 10:46:17,000][INFO] [Epoch 104/200] trn/acc1 9.28e-01, trn/loss 6.61e-01, trn/loss_ce 2.22e-01, trn/loss_wd 8.79e+02, trn/lr 4.92e-02
[2022-03-20 10:46:23,456][INFO] [Epoch 105/200] trn/acc1 9.26e-01, trn/loss 6.59e-01, trn/loss_ce 2.20e-01, trn/loss_wd 8.78e+02, trn/lr 4.84e-02
[2022-03-20 10:46:29,913][INFO] [Epoch 106/200] trn/acc1 9.28e-01, trn/loss 6.56e-01, trn/loss_ce 2.17e-01, trn/loss_wd 8.77e+02, trn/lr 4.76e-02
[2022-03-20 10:46:36,340][INFO] [Epoch 107/200] trn/acc1 9.32e-01, trn/loss 6.42e-01, trn/loss_ce 2.07e-01, trn/loss_wd 8.69e+02, trn/lr 4.68e-02
[2022-03-20 10:46:42,818][INFO] [Epoch 108/200] trn/acc1 9.31e-01, trn/loss 6.36e-01, trn/loss_ce 2.05e-01, trn/loss_wd 8.63e+02, trn/lr 4.60e-02
[2022-03-20 10:46:49,265][INFO] [Epoch 109/200] trn/acc1 9.35e-01, trn/loss 6.27e-01, trn/loss_ce 1.99e-01, trn/loss_wd 8.56e+02, trn/lr 4.52e-02
[2022-03-20 10:46:55,697][INFO] [Epoch 110/200] trn/acc1 9.34e-01, trn/loss 6.22e-01, trn/loss_ce 1.97e-01, trn/loss_wd 8.50e+02, trn/lr 4.44e-02
[2022-03-20 10:47:02,125][INFO] [Epoch 111/200] trn/acc1 9.35e-01, trn/loss 6.20e-01, trn/loss_ce 1.96e-01, trn/loss_wd 8.47e+02, trn/lr 4.36e-02
[2022-03-20 10:47:08,576][INFO] [Epoch 112/200] trn/acc1 9.35e-01, trn/loss 6.17e-01, trn/loss_ce 1.95e-01, trn/loss_wd 8.45e+02, trn/lr 4.28e-02
[2022-03-20 10:47:15,036][INFO] [Epoch 113/200] trn/acc1 9.34e-01, trn/loss 6.17e-01, trn/loss_ce 1.96e-01, trn/loss_wd 8.43e+02, trn/lr 4.20e-02
[2022-03-20 10:47:21,491][INFO] [Epoch 114/200] trn/acc1 9.39e-01, trn/loss 6.02e-01, trn/loss_ce 1.83e-01, trn/loss_wd 8.37e+02, trn/lr 4.12e-02
[2022-03-20 10:47:27,922][INFO] [Epoch 115/200] trn/acc1 9.41e-01, trn/loss 5.94e-01, trn/loss_ce 1.79e-01, trn/loss_wd 8.29e+02, trn/lr 4.04e-02
[2022-03-20 10:47:34,365][INFO] [Epoch 116/200] trn/acc1 9.40e-01, trn/loss 5.94e-01, trn/loss_ce 1.82e-01, trn/loss_wd 8.23e+02, trn/lr 3.96e-02
[2022-03-20 10:47:40,812][INFO] [Epoch 117/200] trn/acc1 9.40e-01, trn/loss 5.89e-01, trn/loss_ce 1.79e-01, trn/loss_wd 8.20e+02, trn/lr 3.88e-02
[2022-03-20 10:47:47,271][INFO] [Epoch 118/200] trn/acc1 9.43e-01, trn/loss 5.80e-01, trn/loss_ce 1.74e-01, trn/loss_wd 8.12e+02, trn/lr 3.80e-02
[2022-03-20 10:47:53,737][INFO] [Epoch 119/200] trn/acc1 9.44e-01, trn/loss 5.72e-01, trn/loss_ce 1.68e-01, trn/loss_wd 8.07e+02, trn/lr 3.73e-02
[2022-03-20 10:48:00,199][INFO] [Epoch 120/200] trn/acc1 9.43e-01, trn/loss 5.69e-01, trn/loss_ce 1.68e-01, trn/loss_wd 8.02e+02, trn/lr 3.65e-02
[2022-03-20 10:48:00,364][INFO] [Epoch 120/200] Validation: val/acc1 0.9000, val/loss_ce 0.3107
[2022-03-20 10:48:07,428][INFO] [Epoch 121/200] trn/acc1 9.44e-01, trn/loss 5.64e-01, trn/loss_ce 1.66e-01, trn/loss_wd 7.96e+02, trn/lr 3.57e-02
[2022-03-20 10:48:13,898][INFO] [Epoch 122/200] trn/acc1 9.46e-01, trn/loss 5.54e-01, trn/loss_ce 1.59e-01, trn/loss_wd 7.90e+02, trn/lr 3.49e-02
[2022-03-20 10:48:20,346][INFO] [Epoch 123/200] trn/acc1 9.46e-01, trn/loss 5.51e-01, trn/loss_ce 1.58e-01, trn/loss_wd 7.86e+02, trn/lr 3.42e-02
[2022-03-20 10:48:26,805][INFO] [Epoch 124/200] trn/acc1 9.50e-01, trn/loss 5.44e-01, trn/loss_ce 1.53e-01, trn/loss_wd 7.81e+02, trn/lr 3.34e-02
[2022-03-20 10:48:33,258][INFO] [Epoch 125/200] trn/acc1 9.49e-01, trn/loss 5.38e-01, trn/loss_ce 1.51e-01, trn/loss_wd 7.74e+02, trn/lr 3.26e-02
[2022-03-20 10:48:39,702][INFO] [Epoch 126/200] trn/acc1 9.51e-01, trn/loss 5.30e-01, trn/loss_ce 1.46e-01, trn/loss_wd 7.69e+02, trn/lr 3.19e-02
[2022-03-20 10:48:46,140][INFO] [Epoch 127/200] trn/acc1 9.52e-01, trn/loss 5.25e-01, trn/loss_ce 1.44e-01, trn/loss_wd 7.63e+02, trn/lr 3.11e-02
[2022-03-20 10:48:52,591][INFO] [Epoch 128/200] trn/acc1 9.52e-01, trn/loss 5.18e-01, trn/loss_ce 1.41e-01, trn/loss_wd 7.55e+02, trn/lr 3.04e-02
[2022-03-20 10:48:59,036][INFO] [Epoch 129/200] trn/acc1 9.55e-01, trn/loss 5.11e-01, trn/loss_ce 1.36e-01, trn/loss_wd 7.50e+02, trn/lr 2.97e-02
[2022-03-20 10:49:05,582][INFO] [Epoch 130/200] trn/acc1 9.58e-01, trn/loss 4.97e-01, trn/loss_ce 1.26e-01, trn/loss_wd 7.42e+02, trn/lr 2.89e-02
[2022-03-20 10:49:12,036][INFO] [Epoch 131/200] trn/acc1 9.58e-01, trn/loss 4.93e-01, trn/loss_ce 1.26e-01, trn/loss_wd 7.33e+02, trn/lr 2.82e-02
[2022-03-20 10:49:18,482][INFO] [Epoch 132/200] trn/acc1 9.59e-01, trn/loss 4.90e-01, trn/loss_ce 1.27e-01, trn/loss_wd 7.26e+02, trn/lr 2.75e-02
[2022-03-20 10:49:24,921][INFO] [Epoch 133/200] trn/acc1 9.61e-01, trn/loss 4.80e-01, trn/loss_ce 1.20e-01, trn/loss_wd 7.19e+02, trn/lr 2.68e-02
[2022-03-20 10:49:31,386][INFO] [Epoch 134/200] trn/acc1 9.59e-01, trn/loss 4.80e-01, trn/loss_ce 1.23e-01, trn/loss_wd 7.15e+02, trn/lr 2.61e-02
[2022-03-20 10:49:37,826][INFO] [Epoch 135/200] trn/acc1 9.61e-01, trn/loss 4.70e-01, trn/loss_ce 1.16e-01, trn/loss_wd 7.08e+02, trn/lr 2.54e-02
[2022-03-20 10:49:44,285][INFO] [Epoch 136/200] trn/acc1 9.62e-01, trn/loss 4.67e-01, trn/loss_ce 1.16e-01, trn/loss_wd 7.01e+02, trn/lr 2.47e-02
[2022-03-20 10:49:50,742][INFO] [Epoch 137/200] trn/acc1 9.64e-01, trn/loss 4.56e-01, trn/loss_ce 1.09e-01, trn/loss_wd 6.94e+02, trn/lr 2.40e-02
[2022-03-20 10:49:57,184][INFO] [Epoch 138/200] trn/acc1 9.66e-01, trn/loss 4.46e-01, trn/loss_ce 1.03e-01, trn/loss_wd 6.86e+02, trn/lr 2.33e-02
[2022-03-20 10:50:03,629][INFO] [Epoch 139/200] trn/acc1 9.65e-01, trn/loss 4.43e-01, trn/loss_ce 1.03e-01, trn/loss_wd 6.79e+02, trn/lr 2.26e-02
[2022-03-20 10:50:10,063][INFO] [Epoch 140/200] trn/acc1 9.68e-01, trn/loss 4.34e-01, trn/loss_ce 9.80e-02, trn/loss_wd 6.72e+02, trn/lr 2.19e-02
[2022-03-20 10:50:10,228][INFO] [Epoch 140/200] Validation: val/acc1 0.9094, val/loss_ce 0.3209
[2022-03-20 10:50:17,202][INFO] [Epoch 141/200] trn/acc1 9.67e-01, trn/loss 4.31e-01, trn/loss_ce 9.85e-02, trn/loss_wd 6.65e+02, trn/lr 2.13e-02
[2022-03-20 10:50:23,648][INFO] [Epoch 142/200] trn/acc1 9.68e-01, trn/loss 4.20e-01, trn/loss_ce 9.22e-02, trn/loss_wd 6.56e+02, trn/lr 2.06e-02
[2022-03-20 10:50:30,082][INFO] [Epoch 143/200] trn/acc1 9.71e-01, trn/loss 4.11e-01, trn/loss_ce 8.71e-02, trn/loss_wd 6.48e+02, trn/lr 2.00e-02
[2022-03-20 10:50:36,525][INFO] [Epoch 144/200] trn/acc1 9.73e-01, trn/loss 4.02e-01, trn/loss_ce 8.22e-02, trn/loss_wd 6.40e+02, trn/lr 1.93e-02
[2022-03-20 10:50:43,024][INFO] [Epoch 145/200] trn/acc1 9.73e-01, trn/loss 3.98e-01, trn/loss_ce 8.23e-02, trn/loss_wd 6.32e+02, trn/lr 1.87e-02
[2022-03-20 10:50:49,470][INFO] [Epoch 146/200] trn/acc1 9.73e-01, trn/loss 3.93e-01, trn/loss_ce 8.13e-02, trn/loss_wd 6.23e+02, trn/lr 1.81e-02
[2022-03-20 10:50:55,905][INFO] [Epoch 147/200] trn/acc1 9.75e-01, trn/loss 3.82e-01, trn/loss_ce 7.46e-02, trn/loss_wd 6.15e+02, trn/lr 1.75e-02
[2022-03-20 10:51:02,356][INFO] [Epoch 148/200] trn/acc1 9.76e-01, trn/loss 3.76e-01, trn/loss_ce 7.27e-02, trn/loss_wd 6.07e+02, trn/lr 1.68e-02
[2022-03-20 10:51:08,791][INFO] [Epoch 149/200] trn/acc1 9.77e-01, trn/loss 3.70e-01, trn/loss_ce 7.06e-02, trn/loss_wd 5.99e+02, trn/lr 1.62e-02
[2022-03-20 10:51:15,236][INFO] [Epoch 150/200] trn/acc1 9.80e-01, trn/loss 3.57e-01, trn/loss_ce 6.22e-02, trn/loss_wd 5.90e+02, trn/lr 1.57e-02
[2022-03-20 10:51:21,686][INFO] [Epoch 151/200] trn/acc1 9.78e-01, trn/loss 3.56e-01, trn/loss_ce 6.52e-02, trn/loss_wd 5.82e+02, trn/lr 1.51e-02
[2022-03-20 10:51:28,130][INFO] [Epoch 152/200] trn/acc1 9.81e-01, trn/loss 3.46e-01, trn/loss_ce 5.95e-02, trn/loss_wd 5.74e+02, trn/lr 1.45e-02
[2022-03-20 10:51:34,574][INFO] [Epoch 153/200] trn/acc1 9.82e-01, trn/loss 3.37e-01, trn/loss_ce 5.50e-02, trn/loss_wd 5.64e+02, trn/lr 1.39e-02
[2022-03-20 10:51:41,018][INFO] [Epoch 154/200] trn/acc1 9.82e-01, trn/loss 3.32e-01, trn/loss_ce 5.43e-02, trn/loss_wd 5.55e+02, trn/lr 1.34e-02
[2022-03-20 10:51:47,466][INFO] [Epoch 155/200] trn/acc1 9.83e-01, trn/loss 3.25e-01, trn/loss_ce 5.15e-02, trn/loss_wd 5.47e+02, trn/lr 1.28e-02
[2022-03-20 10:51:53,929][INFO] [Epoch 156/200] trn/acc1 9.87e-01, trn/loss 3.12e-01, trn/loss_ce 4.30e-02, trn/loss_wd 5.38e+02, trn/lr 1.23e-02
[2022-03-20 10:52:00,372][INFO] [Epoch 157/200] trn/acc1 9.86e-01, trn/loss 3.07e-01, trn/loss_ce 4.25e-02, trn/loss_wd 5.29e+02, trn/lr 1.18e-02
[2022-03-20 10:52:06,794][INFO] [Epoch 158/200] trn/acc1 9.87e-01, trn/loss 3.00e-01, trn/loss_ce 3.94e-02, trn/loss_wd 5.21e+02, trn/lr 1.13e-02
[2022-03-20 10:52:13,243][INFO] [Epoch 159/200] trn/acc1 9.86e-01, trn/loss 2.98e-01, trn/loss_ce 4.17e-02, trn/loss_wd 5.13e+02, trn/lr 1.08e-02
[2022-03-20 10:52:19,704][INFO] [Epoch 160/200] trn/acc1 9.88e-01, trn/loss 2.89e-01, trn/loss_ce 3.64e-02, trn/loss_wd 5.04e+02, trn/lr 1.03e-02
[2022-03-20 10:52:19,869][INFO] [Epoch 160/200] Validation: val/acc1 0.9170, val/loss_ce 0.3461
[2022-03-20 10:52:26,756][INFO] [Epoch 161/200] trn/acc1 9.89e-01, trn/loss 2.80e-01, trn/loss_ce 3.25e-02, trn/loss_wd 4.96e+02, trn/lr 9.79e-03
[2022-03-20 10:52:33,273][INFO] [Epoch 162/200] trn/acc1 9.90e-01, trn/loss 2.75e-01, trn/loss_ce 3.14e-02, trn/loss_wd 4.88e+02, trn/lr 9.31e-03
[2022-03-20 10:52:39,732][INFO] [Epoch 163/200] trn/acc1 9.92e-01, trn/loss 2.66e-01, trn/loss_ce 2.66e-02, trn/loss_wd 4.80e+02, trn/lr 8.85e-03
[2022-03-20 10:52:46,190][INFO] [Epoch 164/200] trn/acc1 9.91e-01, trn/loss 2.62e-01, trn/loss_ce 2.62e-02, trn/loss_wd 4.72e+02, trn/lr 8.40e-03
[2022-03-20 10:52:52,658][INFO] [Epoch 165/200] trn/acc1 9.91e-01, trn/loss 2.58e-01, trn/loss_ce 2.56e-02, trn/loss_wd 4.65e+02, trn/lr 7.96e-03
[2022-03-20 10:52:59,116][INFO] [Epoch 166/200] trn/acc1 9.93e-01, trn/loss 2.49e-01, trn/loss_ce 2.05e-02, trn/loss_wd 4.57e+02, trn/lr 7.53e-03
[2022-03-20 10:53:05,569][INFO] [Epoch 167/200] trn/acc1 9.93e-01, trn/loss 2.47e-01, trn/loss_ce 2.20e-02, trn/loss_wd 4.51e+02, trn/lr 7.11e-03
[2022-03-20 10:53:12,007][INFO] [Epoch 168/200] trn/acc1 9.95e-01, trn/loss 2.40e-01, trn/loss_ce 1.82e-02, trn/loss_wd 4.44e+02, trn/lr 6.70e-03
[2022-03-20 10:53:18,481][INFO] [Epoch 169/200] trn/acc1 9.95e-01, trn/loss 2.35e-01, trn/loss_ce 1.69e-02, trn/loss_wd 4.37e+02, trn/lr 6.30e-03
[2022-03-20 10:53:24,911][INFO] [Epoch 170/200] trn/acc1 9.95e-01, trn/loss 2.30e-01, trn/loss_ce 1.51e-02, trn/loss_wd 4.31e+02, trn/lr 5.92e-03
[2022-03-20 10:53:31,350][INFO] [Epoch 171/200] trn/acc1 9.96e-01, trn/loss 2.25e-01, trn/loss_ce 1.31e-02, trn/loss_wd 4.24e+02, trn/lr 5.54e-03
[2022-03-20 10:53:37,780][INFO] [Epoch 172/200] trn/acc1 9.96e-01, trn/loss 2.21e-01, trn/loss_ce 1.13e-02, trn/loss_wd 4.18e+02, trn/lr 5.18e-03
[2022-03-20 10:53:44,226][INFO] [Epoch 173/200] trn/acc1 9.97e-01, trn/loss 2.15e-01, trn/loss_ce 9.01e-03, trn/loss_wd 4.13e+02, trn/lr 4.83e-03
[2022-03-20 10:53:50,670][INFO] [Epoch 174/200] trn/acc1 9.98e-01, trn/loss 2.11e-01, trn/loss_ce 7.27e-03, trn/loss_wd 4.07e+02, trn/lr 4.49e-03
[2022-03-20 10:53:57,106][INFO] [Epoch 175/200] trn/acc1 9.99e-01, trn/loss 2.06e-01, trn/loss_ce 5.22e-03, trn/loss_wd 4.02e+02, trn/lr 4.16e-03
[2022-03-20 10:54:03,561][INFO] [Epoch 176/200] trn/acc1 9.98e-01, trn/loss 2.05e-01, trn/loss_ce 6.59e-03, trn/loss_wd 3.97e+02, trn/lr 3.85e-03
[2022-03-20 10:54:10,018][INFO] [Epoch 177/200] trn/acc1 9.98e-01, trn/loss 2.03e-01, trn/loss_ce 7.04e-03, trn/loss_wd 3.93e+02, trn/lr 3.54e-03
[2022-03-20 10:54:16,480][INFO] [Epoch 178/200] trn/acc1 9.99e-01, trn/loss 2.00e-01, trn/loss_ce 5.58e-03, trn/loss_wd 3.89e+02, trn/lr 3.25e-03
[2022-03-20 10:54:22,924][INFO] [Epoch 179/200] trn/acc1 9.99e-01, trn/loss 1.97e-01, trn/loss_ce 4.31e-03, trn/loss_wd 3.85e+02, trn/lr 2.97e-03
[2022-03-20 10:54:29,349][INFO] [Epoch 180/200] trn/acc1 9.99e-01, trn/loss 1.94e-01, trn/loss_ce 3.27e-03, trn/loss_wd 3.82e+02, trn/lr 2.70e-03
[2022-03-20 10:54:29,514][INFO] [Epoch 180/200] Validation: val/acc1 0.9386, val/loss_ce 0.3039
[2022-03-20 10:54:36,563][INFO] [Epoch 181/200] trn/acc1 9.99e-01, trn/loss 1.92e-01, trn/loss_ce 2.95e-03, trn/loss_wd 3.78e+02, trn/lr 2.45e-03
[2022-03-20 10:54:36,727][INFO] [Epoch 181/200] Validation: val/acc1 0.9376, val/loss_ce 0.3001
[2022-03-20 10:54:43,583][INFO] [Epoch 182/200] trn/acc1 9.99e-01, trn/loss 1.91e-01, trn/loss_ce 3.21e-03, trn/loss_wd 3.76e+02, trn/lr 2.21e-03
[2022-03-20 10:54:43,747][INFO] [Epoch 182/200] Validation: val/acc1 0.9368, val/loss_ce 0.3051
[2022-03-20 10:54:50,450][INFO] [Epoch 183/200] trn/acc1 1.00e+00, trn/loss 1.89e-01, trn/loss_ce 2.49e-03, trn/loss_wd 3.73e+02, trn/lr 1.97e-03
[2022-03-20 10:54:50,614][INFO] [Epoch 183/200] Validation: val/acc1 0.9378, val/loss_ce 0.3040
[2022-03-20 10:54:57,301][INFO] [Epoch 184/200] trn/acc1 9.99e-01, trn/loss 1.88e-01, trn/loss_ce 2.42e-03, trn/loss_wd 3.71e+02, trn/lr 1.76e-03
[2022-03-20 10:54:57,466][INFO] [Epoch 184/200] Validation: val/acc1 0.9390, val/loss_ce 0.3111
[2022-03-20 10:55:04,283][INFO] [Epoch 185/200] trn/acc1 9.99e-01, trn/loss 1.87e-01, trn/loss_ce 2.51e-03, trn/loss_wd 3.69e+02, trn/lr 1.55e-03
[2022-03-20 10:55:04,447][INFO] [Epoch 185/200] Validation: val/acc1 0.9406, val/loss_ce 0.3000
[2022-03-20 10:55:11,445][INFO] [Epoch 186/200] trn/acc1 1.00e+00, trn/loss 1.85e-01, trn/loss_ce 1.72e-03, trn/loss_wd 3.67e+02, trn/lr 1.36e-03
[2022-03-20 10:55:11,609][INFO] [Epoch 186/200] Validation: val/acc1 0.9400, val/loss_ce 0.2987
[2022-03-20 10:55:18,433][INFO] [Epoch 187/200] trn/acc1 1.00e+00, trn/loss 1.85e-01, trn/loss_ce 1.88e-03, trn/loss_wd 3.65e+02, trn/lr 1.18e-03
[2022-03-20 10:55:18,599][INFO] [Epoch 187/200] Validation: val/acc1 0.9412, val/loss_ce 0.2989
[2022-03-20 10:55:25,465][INFO] [Epoch 188/200] trn/acc1 1.00e+00, trn/loss 1.83e-01, trn/loss_ce 1.46e-03, trn/loss_wd 3.64e+02, trn/lr 1.01e-03
[2022-03-20 10:55:25,630][INFO] [Epoch 188/200] Validation: val/acc1 0.9422, val/loss_ce 0.2985
[2022-03-20 10:55:32,673][INFO] [Epoch 189/200] trn/acc1 1.00e+00, trn/loss 1.83e-01, trn/loss_ce 1.89e-03, trn/loss_wd 3.63e+02, trn/lr 8.56e-04
[2022-03-20 10:55:32,837][INFO] [Epoch 189/200] Validation: val/acc1 0.9408, val/loss_ce 0.2963
[2022-03-20 10:55:39,828][INFO] [Epoch 190/200] trn/acc1 1.00e+00, trn/loss 1.82e-01, trn/loss_ce 1.25e-03, trn/loss_wd 3.62e+02, trn/lr 7.14e-04
[2022-03-20 10:55:39,993][INFO] [Epoch 190/200] Validation: val/acc1 0.9422, val/loss_ce 0.2972
[2022-03-20 10:55:46,661][INFO] [Epoch 191/200] trn/acc1 1.00e+00, trn/loss 1.82e-01, trn/loss_ce 1.70e-03, trn/loss_wd 3.61e+02, trn/lr 5.85e-04
[2022-03-20 10:55:46,826][INFO] [Epoch 191/200] Validation: val/acc1 0.9422, val/loss_ce 0.2999
[2022-03-20 10:55:53,534][INFO] [Epoch 192/200] trn/acc1 1.00e+00, trn/loss 1.82e-01, trn/loss_ce 1.35e-03, trn/loss_wd 3.61e+02, trn/lr 4.69e-04
[2022-03-20 10:55:53,699][INFO] [Epoch 192/200] Validation: val/acc1 0.9400, val/loss_ce 0.2981
[2022-03-20 10:56:00,364][INFO] [Epoch 193/200] trn/acc1 1.00e+00, trn/loss 1.81e-01, trn/loss_ce 1.42e-03, trn/loss_wd 3.60e+02, trn/lr 3.65e-04
[2022-03-20 10:56:00,529][INFO] [Epoch 193/200] Validation: val/acc1 0.9394, val/loss_ce 0.2975
[2022-03-20 10:56:07,174][INFO] [Epoch 194/200] trn/acc1 1.00e+00, trn/loss 1.81e-01, trn/loss_ce 1.39e-03, trn/loss_wd 3.60e+02, trn/lr 2.75e-04
[2022-03-20 10:56:07,338][INFO] [Epoch 194/200] Validation: val/acc1 0.9430, val/loss_ce 0.2950
[2022-03-20 10:56:14,408][INFO] [Epoch 195/200] trn/acc1 1.00e+00, trn/loss 1.81e-01, trn/loss_ce 1.28e-03, trn/loss_wd 3.59e+02, trn/lr 1.97e-04
[2022-03-20 10:56:14,573][INFO] [Epoch 195/200] Validation: val/acc1 0.9418, val/loss_ce 0.2926
[2022-03-20 10:56:21,431][INFO] [Epoch 196/200] trn/acc1 1.00e+00, trn/loss 1.81e-01, trn/loss_ce 1.22e-03, trn/loss_wd 3.59e+02, trn/lr 1.32e-04
[2022-03-20 10:56:21,595][INFO] [Epoch 196/200] Validation: val/acc1 0.9414, val/loss_ce 0.2940
[2022-03-20 10:56:28,238][INFO] [Epoch 197/200] trn/acc1 1.00e+00, trn/loss 1.81e-01, trn/loss_ce 1.19e-03, trn/loss_wd 3.59e+02, trn/lr 8.01e-05
[2022-03-20 10:56:28,402][INFO] [Epoch 197/200] Validation: val/acc1 0.9414, val/loss_ce 0.2948
[2022-03-20 10:56:35,078][INFO] [Epoch 198/200] trn/acc1 1.00e+00, trn/loss 1.81e-01, trn/loss_ce 1.27e-03, trn/loss_wd 3.59e+02, trn/lr 4.11e-05
[2022-03-20 10:56:35,241][INFO] [Epoch 198/200] Validation: val/acc1 0.9424, val/loss_ce 0.2946
[2022-03-20 10:56:41,910][INFO] [Epoch 199/200] trn/acc1 1.00e+00, trn/loss 1.81e-01, trn/loss_ce 1.29e-03, trn/loss_wd 3.59e+02, trn/lr 1.52e-05
[2022-03-20 10:56:42,076][INFO] [Epoch 199/200] Validation: val/acc1 0.9416, val/loss_ce 0.2925
[2022-03-20 10:56:49,042][INFO] [Epoch 200/200] trn/acc1 1.00e+00, trn/loss 1.81e-01, trn/loss_ce 1.37e-03, trn/loss_wd 3.59e+02, trn/lr 2.17e-06
[2022-03-20 10:56:49,206][INFO] [Epoch 200/200] Validation: val/acc1 0.9408, val/loss_ce 0.2942
