[2022-02-05 12:04:00,750][INFO] Environments:
------------  ---------------------------------------------------------------------------
sys.platform  linux
Python        3.7.11 (default, Nov 23 2021, 05:29:02) [GCC 7.5.0]
JAX           0.2.27 @/mnt/data1/giung/venvs/jax0.2.27/lib/python3.7/site-packages/jax
jaxlib        0.1.75 @/mnt/data1/giung/venvs/jax0.2.27/lib/python3.7/site-packages/jaxlib
Flax          0.4.0 @/mnt/data1/giung/venvs/jax0.2.27/lib/python3.7/site-packages/flax
Optax         0.1.0 @/mnt/data1/giung/venvs/jax0.2.27/lib/python3.7/site-packages/optax
------------  ---------------------------------------------------------------------------

[2022-02-05 12:04:00,750][INFO] Command line arguments:
Namespace(batch_size=128, config_file='./configs/C10_WRN28x5-BN-ReLU_SGD.yaml', keep_every_n_checkpoints=None, learning_rate=0.1, num_epochs=200, num_warmup_epochs=5, opts=[], output_dir='./outputs/C10_WRN28x5-BN-ReLU/SGD/s42_e200_wd5e-4_4GPU/', seed=42, weight_decay=0.0005)

[2022-02-05 12:04:00,750][INFO] Using a random seed 42

[2022-02-05 12:04:00,969][INFO] Unable to initialize backend 'tpu_driver': NOT_FOUND: Unable to find driver in registry given worker: 
[2022-02-05 12:04:01,680][INFO] Unable to initialize backend 'tpu': INVALID_ARGUMENT: TpuPlatform is not available.
[2022-02-05 12:05:29,383][INFO] Found no checkpoint files in outputs/C10_WRN28x5-BN-ReLU/SGD/s42_e200_wd5e-4_4GPU
[2022-02-05 12:05:57,811][INFO] [Epoch   1/200] trn/acc1 3.40e-01, trn/loss 5.42e+00, trn/loss_ce 1.80e+00, trn/loss_wd 7.23e+03, trn/lr 9.97e-03
[2022-02-05 12:06:00,588][INFO] [Epoch   1/200] Validation: val/acc1 0.4622, val/loss_ce 1.4701
[2022-02-05 12:06:13,229][INFO] [Epoch   2/200] trn/acc1 5.54e-01, trn/loss 4.62e+00, trn/loss_ce 1.24e+00, trn/loss_wd 6.77e+03, trn/lr 3.00e-02
[2022-02-05 12:06:22,824][INFO] [Epoch   3/200] trn/acc1 6.57e-01, trn/loss 3.94e+00, trn/loss_ce 9.75e-01, trn/loss_wd 5.94e+03, trn/lr 5.00e-02
[2022-02-05 12:06:32,428][INFO] [Epoch   4/200] trn/acc1 7.13e-01, trn/loss 3.28e+00, trn/loss_ce 8.27e-01, trn/loss_wd 4.91e+03, trn/lr 7.00e-02
[2022-02-05 12:06:42,045][INFO] [Epoch   5/200] trn/acc1 7.50e-01, trn/loss 2.65e+00, trn/loss_ce 7.25e-01, trn/loss_wd 3.84e+03, trn/lr 9.00e-02
[2022-02-05 12:06:51,706][INFO] [Epoch   6/200] trn/acc1 7.82e-01, trn/loss 2.09e+00, trn/loss_ce 6.36e-01, trn/loss_wd 2.91e+03, trn/lr 1.00e-01
[2022-02-05 12:07:01,352][INFO] [Epoch   7/200] trn/acc1 8.04e-01, trn/loss 1.69e+00, trn/loss_ce 5.76e-01, trn/loss_wd 2.23e+03, trn/lr 1.00e-01
[2022-02-05 12:07:11,007][INFO] [Epoch   8/200] trn/acc1 8.20e-01, trn/loss 1.41e+00, trn/loss_ce 5.34e-01, trn/loss_wd 1.75e+03, trn/lr 1.00e-01
[2022-02-05 12:07:20,659][INFO] [Epoch   9/200] trn/acc1 8.30e-01, trn/loss 1.21e+00, trn/loss_ce 4.99e-01, trn/loss_wd 1.42e+03, trn/lr 9.99e-02
[2022-02-05 12:07:30,313][INFO] [Epoch  10/200] trn/acc1 8.35e-01, trn/loss 1.08e+00, trn/loss_ce 4.83e-01, trn/loss_wd 1.20e+03, trn/lr 9.99e-02
[2022-02-05 12:07:39,967][INFO] [Epoch  11/200] trn/acc1 8.42e-01, trn/loss 9.87e-01, trn/loss_ce 4.64e-01, trn/loss_wd 1.05e+03, trn/lr 9.98e-02
[2022-02-05 12:07:49,614][INFO] [Epoch  12/200] trn/acc1 8.45e-01, trn/loss 9.24e-01, trn/loss_ce 4.50e-01, trn/loss_wd 9.48e+02, trn/lr 9.97e-02
[2022-02-05 12:07:59,274][INFO] [Epoch  13/200] trn/acc1 8.51e-01, trn/loss 8.80e-01, trn/loss_ce 4.38e-01, trn/loss_wd 8.85e+02, trn/lr 9.96e-02
[2022-02-05 12:08:08,945][INFO] [Epoch  14/200] trn/acc1 8.54e-01, trn/loss 8.51e-01, trn/loss_ce 4.29e-01, trn/loss_wd 8.44e+02, trn/lr 9.95e-02
[2022-02-05 12:08:18,597][INFO] [Epoch  15/200] trn/acc1 8.57e-01, trn/loss 8.27e-01, trn/loss_ce 4.16e-01, trn/loss_wd 8.22e+02, trn/lr 9.94e-02
[2022-02-05 12:08:28,227][INFO] [Epoch  16/200] trn/acc1 8.61e-01, trn/loss 8.17e-01, trn/loss_ce 4.12e-01, trn/loss_wd 8.10e+02, trn/lr 9.93e-02
[2022-02-05 12:08:37,888][INFO] [Epoch  17/200] trn/acc1 8.63e-01, trn/loss 8.06e-01, trn/loss_ce 4.01e-01, trn/loss_wd 8.08e+02, trn/lr 9.91e-02
[2022-02-05 12:08:47,558][INFO] [Epoch  18/200] trn/acc1 8.69e-01, trn/loss 7.89e-01, trn/loss_ce 3.86e-01, trn/loss_wd 8.07e+02, trn/lr 9.90e-02
[2022-02-05 12:08:57,231][INFO] [Epoch  19/200] trn/acc1 8.68e-01, trn/loss 7.89e-01, trn/loss_ce 3.87e-01, trn/loss_wd 8.04e+02, trn/lr 9.88e-02
[2022-02-05 12:09:06,893][INFO] [Epoch  20/200] trn/acc1 8.73e-01, trn/loss 7.76e-01, trn/loss_ce 3.74e-01, trn/loss_wd 8.04e+02, trn/lr 9.86e-02
[2022-02-05 12:09:07,223][INFO] [Epoch  20/200] Validation: val/acc1 0.8572, val/loss_ce 0.4251
[2022-02-05 12:09:20,638][INFO] [Epoch  21/200] trn/acc1 8.77e-01, trn/loss 7.70e-01, trn/loss_ce 3.68e-01, trn/loss_wd 8.05e+02, trn/lr 9.84e-02
[2022-02-05 12:09:30,390][INFO] [Epoch  22/200] trn/acc1 8.76e-01, trn/loss 7.71e-01, trn/loss_ce 3.67e-01, trn/loss_wd 8.09e+02, trn/lr 9.82e-02
[2022-02-05 12:09:40,046][INFO] [Epoch  23/200] trn/acc1 8.76e-01, trn/loss 7.72e-01, trn/loss_ce 3.65e-01, trn/loss_wd 8.16e+02, trn/lr 9.80e-02
[2022-02-05 12:09:49,724][INFO] [Epoch  24/200] trn/acc1 8.80e-01, trn/loss 7.62e-01, trn/loss_ce 3.53e-01, trn/loss_wd 8.19e+02, trn/lr 9.78e-02
[2022-02-05 12:09:59,379][INFO] [Epoch  25/200] trn/acc1 8.79e-01, trn/loss 7.66e-01, trn/loss_ce 3.54e-01, trn/loss_wd 8.23e+02, trn/lr 9.76e-02
[2022-02-05 12:10:09,048][INFO] [Epoch  26/200] trn/acc1 8.80e-01, trn/loss 7.66e-01, trn/loss_ce 3.52e-01, trn/loss_wd 8.28e+02, trn/lr 9.73e-02
[2022-02-05 12:10:18,722][INFO] [Epoch  27/200] trn/acc1 8.81e-01, trn/loss 7.67e-01, trn/loss_ce 3.49e-01, trn/loss_wd 8.35e+02, trn/lr 9.70e-02
[2022-02-05 12:10:28,380][INFO] [Epoch  28/200] trn/acc1 8.84e-01, trn/loss 7.61e-01, trn/loss_ce 3.42e-01, trn/loss_wd 8.38e+02, trn/lr 9.68e-02
[2022-02-05 12:10:38,019][INFO] [Epoch  29/200] trn/acc1 8.84e-01, trn/loss 7.63e-01, trn/loss_ce 3.40e-01, trn/loss_wd 8.45e+02, trn/lr 9.65e-02
[2022-02-05 12:10:47,684][INFO] [Epoch  30/200] trn/acc1 8.85e-01, trn/loss 7.56e-01, trn/loss_ce 3.33e-01, trn/loss_wd 8.45e+02, trn/lr 9.62e-02
[2022-02-05 12:10:57,329][INFO] [Epoch  31/200] trn/acc1 8.87e-01, trn/loss 7.57e-01, trn/loss_ce 3.33e-01, trn/loss_wd 8.48e+02, trn/lr 9.58e-02
[2022-02-05 12:11:06,989][INFO] [Epoch  32/200] trn/acc1 8.90e-01, trn/loss 7.54e-01, trn/loss_ce 3.28e-01, trn/loss_wd 8.52e+02, trn/lr 9.55e-02
[2022-02-05 12:11:16,639][INFO] [Epoch  33/200] trn/acc1 8.90e-01, trn/loss 7.52e-01, trn/loss_ce 3.24e-01, trn/loss_wd 8.55e+02, trn/lr 9.52e-02
[2022-02-05 12:11:26,322][INFO] [Epoch  34/200] trn/acc1 8.90e-01, trn/loss 7.50e-01, trn/loss_ce 3.22e-01, trn/loss_wd 8.55e+02, trn/lr 9.48e-02
[2022-02-05 12:11:35,984][INFO] [Epoch  35/200] trn/acc1 8.91e-01, trn/loss 7.49e-01, trn/loss_ce 3.20e-01, trn/loss_wd 8.58e+02, trn/lr 9.45e-02
[2022-02-05 12:11:45,678][INFO] [Epoch  36/200] trn/acc1 8.91e-01, trn/loss 7.51e-01, trn/loss_ce 3.20e-01, trn/loss_wd 8.63e+02, trn/lr 9.41e-02
[2022-02-05 12:11:55,365][INFO] [Epoch  37/200] trn/acc1 8.92e-01, trn/loss 7.53e-01, trn/loss_ce 3.19e-01, trn/loss_wd 8.68e+02, trn/lr 9.37e-02
[2022-02-05 12:12:05,047][INFO] [Epoch  38/200] trn/acc1 8.93e-01, trn/loss 7.45e-01, trn/loss_ce 3.10e-01, trn/loss_wd 8.69e+02, trn/lr 9.33e-02
[2022-02-05 12:12:14,724][INFO] [Epoch  39/200] trn/acc1 8.96e-01, trn/loss 7.39e-01, trn/loss_ce 3.05e-01, trn/loss_wd 8.68e+02, trn/lr 9.29e-02
[2022-02-05 12:12:24,412][INFO] [Epoch  40/200] trn/acc1 8.95e-01, trn/loss 7.39e-01, trn/loss_ce 3.06e-01, trn/loss_wd 8.66e+02, trn/lr 9.25e-02
[2022-02-05 12:12:24,759][INFO] [Epoch  40/200] Validation: val/acc1 0.8542, val/loss_ce 0.4551
[2022-02-05 12:12:35,394][INFO] [Epoch  41/200] trn/acc1 8.96e-01, trn/loss 7.37e-01, trn/loss_ce 3.06e-01, trn/loss_wd 8.63e+02, trn/lr 9.20e-02
[2022-02-05 12:12:45,041][INFO] [Epoch  42/200] trn/acc1 8.97e-01, trn/loss 7.37e-01, trn/loss_ce 3.02e-01, trn/loss_wd 8.69e+02, trn/lr 9.16e-02
[2022-02-05 12:12:54,832][INFO] [Epoch  43/200] trn/acc1 8.99e-01, trn/loss 7.36e-01, trn/loss_ce 3.01e-01, trn/loss_wd 8.70e+02, trn/lr 9.11e-02
[2022-02-05 12:13:04,492][INFO] [Epoch  44/200] trn/acc1 8.98e-01, trn/loss 7.35e-01, trn/loss_ce 3.00e-01, trn/loss_wd 8.70e+02, trn/lr 9.07e-02
[2022-02-05 12:13:14,155][INFO] [Epoch  45/200] trn/acc1 8.99e-01, trn/loss 7.32e-01, trn/loss_ce 2.96e-01, trn/loss_wd 8.72e+02, trn/lr 9.02e-02
[2022-02-05 12:13:23,826][INFO] [Epoch  46/200] trn/acc1 9.01e-01, trn/loss 7.31e-01, trn/loss_ce 2.95e-01, trn/loss_wd 8.72e+02, trn/lr 8.97e-02
[2022-02-05 12:13:33,496][INFO] [Epoch  47/200] trn/acc1 9.01e-01, trn/loss 7.29e-01, trn/loss_ce 2.92e-01, trn/loss_wd 8.73e+02, trn/lr 8.92e-02
[2022-02-05 12:13:43,159][INFO] [Epoch  48/200] trn/acc1 9.03e-01, trn/loss 7.20e-01, trn/loss_ce 2.85e-01, trn/loss_wd 8.70e+02, trn/lr 8.87e-02
[2022-02-05 12:13:52,801][INFO] [Epoch  49/200] trn/acc1 9.02e-01, trn/loss 7.24e-01, trn/loss_ce 2.89e-01, trn/loss_wd 8.70e+02, trn/lr 8.82e-02
[2022-02-05 12:14:02,454][INFO] [Epoch  50/200] trn/acc1 9.03e-01, trn/loss 7.22e-01, trn/loss_ce 2.87e-01, trn/loss_wd 8.71e+02, trn/lr 8.77e-02
[2022-02-05 12:14:12,087][INFO] [Epoch  51/200] trn/acc1 9.03e-01, trn/loss 7.19e-01, trn/loss_ce 2.85e-01, trn/loss_wd 8.69e+02, trn/lr 8.72e-02
[2022-02-05 12:14:21,733][INFO] [Epoch  52/200] trn/acc1 9.02e-01, trn/loss 7.19e-01, trn/loss_ce 2.83e-01, trn/loss_wd 8.72e+02, trn/lr 8.66e-02
[2022-02-05 12:14:31,376][INFO] [Epoch  53/200] trn/acc1 9.05e-01, trn/loss 7.16e-01, trn/loss_ce 2.81e-01, trn/loss_wd 8.72e+02, trn/lr 8.61e-02
[2022-02-05 12:14:41,034][INFO] [Epoch  54/200] trn/acc1 9.06e-01, trn/loss 7.11e-01, trn/loss_ce 2.76e-01, trn/loss_wd 8.71e+02, trn/lr 8.55e-02
[2022-02-05 12:14:50,684][INFO] [Epoch  55/200] trn/acc1 9.06e-01, trn/loss 7.12e-01, trn/loss_ce 2.76e-01, trn/loss_wd 8.71e+02, trn/lr 8.49e-02
[2022-02-05 12:15:00,347][INFO] [Epoch  56/200] trn/acc1 9.06e-01, trn/loss 7.15e-01, trn/loss_ce 2.78e-01, trn/loss_wd 8.74e+02, trn/lr 8.43e-02
[2022-02-05 12:15:10,006][INFO] [Epoch  57/200] trn/acc1 9.06e-01, trn/loss 7.09e-01, trn/loss_ce 2.72e-01, trn/loss_wd 8.74e+02, trn/lr 8.38e-02
[2022-02-05 12:15:19,668][INFO] [Epoch  58/200] trn/acc1 9.07e-01, trn/loss 7.07e-01, trn/loss_ce 2.71e-01, trn/loss_wd 8.72e+02, trn/lr 8.32e-02
[2022-02-05 12:15:29,321][INFO] [Epoch  59/200] trn/acc1 9.07e-01, trn/loss 7.07e-01, trn/loss_ce 2.71e-01, trn/loss_wd 8.73e+02, trn/lr 8.25e-02
[2022-02-05 12:15:38,990][INFO] [Epoch  60/200] trn/acc1 9.11e-01, trn/loss 6.98e-01, trn/loss_ce 2.63e-01, trn/loss_wd 8.70e+02, trn/lr 8.19e-02
[2022-02-05 12:15:39,313][INFO] [Epoch  60/200] Validation: val/acc1 0.8282, val/loss_ce 0.5457
[2022-02-05 12:15:49,759][INFO] [Epoch  61/200] trn/acc1 9.10e-01, trn/loss 6.97e-01, trn/loss_ce 2.64e-01, trn/loss_wd 8.66e+02, trn/lr 8.13e-02
[2022-02-05 12:15:59,415][INFO] [Epoch  62/200] trn/acc1 9.10e-01, trn/loss 6.95e-01, trn/loss_ce 2.63e-01, trn/loss_wd 8.65e+02, trn/lr 8.07e-02
[2022-02-05 12:16:09,055][INFO] [Epoch  63/200] trn/acc1 9.12e-01, trn/loss 6.93e-01, trn/loss_ce 2.61e-01, trn/loss_wd 8.65e+02, trn/lr 8.00e-02
[2022-02-05 12:16:18,709][INFO] [Epoch  64/200] trn/acc1 9.15e-01, trn/loss 6.84e-01, trn/loss_ce 2.53e-01, trn/loss_wd 8.62e+02, trn/lr 7.94e-02
[2022-02-05 12:16:28,365][INFO] [Epoch  65/200] trn/acc1 9.14e-01, trn/loss 6.83e-01, trn/loss_ce 2.53e-01, trn/loss_wd 8.61e+02, trn/lr 7.87e-02
[2022-02-05 12:16:38,099][INFO] [Epoch  66/200] trn/acc1 9.15e-01, trn/loss 6.83e-01, trn/loss_ce 2.54e-01, trn/loss_wd 8.58e+02, trn/lr 7.81e-02
[2022-02-05 12:16:47,759][INFO] [Epoch  67/200] trn/acc1 9.14e-01, trn/loss 6.80e-01, trn/loss_ce 2.52e-01, trn/loss_wd 8.56e+02, trn/lr 7.74e-02
[2022-02-05 12:16:57,445][INFO] [Epoch  68/200] trn/acc1 9.16e-01, trn/loss 6.77e-01, trn/loss_ce 2.50e-01, trn/loss_wd 8.54e+02, trn/lr 7.67e-02
[2022-02-05 12:17:07,115][INFO] [Epoch  69/200] trn/acc1 9.16e-01, trn/loss 6.75e-01, trn/loss_ce 2.49e-01, trn/loss_wd 8.52e+02, trn/lr 7.60e-02
[2022-02-05 12:17:16,772][INFO] [Epoch  70/200] trn/acc1 9.14e-01, trn/loss 6.77e-01, trn/loss_ce 2.50e-01, trn/loss_wd 8.55e+02, trn/lr 7.53e-02
[2022-02-05 12:17:26,425][INFO] [Epoch  71/200] trn/acc1 9.19e-01, trn/loss 6.68e-01, trn/loss_ce 2.41e-01, trn/loss_wd 8.54e+02, trn/lr 7.47e-02
[2022-02-05 12:17:36,111][INFO] [Epoch  72/200] trn/acc1 9.19e-01, trn/loss 6.63e-01, trn/loss_ce 2.38e-01, trn/loss_wd 8.50e+02, trn/lr 7.39e-02
[2022-02-05 12:17:45,776][INFO] [Epoch  73/200] trn/acc1 9.18e-01, trn/loss 6.65e-01, trn/loss_ce 2.40e-01, trn/loss_wd 8.49e+02, trn/lr 7.32e-02
[2022-02-05 12:17:55,451][INFO] [Epoch  74/200] trn/acc1 9.19e-01, trn/loss 6.60e-01, trn/loss_ce 2.37e-01, trn/loss_wd 8.45e+02, trn/lr 7.25e-02
[2022-02-05 12:18:05,113][INFO] [Epoch  75/200] trn/acc1 9.20e-01, trn/loss 6.57e-01, trn/loss_ce 2.36e-01, trn/loss_wd 8.43e+02, trn/lr 7.18e-02
[2022-02-05 12:18:14,774][INFO] [Epoch  76/200] trn/acc1 9.22e-01, trn/loss 6.53e-01, trn/loss_ce 2.31e-01, trn/loss_wd 8.44e+02, trn/lr 7.11e-02
[2022-02-05 12:18:24,456][INFO] [Epoch  77/200] trn/acc1 9.23e-01, trn/loss 6.53e-01, trn/loss_ce 2.30e-01, trn/loss_wd 8.45e+02, trn/lr 7.03e-02
[2022-02-05 12:18:34,160][INFO] [Epoch  78/200] trn/acc1 9.23e-01, trn/loss 6.45e-01, trn/loss_ce 2.27e-01, trn/loss_wd 8.36e+02, trn/lr 6.96e-02
[2022-02-05 12:18:43,832][INFO] [Epoch  79/200] trn/acc1 9.22e-01, trn/loss 6.49e-01, trn/loss_ce 2.30e-01, trn/loss_wd 8.37e+02, trn/lr 6.89e-02
[2022-02-05 12:18:53,505][INFO] [Epoch  80/200] trn/acc1 9.25e-01, trn/loss 6.43e-01, trn/loss_ce 2.25e-01, trn/loss_wd 8.37e+02, trn/lr 6.81e-02
[2022-02-05 12:18:53,846][INFO] [Epoch  80/200] Validation: val/acc1 0.8854, val/loss_ce 0.3650
[2022-02-05 12:19:07,327][INFO] [Epoch  81/200] trn/acc1 9.24e-01, trn/loss 6.39e-01, trn/loss_ce 2.22e-01, trn/loss_wd 8.35e+02, trn/lr 6.74e-02
[2022-02-05 12:19:16,967][INFO] [Epoch  82/200] trn/acc1 9.24e-01, trn/loss 6.39e-01, trn/loss_ce 2.23e-01, trn/loss_wd 8.33e+02, trn/lr 6.66e-02
[2022-02-05 12:19:26,605][INFO] [Epoch  83/200] trn/acc1 9.28e-01, trn/loss 6.26e-01, trn/loss_ce 2.11e-01, trn/loss_wd 8.29e+02, trn/lr 6.58e-02
[2022-02-05 12:19:36,256][INFO] [Epoch  84/200] trn/acc1 9.27e-01, trn/loss 6.28e-01, trn/loss_ce 2.14e-01, trn/loss_wd 8.27e+02, trn/lr 6.51e-02
[2022-02-05 12:19:45,901][INFO] [Epoch  85/200] trn/acc1 9.28e-01, trn/loss 6.26e-01, trn/loss_ce 2.14e-01, trn/loss_wd 8.24e+02, trn/lr 6.43e-02
[2022-02-05 12:19:55,542][INFO] [Epoch  86/200] trn/acc1 9.26e-01, trn/loss 6.24e-01, trn/loss_ce 2.13e-01, trn/loss_wd 8.21e+02, trn/lr 6.35e-02
[2022-02-05 12:20:05,166][INFO] [Epoch  87/200] trn/acc1 9.30e-01, trn/loss 6.17e-01, trn/loss_ce 2.08e-01, trn/loss_wd 8.18e+02, trn/lr 6.27e-02
[2022-02-05 12:20:14,895][INFO] [Epoch  88/200] trn/acc1 9.31e-01, trn/loss 6.11e-01, trn/loss_ce 2.03e-01, trn/loss_wd 8.17e+02, trn/lr 6.20e-02
[2022-02-05 12:20:24,532][INFO] [Epoch  89/200] trn/acc1 9.31e-01, trn/loss 6.09e-01, trn/loss_ce 2.02e-01, trn/loss_wd 8.13e+02, trn/lr 6.12e-02
[2022-02-05 12:20:34,182][INFO] [Epoch  90/200] trn/acc1 9.31e-01, trn/loss 6.06e-01, trn/loss_ce 2.01e-01, trn/loss_wd 8.11e+02, trn/lr 6.04e-02
[2022-02-05 12:20:43,821][INFO] [Epoch  91/200] trn/acc1 9.32e-01, trn/loss 6.04e-01, trn/loss_ce 1.99e-01, trn/loss_wd 8.09e+02, trn/lr 5.96e-02
[2022-02-05 12:20:53,456][INFO] [Epoch  92/200] trn/acc1 9.33e-01, trn/loss 5.98e-01, trn/loss_ce 1.96e-01, trn/loss_wd 8.05e+02, trn/lr 5.88e-02
[2022-02-05 12:21:03,087][INFO] [Epoch  93/200] trn/acc1 9.35e-01, trn/loss 5.94e-01, trn/loss_ce 1.93e-01, trn/loss_wd 8.01e+02, trn/lr 5.80e-02
[2022-02-05 12:21:12,724][INFO] [Epoch  94/200] trn/acc1 9.33e-01, trn/loss 5.91e-01, trn/loss_ce 1.92e-01, trn/loss_wd 7.98e+02, trn/lr 5.72e-02
[2022-02-05 12:21:22,367][INFO] [Epoch  95/200] trn/acc1 9.38e-01, trn/loss 5.79e-01, trn/loss_ce 1.82e-01, trn/loss_wd 7.94e+02, trn/lr 5.64e-02
[2022-02-05 12:21:32,019][INFO] [Epoch  96/200] trn/acc1 9.36e-01, trn/loss 5.82e-01, trn/loss_ce 1.87e-01, trn/loss_wd 7.90e+02, trn/lr 5.56e-02
[2022-02-05 12:21:41,664][INFO] [Epoch  97/200] trn/acc1 9.39e-01, trn/loss 5.74e-01, trn/loss_ce 1.81e-01, trn/loss_wd 7.86e+02, trn/lr 5.48e-02
[2022-02-05 12:21:51,311][INFO] [Epoch  98/200] trn/acc1 9.42e-01, trn/loss 5.65e-01, trn/loss_ce 1.75e-01, trn/loss_wd 7.81e+02, trn/lr 5.40e-02
[2022-02-05 12:22:00,954][INFO] [Epoch  99/200] trn/acc1 9.38e-01, trn/loss 5.71e-01, trn/loss_ce 1.81e-01, trn/loss_wd 7.79e+02, trn/lr 5.32e-02
[2022-02-05 12:22:10,619][INFO] [Epoch 100/200] trn/acc1 9.43e-01, trn/loss 5.57e-01, trn/loss_ce 1.69e-01, trn/loss_wd 7.75e+02, trn/lr 5.24e-02
[2022-02-05 12:22:10,942][INFO] [Epoch 100/200] Validation: val/acc1 0.9104, val/loss_ce 0.2730
[2022-02-05 12:22:23,790][INFO] [Epoch 101/200] trn/acc1 9.42e-01, trn/loss 5.57e-01, trn/loss_ce 1.72e-01, trn/loss_wd 7.70e+02, trn/lr 5.16e-02
[2022-02-05 12:22:33,443][INFO] [Epoch 102/200] trn/acc1 9.43e-01, trn/loss 5.55e-01, trn/loss_ce 1.70e-01, trn/loss_wd 7.69e+02, trn/lr 5.08e-02
[2022-02-05 12:22:43,101][INFO] [Epoch 103/200] trn/acc1 9.42e-01, trn/loss 5.55e-01, trn/loss_ce 1.71e-01, trn/loss_wd 7.68e+02, trn/lr 5.00e-02
[2022-02-05 12:22:52,755][INFO] [Epoch 104/200] trn/acc1 9.43e-01, trn/loss 5.51e-01, trn/loss_ce 1.68e-01, trn/loss_wd 7.65e+02, trn/lr 4.92e-02
[2022-02-05 12:23:02,419][INFO] [Epoch 105/200] trn/acc1 9.46e-01, trn/loss 5.39e-01, trn/loss_ce 1.59e-01, trn/loss_wd 7.60e+02, trn/lr 4.84e-02
[2022-02-05 12:23:12,075][INFO] [Epoch 106/200] trn/acc1 9.45e-01, trn/loss 5.40e-01, trn/loss_ce 1.62e-01, trn/loss_wd 7.55e+02, trn/lr 4.76e-02
[2022-02-05 12:23:21,729][INFO] [Epoch 107/200] trn/acc1 9.46e-01, trn/loss 5.35e-01, trn/loss_ce 1.60e-01, trn/loss_wd 7.52e+02, trn/lr 4.68e-02
[2022-02-05 12:23:31,383][INFO] [Epoch 108/200] trn/acc1 9.49e-01, trn/loss 5.24e-01, trn/loss_ce 1.52e-01, trn/loss_wd 7.45e+02, trn/lr 4.60e-02
[2022-02-05 12:23:41,042][INFO] [Epoch 109/200] trn/acc1 9.50e-01, trn/loss 5.15e-01, trn/loss_ce 1.46e-01, trn/loss_wd 7.37e+02, trn/lr 4.52e-02
[2022-02-05 12:23:50,799][INFO] [Epoch 110/200] trn/acc1 9.47e-01, trn/loss 5.20e-01, trn/loss_ce 1.53e-01, trn/loss_wd 7.34e+02, trn/lr 4.44e-02
[2022-02-05 12:24:00,445][INFO] [Epoch 111/200] trn/acc1 9.50e-01, trn/loss 5.12e-01, trn/loss_ce 1.47e-01, trn/loss_wd 7.32e+02, trn/lr 4.36e-02
[2022-02-05 12:24:10,092][INFO] [Epoch 112/200] trn/acc1 9.51e-01, trn/loss 5.09e-01, trn/loss_ce 1.45e-01, trn/loss_wd 7.28e+02, trn/lr 4.28e-02
[2022-02-05 12:24:19,744][INFO] [Epoch 113/200] trn/acc1 9.52e-01, trn/loss 5.02e-01, trn/loss_ce 1.41e-01, trn/loss_wd 7.24e+02, trn/lr 4.20e-02
[2022-02-05 12:24:29,397][INFO] [Epoch 114/200] trn/acc1 9.53e-01, trn/loss 4.97e-01, trn/loss_ce 1.38e-01, trn/loss_wd 7.19e+02, trn/lr 4.12e-02
[2022-02-05 12:24:39,050][INFO] [Epoch 115/200] trn/acc1 9.54e-01, trn/loss 4.93e-01, trn/loss_ce 1.36e-01, trn/loss_wd 7.13e+02, trn/lr 4.04e-02
[2022-02-05 12:24:48,728][INFO] [Epoch 116/200] trn/acc1 9.56e-01, trn/loss 4.84e-01, trn/loss_ce 1.30e-01, trn/loss_wd 7.09e+02, trn/lr 3.96e-02
[2022-02-05 12:24:58,375][INFO] [Epoch 117/200] trn/acc1 9.55e-01, trn/loss 4.84e-01, trn/loss_ce 1.33e-01, trn/loss_wd 7.03e+02, trn/lr 3.88e-02
[2022-02-05 12:25:08,034][INFO] [Epoch 118/200] trn/acc1 9.57e-01, trn/loss 4.78e-01, trn/loss_ce 1.30e-01, trn/loss_wd 6.98e+02, trn/lr 3.80e-02
[2022-02-05 12:25:17,675][INFO] [Epoch 119/200] trn/acc1 9.59e-01, trn/loss 4.70e-01, trn/loss_ce 1.24e-01, trn/loss_wd 6.92e+02, trn/lr 3.73e-02
[2022-02-05 12:25:27,337][INFO] [Epoch 120/200] trn/acc1 9.59e-01, trn/loss 4.65e-01, trn/loss_ce 1.22e-01, trn/loss_wd 6.87e+02, trn/lr 3.65e-02
[2022-02-05 12:25:27,660][INFO] [Epoch 120/200] Validation: val/acc1 0.9162, val/loss_ce 0.2792
[2022-02-05 12:25:39,450][INFO] [Epoch 121/200] trn/acc1 9.59e-01, trn/loss 4.67e-01, trn/loss_ce 1.25e-01, trn/loss_wd 6.84e+02, trn/lr 3.57e-02
[2022-02-05 12:25:49,109][INFO] [Epoch 122/200] trn/acc1 9.63e-01, trn/loss 4.51e-01, trn/loss_ce 1.13e-01, trn/loss_wd 6.77e+02, trn/lr 3.49e-02
[2022-02-05 12:25:58,776][INFO] [Epoch 123/200] trn/acc1 9.62e-01, trn/loss 4.48e-01, trn/loss_ce 1.13e-01, trn/loss_wd 6.70e+02, trn/lr 3.42e-02
[2022-02-05 12:26:08,446][INFO] [Epoch 124/200] trn/acc1 9.62e-01, trn/loss 4.47e-01, trn/loss_ce 1.14e-01, trn/loss_wd 6.66e+02, trn/lr 3.34e-02
[2022-02-05 12:26:18,121][INFO] [Epoch 125/200] trn/acc1 9.65e-01, trn/loss 4.34e-01, trn/loss_ce 1.04e-01, trn/loss_wd 6.59e+02, trn/lr 3.26e-02
[2022-02-05 12:26:27,798][INFO] [Epoch 126/200] trn/acc1 9.66e-01, trn/loss 4.29e-01, trn/loss_ce 1.02e-01, trn/loss_wd 6.54e+02, trn/lr 3.19e-02
[2022-02-05 12:26:37,475][INFO] [Epoch 127/200] trn/acc1 9.66e-01, trn/loss 4.24e-01, trn/loss_ce 1.01e-01, trn/loss_wd 6.46e+02, trn/lr 3.11e-02
[2022-02-05 12:26:47,156][INFO] [Epoch 128/200] trn/acc1 9.67e-01, trn/loss 4.20e-01, trn/loss_ce 1.01e-01, trn/loss_wd 6.40e+02, trn/lr 3.04e-02
[2022-02-05 12:26:56,814][INFO] [Epoch 129/200] trn/acc1 9.67e-01, trn/loss 4.16e-01, trn/loss_ce 9.95e-02, trn/loss_wd 6.33e+02, trn/lr 2.97e-02
[2022-02-05 12:27:06,488][INFO] [Epoch 130/200] trn/acc1 9.70e-01, trn/loss 4.03e-01, trn/loss_ce 9.05e-02, trn/loss_wd 6.26e+02, trn/lr 2.89e-02
[2022-02-05 12:27:16,129][INFO] [Epoch 131/200] trn/acc1 9.71e-01, trn/loss 3.97e-01, trn/loss_ce 8.74e-02, trn/loss_wd 6.18e+02, trn/lr 2.82e-02
[2022-02-05 12:27:25,773][INFO] [Epoch 132/200] trn/acc1 9.71e-01, trn/loss 3.95e-01, trn/loss_ce 8.93e-02, trn/loss_wd 6.12e+02, trn/lr 2.75e-02
[2022-02-05 12:27:35,510][INFO] [Epoch 133/200] trn/acc1 9.72e-01, trn/loss 3.86e-01, trn/loss_ce 8.36e-02, trn/loss_wd 6.06e+02, trn/lr 2.68e-02
[2022-02-05 12:27:45,169][INFO] [Epoch 134/200] trn/acc1 9.74e-01, trn/loss 3.81e-01, trn/loss_ce 8.17e-02, trn/loss_wd 5.99e+02, trn/lr 2.61e-02
[2022-02-05 12:27:54,811][INFO] [Epoch 135/200] trn/acc1 9.75e-01, trn/loss 3.76e-01, trn/loss_ce 7.95e-02, trn/loss_wd 5.92e+02, trn/lr 2.54e-02
[2022-02-05 12:28:04,483][INFO] [Epoch 136/200] trn/acc1 9.76e-01, trn/loss 3.64e-01, trn/loss_ce 7.15e-02, trn/loss_wd 5.84e+02, trn/lr 2.47e-02
[2022-02-05 12:28:14,125][INFO] [Epoch 137/200] trn/acc1 9.74e-01, trn/loss 3.69e-01, trn/loss_ce 7.99e-02, trn/loss_wd 5.78e+02, trn/lr 2.40e-02
[2022-02-05 12:28:23,794][INFO] [Epoch 138/200] trn/acc1 9.77e-01, trn/loss 3.57e-01, trn/loss_ce 7.06e-02, trn/loss_wd 5.72e+02, trn/lr 2.33e-02
[2022-02-05 12:28:33,444][INFO] [Epoch 139/200] trn/acc1 9.77e-01, trn/loss 3.53e-01, trn/loss_ce 6.97e-02, trn/loss_wd 5.66e+02, trn/lr 2.26e-02
[2022-02-05 12:28:43,129][INFO] [Epoch 140/200] trn/acc1 9.78e-01, trn/loss 3.47e-01, trn/loss_ce 6.82e-02, trn/loss_wd 5.58e+02, trn/lr 2.19e-02
[2022-02-05 12:28:43,443][INFO] [Epoch 140/200] Validation: val/acc1 0.9256, val/loss_ce 0.2351
[2022-02-05 12:28:57,345][INFO] [Epoch 141/200] trn/acc1 9.81e-01, trn/loss 3.34e-01, trn/loss_ce 5.97e-02, trn/loss_wd 5.49e+02, trn/lr 2.13e-02
[2022-02-05 12:29:06,992][INFO] [Epoch 142/200] trn/acc1 9.81e-01, trn/loss 3.28e-01, trn/loss_ce 5.81e-02, trn/loss_wd 5.40e+02, trn/lr 2.06e-02
[2022-02-05 12:29:16,643][INFO] [Epoch 143/200] trn/acc1 9.80e-01, trn/loss 3.27e-01, trn/loss_ce 6.05e-02, trn/loss_wd 5.32e+02, trn/lr 2.00e-02
[2022-02-05 12:29:26,280][INFO] [Epoch 144/200] trn/acc1 9.84e-01, trn/loss 3.14e-01, trn/loss_ce 5.22e-02, trn/loss_wd 5.24e+02, trn/lr 1.93e-02
[2022-02-05 12:29:35,935][INFO] [Epoch 145/200] trn/acc1 9.83e-01, trn/loss 3.09e-01, trn/loss_ce 5.10e-02, trn/loss_wd 5.15e+02, trn/lr 1.87e-02
[2022-02-05 12:29:45,595][INFO] [Epoch 146/200] trn/acc1 9.85e-01, trn/loss 3.03e-01, trn/loss_ce 4.99e-02, trn/loss_wd 5.07e+02, trn/lr 1.81e-02
[2022-02-05 12:29:55,267][INFO] [Epoch 147/200] trn/acc1 9.85e-01, trn/loss 2.96e-01, trn/loss_ce 4.68e-02, trn/loss_wd 4.98e+02, trn/lr 1.75e-02
[2022-02-05 12:30:04,936][INFO] [Epoch 148/200] trn/acc1 9.87e-01, trn/loss 2.88e-01, trn/loss_ce 4.35e-02, trn/loss_wd 4.90e+02, trn/lr 1.68e-02
[2022-02-05 12:30:14,587][INFO] [Epoch 149/200] trn/acc1 9.87e-01, trn/loss 2.80e-01, trn/loss_ce 3.98e-02, trn/loss_wd 4.81e+02, trn/lr 1.62e-02
[2022-02-05 12:30:24,264][INFO] [Epoch 150/200] trn/acc1 9.88e-01, trn/loss 2.75e-01, trn/loss_ce 3.90e-02, trn/loss_wd 4.73e+02, trn/lr 1.57e-02
[2022-02-05 12:30:33,905][INFO] [Epoch 151/200] trn/acc1 9.89e-01, trn/loss 2.68e-01, trn/loss_ce 3.59e-02, trn/loss_wd 4.64e+02, trn/lr 1.51e-02
[2022-02-05 12:30:43,562][INFO] [Epoch 152/200] trn/acc1 9.89e-01, trn/loss 2.63e-01, trn/loss_ce 3.50e-02, trn/loss_wd 4.56e+02, trn/lr 1.45e-02
[2022-02-05 12:30:53,206][INFO] [Epoch 153/200] trn/acc1 9.90e-01, trn/loss 2.58e-01, trn/loss_ce 3.40e-02, trn/loss_wd 4.48e+02, trn/lr 1.39e-02
[2022-02-05 12:31:02,871][INFO] [Epoch 154/200] trn/acc1 9.90e-01, trn/loss 2.52e-01, trn/loss_ce 3.22e-02, trn/loss_wd 4.40e+02, trn/lr 1.34e-02
[2022-02-05 12:31:12,528][INFO] [Epoch 155/200] trn/acc1 9.92e-01, trn/loss 2.42e-01, trn/loss_ce 2.62e-02, trn/loss_wd 4.32e+02, trn/lr 1.28e-02
[2022-02-05 12:31:22,308][INFO] [Epoch 156/200] trn/acc1 9.92e-01, trn/loss 2.38e-01, trn/loss_ce 2.60e-02, trn/loss_wd 4.23e+02, trn/lr 1.23e-02
[2022-02-05 12:31:31,954][INFO] [Epoch 157/200] trn/acc1 9.93e-01, trn/loss 2.31e-01, trn/loss_ce 2.34e-02, trn/loss_wd 4.15e+02, trn/lr 1.18e-02
[2022-02-05 12:31:41,619][INFO] [Epoch 158/200] trn/acc1 9.94e-01, trn/loss 2.24e-01, trn/loss_ce 2.05e-02, trn/loss_wd 4.07e+02, trn/lr 1.13e-02
[2022-02-05 12:31:51,259][INFO] [Epoch 159/200] trn/acc1 9.93e-01, trn/loss 2.22e-01, trn/loss_ce 2.31e-02, trn/loss_wd 3.99e+02, trn/lr 1.08e-02
[2022-02-05 12:32:00,906][INFO] [Epoch 160/200] trn/acc1 9.95e-01, trn/loss 2.15e-01, trn/loss_ce 1.93e-02, trn/loss_wd 3.92e+02, trn/lr 1.03e-02
[2022-02-05 12:32:01,220][INFO] [Epoch 160/200] Validation: val/acc1 0.9430, val/loss_ce 0.2241
[2022-02-05 12:32:15,065][INFO] [Epoch 161/200] trn/acc1 9.95e-01, trn/loss 2.09e-01, trn/loss_ce 1.74e-02, trn/loss_wd 3.84e+02, trn/lr 9.79e-03
[2022-02-05 12:32:24,759][INFO] [Epoch 162/200] trn/acc1 9.97e-01, trn/loss 2.00e-01, trn/loss_ce 1.24e-02, trn/loss_wd 3.76e+02, trn/lr 9.31e-03
[2022-02-05 12:32:34,417][INFO] [Epoch 163/200] trn/acc1 9.97e-01, trn/loss 1.95e-01, trn/loss_ce 1.16e-02, trn/loss_wd 3.68e+02, trn/lr 8.85e-03
[2022-02-05 12:32:44,102][INFO] [Epoch 164/200] trn/acc1 9.97e-01, trn/loss 1.90e-01, trn/loss_ce 9.87e-03, trn/loss_wd 3.60e+02, trn/lr 8.40e-03
[2022-02-05 12:32:53,772][INFO] [Epoch 165/200] trn/acc1 9.98e-01, trn/loss 1.86e-01, trn/loss_ce 9.27e-03, trn/loss_wd 3.53e+02, trn/lr 7.96e-03
[2022-02-05 12:33:03,416][INFO] [Epoch 166/200] trn/acc1 9.98e-01, trn/loss 1.82e-01, trn/loss_ce 9.51e-03, trn/loss_wd 3.46e+02, trn/lr 7.53e-03
[2022-02-05 12:33:13,085][INFO] [Epoch 167/200] trn/acc1 9.98e-01, trn/loss 1.79e-01, trn/loss_ce 8.87e-03, trn/loss_wd 3.40e+02, trn/lr 7.11e-03
[2022-02-05 12:33:22,749][INFO] [Epoch 168/200] trn/acc1 9.99e-01, trn/loss 1.74e-01, trn/loss_ce 7.20e-03, trn/loss_wd 3.34e+02, trn/lr 6.70e-03
[2022-02-05 12:33:32,396][INFO] [Epoch 169/200] trn/acc1 9.99e-01, trn/loss 1.70e-01, trn/loss_ce 6.23e-03, trn/loss_wd 3.28e+02, trn/lr 6.30e-03
[2022-02-05 12:33:42,063][INFO] [Epoch 170/200] trn/acc1 9.99e-01, trn/loss 1.66e-01, trn/loss_ce 4.69e-03, trn/loss_wd 3.22e+02, trn/lr 5.92e-03
[2022-02-05 12:33:51,717][INFO] [Epoch 171/200] trn/acc1 9.99e-01, trn/loss 1.62e-01, trn/loss_ce 4.26e-03, trn/loss_wd 3.16e+02, trn/lr 5.54e-03
[2022-02-05 12:34:01,365][INFO] [Epoch 172/200] trn/acc1 9.99e-01, trn/loss 1.59e-01, trn/loss_ce 3.50e-03, trn/loss_wd 3.11e+02, trn/lr 5.18e-03
[2022-02-05 12:34:11,007][INFO] [Epoch 173/200] trn/acc1 1.00e+00, trn/loss 1.57e-01, trn/loss_ce 3.49e-03, trn/loss_wd 3.07e+02, trn/lr 4.83e-03
[2022-02-05 12:34:20,676][INFO] [Epoch 174/200] trn/acc1 1.00e+00, trn/loss 1.54e-01, trn/loss_ce 3.20e-03, trn/loss_wd 3.02e+02, trn/lr 4.49e-03
[2022-02-05 12:34:30,346][INFO] [Epoch 175/200] trn/acc1 1.00e+00, trn/loss 1.52e-01, trn/loss_ce 2.63e-03, trn/loss_wd 2.98e+02, trn/lr 4.16e-03
[2022-02-05 12:34:40,004][INFO] [Epoch 176/200] trn/acc1 1.00e+00, trn/loss 1.49e-01, trn/loss_ce 2.24e-03, trn/loss_wd 2.95e+02, trn/lr 3.85e-03
[2022-02-05 12:34:49,665][INFO] [Epoch 177/200] trn/acc1 1.00e+00, trn/loss 1.48e-01, trn/loss_ce 2.07e-03, trn/loss_wd 2.91e+02, trn/lr 3.54e-03
[2022-02-05 12:34:59,331][INFO] [Epoch 178/200] trn/acc1 1.00e+00, trn/loss 1.46e-01, trn/loss_ce 2.06e-03, trn/loss_wd 2.88e+02, trn/lr 3.25e-03
[2022-02-05 12:35:08,966][INFO] [Epoch 179/200] trn/acc1 1.00e+00, trn/loss 1.45e-01, trn/loss_ce 2.13e-03, trn/loss_wd 2.85e+02, trn/lr 2.97e-03
[2022-02-05 12:35:18,704][INFO] [Epoch 180/200] trn/acc1 1.00e+00, trn/loss 1.43e-01, trn/loss_ce 2.01e-03, trn/loss_wd 2.83e+02, trn/lr 2.70e-03
[2022-02-05 12:35:19,039][INFO] [Epoch 180/200] Validation: val/acc1 0.9576, val/loss_ce 0.1800
[2022-02-05 12:35:32,298][INFO] [Epoch 181/200] trn/acc1 1.00e+00, trn/loss 1.42e-01, trn/loss_ce 1.89e-03, trn/loss_wd 2.80e+02, trn/lr 2.45e-03
[2022-02-05 12:35:32,639][INFO] [Epoch 181/200] Validation: val/acc1 0.9560, val/loss_ce 0.1818
[2022-02-05 12:35:44,108][INFO] [Epoch 182/200] trn/acc1 1.00e+00, trn/loss 1.41e-01, trn/loss_ce 1.99e-03, trn/loss_wd 2.78e+02, trn/lr 2.21e-03
[2022-02-05 12:35:44,431][INFO] [Epoch 182/200] Validation: val/acc1 0.9566, val/loss_ce 0.1804
[2022-02-05 12:35:54,833][INFO] [Epoch 183/200] trn/acc1 1.00e+00, trn/loss 1.40e-01, trn/loss_ce 1.92e-03, trn/loss_wd 2.76e+02, trn/lr 1.97e-03
[2022-02-05 12:35:55,152][INFO] [Epoch 183/200] Validation: val/acc1 0.9570, val/loss_ce 0.1808
[2022-02-05 12:36:05,536][INFO] [Epoch 184/200] trn/acc1 1.00e+00, trn/loss 1.39e-01, trn/loss_ce 1.94e-03, trn/loss_wd 2.75e+02, trn/lr 1.76e-03
[2022-02-05 12:36:05,860][INFO] [Epoch 184/200] Validation: val/acc1 0.9578, val/loss_ce 0.1769
[2022-02-05 12:36:25,164][INFO] [Epoch 185/200] trn/acc1 1.00e+00, trn/loss 1.38e-01, trn/loss_ce 1.81e-03, trn/loss_wd 2.73e+02, trn/lr 1.55e-03
[2022-02-05 12:36:25,518][INFO] [Epoch 185/200] Validation: val/acc1 0.9566, val/loss_ce 0.1773
[2022-02-05 12:36:35,957][INFO] [Epoch 186/200] trn/acc1 1.00e+00, trn/loss 1.38e-01, trn/loss_ce 1.76e-03, trn/loss_wd 2.72e+02, trn/lr 1.36e-03
[2022-02-05 12:36:36,289][INFO] [Epoch 186/200] Validation: val/acc1 0.9580, val/loss_ce 0.1749
[2022-02-05 12:36:48,761][INFO] [Epoch 187/200] trn/acc1 1.00e+00, trn/loss 1.37e-01, trn/loss_ce 1.88e-03, trn/loss_wd 2.71e+02, trn/lr 1.18e-03
[2022-02-05 12:36:49,099][INFO] [Epoch 187/200] Validation: val/acc1 0.9574, val/loss_ce 0.1755
[2022-02-05 12:36:59,514][INFO] [Epoch 188/200] trn/acc1 1.00e+00, trn/loss 1.37e-01, trn/loss_ce 1.82e-03, trn/loss_wd 2.70e+02, trn/lr 1.01e-03
[2022-02-05 12:36:59,857][INFO] [Epoch 188/200] Validation: val/acc1 0.9568, val/loss_ce 0.1775
[2022-02-05 12:37:10,259][INFO] [Epoch 189/200] trn/acc1 1.00e+00, trn/loss 1.36e-01, trn/loss_ce 1.84e-03, trn/loss_wd 2.69e+02, trn/lr 8.56e-04
[2022-02-05 12:37:10,577][INFO] [Epoch 189/200] Validation: val/acc1 0.9570, val/loss_ce 0.1762
[2022-02-05 12:37:20,974][INFO] [Epoch 190/200] trn/acc1 1.00e+00, trn/loss 1.36e-01, trn/loss_ce 1.96e-03, trn/loss_wd 2.68e+02, trn/lr 7.14e-04
[2022-02-05 12:37:21,308][INFO] [Epoch 190/200] Validation: val/acc1 0.9556, val/loss_ce 0.1788
[2022-02-05 12:37:31,715][INFO] [Epoch 191/200] trn/acc1 1.00e+00, trn/loss 1.36e-01, trn/loss_ce 1.72e-03, trn/loss_wd 2.68e+02, trn/lr 5.85e-04
[2022-02-05 12:37:32,044][INFO] [Epoch 191/200] Validation: val/acc1 0.9568, val/loss_ce 0.1771
[2022-02-05 12:37:42,456][INFO] [Epoch 192/200] trn/acc1 1.00e+00, trn/loss 1.35e-01, trn/loss_ce 1.75e-03, trn/loss_wd 2.67e+02, trn/lr 4.69e-04
[2022-02-05 12:37:42,777][INFO] [Epoch 192/200] Validation: val/acc1 0.9566, val/loss_ce 0.1780
[2022-02-05 12:37:53,184][INFO] [Epoch 193/200] trn/acc1 1.00e+00, trn/loss 1.35e-01, trn/loss_ce 1.77e-03, trn/loss_wd 2.67e+02, trn/lr 3.65e-04
[2022-02-05 12:37:53,508][INFO] [Epoch 193/200] Validation: val/acc1 0.9568, val/loss_ce 0.1768
[2022-02-05 12:38:03,969][INFO] [Epoch 194/200] trn/acc1 1.00e+00, trn/loss 1.35e-01, trn/loss_ce 1.81e-03, trn/loss_wd 2.67e+02, trn/lr 2.75e-04
[2022-02-05 12:38:04,304][INFO] [Epoch 194/200] Validation: val/acc1 0.9568, val/loss_ce 0.1770
[2022-02-05 12:38:14,921][INFO] [Epoch 195/200] trn/acc1 1.00e+00, trn/loss 1.35e-01, trn/loss_ce 1.79e-03, trn/loss_wd 2.67e+02, trn/lr 1.97e-04
[2022-02-05 12:38:15,257][INFO] [Epoch 195/200] Validation: val/acc1 0.9564, val/loss_ce 0.1758
[2022-02-05 12:38:25,657][INFO] [Epoch 196/200] trn/acc1 1.00e+00, trn/loss 1.35e-01, trn/loss_ce 1.75e-03, trn/loss_wd 2.66e+02, trn/lr 1.32e-04
[2022-02-05 12:38:25,996][INFO] [Epoch 196/200] Validation: val/acc1 0.9564, val/loss_ce 0.1765
[2022-02-05 12:38:38,306][INFO] [Epoch 197/200] trn/acc1 1.00e+00, trn/loss 1.35e-01, trn/loss_ce 1.75e-03, trn/loss_wd 2.66e+02, trn/lr 8.01e-05
[2022-02-05 12:38:38,644][INFO] [Epoch 197/200] Validation: val/acc1 0.9558, val/loss_ce 0.1781
[2022-02-05 12:38:50,137][INFO] [Epoch 198/200] trn/acc1 1.00e+00, trn/loss 1.35e-01, trn/loss_ce 1.81e-03, trn/loss_wd 2.66e+02, trn/lr 4.11e-05
[2022-02-05 12:38:50,476][INFO] [Epoch 198/200] Validation: val/acc1 0.9568, val/loss_ce 0.1771
[2022-02-05 12:39:01,747][INFO] [Epoch 199/200] trn/acc1 1.00e+00, trn/loss 1.35e-01, trn/loss_ce 1.78e-03, trn/loss_wd 2.66e+02, trn/lr 1.52e-05
[2022-02-05 12:39:02,069][INFO] [Epoch 199/200] Validation: val/acc1 0.9564, val/loss_ce 0.1769
[2022-02-05 12:39:12,627][INFO] [Epoch 200/200] trn/acc1 1.00e+00, trn/loss 1.35e-01, trn/loss_ce 1.82e-03, trn/loss_wd 2.66e+02, trn/lr 2.17e-06
[2022-02-05 12:39:12,951][INFO] [Epoch 200/200] Validation: val/acc1 0.9570, val/loss_ce 0.1771
