[2022-02-05 02:54:05,956][INFO] Environments:
------------  ---------------------------------------------------------------------------
sys.platform  linux
Python        3.7.11 (default, Nov 23 2021, 05:29:02) [GCC 7.5.0]
JAX           0.2.27 @/mnt/data1/giung/venvs/jax0.2.27/lib/python3.7/site-packages/jax
jaxlib        0.1.75 @/mnt/data1/giung/venvs/jax0.2.27/lib/python3.7/site-packages/jaxlib
Flax          0.4.0 @/mnt/data1/giung/venvs/jax0.2.27/lib/python3.7/site-packages/flax
Optax         0.1.0 @/mnt/data1/giung/venvs/jax0.2.27/lib/python3.7/site-packages/optax
------------  ---------------------------------------------------------------------------

[2022-02-05 02:54:05,957][INFO] Command line arguments:
Namespace(batch_size=128, config_file='./configs/C10_R20-BN-ReLU_SGD.yaml', keep_every_n_checkpoints=None, learning_rate=0.1, num_epochs=200, num_warmup_epochs=5, opts=[], output_dir='./outputs/C10_R20-BN-ReLU/SGD/s42_e200_wd5e-4/', seed=42, weight_decay=0.0005)

[2022-02-05 02:54:05,957][INFO] Using a random seed 42

[2022-02-05 02:54:05,998][INFO] Unable to initialize backend 'tpu_driver': NOT_FOUND: Unable to find driver in registry given worker: 
[2022-02-05 02:54:06,329][INFO] Unable to initialize backend 'tpu': INVALID_ARGUMENT: TpuPlatform is not available.
[2022-02-05 02:54:11,975][INFO] Found no checkpoint files in outputs/C10_R20-BN-ReLU/SGD/s42_e200_wd5e-4
[2022-02-05 02:54:26,159][INFO] [Epoch   1/200] trn/acc1 3.54e-01, trn/loss 2.31e+00, trn/loss_ce 1.79e+00, trn/loss_wd 1.04e+03, trn/lr 9.97e-03
[2022-02-05 02:54:28,051][INFO] [Epoch   1/200] Validation: val/acc1 0.5082, val/loss_ce 1.3664
[2022-02-05 02:54:30,415][INFO] [Epoch   2/200] trn/acc1 5.58e-01, trn/loss 1.71e+00, trn/loss_ce 1.22e+00, trn/loss_wd 9.87e+02, trn/lr 3.00e-02
[2022-02-05 02:54:32,623][INFO] [Epoch   3/200] trn/acc1 6.40e-01, trn/loss 1.46e+00, trn/loss_ce 1.01e+00, trn/loss_wd 9.09e+02, trn/lr 5.00e-02
[2022-02-05 02:54:34,850][INFO] [Epoch   4/200] trn/acc1 6.98e-01, trn/loss 1.27e+00, trn/loss_ce 8.59e-01, trn/loss_wd 8.21e+02, trn/lr 7.00e-02
[2022-02-05 02:54:37,084][INFO] [Epoch   5/200] trn/acc1 7.31e-01, trn/loss 1.14e+00, trn/loss_ce 7.66e-01, trn/loss_wd 7.44e+02, trn/lr 9.00e-02
[2022-02-05 02:54:39,286][INFO] [Epoch   6/200] trn/acc1 7.60e-01, trn/loss 1.04e+00, trn/loss_ce 6.95e-01, trn/loss_wd 6.83e+02, trn/lr 1.00e-01
[2022-02-05 02:54:41,497][INFO] [Epoch   7/200] trn/acc1 7.76e-01, trn/loss 9.68e-01, trn/loss_ce 6.49e-01, trn/loss_wd 6.39e+02, trn/lr 1.00e-01
[2022-02-05 02:54:43,707][INFO] [Epoch   8/200] trn/acc1 7.87e-01, trn/loss 9.20e-01, trn/loss_ce 6.14e-01, trn/loss_wd 6.12e+02, trn/lr 1.00e-01
[2022-02-05 02:54:45,909][INFO] [Epoch   9/200] trn/acc1 7.98e-01, trn/loss 8.87e-01, trn/loss_ce 5.90e-01, trn/loss_wd 5.94e+02, trn/lr 9.99e-02
[2022-02-05 02:54:48,168][INFO] [Epoch  10/200] trn/acc1 8.03e-01, trn/loss 8.64e-01, trn/loss_ce 5.72e-01, trn/loss_wd 5.85e+02, trn/lr 9.99e-02
[2022-02-05 02:54:50,408][INFO] [Epoch  11/200] trn/acc1 8.09e-01, trn/loss 8.48e-01, trn/loss_ce 5.58e-01, trn/loss_wd 5.81e+02, trn/lr 9.98e-02
[2022-02-05 02:54:52,634][INFO] [Epoch  12/200] trn/acc1 8.16e-01, trn/loss 8.32e-01, trn/loss_ce 5.42e-01, trn/loss_wd 5.79e+02, trn/lr 9.97e-02
[2022-02-05 02:54:54,897][INFO] [Epoch  13/200] trn/acc1 8.18e-01, trn/loss 8.20e-01, trn/loss_ce 5.30e-01, trn/loss_wd 5.79e+02, trn/lr 9.96e-02
[2022-02-05 02:54:57,143][INFO] [Epoch  14/200] trn/acc1 8.20e-01, trn/loss 8.15e-01, trn/loss_ce 5.25e-01, trn/loss_wd 5.81e+02, trn/lr 9.95e-02
[2022-02-05 02:54:59,395][INFO] [Epoch  15/200] trn/acc1 8.23e-01, trn/loss 8.06e-01, trn/loss_ce 5.13e-01, trn/loss_wd 5.85e+02, trn/lr 9.94e-02
[2022-02-05 02:55:01,634][INFO] [Epoch  16/200] trn/acc1 8.27e-01, trn/loss 7.99e-01, trn/loss_ce 5.05e-01, trn/loss_wd 5.87e+02, trn/lr 9.93e-02
[2022-02-05 02:55:03,892][INFO] [Epoch  17/200] trn/acc1 8.29e-01, trn/loss 7.96e-01, trn/loss_ce 5.00e-01, trn/loss_wd 5.91e+02, trn/lr 9.91e-02
[2022-02-05 02:55:06,152][INFO] [Epoch  18/200] trn/acc1 8.30e-01, trn/loss 7.94e-01, trn/loss_ce 4.97e-01, trn/loss_wd 5.94e+02, trn/lr 9.90e-02
[2022-02-05 02:55:08,403][INFO] [Epoch  19/200] trn/acc1 8.35e-01, trn/loss 7.82e-01, trn/loss_ce 4.83e-01, trn/loss_wd 5.98e+02, trn/lr 9.88e-02
[2022-02-05 02:55:10,667][INFO] [Epoch  20/200] trn/acc1 8.35e-01, trn/loss 7.77e-01, trn/loss_ce 4.78e-01, trn/loss_wd 5.99e+02, trn/lr 9.86e-02
[2022-02-05 02:55:10,798][INFO] [Epoch  20/200] Validation: val/acc1 0.7358, val/loss_ce 0.8270
[2022-02-05 02:55:13,229][INFO] [Epoch  21/200] trn/acc1 8.38e-01, trn/loss 7.75e-01, trn/loss_ce 4.72e-01, trn/loss_wd 6.06e+02, trn/lr 9.84e-02
[2022-02-05 02:55:15,492][INFO] [Epoch  22/200] trn/acc1 8.39e-01, trn/loss 7.75e-01, trn/loss_ce 4.70e-01, trn/loss_wd 6.09e+02, trn/lr 9.82e-02
[2022-02-05 02:55:17,745][INFO] [Epoch  23/200] trn/acc1 8.41e-01, trn/loss 7.69e-01, trn/loss_ce 4.64e-01, trn/loss_wd 6.11e+02, trn/lr 9.80e-02
[2022-02-05 02:55:20,012][INFO] [Epoch  24/200] trn/acc1 8.42e-01, trn/loss 7.66e-01, trn/loss_ce 4.59e-01, trn/loss_wd 6.13e+02, trn/lr 9.78e-02
[2022-02-05 02:55:22,281][INFO] [Epoch  25/200] trn/acc1 8.42e-01, trn/loss 7.67e-01, trn/loss_ce 4.59e-01, trn/loss_wd 6.16e+02, trn/lr 9.76e-02
[2022-02-05 02:55:24,647][INFO] [Epoch  26/200] trn/acc1 8.43e-01, trn/loss 7.68e-01, trn/loss_ce 4.59e-01, trn/loss_wd 6.20e+02, trn/lr 9.73e-02
[2022-02-05 02:55:26,909][INFO] [Epoch  27/200] trn/acc1 8.46e-01, trn/loss 7.60e-01, trn/loss_ce 4.49e-01, trn/loss_wd 6.21e+02, trn/lr 9.70e-02
[2022-02-05 02:55:29,178][INFO] [Epoch  28/200] trn/acc1 8.45e-01, trn/loss 7.60e-01, trn/loss_ce 4.48e-01, trn/loss_wd 6.24e+02, trn/lr 9.68e-02
[2022-02-05 02:55:31,439][INFO] [Epoch  29/200] trn/acc1 8.48e-01, trn/loss 7.55e-01, trn/loss_ce 4.43e-01, trn/loss_wd 6.25e+02, trn/lr 9.65e-02
[2022-02-05 02:55:33,704][INFO] [Epoch  30/200] trn/acc1 8.47e-01, trn/loss 7.57e-01, trn/loss_ce 4.44e-01, trn/loss_wd 6.26e+02, trn/lr 9.62e-02
[2022-02-05 02:55:35,989][INFO] [Epoch  31/200] trn/acc1 8.50e-01, trn/loss 7.49e-01, trn/loss_ce 4.36e-01, trn/loss_wd 6.26e+02, trn/lr 9.58e-02
[2022-02-05 02:55:38,263][INFO] [Epoch  32/200] trn/acc1 8.49e-01, trn/loss 7.56e-01, trn/loss_ce 4.42e-01, trn/loss_wd 6.30e+02, trn/lr 9.55e-02
[2022-02-05 02:55:40,533][INFO] [Epoch  33/200] trn/acc1 8.49e-01, trn/loss 7.53e-01, trn/loss_ce 4.38e-01, trn/loss_wd 6.30e+02, trn/lr 9.52e-02
[2022-02-05 02:55:42,785][INFO] [Epoch  34/200] trn/acc1 8.56e-01, trn/loss 7.42e-01, trn/loss_ce 4.28e-01, trn/loss_wd 6.28e+02, trn/lr 9.48e-02
[2022-02-05 02:55:45,058][INFO] [Epoch  35/200] trn/acc1 8.53e-01, trn/loss 7.42e-01, trn/loss_ce 4.28e-01, trn/loss_wd 6.27e+02, trn/lr 9.45e-02
[2022-02-05 02:55:47,337][INFO] [Epoch  36/200] trn/acc1 8.54e-01, trn/loss 7.44e-01, trn/loss_ce 4.29e-01, trn/loss_wd 6.30e+02, trn/lr 9.41e-02
[2022-02-05 02:55:49,617][INFO] [Epoch  37/200] trn/acc1 8.52e-01, trn/loss 7.45e-01, trn/loss_ce 4.29e-01, trn/loss_wd 6.32e+02, trn/lr 9.37e-02
[2022-02-05 02:55:51,895][INFO] [Epoch  38/200] trn/acc1 8.54e-01, trn/loss 7.39e-01, trn/loss_ce 4.22e-01, trn/loss_wd 6.33e+02, trn/lr 9.33e-02
[2022-02-05 02:55:54,166][INFO] [Epoch  39/200] trn/acc1 8.56e-01, trn/loss 7.35e-01, trn/loss_ce 4.19e-01, trn/loss_wd 6.32e+02, trn/lr 9.29e-02
[2022-02-05 02:55:56,447][INFO] [Epoch  40/200] trn/acc1 8.56e-01, trn/loss 7.33e-01, trn/loss_ce 4.17e-01, trn/loss_wd 6.32e+02, trn/lr 9.25e-02
[2022-02-05 02:55:56,580][INFO] [Epoch  40/200] Validation: val/acc1 0.7636, val/loss_ce 0.7735
[2022-02-05 02:55:59,395][INFO] [Epoch  41/200] trn/acc1 8.55e-01, trn/loss 7.35e-01, trn/loss_ce 4.19e-01, trn/loss_wd 6.32e+02, trn/lr 9.20e-02
[2022-02-05 02:56:01,623][INFO] [Epoch  42/200] trn/acc1 8.57e-01, trn/loss 7.30e-01, trn/loss_ce 4.13e-01, trn/loss_wd 6.34e+02, trn/lr 9.16e-02
[2022-02-05 02:56:03,838][INFO] [Epoch  43/200] trn/acc1 8.58e-01, trn/loss 7.30e-01, trn/loss_ce 4.14e-01, trn/loss_wd 6.33e+02, trn/lr 9.11e-02
[2022-02-05 02:56:06,070][INFO] [Epoch  44/200] trn/acc1 8.57e-01, trn/loss 7.27e-01, trn/loss_ce 4.11e-01, trn/loss_wd 6.32e+02, trn/lr 9.07e-02
[2022-02-05 02:56:08,274][INFO] [Epoch  45/200] trn/acc1 8.60e-01, trn/loss 7.23e-01, trn/loss_ce 4.08e-01, trn/loss_wd 6.30e+02, trn/lr 9.02e-02
[2022-02-05 02:56:10,480][INFO] [Epoch  46/200] trn/acc1 8.59e-01, trn/loss 7.26e-01, trn/loss_ce 4.12e-01, trn/loss_wd 6.29e+02, trn/lr 8.97e-02
[2022-02-05 02:56:12,722][INFO] [Epoch  47/200] trn/acc1 8.61e-01, trn/loss 7.23e-01, trn/loss_ce 4.07e-01, trn/loss_wd 6.31e+02, trn/lr 8.92e-02
[2022-02-05 02:56:14,954][INFO] [Epoch  48/200] trn/acc1 8.63e-01, trn/loss 7.15e-01, trn/loss_ce 3.99e-01, trn/loss_wd 6.32e+02, trn/lr 8.87e-02
[2022-02-05 02:56:17,187][INFO] [Epoch  49/200] trn/acc1 8.61e-01, trn/loss 7.17e-01, trn/loss_ce 4.02e-01, trn/loss_wd 6.31e+02, trn/lr 8.82e-02
[2022-02-05 02:56:19,406][INFO] [Epoch  50/200] trn/acc1 8.63e-01, trn/loss 7.17e-01, trn/loss_ce 4.00e-01, trn/loss_wd 6.33e+02, trn/lr 8.77e-02
[2022-02-05 02:56:21,652][INFO] [Epoch  51/200] trn/acc1 8.63e-01, trn/loss 7.12e-01, trn/loss_ce 3.96e-01, trn/loss_wd 6.32e+02, trn/lr 8.72e-02
[2022-02-05 02:56:23,877][INFO] [Epoch  52/200] trn/acc1 8.61e-01, trn/loss 7.17e-01, trn/loss_ce 4.01e-01, trn/loss_wd 6.32e+02, trn/lr 8.66e-02
[2022-02-05 02:56:26,105][INFO] [Epoch  53/200] trn/acc1 8.68e-01, trn/loss 7.03e-01, trn/loss_ce 3.89e-01, trn/loss_wd 6.30e+02, trn/lr 8.61e-02
[2022-02-05 02:56:28,429][INFO] [Epoch  54/200] trn/acc1 8.68e-01, trn/loss 7.00e-01, trn/loss_ce 3.87e-01, trn/loss_wd 6.26e+02, trn/lr 8.55e-02
[2022-02-05 02:56:30,648][INFO] [Epoch  55/200] trn/acc1 8.66e-01, trn/loss 7.05e-01, trn/loss_ce 3.93e-01, trn/loss_wd 6.26e+02, trn/lr 8.49e-02
[2022-02-05 02:56:32,887][INFO] [Epoch  56/200] trn/acc1 8.67e-01, trn/loss 7.03e-01, trn/loss_ce 3.90e-01, trn/loss_wd 6.26e+02, trn/lr 8.43e-02
[2022-02-05 02:56:35,115][INFO] [Epoch  57/200] trn/acc1 8.68e-01, trn/loss 6.96e-01, trn/loss_ce 3.84e-01, trn/loss_wd 6.24e+02, trn/lr 8.38e-02
[2022-02-05 02:56:37,342][INFO] [Epoch  58/200] trn/acc1 8.68e-01, trn/loss 6.98e-01, trn/loss_ce 3.86e-01, trn/loss_wd 6.25e+02, trn/lr 8.32e-02
[2022-02-05 02:56:39,589][INFO] [Epoch  59/200] trn/acc1 8.69e-01, trn/loss 6.95e-01, trn/loss_ce 3.83e-01, trn/loss_wd 6.25e+02, trn/lr 8.25e-02
[2022-02-05 02:56:41,828][INFO] [Epoch  60/200] trn/acc1 8.69e-01, trn/loss 6.96e-01, trn/loss_ce 3.83e-01, trn/loss_wd 6.25e+02, trn/lr 8.19e-02
[2022-02-05 02:56:41,968][INFO] [Epoch  60/200] Validation: val/acc1 0.8304, val/loss_ce 0.5110
[2022-02-05 02:56:44,312][INFO] [Epoch  61/200] trn/acc1 8.69e-01, trn/loss 6.96e-01, trn/loss_ce 3.83e-01, trn/loss_wd 6.26e+02, trn/lr 8.13e-02
[2022-02-05 02:56:46,572][INFO] [Epoch  62/200] trn/acc1 8.69e-01, trn/loss 6.89e-01, trn/loss_ce 3.78e-01, trn/loss_wd 6.22e+02, trn/lr 8.07e-02
[2022-02-05 02:56:48,779][INFO] [Epoch  63/200] trn/acc1 8.71e-01, trn/loss 6.88e-01, trn/loss_ce 3.78e-01, trn/loss_wd 6.19e+02, trn/lr 8.00e-02
[2022-02-05 02:56:51,031][INFO] [Epoch  64/200] trn/acc1 8.73e-01, trn/loss 6.82e-01, trn/loss_ce 3.74e-01, trn/loss_wd 6.16e+02, trn/lr 7.94e-02
[2022-02-05 02:56:53,287][INFO] [Epoch  65/200] trn/acc1 8.73e-01, trn/loss 6.77e-01, trn/loss_ce 3.69e-01, trn/loss_wd 6.15e+02, trn/lr 7.87e-02
[2022-02-05 02:56:55,550][INFO] [Epoch  66/200] trn/acc1 8.71e-01, trn/loss 6.80e-01, trn/loss_ce 3.73e-01, trn/loss_wd 6.14e+02, trn/lr 7.81e-02
[2022-02-05 02:56:57,820][INFO] [Epoch  67/200] trn/acc1 8.72e-01, trn/loss 6.77e-01, trn/loss_ce 3.71e-01, trn/loss_wd 6.14e+02, trn/lr 7.74e-02
[2022-02-05 02:57:00,059][INFO] [Epoch  68/200] trn/acc1 8.73e-01, trn/loss 6.73e-01, trn/loss_ce 3.66e-01, trn/loss_wd 6.13e+02, trn/lr 7.67e-02
[2022-02-05 02:57:02,323][INFO] [Epoch  69/200] trn/acc1 8.76e-01, trn/loss 6.75e-01, trn/loss_ce 3.69e-01, trn/loss_wd 6.12e+02, trn/lr 7.60e-02
[2022-02-05 02:57:04,613][INFO] [Epoch  70/200] trn/acc1 8.75e-01, trn/loss 6.69e-01, trn/loss_ce 3.64e-01, trn/loss_wd 6.11e+02, trn/lr 7.53e-02
[2022-02-05 02:57:06,834][INFO] [Epoch  71/200] trn/acc1 8.77e-01, trn/loss 6.69e-01, trn/loss_ce 3.63e-01, trn/loss_wd 6.12e+02, trn/lr 7.47e-02
[2022-02-05 02:57:09,100][INFO] [Epoch  72/200] trn/acc1 8.78e-01, trn/loss 6.66e-01, trn/loss_ce 3.59e-01, trn/loss_wd 6.12e+02, trn/lr 7.39e-02
[2022-02-05 02:57:11,361][INFO] [Epoch  73/200] trn/acc1 8.76e-01, trn/loss 6.61e-01, trn/loss_ce 3.57e-01, trn/loss_wd 6.09e+02, trn/lr 7.32e-02
[2022-02-05 02:57:13,617][INFO] [Epoch  74/200] trn/acc1 8.75e-01, trn/loss 6.66e-01, trn/loss_ce 3.62e-01, trn/loss_wd 6.08e+02, trn/lr 7.25e-02
[2022-02-05 02:57:15,889][INFO] [Epoch  75/200] trn/acc1 8.78e-01, trn/loss 6.56e-01, trn/loss_ce 3.51e-01, trn/loss_wd 6.09e+02, trn/lr 7.18e-02
[2022-02-05 02:57:18,123][INFO] [Epoch  76/200] trn/acc1 8.79e-01, trn/loss 6.54e-01, trn/loss_ce 3.51e-01, trn/loss_wd 6.07e+02, trn/lr 7.11e-02
[2022-02-05 02:57:20,363][INFO] [Epoch  77/200] trn/acc1 8.79e-01, trn/loss 6.52e-01, trn/loss_ce 3.50e-01, trn/loss_wd 6.04e+02, trn/lr 7.03e-02
[2022-02-05 02:57:22,608][INFO] [Epoch  78/200] trn/acc1 8.79e-01, trn/loss 6.53e-01, trn/loss_ce 3.51e-01, trn/loss_wd 6.03e+02, trn/lr 6.96e-02
[2022-02-05 02:57:24,906][INFO] [Epoch  79/200] trn/acc1 8.82e-01, trn/loss 6.42e-01, trn/loss_ce 3.43e-01, trn/loss_wd 5.99e+02, trn/lr 6.89e-02
[2022-02-05 02:57:27,192][INFO] [Epoch  80/200] trn/acc1 8.80e-01, trn/loss 6.47e-01, trn/loss_ce 3.48e-01, trn/loss_wd 5.98e+02, trn/lr 6.81e-02
[2022-02-05 02:57:27,350][INFO] [Epoch  80/200] Validation: val/acc1 0.8072, val/loss_ce 0.5731
[2022-02-05 02:57:29,671][INFO] [Epoch  81/200] trn/acc1 8.83e-01, trn/loss 6.43e-01, trn/loss_ce 3.45e-01, trn/loss_wd 5.96e+02, trn/lr 6.74e-02
[2022-02-05 02:57:32,051][INFO] [Epoch  82/200] trn/acc1 8.82e-01, trn/loss 6.41e-01, trn/loss_ce 3.44e-01, trn/loss_wd 5.93e+02, trn/lr 6.66e-02
[2022-02-05 02:57:34,336][INFO] [Epoch  83/200] trn/acc1 8.85e-01, trn/loss 6.32e-01, trn/loss_ce 3.37e-01, trn/loss_wd 5.90e+02, trn/lr 6.58e-02
[2022-02-05 02:57:36,619][INFO] [Epoch  84/200] trn/acc1 8.85e-01, trn/loss 6.29e-01, trn/loss_ce 3.36e-01, trn/loss_wd 5.86e+02, trn/lr 6.51e-02
[2022-02-05 02:57:38,882][INFO] [Epoch  85/200] trn/acc1 8.85e-01, trn/loss 6.28e-01, trn/loss_ce 3.35e-01, trn/loss_wd 5.85e+02, trn/lr 6.43e-02
[2022-02-05 02:57:41,144][INFO] [Epoch  86/200] trn/acc1 8.88e-01, trn/loss 6.22e-01, trn/loss_ce 3.30e-01, trn/loss_wd 5.83e+02, trn/lr 6.35e-02
[2022-02-05 02:57:43,389][INFO] [Epoch  87/200] trn/acc1 8.85e-01, trn/loss 6.21e-01, trn/loss_ce 3.31e-01, trn/loss_wd 5.81e+02, trn/lr 6.27e-02
[2022-02-05 02:57:45,638][INFO] [Epoch  88/200] trn/acc1 8.88e-01, trn/loss 6.16e-01, trn/loss_ce 3.26e-01, trn/loss_wd 5.80e+02, trn/lr 6.20e-02
[2022-02-05 02:57:47,881][INFO] [Epoch  89/200] trn/acc1 8.86e-01, trn/loss 6.16e-01, trn/loss_ce 3.27e-01, trn/loss_wd 5.79e+02, trn/lr 6.12e-02
[2022-02-05 02:57:50,132][INFO] [Epoch  90/200] trn/acc1 8.89e-01, trn/loss 6.10e-01, trn/loss_ce 3.22e-01, trn/loss_wd 5.76e+02, trn/lr 6.04e-02
[2022-02-05 02:57:52,400][INFO] [Epoch  91/200] trn/acc1 8.90e-01, trn/loss 6.10e-01, trn/loss_ce 3.24e-01, trn/loss_wd 5.73e+02, trn/lr 5.96e-02
[2022-02-05 02:57:54,649][INFO] [Epoch  92/200] trn/acc1 8.92e-01, trn/loss 6.02e-01, trn/loss_ce 3.18e-01, trn/loss_wd 5.69e+02, trn/lr 5.88e-02
[2022-02-05 02:57:56,907][INFO] [Epoch  93/200] trn/acc1 8.91e-01, trn/loss 5.99e-01, trn/loss_ce 3.16e-01, trn/loss_wd 5.65e+02, trn/lr 5.80e-02
[2022-02-05 02:57:59,196][INFO] [Epoch  94/200] trn/acc1 8.90e-01, trn/loss 6.02e-01, trn/loss_ce 3.19e-01, trn/loss_wd 5.65e+02, trn/lr 5.72e-02
[2022-02-05 02:58:01,480][INFO] [Epoch  95/200] trn/acc1 8.94e-01, trn/loss 5.93e-01, trn/loss_ce 3.11e-01, trn/loss_wd 5.64e+02, trn/lr 5.64e-02
[2022-02-05 02:58:03,760][INFO] [Epoch  96/200] trn/acc1 8.92e-01, trn/loss 5.94e-01, trn/loss_ce 3.12e-01, trn/loss_wd 5.63e+02, trn/lr 5.56e-02
[2022-02-05 02:58:06,037][INFO] [Epoch  97/200] trn/acc1 8.95e-01, trn/loss 5.86e-01, trn/loss_ce 3.06e-01, trn/loss_wd 5.61e+02, trn/lr 5.48e-02
[2022-02-05 02:58:08,319][INFO] [Epoch  98/200] trn/acc1 8.93e-01, trn/loss 5.91e-01, trn/loss_ce 3.11e-01, trn/loss_wd 5.60e+02, trn/lr 5.40e-02
[2022-02-05 02:58:10,601][INFO] [Epoch  99/200] trn/acc1 8.95e-01, trn/loss 5.82e-01, trn/loss_ce 3.03e-01, trn/loss_wd 5.58e+02, trn/lr 5.32e-02
[2022-02-05 02:58:12,900][INFO] [Epoch 100/200] trn/acc1 8.98e-01, trn/loss 5.72e-01, trn/loss_ce 2.94e-01, trn/loss_wd 5.56e+02, trn/lr 5.24e-02
[2022-02-05 02:58:13,035][INFO] [Epoch 100/200] Validation: val/acc1 0.8594, val/loss_ce 0.4205
[2022-02-05 02:58:15,417][INFO] [Epoch 101/200] trn/acc1 8.96e-01, trn/loss 5.77e-01, trn/loss_ce 3.00e-01, trn/loss_wd 5.54e+02, trn/lr 5.16e-02
[2022-02-05 02:58:17,698][INFO] [Epoch 102/200] trn/acc1 8.98e-01, trn/loss 5.76e-01, trn/loss_ce 3.00e-01, trn/loss_wd 5.53e+02, trn/lr 5.08e-02
[2022-02-05 02:58:19,982][INFO] [Epoch 103/200] trn/acc1 8.99e-01, trn/loss 5.68e-01, trn/loss_ce 2.94e-01, trn/loss_wd 5.50e+02, trn/lr 5.00e-02
[2022-02-05 02:58:22,259][INFO] [Epoch 104/200] trn/acc1 8.98e-01, trn/loss 5.69e-01, trn/loss_ce 2.96e-01, trn/loss_wd 5.47e+02, trn/lr 4.92e-02
[2022-02-05 02:58:24,549][INFO] [Epoch 105/200] trn/acc1 9.00e-01, trn/loss 5.60e-01, trn/loss_ce 2.88e-01, trn/loss_wd 5.44e+02, trn/lr 4.84e-02
[2022-02-05 02:58:26,825][INFO] [Epoch 106/200] trn/acc1 9.01e-01, trn/loss 5.55e-01, trn/loss_ce 2.84e-01, trn/loss_wd 5.42e+02, trn/lr 4.76e-02
[2022-02-05 02:58:29,114][INFO] [Epoch 107/200] trn/acc1 9.02e-01, trn/loss 5.54e-01, trn/loss_ce 2.85e-01, trn/loss_wd 5.39e+02, trn/lr 4.68e-02
[2022-02-05 02:58:31,404][INFO] [Epoch 108/200] trn/acc1 9.02e-01, trn/loss 5.48e-01, trn/loss_ce 2.80e-01, trn/loss_wd 5.36e+02, trn/lr 4.60e-02
[2022-02-05 02:58:33,694][INFO] [Epoch 109/200] trn/acc1 9.01e-01, trn/loss 5.52e-01, trn/loss_ce 2.85e-01, trn/loss_wd 5.35e+02, trn/lr 4.52e-02
[2022-02-05 02:58:36,078][INFO] [Epoch 110/200] trn/acc1 9.04e-01, trn/loss 5.42e-01, trn/loss_ce 2.76e-01, trn/loss_wd 5.31e+02, trn/lr 4.44e-02
[2022-02-05 02:58:38,372][INFO] [Epoch 111/200] trn/acc1 9.05e-01, trn/loss 5.35e-01, trn/loss_ce 2.71e-01, trn/loss_wd 5.28e+02, trn/lr 4.36e-02
[2022-02-05 02:58:40,671][INFO] [Epoch 112/200] trn/acc1 9.07e-01, trn/loss 5.32e-01, trn/loss_ce 2.69e-01, trn/loss_wd 5.27e+02, trn/lr 4.28e-02
[2022-02-05 02:58:42,966][INFO] [Epoch 113/200] trn/acc1 9.05e-01, trn/loss 5.34e-01, trn/loss_ce 2.72e-01, trn/loss_wd 5.24e+02, trn/lr 4.20e-02
[2022-02-05 02:58:45,272][INFO] [Epoch 114/200] trn/acc1 9.09e-01, trn/loss 5.24e-01, trn/loss_ce 2.63e-01, trn/loss_wd 5.23e+02, trn/lr 4.12e-02
[2022-02-05 02:58:47,583][INFO] [Epoch 115/200] trn/acc1 9.11e-01, trn/loss 5.23e-01, trn/loss_ce 2.64e-01, trn/loss_wd 5.19e+02, trn/lr 4.04e-02
[2022-02-05 02:58:49,895][INFO] [Epoch 116/200] trn/acc1 9.10e-01, trn/loss 5.18e-01, trn/loss_ce 2.60e-01, trn/loss_wd 5.15e+02, trn/lr 3.96e-02
[2022-02-05 02:58:52,189][INFO] [Epoch 117/200] trn/acc1 9.12e-01, trn/loss 5.08e-01, trn/loss_ce 2.52e-01, trn/loss_wd 5.11e+02, trn/lr 3.88e-02
[2022-02-05 02:58:54,481][INFO] [Epoch 118/200] trn/acc1 9.13e-01, trn/loss 5.05e-01, trn/loss_ce 2.51e-01, trn/loss_wd 5.08e+02, trn/lr 3.80e-02
[2022-02-05 02:58:56,766][INFO] [Epoch 119/200] trn/acc1 9.14e-01, trn/loss 5.01e-01, trn/loss_ce 2.48e-01, trn/loss_wd 5.06e+02, trn/lr 3.73e-02
[2022-02-05 02:58:59,058][INFO] [Epoch 120/200] trn/acc1 9.14e-01, trn/loss 4.99e-01, trn/loss_ce 2.47e-01, trn/loss_wd 5.04e+02, trn/lr 3.65e-02
[2022-02-05 02:58:59,194][INFO] [Epoch 120/200] Validation: val/acc1 0.8414, val/loss_ce 0.5016
[2022-02-05 02:59:01,680][INFO] [Epoch 121/200] trn/acc1 9.15e-01, trn/loss 4.99e-01, trn/loss_ce 2.49e-01, trn/loss_wd 5.01e+02, trn/lr 3.57e-02
[2022-02-05 02:59:03,906][INFO] [Epoch 122/200] trn/acc1 9.19e-01, trn/loss 4.84e-01, trn/loss_ce 2.36e-01, trn/loss_wd 4.97e+02, trn/lr 3.49e-02
[2022-02-05 02:59:06,111][INFO] [Epoch 123/200] trn/acc1 9.18e-01, trn/loss 4.86e-01, trn/loss_ce 2.39e-01, trn/loss_wd 4.94e+02, trn/lr 3.42e-02
[2022-02-05 02:59:08,327][INFO] [Epoch 124/200] trn/acc1 9.19e-01, trn/loss 4.79e-01, trn/loss_ce 2.34e-01, trn/loss_wd 4.91e+02, trn/lr 3.34e-02
[2022-02-05 02:59:10,579][INFO] [Epoch 125/200] trn/acc1 9.21e-01, trn/loss 4.70e-01, trn/loss_ce 2.27e-01, trn/loss_wd 4.87e+02, trn/lr 3.26e-02
[2022-02-05 02:59:12,842][INFO] [Epoch 126/200] trn/acc1 9.19e-01, trn/loss 4.75e-01, trn/loss_ce 2.33e-01, trn/loss_wd 4.84e+02, trn/lr 3.19e-02
[2022-02-05 02:59:15,111][INFO] [Epoch 127/200] trn/acc1 9.21e-01, trn/loss 4.66e-01, trn/loss_ce 2.25e-01, trn/loss_wd 4.82e+02, trn/lr 3.11e-02
[2022-02-05 02:59:17,360][INFO] [Epoch 128/200] trn/acc1 9.23e-01, trn/loss 4.63e-01, trn/loss_ce 2.23e-01, trn/loss_wd 4.79e+02, trn/lr 3.04e-02
[2022-02-05 02:59:19,594][INFO] [Epoch 129/200] trn/acc1 9.24e-01, trn/loss 4.60e-01, trn/loss_ce 2.22e-01, trn/loss_wd 4.75e+02, trn/lr 2.97e-02
[2022-02-05 02:59:21,838][INFO] [Epoch 130/200] trn/acc1 9.26e-01, trn/loss 4.47e-01, trn/loss_ce 2.11e-01, trn/loss_wd 4.72e+02, trn/lr 2.89e-02
[2022-02-05 02:59:24,062][INFO] [Epoch 131/200] trn/acc1 9.25e-01, trn/loss 4.53e-01, trn/loss_ce 2.18e-01, trn/loss_wd 4.70e+02, trn/lr 2.82e-02
[2022-02-05 02:59:26,301][INFO] [Epoch 132/200] trn/acc1 9.27e-01, trn/loss 4.47e-01, trn/loss_ce 2.14e-01, trn/loss_wd 4.67e+02, trn/lr 2.75e-02
[2022-02-05 02:59:28,562][INFO] [Epoch 133/200] trn/acc1 9.28e-01, trn/loss 4.39e-01, trn/loss_ce 2.07e-01, trn/loss_wd 4.64e+02, trn/lr 2.68e-02
[2022-02-05 02:59:30,830][INFO] [Epoch 134/200] trn/acc1 9.29e-01, trn/loss 4.35e-01, trn/loss_ce 2.04e-01, trn/loss_wd 4.61e+02, trn/lr 2.61e-02
[2022-02-05 02:59:33,074][INFO] [Epoch 135/200] trn/acc1 9.31e-01, trn/loss 4.32e-01, trn/loss_ce 2.03e-01, trn/loss_wd 4.58e+02, trn/lr 2.54e-02
[2022-02-05 02:59:35,315][INFO] [Epoch 136/200] trn/acc1 9.33e-01, trn/loss 4.18e-01, trn/loss_ce 1.91e-01, trn/loss_wd 4.54e+02, trn/lr 2.47e-02
[2022-02-05 02:59:37,590][INFO] [Epoch 137/200] trn/acc1 9.34e-01, trn/loss 4.19e-01, trn/loss_ce 1.93e-01, trn/loss_wd 4.51e+02, trn/lr 2.40e-02
[2022-02-05 02:59:39,927][INFO] [Epoch 138/200] trn/acc1 9.35e-01, trn/loss 4.13e-01, trn/loss_ce 1.89e-01, trn/loss_wd 4.47e+02, trn/lr 2.33e-02
[2022-02-05 02:59:42,156][INFO] [Epoch 139/200] trn/acc1 9.35e-01, trn/loss 4.09e-01, trn/loss_ce 1.87e-01, trn/loss_wd 4.44e+02, trn/lr 2.26e-02
[2022-02-05 02:59:44,414][INFO] [Epoch 140/200] trn/acc1 9.36e-01, trn/loss 4.05e-01, trn/loss_ce 1.85e-01, trn/loss_wd 4.41e+02, trn/lr 2.19e-02
[2022-02-05 02:59:44,555][INFO] [Epoch 140/200] Validation: val/acc1 0.8782, val/loss_ce 0.3771
[2022-02-05 02:59:46,932][INFO] [Epoch 141/200] trn/acc1 9.38e-01, trn/loss 3.99e-01, trn/loss_ce 1.79e-01, trn/loss_wd 4.38e+02, trn/lr 2.13e-02
[2022-02-05 02:59:49,187][INFO] [Epoch 142/200] trn/acc1 9.40e-01, trn/loss 3.91e-01, trn/loss_ce 1.74e-01, trn/loss_wd 4.35e+02, trn/lr 2.06e-02
[2022-02-05 02:59:51,433][INFO] [Epoch 143/200] trn/acc1 9.45e-01, trn/loss 3.81e-01, trn/loss_ce 1.65e-01, trn/loss_wd 4.31e+02, trn/lr 2.00e-02
[2022-02-05 02:59:53,673][INFO] [Epoch 144/200] trn/acc1 9.43e-01, trn/loss 3.80e-01, trn/loss_ce 1.66e-01, trn/loss_wd 4.27e+02, trn/lr 1.93e-02
[2022-02-05 02:59:55,943][INFO] [Epoch 145/200] trn/acc1 9.44e-01, trn/loss 3.73e-01, trn/loss_ce 1.61e-01, trn/loss_wd 4.24e+02, trn/lr 1.87e-02
[2022-02-05 02:59:58,216][INFO] [Epoch 146/200] trn/acc1 9.46e-01, trn/loss 3.66e-01, trn/loss_ce 1.56e-01, trn/loss_wd 4.20e+02, trn/lr 1.81e-02
[2022-02-05 03:00:00,479][INFO] [Epoch 147/200] trn/acc1 9.45e-01, trn/loss 3.65e-01, trn/loss_ce 1.57e-01, trn/loss_wd 4.17e+02, trn/lr 1.75e-02
[2022-02-05 03:00:02,720][INFO] [Epoch 148/200] trn/acc1 9.49e-01, trn/loss 3.57e-01, trn/loss_ce 1.50e-01, trn/loss_wd 4.13e+02, trn/lr 1.68e-02
[2022-02-05 03:00:04,976][INFO] [Epoch 149/200] trn/acc1 9.49e-01, trn/loss 3.54e-01, trn/loss_ce 1.49e-01, trn/loss_wd 4.10e+02, trn/lr 1.62e-02
[2022-02-05 03:00:07,232][INFO] [Epoch 150/200] trn/acc1 9.53e-01, trn/loss 3.44e-01, trn/loss_ce 1.41e-01, trn/loss_wd 4.06e+02, trn/lr 1.57e-02
[2022-02-05 03:00:09,511][INFO] [Epoch 151/200] trn/acc1 9.51e-01, trn/loss 3.42e-01, trn/loss_ce 1.41e-01, trn/loss_wd 4.02e+02, trn/lr 1.51e-02
[2022-02-05 03:00:11,782][INFO] [Epoch 152/200] trn/acc1 9.54e-01, trn/loss 3.33e-01, trn/loss_ce 1.33e-01, trn/loss_wd 3.99e+02, trn/lr 1.45e-02
[2022-02-05 03:00:14,006][INFO] [Epoch 153/200] trn/acc1 9.55e-01, trn/loss 3.28e-01, trn/loss_ce 1.30e-01, trn/loss_wd 3.95e+02, trn/lr 1.39e-02
[2022-02-05 03:00:16,257][INFO] [Epoch 154/200] trn/acc1 9.57e-01, trn/loss 3.21e-01, trn/loss_ce 1.25e-01, trn/loss_wd 3.92e+02, trn/lr 1.34e-02
[2022-02-05 03:00:18,515][INFO] [Epoch 155/200] trn/acc1 9.59e-01, trn/loss 3.14e-01, trn/loss_ce 1.20e-01, trn/loss_wd 3.88e+02, trn/lr 1.28e-02
[2022-02-05 03:00:20,782][INFO] [Epoch 156/200] trn/acc1 9.60e-01, trn/loss 3.08e-01, trn/loss_ce 1.16e-01, trn/loss_wd 3.84e+02, trn/lr 1.23e-02
[2022-02-05 03:00:23,062][INFO] [Epoch 157/200] trn/acc1 9.61e-01, trn/loss 3.06e-01, trn/loss_ce 1.16e-01, trn/loss_wd 3.81e+02, trn/lr 1.18e-02
[2022-02-05 03:00:25,276][INFO] [Epoch 158/200] trn/acc1 9.62e-01, trn/loss 3.00e-01, trn/loss_ce 1.11e-01, trn/loss_wd 3.77e+02, trn/lr 1.13e-02
[2022-02-05 03:00:27,499][INFO] [Epoch 159/200] trn/acc1 9.66e-01, trn/loss 2.89e-01, trn/loss_ce 1.02e-01, trn/loss_wd 3.73e+02, trn/lr 1.08e-02
[2022-02-05 03:00:29,712][INFO] [Epoch 160/200] trn/acc1 9.66e-01, trn/loss 2.86e-01, trn/loss_ce 1.01e-01, trn/loss_wd 3.70e+02, trn/lr 1.03e-02
[2022-02-05 03:00:29,851][INFO] [Epoch 160/200] Validation: val/acc1 0.9086, val/loss_ce 0.3021
[2022-02-05 03:00:32,210][INFO] [Epoch 161/200] trn/acc1 9.69e-01, trn/loss 2.76e-01, trn/loss_ce 9.32e-02, trn/loss_wd 3.66e+02, trn/lr 9.79e-03
[2022-02-05 03:00:34,456][INFO] [Epoch 162/200] trn/acc1 9.71e-01, trn/loss 2.69e-01, trn/loss_ce 8.84e-02, trn/loss_wd 3.62e+02, trn/lr 9.31e-03
[2022-02-05 03:00:36,699][INFO] [Epoch 163/200] trn/acc1 9.71e-01, trn/loss 2.66e-01, trn/loss_ce 8.72e-02, trn/loss_wd 3.58e+02, trn/lr 8.85e-03
[2022-02-05 03:00:38,949][INFO] [Epoch 164/200] trn/acc1 9.72e-01, trn/loss 2.62e-01, trn/loss_ce 8.43e-02, trn/loss_wd 3.55e+02, trn/lr 8.40e-03
[2022-02-05 03:00:41,200][INFO] [Epoch 165/200] trn/acc1 9.75e-01, trn/loss 2.53e-01, trn/loss_ce 7.76e-02, trn/loss_wd 3.51e+02, trn/lr 7.96e-03
[2022-02-05 03:00:43,570][INFO] [Epoch 166/200] trn/acc1 9.76e-01, trn/loss 2.47e-01, trn/loss_ce 7.33e-02, trn/loss_wd 3.47e+02, trn/lr 7.53e-03
[2022-02-05 03:00:45,832][INFO] [Epoch 167/200] trn/acc1 9.78e-01, trn/loss 2.40e-01, trn/loss_ce 6.85e-02, trn/loss_wd 3.44e+02, trn/lr 7.11e-03
[2022-02-05 03:00:48,121][INFO] [Epoch 168/200] trn/acc1 9.80e-01, trn/loss 2.34e-01, trn/loss_ce 6.40e-02, trn/loss_wd 3.41e+02, trn/lr 6.70e-03
[2022-02-05 03:00:50,381][INFO] [Epoch 169/200] trn/acc1 9.80e-01, trn/loss 2.30e-01, trn/loss_ce 6.17e-02, trn/loss_wd 3.37e+02, trn/lr 6.30e-03
[2022-02-05 03:00:52,645][INFO] [Epoch 170/200] trn/acc1 9.82e-01, trn/loss 2.25e-01, trn/loss_ce 5.76e-02, trn/loss_wd 3.34e+02, trn/lr 5.92e-03
[2022-02-05 03:00:54,918][INFO] [Epoch 171/200] trn/acc1 9.83e-01, trn/loss 2.20e-01, trn/loss_ce 5.46e-02, trn/loss_wd 3.31e+02, trn/lr 5.54e-03
[2022-02-05 03:00:57,194][INFO] [Epoch 172/200] trn/acc1 9.85e-01, trn/loss 2.16e-01, trn/loss_ce 5.20e-02, trn/loss_wd 3.28e+02, trn/lr 5.18e-03
[2022-02-05 03:00:59,450][INFO] [Epoch 173/200] trn/acc1 9.85e-01, trn/loss 2.12e-01, trn/loss_ce 4.94e-02, trn/loss_wd 3.25e+02, trn/lr 4.83e-03
[2022-02-05 03:01:01,693][INFO] [Epoch 174/200] trn/acc1 9.89e-01, trn/loss 2.02e-01, trn/loss_ce 4.15e-02, trn/loss_wd 3.22e+02, trn/lr 4.49e-03
[2022-02-05 03:01:03,913][INFO] [Epoch 175/200] trn/acc1 9.88e-01, trn/loss 2.00e-01, trn/loss_ce 4.07e-02, trn/loss_wd 3.19e+02, trn/lr 4.16e-03
[2022-02-05 03:01:06,164][INFO] [Epoch 176/200] trn/acc1 9.89e-01, trn/loss 1.97e-01, trn/loss_ce 3.87e-02, trn/loss_wd 3.16e+02, trn/lr 3.85e-03
[2022-02-05 03:01:08,419][INFO] [Epoch 177/200] trn/acc1 9.91e-01, trn/loss 1.92e-01, trn/loss_ce 3.53e-02, trn/loss_wd 3.14e+02, trn/lr 3.54e-03
[2022-02-05 03:01:10,687][INFO] [Epoch 178/200] trn/acc1 9.92e-01, trn/loss 1.88e-01, trn/loss_ce 3.25e-02, trn/loss_wd 3.12e+02, trn/lr 3.25e-03
[2022-02-05 03:01:12,939][INFO] [Epoch 179/200] trn/acc1 9.92e-01, trn/loss 1.85e-01, trn/loss_ce 3.05e-02, trn/loss_wd 3.09e+02, trn/lr 2.97e-03
[2022-02-05 03:01:15,192][INFO] [Epoch 180/200] trn/acc1 9.93e-01, trn/loss 1.84e-01, trn/loss_ce 3.05e-02, trn/loss_wd 3.07e+02, trn/lr 2.70e-03
[2022-02-05 03:01:15,339][INFO] [Epoch 180/200] Validation: val/acc1 0.9222, val/loss_ce 0.2637
[2022-02-05 03:01:17,690][INFO] [Epoch 181/200] trn/acc1 9.93e-01, trn/loss 1.81e-01, trn/loss_ce 2.80e-02, trn/loss_wd 3.06e+02, trn/lr 2.45e-03
[2022-02-05 03:01:17,833][INFO] [Epoch 181/200] Validation: val/acc1 0.9240, val/loss_ce 0.2616
[2022-02-05 03:01:20,231][INFO] [Epoch 182/200] trn/acc1 9.95e-01, trn/loss 1.78e-01, trn/loss_ce 2.57e-02, trn/loss_wd 3.04e+02, trn/lr 2.21e-03
[2022-02-05 03:01:20,380][INFO] [Epoch 182/200] Validation: val/acc1 0.9266, val/loss_ce 0.2558
[2022-02-05 03:01:22,742][INFO] [Epoch 183/200] trn/acc1 9.95e-01, trn/loss 1.75e-01, trn/loss_ce 2.35e-02, trn/loss_wd 3.02e+02, trn/lr 1.97e-03
[2022-02-05 03:01:22,883][INFO] [Epoch 183/200] Validation: val/acc1 0.9266, val/loss_ce 0.2566
[2022-02-05 03:01:25,188][INFO] [Epoch 184/200] trn/acc1 9.95e-01, trn/loss 1.74e-01, trn/loss_ce 2.37e-02, trn/loss_wd 3.01e+02, trn/lr 1.76e-03
[2022-02-05 03:01:25,329][INFO] [Epoch 184/200] Validation: val/acc1 0.9260, val/loss_ce 0.2571
[2022-02-05 03:01:27,635][INFO] [Epoch 185/200] trn/acc1 9.96e-01, trn/loss 1.72e-01, trn/loss_ce 2.21e-02, trn/loss_wd 3.00e+02, trn/lr 1.55e-03
[2022-02-05 03:01:27,773][INFO] [Epoch 185/200] Validation: val/acc1 0.9250, val/loss_ce 0.2624
[2022-02-05 03:01:30,057][INFO] [Epoch 186/200] trn/acc1 9.96e-01, trn/loss 1.70e-01, trn/loss_ce 2.06e-02, trn/loss_wd 2.99e+02, trn/lr 1.36e-03
[2022-02-05 03:01:30,197][INFO] [Epoch 186/200] Validation: val/acc1 0.9276, val/loss_ce 0.2601
[2022-02-05 03:01:32,559][INFO] [Epoch 187/200] trn/acc1 9.96e-01, trn/loss 1.70e-01, trn/loss_ce 2.10e-02, trn/loss_wd 2.98e+02, trn/lr 1.18e-03
[2022-02-05 03:01:32,704][INFO] [Epoch 187/200] Validation: val/acc1 0.9258, val/loss_ce 0.2541
[2022-02-05 03:01:35,042][INFO] [Epoch 188/200] trn/acc1 9.96e-01, trn/loss 1.68e-01, trn/loss_ce 2.00e-02, trn/loss_wd 2.97e+02, trn/lr 1.01e-03
[2022-02-05 03:01:35,185][INFO] [Epoch 188/200] Validation: val/acc1 0.9276, val/loss_ce 0.2594
[2022-02-05 03:01:37,506][INFO] [Epoch 189/200] trn/acc1 9.96e-01, trn/loss 1.68e-01, trn/loss_ce 1.99e-02, trn/loss_wd 2.96e+02, trn/lr 8.56e-04
[2022-02-05 03:01:37,651][INFO] [Epoch 189/200] Validation: val/acc1 0.9260, val/loss_ce 0.2596
[2022-02-05 03:01:39,924][INFO] [Epoch 190/200] trn/acc1 9.96e-01, trn/loss 1.67e-01, trn/loss_ce 1.91e-02, trn/loss_wd 2.95e+02, trn/lr 7.14e-04
[2022-02-05 03:01:40,061][INFO] [Epoch 190/200] Validation: val/acc1 0.9292, val/loss_ce 0.2551
[2022-02-05 03:01:42,403][INFO] [Epoch 191/200] trn/acc1 9.97e-01, trn/loss 1.66e-01, trn/loss_ce 1.86e-02, trn/loss_wd 2.95e+02, trn/lr 5.85e-04
[2022-02-05 03:01:42,541][INFO] [Epoch 191/200] Validation: val/acc1 0.9280, val/loss_ce 0.2561
[2022-02-05 03:01:44,819][INFO] [Epoch 192/200] trn/acc1 9.97e-01, trn/loss 1.66e-01, trn/loss_ce 1.83e-02, trn/loss_wd 2.94e+02, trn/lr 4.69e-04
[2022-02-05 03:01:44,959][INFO] [Epoch 192/200] Validation: val/acc1 0.9270, val/loss_ce 0.2601
[2022-02-05 03:01:47,383][INFO] [Epoch 193/200] trn/acc1 9.97e-01, trn/loss 1.65e-01, trn/loss_ce 1.79e-02, trn/loss_wd 2.94e+02, trn/lr 3.65e-04
[2022-02-05 03:01:47,524][INFO] [Epoch 193/200] Validation: val/acc1 0.9270, val/loss_ce 0.2581
[2022-02-05 03:01:49,794][INFO] [Epoch 194/200] trn/acc1 9.97e-01, trn/loss 1.64e-01, trn/loss_ce 1.75e-02, trn/loss_wd 2.94e+02, trn/lr 2.75e-04
[2022-02-05 03:01:49,935][INFO] [Epoch 194/200] Validation: val/acc1 0.9274, val/loss_ce 0.2605
[2022-02-05 03:01:52,257][INFO] [Epoch 195/200] trn/acc1 9.97e-01, trn/loss 1.64e-01, trn/loss_ce 1.73e-02, trn/loss_wd 2.94e+02, trn/lr 1.97e-04
[2022-02-05 03:01:52,399][INFO] [Epoch 195/200] Validation: val/acc1 0.9264, val/loss_ce 0.2575
[2022-02-05 03:01:54,732][INFO] [Epoch 196/200] trn/acc1 9.98e-01, trn/loss 1.63e-01, trn/loss_ce 1.62e-02, trn/loss_wd 2.94e+02, trn/lr 1.32e-04
[2022-02-05 03:01:54,877][INFO] [Epoch 196/200] Validation: val/acc1 0.9276, val/loss_ce 0.2565
[2022-02-05 03:01:57,202][INFO] [Epoch 197/200] trn/acc1 9.98e-01, trn/loss 1.63e-01, trn/loss_ce 1.66e-02, trn/loss_wd 2.93e+02, trn/lr 8.01e-05
[2022-02-05 03:01:57,342][INFO] [Epoch 197/200] Validation: val/acc1 0.9272, val/loss_ce 0.2588
[2022-02-05 03:01:59,631][INFO] [Epoch 198/200] trn/acc1 9.98e-01, trn/loss 1.63e-01, trn/loss_ce 1.67e-02, trn/loss_wd 2.93e+02, trn/lr 4.11e-05
[2022-02-05 03:01:59,771][INFO] [Epoch 198/200] Validation: val/acc1 0.9290, val/loss_ce 0.2574
[2022-02-05 03:02:02,072][INFO] [Epoch 199/200] trn/acc1 9.98e-01, trn/loss 1.63e-01, trn/loss_ce 1.64e-02, trn/loss_wd 2.93e+02, trn/lr 1.52e-05
[2022-02-05 03:02:02,213][INFO] [Epoch 199/200] Validation: val/acc1 0.9270, val/loss_ce 0.2573
[2022-02-05 03:02:04,529][INFO] [Epoch 200/200] trn/acc1 9.97e-01, trn/loss 1.64e-01, trn/loss_ce 1.73e-02, trn/loss_wd 2.93e+02, trn/lr 2.17e-06
[2022-02-05 03:02:04,670][INFO] [Epoch 200/200] Validation: val/acc1 0.9274, val/loss_ce 0.2583
