[2022-03-20 10:04:24,186][INFO] Environments:
------------  ---------------------------------------------------------------------------
sys.platform  linux
Python        3.7.11 (default, Nov 23 2021, 05:29:02) [GCC 7.5.0]
JAX           0.2.27 @/mnt/data1/giung/venvs/jax0.2.27/lib/python3.7/site-packages/jax
jaxlib        0.1.75 @/mnt/data1/giung/venvs/jax0.2.27/lib/python3.7/site-packages/jaxlib
Flax          0.4.0 @/mnt/data1/giung/venvs/jax0.2.27/lib/python3.7/site-packages/flax
Optax         0.1.0 @/mnt/data1/giung/venvs/jax0.2.27/lib/python3.7/site-packages/optax
------------  ---------------------------------------------------------------------------

[2022-03-20 10:04:24,186][INFO] Command line arguments:
Namespace(batch_size=128, config_file='./configs/C10_VGG11-ReLU.yaml', keep_every_n_checkpoints=None, learning_rate=0.1, num_epochs=200, num_warmup_epochs=5, opts=['DATASETS.ROOT', '/home/vessl/datasets/'], output_dir='/home/vessl/Baseline-CIFAR/outputs/C10_VGG11-ReLU/SGD/s42_e200_wd5e-4_lr1e-1/', seed=42, weight_decay=0.0005)

[2022-03-20 10:04:24,186][INFO] Using a random seed 42

[2022-03-20 10:04:24,248][INFO] Unable to initialize backend 'tpu_driver': NOT_FOUND: Unable to find driver in registry given worker: 
[2022-03-20 10:04:25,004][INFO] Unable to initialize backend 'tpu': INVALID_ARGUMENT: TpuPlatform is not available.
[2022-03-20 10:04:27,889][INFO] Found no checkpoint files in /home/vessl/Baseline-CIFAR/outputs/C10_VGG11-ReLU/SGD/s42_e200_wd5e-4_lr1e-1
[2022-03-20 10:04:38,431][INFO] [Epoch   1/200] trn/acc1 3.59e-01, trn/loss 3.16e+00, trn/loss_ce 1.79e+00, trn/loss_wd 2.74e+03, trn/lr 9.97e-03
[2022-03-20 10:04:39,661][INFO] [Epoch   1/200] Validation: val/acc1 0.4072, val/loss_ce 1.6111
[2022-03-20 10:04:42,390][INFO] [Epoch   2/200] trn/acc1 5.25e-01, trn/loss 2.62e+00, trn/loss_ce 1.32e+00, trn/loss_wd 2.60e+03, trn/lr 3.00e-02
[2022-03-20 10:04:44,886][INFO] [Epoch   3/200] trn/acc1 6.11e-01, trn/loss 2.31e+00, trn/loss_ce 1.12e+00, trn/loss_wd 2.38e+03, trn/lr 5.00e-02
[2022-03-20 10:04:47,394][INFO] [Epoch   4/200] trn/acc1 6.54e-01, trn/loss 2.07e+00, trn/loss_ce 1.01e+00, trn/loss_wd 2.12e+03, trn/lr 7.00e-02
[2022-03-20 10:04:49,903][INFO] [Epoch   5/200] trn/acc1 6.67e-01, trn/loss 1.94e+00, trn/loss_ce 9.94e-01, trn/loss_wd 1.90e+03, trn/lr 9.00e-02
[2022-03-20 10:04:52,404][INFO] [Epoch   6/200] trn/acc1 6.87e-01, trn/loss 1.80e+00, trn/loss_ce 9.39e-01, trn/loss_wd 1.72e+03, trn/lr 1.00e-01
[2022-03-20 10:04:54,911][INFO] [Epoch   7/200] trn/acc1 7.15e-01, trn/loss 1.66e+00, trn/loss_ce 8.66e-01, trn/loss_wd 1.58e+03, trn/lr 1.00e-01
[2022-03-20 10:04:57,414][INFO] [Epoch   8/200] trn/acc1 7.25e-01, trn/loss 1.57e+00, trn/loss_ce 8.32e-01, trn/loss_wd 1.48e+03, trn/lr 1.00e-01
[2022-03-20 10:04:59,923][INFO] [Epoch   9/200] trn/acc1 7.40e-01, trn/loss 1.49e+00, trn/loss_ce 7.90e-01, trn/loss_wd 1.40e+03, trn/lr 9.99e-02
[2022-03-20 10:05:02,433][INFO] [Epoch  10/200] trn/acc1 7.46e-01, trn/loss 1.45e+00, trn/loss_ce 7.75e-01, trn/loss_wd 1.35e+03, trn/lr 9.99e-02
[2022-03-20 10:05:04,942][INFO] [Epoch  11/200] trn/acc1 7.55e-01, trn/loss 1.40e+00, trn/loss_ce 7.43e-01, trn/loss_wd 1.32e+03, trn/lr 9.98e-02
[2022-03-20 10:05:07,459][INFO] [Epoch  12/200] trn/acc1 7.51e-01, trn/loss 1.41e+00, trn/loss_ce 7.56e-01, trn/loss_wd 1.31e+03, trn/lr 9.97e-02
[2022-03-20 10:05:09,975][INFO] [Epoch  13/200] trn/acc1 7.64e-01, trn/loss 1.36e+00, trn/loss_ce 7.16e-01, trn/loss_wd 1.30e+03, trn/lr 9.96e-02
[2022-03-20 10:05:12,504][INFO] [Epoch  14/200] trn/acc1 7.74e-01, trn/loss 1.33e+00, trn/loss_ce 6.87e-01, trn/loss_wd 1.28e+03, trn/lr 9.95e-02
[2022-03-20 10:05:15,033][INFO] [Epoch  15/200] trn/acc1 7.75e-01, trn/loss 1.32e+00, trn/loss_ce 6.80e-01, trn/loss_wd 1.27e+03, trn/lr 9.94e-02
[2022-03-20 10:05:17,556][INFO] [Epoch  16/200] trn/acc1 7.81e-01, trn/loss 1.30e+00, trn/loss_ce 6.70e-01, trn/loss_wd 1.27e+03, trn/lr 9.93e-02
[2022-03-20 10:05:20,079][INFO] [Epoch  17/200] trn/acc1 7.84e-01, trn/loss 1.29e+00, trn/loss_ce 6.58e-01, trn/loss_wd 1.27e+03, trn/lr 9.91e-02
[2022-03-20 10:05:22,608][INFO] [Epoch  18/200] trn/acc1 7.89e-01, trn/loss 1.28e+00, trn/loss_ce 6.49e-01, trn/loss_wd 1.27e+03, trn/lr 9.90e-02
[2022-03-20 10:05:25,134][INFO] [Epoch  19/200] trn/acc1 7.90e-01, trn/loss 1.28e+00, trn/loss_ce 6.44e-01, trn/loss_wd 1.28e+03, trn/lr 9.88e-02
[2022-03-20 10:05:27,665][INFO] [Epoch  20/200] trn/acc1 7.92e-01, trn/loss 1.28e+00, trn/loss_ce 6.35e-01, trn/loss_wd 1.28e+03, trn/lr 9.86e-02
[2022-03-20 10:05:27,733][INFO] [Epoch  20/200] Validation: val/acc1 0.8002, val/loss_ce 0.6476
[2022-03-20 10:05:30,548][INFO] [Epoch  21/200] trn/acc1 7.95e-01, trn/loss 1.27e+00, trn/loss_ce 6.24e-01, trn/loss_wd 1.29e+03, trn/lr 9.84e-02
[2022-03-20 10:05:33,074][INFO] [Epoch  22/200] trn/acc1 7.96e-01, trn/loss 1.28e+00, trn/loss_ce 6.26e-01, trn/loss_wd 1.30e+03, trn/lr 9.82e-02
[2022-03-20 10:05:35,604][INFO] [Epoch  23/200] trn/acc1 8.02e-01, trn/loss 1.26e+00, trn/loss_ce 6.09e-01, trn/loss_wd 1.30e+03, trn/lr 9.80e-02
[2022-03-20 10:05:38,152][INFO] [Epoch  24/200] trn/acc1 8.03e-01, trn/loss 1.26e+00, trn/loss_ce 6.03e-01, trn/loss_wd 1.31e+03, trn/lr 9.78e-02
[2022-03-20 10:05:40,687][INFO] [Epoch  25/200] trn/acc1 8.06e-01, trn/loss 1.25e+00, trn/loss_ce 5.95e-01, trn/loss_wd 1.31e+03, trn/lr 9.76e-02
[2022-03-20 10:05:43,277][INFO] [Epoch  26/200] trn/acc1 8.07e-01, trn/loss 1.24e+00, trn/loss_ce 5.92e-01, trn/loss_wd 1.30e+03, trn/lr 9.73e-02
[2022-03-20 10:05:45,814][INFO] [Epoch  27/200] trn/acc1 8.10e-01, trn/loss 1.23e+00, trn/loss_ce 5.83e-01, trn/loss_wd 1.30e+03, trn/lr 9.70e-02
[2022-03-20 10:05:48,355][INFO] [Epoch  28/200] trn/acc1 8.10e-01, trn/loss 1.23e+00, trn/loss_ce 5.75e-01, trn/loss_wd 1.30e+03, trn/lr 9.68e-02
[2022-03-20 10:05:50,906][INFO] [Epoch  29/200] trn/acc1 8.12e-01, trn/loss 1.23e+00, trn/loss_ce 5.72e-01, trn/loss_wd 1.31e+03, trn/lr 9.65e-02
[2022-03-20 10:05:53,449][INFO] [Epoch  30/200] trn/acc1 8.18e-01, trn/loss 1.20e+00, trn/loss_ce 5.55e-01, trn/loss_wd 1.30e+03, trn/lr 9.62e-02
[2022-03-20 10:05:55,994][INFO] [Epoch  31/200] trn/acc1 8.15e-01, trn/loss 1.21e+00, trn/loss_ce 5.60e-01, trn/loss_wd 1.30e+03, trn/lr 9.58e-02
[2022-03-20 10:05:58,540][INFO] [Epoch  32/200] trn/acc1 8.15e-01, trn/loss 1.22e+00, trn/loss_ce 5.62e-01, trn/loss_wd 1.31e+03, trn/lr 9.55e-02
[2022-03-20 10:06:01,089][INFO] [Epoch  33/200] trn/acc1 8.18e-01, trn/loss 1.21e+00, trn/loss_ce 5.59e-01, trn/loss_wd 1.31e+03, trn/lr 9.52e-02
[2022-03-20 10:06:03,639][INFO] [Epoch  34/200] trn/acc1 8.23e-01, trn/loss 1.19e+00, trn/loss_ce 5.41e-01, trn/loss_wd 1.30e+03, trn/lr 9.48e-02
[2022-03-20 10:06:06,185][INFO] [Epoch  35/200] trn/acc1 8.22e-01, trn/loss 1.19e+00, trn/loss_ce 5.42e-01, trn/loss_wd 1.30e+03, trn/lr 9.45e-02
[2022-03-20 10:06:08,726][INFO] [Epoch  36/200] trn/acc1 8.23e-01, trn/loss 1.20e+00, trn/loss_ce 5.42e-01, trn/loss_wd 1.31e+03, trn/lr 9.41e-02
[2022-03-20 10:06:11,275][INFO] [Epoch  37/200] trn/acc1 8.23e-01, trn/loss 1.19e+00, trn/loss_ce 5.38e-01, trn/loss_wd 1.31e+03, trn/lr 9.37e-02
[2022-03-20 10:06:13,820][INFO] [Epoch  38/200] trn/acc1 8.21e-01, trn/loss 1.20e+00, trn/loss_ce 5.43e-01, trn/loss_wd 1.32e+03, trn/lr 9.33e-02
[2022-03-20 10:06:16,364][INFO] [Epoch  39/200] trn/acc1 8.25e-01, trn/loss 1.20e+00, trn/loss_ce 5.36e-01, trn/loss_wd 1.32e+03, trn/lr 9.29e-02
[2022-03-20 10:06:18,909][INFO] [Epoch  40/200] trn/acc1 8.30e-01, trn/loss 1.18e+00, trn/loss_ce 5.21e-01, trn/loss_wd 1.32e+03, trn/lr 9.25e-02
[2022-03-20 10:06:18,977][INFO] [Epoch  40/200] Validation: val/acc1 0.8118, val/loss_ce 0.5953
[2022-03-20 10:06:21,798][INFO] [Epoch  41/200] trn/acc1 8.28e-01, trn/loss 1.18e+00, trn/loss_ce 5.22e-01, trn/loss_wd 1.31e+03, trn/lr 9.20e-02
[2022-03-20 10:06:24,344][INFO] [Epoch  42/200] trn/acc1 8.29e-01, trn/loss 1.17e+00, trn/loss_ce 5.19e-01, trn/loss_wd 1.31e+03, trn/lr 9.16e-02
[2022-03-20 10:06:26,892][INFO] [Epoch  43/200] trn/acc1 8.32e-01, trn/loss 1.16e+00, trn/loss_ce 5.12e-01, trn/loss_wd 1.30e+03, trn/lr 9.11e-02
[2022-03-20 10:06:29,440][INFO] [Epoch  44/200] trn/acc1 8.32e-01, trn/loss 1.16e+00, trn/loss_ce 5.10e-01, trn/loss_wd 1.30e+03, trn/lr 9.07e-02
[2022-03-20 10:06:31,985][INFO] [Epoch  45/200] trn/acc1 8.33e-01, trn/loss 1.16e+00, trn/loss_ce 5.12e-01, trn/loss_wd 1.31e+03, trn/lr 9.02e-02
[2022-03-20 10:06:34,539][INFO] [Epoch  46/200] trn/acc1 8.34e-01, trn/loss 1.15e+00, trn/loss_ce 5.03e-01, trn/loss_wd 1.30e+03, trn/lr 8.97e-02
[2022-03-20 10:06:37,096][INFO] [Epoch  47/200] trn/acc1 8.37e-01, trn/loss 1.14e+00, trn/loss_ce 4.94e-01, trn/loss_wd 1.30e+03, trn/lr 8.92e-02
[2022-03-20 10:06:39,648][INFO] [Epoch  48/200] trn/acc1 8.38e-01, trn/loss 1.13e+00, trn/loss_ce 4.89e-01, trn/loss_wd 1.29e+03, trn/lr 8.87e-02
[2022-03-20 10:06:42,204][INFO] [Epoch  49/200] trn/acc1 8.39e-01, trn/loss 1.14e+00, trn/loss_ce 4.94e-01, trn/loss_wd 1.28e+03, trn/lr 8.82e-02
[2022-03-20 10:06:44,747][INFO] [Epoch  50/200] trn/acc1 8.40e-01, trn/loss 1.13e+00, trn/loss_ce 4.89e-01, trn/loss_wd 1.28e+03, trn/lr 8.77e-02
[2022-03-20 10:06:47,307][INFO] [Epoch  51/200] trn/acc1 8.43e-01, trn/loss 1.12e+00, trn/loss_ce 4.80e-01, trn/loss_wd 1.28e+03, trn/lr 8.72e-02
[2022-03-20 10:06:49,961][INFO] [Epoch  52/200] trn/acc1 8.42e-01, trn/loss 1.12e+00, trn/loss_ce 4.81e-01, trn/loss_wd 1.28e+03, trn/lr 8.66e-02
[2022-03-20 10:06:52,539][INFO] [Epoch  53/200] trn/acc1 8.40e-01, trn/loss 1.12e+00, trn/loss_ce 4.80e-01, trn/loss_wd 1.28e+03, trn/lr 8.61e-02
[2022-03-20 10:06:55,102][INFO] [Epoch  54/200] trn/acc1 8.45e-01, trn/loss 1.11e+00, trn/loss_ce 4.74e-01, trn/loss_wd 1.28e+03, trn/lr 8.55e-02
[2022-03-20 10:06:57,658][INFO] [Epoch  55/200] trn/acc1 8.45e-01, trn/loss 1.10e+00, trn/loss_ce 4.66e-01, trn/loss_wd 1.28e+03, trn/lr 8.49e-02
[2022-03-20 10:07:00,212][INFO] [Epoch  56/200] trn/acc1 8.48e-01, trn/loss 1.09e+00, trn/loss_ce 4.60e-01, trn/loss_wd 1.27e+03, trn/lr 8.43e-02
[2022-03-20 10:07:02,773][INFO] [Epoch  57/200] trn/acc1 8.46e-01, trn/loss 1.10e+00, trn/loss_ce 4.68e-01, trn/loss_wd 1.26e+03, trn/lr 8.38e-02
[2022-03-20 10:07:05,334][INFO] [Epoch  58/200] trn/acc1 8.52e-01, trn/loss 1.08e+00, trn/loss_ce 4.52e-01, trn/loss_wd 1.25e+03, trn/lr 8.32e-02
[2022-03-20 10:07:07,885][INFO] [Epoch  59/200] trn/acc1 8.51e-01, trn/loss 1.07e+00, trn/loss_ce 4.50e-01, trn/loss_wd 1.24e+03, trn/lr 8.25e-02
[2022-03-20 10:07:10,439][INFO] [Epoch  60/200] trn/acc1 8.53e-01, trn/loss 1.07e+00, trn/loss_ce 4.46e-01, trn/loss_wd 1.24e+03, trn/lr 8.19e-02
[2022-03-20 10:07:10,506][INFO] [Epoch  60/200] Validation: val/acc1 0.8288, val/loss_ce 0.5502
[2022-03-20 10:07:13,348][INFO] [Epoch  61/200] trn/acc1 8.56e-01, trn/loss 1.06e+00, trn/loss_ce 4.40e-01, trn/loss_wd 1.24e+03, trn/lr 8.13e-02
[2022-03-20 10:07:15,916][INFO] [Epoch  62/200] trn/acc1 8.53e-01, trn/loss 1.06e+00, trn/loss_ce 4.42e-01, trn/loss_wd 1.23e+03, trn/lr 8.07e-02
[2022-03-20 10:07:18,478][INFO] [Epoch  63/200] trn/acc1 8.52e-01, trn/loss 1.07e+00, trn/loss_ce 4.48e-01, trn/loss_wd 1.24e+03, trn/lr 8.00e-02
[2022-03-20 10:07:21,033][INFO] [Epoch  64/200] trn/acc1 8.56e-01, trn/loss 1.06e+00, trn/loss_ce 4.36e-01, trn/loss_wd 1.24e+03, trn/lr 7.94e-02
[2022-03-20 10:07:23,593][INFO] [Epoch  65/200] trn/acc1 8.58e-01, trn/loss 1.05e+00, trn/loss_ce 4.29e-01, trn/loss_wd 1.24e+03, trn/lr 7.87e-02
[2022-03-20 10:07:26,149][INFO] [Epoch  66/200] trn/acc1 8.61e-01, trn/loss 1.03e+00, trn/loss_ce 4.18e-01, trn/loss_wd 1.23e+03, trn/lr 7.81e-02
[2022-03-20 10:07:28,705][INFO] [Epoch  67/200] trn/acc1 8.60e-01, trn/loss 1.04e+00, trn/loss_ce 4.25e-01, trn/loss_wd 1.22e+03, trn/lr 7.74e-02
[2022-03-20 10:07:31,266][INFO] [Epoch  68/200] trn/acc1 8.59e-01, trn/loss 1.04e+00, trn/loss_ce 4.26e-01, trn/loss_wd 1.22e+03, trn/lr 7.67e-02
[2022-03-20 10:07:33,829][INFO] [Epoch  69/200] trn/acc1 8.62e-01, trn/loss 1.03e+00, trn/loss_ce 4.20e-01, trn/loss_wd 1.21e+03, trn/lr 7.60e-02
[2022-03-20 10:07:36,397][INFO] [Epoch  70/200] trn/acc1 8.63e-01, trn/loss 1.01e+00, trn/loss_ce 4.09e-01, trn/loss_wd 1.21e+03, trn/lr 7.53e-02
[2022-03-20 10:07:38,954][INFO] [Epoch  71/200] trn/acc1 8.66e-01, trn/loss 1.00e+00, trn/loss_ce 4.02e-01, trn/loss_wd 1.20e+03, trn/lr 7.47e-02
[2022-03-20 10:07:41,515][INFO] [Epoch  72/200] trn/acc1 8.67e-01, trn/loss 1.00e+00, trn/loss_ce 4.03e-01, trn/loss_wd 1.20e+03, trn/lr 7.39e-02
[2022-03-20 10:07:44,068][INFO] [Epoch  73/200] trn/acc1 8.66e-01, trn/loss 1.00e+00, trn/loss_ce 4.05e-01, trn/loss_wd 1.19e+03, trn/lr 7.32e-02
[2022-03-20 10:07:46,632][INFO] [Epoch  74/200] trn/acc1 8.67e-01, trn/loss 9.88e-01, trn/loss_ce 3.97e-01, trn/loss_wd 1.18e+03, trn/lr 7.25e-02
[2022-03-20 10:07:49,191][INFO] [Epoch  75/200] trn/acc1 8.72e-01, trn/loss 9.77e-01, trn/loss_ce 3.89e-01, trn/loss_wd 1.17e+03, trn/lr 7.18e-02
[2022-03-20 10:07:51,741][INFO] [Epoch  76/200] trn/acc1 8.70e-01, trn/loss 9.78e-01, trn/loss_ce 3.92e-01, trn/loss_wd 1.17e+03, trn/lr 7.11e-02
[2022-03-20 10:07:54,378][INFO] [Epoch  77/200] trn/acc1 8.73e-01, trn/loss 9.61e-01, trn/loss_ce 3.77e-01, trn/loss_wd 1.17e+03, trn/lr 7.03e-02
[2022-03-20 10:07:56,934][INFO] [Epoch  78/200] trn/acc1 8.70e-01, trn/loss 9.67e-01, trn/loss_ce 3.85e-01, trn/loss_wd 1.17e+03, trn/lr 6.96e-02
[2022-03-20 10:07:59,502][INFO] [Epoch  79/200] trn/acc1 8.78e-01, trn/loss 9.51e-01, trn/loss_ce 3.71e-01, trn/loss_wd 1.16e+03, trn/lr 6.89e-02
[2022-03-20 10:08:02,054][INFO] [Epoch  80/200] trn/acc1 8.76e-01, trn/loss 9.43e-01, trn/loss_ce 3.69e-01, trn/loss_wd 1.15e+03, trn/lr 6.81e-02
[2022-03-20 10:08:02,122][INFO] [Epoch  80/200] Validation: val/acc1 0.8516, val/loss_ce 0.4570
[2022-03-20 10:08:04,954][INFO] [Epoch  81/200] trn/acc1 8.78e-01, trn/loss 9.34e-01, trn/loss_ce 3.65e-01, trn/loss_wd 1.14e+03, trn/lr 6.74e-02
[2022-03-20 10:08:07,515][INFO] [Epoch  82/200] trn/acc1 8.78e-01, trn/loss 9.27e-01, trn/loss_ce 3.60e-01, trn/loss_wd 1.13e+03, trn/lr 6.66e-02
[2022-03-20 10:08:10,071][INFO] [Epoch  83/200] trn/acc1 8.81e-01, trn/loss 9.17e-01, trn/loss_ce 3.53e-01, trn/loss_wd 1.13e+03, trn/lr 6.58e-02
[2022-03-20 10:08:12,632][INFO] [Epoch  84/200] trn/acc1 8.85e-01, trn/loss 9.11e-01, trn/loss_ce 3.49e-01, trn/loss_wd 1.12e+03, trn/lr 6.51e-02
[2022-03-20 10:08:15,189][INFO] [Epoch  85/200] trn/acc1 8.83e-01, trn/loss 9.11e-01, trn/loss_ce 3.51e-01, trn/loss_wd 1.12e+03, trn/lr 6.43e-02
[2022-03-20 10:08:17,753][INFO] [Epoch  86/200] trn/acc1 8.83e-01, trn/loss 9.01e-01, trn/loss_ce 3.44e-01, trn/loss_wd 1.11e+03, trn/lr 6.35e-02
[2022-03-20 10:08:20,316][INFO] [Epoch  87/200] trn/acc1 8.87e-01, trn/loss 8.95e-01, trn/loss_ce 3.39e-01, trn/loss_wd 1.11e+03, trn/lr 6.27e-02
[2022-03-20 10:08:22,867][INFO] [Epoch  88/200] trn/acc1 8.87e-01, trn/loss 8.90e-01, trn/loss_ce 3.36e-01, trn/loss_wd 1.11e+03, trn/lr 6.20e-02
[2022-03-20 10:08:25,416][INFO] [Epoch  89/200] trn/acc1 8.86e-01, trn/loss 8.84e-01, trn/loss_ce 3.35e-01, trn/loss_wd 1.10e+03, trn/lr 6.12e-02
[2022-03-20 10:08:27,977][INFO] [Epoch  90/200] trn/acc1 8.89e-01, trn/loss 8.75e-01, trn/loss_ce 3.27e-01, trn/loss_wd 1.09e+03, trn/lr 6.04e-02
[2022-03-20 10:08:30,538][INFO] [Epoch  91/200] trn/acc1 8.90e-01, trn/loss 8.71e-01, trn/loss_ce 3.27e-01, trn/loss_wd 1.09e+03, trn/lr 5.96e-02
[2022-03-20 10:08:33,094][INFO] [Epoch  92/200] trn/acc1 8.89e-01, trn/loss 8.70e-01, trn/loss_ce 3.27e-01, trn/loss_wd 1.09e+03, trn/lr 5.88e-02
[2022-03-20 10:08:35,650][INFO] [Epoch  93/200] trn/acc1 8.95e-01, trn/loss 8.48e-01, trn/loss_ce 3.11e-01, trn/loss_wd 1.07e+03, trn/lr 5.80e-02
[2022-03-20 10:08:38,209][INFO] [Epoch  94/200] trn/acc1 8.93e-01, trn/loss 8.43e-01, trn/loss_ce 3.09e-01, trn/loss_wd 1.07e+03, trn/lr 5.72e-02
[2022-03-20 10:08:40,776][INFO] [Epoch  95/200] trn/acc1 8.99e-01, trn/loss 8.33e-01, trn/loss_ce 3.02e-01, trn/loss_wd 1.06e+03, trn/lr 5.64e-02
[2022-03-20 10:08:43,330][INFO] [Epoch  96/200] trn/acc1 8.98e-01, trn/loss 8.28e-01, trn/loss_ce 3.00e-01, trn/loss_wd 1.05e+03, trn/lr 5.56e-02
[2022-03-20 10:08:45,902][INFO] [Epoch  97/200] trn/acc1 8.98e-01, trn/loss 8.31e-01, trn/loss_ce 3.05e-01, trn/loss_wd 1.05e+03, trn/lr 5.48e-02
[2022-03-20 10:08:48,479][INFO] [Epoch  98/200] trn/acc1 8.99e-01, trn/loss 8.22e-01, trn/loss_ce 2.98e-01, trn/loss_wd 1.05e+03, trn/lr 5.40e-02
[2022-03-20 10:08:51,051][INFO] [Epoch  99/200] trn/acc1 9.00e-01, trn/loss 8.19e-01, trn/loss_ce 2.97e-01, trn/loss_wd 1.04e+03, trn/lr 5.32e-02
[2022-03-20 10:08:53,623][INFO] [Epoch 100/200] trn/acc1 9.03e-01, trn/loss 8.09e-01, trn/loss_ce 2.90e-01, trn/loss_wd 1.04e+03, trn/lr 5.24e-02
[2022-03-20 10:08:53,693][INFO] [Epoch 100/200] Validation: val/acc1 0.8710, val/loss_ce 0.3931
[2022-03-20 10:08:56,575][INFO] [Epoch 101/200] trn/acc1 9.05e-01, trn/loss 7.97e-01, trn/loss_ce 2.81e-01, trn/loss_wd 1.03e+03, trn/lr 5.16e-02
[2022-03-20 10:08:59,153][INFO] [Epoch 102/200] trn/acc1 9.05e-01, trn/loss 7.93e-01, trn/loss_ce 2.80e-01, trn/loss_wd 1.03e+03, trn/lr 5.08e-02
[2022-03-20 10:09:01,730][INFO] [Epoch 103/200] trn/acc1 9.06e-01, trn/loss 7.85e-01, trn/loss_ce 2.76e-01, trn/loss_wd 1.02e+03, trn/lr 5.00e-02
[2022-03-20 10:09:04,307][INFO] [Epoch 104/200] trn/acc1 9.07e-01, trn/loss 7.76e-01, trn/loss_ce 2.71e-01, trn/loss_wd 1.01e+03, trn/lr 4.92e-02
[2022-03-20 10:09:06,873][INFO] [Epoch 105/200] trn/acc1 9.08e-01, trn/loss 7.71e-01, trn/loss_ce 2.68e-01, trn/loss_wd 1.01e+03, trn/lr 4.84e-02
[2022-03-20 10:09:09,525][INFO] [Epoch 106/200] trn/acc1 9.11e-01, trn/loss 7.62e-01, trn/loss_ce 2.61e-01, trn/loss_wd 1.00e+03, trn/lr 4.76e-02
[2022-03-20 10:09:12,082][INFO] [Epoch 107/200] trn/acc1 9.12e-01, trn/loss 7.54e-01, trn/loss_ce 2.57e-01, trn/loss_wd 9.96e+02, trn/lr 4.68e-02
[2022-03-20 10:09:14,642][INFO] [Epoch 108/200] trn/acc1 9.17e-01, trn/loss 7.38e-01, trn/loss_ce 2.46e-01, trn/loss_wd 9.84e+02, trn/lr 4.60e-02
[2022-03-20 10:09:17,217][INFO] [Epoch 109/200] trn/acc1 9.17e-01, trn/loss 7.32e-01, trn/loss_ce 2.44e-01, trn/loss_wd 9.77e+02, trn/lr 4.52e-02
[2022-03-20 10:09:19,792][INFO] [Epoch 110/200] trn/acc1 9.18e-01, trn/loss 7.29e-01, trn/loss_ce 2.44e-01, trn/loss_wd 9.69e+02, trn/lr 4.44e-02
[2022-03-20 10:09:22,353][INFO] [Epoch 111/200] trn/acc1 9.17e-01, trn/loss 7.24e-01, trn/loss_ce 2.42e-01, trn/loss_wd 9.64e+02, trn/lr 4.36e-02
[2022-03-20 10:09:24,926][INFO] [Epoch 112/200] trn/acc1 9.21e-01, trn/loss 7.11e-01, trn/loss_ce 2.33e-01, trn/loss_wd 9.57e+02, trn/lr 4.28e-02
[2022-03-20 10:09:27,496][INFO] [Epoch 113/200] trn/acc1 9.22e-01, trn/loss 7.06e-01, trn/loss_ce 2.32e-01, trn/loss_wd 9.48e+02, trn/lr 4.20e-02
[2022-03-20 10:09:30,078][INFO] [Epoch 114/200] trn/acc1 9.22e-01, trn/loss 6.96e-01, trn/loss_ce 2.25e-01, trn/loss_wd 9.41e+02, trn/lr 4.12e-02
[2022-03-20 10:09:32,641][INFO] [Epoch 115/200] trn/acc1 9.25e-01, trn/loss 6.87e-01, trn/loss_ce 2.20e-01, trn/loss_wd 9.33e+02, trn/lr 4.04e-02
[2022-03-20 10:09:35,230][INFO] [Epoch 116/200] trn/acc1 9.25e-01, trn/loss 6.80e-01, trn/loss_ce 2.18e-01, trn/loss_wd 9.25e+02, trn/lr 3.96e-02
[2022-03-20 10:09:37,789][INFO] [Epoch 117/200] trn/acc1 9.29e-01, trn/loss 6.65e-01, trn/loss_ce 2.07e-01, trn/loss_wd 9.16e+02, trn/lr 3.88e-02
[2022-03-20 10:09:40,348][INFO] [Epoch 118/200] trn/acc1 9.29e-01, trn/loss 6.64e-01, trn/loss_ce 2.10e-01, trn/loss_wd 9.09e+02, trn/lr 3.80e-02
[2022-03-20 10:09:42,913][INFO] [Epoch 119/200] trn/acc1 9.32e-01, trn/loss 6.51e-01, trn/loss_ce 2.00e-01, trn/loss_wd 9.02e+02, trn/lr 3.73e-02
[2022-03-20 10:09:45,495][INFO] [Epoch 120/200] trn/acc1 9.33e-01, trn/loss 6.42e-01, trn/loss_ce 1.94e-01, trn/loss_wd 8.95e+02, trn/lr 3.65e-02
[2022-03-20 10:09:45,566][INFO] [Epoch 120/200] Validation: val/acc1 0.8700, val/loss_ce 0.4203
[2022-03-20 10:09:48,340][INFO] [Epoch 121/200] trn/acc1 9.35e-01, trn/loss 6.36e-01, trn/loss_ce 1.92e-01, trn/loss_wd 8.89e+02, trn/lr 3.57e-02
[2022-03-20 10:09:50,922][INFO] [Epoch 122/200] trn/acc1 9.34e-01, trn/loss 6.33e-01, trn/loss_ce 1.92e-01, trn/loss_wd 8.82e+02, trn/lr 3.49e-02
[2022-03-20 10:09:53,505][INFO] [Epoch 123/200] trn/acc1 9.37e-01, trn/loss 6.20e-01, trn/loss_ce 1.83e-01, trn/loss_wd 8.74e+02, trn/lr 3.42e-02
[2022-03-20 10:09:56,088][INFO] [Epoch 124/200] trn/acc1 9.39e-01, trn/loss 6.13e-01, trn/loss_ce 1.79e-01, trn/loss_wd 8.67e+02, trn/lr 3.34e-02
[2022-03-20 10:09:58,667][INFO] [Epoch 125/200] trn/acc1 9.41e-01, trn/loss 6.04e-01, trn/loss_ce 1.74e-01, trn/loss_wd 8.60e+02, trn/lr 3.26e-02
[2022-03-20 10:10:01,246][INFO] [Epoch 126/200] trn/acc1 9.41e-01, trn/loss 5.97e-01, trn/loss_ce 1.71e-01, trn/loss_wd 8.52e+02, trn/lr 3.19e-02
[2022-03-20 10:10:03,816][INFO] [Epoch 127/200] trn/acc1 9.45e-01, trn/loss 5.84e-01, trn/loss_ce 1.62e-01, trn/loss_wd 8.42e+02, trn/lr 3.11e-02
[2022-03-20 10:10:06,385][INFO] [Epoch 128/200] trn/acc1 9.43e-01, trn/loss 5.77e-01, trn/loss_ce 1.61e-01, trn/loss_wd 8.33e+02, trn/lr 3.04e-02
[2022-03-20 10:10:08,956][INFO] [Epoch 129/200] trn/acc1 9.47e-01, trn/loss 5.66e-01, trn/loss_ce 1.53e-01, trn/loss_wd 8.25e+02, trn/lr 2.97e-02
[2022-03-20 10:10:11,683][INFO] [Epoch 130/200] trn/acc1 9.47e-01, trn/loss 5.64e-01, trn/loss_ce 1.55e-01, trn/loss_wd 8.17e+02, trn/lr 2.89e-02
[2022-03-20 10:10:14,258][INFO] [Epoch 131/200] trn/acc1 9.48e-01, trn/loss 5.55e-01, trn/loss_ce 1.51e-01, trn/loss_wd 8.09e+02, trn/lr 2.82e-02
[2022-03-20 10:10:16,844][INFO] [Epoch 132/200] trn/acc1 9.50e-01, trn/loss 5.47e-01, trn/loss_ce 1.47e-01, trn/loss_wd 8.02e+02, trn/lr 2.75e-02
[2022-03-20 10:10:19,418][INFO] [Epoch 133/200] trn/acc1 9.50e-01, trn/loss 5.38e-01, trn/loss_ce 1.41e-01, trn/loss_wd 7.94e+02, trn/lr 2.68e-02
[2022-03-20 10:10:21,991][INFO] [Epoch 134/200] trn/acc1 9.55e-01, trn/loss 5.24e-01, trn/loss_ce 1.32e-01, trn/loss_wd 7.85e+02, trn/lr 2.61e-02
[2022-03-20 10:10:24,576][INFO] [Epoch 135/200] trn/acc1 9.55e-01, trn/loss 5.18e-01, trn/loss_ce 1.30e-01, trn/loss_wd 7.76e+02, trn/lr 2.54e-02
[2022-03-20 10:10:27,171][INFO] [Epoch 136/200] trn/acc1 9.57e-01, trn/loss 5.08e-01, trn/loss_ce 1.24e-01, trn/loss_wd 7.68e+02, trn/lr 2.47e-02
[2022-03-20 10:10:29,750][INFO] [Epoch 137/200] trn/acc1 9.59e-01, trn/loss 5.00e-01, trn/loss_ce 1.21e-01, trn/loss_wd 7.58e+02, trn/lr 2.40e-02
[2022-03-20 10:10:32,323][INFO] [Epoch 138/200] trn/acc1 9.60e-01, trn/loss 4.90e-01, trn/loss_ce 1.16e-01, trn/loss_wd 7.48e+02, trn/lr 2.33e-02
[2022-03-20 10:10:34,901][INFO] [Epoch 139/200] trn/acc1 9.62e-01, trn/loss 4.80e-01, trn/loss_ce 1.11e-01, trn/loss_wd 7.38e+02, trn/lr 2.26e-02
[2022-03-20 10:10:37,480][INFO] [Epoch 140/200] trn/acc1 9.63e-01, trn/loss 4.72e-01, trn/loss_ce 1.08e-01, trn/loss_wd 7.29e+02, trn/lr 2.19e-02
[2022-03-20 10:10:37,550][INFO] [Epoch 140/200] Validation: val/acc1 0.8858, val/loss_ce 0.3925
[2022-03-20 10:10:40,440][INFO] [Epoch 141/200] trn/acc1 9.65e-01, trn/loss 4.62e-01, trn/loss_ce 1.02e-01, trn/loss_wd 7.20e+02, trn/lr 2.13e-02
[2022-03-20 10:10:43,011][INFO] [Epoch 142/200] trn/acc1 9.66e-01, trn/loss 4.51e-01, trn/loss_ce 9.59e-02, trn/loss_wd 7.09e+02, trn/lr 2.06e-02
[2022-03-20 10:10:45,584][INFO] [Epoch 143/200] trn/acc1 9.69e-01, trn/loss 4.40e-01, trn/loss_ce 9.01e-02, trn/loss_wd 6.99e+02, trn/lr 2.00e-02
[2022-03-20 10:10:48,149][INFO] [Epoch 144/200] trn/acc1 9.71e-01, trn/loss 4.31e-01, trn/loss_ce 8.71e-02, trn/loss_wd 6.88e+02, trn/lr 1.93e-02
[2022-03-20 10:10:50,708][INFO] [Epoch 145/200] trn/acc1 9.72e-01, trn/loss 4.22e-01, trn/loss_ce 8.30e-02, trn/loss_wd 6.78e+02, trn/lr 1.87e-02
[2022-03-20 10:10:53,268][INFO] [Epoch 146/200] trn/acc1 9.72e-01, trn/loss 4.16e-01, trn/loss_ce 8.17e-02, trn/loss_wd 6.68e+02, trn/lr 1.81e-02
[2022-03-20 10:10:55,835][INFO] [Epoch 147/200] trn/acc1 9.76e-01, trn/loss 4.04e-01, trn/loss_ce 7.48e-02, trn/loss_wd 6.58e+02, trn/lr 1.75e-02
[2022-03-20 10:10:58,405][INFO] [Epoch 148/200] trn/acc1 9.76e-01, trn/loss 3.97e-01, trn/loss_ce 7.28e-02, trn/loss_wd 6.48e+02, trn/lr 1.68e-02
[2022-03-20 10:11:00,970][INFO] [Epoch 149/200] trn/acc1 9.77e-01, trn/loss 3.85e-01, trn/loss_ce 6.60e-02, trn/loss_wd 6.38e+02, trn/lr 1.62e-02
[2022-03-20 10:11:03,560][INFO] [Epoch 150/200] trn/acc1 9.78e-01, trn/loss 3.79e-01, trn/loss_ce 6.49e-02, trn/loss_wd 6.28e+02, trn/lr 1.57e-02
[2022-03-20 10:11:06,139][INFO] [Epoch 151/200] trn/acc1 9.80e-01, trn/loss 3.69e-01, trn/loss_ce 6.02e-02, trn/loss_wd 6.18e+02, trn/lr 1.51e-02
[2022-03-20 10:11:08,709][INFO] [Epoch 152/200] trn/acc1 9.81e-01, trn/loss 3.60e-01, trn/loss_ce 5.59e-02, trn/loss_wd 6.09e+02, trn/lr 1.45e-02
[2022-03-20 10:11:11,275][INFO] [Epoch 153/200] trn/acc1 9.83e-01, trn/loss 3.51e-01, trn/loss_ce 5.20e-02, trn/loss_wd 5.99e+02, trn/lr 1.39e-02
[2022-03-20 10:11:13,843][INFO] [Epoch 154/200] trn/acc1 9.83e-01, trn/loss 3.44e-01, trn/loss_ce 5.00e-02, trn/loss_wd 5.89e+02, trn/lr 1.34e-02
[2022-03-20 10:11:16,430][INFO] [Epoch 155/200] trn/acc1 9.84e-01, trn/loss 3.39e-01, trn/loss_ce 4.85e-02, trn/loss_wd 5.80e+02, trn/lr 1.28e-02
[2022-03-20 10:11:19,138][INFO] [Epoch 156/200] trn/acc1 9.85e-01, trn/loss 3.30e-01, trn/loss_ce 4.40e-02, trn/loss_wd 5.72e+02, trn/lr 1.23e-02
[2022-03-20 10:11:21,713][INFO] [Epoch 157/200] trn/acc1 9.87e-01, trn/loss 3.23e-01, trn/loss_ce 4.16e-02, trn/loss_wd 5.63e+02, trn/lr 1.18e-02
[2022-03-20 10:11:24,281][INFO] [Epoch 158/200] trn/acc1 9.88e-01, trn/loss 3.15e-01, trn/loss_ce 3.82e-02, trn/loss_wd 5.54e+02, trn/lr 1.13e-02
[2022-03-20 10:11:26,845][INFO] [Epoch 159/200] trn/acc1 9.90e-01, trn/loss 3.03e-01, trn/loss_ce 3.05e-02, trn/loss_wd 5.45e+02, trn/lr 1.08e-02
[2022-03-20 10:11:29,415][INFO] [Epoch 160/200] trn/acc1 9.90e-01, trn/loss 3.00e-01, trn/loss_ce 3.18e-02, trn/loss_wd 5.36e+02, trn/lr 1.03e-02
[2022-03-20 10:11:29,484][INFO] [Epoch 160/200] Validation: val/acc1 0.9052, val/loss_ce 0.3664
[2022-03-20 10:11:32,350][INFO] [Epoch 161/200] trn/acc1 9.92e-01, trn/loss 2.90e-01, trn/loss_ce 2.64e-02, trn/loss_wd 5.27e+02, trn/lr 9.79e-03
[2022-03-20 10:11:34,921][INFO] [Epoch 162/200] trn/acc1 9.92e-01, trn/loss 2.84e-01, trn/loss_ce 2.49e-02, trn/loss_wd 5.18e+02, trn/lr 9.31e-03
[2022-03-20 10:11:37,493][INFO] [Epoch 163/200] trn/acc1 9.93e-01, trn/loss 2.79e-01, trn/loss_ce 2.37e-02, trn/loss_wd 5.10e+02, trn/lr 8.85e-03
[2022-03-20 10:11:40,064][INFO] [Epoch 164/200] trn/acc1 9.93e-01, trn/loss 2.73e-01, trn/loss_ce 2.18e-02, trn/loss_wd 5.02e+02, trn/lr 8.40e-03
[2022-03-20 10:11:42,642][INFO] [Epoch 165/200] trn/acc1 9.94e-01, trn/loss 2.68e-01, trn/loss_ce 2.04e-02, trn/loss_wd 4.95e+02, trn/lr 7.96e-03
[2022-03-20 10:11:45,214][INFO] [Epoch 166/200] trn/acc1 9.96e-01, trn/loss 2.60e-01, trn/loss_ce 1.65e-02, trn/loss_wd 4.87e+02, trn/lr 7.53e-03
[2022-03-20 10:11:47,787][INFO] [Epoch 167/200] trn/acc1 9.95e-01, trn/loss 2.58e-01, trn/loss_ce 1.82e-02, trn/loss_wd 4.80e+02, trn/lr 7.11e-03
[2022-03-20 10:11:50,357][INFO] [Epoch 168/200] trn/acc1 9.95e-01, trn/loss 2.54e-01, trn/loss_ce 1.68e-02, trn/loss_wd 4.74e+02, trn/lr 6.70e-03
[2022-03-20 10:11:52,928][INFO] [Epoch 169/200] trn/acc1 9.97e-01, trn/loss 2.47e-01, trn/loss_ce 1.33e-02, trn/loss_wd 4.68e+02, trn/lr 6.30e-03
[2022-03-20 10:11:55,506][INFO] [Epoch 170/200] trn/acc1 9.96e-01, trn/loss 2.44e-01, trn/loss_ce 1.35e-02, trn/loss_wd 4.61e+02, trn/lr 5.92e-03
[2022-03-20 10:11:58,084][INFO] [Epoch 171/200] trn/acc1 9.97e-01, trn/loss 2.40e-01, trn/loss_ce 1.17e-02, trn/loss_wd 4.56e+02, trn/lr 5.54e-03
[2022-03-20 10:12:00,663][INFO] [Epoch 172/200] trn/acc1 9.96e-01, trn/loss 2.38e-01, trn/loss_ce 1.25e-02, trn/loss_wd 4.50e+02, trn/lr 5.18e-03
[2022-03-20 10:12:03,236][INFO] [Epoch 173/200] trn/acc1 9.98e-01, trn/loss 2.32e-01, trn/loss_ce 9.20e-03, trn/loss_wd 4.45e+02, trn/lr 4.83e-03
[2022-03-20 10:12:05,812][INFO] [Epoch 174/200] trn/acc1 9.98e-01, trn/loss 2.29e-01, trn/loss_ce 8.70e-03, trn/loss_wd 4.40e+02, trn/lr 4.49e-03
[2022-03-20 10:12:08,393][INFO] [Epoch 175/200] trn/acc1 9.98e-01, trn/loss 2.26e-01, trn/loss_ce 8.19e-03, trn/loss_wd 4.36e+02, trn/lr 4.16e-03
[2022-03-20 10:12:10,957][INFO] [Epoch 176/200] trn/acc1 9.99e-01, trn/loss 2.23e-01, trn/loss_ce 7.63e-03, trn/loss_wd 4.32e+02, trn/lr 3.85e-03
[2022-03-20 10:12:13,525][INFO] [Epoch 177/200] trn/acc1 9.99e-01, trn/loss 2.22e-01, trn/loss_ce 7.63e-03, trn/loss_wd 4.28e+02, trn/lr 3.54e-03
[2022-03-20 10:12:16,099][INFO] [Epoch 178/200] trn/acc1 9.99e-01, trn/loss 2.19e-01, trn/loss_ce 7.03e-03, trn/loss_wd 4.24e+02, trn/lr 3.25e-03
[2022-03-20 10:12:18,670][INFO] [Epoch 179/200] trn/acc1 9.99e-01, trn/loss 2.17e-01, trn/loss_ce 6.48e-03, trn/loss_wd 4.21e+02, trn/lr 2.97e-03
[2022-03-20 10:12:21,239][INFO] [Epoch 180/200] trn/acc1 9.99e-01, trn/loss 2.16e-01, trn/loss_ce 6.46e-03, trn/loss_wd 4.18e+02, trn/lr 2.70e-03
[2022-03-20 10:12:21,307][INFO] [Epoch 180/200] Validation: val/acc1 0.9146, val/loss_ce 0.3543
[2022-03-20 10:12:24,345][INFO] [Epoch 181/200] trn/acc1 9.99e-01, trn/loss 2.14e-01, trn/loss_ce 6.09e-03, trn/loss_wd 4.15e+02, trn/lr 2.45e-03
[2022-03-20 10:12:24,426][INFO] [Epoch 181/200] Validation: val/acc1 0.9134, val/loss_ce 0.3543
[2022-03-20 10:12:27,242][INFO] [Epoch 182/200] trn/acc1 9.99e-01, trn/loss 2.13e-01, trn/loss_ce 6.18e-03, trn/loss_wd 4.13e+02, trn/lr 2.21e-03
[2022-03-20 10:12:27,311][INFO] [Epoch 182/200] Validation: val/acc1 0.9140, val/loss_ce 0.3471
[2022-03-20 10:12:30,078][INFO] [Epoch 183/200] trn/acc1 9.99e-01, trn/loss 2.11e-01, trn/loss_ce 5.42e-03, trn/loss_wd 4.11e+02, trn/lr 1.97e-03
[2022-03-20 10:12:30,146][INFO] [Epoch 183/200] Validation: val/acc1 0.9144, val/loss_ce 0.3508
[2022-03-20 10:12:32,830][INFO] [Epoch 184/200] trn/acc1 9.99e-01, trn/loss 2.10e-01, trn/loss_ce 5.57e-03, trn/loss_wd 4.09e+02, trn/lr 1.76e-03
[2022-03-20 10:12:32,898][INFO] [Epoch 184/200] Validation: val/acc1 0.9170, val/loss_ce 0.3479
[2022-03-20 10:12:35,662][INFO] [Epoch 185/200] trn/acc1 9.99e-01, trn/loss 2.09e-01, trn/loss_ce 5.44e-03, trn/loss_wd 4.07e+02, trn/lr 1.55e-03
[2022-03-20 10:12:35,731][INFO] [Epoch 185/200] Validation: val/acc1 0.9164, val/loss_ce 0.3433
[2022-03-20 10:12:38,481][INFO] [Epoch 186/200] trn/acc1 9.99e-01, trn/loss 2.08e-01, trn/loss_ce 5.19e-03, trn/loss_wd 4.06e+02, trn/lr 1.36e-03
[2022-03-20 10:12:38,550][INFO] [Epoch 186/200] Validation: val/acc1 0.9174, val/loss_ce 0.3436
[2022-03-20 10:12:41,306][INFO] [Epoch 187/200] trn/acc1 9.99e-01, trn/loss 2.07e-01, trn/loss_ce 5.31e-03, trn/loss_wd 4.04e+02, trn/lr 1.18e-03
[2022-03-20 10:12:41,375][INFO] [Epoch 187/200] Validation: val/acc1 0.9160, val/loss_ce 0.3441
[2022-03-20 10:12:44,059][INFO] [Epoch 188/200] trn/acc1 9.99e-01, trn/loss 2.06e-01, trn/loss_ce 4.92e-03, trn/loss_wd 4.03e+02, trn/lr 1.01e-03
[2022-03-20 10:12:44,127][INFO] [Epoch 188/200] Validation: val/acc1 0.9156, val/loss_ce 0.3421
[2022-03-20 10:12:46,906][INFO] [Epoch 189/200] trn/acc1 9.99e-01, trn/loss 2.06e-01, trn/loss_ce 4.99e-03, trn/loss_wd 4.02e+02, trn/lr 8.56e-04
[2022-03-20 10:12:46,974][INFO] [Epoch 189/200] Validation: val/acc1 0.9164, val/loss_ce 0.3444
[2022-03-20 10:12:49,661][INFO] [Epoch 190/200] trn/acc1 1.00e+00, trn/loss 2.05e-01, trn/loss_ce 4.43e-03, trn/loss_wd 4.01e+02, trn/lr 7.14e-04
[2022-03-20 10:12:49,730][INFO] [Epoch 190/200] Validation: val/acc1 0.9162, val/loss_ce 0.3430
[2022-03-20 10:12:52,405][INFO] [Epoch 191/200] trn/acc1 9.99e-01, trn/loss 2.05e-01, trn/loss_ce 4.45e-03, trn/loss_wd 4.01e+02, trn/lr 5.85e-04
[2022-03-20 10:12:52,472][INFO] [Epoch 191/200] Validation: val/acc1 0.9158, val/loss_ce 0.3434
[2022-03-20 10:12:55,146][INFO] [Epoch 192/200] trn/acc1 9.99e-01, trn/loss 2.05e-01, trn/loss_ce 4.83e-03, trn/loss_wd 4.00e+02, trn/lr 4.69e-04
[2022-03-20 10:12:55,214][INFO] [Epoch 192/200] Validation: val/acc1 0.9162, val/loss_ce 0.3461
[2022-03-20 10:12:57,890][INFO] [Epoch 193/200] trn/acc1 1.00e+00, trn/loss 2.04e-01, trn/loss_ce 4.52e-03, trn/loss_wd 4.00e+02, trn/lr 3.65e-04
[2022-03-20 10:12:57,957][INFO] [Epoch 193/200] Validation: val/acc1 0.9164, val/loss_ce 0.3431
[2022-03-20 10:13:00,638][INFO] [Epoch 194/200] trn/acc1 1.00e+00, trn/loss 2.04e-01, trn/loss_ce 4.23e-03, trn/loss_wd 3.99e+02, trn/lr 2.75e-04
[2022-03-20 10:13:00,706][INFO] [Epoch 194/200] Validation: val/acc1 0.9178, val/loss_ce 0.3466
[2022-03-20 10:13:03,472][INFO] [Epoch 195/200] trn/acc1 1.00e+00, trn/loss 2.04e-01, trn/loss_ce 4.27e-03, trn/loss_wd 3.99e+02, trn/lr 1.97e-04
[2022-03-20 10:13:03,541][INFO] [Epoch 195/200] Validation: val/acc1 0.9166, val/loss_ce 0.3465
[2022-03-20 10:13:06,216][INFO] [Epoch 196/200] trn/acc1 1.00e+00, trn/loss 2.04e-01, trn/loss_ce 4.28e-03, trn/loss_wd 3.99e+02, trn/lr 1.32e-04
[2022-03-20 10:13:06,284][INFO] [Epoch 196/200] Validation: val/acc1 0.9162, val/loss_ce 0.3457
[2022-03-20 10:13:08,961][INFO] [Epoch 197/200] trn/acc1 1.00e+00, trn/loss 2.03e-01, trn/loss_ce 3.92e-03, trn/loss_wd 3.99e+02, trn/lr 8.01e-05
[2022-03-20 10:13:09,030][INFO] [Epoch 197/200] Validation: val/acc1 0.9160, val/loss_ce 0.3460
[2022-03-20 10:13:11,709][INFO] [Epoch 198/200] trn/acc1 1.00e+00, trn/loss 2.03e-01, trn/loss_ce 3.99e-03, trn/loss_wd 3.99e+02, trn/lr 4.11e-05
[2022-03-20 10:13:11,777][INFO] [Epoch 198/200] Validation: val/acc1 0.9162, val/loss_ce 0.3460
[2022-03-20 10:13:14,452][INFO] [Epoch 199/200] trn/acc1 1.00e+00, trn/loss 2.03e-01, trn/loss_ce 4.03e-03, trn/loss_wd 3.99e+02, trn/lr 1.52e-05
[2022-03-20 10:13:14,520][INFO] [Epoch 199/200] Validation: val/acc1 0.9160, val/loss_ce 0.3460
[2022-03-20 10:13:17,196][INFO] [Epoch 200/200] trn/acc1 9.99e-01, trn/loss 2.04e-01, trn/loss_ce 4.56e-03, trn/loss_wd 3.99e+02, trn/lr 2.17e-06
[2022-03-20 10:13:17,264][INFO] [Epoch 200/200] Validation: val/acc1 0.9160, val/loss_ce 0.3459
