[2022-02-22 15:42:58,160][INFO] Environments:
------------  ---------------------------------------------------------------------------
sys.platform  linux
Python        3.7.11 (default, Nov 23 2021, 05:29:02) [GCC 7.5.0]
JAX           0.2.27 @/mnt/data1/giung/venvs/jax0.2.27/lib/python3.7/site-packages/jax
jaxlib        0.1.75 @/mnt/data1/giung/venvs/jax0.2.27/lib/python3.7/site-packages/jaxlib
Flax          0.4.0 @/mnt/data1/giung/venvs/jax0.2.27/lib/python3.7/site-packages/flax
Optax         0.1.0 @/mnt/data1/giung/venvs/jax0.2.27/lib/python3.7/site-packages/optax
------------  ---------------------------------------------------------------------------

[2022-02-22 15:42:58,161][INFO] Command line arguments:
Namespace(batch_size=128, config_file='./configs/C10_R32x3-BN-ReLU_SGD.yaml', keep_every_n_checkpoints=None, learning_rate=0.1, num_epochs=200, num_warmup_epochs=5, opts=[], output_dir='./outputs/C10_R32x3-BN-ReLU/SGD/s42_e200_wd5e-4/', seed=42, weight_decay=0.0005)

[2022-02-22 15:42:58,161][INFO] Using a random seed 42

[2022-02-22 15:42:58,216][INFO] Unable to initialize backend 'tpu_driver': NOT_FOUND: Unable to find driver in registry given worker: 
[2022-02-22 15:42:58,575][INFO] Unable to initialize backend 'tpu': INVALID_ARGUMENT: TpuPlatform is not available.
[2022-02-22 15:44:27,805][INFO] Found no checkpoint files in outputs/C10_R32x3-BN-ReLU/SGD/s42_e200_wd5e-4
[2022-02-22 15:44:54,557][INFO] [Epoch   1/200] trn/acc1 3.79e-01, trn/loss 4.32e+00, trn/loss_ce 1.81e+00, trn/loss_wd 5.02e+03, trn/lr 9.97e-03
[2022-02-22 15:44:57,231][INFO] [Epoch   1/200] Validation: val/acc1 0.4782, val/loss_ce 1.4758
[2022-02-22 15:45:10,611][INFO] [Epoch   2/200] trn/acc1 5.95e-01, trn/loss 3.51e+00, trn/loss_ce 1.15e+00, trn/loss_wd 4.71e+03, trn/lr 3.00e-02
[2022-02-22 15:45:21,613][INFO] [Epoch   3/200] trn/acc1 6.93e-01, trn/loss 2.96e+00, trn/loss_ce 8.71e-01, trn/loss_wd 4.17e+03, trn/lr 5.00e-02
[2022-02-22 15:45:32,639][INFO] [Epoch   4/200] trn/acc1 7.50e-01, trn/loss 2.47e+00, trn/loss_ce 7.23e-01, trn/loss_wd 3.50e+03, trn/lr 7.00e-02
[2022-02-22 15:45:43,688][INFO] [Epoch   5/200] trn/acc1 7.81e-01, trn/loss 2.03e+00, trn/loss_ce 6.35e-01, trn/loss_wd 2.80e+03, trn/lr 9.00e-02
[2022-02-22 15:45:54,749][INFO] [Epoch   6/200] trn/acc1 8.08e-01, trn/loss 1.65e+00, trn/loss_ce 5.61e-01, trn/loss_wd 2.18e+03, trn/lr 1.00e-01
[2022-02-22 15:46:05,816][INFO] [Epoch   7/200] trn/acc1 8.25e-01, trn/loss 1.37e+00, trn/loss_ce 5.10e-01, trn/loss_wd 1.72e+03, trn/lr 1.00e-01
[2022-02-22 15:46:16,897][INFO] [Epoch   8/200] trn/acc1 8.37e-01, trn/loss 1.18e+00, trn/loss_ce 4.75e-01, trn/loss_wd 1.40e+03, trn/lr 1.00e-01
[2022-02-22 15:46:28,005][INFO] [Epoch   9/200] trn/acc1 8.45e-01, trn/loss 1.04e+00, trn/loss_ce 4.49e-01, trn/loss_wd 1.18e+03, trn/lr 9.99e-02
[2022-02-22 15:46:39,129][INFO] [Epoch  10/200] trn/acc1 8.52e-01, trn/loss 9.47e-01, trn/loss_ce 4.32e-01, trn/loss_wd 1.03e+03, trn/lr 9.99e-02
[2022-02-22 15:46:50,260][INFO] [Epoch  11/200] trn/acc1 8.55e-01, trn/loss 8.85e-01, trn/loss_ce 4.18e-01, trn/loss_wd 9.32e+02, trn/lr 9.98e-02
[2022-02-22 15:47:01,386][INFO] [Epoch  12/200] trn/acc1 8.60e-01, trn/loss 8.46e-01, trn/loss_ce 4.10e-01, trn/loss_wd 8.73e+02, trn/lr 9.97e-02
[2022-02-22 15:47:12,514][INFO] [Epoch  13/200] trn/acc1 8.66e-01, trn/loss 8.11e-01, trn/loss_ce 3.95e-01, trn/loss_wd 8.33e+02, trn/lr 9.96e-02
[2022-02-22 15:47:23,642][INFO] [Epoch  14/200] trn/acc1 8.67e-01, trn/loss 7.96e-01, trn/loss_ce 3.91e-01, trn/loss_wd 8.11e+02, trn/lr 9.95e-02
[2022-02-22 15:47:34,776][INFO] [Epoch  15/200] trn/acc1 8.70e-01, trn/loss 7.77e-01, trn/loss_ce 3.81e-01, trn/loss_wd 7.94e+02, trn/lr 9.94e-02
[2022-02-22 15:47:45,913][INFO] [Epoch  16/200] trn/acc1 8.71e-01, trn/loss 7.70e-01, trn/loss_ce 3.76e-01, trn/loss_wd 7.89e+02, trn/lr 9.93e-02
[2022-02-22 15:47:57,043][INFO] [Epoch  17/200] trn/acc1 8.75e-01, trn/loss 7.62e-01, trn/loss_ce 3.69e-01, trn/loss_wd 7.87e+02, trn/lr 9.91e-02
[2022-02-22 15:48:08,186][INFO] [Epoch  18/200] trn/acc1 8.75e-01, trn/loss 7.55e-01, trn/loss_ce 3.60e-01, trn/loss_wd 7.89e+02, trn/lr 9.90e-02
[2022-02-22 15:48:19,322][INFO] [Epoch  19/200] trn/acc1 8.79e-01, trn/loss 7.47e-01, trn/loss_ce 3.51e-01, trn/loss_wd 7.91e+02, trn/lr 9.88e-02
[2022-02-22 15:48:30,465][INFO] [Epoch  20/200] trn/acc1 8.79e-01, trn/loss 7.44e-01, trn/loss_ce 3.49e-01, trn/loss_wd 7.89e+02, trn/lr 9.86e-02
[2022-02-22 15:48:30,778][INFO] [Epoch  20/200] Validation: val/acc1 0.8442, val/loss_ce 0.4620
[2022-02-22 15:48:43,995][INFO] [Epoch  21/200] trn/acc1 8.83e-01, trn/loss 7.38e-01, trn/loss_ce 3.42e-01, trn/loss_wd 7.92e+02, trn/lr 9.84e-02
[2022-02-22 15:48:55,168][INFO] [Epoch  22/200] trn/acc1 8.86e-01, trn/loss 7.34e-01, trn/loss_ce 3.36e-01, trn/loss_wd 7.96e+02, trn/lr 9.82e-02
[2022-02-22 15:49:06,262][INFO] [Epoch  23/200] trn/acc1 8.85e-01, trn/loss 7.31e-01, trn/loss_ce 3.32e-01, trn/loss_wd 7.98e+02, trn/lr 9.80e-02
[2022-02-22 15:49:17,349][INFO] [Epoch  24/200] trn/acc1 8.87e-01, trn/loss 7.32e-01, trn/loss_ce 3.30e-01, trn/loss_wd 8.02e+02, trn/lr 9.78e-02
[2022-02-22 15:49:28,448][INFO] [Epoch  25/200] trn/acc1 8.87e-01, trn/loss 7.30e-01, trn/loss_ce 3.28e-01, trn/loss_wd 8.05e+02, trn/lr 9.76e-02
[2022-02-22 15:49:39,543][INFO] [Epoch  26/200] trn/acc1 8.89e-01, trn/loss 7.29e-01, trn/loss_ce 3.25e-01, trn/loss_wd 8.09e+02, trn/lr 9.73e-02
[2022-02-22 15:49:50,630][INFO] [Epoch  27/200] trn/acc1 8.90e-01, trn/loss 7.26e-01, trn/loss_ce 3.20e-01, trn/loss_wd 8.11e+02, trn/lr 9.70e-02
[2022-02-22 15:50:01,724][INFO] [Epoch  28/200] trn/acc1 8.90e-01, trn/loss 7.30e-01, trn/loss_ce 3.22e-01, trn/loss_wd 8.16e+02, trn/lr 9.68e-02
[2022-02-22 15:50:12,820][INFO] [Epoch  29/200] trn/acc1 8.93e-01, trn/loss 7.19e-01, trn/loss_ce 3.09e-01, trn/loss_wd 8.20e+02, trn/lr 9.65e-02
[2022-02-22 15:50:23,915][INFO] [Epoch  30/200] trn/acc1 8.91e-01, trn/loss 7.23e-01, trn/loss_ce 3.13e-01, trn/loss_wd 8.20e+02, trn/lr 9.62e-02
[2022-02-22 15:50:35,016][INFO] [Epoch  31/200] trn/acc1 8.95e-01, trn/loss 7.21e-01, trn/loss_ce 3.08e-01, trn/loss_wd 8.24e+02, trn/lr 9.58e-02
[2022-02-22 15:50:46,107][INFO] [Epoch  32/200] trn/acc1 8.97e-01, trn/loss 7.18e-01, trn/loss_ce 3.04e-01, trn/loss_wd 8.28e+02, trn/lr 9.55e-02
[2022-02-22 15:50:57,209][INFO] [Epoch  33/200] trn/acc1 8.95e-01, trn/loss 7.22e-01, trn/loss_ce 3.06e-01, trn/loss_wd 8.30e+02, trn/lr 9.52e-02
[2022-02-22 15:51:08,299][INFO] [Epoch  34/200] trn/acc1 8.96e-01, trn/loss 7.17e-01, trn/loss_ce 3.02e-01, trn/loss_wd 8.29e+02, trn/lr 9.48e-02
[2022-02-22 15:51:19,400][INFO] [Epoch  35/200] trn/acc1 8.99e-01, trn/loss 7.10e-01, trn/loss_ce 2.96e-01, trn/loss_wd 8.27e+02, trn/lr 9.45e-02
[2022-02-22 15:51:30,495][INFO] [Epoch  36/200] trn/acc1 8.97e-01, trn/loss 7.17e-01, trn/loss_ce 3.01e-01, trn/loss_wd 8.33e+02, trn/lr 9.41e-02
[2022-02-22 15:51:41,588][INFO] [Epoch  37/200] trn/acc1 8.99e-01, trn/loss 7.11e-01, trn/loss_ce 2.95e-01, trn/loss_wd 8.33e+02, trn/lr 9.37e-02
[2022-02-22 15:51:52,678][INFO] [Epoch  38/200] trn/acc1 9.00e-01, trn/loss 7.12e-01, trn/loss_ce 2.94e-01, trn/loss_wd 8.35e+02, trn/lr 9.33e-02
[2022-02-22 15:52:03,775][INFO] [Epoch  39/200] trn/acc1 9.01e-01, trn/loss 7.06e-01, trn/loss_ce 2.89e-01, trn/loss_wd 8.35e+02, trn/lr 9.29e-02
[2022-02-22 15:52:14,871][INFO] [Epoch  40/200] trn/acc1 8.99e-01, trn/loss 7.09e-01, trn/loss_ce 2.92e-01, trn/loss_wd 8.34e+02, trn/lr 9.25e-02
[2022-02-22 15:52:15,182][INFO] [Epoch  40/200] Validation: val/acc1 0.8328, val/loss_ce 0.5494
[2022-02-22 15:52:27,061][INFO] [Epoch  41/200] trn/acc1 9.03e-01, trn/loss 7.00e-01, trn/loss_ce 2.85e-01, trn/loss_wd 8.31e+02, trn/lr 9.20e-02
[2022-02-22 15:52:38,164][INFO] [Epoch  42/200] trn/acc1 9.03e-01, trn/loss 6.96e-01, trn/loss_ce 2.83e-01, trn/loss_wd 8.27e+02, trn/lr 9.16e-02
[2022-02-22 15:52:49,347][INFO] [Epoch  43/200] trn/acc1 9.05e-01, trn/loss 6.94e-01, trn/loss_ce 2.80e-01, trn/loss_wd 8.28e+02, trn/lr 9.11e-02
[2022-02-22 15:53:00,452][INFO] [Epoch  44/200] trn/acc1 9.01e-01, trn/loss 7.01e-01, trn/loss_ce 2.86e-01, trn/loss_wd 8.29e+02, trn/lr 9.07e-02
[2022-02-22 15:53:11,548][INFO] [Epoch  45/200] trn/acc1 9.04e-01, trn/loss 6.94e-01, trn/loss_ce 2.78e-01, trn/loss_wd 8.33e+02, trn/lr 9.02e-02
[2022-02-22 15:53:22,647][INFO] [Epoch  46/200] trn/acc1 9.05e-01, trn/loss 6.99e-01, trn/loss_ce 2.81e-01, trn/loss_wd 8.34e+02, trn/lr 8.97e-02
[2022-02-22 15:53:33,744][INFO] [Epoch  47/200] trn/acc1 9.05e-01, trn/loss 6.96e-01, trn/loss_ce 2.77e-01, trn/loss_wd 8.38e+02, trn/lr 8.92e-02
[2022-02-22 15:53:44,833][INFO] [Epoch  48/200] trn/acc1 9.06e-01, trn/loss 6.90e-01, trn/loss_ce 2.73e-01, trn/loss_wd 8.34e+02, trn/lr 8.87e-02
[2022-02-22 15:53:55,926][INFO] [Epoch  49/200] trn/acc1 9.06e-01, trn/loss 6.94e-01, trn/loss_ce 2.76e-01, trn/loss_wd 8.36e+02, trn/lr 8.82e-02
[2022-02-22 15:54:07,021][INFO] [Epoch  50/200] trn/acc1 9.09e-01, trn/loss 6.84e-01, trn/loss_ce 2.66e-01, trn/loss_wd 8.36e+02, trn/lr 8.77e-02
[2022-02-22 15:54:18,117][INFO] [Epoch  51/200] trn/acc1 9.08e-01, trn/loss 6.84e-01, trn/loss_ce 2.66e-01, trn/loss_wd 8.35e+02, trn/lr 8.72e-02
[2022-02-22 15:54:29,204][INFO] [Epoch  52/200] trn/acc1 9.08e-01, trn/loss 6.86e-01, trn/loss_ce 2.68e-01, trn/loss_wd 8.36e+02, trn/lr 8.66e-02
[2022-02-22 15:54:40,289][INFO] [Epoch  53/200] trn/acc1 9.10e-01, trn/loss 6.83e-01, trn/loss_ce 2.65e-01, trn/loss_wd 8.36e+02, trn/lr 8.61e-02
[2022-02-22 15:54:51,373][INFO] [Epoch  54/200] trn/acc1 9.11e-01, trn/loss 6.78e-01, trn/loss_ce 2.61e-01, trn/loss_wd 8.34e+02, trn/lr 8.55e-02
[2022-02-22 15:55:02,461][INFO] [Epoch  55/200] trn/acc1 9.10e-01, trn/loss 6.79e-01, trn/loss_ce 2.61e-01, trn/loss_wd 8.36e+02, trn/lr 8.49e-02
[2022-02-22 15:55:13,541][INFO] [Epoch  56/200] trn/acc1 9.12e-01, trn/loss 6.80e-01, trn/loss_ce 2.62e-01, trn/loss_wd 8.36e+02, trn/lr 8.43e-02
[2022-02-22 15:55:24,619][INFO] [Epoch  57/200] trn/acc1 9.12e-01, trn/loss 6.79e-01, trn/loss_ce 2.63e-01, trn/loss_wd 8.33e+02, trn/lr 8.38e-02
[2022-02-22 15:55:35,702][INFO] [Epoch  58/200] trn/acc1 9.13e-01, trn/loss 6.69e-01, trn/loss_ce 2.55e-01, trn/loss_wd 8.28e+02, trn/lr 8.32e-02
[2022-02-22 15:55:46,790][INFO] [Epoch  59/200] trn/acc1 9.12e-01, trn/loss 6.66e-01, trn/loss_ce 2.52e-01, trn/loss_wd 8.28e+02, trn/lr 8.25e-02
[2022-02-22 15:55:57,886][INFO] [Epoch  60/200] trn/acc1 9.14e-01, trn/loss 6.69e-01, trn/loss_ce 2.54e-01, trn/loss_wd 8.31e+02, trn/lr 8.19e-02
[2022-02-22 15:55:58,199][INFO] [Epoch  60/200] Validation: val/acc1 0.8312, val/loss_ce 0.5389
[2022-02-22 15:56:09,863][INFO] [Epoch  61/200] trn/acc1 9.14e-01, trn/loss 6.63e-01, trn/loss_ce 2.48e-01, trn/loss_wd 8.30e+02, trn/lr 8.13e-02
[2022-02-22 15:56:20,939][INFO] [Epoch  62/200] trn/acc1 9.13e-01, trn/loss 6.66e-01, trn/loss_ce 2.51e-01, trn/loss_wd 8.31e+02, trn/lr 8.07e-02
[2022-02-22 15:56:32,022][INFO] [Epoch  63/200] trn/acc1 9.16e-01, trn/loss 6.64e-01, trn/loss_ce 2.48e-01, trn/loss_wd 8.32e+02, trn/lr 8.00e-02
[2022-02-22 15:56:43,190][INFO] [Epoch  64/200] trn/acc1 9.18e-01, trn/loss 6.55e-01, trn/loss_ce 2.39e-01, trn/loss_wd 8.32e+02, trn/lr 7.94e-02
[2022-02-22 15:56:54,276][INFO] [Epoch  65/200] trn/acc1 9.16e-01, trn/loss 6.56e-01, trn/loss_ce 2.42e-01, trn/loss_wd 8.29e+02, trn/lr 7.87e-02
[2022-02-22 15:57:05,356][INFO] [Epoch  66/200] trn/acc1 9.18e-01, trn/loss 6.55e-01, trn/loss_ce 2.43e-01, trn/loss_wd 8.25e+02, trn/lr 7.81e-02
[2022-02-22 15:57:16,449][INFO] [Epoch  67/200] trn/acc1 9.16e-01, trn/loss 6.55e-01, trn/loss_ce 2.41e-01, trn/loss_wd 8.27e+02, trn/lr 7.74e-02
[2022-02-22 15:57:27,544][INFO] [Epoch  68/200] trn/acc1 9.17e-01, trn/loss 6.54e-01, trn/loss_ce 2.41e-01, trn/loss_wd 8.26e+02, trn/lr 7.67e-02
[2022-02-22 15:57:38,630][INFO] [Epoch  69/200] trn/acc1 9.16e-01, trn/loss 6.53e-01, trn/loss_ce 2.39e-01, trn/loss_wd 8.27e+02, trn/lr 7.60e-02
[2022-02-22 15:57:49,729][INFO] [Epoch  70/200] trn/acc1 9.20e-01, trn/loss 6.49e-01, trn/loss_ce 2.36e-01, trn/loss_wd 8.24e+02, trn/lr 7.53e-02
[2022-02-22 15:58:00,825][INFO] [Epoch  71/200] trn/acc1 9.21e-01, trn/loss 6.39e-01, trn/loss_ce 2.31e-01, trn/loss_wd 8.15e+02, trn/lr 7.47e-02
[2022-02-22 15:58:11,921][INFO] [Epoch  72/200] trn/acc1 9.22e-01, trn/loss 6.35e-01, trn/loss_ce 2.27e-01, trn/loss_wd 8.16e+02, trn/lr 7.39e-02
[2022-02-22 15:58:23,022][INFO] [Epoch  73/200] trn/acc1 9.20e-01, trn/loss 6.40e-01, trn/loss_ce 2.30e-01, trn/loss_wd 8.19e+02, trn/lr 7.32e-02
[2022-02-22 15:58:34,131][INFO] [Epoch  74/200] trn/acc1 9.21e-01, trn/loss 6.39e-01, trn/loss_ce 2.30e-01, trn/loss_wd 8.18e+02, trn/lr 7.25e-02
[2022-02-22 15:58:45,244][INFO] [Epoch  75/200] trn/acc1 9.24e-01, trn/loss 6.28e-01, trn/loss_ce 2.21e-01, trn/loss_wd 8.15e+02, trn/lr 7.18e-02
[2022-02-22 15:58:56,348][INFO] [Epoch  76/200] trn/acc1 9.25e-01, trn/loss 6.23e-01, trn/loss_ce 2.19e-01, trn/loss_wd 8.09e+02, trn/lr 7.11e-02
[2022-02-22 15:59:07,451][INFO] [Epoch  77/200] trn/acc1 9.25e-01, trn/loss 6.25e-01, trn/loss_ce 2.20e-01, trn/loss_wd 8.10e+02, trn/lr 7.03e-02
[2022-02-22 15:59:18,557][INFO] [Epoch  78/200] trn/acc1 9.26e-01, trn/loss 6.21e-01, trn/loss_ce 2.19e-01, trn/loss_wd 8.04e+02, trn/lr 6.96e-02
[2022-02-22 15:59:29,656][INFO] [Epoch  79/200] trn/acc1 9.26e-01, trn/loss 6.17e-01, trn/loss_ce 2.16e-01, trn/loss_wd 8.03e+02, trn/lr 6.89e-02
[2022-02-22 15:59:40,759][INFO] [Epoch  80/200] trn/acc1 9.27e-01, trn/loss 6.15e-01, trn/loss_ce 2.14e-01, trn/loss_wd 8.02e+02, trn/lr 6.81e-02
[2022-02-22 15:59:41,070][INFO] [Epoch  80/200] Validation: val/acc1 0.8488, val/loss_ce 0.4708
[2022-02-22 15:59:52,827][INFO] [Epoch  81/200] trn/acc1 9.28e-01, trn/loss 6.07e-01, trn/loss_ce 2.09e-01, trn/loss_wd 7.95e+02, trn/lr 6.74e-02
[2022-02-22 16:00:03,929][INFO] [Epoch  82/200] trn/acc1 9.28e-01, trn/loss 6.08e-01, trn/loss_ce 2.11e-01, trn/loss_wd 7.94e+02, trn/lr 6.66e-02
[2022-02-22 16:00:15,028][INFO] [Epoch  83/200] trn/acc1 9.30e-01, trn/loss 6.00e-01, trn/loss_ce 2.05e-01, trn/loss_wd 7.91e+02, trn/lr 6.58e-02
[2022-02-22 16:00:26,136][INFO] [Epoch  84/200] trn/acc1 9.30e-01, trn/loss 5.97e-01, trn/loss_ce 2.03e-01, trn/loss_wd 7.88e+02, trn/lr 6.51e-02
[2022-02-22 16:00:37,321][INFO] [Epoch  85/200] trn/acc1 9.29e-01, trn/loss 5.98e-01, trn/loss_ce 2.04e-01, trn/loss_wd 7.88e+02, trn/lr 6.43e-02
[2022-02-22 16:00:48,421][INFO] [Epoch  86/200] trn/acc1 9.32e-01, trn/loss 5.92e-01, trn/loss_ce 1.99e-01, trn/loss_wd 7.85e+02, trn/lr 6.35e-02
[2022-02-22 16:00:59,528][INFO] [Epoch  87/200] trn/acc1 9.32e-01, trn/loss 5.90e-01, trn/loss_ce 1.99e-01, trn/loss_wd 7.84e+02, trn/lr 6.27e-02
[2022-02-22 16:01:10,636][INFO] [Epoch  88/200] trn/acc1 9.34e-01, trn/loss 5.90e-01, trn/loss_ce 1.97e-01, trn/loss_wd 7.85e+02, trn/lr 6.20e-02
[2022-02-22 16:01:21,735][INFO] [Epoch  89/200] trn/acc1 9.34e-01, trn/loss 5.82e-01, trn/loss_ce 1.91e-01, trn/loss_wd 7.83e+02, trn/lr 6.12e-02
[2022-02-22 16:01:32,836][INFO] [Epoch  90/200] trn/acc1 9.35e-01, trn/loss 5.79e-01, trn/loss_ce 1.90e-01, trn/loss_wd 7.78e+02, trn/lr 6.04e-02
[2022-02-22 16:01:43,928][INFO] [Epoch  91/200] trn/acc1 9.35e-01, trn/loss 5.80e-01, trn/loss_ce 1.92e-01, trn/loss_wd 7.77e+02, trn/lr 5.96e-02
[2022-02-22 16:01:55,026][INFO] [Epoch  92/200] trn/acc1 9.38e-01, trn/loss 5.71e-01, trn/loss_ce 1.86e-01, trn/loss_wd 7.71e+02, trn/lr 5.88e-02
[2022-02-22 16:02:06,127][INFO] [Epoch  93/200] trn/acc1 9.38e-01, trn/loss 5.64e-01, trn/loss_ce 1.81e-01, trn/loss_wd 7.67e+02, trn/lr 5.80e-02
[2022-02-22 16:02:17,224][INFO] [Epoch  94/200] trn/acc1 9.36e-01, trn/loss 5.70e-01, trn/loss_ce 1.87e-01, trn/loss_wd 7.66e+02, trn/lr 5.72e-02
[2022-02-22 16:02:28,321][INFO] [Epoch  95/200] trn/acc1 9.38e-01, trn/loss 5.58e-01, trn/loss_ce 1.78e-01, trn/loss_wd 7.61e+02, trn/lr 5.64e-02
[2022-02-22 16:02:39,418][INFO] [Epoch  96/200] trn/acc1 9.38e-01, trn/loss 5.59e-01, trn/loss_ce 1.80e-01, trn/loss_wd 7.57e+02, trn/lr 5.56e-02
[2022-02-22 16:02:50,517][INFO] [Epoch  97/200] trn/acc1 9.40e-01, trn/loss 5.51e-01, trn/loss_ce 1.75e-01, trn/loss_wd 7.51e+02, trn/lr 5.48e-02
[2022-02-22 16:03:01,611][INFO] [Epoch  98/200] trn/acc1 9.41e-01, trn/loss 5.48e-01, trn/loss_ce 1.74e-01, trn/loss_wd 7.48e+02, trn/lr 5.40e-02
[2022-02-22 16:03:12,710][INFO] [Epoch  99/200] trn/acc1 9.42e-01, trn/loss 5.44e-01, trn/loss_ce 1.71e-01, trn/loss_wd 7.47e+02, trn/lr 5.32e-02
[2022-02-22 16:03:23,804][INFO] [Epoch 100/200] trn/acc1 9.42e-01, trn/loss 5.42e-01, trn/loss_ce 1.70e-01, trn/loss_wd 7.45e+02, trn/lr 5.24e-02
[2022-02-22 16:03:24,115][INFO] [Epoch 100/200] Validation: val/acc1 0.8924, val/loss_ce 0.3514
[2022-02-22 16:03:36,611][INFO] [Epoch 101/200] trn/acc1 9.41e-01, trn/loss 5.40e-01, trn/loss_ce 1.69e-01, trn/loss_wd 7.42e+02, trn/lr 5.16e-02
[2022-02-22 16:03:47,702][INFO] [Epoch 102/200] trn/acc1 9.44e-01, trn/loss 5.35e-01, trn/loss_ce 1.65e-01, trn/loss_wd 7.39e+02, trn/lr 5.08e-02
[2022-02-22 16:03:58,798][INFO] [Epoch 103/200] trn/acc1 9.45e-01, trn/loss 5.28e-01, trn/loss_ce 1.60e-01, trn/loss_wd 7.35e+02, trn/lr 5.00e-02
[2022-02-22 16:04:09,885][INFO] [Epoch 104/200] trn/acc1 9.45e-01, trn/loss 5.26e-01, trn/loss_ce 1.60e-01, trn/loss_wd 7.31e+02, trn/lr 4.92e-02
[2022-02-22 16:04:20,971][INFO] [Epoch 105/200] trn/acc1 9.46e-01, trn/loss 5.19e-01, trn/loss_ce 1.57e-01, trn/loss_wd 7.24e+02, trn/lr 4.84e-02
[2022-02-22 16:04:32,150][INFO] [Epoch 106/200] trn/acc1 9.46e-01, trn/loss 5.18e-01, trn/loss_ce 1.57e-01, trn/loss_wd 7.22e+02, trn/lr 4.76e-02
[2022-02-22 16:04:43,232][INFO] [Epoch 107/200] trn/acc1 9.48e-01, trn/loss 5.10e-01, trn/loss_ce 1.52e-01, trn/loss_wd 7.17e+02, trn/lr 4.68e-02
[2022-02-22 16:04:54,321][INFO] [Epoch 108/200] trn/acc1 9.48e-01, trn/loss 5.09e-01, trn/loss_ce 1.53e-01, trn/loss_wd 7.13e+02, trn/lr 4.60e-02
[2022-02-22 16:05:05,401][INFO] [Epoch 109/200] trn/acc1 9.51e-01, trn/loss 4.97e-01, trn/loss_ce 1.43e-01, trn/loss_wd 7.08e+02, trn/lr 4.52e-02
[2022-02-22 16:05:16,486][INFO] [Epoch 110/200] trn/acc1 9.51e-01, trn/loss 4.96e-01, trn/loss_ce 1.44e-01, trn/loss_wd 7.03e+02, trn/lr 4.44e-02
[2022-02-22 16:05:27,576][INFO] [Epoch 111/200] trn/acc1 9.51e-01, trn/loss 4.91e-01, trn/loss_ce 1.42e-01, trn/loss_wd 6.98e+02, trn/lr 4.36e-02
[2022-02-22 16:05:38,665][INFO] [Epoch 112/200] trn/acc1 9.53e-01, trn/loss 4.86e-01, trn/loss_ce 1.39e-01, trn/loss_wd 6.94e+02, trn/lr 4.28e-02
[2022-02-22 16:05:49,762][INFO] [Epoch 113/200] trn/acc1 9.52e-01, trn/loss 4.82e-01, trn/loss_ce 1.38e-01, trn/loss_wd 6.88e+02, trn/lr 4.20e-02
[2022-02-22 16:06:00,849][INFO] [Epoch 114/200] trn/acc1 9.54e-01, trn/loss 4.75e-01, trn/loss_ce 1.32e-01, trn/loss_wd 6.85e+02, trn/lr 4.12e-02
[2022-02-22 16:06:11,946][INFO] [Epoch 115/200] trn/acc1 9.54e-01, trn/loss 4.73e-01, trn/loss_ce 1.33e-01, trn/loss_wd 6.80e+02, trn/lr 4.04e-02
[2022-02-22 16:06:23,043][INFO] [Epoch 116/200] trn/acc1 9.56e-01, trn/loss 4.66e-01, trn/loss_ce 1.28e-01, trn/loss_wd 6.75e+02, trn/lr 3.96e-02
[2022-02-22 16:06:34,147][INFO] [Epoch 117/200] trn/acc1 9.56e-01, trn/loss 4.63e-01, trn/loss_ce 1.28e-01, trn/loss_wd 6.70e+02, trn/lr 3.88e-02
[2022-02-22 16:06:45,243][INFO] [Epoch 118/200] trn/acc1 9.57e-01, trn/loss 4.56e-01, trn/loss_ce 1.24e-01, trn/loss_wd 6.64e+02, trn/lr 3.80e-02
[2022-02-22 16:06:56,351][INFO] [Epoch 119/200] trn/acc1 9.59e-01, trn/loss 4.53e-01, trn/loss_ce 1.22e-01, trn/loss_wd 6.61e+02, trn/lr 3.73e-02
[2022-02-22 16:07:07,454][INFO] [Epoch 120/200] trn/acc1 9.61e-01, trn/loss 4.44e-01, trn/loss_ce 1.16e-01, trn/loss_wd 6.56e+02, trn/lr 3.65e-02
[2022-02-22 16:07:07,766][INFO] [Epoch 120/200] Validation: val/acc1 0.8722, val/loss_ce 0.4588
[2022-02-22 16:07:19,448][INFO] [Epoch 121/200] trn/acc1 9.60e-01, trn/loss 4.43e-01, trn/loss_ce 1.17e-01, trn/loss_wd 6.51e+02, trn/lr 3.57e-02
[2022-02-22 16:07:30,549][INFO] [Epoch 122/200] trn/acc1 9.62e-01, trn/loss 4.37e-01, trn/loss_ce 1.14e-01, trn/loss_wd 6.44e+02, trn/lr 3.49e-02
[2022-02-22 16:07:41,660][INFO] [Epoch 123/200] trn/acc1 9.63e-01, trn/loss 4.31e-01, trn/loss_ce 1.11e-01, trn/loss_wd 6.40e+02, trn/lr 3.42e-02
[2022-02-22 16:07:52,776][INFO] [Epoch 124/200] trn/acc1 9.61e-01, trn/loss 4.28e-01, trn/loss_ce 1.11e-01, trn/loss_wd 6.35e+02, trn/lr 3.34e-02
[2022-02-22 16:08:03,884][INFO] [Epoch 125/200] trn/acc1 9.63e-01, trn/loss 4.21e-01, trn/loss_ce 1.06e-01, trn/loss_wd 6.30e+02, trn/lr 3.26e-02
[2022-02-22 16:08:15,079][INFO] [Epoch 126/200] trn/acc1 9.65e-01, trn/loss 4.14e-01, trn/loss_ce 1.02e-01, trn/loss_wd 6.24e+02, trn/lr 3.19e-02
[2022-02-22 16:08:26,185][INFO] [Epoch 127/200] trn/acc1 9.67e-01, trn/loss 4.04e-01, trn/loss_ce 9.62e-02, trn/loss_wd 6.16e+02, trn/lr 3.11e-02
[2022-02-22 16:08:37,296][INFO] [Epoch 128/200] trn/acc1 9.65e-01, trn/loss 4.07e-01, trn/loss_ce 1.02e-01, trn/loss_wd 6.10e+02, trn/lr 3.04e-02
[2022-02-22 16:08:48,406][INFO] [Epoch 129/200] trn/acc1 9.67e-01, trn/loss 3.99e-01, trn/loss_ce 9.67e-02, trn/loss_wd 6.04e+02, trn/lr 2.97e-02
[2022-02-22 16:08:59,519][INFO] [Epoch 130/200] trn/acc1 9.71e-01, trn/loss 3.84e-01, trn/loss_ce 8.63e-02, trn/loss_wd 5.96e+02, trn/lr 2.89e-02
[2022-02-22 16:09:10,626][INFO] [Epoch 131/200] trn/acc1 9.69e-01, trn/loss 3.86e-01, trn/loss_ce 9.18e-02, trn/loss_wd 5.88e+02, trn/lr 2.82e-02
[2022-02-22 16:09:21,737][INFO] [Epoch 132/200] trn/acc1 9.70e-01, trn/loss 3.80e-01, trn/loss_ce 8.92e-02, trn/loss_wd 5.82e+02, trn/lr 2.75e-02
[2022-02-22 16:09:32,846][INFO] [Epoch 133/200] trn/acc1 9.72e-01, trn/loss 3.72e-01, trn/loss_ce 8.37e-02, trn/loss_wd 5.76e+02, trn/lr 2.68e-02
[2022-02-22 16:09:43,951][INFO] [Epoch 134/200] trn/acc1 9.72e-01, trn/loss 3.68e-01, trn/loss_ce 8.20e-02, trn/loss_wd 5.71e+02, trn/lr 2.61e-02
[2022-02-22 16:09:55,057][INFO] [Epoch 135/200] trn/acc1 9.72e-01, trn/loss 3.65e-01, trn/loss_ce 8.22e-02, trn/loss_wd 5.66e+02, trn/lr 2.54e-02
[2022-02-22 16:10:06,160][INFO] [Epoch 136/200] trn/acc1 9.75e-01, trn/loss 3.56e-01, trn/loss_ce 7.55e-02, trn/loss_wd 5.60e+02, trn/lr 2.47e-02
[2022-02-22 16:10:17,269][INFO] [Epoch 137/200] trn/acc1 9.74e-01, trn/loss 3.53e-01, trn/loss_ce 7.68e-02, trn/loss_wd 5.53e+02, trn/lr 2.40e-02
[2022-02-22 16:10:28,370][INFO] [Epoch 138/200] trn/acc1 9.77e-01, trn/loss 3.42e-01, trn/loss_ce 6.96e-02, trn/loss_wd 5.45e+02, trn/lr 2.33e-02
[2022-02-22 16:10:39,475][INFO] [Epoch 139/200] trn/acc1 9.76e-01, trn/loss 3.40e-01, trn/loss_ce 7.07e-02, trn/loss_wd 5.38e+02, trn/lr 2.26e-02
[2022-02-22 16:10:50,579][INFO] [Epoch 140/200] trn/acc1 9.76e-01, trn/loss 3.37e-01, trn/loss_ce 7.11e-02, trn/loss_wd 5.32e+02, trn/lr 2.19e-02
[2022-02-22 16:10:50,891][INFO] [Epoch 140/200] Validation: val/acc1 0.9224, val/loss_ce 0.2952
[2022-02-22 16:11:03,843][INFO] [Epoch 141/200] trn/acc1 9.77e-01, trn/loss 3.30e-01, trn/loss_ce 6.66e-02, trn/loss_wd 5.26e+02, trn/lr 2.13e-02
[2022-02-22 16:11:14,932][INFO] [Epoch 142/200] trn/acc1 9.81e-01, trn/loss 3.16e-01, trn/loss_ce 5.72e-02, trn/loss_wd 5.17e+02, trn/lr 2.06e-02
[2022-02-22 16:11:26,024][INFO] [Epoch 143/200] trn/acc1 9.83e-01, trn/loss 3.08e-01, trn/loss_ce 5.38e-02, trn/loss_wd 5.08e+02, trn/lr 2.00e-02
[2022-02-22 16:11:37,120][INFO] [Epoch 144/200] trn/acc1 9.82e-01, trn/loss 3.04e-01, trn/loss_ce 5.43e-02, trn/loss_wd 5.00e+02, trn/lr 1.93e-02
[2022-02-22 16:11:48,219][INFO] [Epoch 145/200] trn/acc1 9.84e-01, trn/loss 2.93e-01, trn/loss_ce 4.78e-02, trn/loss_wd 4.91e+02, trn/lr 1.87e-02
[2022-02-22 16:11:59,419][INFO] [Epoch 146/200] trn/acc1 9.84e-01, trn/loss 2.91e-01, trn/loss_ce 4.96e-02, trn/loss_wd 4.83e+02, trn/lr 1.81e-02
[2022-02-22 16:12:10,507][INFO] [Epoch 147/200] trn/acc1 9.83e-01, trn/loss 2.88e-01, trn/loss_ce 4.97e-02, trn/loss_wd 4.76e+02, trn/lr 1.75e-02
[2022-02-22 16:12:21,597][INFO] [Epoch 148/200] trn/acc1 9.86e-01, trn/loss 2.77e-01, trn/loss_ce 4.27e-02, trn/loss_wd 4.68e+02, trn/lr 1.68e-02
[2022-02-22 16:12:32,685][INFO] [Epoch 149/200] trn/acc1 9.84e-01, trn/loss 2.80e-01, trn/loss_ce 4.88e-02, trn/loss_wd 4.62e+02, trn/lr 1.62e-02
[2022-02-22 16:12:43,773][INFO] [Epoch 150/200] trn/acc1 9.88e-01, trn/loss 2.66e-01, trn/loss_ce 3.85e-02, trn/loss_wd 4.55e+02, trn/lr 1.57e-02
[2022-02-22 16:12:54,864][INFO] [Epoch 151/200] trn/acc1 9.87e-01, trn/loss 2.63e-01, trn/loss_ce 3.93e-02, trn/loss_wd 4.46e+02, trn/lr 1.51e-02
[2022-02-22 16:13:05,961][INFO] [Epoch 152/200] trn/acc1 9.87e-01, trn/loss 2.60e-01, trn/loss_ce 3.98e-02, trn/loss_wd 4.39e+02, trn/lr 1.45e-02
[2022-02-22 16:13:17,051][INFO] [Epoch 153/200] trn/acc1 9.89e-01, trn/loss 2.52e-01, trn/loss_ce 3.57e-02, trn/loss_wd 4.32e+02, trn/lr 1.39e-02
[2022-02-22 16:13:28,137][INFO] [Epoch 154/200] trn/acc1 9.90e-01, trn/loss 2.42e-01, trn/loss_ce 2.97e-02, trn/loss_wd 4.24e+02, trn/lr 1.34e-02
[2022-02-22 16:13:39,234][INFO] [Epoch 155/200] trn/acc1 9.89e-01, trn/loss 2.41e-01, trn/loss_ce 3.24e-02, trn/loss_wd 4.17e+02, trn/lr 1.28e-02
[2022-02-22 16:13:50,331][INFO] [Epoch 156/200] trn/acc1 9.93e-01, trn/loss 2.27e-01, trn/loss_ce 2.29e-02, trn/loss_wd 4.09e+02, trn/lr 1.23e-02
[2022-02-22 16:14:01,425][INFO] [Epoch 157/200] trn/acc1 9.92e-01, trn/loss 2.24e-01, trn/loss_ce 2.41e-02, trn/loss_wd 3.99e+02, trn/lr 1.18e-02
[2022-02-22 16:14:12,529][INFO] [Epoch 158/200] trn/acc1 9.91e-01, trn/loss 2.23e-01, trn/loss_ce 2.70e-02, trn/loss_wd 3.93e+02, trn/lr 1.13e-02
[2022-02-22 16:14:23,626][INFO] [Epoch 159/200] trn/acc1 9.94e-01, trn/loss 2.13e-01, trn/loss_ce 2.08e-02, trn/loss_wd 3.85e+02, trn/lr 1.08e-02
[2022-02-22 16:14:34,725][INFO] [Epoch 160/200] trn/acc1 9.94e-01, trn/loss 2.09e-01, trn/loss_ce 2.01e-02, trn/loss_wd 3.78e+02, trn/lr 1.03e-02
[2022-02-22 16:14:35,036][INFO] [Epoch 160/200] Validation: val/acc1 0.9412, val/loss_ce 0.2608
[2022-02-22 16:14:47,588][INFO] [Epoch 161/200] trn/acc1 9.95e-01, trn/loss 2.01e-01, trn/loss_ce 1.59e-02, trn/loss_wd 3.70e+02, trn/lr 9.79e-03
[2022-02-22 16:14:58,682][INFO] [Epoch 162/200] trn/acc1 9.96e-01, trn/loss 1.96e-01, trn/loss_ce 1.45e-02, trn/loss_wd 3.62e+02, trn/lr 9.31e-03
[2022-02-22 16:15:09,784][INFO] [Epoch 163/200] trn/acc1 9.97e-01, trn/loss 1.89e-01, trn/loss_ce 1.19e-02, trn/loss_wd 3.54e+02, trn/lr 8.85e-03
[2022-02-22 16:15:21,093][INFO] [Epoch 164/200] trn/acc1 9.98e-01, trn/loss 1.83e-01, trn/loss_ce 9.44e-03, trn/loss_wd 3.47e+02, trn/lr 8.40e-03
[2022-02-22 16:15:32,190][INFO] [Epoch 165/200] trn/acc1 9.98e-01, trn/loss 1.78e-01, trn/loss_ce 8.37e-03, trn/loss_wd 3.39e+02, trn/lr 7.96e-03
[2022-02-22 16:15:43,288][INFO] [Epoch 166/200] trn/acc1 9.98e-01, trn/loss 1.73e-01, trn/loss_ce 6.82e-03, trn/loss_wd 3.32e+02, trn/lr 7.53e-03
[2022-02-22 16:15:54,475][INFO] [Epoch 167/200] trn/acc1 9.99e-01, trn/loss 1.69e-01, trn/loss_ce 6.44e-03, trn/loss_wd 3.25e+02, trn/lr 7.11e-03
[2022-02-22 16:16:05,577][INFO] [Epoch 168/200] trn/acc1 9.99e-01, trn/loss 1.65e-01, trn/loss_ce 5.78e-03, trn/loss_wd 3.19e+02, trn/lr 6.70e-03
[2022-02-22 16:16:16,685][INFO] [Epoch 169/200] trn/acc1 9.99e-01, trn/loss 1.62e-01, trn/loss_ce 5.46e-03, trn/loss_wd 3.13e+02, trn/lr 6.30e-03
[2022-02-22 16:16:27,788][INFO] [Epoch 170/200] trn/acc1 9.99e-01, trn/loss 1.58e-01, trn/loss_ce 3.82e-03, trn/loss_wd 3.07e+02, trn/lr 5.92e-03
[2022-02-22 16:16:38,889][INFO] [Epoch 171/200] trn/acc1 1.00e+00, trn/loss 1.54e-01, trn/loss_ce 2.97e-03, trn/loss_wd 3.02e+02, trn/lr 5.54e-03
[2022-02-22 16:16:49,991][INFO] [Epoch 172/200] trn/acc1 1.00e+00, trn/loss 1.51e-01, trn/loss_ce 2.61e-03, trn/loss_wd 2.97e+02, trn/lr 5.18e-03
[2022-02-22 16:17:01,086][INFO] [Epoch 173/200] trn/acc1 1.00e+00, trn/loss 1.49e-01, trn/loss_ce 3.18e-03, trn/loss_wd 2.92e+02, trn/lr 4.83e-03
[2022-02-22 16:17:12,189][INFO] [Epoch 174/200] trn/acc1 1.00e+00, trn/loss 1.47e-01, trn/loss_ce 2.45e-03, trn/loss_wd 2.88e+02, trn/lr 4.49e-03
[2022-02-22 16:17:23,282][INFO] [Epoch 175/200] trn/acc1 1.00e+00, trn/loss 1.44e-01, trn/loss_ce 2.12e-03, trn/loss_wd 2.84e+02, trn/lr 4.16e-03
[2022-02-22 16:17:34,388][INFO] [Epoch 176/200] trn/acc1 1.00e+00, trn/loss 1.43e-01, trn/loss_ce 2.36e-03, trn/loss_wd 2.81e+02, trn/lr 3.85e-03
[2022-02-22 16:17:45,488][INFO] [Epoch 177/200] trn/acc1 1.00e+00, trn/loss 1.41e-01, trn/loss_ce 2.21e-03, trn/loss_wd 2.77e+02, trn/lr 3.54e-03
[2022-02-22 16:17:56,588][INFO] [Epoch 178/200] trn/acc1 1.00e+00, trn/loss 1.39e-01, trn/loss_ce 2.14e-03, trn/loss_wd 2.74e+02, trn/lr 3.25e-03
[2022-02-22 16:18:07,682][INFO] [Epoch 179/200] trn/acc1 1.00e+00, trn/loss 1.38e-01, trn/loss_ce 1.76e-03, trn/loss_wd 2.72e+02, trn/lr 2.97e-03
[2022-02-22 16:18:18,776][INFO] [Epoch 180/200] trn/acc1 1.00e+00, trn/loss 1.36e-01, trn/loss_ce 1.77e-03, trn/loss_wd 2.69e+02, trn/lr 2.70e-03
[2022-02-22 16:18:19,088][INFO] [Epoch 180/200] Validation: val/acc1 0.9500, val/loss_ce 0.1983
[2022-02-22 16:18:32,212][INFO] [Epoch 181/200] trn/acc1 1.00e+00, trn/loss 1.35e-01, trn/loss_ce 1.70e-03, trn/loss_wd 2.67e+02, trn/lr 2.45e-03
[2022-02-22 16:18:32,524][INFO] [Epoch 181/200] Validation: val/acc1 0.9512, val/loss_ce 0.1977
[2022-02-22 16:18:45,275][INFO] [Epoch 182/200] trn/acc1 1.00e+00, trn/loss 1.34e-01, trn/loss_ce 1.69e-03, trn/loss_wd 2.65e+02, trn/lr 2.21e-03
[2022-02-22 16:18:45,586][INFO] [Epoch 182/200] Validation: val/acc1 0.9516, val/loss_ce 0.1952
[2022-02-22 16:18:57,867][INFO] [Epoch 183/200] trn/acc1 1.00e+00, trn/loss 1.33e-01, trn/loss_ce 1.73e-03, trn/loss_wd 2.63e+02, trn/lr 1.97e-03
[2022-02-22 16:18:58,334][INFO] [Epoch 183/200] Validation: val/acc1 0.9534, val/loss_ce 0.1943
[2022-02-22 16:19:11,085][INFO] [Epoch 184/200] trn/acc1 1.00e+00, trn/loss 1.32e-01, trn/loss_ce 1.71e-03, trn/loss_wd 2.61e+02, trn/lr 1.76e-03
[2022-02-22 16:19:11,398][INFO] [Epoch 184/200] Validation: val/acc1 0.9508, val/loss_ce 0.1950
[2022-02-22 16:19:22,837][INFO] [Epoch 185/200] trn/acc1 1.00e+00, trn/loss 1.32e-01, trn/loss_ce 1.71e-03, trn/loss_wd 2.60e+02, trn/lr 1.55e-03
[2022-02-22 16:19:23,327][INFO] [Epoch 185/200] Validation: val/acc1 0.9504, val/loss_ce 0.1973
[2022-02-22 16:19:34,770][INFO] [Epoch 186/200] trn/acc1 1.00e+00, trn/loss 1.31e-01, trn/loss_ce 1.60e-03, trn/loss_wd 2.59e+02, trn/lr 1.36e-03
[2022-02-22 16:19:35,080][INFO] [Epoch 186/200] Validation: val/acc1 0.9524, val/loss_ce 0.1910
[2022-02-22 16:19:47,210][INFO] [Epoch 187/200] trn/acc1 1.00e+00, trn/loss 1.31e-01, trn/loss_ce 1.66e-03, trn/loss_wd 2.58e+02, trn/lr 1.18e-03
[2022-02-22 16:19:47,522][INFO] [Epoch 187/200] Validation: val/acc1 0.9516, val/loss_ce 0.1927
[2022-02-22 16:19:59,229][INFO] [Epoch 188/200] trn/acc1 1.00e+00, trn/loss 1.30e-01, trn/loss_ce 1.76e-03, trn/loss_wd 2.57e+02, trn/lr 1.01e-03
[2022-02-22 16:19:59,539][INFO] [Epoch 188/200] Validation: val/acc1 0.9520, val/loss_ce 0.1933
[2022-02-22 16:20:11,183][INFO] [Epoch 189/200] trn/acc1 1.00e+00, trn/loss 1.30e-01, trn/loss_ce 1.59e-03, trn/loss_wd 2.56e+02, trn/lr 8.56e-04
[2022-02-22 16:20:11,492][INFO] [Epoch 189/200] Validation: val/acc1 0.9524, val/loss_ce 0.1902
[2022-02-22 16:20:23,219][INFO] [Epoch 190/200] trn/acc1 1.00e+00, trn/loss 1.29e-01, trn/loss_ce 1.54e-03, trn/loss_wd 2.55e+02, trn/lr 7.14e-04
[2022-02-22 16:20:23,530][INFO] [Epoch 190/200] Validation: val/acc1 0.9526, val/loss_ce 0.1916
[2022-02-22 16:20:34,963][INFO] [Epoch 191/200] trn/acc1 1.00e+00, trn/loss 1.29e-01, trn/loss_ce 1.58e-03, trn/loss_wd 2.55e+02, trn/lr 5.85e-04
[2022-02-22 16:20:35,274][INFO] [Epoch 191/200] Validation: val/acc1 0.9526, val/loss_ce 0.1900
[2022-02-22 16:20:47,949][INFO] [Epoch 192/200] trn/acc1 1.00e+00, trn/loss 1.29e-01, trn/loss_ce 1.51e-03, trn/loss_wd 2.54e+02, trn/lr 4.69e-04
[2022-02-22 16:20:48,261][INFO] [Epoch 192/200] Validation: val/acc1 0.9514, val/loss_ce 0.1917
[2022-02-22 16:20:59,695][INFO] [Epoch 193/200] trn/acc1 1.00e+00, trn/loss 1.29e-01, trn/loss_ce 1.63e-03, trn/loss_wd 2.54e+02, trn/lr 3.65e-04
[2022-02-22 16:21:00,006][INFO] [Epoch 193/200] Validation: val/acc1 0.9520, val/loss_ce 0.1909
[2022-02-22 16:21:11,866][INFO] [Epoch 194/200] trn/acc1 1.00e+00, trn/loss 1.28e-01, trn/loss_ce 1.52e-03, trn/loss_wd 2.54e+02, trn/lr 2.75e-04
[2022-02-22 16:21:12,176][INFO] [Epoch 194/200] Validation: val/acc1 0.9510, val/loss_ce 0.1901
[2022-02-22 16:21:23,604][INFO] [Epoch 195/200] trn/acc1 1.00e+00, trn/loss 1.28e-01, trn/loss_ce 1.58e-03, trn/loss_wd 2.54e+02, trn/lr 1.97e-04
[2022-02-22 16:21:23,913][INFO] [Epoch 195/200] Validation: val/acc1 0.9520, val/loss_ce 0.1901
[2022-02-22 16:21:35,341][INFO] [Epoch 196/200] trn/acc1 1.00e+00, trn/loss 1.28e-01, trn/loss_ce 1.48e-03, trn/loss_wd 2.54e+02, trn/lr 1.32e-04
[2022-02-22 16:21:35,651][INFO] [Epoch 196/200] Validation: val/acc1 0.9528, val/loss_ce 0.1898
[2022-02-22 16:21:47,417][INFO] [Epoch 197/200] trn/acc1 1.00e+00, trn/loss 1.28e-01, trn/loss_ce 1.51e-03, trn/loss_wd 2.53e+02, trn/lr 8.01e-05
[2022-02-22 16:21:47,729][INFO] [Epoch 197/200] Validation: val/acc1 0.9522, val/loss_ce 0.1903
[2022-02-22 16:21:59,602][INFO] [Epoch 198/200] trn/acc1 1.00e+00, trn/loss 1.28e-01, trn/loss_ce 1.48e-03, trn/loss_wd 2.53e+02, trn/lr 4.11e-05
[2022-02-22 16:21:59,911][INFO] [Epoch 198/200] Validation: val/acc1 0.9516, val/loss_ce 0.1907
[2022-02-22 16:22:11,338][INFO] [Epoch 199/200] trn/acc1 1.00e+00, trn/loss 1.28e-01, trn/loss_ce 1.48e-03, trn/loss_wd 2.53e+02, trn/lr 1.52e-05
[2022-02-22 16:22:11,649][INFO] [Epoch 199/200] Validation: val/acc1 0.9516, val/loss_ce 0.1895
[2022-02-22 16:22:23,631][INFO] [Epoch 200/200] trn/acc1 1.00e+00, trn/loss 1.28e-01, trn/loss_ce 1.49e-03, trn/loss_wd 2.53e+02, trn/lr 2.17e-06
[2022-02-22 16:22:23,940][INFO] [Epoch 200/200] Validation: val/acc1 0.9514, val/loss_ce 0.1908
