[2022-02-16 12:41:10,731][INFO] Environments:
------------  ---------------------------------------------------------------------------
sys.platform  linux
Python        3.7.11 (default, Nov 23 2021, 05:29:02) [GCC 7.5.0]
JAX           0.2.27 @/mnt/data1/giung/venvs/jax0.2.27/lib/python3.7/site-packages/jax
jaxlib        0.1.75 @/mnt/data1/giung/venvs/jax0.2.27/lib/python3.7/site-packages/jaxlib
Flax          0.4.0 @/mnt/data1/giung/venvs/jax0.2.27/lib/python3.7/site-packages/flax
Optax         0.1.0 @/mnt/data1/giung/venvs/jax0.2.27/lib/python3.7/site-packages/optax
------------  ---------------------------------------------------------------------------

[2022-02-16 12:41:10,732][INFO] Command line arguments:
Namespace(batch_size=128, config_file='./configs/C10_WRN16x8-BN-ReLU_SGD.yaml', keep_every_n_checkpoints=None, learning_rate=0.1, num_epochs=200, num_warmup_epochs=5, opts=[], output_dir='./outputs/C10_WRN16x8-BN-ReLU/SGD/s42_e200_wd5e-4_1GPU/', seed=42, weight_decay=0.0005)

[2022-02-16 12:41:10,732][INFO] Using a random seed 42

[2022-02-16 12:41:10,764][INFO] Unable to initialize backend 'tpu_driver': NOT_FOUND: Unable to find driver in registry given worker: 
[2022-02-16 12:41:11,008][INFO] Unable to initialize backend 'tpu': INVALID_ARGUMENT: TpuPlatform is not available.
[2022-02-16 12:41:15,995][INFO] Found no checkpoint files in outputs/C10_WRN16x8-BN-ReLU/SGD/s42_e200_wd5e-4_1GPU
[2022-02-16 12:41:42,032][INFO] [Epoch   1/200] trn/acc1 3.49e-01, trn/loss 4.90e+00, trn/loss_ce 1.78e+00, trn/loss_wd 6.24e+03, trn/lr 9.97e-03
[2022-02-16 12:41:44,178][INFO] [Epoch   1/200] Validation: val/acc1 0.4492, val/loss_ce 1.5057
[2022-02-16 12:42:03,945][INFO] [Epoch   2/200] trn/acc1 5.55e-01, trn/loss 4.15e+00, trn/loss_ce 1.23e+00, trn/loss_wd 5.84e+03, trn/lr 3.00e-02
[2022-02-16 12:42:18,818][INFO] [Epoch   3/200] trn/acc1 6.52e-01, trn/loss 3.54e+00, trn/loss_ce 9.80e-01, trn/loss_wd 5.12e+03, trn/lr 5.00e-02
[2022-02-16 12:42:33,713][INFO] [Epoch   4/200] trn/acc1 7.13e-01, trn/loss 2.94e+00, trn/loss_ce 8.21e-01, trn/loss_wd 4.24e+03, trn/lr 7.00e-02
[2022-02-16 12:42:48,659][INFO] [Epoch   5/200] trn/acc1 7.51e-01, trn/loss 2.37e+00, trn/loss_ce 7.09e-01, trn/loss_wd 3.33e+03, trn/lr 9.00e-02
[2022-02-16 12:43:03,632][INFO] [Epoch   6/200] trn/acc1 7.89e-01, trn/loss 1.88e+00, trn/loss_ce 6.16e-01, trn/loss_wd 2.53e+03, trn/lr 1.00e-01
[2022-02-16 12:43:18,644][INFO] [Epoch   7/200] trn/acc1 8.10e-01, trn/loss 1.53e+00, trn/loss_ce 5.57e-01, trn/loss_wd 1.95e+03, trn/lr 1.00e-01
[2022-02-16 12:43:33,661][INFO] [Epoch   8/200] trn/acc1 8.26e-01, trn/loss 1.28e+00, trn/loss_ce 5.10e-01, trn/loss_wd 1.55e+03, trn/lr 1.00e-01
[2022-02-16 12:43:48,701][INFO] [Epoch   9/200] trn/acc1 8.40e-01, trn/loss 1.11e+00, trn/loss_ce 4.72e-01, trn/loss_wd 1.27e+03, trn/lr 9.99e-02
[2022-02-16 12:44:03,753][INFO] [Epoch  10/200] trn/acc1 8.44e-01, trn/loss 9.99e-01, trn/loss_ce 4.55e-01, trn/loss_wd 1.09e+03, trn/lr 9.99e-02
[2022-02-16 12:44:18,816][INFO] [Epoch  11/200] trn/acc1 8.48e-01, trn/loss 9.21e-01, trn/loss_ce 4.37e-01, trn/loss_wd 9.67e+02, trn/lr 9.98e-02
[2022-02-16 12:44:33,889][INFO] [Epoch  12/200] trn/acc1 8.57e-01, trn/loss 8.61e-01, trn/loss_ce 4.16e-01, trn/loss_wd 8.89e+02, trn/lr 9.97e-02
[2022-02-16 12:44:48,970][INFO] [Epoch  13/200] trn/acc1 8.59e-01, trn/loss 8.26e-01, trn/loss_ce 4.06e-01, trn/loss_wd 8.40e+02, trn/lr 9.96e-02
[2022-02-16 12:45:04,049][INFO] [Epoch  14/200] trn/acc1 8.64e-01, trn/loss 8.09e-01, trn/loss_ce 4.02e-01, trn/loss_wd 8.13e+02, trn/lr 9.95e-02
[2022-02-16 12:45:19,119][INFO] [Epoch  15/200] trn/acc1 8.67e-01, trn/loss 7.86e-01, trn/loss_ce 3.87e-01, trn/loss_wd 7.98e+02, trn/lr 9.94e-02
[2022-02-16 12:45:34,200][INFO] [Epoch  16/200] trn/acc1 8.71e-01, trn/loss 7.73e-01, trn/loss_ce 3.78e-01, trn/loss_wd 7.89e+02, trn/lr 9.93e-02
[2022-02-16 12:45:49,276][INFO] [Epoch  17/200] trn/acc1 8.74e-01, trn/loss 7.64e-01, trn/loss_ce 3.71e-01, trn/loss_wd 7.86e+02, trn/lr 9.91e-02
[2022-02-16 12:46:04,358][INFO] [Epoch  18/200] trn/acc1 8.76e-01, trn/loss 7.56e-01, trn/loss_ce 3.62e-01, trn/loss_wd 7.87e+02, trn/lr 9.90e-02
[2022-02-16 12:46:19,439][INFO] [Epoch  19/200] trn/acc1 8.78e-01, trn/loss 7.52e-01, trn/loss_ce 3.57e-01, trn/loss_wd 7.89e+02, trn/lr 9.88e-02
[2022-02-16 12:46:34,511][INFO] [Epoch  20/200] trn/acc1 8.79e-01, trn/loss 7.51e-01, trn/loss_ce 3.52e-01, trn/loss_wd 7.98e+02, trn/lr 9.86e-02
[2022-02-16 12:46:34,986][INFO] [Epoch  20/200] Validation: val/acc1 0.7990, val/loss_ce 0.6362
[2022-02-16 12:47:08,439][INFO] [Epoch  21/200] trn/acc1 8.82e-01, trn/loss 7.46e-01, trn/loss_ce 3.44e-01, trn/loss_wd 8.03e+02, trn/lr 9.84e-02
[2022-02-16 12:47:23,405][INFO] [Epoch  22/200] trn/acc1 8.84e-01, trn/loss 7.38e-01, trn/loss_ce 3.36e-01, trn/loss_wd 8.04e+02, trn/lr 9.82e-02
[2022-02-16 12:47:38,421][INFO] [Epoch  23/200] trn/acc1 8.86e-01, trn/loss 7.35e-01, trn/loss_ce 3.32e-01, trn/loss_wd 8.05e+02, trn/lr 9.80e-02
[2022-02-16 12:47:53,457][INFO] [Epoch  24/200] trn/acc1 8.88e-01, trn/loss 7.30e-01, trn/loss_ce 3.27e-01, trn/loss_wd 8.06e+02, trn/lr 9.78e-02
[2022-02-16 12:48:08,502][INFO] [Epoch  25/200] trn/acc1 8.86e-01, trn/loss 7.36e-01, trn/loss_ce 3.29e-01, trn/loss_wd 8.12e+02, trn/lr 9.76e-02
[2022-02-16 12:48:23,559][INFO] [Epoch  26/200] trn/acc1 8.89e-01, trn/loss 7.29e-01, trn/loss_ce 3.21e-01, trn/loss_wd 8.16e+02, trn/lr 9.73e-02
[2022-02-16 12:48:38,616][INFO] [Epoch  27/200] trn/acc1 8.90e-01, trn/loss 7.27e-01, trn/loss_ce 3.17e-01, trn/loss_wd 8.19e+02, trn/lr 9.70e-02
[2022-02-16 12:48:53,671][INFO] [Epoch  28/200] trn/acc1 8.92e-01, trn/loss 7.31e-01, trn/loss_ce 3.19e-01, trn/loss_wd 8.23e+02, trn/lr 9.68e-02
[2022-02-16 12:49:08,751][INFO] [Epoch  29/200] trn/acc1 8.92e-01, trn/loss 7.27e-01, trn/loss_ce 3.13e-01, trn/loss_wd 8.28e+02, trn/lr 9.65e-02
[2022-02-16 12:49:23,821][INFO] [Epoch  30/200] trn/acc1 8.93e-01, trn/loss 7.25e-01, trn/loss_ce 3.10e-01, trn/loss_wd 8.29e+02, trn/lr 9.62e-02
[2022-02-16 12:49:38,881][INFO] [Epoch  31/200] trn/acc1 8.98e-01, trn/loss 7.19e-01, trn/loss_ce 3.03e-01, trn/loss_wd 8.31e+02, trn/lr 9.58e-02
[2022-02-16 12:49:53,954][INFO] [Epoch  32/200] trn/acc1 8.96e-01, trn/loss 7.17e-01, trn/loss_ce 3.00e-01, trn/loss_wd 8.33e+02, trn/lr 9.55e-02
[2022-02-16 12:50:09,025][INFO] [Epoch  33/200] trn/acc1 8.95e-01, trn/loss 7.17e-01, trn/loss_ce 3.00e-01, trn/loss_wd 8.35e+02, trn/lr 9.52e-02
[2022-02-16 12:50:24,093][INFO] [Epoch  34/200] trn/acc1 8.98e-01, trn/loss 7.14e-01, trn/loss_ce 2.96e-01, trn/loss_wd 8.35e+02, trn/lr 9.48e-02
[2022-02-16 12:50:39,171][INFO] [Epoch  35/200] trn/acc1 8.99e-01, trn/loss 7.15e-01, trn/loss_ce 2.95e-01, trn/loss_wd 8.40e+02, trn/lr 9.45e-02
[2022-02-16 12:50:54,261][INFO] [Epoch  36/200] trn/acc1 9.00e-01, trn/loss 7.13e-01, trn/loss_ce 2.93e-01, trn/loss_wd 8.41e+02, trn/lr 9.41e-02
[2022-02-16 12:51:09,348][INFO] [Epoch  37/200] trn/acc1 9.00e-01, trn/loss 7.11e-01, trn/loss_ce 2.89e-01, trn/loss_wd 8.44e+02, trn/lr 9.37e-02
[2022-02-16 12:51:24,427][INFO] [Epoch  38/200] trn/acc1 9.00e-01, trn/loss 7.13e-01, trn/loss_ce 2.90e-01, trn/loss_wd 8.46e+02, trn/lr 9.33e-02
[2022-02-16 12:51:39,501][INFO] [Epoch  39/200] trn/acc1 9.03e-01, trn/loss 7.04e-01, trn/loss_ce 2.81e-01, trn/loss_wd 8.46e+02, trn/lr 9.29e-02
[2022-02-16 12:51:54,589][INFO] [Epoch  40/200] trn/acc1 9.02e-01, trn/loss 7.08e-01, trn/loss_ce 2.85e-01, trn/loss_wd 8.47e+02, trn/lr 9.25e-02
[2022-02-16 12:51:55,083][INFO] [Epoch  40/200] Validation: val/acc1 0.7958, val/loss_ce 0.6453
[2022-02-16 12:52:21,513][INFO] [Epoch  41/200] trn/acc1 9.02e-01, trn/loss 7.05e-01, trn/loss_ce 2.83e-01, trn/loss_wd 8.45e+02, trn/lr 9.20e-02
[2022-02-16 12:52:36,551][INFO] [Epoch  42/200] trn/acc1 9.06e-01, trn/loss 6.95e-01, trn/loss_ce 2.74e-01, trn/loss_wd 8.41e+02, trn/lr 9.16e-02
[2022-02-16 12:52:51,593][INFO] [Epoch  43/200] trn/acc1 9.07e-01, trn/loss 6.95e-01, trn/loss_ce 2.73e-01, trn/loss_wd 8.43e+02, trn/lr 9.11e-02
[2022-02-16 12:53:06,629][INFO] [Epoch  44/200] trn/acc1 9.05e-01, trn/loss 6.98e-01, trn/loss_ce 2.76e-01, trn/loss_wd 8.44e+02, trn/lr 9.07e-02
[2022-02-16 12:53:21,688][INFO] [Epoch  45/200] trn/acc1 9.08e-01, trn/loss 6.89e-01, trn/loss_ce 2.68e-01, trn/loss_wd 8.43e+02, trn/lr 9.02e-02
[2022-02-16 12:53:36,765][INFO] [Epoch  46/200] trn/acc1 9.08e-01, trn/loss 6.92e-01, trn/loss_ce 2.70e-01, trn/loss_wd 8.46e+02, trn/lr 8.97e-02
[2022-02-16 12:53:51,839][INFO] [Epoch  47/200] trn/acc1 9.07e-01, trn/loss 6.94e-01, trn/loss_ce 2.69e-01, trn/loss_wd 8.49e+02, trn/lr 8.92e-02
[2022-02-16 12:54:06,906][INFO] [Epoch  48/200] trn/acc1 9.10e-01, trn/loss 6.89e-01, trn/loss_ce 2.65e-01, trn/loss_wd 8.48e+02, trn/lr 8.87e-02
[2022-02-16 12:54:21,976][INFO] [Epoch  49/200] trn/acc1 9.11e-01, trn/loss 6.83e-01, trn/loss_ce 2.60e-01, trn/loss_wd 8.46e+02, trn/lr 8.82e-02
[2022-02-16 12:54:37,044][INFO] [Epoch  50/200] trn/acc1 9.12e-01, trn/loss 6.79e-01, trn/loss_ce 2.59e-01, trn/loss_wd 8.40e+02, trn/lr 8.77e-02
[2022-02-16 12:54:52,118][INFO] [Epoch  51/200] trn/acc1 9.12e-01, trn/loss 6.79e-01, trn/loss_ce 2.59e-01, trn/loss_wd 8.40e+02, trn/lr 8.72e-02
[2022-02-16 12:55:07,210][INFO] [Epoch  52/200] trn/acc1 9.10e-01, trn/loss 6.83e-01, trn/loss_ce 2.62e-01, trn/loss_wd 8.42e+02, trn/lr 8.66e-02
[2022-02-16 12:55:22,298][INFO] [Epoch  53/200] trn/acc1 9.14e-01, trn/loss 6.74e-01, trn/loss_ce 2.52e-01, trn/loss_wd 8.43e+02, trn/lr 8.61e-02
[2022-02-16 12:55:37,371][INFO] [Epoch  54/200] trn/acc1 9.14e-01, trn/loss 6.73e-01, trn/loss_ce 2.53e-01, trn/loss_wd 8.40e+02, trn/lr 8.55e-02
[2022-02-16 12:55:52,445][INFO] [Epoch  55/200] trn/acc1 9.15e-01, trn/loss 6.66e-01, trn/loss_ce 2.47e-01, trn/loss_wd 8.38e+02, trn/lr 8.49e-02
[2022-02-16 12:56:07,522][INFO] [Epoch  56/200] trn/acc1 9.13e-01, trn/loss 6.72e-01, trn/loss_ce 2.55e-01, trn/loss_wd 8.35e+02, trn/lr 8.43e-02
[2022-02-16 12:56:22,589][INFO] [Epoch  57/200] trn/acc1 9.13e-01, trn/loss 6.69e-01, trn/loss_ce 2.51e-01, trn/loss_wd 8.36e+02, trn/lr 8.38e-02
[2022-02-16 12:56:37,645][INFO] [Epoch  58/200] trn/acc1 9.16e-01, trn/loss 6.60e-01, trn/loss_ce 2.44e-01, trn/loss_wd 8.33e+02, trn/lr 8.32e-02
[2022-02-16 12:56:52,713][INFO] [Epoch  59/200] trn/acc1 9.14e-01, trn/loss 6.62e-01, trn/loss_ce 2.45e-01, trn/loss_wd 8.34e+02, trn/lr 8.25e-02
[2022-02-16 12:57:07,778][INFO] [Epoch  60/200] trn/acc1 9.18e-01, trn/loss 6.57e-01, trn/loss_ce 2.41e-01, trn/loss_wd 8.33e+02, trn/lr 8.19e-02
[2022-02-16 12:57:08,256][INFO] [Epoch  60/200] Validation: val/acc1 0.8234, val/loss_ce 0.5620
[2022-02-16 12:57:28,254][INFO] [Epoch  61/200] trn/acc1 9.18e-01, trn/loss 6.56e-01, trn/loss_ce 2.40e-01, trn/loss_wd 8.33e+02, trn/lr 8.13e-02
[2022-02-16 12:57:43,336][INFO] [Epoch  62/200] trn/acc1 9.17e-01, trn/loss 6.56e-01, trn/loss_ce 2.40e-01, trn/loss_wd 8.31e+02, trn/lr 8.07e-02
[2022-02-16 12:57:58,385][INFO] [Epoch  63/200] trn/acc1 9.17e-01, trn/loss 6.54e-01, trn/loss_ce 2.39e-01, trn/loss_wd 8.31e+02, trn/lr 8.00e-02
[2022-02-16 12:58:13,433][INFO] [Epoch  64/200] trn/acc1 9.21e-01, trn/loss 6.45e-01, trn/loss_ce 2.30e-01, trn/loss_wd 8.30e+02, trn/lr 7.94e-02
[2022-02-16 12:58:28,477][INFO] [Epoch  65/200] trn/acc1 9.21e-01, trn/loss 6.47e-01, trn/loss_ce 2.33e-01, trn/loss_wd 8.29e+02, trn/lr 7.87e-02
[2022-02-16 12:58:43,511][INFO] [Epoch  66/200] trn/acc1 9.19e-01, trn/loss 6.49e-01, trn/loss_ce 2.34e-01, trn/loss_wd 8.31e+02, trn/lr 7.81e-02
[2022-02-16 12:58:58,564][INFO] [Epoch  67/200] trn/acc1 9.18e-01, trn/loss 6.44e-01, trn/loss_ce 2.30e-01, trn/loss_wd 8.29e+02, trn/lr 7.74e-02
[2022-02-16 12:59:13,605][INFO] [Epoch  68/200] trn/acc1 9.22e-01, trn/loss 6.39e-01, trn/loss_ce 2.26e-01, trn/loss_wd 8.28e+02, trn/lr 7.67e-02
[2022-02-16 12:59:28,662][INFO] [Epoch  69/200] trn/acc1 9.22e-01, trn/loss 6.41e-01, trn/loss_ce 2.28e-01, trn/loss_wd 8.27e+02, trn/lr 7.60e-02
[2022-02-16 12:59:43,719][INFO] [Epoch  70/200] trn/acc1 9.25e-01, trn/loss 6.33e-01, trn/loss_ce 2.21e-01, trn/loss_wd 8.23e+02, trn/lr 7.53e-02
[2022-02-16 12:59:58,783][INFO] [Epoch  71/200] trn/acc1 9.24e-01, trn/loss 6.34e-01, trn/loss_ce 2.22e-01, trn/loss_wd 8.23e+02, trn/lr 7.47e-02
[2022-02-16 13:00:13,837][INFO] [Epoch  72/200] trn/acc1 9.25e-01, trn/loss 6.28e-01, trn/loss_ce 2.16e-01, trn/loss_wd 8.23e+02, trn/lr 7.39e-02
[2022-02-16 13:00:28,912][INFO] [Epoch  73/200] trn/acc1 9.26e-01, trn/loss 6.26e-01, trn/loss_ce 2.17e-01, trn/loss_wd 8.19e+02, trn/lr 7.32e-02
[2022-02-16 13:00:43,979][INFO] [Epoch  74/200] trn/acc1 9.27e-01, trn/loss 6.20e-01, trn/loss_ce 2.13e-01, trn/loss_wd 8.14e+02, trn/lr 7.25e-02
[2022-02-16 13:00:59,058][INFO] [Epoch  75/200] trn/acc1 9.27e-01, trn/loss 6.17e-01, trn/loss_ce 2.11e-01, trn/loss_wd 8.12e+02, trn/lr 7.18e-02
[2022-02-16 13:01:14,122][INFO] [Epoch  76/200] trn/acc1 9.29e-01, trn/loss 6.13e-01, trn/loss_ce 2.08e-01, trn/loss_wd 8.10e+02, trn/lr 7.11e-02
[2022-02-16 13:01:29,194][INFO] [Epoch  77/200] trn/acc1 9.29e-01, trn/loss 6.11e-01, trn/loss_ce 2.06e-01, trn/loss_wd 8.09e+02, trn/lr 7.03e-02
[2022-02-16 13:01:44,262][INFO] [Epoch  78/200] trn/acc1 9.27e-01, trn/loss 6.15e-01, trn/loss_ce 2.10e-01, trn/loss_wd 8.09e+02, trn/lr 6.96e-02
[2022-02-16 13:01:59,330][INFO] [Epoch  79/200] trn/acc1 9.32e-01, trn/loss 6.04e-01, trn/loss_ce 2.01e-01, trn/loss_wd 8.06e+02, trn/lr 6.89e-02
[2022-02-16 13:02:14,392][INFO] [Epoch  80/200] trn/acc1 9.32e-01, trn/loss 5.97e-01, trn/loss_ce 1.96e-01, trn/loss_wd 8.00e+02, trn/lr 6.81e-02
[2022-02-16 13:02:15,538][INFO] [Epoch  80/200] Validation: val/acc1 0.8772, val/loss_ce 0.3739
[2022-02-16 13:02:34,600][INFO] [Epoch  81/200] trn/acc1 9.32e-01, trn/loss 5.98e-01, trn/loss_ce 2.00e-01, trn/loss_wd 7.95e+02, trn/lr 6.74e-02
[2022-02-16 13:02:49,643][INFO] [Epoch  82/200] trn/acc1 9.32e-01, trn/loss 5.93e-01, trn/loss_ce 1.96e-01, trn/loss_wd 7.93e+02, trn/lr 6.66e-02
[2022-02-16 13:03:04,695][INFO] [Epoch  83/200] trn/acc1 9.33e-01, trn/loss 5.89e-01, trn/loss_ce 1.94e-01, trn/loss_wd 7.90e+02, trn/lr 6.58e-02
[2022-02-16 13:03:19,754][INFO] [Epoch  84/200] trn/acc1 9.38e-01, trn/loss 5.77e-01, trn/loss_ce 1.86e-01, trn/loss_wd 7.83e+02, trn/lr 6.51e-02
[2022-02-16 13:03:34,821][INFO] [Epoch  85/200] trn/acc1 9.35e-01, trn/loss 5.81e-01, trn/loss_ce 1.90e-01, trn/loss_wd 7.81e+02, trn/lr 6.43e-02
[2022-02-16 13:03:49,876][INFO] [Epoch  86/200] trn/acc1 9.35e-01, trn/loss 5.78e-01, trn/loss_ce 1.89e-01, trn/loss_wd 7.80e+02, trn/lr 6.35e-02
[2022-02-16 13:04:04,944][INFO] [Epoch  87/200] trn/acc1 9.37e-01, trn/loss 5.71e-01, trn/loss_ce 1.82e-01, trn/loss_wd 7.77e+02, trn/lr 6.27e-02
[2022-02-16 13:04:20,104][INFO] [Epoch  88/200] trn/acc1 9.35e-01, trn/loss 5.74e-01, trn/loss_ce 1.87e-01, trn/loss_wd 7.75e+02, trn/lr 6.20e-02
[2022-02-16 13:04:35,170][INFO] [Epoch  89/200] trn/acc1 9.39e-01, trn/loss 5.65e-01, trn/loss_ce 1.77e-01, trn/loss_wd 7.76e+02, trn/lr 6.12e-02
[2022-02-16 13:04:50,240][INFO] [Epoch  90/200] trn/acc1 9.42e-01, trn/loss 5.56e-01, trn/loss_ce 1.71e-01, trn/loss_wd 7.71e+02, trn/lr 6.04e-02
[2022-02-16 13:05:05,302][INFO] [Epoch  91/200] trn/acc1 9.39e-01, trn/loss 5.61e-01, trn/loss_ce 1.77e-01, trn/loss_wd 7.68e+02, trn/lr 5.96e-02
[2022-02-16 13:05:20,373][INFO] [Epoch  92/200] trn/acc1 9.40e-01, trn/loss 5.56e-01, trn/loss_ce 1.74e-01, trn/loss_wd 7.65e+02, trn/lr 5.88e-02
[2022-02-16 13:05:35,429][INFO] [Epoch  93/200] trn/acc1 9.42e-01, trn/loss 5.50e-01, trn/loss_ce 1.71e-01, trn/loss_wd 7.58e+02, trn/lr 5.80e-02
[2022-02-16 13:05:50,490][INFO] [Epoch  94/200] trn/acc1 9.42e-01, trn/loss 5.50e-01, trn/loss_ce 1.72e-01, trn/loss_wd 7.57e+02, trn/lr 5.72e-02
[2022-02-16 13:06:05,555][INFO] [Epoch  95/200] trn/acc1 9.45e-01, trn/loss 5.34e-01, trn/loss_ce 1.59e-01, trn/loss_wd 7.51e+02, trn/lr 5.64e-02
[2022-02-16 13:06:20,616][INFO] [Epoch  96/200] trn/acc1 9.44e-01, trn/loss 5.37e-01, trn/loss_ce 1.63e-01, trn/loss_wd 7.49e+02, trn/lr 5.56e-02
[2022-02-16 13:06:35,658][INFO] [Epoch  97/200] trn/acc1 9.46e-01, trn/loss 5.32e-01, trn/loss_ce 1.59e-01, trn/loss_wd 7.46e+02, trn/lr 5.48e-02
[2022-02-16 13:06:50,721][INFO] [Epoch  98/200] trn/acc1 9.46e-01, trn/loss 5.27e-01, trn/loss_ce 1.57e-01, trn/loss_wd 7.42e+02, trn/lr 5.40e-02
[2022-02-16 13:07:05,791][INFO] [Epoch  99/200] trn/acc1 9.48e-01, trn/loss 5.23e-01, trn/loss_ce 1.54e-01, trn/loss_wd 7.37e+02, trn/lr 5.32e-02
[2022-02-16 13:07:20,852][INFO] [Epoch 100/200] trn/acc1 9.48e-01, trn/loss 5.17e-01, trn/loss_ce 1.50e-01, trn/loss_wd 7.33e+02, trn/lr 5.24e-02
[2022-02-16 13:07:21,548][INFO] [Epoch 100/200] Validation: val/acc1 0.8862, val/loss_ce 0.3880
[2022-02-16 13:07:41,097][INFO] [Epoch 101/200] trn/acc1 9.50e-01, trn/loss 5.08e-01, trn/loss_ce 1.46e-01, trn/loss_wd 7.25e+02, trn/lr 5.16e-02
[2022-02-16 13:07:56,129][INFO] [Epoch 102/200] trn/acc1 9.49e-01, trn/loss 5.11e-01, trn/loss_ce 1.49e-01, trn/loss_wd 7.24e+02, trn/lr 5.08e-02
[2022-02-16 13:08:11,175][INFO] [Epoch 103/200] trn/acc1 9.51e-01, trn/loss 5.02e-01, trn/loss_ce 1.42e-01, trn/loss_wd 7.19e+02, trn/lr 5.00e-02
[2022-02-16 13:08:26,221][INFO] [Epoch 104/200] trn/acc1 9.51e-01, trn/loss 5.00e-01, trn/loss_ce 1.42e-01, trn/loss_wd 7.16e+02, trn/lr 4.92e-02
[2022-02-16 13:08:41,265][INFO] [Epoch 105/200] trn/acc1 9.52e-01, trn/loss 4.96e-01, trn/loss_ce 1.40e-01, trn/loss_wd 7.12e+02, trn/lr 4.84e-02
[2022-02-16 13:08:56,315][INFO] [Epoch 106/200] trn/acc1 9.56e-01, trn/loss 4.84e-01, trn/loss_ce 1.32e-01, trn/loss_wd 7.04e+02, trn/lr 4.76e-02
[2022-02-16 13:09:11,366][INFO] [Epoch 107/200] trn/acc1 9.53e-01, trn/loss 4.86e-01, trn/loss_ce 1.37e-01, trn/loss_wd 6.98e+02, trn/lr 4.68e-02
[2022-02-16 13:09:26,413][INFO] [Epoch 108/200] trn/acc1 9.57e-01, trn/loss 4.72e-01, trn/loss_ce 1.25e-01, trn/loss_wd 6.94e+02, trn/lr 4.60e-02
[2022-02-16 13:09:41,460][INFO] [Epoch 109/200] trn/acc1 9.55e-01, trn/loss 4.78e-01, trn/loss_ce 1.33e-01, trn/loss_wd 6.90e+02, trn/lr 4.52e-02
[2022-02-16 13:09:56,513][INFO] [Epoch 110/200] trn/acc1 9.57e-01, trn/loss 4.71e-01, trn/loss_ce 1.27e-01, trn/loss_wd 6.89e+02, trn/lr 4.44e-02
[2022-02-16 13:10:11,562][INFO] [Epoch 111/200] trn/acc1 9.57e-01, trn/loss 4.67e-01, trn/loss_ce 1.26e-01, trn/loss_wd 6.83e+02, trn/lr 4.36e-02
[2022-02-16 13:10:26,606][INFO] [Epoch 112/200] trn/acc1 9.61e-01, trn/loss 4.53e-01, trn/loss_ce 1.15e-01, trn/loss_wd 6.75e+02, trn/lr 4.28e-02
[2022-02-16 13:10:41,654][INFO] [Epoch 113/200] trn/acc1 9.61e-01, trn/loss 4.48e-01, trn/loss_ce 1.14e-01, trn/loss_wd 6.68e+02, trn/lr 4.20e-02
[2022-02-16 13:10:56,692][INFO] [Epoch 114/200] trn/acc1 9.61e-01, trn/loss 4.46e-01, trn/loss_ce 1.15e-01, trn/loss_wd 6.62e+02, trn/lr 4.12e-02
[2022-02-16 13:11:11,735][INFO] [Epoch 115/200] trn/acc1 9.64e-01, trn/loss 4.35e-01, trn/loss_ce 1.08e-01, trn/loss_wd 6.54e+02, trn/lr 4.04e-02
[2022-02-16 13:11:26,783][INFO] [Epoch 116/200] trn/acc1 9.62e-01, trn/loss 4.38e-01, trn/loss_ce 1.13e-01, trn/loss_wd 6.50e+02, trn/lr 3.96e-02
[2022-02-16 13:11:41,825][INFO] [Epoch 117/200] trn/acc1 9.63e-01, trn/loss 4.33e-01, trn/loss_ce 1.10e-01, trn/loss_wd 6.46e+02, trn/lr 3.88e-02
[2022-02-16 13:11:56,873][INFO] [Epoch 118/200] trn/acc1 9.62e-01, trn/loss 4.33e-01, trn/loss_ce 1.12e-01, trn/loss_wd 6.43e+02, trn/lr 3.80e-02
[2022-02-16 13:12:11,916][INFO] [Epoch 119/200] trn/acc1 9.69e-01, trn/loss 4.10e-01, trn/loss_ce 9.25e-02, trn/loss_wd 6.36e+02, trn/lr 3.73e-02
[2022-02-16 13:12:26,971][INFO] [Epoch 120/200] trn/acc1 9.65e-01, trn/loss 4.16e-01, trn/loss_ce 1.03e-01, trn/loss_wd 6.27e+02, trn/lr 3.65e-02
[2022-02-16 13:12:27,696][INFO] [Epoch 120/200] Validation: val/acc1 0.8878, val/loss_ce 0.3781
[2022-02-16 13:12:53,258][INFO] [Epoch 121/200] trn/acc1 9.67e-01, trn/loss 4.10e-01, trn/loss_ce 9.81e-02, trn/loss_wd 6.23e+02, trn/lr 3.57e-02
[2022-02-16 13:13:08,244][INFO] [Epoch 122/200] trn/acc1 9.71e-01, trn/loss 3.94e-01, trn/loss_ce 8.75e-02, trn/loss_wd 6.13e+02, trn/lr 3.49e-02
[2022-02-16 13:13:23,263][INFO] [Epoch 123/200] trn/acc1 9.70e-01, trn/loss 3.91e-01, trn/loss_ce 8.84e-02, trn/loss_wd 6.04e+02, trn/lr 3.42e-02
[2022-02-16 13:13:38,287][INFO] [Epoch 124/200] trn/acc1 9.71e-01, trn/loss 3.87e-01, trn/loss_ce 8.70e-02, trn/loss_wd 5.99e+02, trn/lr 3.34e-02
[2022-02-16 13:13:53,316][INFO] [Epoch 125/200] trn/acc1 9.74e-01, trn/loss 3.76e-01, trn/loss_ce 8.00e-02, trn/loss_wd 5.91e+02, trn/lr 3.26e-02
[2022-02-16 13:14:08,356][INFO] [Epoch 126/200] trn/acc1 9.74e-01, trn/loss 3.71e-01, trn/loss_ce 7.99e-02, trn/loss_wd 5.83e+02, trn/lr 3.19e-02
[2022-02-16 13:14:23,399][INFO] [Epoch 127/200] trn/acc1 9.74e-01, trn/loss 3.64e-01, trn/loss_ce 7.67e-02, trn/loss_wd 5.74e+02, trn/lr 3.11e-02
[2022-02-16 13:14:38,446][INFO] [Epoch 128/200] trn/acc1 9.72e-01, trn/loss 3.68e-01, trn/loss_ce 8.26e-02, trn/loss_wd 5.70e+02, trn/lr 3.04e-02
[2022-02-16 13:14:53,488][INFO] [Epoch 129/200] trn/acc1 9.77e-01, trn/loss 3.54e-01, trn/loss_ce 7.27e-02, trn/loss_wd 5.63e+02, trn/lr 2.97e-02
[2022-02-16 13:15:08,521][INFO] [Epoch 130/200] trn/acc1 9.79e-01, trn/loss 3.41e-01, trn/loss_ce 6.49e-02, trn/loss_wd 5.53e+02, trn/lr 2.89e-02
[2022-02-16 13:15:23,554][INFO] [Epoch 131/200] trn/acc1 9.77e-01, trn/loss 3.41e-01, trn/loss_ce 6.95e-02, trn/loss_wd 5.43e+02, trn/lr 2.82e-02
[2022-02-16 13:15:38,594][INFO] [Epoch 132/200] trn/acc1 9.79e-01, trn/loss 3.34e-01, trn/loss_ce 6.60e-02, trn/loss_wd 5.36e+02, trn/lr 2.75e-02
[2022-02-16 13:15:53,645][INFO] [Epoch 133/200] trn/acc1 9.79e-01, trn/loss 3.25e-01, trn/loss_ce 6.17e-02, trn/loss_wd 5.27e+02, trn/lr 2.68e-02
[2022-02-16 13:16:08,687][INFO] [Epoch 134/200] trn/acc1 9.81e-01, trn/loss 3.17e-01, trn/loss_ce 5.77e-02, trn/loss_wd 5.18e+02, trn/lr 2.61e-02
[2022-02-16 13:16:23,735][INFO] [Epoch 135/200] trn/acc1 9.81e-01, trn/loss 3.13e-01, trn/loss_ce 5.83e-02, trn/loss_wd 5.09e+02, trn/lr 2.54e-02
[2022-02-16 13:16:38,779][INFO] [Epoch 136/200] trn/acc1 9.85e-01, trn/loss 3.00e-01, trn/loss_ce 5.02e-02, trn/loss_wd 5.00e+02, trn/lr 2.47e-02
[2022-02-16 13:16:53,823][INFO] [Epoch 137/200] trn/acc1 9.84e-01, trn/loss 2.95e-01, trn/loss_ce 5.04e-02, trn/loss_wd 4.90e+02, trn/lr 2.40e-02
[2022-02-16 13:17:08,884][INFO] [Epoch 138/200] trn/acc1 9.85e-01, trn/loss 2.89e-01, trn/loss_ce 4.83e-02, trn/loss_wd 4.81e+02, trn/lr 2.33e-02
[2022-02-16 13:17:23,949][INFO] [Epoch 139/200] trn/acc1 9.84e-01, trn/loss 2.86e-01, trn/loss_ce 4.94e-02, trn/loss_wd 4.73e+02, trn/lr 2.26e-02
[2022-02-16 13:17:39,012][INFO] [Epoch 140/200] trn/acc1 9.84e-01, trn/loss 2.82e-01, trn/loss_ce 4.90e-02, trn/loss_wd 4.67e+02, trn/lr 2.19e-02
[2022-02-16 13:17:39,490][INFO] [Epoch 140/200] Validation: val/acc1 0.9202, val/loss_ce 0.2865
[2022-02-16 13:18:09,681][INFO] [Epoch 141/200] trn/acc1 9.87e-01, trn/loss 2.72e-01, trn/loss_ce 4.27e-02, trn/loss_wd 4.59e+02, trn/lr 2.13e-02
[2022-02-16 13:18:24,685][INFO] [Epoch 142/200] trn/acc1 9.88e-01, trn/loss 2.65e-01, trn/loss_ce 3.97e-02, trn/loss_wd 4.50e+02, trn/lr 2.06e-02
[2022-02-16 13:18:39,730][INFO] [Epoch 143/200] trn/acc1 9.91e-01, trn/loss 2.51e-01, trn/loss_ce 3.09e-02, trn/loss_wd 4.39e+02, trn/lr 2.00e-02
[2022-02-16 13:18:54,779][INFO] [Epoch 144/200] trn/acc1 9.91e-01, trn/loss 2.46e-01, trn/loss_ce 3.21e-02, trn/loss_wd 4.27e+02, trn/lr 1.93e-02
[2022-02-16 13:19:09,851][INFO] [Epoch 145/200] trn/acc1 9.92e-01, trn/loss 2.38e-01, trn/loss_ce 2.91e-02, trn/loss_wd 4.18e+02, trn/lr 1.87e-02
[2022-02-16 13:19:24,924][INFO] [Epoch 146/200] trn/acc1 9.93e-01, trn/loss 2.28e-01, trn/loss_ce 2.52e-02, trn/loss_wd 4.06e+02, trn/lr 1.81e-02
[2022-02-16 13:19:40,017][INFO] [Epoch 147/200] trn/acc1 9.94e-01, trn/loss 2.20e-01, trn/loss_ce 2.30e-02, trn/loss_wd 3.95e+02, trn/lr 1.75e-02
[2022-02-16 13:19:55,121][INFO] [Epoch 148/200] trn/acc1 9.95e-01, trn/loss 2.12e-01, trn/loss_ce 2.03e-02, trn/loss_wd 3.83e+02, trn/lr 1.68e-02
[2022-02-16 13:20:10,199][INFO] [Epoch 149/200] trn/acc1 9.94e-01, trn/loss 2.09e-01, trn/loss_ce 2.28e-02, trn/loss_wd 3.73e+02, trn/lr 1.62e-02
[2022-02-16 13:20:25,277][INFO] [Epoch 150/200] trn/acc1 9.97e-01, trn/loss 1.96e-01, trn/loss_ce 1.50e-02, trn/loss_wd 3.62e+02, trn/lr 1.57e-02
[2022-02-16 13:20:40,365][INFO] [Epoch 151/200] trn/acc1 9.95e-01, trn/loss 1.95e-01, trn/loss_ce 1.90e-02, trn/loss_wd 3.51e+02, trn/lr 1.51e-02
[2022-02-16 13:20:55,454][INFO] [Epoch 152/200] trn/acc1 9.96e-01, trn/loss 1.86e-01, trn/loss_ce 1.54e-02, trn/loss_wd 3.42e+02, trn/lr 1.45e-02
[2022-02-16 13:21:10,530][INFO] [Epoch 153/200] trn/acc1 9.97e-01, trn/loss 1.79e-01, trn/loss_ce 1.29e-02, trn/loss_wd 3.32e+02, trn/lr 1.39e-02
[2022-02-16 13:21:25,600][INFO] [Epoch 154/200] trn/acc1 9.98e-01, trn/loss 1.70e-01, trn/loss_ce 9.41e-03, trn/loss_wd 3.22e+02, trn/lr 1.34e-02
[2022-02-16 13:21:40,677][INFO] [Epoch 155/200] trn/acc1 9.99e-01, trn/loss 1.65e-01, trn/loss_ce 8.87e-03, trn/loss_wd 3.11e+02, trn/lr 1.28e-02
[2022-02-16 13:21:55,751][INFO] [Epoch 156/200] trn/acc1 1.00e+00, trn/loss 1.56e-01, trn/loss_ce 5.27e-03, trn/loss_wd 3.01e+02, trn/lr 1.23e-02
[2022-02-16 13:22:10,829][INFO] [Epoch 157/200] trn/acc1 1.00e+00, trn/loss 1.50e-01, trn/loss_ce 4.22e-03, trn/loss_wd 2.91e+02, trn/lr 1.18e-02
[2022-02-16 13:22:25,905][INFO] [Epoch 158/200] trn/acc1 1.00e+00, trn/loss 1.44e-01, trn/loss_ce 3.17e-03, trn/loss_wd 2.81e+02, trn/lr 1.13e-02
[2022-02-16 13:22:40,971][INFO] [Epoch 159/200] trn/acc1 1.00e+00, trn/loss 1.38e-01, trn/loss_ce 2.70e-03, trn/loss_wd 2.71e+02, trn/lr 1.08e-02
[2022-02-16 13:22:56,040][INFO] [Epoch 160/200] trn/acc1 1.00e+00, trn/loss 1.34e-01, trn/loss_ce 2.75e-03, trn/loss_wd 2.62e+02, trn/lr 1.03e-02
[2022-02-16 13:22:56,514][INFO] [Epoch 160/200] Validation: val/acc1 0.9514, val/loss_ce 0.1635
[2022-02-16 13:23:21,647][INFO] [Epoch 161/200] trn/acc1 1.00e+00, trn/loss 1.30e-01, trn/loss_ce 2.83e-03, trn/loss_wd 2.54e+02, trn/lr 9.79e-03
[2022-02-16 13:23:36,715][INFO] [Epoch 162/200] trn/acc1 1.00e+00, trn/loss 1.26e-01, trn/loss_ce 2.65e-03, trn/loss_wd 2.47e+02, trn/lr 9.31e-03
[2022-02-16 13:23:51,743][INFO] [Epoch 163/200] trn/acc1 1.00e+00, trn/loss 1.23e-01, trn/loss_ce 2.56e-03, trn/loss_wd 2.40e+02, trn/lr 8.85e-03
[2022-02-16 13:24:06,798][INFO] [Epoch 164/200] trn/acc1 1.00e+00, trn/loss 1.20e-01, trn/loss_ce 2.56e-03, trn/loss_wd 2.34e+02, trn/lr 8.40e-03
[2022-02-16 13:24:21,838][INFO] [Epoch 165/200] trn/acc1 1.00e+00, trn/loss 1.16e-01, trn/loss_ce 2.34e-03, trn/loss_wd 2.28e+02, trn/lr 7.96e-03
[2022-02-16 13:24:36,886][INFO] [Epoch 166/200] trn/acc1 1.00e+00, trn/loss 1.14e-01, trn/loss_ce 2.24e-03, trn/loss_wd 2.23e+02, trn/lr 7.53e-03
[2022-02-16 13:24:51,938][INFO] [Epoch 167/200] trn/acc1 1.00e+00, trn/loss 1.11e-01, trn/loss_ce 2.36e-03, trn/loss_wd 2.18e+02, trn/lr 7.11e-03
[2022-02-16 13:25:07,002][INFO] [Epoch 168/200] trn/acc1 1.00e+00, trn/loss 1.09e-01, trn/loss_ce 2.33e-03, trn/loss_wd 2.13e+02, trn/lr 6.70e-03
[2022-02-16 13:25:22,052][INFO] [Epoch 169/200] trn/acc1 1.00e+00, trn/loss 1.07e-01, trn/loss_ce 2.39e-03, trn/loss_wd 2.09e+02, trn/lr 6.30e-03
[2022-02-16 13:25:37,104][INFO] [Epoch 170/200] trn/acc1 1.00e+00, trn/loss 1.05e-01, trn/loss_ce 2.31e-03, trn/loss_wd 2.05e+02, trn/lr 5.92e-03
[2022-02-16 13:25:52,154][INFO] [Epoch 171/200] trn/acc1 1.00e+00, trn/loss 1.03e-01, trn/loss_ce 2.17e-03, trn/loss_wd 2.02e+02, trn/lr 5.54e-03
[2022-02-16 13:26:07,203][INFO] [Epoch 172/200] trn/acc1 1.00e+00, trn/loss 1.02e-01, trn/loss_ce 2.27e-03, trn/loss_wd 1.99e+02, trn/lr 5.18e-03
[2022-02-16 13:26:22,259][INFO] [Epoch 173/200] trn/acc1 1.00e+00, trn/loss 1.00e-01, trn/loss_ce 2.24e-03, trn/loss_wd 1.96e+02, trn/lr 4.83e-03
[2022-02-16 13:26:37,297][INFO] [Epoch 174/200] trn/acc1 1.00e+00, trn/loss 9.87e-02, trn/loss_ce 2.17e-03, trn/loss_wd 1.93e+02, trn/lr 4.49e-03
[2022-02-16 13:26:52,361][INFO] [Epoch 175/200] trn/acc1 1.00e+00, trn/loss 9.74e-02, trn/loss_ce 2.17e-03, trn/loss_wd 1.90e+02, trn/lr 4.16e-03
[2022-02-16 13:27:07,409][INFO] [Epoch 176/200] trn/acc1 1.00e+00, trn/loss 9.64e-02, trn/loss_ce 2.26e-03, trn/loss_wd 1.88e+02, trn/lr 3.85e-03
[2022-02-16 13:27:22,458][INFO] [Epoch 177/200] trn/acc1 1.00e+00, trn/loss 9.53e-02, trn/loss_ce 2.18e-03, trn/loss_wd 1.86e+02, trn/lr 3.54e-03
[2022-02-16 13:27:37,520][INFO] [Epoch 178/200] trn/acc1 1.00e+00, trn/loss 9.43e-02, trn/loss_ce 2.20e-03, trn/loss_wd 1.84e+02, trn/lr 3.25e-03
[2022-02-16 13:27:52,587][INFO] [Epoch 179/200] trn/acc1 1.00e+00, trn/loss 9.35e-02, trn/loss_ce 2.21e-03, trn/loss_wd 1.83e+02, trn/lr 2.97e-03
[2022-02-16 13:28:07,649][INFO] [Epoch 180/200] trn/acc1 1.00e+00, trn/loss 9.27e-02, trn/loss_ce 2.17e-03, trn/loss_wd 1.81e+02, trn/lr 2.70e-03
[2022-02-16 13:28:08,124][INFO] [Epoch 180/200] Validation: val/acc1 0.9530, val/loss_ce 0.1506
[2022-02-16 13:28:42,785][INFO] [Epoch 181/200] trn/acc1 1.00e+00, trn/loss 9.20e-02, trn/loss_ce 2.18e-03, trn/loss_wd 1.80e+02, trn/lr 2.45e-03
[2022-02-16 13:28:44,179][INFO] [Epoch 181/200] Validation: val/acc1 0.9538, val/loss_ce 0.1502
[2022-02-16 13:29:05,313][INFO] [Epoch 182/200] trn/acc1 1.00e+00, trn/loss 9.15e-02, trn/loss_ce 2.24e-03, trn/loss_wd 1.78e+02, trn/lr 2.21e-03
[2022-02-16 13:29:05,783][INFO] [Epoch 182/200] Validation: val/acc1 0.9540, val/loss_ce 0.1498
[2022-02-16 13:29:28,683][INFO] [Epoch 183/200] trn/acc1 1.00e+00, trn/loss 9.09e-02, trn/loss_ce 2.20e-03, trn/loss_wd 1.77e+02, trn/lr 1.97e-03
[2022-02-16 13:29:29,158][INFO] [Epoch 183/200] Validation: val/acc1 0.9540, val/loss_ce 0.1486
[2022-02-16 13:29:49,169][INFO] [Epoch 184/200] trn/acc1 1.00e+00, trn/loss 9.05e-02, trn/loss_ce 2.24e-03, trn/loss_wd 1.76e+02, trn/lr 1.76e-03
[2022-02-16 13:29:49,644][INFO] [Epoch 184/200] Validation: val/acc1 0.9542, val/loss_ce 0.1494
[2022-02-16 13:30:10,926][INFO] [Epoch 185/200] trn/acc1 1.00e+00, trn/loss 9.00e-02, trn/loss_ce 2.23e-03, trn/loss_wd 1.76e+02, trn/lr 1.55e-03
[2022-02-16 13:30:11,400][INFO] [Epoch 185/200] Validation: val/acc1 0.9542, val/loss_ce 0.1498
[2022-02-16 13:30:28,133][INFO] [Epoch 186/200] trn/acc1 1.00e+00, trn/loss 8.96e-02, trn/loss_ce 2.15e-03, trn/loss_wd 1.75e+02, trn/lr 1.36e-03
[2022-02-16 13:30:28,608][INFO] [Epoch 186/200] Validation: val/acc1 0.9546, val/loss_ce 0.1495
[2022-02-16 13:30:51,717][INFO] [Epoch 187/200] trn/acc1 1.00e+00, trn/loss 8.93e-02, trn/loss_ce 2.19e-03, trn/loss_wd 1.74e+02, trn/lr 1.18e-03
[2022-02-16 13:30:52,191][INFO] [Epoch 187/200] Validation: val/acc1 0.9540, val/loss_ce 0.1499
[2022-02-16 13:31:11,977][INFO] [Epoch 188/200] trn/acc1 1.00e+00, trn/loss 8.90e-02, trn/loss_ce 2.21e-03, trn/loss_wd 1.74e+02, trn/lr 1.01e-03
[2022-02-16 13:31:13,079][INFO] [Epoch 188/200] Validation: val/acc1 0.9534, val/loss_ce 0.1504
[2022-02-16 13:31:30,342][INFO] [Epoch 189/200] trn/acc1 1.00e+00, trn/loss 8.87e-02, trn/loss_ce 2.15e-03, trn/loss_wd 1.73e+02, trn/lr 8.56e-04
[2022-02-16 13:31:30,815][INFO] [Epoch 189/200] Validation: val/acc1 0.9542, val/loss_ce 0.1493
[2022-02-16 13:31:50,031][INFO] [Epoch 190/200] trn/acc1 1.00e+00, trn/loss 8.86e-02, trn/loss_ce 2.19e-03, trn/loss_wd 1.73e+02, trn/lr 7.14e-04
[2022-02-16 13:31:50,505][INFO] [Epoch 190/200] Validation: val/acc1 0.9542, val/loss_ce 0.1492
[2022-02-16 13:32:08,917][INFO] [Epoch 191/200] trn/acc1 1.00e+00, trn/loss 8.84e-02, trn/loss_ce 2.16e-03, trn/loss_wd 1.72e+02, trn/lr 5.85e-04
[2022-02-16 13:32:09,390][INFO] [Epoch 191/200] Validation: val/acc1 0.9548, val/loss_ce 0.1482
[2022-02-16 13:32:35,595][INFO] [Epoch 192/200] trn/acc1 1.00e+00, trn/loss 8.83e-02, trn/loss_ce 2.21e-03, trn/loss_wd 1.72e+02, trn/lr 4.69e-04
[2022-02-16 13:32:36,068][INFO] [Epoch 192/200] Validation: val/acc1 0.9532, val/loss_ce 0.1493
[2022-02-16 13:32:54,242][INFO] [Epoch 193/200] trn/acc1 1.00e+00, trn/loss 8.82e-02, trn/loss_ce 2.20e-03, trn/loss_wd 1.72e+02, trn/lr 3.65e-04
[2022-02-16 13:32:54,715][INFO] [Epoch 193/200] Validation: val/acc1 0.9532, val/loss_ce 0.1496
[2022-02-16 13:33:10,592][INFO] [Epoch 194/200] trn/acc1 1.00e+00, trn/loss 8.81e-02, trn/loss_ce 2.17e-03, trn/loss_wd 1.72e+02, trn/lr 2.75e-04
[2022-02-16 13:33:11,064][INFO] [Epoch 194/200] Validation: val/acc1 0.9536, val/loss_ce 0.1493
[2022-02-16 13:33:27,801][INFO] [Epoch 195/200] trn/acc1 1.00e+00, trn/loss 8.80e-02, trn/loss_ce 2.14e-03, trn/loss_wd 1.72e+02, trn/lr 1.97e-04
[2022-02-16 13:33:28,292][INFO] [Epoch 195/200] Validation: val/acc1 0.9544, val/loss_ce 0.1485
[2022-02-16 13:33:49,625][INFO] [Epoch 196/200] trn/acc1 1.00e+00, trn/loss 8.79e-02, trn/loss_ce 2.08e-03, trn/loss_wd 1.72e+02, trn/lr 1.32e-04
[2022-02-16 13:33:50,099][INFO] [Epoch 196/200] Validation: val/acc1 0.9548, val/loss_ce 0.1488
[2022-02-16 13:34:06,173][INFO] [Epoch 197/200] trn/acc1 1.00e+00, trn/loss 8.79e-02, trn/loss_ce 2.12e-03, trn/loss_wd 1.72e+02, trn/lr 8.01e-05
[2022-02-16 13:34:06,650][INFO] [Epoch 197/200] Validation: val/acc1 0.9534, val/loss_ce 0.1495
[2022-02-16 13:34:27,616][INFO] [Epoch 198/200] trn/acc1 1.00e+00, trn/loss 8.79e-02, trn/loss_ce 2.17e-03, trn/loss_wd 1.72e+02, trn/lr 4.11e-05
[2022-02-16 13:34:28,089][INFO] [Epoch 198/200] Validation: val/acc1 0.9538, val/loss_ce 0.1490
[2022-02-16 13:34:46,047][INFO] [Epoch 199/200] trn/acc1 1.00e+00, trn/loss 8.79e-02, trn/loss_ce 2.10e-03, trn/loss_wd 1.71e+02, trn/lr 1.52e-05
[2022-02-16 13:34:46,520][INFO] [Epoch 199/200] Validation: val/acc1 0.9538, val/loss_ce 0.1488
[2022-02-16 13:35:03,685][INFO] [Epoch 200/200] trn/acc1 1.00e+00, trn/loss 8.79e-02, trn/loss_ce 2.14e-03, trn/loss_wd 1.71e+02, trn/lr 2.17e-06
[2022-02-16 13:35:04,158][INFO] [Epoch 200/200] Validation: val/acc1 0.9540, val/loss_ce 0.1495
