[2022-02-07 16:53:53,123][INFO] Environments:
------------  ---------------------------------------------------------------------------
sys.platform  linux
Python        3.7.11 (default, Nov 23 2021, 05:29:02) [GCC 7.5.0]
JAX           0.2.27 @/mnt/data1/giung/venvs/jax0.2.27/lib/python3.7/site-packages/jax
jaxlib        0.1.75 @/mnt/data1/giung/venvs/jax0.2.27/lib/python3.7/site-packages/jaxlib
Flax          0.4.0 @/mnt/data1/giung/venvs/jax0.2.27/lib/python3.7/site-packages/flax
Optax         0.1.0 @/mnt/data1/giung/venvs/jax0.2.27/lib/python3.7/site-packages/optax
------------  ---------------------------------------------------------------------------

[2022-02-07 16:53:53,123][INFO] Command line arguments:
Namespace(batch_size=128, config_file='./configs/C10_VGG13-ReLU_SGD.yaml', keep_every_n_checkpoints=None, learning_rate=0.05, num_epochs=200, num_warmup_epochs=5, opts=[], output_dir='./outputs/C10_VGG13-ReLU/SGD/s42_e200_wd5e-4/', seed=42, weight_decay=0.0005)

[2022-02-07 16:53:53,124][INFO] Using a random seed 42

[2022-02-07 16:53:53,153][INFO] Unable to initialize backend 'tpu_driver': NOT_FOUND: Unable to find driver in registry given worker: 
[2022-02-07 16:53:53,346][INFO] Unable to initialize backend 'tpu': INVALID_ARGUMENT: TpuPlatform is not available.
[2022-02-07 16:53:56,942][INFO] Found no checkpoint files in outputs/C10_VGG13-ReLU/SGD/s42_e200_wd5e-4
[2022-02-07 16:54:09,823][INFO] [Epoch   1/200] trn/acc1 3.24e-01, trn/loss 3.85e+00, trn/loss_ce 1.87e+00, trn/loss_wd 3.96e+03, trn/lr 4.99e-03
[2022-02-07 16:54:11,754][INFO] [Epoch   1/200] Validation: val/acc1 0.4500, val/loss_ce 1.5257
[2022-02-07 16:54:18,064][INFO] [Epoch   2/200] trn/acc1 4.75e-01, trn/loss 3.37e+00, trn/loss_ce 1.45e+00, trn/loss_wd 3.84e+03, trn/lr 1.50e-02
[2022-02-07 16:54:21,537][INFO] [Epoch   3/200] trn/acc1 5.89e-01, trn/loss 2.99e+00, trn/loss_ce 1.17e+00, trn/loss_wd 3.63e+03, trn/lr 2.50e-02
[2022-02-07 16:54:25,102][INFO] [Epoch   4/200] trn/acc1 6.59e-01, trn/loss 2.65e+00, trn/loss_ce 9.78e-01, trn/loss_wd 3.35e+03, trn/lr 3.50e-02
[2022-02-07 16:54:28,581][INFO] [Epoch   5/200] trn/acc1 7.05e-01, trn/loss 2.38e+00, trn/loss_ce 8.65e-01, trn/loss_wd 3.03e+03, trn/lr 4.50e-02
[2022-02-07 16:54:32,058][INFO] [Epoch   6/200] trn/acc1 7.37e-01, trn/loss 2.13e+00, trn/loss_ce 7.78e-01, trn/loss_wd 2.70e+03, trn/lr 5.00e-02
[2022-02-07 16:54:35,539][INFO] [Epoch   7/200] trn/acc1 7.69e-01, trn/loss 1.90e+00, trn/loss_ce 6.90e-01, trn/loss_wd 2.41e+03, trn/lr 5.00e-02
[2022-02-07 16:54:39,018][INFO] [Epoch   8/200] trn/acc1 7.88e-01, trn/loss 1.71e+00, trn/loss_ce 6.35e-01, trn/loss_wd 2.16e+03, trn/lr 5.00e-02
[2022-02-07 16:54:42,503][INFO] [Epoch   9/200] trn/acc1 8.04e-01, trn/loss 1.56e+00, trn/loss_ce 5.86e-01, trn/loss_wd 1.95e+03, trn/lr 5.00e-02
[2022-02-07 16:54:45,988][INFO] [Epoch  10/200] trn/acc1 8.17e-01, trn/loss 1.43e+00, trn/loss_ce 5.49e-01, trn/loss_wd 1.77e+03, trn/lr 4.99e-02
[2022-02-07 16:54:49,528][INFO] [Epoch  11/200] trn/acc1 8.26e-01, trn/loss 1.32e+00, trn/loss_ce 5.14e-01, trn/loss_wd 1.62e+03, trn/lr 4.99e-02
[2022-02-07 16:54:53,021][INFO] [Epoch  12/200] trn/acc1 8.36e-01, trn/loss 1.24e+00, trn/loss_ce 4.91e-01, trn/loss_wd 1.49e+03, trn/lr 4.99e-02
[2022-02-07 16:54:56,519][INFO] [Epoch  13/200] trn/acc1 8.43e-01, trn/loss 1.17e+00, trn/loss_ce 4.74e-01, trn/loss_wd 1.39e+03, trn/lr 4.98e-02
[2022-02-07 16:55:00,011][INFO] [Epoch  14/200] trn/acc1 8.46e-01, trn/loss 1.12e+00, trn/loss_ce 4.63e-01, trn/loss_wd 1.31e+03, trn/lr 4.98e-02
[2022-02-07 16:55:03,504][INFO] [Epoch  15/200] trn/acc1 8.52e-01, trn/loss 1.06e+00, trn/loss_ce 4.40e-01, trn/loss_wd 1.24e+03, trn/lr 4.97e-02
[2022-02-07 16:55:06,995][INFO] [Epoch  16/200] trn/acc1 8.57e-01, trn/loss 1.02e+00, trn/loss_ce 4.27e-01, trn/loss_wd 1.18e+03, trn/lr 4.96e-02
[2022-02-07 16:55:10,493][INFO] [Epoch  17/200] trn/acc1 8.66e-01, trn/loss 9.70e-01, trn/loss_ce 4.06e-01, trn/loss_wd 1.13e+03, trn/lr 4.96e-02
[2022-02-07 16:55:13,988][INFO] [Epoch  18/200] trn/acc1 8.66e-01, trn/loss 9.46e-01, trn/loss_ce 4.01e-01, trn/loss_wd 1.09e+03, trn/lr 4.95e-02
[2022-02-07 16:55:17,491][INFO] [Epoch  19/200] trn/acc1 8.68e-01, trn/loss 9.19e-01, trn/loss_ce 3.91e-01, trn/loss_wd 1.06e+03, trn/lr 4.94e-02
[2022-02-07 16:55:21,171][INFO] [Epoch  20/200] trn/acc1 8.73e-01, trn/loss 8.95e-01, trn/loss_ce 3.79e-01, trn/loss_wd 1.03e+03, trn/lr 4.93e-02
[2022-02-07 16:55:21,265][INFO] [Epoch  20/200] Validation: val/acc1 0.8588, val/loss_ce 0.4448
[2022-02-07 16:55:27,535][INFO] [Epoch  21/200] trn/acc1 8.77e-01, trn/loss 8.78e-01, trn/loss_ce 3.72e-01, trn/loss_wd 1.01e+03, trn/lr 4.92e-02
[2022-02-07 16:55:31,027][INFO] [Epoch  22/200] trn/acc1 8.79e-01, trn/loss 8.58e-01, trn/loss_ce 3.63e-01, trn/loss_wd 9.91e+02, trn/lr 4.91e-02
[2022-02-07 16:55:34,521][INFO] [Epoch  23/200] trn/acc1 8.81e-01, trn/loss 8.45e-01, trn/loss_ce 3.56e-01, trn/loss_wd 9.79e+02, trn/lr 4.90e-02
[2022-02-07 16:55:38,021][INFO] [Epoch  24/200] trn/acc1 8.83e-01, trn/loss 8.34e-01, trn/loss_ce 3.51e-01, trn/loss_wd 9.66e+02, trn/lr 4.89e-02
[2022-02-07 16:55:41,528][INFO] [Epoch  25/200] trn/acc1 8.85e-01, trn/loss 8.26e-01, trn/loss_ce 3.49e-01, trn/loss_wd 9.55e+02, trn/lr 4.88e-02
[2022-02-07 16:55:45,034][INFO] [Epoch  26/200] trn/acc1 8.85e-01, trn/loss 8.20e-01, trn/loss_ce 3.45e-01, trn/loss_wd 9.50e+02, trn/lr 4.86e-02
[2022-02-07 16:55:48,539][INFO] [Epoch  27/200] trn/acc1 8.89e-01, trn/loss 8.08e-01, trn/loss_ce 3.36e-01, trn/loss_wd 9.44e+02, trn/lr 4.85e-02
[2022-02-07 16:55:52,041][INFO] [Epoch  28/200] trn/acc1 8.90e-01, trn/loss 8.00e-01, trn/loss_ce 3.30e-01, trn/loss_wd 9.39e+02, trn/lr 4.84e-02
[2022-02-07 16:55:55,541][INFO] [Epoch  29/200] trn/acc1 8.90e-01, trn/loss 7.99e-01, trn/loss_ce 3.29e-01, trn/loss_wd 9.39e+02, trn/lr 4.82e-02
[2022-02-07 16:55:59,049][INFO] [Epoch  30/200] trn/acc1 8.94e-01, trn/loss 7.85e-01, trn/loss_ce 3.18e-01, trn/loss_wd 9.34e+02, trn/lr 4.81e-02
[2022-02-07 16:56:02,555][INFO] [Epoch  31/200] trn/acc1 8.96e-01, trn/loss 7.76e-01, trn/loss_ce 3.12e-01, trn/loss_wd 9.27e+02, trn/lr 4.79e-02
[2022-02-07 16:56:06,059][INFO] [Epoch  32/200] trn/acc1 8.97e-01, trn/loss 7.72e-01, trn/loss_ce 3.09e-01, trn/loss_wd 9.25e+02, trn/lr 4.78e-02
[2022-02-07 16:56:09,565][INFO] [Epoch  33/200] trn/acc1 8.99e-01, trn/loss 7.64e-01, trn/loss_ce 3.02e-01, trn/loss_wd 9.24e+02, trn/lr 4.76e-02
[2022-02-07 16:56:13,076][INFO] [Epoch  34/200] trn/acc1 9.00e-01, trn/loss 7.62e-01, trn/loss_ce 3.00e-01, trn/loss_wd 9.24e+02, trn/lr 4.74e-02
[2022-02-07 16:56:16,679][INFO] [Epoch  35/200] trn/acc1 9.01e-01, trn/loss 7.60e-01, trn/loss_ce 2.97e-01, trn/loss_wd 9.26e+02, trn/lr 4.72e-02
[2022-02-07 16:56:20,188][INFO] [Epoch  36/200] trn/acc1 9.03e-01, trn/loss 7.54e-01, trn/loss_ce 2.90e-01, trn/loss_wd 9.28e+02, trn/lr 4.70e-02
[2022-02-07 16:56:23,832][INFO] [Epoch  37/200] trn/acc1 9.05e-01, trn/loss 7.50e-01, trn/loss_ce 2.86e-01, trn/loss_wd 9.26e+02, trn/lr 4.68e-02
[2022-02-07 16:56:27,340][INFO] [Epoch  38/200] trn/acc1 9.05e-01, trn/loss 7.48e-01, trn/loss_ce 2.86e-01, trn/loss_wd 9.24e+02, trn/lr 4.67e-02
[2022-02-07 16:56:30,847][INFO] [Epoch  39/200] trn/acc1 9.05e-01, trn/loss 7.44e-01, trn/loss_ce 2.82e-01, trn/loss_wd 9.26e+02, trn/lr 4.64e-02
[2022-02-07 16:56:34,361][INFO] [Epoch  40/200] trn/acc1 9.08e-01, trn/loss 7.38e-01, trn/loss_ce 2.75e-01, trn/loss_wd 9.28e+02, trn/lr 4.62e-02
[2022-02-07 16:56:34,456][INFO] [Epoch  40/200] Validation: val/acc1 0.8804, val/loss_ce 0.3806
[2022-02-07 16:56:40,590][INFO] [Epoch  41/200] trn/acc1 9.09e-01, trn/loss 7.40e-01, trn/loss_ce 2.76e-01, trn/loss_wd 9.28e+02, trn/lr 4.60e-02
[2022-02-07 16:56:44,102][INFO] [Epoch  42/200] trn/acc1 9.10e-01, trn/loss 7.33e-01, trn/loss_ce 2.70e-01, trn/loss_wd 9.26e+02, trn/lr 4.58e-02
[2022-02-07 16:56:47,607][INFO] [Epoch  43/200] trn/acc1 9.09e-01, trn/loss 7.30e-01, trn/loss_ce 2.68e-01, trn/loss_wd 9.25e+02, trn/lr 4.56e-02
[2022-02-07 16:56:51,120][INFO] [Epoch  44/200] trn/acc1 9.11e-01, trn/loss 7.29e-01, trn/loss_ce 2.66e-01, trn/loss_wd 9.27e+02, trn/lr 4.53e-02
[2022-02-07 16:56:54,627][INFO] [Epoch  45/200] trn/acc1 9.09e-01, trn/loss 7.35e-01, trn/loss_ce 2.69e-01, trn/loss_wd 9.32e+02, trn/lr 4.51e-02
[2022-02-07 16:56:58,132][INFO] [Epoch  46/200] trn/acc1 9.11e-01, trn/loss 7.31e-01, trn/loss_ce 2.65e-01, trn/loss_wd 9.33e+02, trn/lr 4.49e-02
[2022-02-07 16:57:01,644][INFO] [Epoch  47/200] trn/acc1 9.16e-01, trn/loss 7.19e-01, trn/loss_ce 2.53e-01, trn/loss_wd 9.33e+02, trn/lr 4.46e-02
[2022-02-07 16:57:05,154][INFO] [Epoch  48/200] trn/acc1 9.15e-01, trn/loss 7.21e-01, trn/loss_ce 2.56e-01, trn/loss_wd 9.30e+02, trn/lr 4.44e-02
[2022-02-07 16:57:08,661][INFO] [Epoch  49/200] trn/acc1 9.16e-01, trn/loss 7.14e-01, trn/loss_ce 2.49e-01, trn/loss_wd 9.31e+02, trn/lr 4.41e-02
[2022-02-07 16:57:12,169][INFO] [Epoch  50/200] trn/acc1 9.19e-01, trn/loss 7.09e-01, trn/loss_ce 2.43e-01, trn/loss_wd 9.31e+02, trn/lr 4.38e-02
[2022-02-07 16:57:15,682][INFO] [Epoch  51/200] trn/acc1 9.18e-01, trn/loss 7.13e-01, trn/loss_ce 2.47e-01, trn/loss_wd 9.31e+02, trn/lr 4.36e-02
[2022-02-07 16:57:19,192][INFO] [Epoch  52/200] trn/acc1 9.19e-01, trn/loss 7.06e-01, trn/loss_ce 2.41e-01, trn/loss_wd 9.32e+02, trn/lr 4.33e-02
[2022-02-07 16:57:22,706][INFO] [Epoch  53/200] trn/acc1 9.19e-01, trn/loss 7.06e-01, trn/loss_ce 2.42e-01, trn/loss_wd 9.28e+02, trn/lr 4.30e-02
[2022-02-07 16:57:26,219][INFO] [Epoch  54/200] trn/acc1 9.23e-01, trn/loss 6.98e-01, trn/loss_ce 2.34e-01, trn/loss_wd 9.29e+02, trn/lr 4.27e-02
[2022-02-07 16:57:29,729][INFO] [Epoch  55/200] trn/acc1 9.22e-01, trn/loss 6.95e-01, trn/loss_ce 2.31e-01, trn/loss_wd 9.28e+02, trn/lr 4.25e-02
[2022-02-07 16:57:33,236][INFO] [Epoch  56/200] trn/acc1 9.21e-01, trn/loss 6.92e-01, trn/loss_ce 2.30e-01, trn/loss_wd 9.24e+02, trn/lr 4.22e-02
[2022-02-07 16:57:36,740][INFO] [Epoch  57/200] trn/acc1 9.23e-01, trn/loss 6.91e-01, trn/loss_ce 2.29e-01, trn/loss_wd 9.23e+02, trn/lr 4.19e-02
[2022-02-07 16:57:40,243][INFO] [Epoch  58/200] trn/acc1 9.25e-01, trn/loss 6.81e-01, trn/loss_ce 2.22e-01, trn/loss_wd 9.19e+02, trn/lr 4.16e-02
[2022-02-07 16:57:43,744][INFO] [Epoch  59/200] trn/acc1 9.24e-01, trn/loss 6.86e-01, trn/loss_ce 2.26e-01, trn/loss_wd 9.21e+02, trn/lr 4.13e-02
[2022-02-07 16:57:47,519][INFO] [Epoch  60/200] trn/acc1 9.27e-01, trn/loss 6.77e-01, trn/loss_ce 2.17e-01, trn/loss_wd 9.20e+02, trn/lr 4.10e-02
[2022-02-07 16:57:47,613][INFO] [Epoch  60/200] Validation: val/acc1 0.8840, val/loss_ce 0.3636
[2022-02-07 16:57:54,224][INFO] [Epoch  61/200] trn/acc1 9.26e-01, trn/loss 6.74e-01, trn/loss_ce 2.15e-01, trn/loss_wd 9.17e+02, trn/lr 4.07e-02
[2022-02-07 16:57:57,819][INFO] [Epoch  62/200] trn/acc1 9.27e-01, trn/loss 6.72e-01, trn/loss_ce 2.15e-01, trn/loss_wd 9.14e+02, trn/lr 4.03e-02
[2022-02-07 16:58:01,313][INFO] [Epoch  63/200] trn/acc1 9.29e-01, trn/loss 6.65e-01, trn/loss_ce 2.10e-01, trn/loss_wd 9.11e+02, trn/lr 4.00e-02
[2022-02-07 16:58:04,812][INFO] [Epoch  64/200] trn/acc1 9.32e-01, trn/loss 6.57e-01, trn/loss_ce 2.04e-01, trn/loss_wd 9.07e+02, trn/lr 3.97e-02
[2022-02-07 16:58:08,309][INFO] [Epoch  65/200] trn/acc1 9.31e-01, trn/loss 6.57e-01, trn/loss_ce 2.04e-01, trn/loss_wd 9.05e+02, trn/lr 3.94e-02
[2022-02-07 16:58:11,805][INFO] [Epoch  66/200] trn/acc1 9.33e-01, trn/loss 6.53e-01, trn/loss_ce 2.03e-01, trn/loss_wd 9.01e+02, trn/lr 3.90e-02
[2022-02-07 16:58:15,381][INFO] [Epoch  67/200] trn/acc1 9.32e-01, trn/loss 6.48e-01, trn/loss_ce 1.98e-01, trn/loss_wd 8.98e+02, trn/lr 3.87e-02
[2022-02-07 16:58:18,877][INFO] [Epoch  68/200] trn/acc1 9.32e-01, trn/loss 6.49e-01, trn/loss_ce 2.01e-01, trn/loss_wd 8.96e+02, trn/lr 3.84e-02
[2022-02-07 16:58:22,378][INFO] [Epoch  69/200] trn/acc1 9.35e-01, trn/loss 6.43e-01, trn/loss_ce 1.96e-01, trn/loss_wd 8.95e+02, trn/lr 3.80e-02
[2022-02-07 16:58:25,876][INFO] [Epoch  70/200] trn/acc1 9.35e-01, trn/loss 6.38e-01, trn/loss_ce 1.93e-01, trn/loss_wd 8.90e+02, trn/lr 3.77e-02
[2022-02-07 16:58:29,371][INFO] [Epoch  71/200] trn/acc1 9.35e-01, trn/loss 6.37e-01, trn/loss_ce 1.93e-01, trn/loss_wd 8.88e+02, trn/lr 3.73e-02
[2022-02-07 16:58:32,862][INFO] [Epoch  72/200] trn/acc1 9.36e-01, trn/loss 6.27e-01, trn/loss_ce 1.86e-01, trn/loss_wd 8.83e+02, trn/lr 3.70e-02
[2022-02-07 16:58:36,363][INFO] [Epoch  73/200] trn/acc1 9.40e-01, trn/loss 6.22e-01, trn/loss_ce 1.83e-01, trn/loss_wd 8.78e+02, trn/lr 3.66e-02
[2022-02-07 16:58:39,869][INFO] [Epoch  74/200] trn/acc1 9.38e-01, trn/loss 6.24e-01, trn/loss_ce 1.86e-01, trn/loss_wd 8.77e+02, trn/lr 3.63e-02
[2022-02-07 16:58:43,371][INFO] [Epoch  75/200] trn/acc1 9.41e-01, trn/loss 6.13e-01, trn/loss_ce 1.77e-01, trn/loss_wd 8.73e+02, trn/lr 3.59e-02
[2022-02-07 16:58:46,873][INFO] [Epoch  76/200] trn/acc1 9.37e-01, trn/loss 6.19e-01, trn/loss_ce 1.84e-01, trn/loss_wd 8.71e+02, trn/lr 3.55e-02
[2022-02-07 16:58:50,378][INFO] [Epoch  77/200] trn/acc1 9.41e-01, trn/loss 6.09e-01, trn/loss_ce 1.75e-01, trn/loss_wd 8.67e+02, trn/lr 3.52e-02
[2022-02-07 16:58:53,882][INFO] [Epoch  78/200] trn/acc1 9.42e-01, trn/loss 6.05e-01, trn/loss_ce 1.73e-01, trn/loss_wd 8.65e+02, trn/lr 3.48e-02
[2022-02-07 16:58:57,385][INFO] [Epoch  79/200] trn/acc1 9.43e-01, trn/loss 6.01e-01, trn/loss_ce 1.70e-01, trn/loss_wd 8.61e+02, trn/lr 3.44e-02
[2022-02-07 16:59:00,891][INFO] [Epoch  80/200] trn/acc1 9.41e-01, trn/loss 5.97e-01, trn/loss_ce 1.69e-01, trn/loss_wd 8.57e+02, trn/lr 3.41e-02
[2022-02-07 16:59:00,986][INFO] [Epoch  80/200] Validation: val/acc1 0.8640, val/loss_ce 0.4602
[2022-02-07 16:59:05,339][INFO] [Epoch  81/200] trn/acc1 9.44e-01, trn/loss 5.91e-01, trn/loss_ce 1.65e-01, trn/loss_wd 8.52e+02, trn/lr 3.37e-02
[2022-02-07 16:59:08,850][INFO] [Epoch  82/200] trn/acc1 9.43e-01, trn/loss 5.89e-01, trn/loss_ce 1.65e-01, trn/loss_wd 8.49e+02, trn/lr 3.33e-02
[2022-02-07 16:59:12,351][INFO] [Epoch  83/200] trn/acc1 9.43e-01, trn/loss 5.88e-01, trn/loss_ce 1.66e-01, trn/loss_wd 8.45e+02, trn/lr 3.29e-02
[2022-02-07 16:59:15,855][INFO] [Epoch  84/200] trn/acc1 9.47e-01, trn/loss 5.73e-01, trn/loss_ce 1.53e-01, trn/loss_wd 8.39e+02, trn/lr 3.25e-02
[2022-02-07 16:59:19,358][INFO] [Epoch  85/200] trn/acc1 9.47e-01, trn/loss 5.75e-01, trn/loss_ce 1.57e-01, trn/loss_wd 8.36e+02, trn/lr 3.21e-02
[2022-02-07 16:59:22,859][INFO] [Epoch  86/200] trn/acc1 9.48e-01, trn/loss 5.67e-01, trn/loss_ce 1.51e-01, trn/loss_wd 8.31e+02, trn/lr 3.18e-02
[2022-02-07 16:59:26,364][INFO] [Epoch  87/200] trn/acc1 9.49e-01, trn/loss 5.65e-01, trn/loss_ce 1.52e-01, trn/loss_wd 8.27e+02, trn/lr 3.14e-02
[2022-02-07 16:59:29,872][INFO] [Epoch  88/200] trn/acc1 9.50e-01, trn/loss 5.58e-01, trn/loss_ce 1.47e-01, trn/loss_wd 8.22e+02, trn/lr 3.10e-02
[2022-02-07 16:59:33,377][INFO] [Epoch  89/200] trn/acc1 9.51e-01, trn/loss 5.53e-01, trn/loss_ce 1.45e-01, trn/loss_wd 8.17e+02, trn/lr 3.06e-02
[2022-02-07 16:59:36,883][INFO] [Epoch  90/200] trn/acc1 9.51e-01, trn/loss 5.49e-01, trn/loss_ce 1.43e-01, trn/loss_wd 8.11e+02, trn/lr 3.02e-02
[2022-02-07 16:59:40,393][INFO] [Epoch  91/200] trn/acc1 9.52e-01, trn/loss 5.44e-01, trn/loss_ce 1.41e-01, trn/loss_wd 8.07e+02, trn/lr 2.98e-02
[2022-02-07 16:59:43,902][INFO] [Epoch  92/200] trn/acc1 9.52e-01, trn/loss 5.43e-01, trn/loss_ce 1.41e-01, trn/loss_wd 8.04e+02, trn/lr 2.94e-02
[2022-02-07 16:59:47,404][INFO] [Epoch  93/200] trn/acc1 9.55e-01, trn/loss 5.34e-01, trn/loss_ce 1.34e-01, trn/loss_wd 8.00e+02, trn/lr 2.90e-02
[2022-02-07 16:59:50,913][INFO] [Epoch  94/200] trn/acc1 9.53e-01, trn/loss 5.33e-01, trn/loss_ce 1.36e-01, trn/loss_wd 7.94e+02, trn/lr 2.86e-02
[2022-02-07 16:59:54,419][INFO] [Epoch  95/200] trn/acc1 9.57e-01, trn/loss 5.21e-01, trn/loss_ce 1.27e-01, trn/loss_wd 7.87e+02, trn/lr 2.82e-02
[2022-02-07 16:59:57,924][INFO] [Epoch  96/200] trn/acc1 9.56e-01, trn/loss 5.20e-01, trn/loss_ce 1.29e-01, trn/loss_wd 7.82e+02, trn/lr 2.78e-02
[2022-02-07 17:00:01,427][INFO] [Epoch  97/200] trn/acc1 9.58e-01, trn/loss 5.13e-01, trn/loss_ce 1.24e-01, trn/loss_wd 7.76e+02, trn/lr 2.74e-02
[2022-02-07 17:00:05,051][INFO] [Epoch  98/200] trn/acc1 9.59e-01, trn/loss 5.08e-01, trn/loss_ce 1.23e-01, trn/loss_wd 7.70e+02, trn/lr 2.70e-02
[2022-02-07 17:00:08,559][INFO] [Epoch  99/200] trn/acc1 9.59e-01, trn/loss 5.03e-01, trn/loss_ce 1.21e-01, trn/loss_wd 7.65e+02, trn/lr 2.66e-02
[2022-02-07 17:00:12,076][INFO] [Epoch 100/200] trn/acc1 9.59e-01, trn/loss 5.02e-01, trn/loss_ce 1.21e-01, trn/loss_wd 7.61e+02, trn/lr 2.62e-02
[2022-02-07 17:00:12,171][INFO] [Epoch 100/200] Validation: val/acc1 0.9048, val/loss_ce 0.3199
[2022-02-07 17:00:18,774][INFO] [Epoch 101/200] trn/acc1 9.61e-01, trn/loss 4.93e-01, trn/loss_ce 1.16e-01, trn/loss_wd 7.55e+02, trn/lr 2.58e-02
[2022-02-07 17:00:22,277][INFO] [Epoch 102/200] trn/acc1 9.59e-01, trn/loss 4.95e-01, trn/loss_ce 1.19e-01, trn/loss_wd 7.52e+02, trn/lr 2.54e-02
[2022-02-07 17:00:25,782][INFO] [Epoch 103/200] trn/acc1 9.62e-01, trn/loss 4.84e-01, trn/loss_ce 1.10e-01, trn/loss_wd 7.47e+02, trn/lr 2.50e-02
[2022-02-07 17:00:29,290][INFO] [Epoch 104/200] trn/acc1 9.63e-01, trn/loss 4.77e-01, trn/loss_ce 1.07e-01, trn/loss_wd 7.41e+02, trn/lr 2.46e-02
[2022-02-07 17:00:32,801][INFO] [Epoch 105/200] trn/acc1 9.64e-01, trn/loss 4.75e-01, trn/loss_ce 1.07e-01, trn/loss_wd 7.36e+02, trn/lr 2.42e-02
[2022-02-07 17:00:36,300][INFO] [Epoch 106/200] trn/acc1 9.66e-01, trn/loss 4.63e-01, trn/loss_ce 9.83e-02, trn/loss_wd 7.30e+02, trn/lr 2.38e-02
[2022-02-07 17:00:39,807][INFO] [Epoch 107/200] trn/acc1 9.65e-01, trn/loss 4.62e-01, trn/loss_ce 1.01e-01, trn/loss_wd 7.22e+02, trn/lr 2.34e-02
[2022-02-07 17:00:43,310][INFO] [Epoch 108/200] trn/acc1 9.67e-01, trn/loss 4.59e-01, trn/loss_ce 9.99e-02, trn/loss_wd 7.18e+02, trn/lr 2.30e-02
[2022-02-07 17:00:46,817][INFO] [Epoch 109/200] trn/acc1 9.68e-01, trn/loss 4.50e-01, trn/loss_ce 9.49e-02, trn/loss_wd 7.11e+02, trn/lr 2.26e-02
[2022-02-07 17:00:50,319][INFO] [Epoch 110/200] trn/acc1 9.68e-01, trn/loss 4.43e-01, trn/loss_ce 9.10e-02, trn/loss_wd 7.03e+02, trn/lr 2.22e-02
[2022-02-07 17:00:53,822][INFO] [Epoch 111/200] trn/acc1 9.69e-01, trn/loss 4.39e-01, trn/loss_ce 9.10e-02, trn/loss_wd 6.97e+02, trn/lr 2.18e-02
[2022-02-07 17:00:57,325][INFO] [Epoch 112/200] trn/acc1 9.71e-01, trn/loss 4.30e-01, trn/loss_ce 8.51e-02, trn/loss_wd 6.89e+02, trn/lr 2.14e-02
[2022-02-07 17:01:00,828][INFO] [Epoch 113/200] trn/acc1 9.71e-01, trn/loss 4.27e-01, trn/loss_ce 8.54e-02, trn/loss_wd 6.83e+02, trn/lr 2.10e-02
[2022-02-07 17:01:04,330][INFO] [Epoch 114/200] trn/acc1 9.70e-01, trn/loss 4.25e-01, trn/loss_ce 8.60e-02, trn/loss_wd 6.78e+02, trn/lr 2.06e-02
[2022-02-07 17:01:07,838][INFO] [Epoch 115/200] trn/acc1 9.73e-01, trn/loss 4.17e-01, trn/loss_ce 8.10e-02, trn/loss_wd 6.73e+02, trn/lr 2.02e-02
[2022-02-07 17:01:11,344][INFO] [Epoch 116/200] trn/acc1 9.73e-01, trn/loss 4.14e-01, trn/loss_ce 8.07e-02, trn/loss_wd 6.66e+02, trn/lr 1.98e-02
[2022-02-07 17:01:14,869][INFO] [Epoch 117/200] trn/acc1 9.72e-01, trn/loss 4.13e-01, trn/loss_ce 8.24e-02, trn/loss_wd 6.61e+02, trn/lr 1.94e-02
[2022-02-07 17:01:18,373][INFO] [Epoch 118/200] trn/acc1 9.75e-01, trn/loss 4.00e-01, trn/loss_ce 7.20e-02, trn/loss_wd 6.56e+02, trn/lr 1.90e-02
[2022-02-07 17:01:21,879][INFO] [Epoch 119/200] trn/acc1 9.76e-01, trn/loss 3.96e-01, trn/loss_ce 7.21e-02, trn/loss_wd 6.48e+02, trn/lr 1.86e-02
[2022-02-07 17:01:25,386][INFO] [Epoch 120/200] trn/acc1 9.77e-01, trn/loss 3.90e-01, trn/loss_ce 6.94e-02, trn/loss_wd 6.41e+02, trn/lr 1.82e-02
[2022-02-07 17:01:25,484][INFO] [Epoch 120/200] Validation: val/acc1 0.9030, val/loss_ce 0.3407
[2022-02-07 17:01:29,884][INFO] [Epoch 121/200] trn/acc1 9.76e-01, trn/loss 3.86e-01, trn/loss_ce 6.90e-02, trn/loss_wd 6.33e+02, trn/lr 1.79e-02
[2022-02-07 17:01:33,389][INFO] [Epoch 122/200] trn/acc1 9.79e-01, trn/loss 3.77e-01, trn/loss_ce 6.40e-02, trn/loss_wd 6.26e+02, trn/lr 1.75e-02
[2022-02-07 17:01:36,897][INFO] [Epoch 123/200] trn/acc1 9.78e-01, trn/loss 3.79e-01, trn/loss_ce 6.88e-02, trn/loss_wd 6.20e+02, trn/lr 1.71e-02
[2022-02-07 17:01:40,399][INFO] [Epoch 124/200] trn/acc1 9.80e-01, trn/loss 3.67e-01, trn/loss_ce 5.98e-02, trn/loss_wd 6.14e+02, trn/lr 1.67e-02
[2022-02-07 17:01:43,908][INFO] [Epoch 125/200] trn/acc1 9.81e-01, trn/loss 3.60e-01, trn/loss_ce 5.74e-02, trn/loss_wd 6.06e+02, trn/lr 1.63e-02
[2022-02-07 17:01:47,413][INFO] [Epoch 126/200] trn/acc1 9.80e-01, trn/loss 3.57e-01, trn/loss_ce 5.77e-02, trn/loss_wd 5.99e+02, trn/lr 1.59e-02
[2022-02-07 17:01:50,923][INFO] [Epoch 127/200] trn/acc1 9.83e-01, trn/loss 3.49e-01, trn/loss_ce 5.30e-02, trn/loss_wd 5.93e+02, trn/lr 1.56e-02
[2022-02-07 17:01:54,503][INFO] [Epoch 128/200] trn/acc1 9.82e-01, trn/loss 3.45e-01, trn/loss_ce 5.28e-02, trn/loss_wd 5.85e+02, trn/lr 1.52e-02
[2022-02-07 17:01:58,008][INFO] [Epoch 129/200] trn/acc1 9.83e-01, trn/loss 3.42e-01, trn/loss_ce 5.27e-02, trn/loss_wd 5.79e+02, trn/lr 1.48e-02
[2022-02-07 17:02:01,512][INFO] [Epoch 130/200] trn/acc1 9.83e-01, trn/loss 3.38e-01, trn/loss_ce 5.20e-02, trn/loss_wd 5.73e+02, trn/lr 1.45e-02
[2022-02-07 17:02:05,023][INFO] [Epoch 131/200] trn/acc1 9.85e-01, trn/loss 3.29e-01, trn/loss_ce 4.62e-02, trn/loss_wd 5.66e+02, trn/lr 1.41e-02
[2022-02-07 17:02:08,526][INFO] [Epoch 132/200] trn/acc1 9.86e-01, trn/loss 3.20e-01, trn/loss_ce 4.09e-02, trn/loss_wd 5.58e+02, trn/lr 1.37e-02
[2022-02-07 17:02:12,036][INFO] [Epoch 133/200] trn/acc1 9.85e-01, trn/loss 3.21e-01, trn/loss_ce 4.47e-02, trn/loss_wd 5.52e+02, trn/lr 1.34e-02
[2022-02-07 17:02:15,541][INFO] [Epoch 134/200] trn/acc1 9.86e-01, trn/loss 3.16e-01, trn/loss_ce 4.32e-02, trn/loss_wd 5.45e+02, trn/lr 1.30e-02
[2022-02-07 17:02:19,046][INFO] [Epoch 135/200] trn/acc1 9.87e-01, trn/loss 3.09e-01, trn/loss_ce 3.98e-02, trn/loss_wd 5.38e+02, trn/lr 1.27e-02
[2022-02-07 17:02:22,556][INFO] [Epoch 136/200] trn/acc1 9.88e-01, trn/loss 2.99e-01, trn/loss_ce 3.38e-02, trn/loss_wd 5.31e+02, trn/lr 1.23e-02
[2022-02-07 17:02:26,060][INFO] [Epoch 137/200] trn/acc1 9.88e-01, trn/loss 2.99e-01, trn/loss_ce 3.69e-02, trn/loss_wd 5.25e+02, trn/lr 1.20e-02
[2022-02-07 17:02:29,565][INFO] [Epoch 138/200] trn/acc1 9.88e-01, trn/loss 2.94e-01, trn/loss_ce 3.45e-02, trn/loss_wd 5.19e+02, trn/lr 1.16e-02
[2022-02-07 17:02:33,073][INFO] [Epoch 139/200] trn/acc1 9.90e-01, trn/loss 2.90e-01, trn/loss_ce 3.36e-02, trn/loss_wd 5.12e+02, trn/lr 1.13e-02
[2022-02-07 17:02:36,582][INFO] [Epoch 140/200] trn/acc1 9.91e-01, trn/loss 2.81e-01, trn/loss_ce 2.88e-02, trn/loss_wd 5.05e+02, trn/lr 1.10e-02
[2022-02-07 17:02:36,676][INFO] [Epoch 140/200] Validation: val/acc1 0.9128, val/loss_ce 0.3398
[2022-02-07 17:02:42,450][INFO] [Epoch 141/200] trn/acc1 9.91e-01, trn/loss 2.78e-01, trn/loss_ce 2.89e-02, trn/loss_wd 4.99e+02, trn/lr 1.06e-02
[2022-02-07 17:02:45,955][INFO] [Epoch 142/200] trn/acc1 9.92e-01, trn/loss 2.72e-01, trn/loss_ce 2.62e-02, trn/loss_wd 4.92e+02, trn/lr 1.03e-02
[2022-02-07 17:02:49,460][INFO] [Epoch 143/200] trn/acc1 9.92e-01, trn/loss 2.68e-01, trn/loss_ce 2.51e-02, trn/loss_wd 4.85e+02, trn/lr 9.98e-03
[2022-02-07 17:02:52,968][INFO] [Epoch 144/200] trn/acc1 9.93e-01, trn/loss 2.63e-01, trn/loss_ce 2.33e-02, trn/loss_wd 4.79e+02, trn/lr 9.66e-03
[2022-02-07 17:02:56,477][INFO] [Epoch 145/200] trn/acc1 9.94e-01, trn/loss 2.57e-01, trn/loss_ce 2.11e-02, trn/loss_wd 4.73e+02, trn/lr 9.35e-03
[2022-02-07 17:02:59,981][INFO] [Epoch 146/200] trn/acc1 9.93e-01, trn/loss 2.55e-01, trn/loss_ce 2.20e-02, trn/loss_wd 4.67e+02, trn/lr 9.03e-03
[2022-02-07 17:03:03,483][INFO] [Epoch 147/200] trn/acc1 9.93e-01, trn/loss 2.52e-01, trn/loss_ce 2.20e-02, trn/loss_wd 4.61e+02, trn/lr 8.73e-03
[2022-02-07 17:03:06,988][INFO] [Epoch 148/200] trn/acc1 9.94e-01, trn/loss 2.46e-01, trn/loss_ce 1.90e-02, trn/loss_wd 4.55e+02, trn/lr 8.42e-03
[2022-02-07 17:03:10,496][INFO] [Epoch 149/200] trn/acc1 9.95e-01, trn/loss 2.42e-01, trn/loss_ce 1.72e-02, trn/loss_wd 4.49e+02, trn/lr 8.12e-03
[2022-02-07 17:03:14,037][INFO] [Epoch 150/200] trn/acc1 9.95e-01, trn/loss 2.39e-01, trn/loss_ce 1.71e-02, trn/loss_wd 4.44e+02, trn/lr 7.83e-03
[2022-02-07 17:03:17,552][INFO] [Epoch 151/200] trn/acc1 9.96e-01, trn/loss 2.32e-01, trn/loss_ce 1.33e-02, trn/loss_wd 4.37e+02, trn/lr 7.54e-03
[2022-02-07 17:03:21,061][INFO] [Epoch 152/200] trn/acc1 9.97e-01, trn/loss 2.28e-01, trn/loss_ce 1.22e-02, trn/loss_wd 4.32e+02, trn/lr 7.25e-03
[2022-02-07 17:03:24,571][INFO] [Epoch 153/200] trn/acc1 9.96e-01, trn/loss 2.26e-01, trn/loss_ce 1.29e-02, trn/loss_wd 4.26e+02, trn/lr 6.97e-03
[2022-02-07 17:03:28,080][INFO] [Epoch 154/200] trn/acc1 9.97e-01, trn/loss 2.21e-01, trn/loss_ce 1.09e-02, trn/loss_wd 4.20e+02, trn/lr 6.69e-03
[2022-02-07 17:03:31,593][INFO] [Epoch 155/200] trn/acc1 9.97e-01, trn/loss 2.19e-01, trn/loss_ce 1.13e-02, trn/loss_wd 4.15e+02, trn/lr 6.42e-03
[2022-02-07 17:03:35,108][INFO] [Epoch 156/200] trn/acc1 9.98e-01, trn/loss 2.14e-01, trn/loss_ce 9.21e-03, trn/loss_wd 4.10e+02, trn/lr 6.15e-03
[2022-02-07 17:03:38,620][INFO] [Epoch 157/200] trn/acc1 9.97e-01, trn/loss 2.13e-01, trn/loss_ce 1.08e-02, trn/loss_wd 4.05e+02, trn/lr 5.89e-03
[2022-02-07 17:03:42,132][INFO] [Epoch 158/200] trn/acc1 9.98e-01, trn/loss 2.10e-01, trn/loss_ce 9.85e-03, trn/loss_wd 4.01e+02, trn/lr 5.64e-03
[2022-02-07 17:03:45,744][INFO] [Epoch 159/200] trn/acc1 9.98e-01, trn/loss 2.07e-01, trn/loss_ce 8.53e-03, trn/loss_wd 3.96e+02, trn/lr 5.38e-03
[2022-02-07 17:03:49,254][INFO] [Epoch 160/200] trn/acc1 9.98e-01, trn/loss 2.03e-01, trn/loss_ce 7.19e-03, trn/loss_wd 3.92e+02, trn/lr 5.14e-03
[2022-02-07 17:03:49,349][INFO] [Epoch 160/200] Validation: val/acc1 0.9254, val/loss_ce 0.3210
[2022-02-07 17:03:54,469][INFO] [Epoch 161/200] trn/acc1 9.99e-01, trn/loss 2.00e-01, trn/loss_ce 6.22e-03, trn/loss_wd 3.88e+02, trn/lr 4.89e-03
[2022-02-07 17:03:57,969][INFO] [Epoch 162/200] trn/acc1 9.99e-01, trn/loss 1.98e-01, trn/loss_ce 6.36e-03, trn/loss_wd 3.84e+02, trn/lr 4.66e-03
[2022-02-07 17:04:01,471][INFO] [Epoch 163/200] trn/acc1 9.99e-01, trn/loss 1.96e-01, trn/loss_ce 6.10e-03, trn/loss_wd 3.80e+02, trn/lr 4.43e-03
[2022-02-07 17:04:04,974][INFO] [Epoch 164/200] trn/acc1 9.99e-01, trn/loss 1.94e-01, trn/loss_ce 5.35e-03, trn/loss_wd 3.76e+02, trn/lr 4.20e-03
[2022-02-07 17:04:08,485][INFO] [Epoch 165/200] trn/acc1 9.99e-01, trn/loss 1.92e-01, trn/loss_ce 5.72e-03, trn/loss_wd 3.73e+02, trn/lr 3.98e-03
[2022-02-07 17:04:11,992][INFO] [Epoch 166/200] trn/acc1 9.99e-01, trn/loss 1.91e-01, trn/loss_ce 5.75e-03, trn/loss_wd 3.70e+02, trn/lr 3.76e-03
[2022-02-07 17:04:15,496][INFO] [Epoch 167/200] trn/acc1 9.99e-01, trn/loss 1.88e-01, trn/loss_ce 4.92e-03, trn/loss_wd 3.67e+02, trn/lr 3.55e-03
[2022-02-07 17:04:19,022][INFO] [Epoch 168/200] trn/acc1 9.99e-01, trn/loss 1.87e-01, trn/loss_ce 4.92e-03, trn/loss_wd 3.64e+02, trn/lr 3.35e-03
[2022-02-07 17:04:22,532][INFO] [Epoch 169/200] trn/acc1 9.99e-01, trn/loss 1.86e-01, trn/loss_ce 5.13e-03, trn/loss_wd 3.61e+02, trn/lr 3.15e-03
[2022-02-07 17:04:26,043][INFO] [Epoch 170/200] trn/acc1 9.99e-01, trn/loss 1.84e-01, trn/loss_ce 4.90e-03, trn/loss_wd 3.59e+02, trn/lr 2.96e-03
[2022-02-07 17:04:29,549][INFO] [Epoch 171/200] trn/acc1 9.99e-01, trn/loss 1.83e-01, trn/loss_ce 4.71e-03, trn/loss_wd 3.56e+02, trn/lr 2.77e-03
[2022-02-07 17:04:33,057][INFO] [Epoch 172/200] trn/acc1 9.99e-01, trn/loss 1.81e-01, trn/loss_ce 4.30e-03, trn/loss_wd 3.54e+02, trn/lr 2.59e-03
[2022-02-07 17:04:36,565][INFO] [Epoch 173/200] trn/acc1 9.99e-01, trn/loss 1.80e-01, trn/loss_ce 3.98e-03, trn/loss_wd 3.52e+02, trn/lr 2.41e-03
[2022-02-07 17:04:40,075][INFO] [Epoch 174/200] trn/acc1 9.99e-01, trn/loss 1.79e-01, trn/loss_ce 4.01e-03, trn/loss_wd 3.50e+02, trn/lr 2.24e-03
[2022-02-07 17:04:43,634][INFO] [Epoch 175/200] trn/acc1 1.00e+00, trn/loss 1.78e-01, trn/loss_ce 3.25e-03, trn/loss_wd 3.49e+02, trn/lr 2.08e-03
[2022-02-07 17:04:47,144][INFO] [Epoch 176/200] trn/acc1 9.99e-01, trn/loss 1.77e-01, trn/loss_ce 3.70e-03, trn/loss_wd 3.47e+02, trn/lr 1.92e-03
[2022-02-07 17:04:50,656][INFO] [Epoch 177/200] trn/acc1 9.99e-01, trn/loss 1.77e-01, trn/loss_ce 3.88e-03, trn/loss_wd 3.45e+02, trn/lr 1.77e-03
[2022-02-07 17:04:54,170][INFO] [Epoch 178/200] trn/acc1 1.00e+00, trn/loss 1.75e-01, trn/loss_ce 3.28e-03, trn/loss_wd 3.44e+02, trn/lr 1.63e-03
[2022-02-07 17:04:57,683][INFO] [Epoch 179/200] trn/acc1 1.00e+00, trn/loss 1.74e-01, trn/loss_ce 3.13e-03, trn/loss_wd 3.43e+02, trn/lr 1.49e-03
[2022-02-07 17:05:01,197][INFO] [Epoch 180/200] trn/acc1 1.00e+00, trn/loss 1.74e-01, trn/loss_ce 3.12e-03, trn/loss_wd 3.42e+02, trn/lr 1.35e-03
[2022-02-07 17:05:01,292][INFO] [Epoch 180/200] Validation: val/acc1 0.9268, val/loss_ce 0.3245
[2022-02-07 17:05:06,505][INFO] [Epoch 181/200] trn/acc1 1.00e+00, trn/loss 1.74e-01, trn/loss_ce 3.29e-03, trn/loss_wd 3.40e+02, trn/lr 1.22e-03
[2022-02-07 17:05:06,600][INFO] [Epoch 181/200] Validation: val/acc1 0.9290, val/loss_ce 0.3180
[2022-02-07 17:05:13,475][INFO] [Epoch 182/200] trn/acc1 1.00e+00, trn/loss 1.73e-01, trn/loss_ce 3.10e-03, trn/loss_wd 3.39e+02, trn/lr 1.10e-03
[2022-02-07 17:05:13,570][INFO] [Epoch 182/200] Validation: val/acc1 0.9272, val/loss_ce 0.3196
[2022-02-07 17:05:18,349][INFO] [Epoch 183/200] trn/acc1 1.00e+00, trn/loss 1.73e-01, trn/loss_ce 3.21e-03, trn/loss_wd 3.39e+02, trn/lr 9.87e-04
[2022-02-07 17:05:18,443][INFO] [Epoch 183/200] Validation: val/acc1 0.9262, val/loss_ce 0.3204
[2022-02-07 17:05:23,467][INFO] [Epoch 184/200] trn/acc1 1.00e+00, trn/loss 1.72e-01, trn/loss_ce 2.94e-03, trn/loss_wd 3.38e+02, trn/lr 8.79e-04
[2022-02-07 17:05:23,562][INFO] [Epoch 184/200] Validation: val/acc1 0.9294, val/loss_ce 0.3154
[2022-02-07 17:05:30,968][INFO] [Epoch 185/200] trn/acc1 1.00e+00, trn/loss 1.72e-01, trn/loss_ce 2.99e-03, trn/loss_wd 3.37e+02, trn/lr 7.76e-04
[2022-02-07 17:05:31,062][INFO] [Epoch 185/200] Validation: val/acc1 0.9290, val/loss_ce 0.3203
[2022-02-07 17:05:35,409][INFO] [Epoch 186/200] trn/acc1 1.00e+00, trn/loss 1.71e-01, trn/loss_ce 2.89e-03, trn/loss_wd 3.37e+02, trn/lr 6.79e-04
[2022-02-07 17:05:35,503][INFO] [Epoch 186/200] Validation: val/acc1 0.9280, val/loss_ce 0.3139
[2022-02-07 17:05:40,608][INFO] [Epoch 187/200] trn/acc1 1.00e+00, trn/loss 1.71e-01, trn/loss_ce 2.94e-03, trn/loss_wd 3.36e+02, trn/lr 5.89e-04
[2022-02-07 17:05:40,702][INFO] [Epoch 187/200] Validation: val/acc1 0.9292, val/loss_ce 0.3174
[2022-02-07 17:05:45,061][INFO] [Epoch 188/200] trn/acc1 1.00e+00, trn/loss 1.71e-01, trn/loss_ce 2.92e-03, trn/loss_wd 3.36e+02, trn/lr 5.06e-04
[2022-02-07 17:05:45,155][INFO] [Epoch 188/200] Validation: val/acc1 0.9300, val/loss_ce 0.3141
[2022-02-07 17:05:50,271][INFO] [Epoch 189/200] trn/acc1 1.00e+00, trn/loss 1.70e-01, trn/loss_ce 2.66e-03, trn/loss_wd 3.35e+02, trn/lr 4.28e-04
[2022-02-07 17:05:50,366][INFO] [Epoch 189/200] Validation: val/acc1 0.9292, val/loss_ce 0.3152
[2022-02-07 17:05:54,707][INFO] [Epoch 190/200] trn/acc1 1.00e+00, trn/loss 1.70e-01, trn/loss_ce 2.49e-03, trn/loss_wd 3.35e+02, trn/lr 3.57e-04
[2022-02-07 17:05:54,800][INFO] [Epoch 190/200] Validation: val/acc1 0.9288, val/loss_ce 0.3198
[2022-02-07 17:05:59,159][INFO] [Epoch 191/200] trn/acc1 1.00e+00, trn/loss 1.70e-01, trn/loss_ce 2.74e-03, trn/loss_wd 3.35e+02, trn/lr 2.93e-04
[2022-02-07 17:05:59,252][INFO] [Epoch 191/200] Validation: val/acc1 0.9282, val/loss_ce 0.3198
[2022-02-07 17:06:03,696][INFO] [Epoch 192/200] trn/acc1 1.00e+00, trn/loss 1.70e-01, trn/loss_ce 2.44e-03, trn/loss_wd 3.34e+02, trn/lr 2.34e-04
[2022-02-07 17:06:03,789][INFO] [Epoch 192/200] Validation: val/acc1 0.9298, val/loss_ce 0.3196
[2022-02-07 17:06:08,147][INFO] [Epoch 193/200] trn/acc1 1.00e+00, trn/loss 1.70e-01, trn/loss_ce 2.51e-03, trn/loss_wd 3.34e+02, trn/lr 1.83e-04
[2022-02-07 17:06:08,241][INFO] [Epoch 193/200] Validation: val/acc1 0.9290, val/loss_ce 0.3203
[2022-02-07 17:06:12,694][INFO] [Epoch 194/200] trn/acc1 1.00e+00, trn/loss 1.70e-01, trn/loss_ce 2.59e-03, trn/loss_wd 3.34e+02, trn/lr 1.37e-04
[2022-02-07 17:06:12,787][INFO] [Epoch 194/200] Validation: val/acc1 0.9302, val/loss_ce 0.3202
[2022-02-07 17:06:17,854][INFO] [Epoch 195/200] trn/acc1 1.00e+00, trn/loss 1.70e-01, trn/loss_ce 2.60e-03, trn/loss_wd 3.34e+02, trn/lr 9.84e-05
[2022-02-07 17:06:17,948][INFO] [Epoch 195/200] Validation: val/acc1 0.9298, val/loss_ce 0.3205
[2022-02-07 17:06:22,333][INFO] [Epoch 196/200] trn/acc1 1.00e+00, trn/loss 1.70e-01, trn/loss_ce 2.71e-03, trn/loss_wd 3.34e+02, trn/lr 6.60e-05
[2022-02-07 17:06:22,427][INFO] [Epoch 196/200] Validation: val/acc1 0.9300, val/loss_ce 0.3208
[2022-02-07 17:06:26,791][INFO] [Epoch 197/200] trn/acc1 1.00e+00, trn/loss 1.69e-01, trn/loss_ce 2.41e-03, trn/loss_wd 3.34e+02, trn/lr 4.00e-05
[2022-02-07 17:06:26,885][INFO] [Epoch 197/200] Validation: val/acc1 0.9298, val/loss_ce 0.3212
[2022-02-07 17:06:31,279][INFO] [Epoch 198/200] trn/acc1 1.00e+00, trn/loss 1.69e-01, trn/loss_ce 2.48e-03, trn/loss_wd 3.34e+02, trn/lr 2.06e-05
[2022-02-07 17:06:31,373][INFO] [Epoch 198/200] Validation: val/acc1 0.9296, val/loss_ce 0.3212
[2022-02-07 17:06:35,681][INFO] [Epoch 199/200] trn/acc1 1.00e+00, trn/loss 1.69e-01, trn/loss_ce 2.28e-03, trn/loss_wd 3.34e+02, trn/lr 7.58e-06
[2022-02-07 17:06:35,775][INFO] [Epoch 199/200] Validation: val/acc1 0.9296, val/loss_ce 0.3212
[2022-02-07 17:06:40,075][INFO] [Epoch 200/200] trn/acc1 1.00e+00, trn/loss 1.69e-01, trn/loss_ce 2.44e-03, trn/loss_wd 3.34e+02, trn/lr 1.09e-06
[2022-02-07 17:06:40,176][INFO] [Epoch 200/200] Validation: val/acc1 0.9294, val/loss_ce 0.3212
