[2022-02-18 07:21:34,878][INFO] Environments:
------------  ---------------------------------------------------------------------------
sys.platform  linux
Python        3.7.11 (default, Nov 23 2021, 05:29:02) [GCC 7.5.0]
JAX           0.2.27 @/mnt/data1/giung/venvs/jax0.2.27/lib/python3.7/site-packages/jax
jaxlib        0.1.75 @/mnt/data1/giung/venvs/jax0.2.27/lib/python3.7/site-packages/jaxlib
Flax          0.4.0 @/mnt/data1/giung/venvs/jax0.2.27/lib/python3.7/site-packages/flax
Optax         0.1.0 @/mnt/data1/giung/venvs/jax0.2.27/lib/python3.7/site-packages/optax
------------  ---------------------------------------------------------------------------

[2022-02-18 07:21:34,878][INFO] Command line arguments:
Namespace(batch_size=128, config_file='./configs/C10_WRN22x2-BN-ReLU_SGD.yaml', keep_every_n_checkpoints=None, learning_rate=0.1, num_epochs=200, num_warmup_epochs=5, opts=[], output_dir='./outputs/C10_WRN22x2-BN-ReLU/SGD/s42_e200_wd5e-4_1GPU/', seed=42, weight_decay=0.0005)

[2022-02-18 07:21:34,878][INFO] Using a random seed 42

[2022-02-18 07:21:34,913][INFO] Unable to initialize backend 'tpu_driver': NOT_FOUND: Unable to find driver in registry given worker: 
[2022-02-18 07:21:35,230][INFO] Unable to initialize backend 'tpu': INVALID_ARGUMENT: TpuPlatform is not available.
[2022-02-18 07:21:41,435][INFO] Found no checkpoint files in outputs/C10_WRN22x2-BN-ReLU/SGD/s42_e200_wd5e-4_1GPU
[2022-02-18 07:21:57,759][INFO] [Epoch   1/200] trn/acc1 2.90e-01, trn/loss 3.05e+00, trn/loss_ce 1.93e+00, trn/loss_wd 2.25e+03, trn/lr 9.97e-03
[2022-02-18 07:21:59,599][INFO] [Epoch   1/200] Validation: val/acc1 0.4088, val/loss_ce 1.5883
[2022-02-18 07:22:04,358][INFO] [Epoch   2/200] trn/acc1 5.08e-01, trn/loss 2.40e+00, trn/loss_ce 1.34e+00, trn/loss_wd 2.11e+03, trn/lr 3.00e-02
[2022-02-18 07:22:08,259][INFO] [Epoch   3/200] trn/acc1 6.17e-01, trn/loss 2.01e+00, trn/loss_ce 1.07e+00, trn/loss_wd 1.88e+03, trn/lr 5.00e-02
[2022-02-18 07:22:12,143][INFO] [Epoch   4/200] trn/acc1 6.81e-01, trn/loss 1.71e+00, trn/loss_ce 9.05e-01, trn/loss_wd 1.61e+03, trn/lr 7.00e-02
[2022-02-18 07:22:16,028][INFO] [Epoch   5/200] trn/acc1 7.24e-01, trn/loss 1.45e+00, trn/loss_ce 7.85e-01, trn/loss_wd 1.34e+03, trn/lr 9.00e-02
[2022-02-18 07:22:19,921][INFO] [Epoch   6/200] trn/acc1 7.63e-01, trn/loss 1.25e+00, trn/loss_ce 6.91e-01, trn/loss_wd 1.11e+03, trn/lr 1.00e-01
[2022-02-18 07:22:23,829][INFO] [Epoch   7/200] trn/acc1 7.82e-01, trn/loss 1.10e+00, trn/loss_ce 6.29e-01, trn/loss_wd 9.46e+02, trn/lr 1.00e-01
[2022-02-18 07:22:27,738][INFO] [Epoch   8/200] trn/acc1 7.99e-01, trn/loss 1.00e+00, trn/loss_ce 5.85e-01, trn/loss_wd 8.33e+02, trn/lr 1.00e-01
[2022-02-18 07:22:31,667][INFO] [Epoch   9/200] trn/acc1 8.12e-01, trn/loss 9.32e-01, trn/loss_ce 5.53e-01, trn/loss_wd 7.58e+02, trn/lr 9.99e-02
[2022-02-18 07:22:35,570][INFO] [Epoch  10/200] trn/acc1 8.17e-01, trn/loss 8.93e-01, trn/loss_ce 5.37e-01, trn/loss_wd 7.11e+02, trn/lr 9.99e-02
[2022-02-18 07:22:39,473][INFO] [Epoch  11/200] trn/acc1 8.25e-01, trn/loss 8.53e-01, trn/loss_ce 5.11e-01, trn/loss_wd 6.84e+02, trn/lr 9.98e-02
[2022-02-18 07:22:43,390][INFO] [Epoch  12/200] trn/acc1 8.30e-01, trn/loss 8.35e-01, trn/loss_ce 5.00e-01, trn/loss_wd 6.70e+02, trn/lr 9.97e-02
[2022-02-18 07:22:47,313][INFO] [Epoch  13/200] trn/acc1 8.35e-01, trn/loss 8.14e-01, trn/loss_ce 4.83e-01, trn/loss_wd 6.62e+02, trn/lr 9.96e-02
[2022-02-18 07:22:51,315][INFO] [Epoch  14/200] trn/acc1 8.39e-01, trn/loss 8.03e-01, trn/loss_ce 4.75e-01, trn/loss_wd 6.56e+02, trn/lr 9.95e-02
[2022-02-18 07:22:55,234][INFO] [Epoch  15/200] trn/acc1 8.40e-01, trn/loss 7.91e-01, trn/loss_ce 4.63e-01, trn/loss_wd 6.55e+02, trn/lr 9.94e-02
[2022-02-18 07:22:59,146][INFO] [Epoch  16/200] trn/acc1 8.45e-01, trn/loss 7.82e-01, trn/loss_ce 4.53e-01, trn/loss_wd 6.58e+02, trn/lr 9.93e-02
[2022-02-18 07:23:03,071][INFO] [Epoch  17/200] trn/acc1 8.48e-01, trn/loss 7.76e-01, trn/loss_ce 4.46e-01, trn/loss_wd 6.60e+02, trn/lr 9.91e-02
[2022-02-18 07:23:07,000][INFO] [Epoch  18/200] trn/acc1 8.49e-01, trn/loss 7.72e-01, trn/loss_ce 4.39e-01, trn/loss_wd 6.65e+02, trn/lr 9.90e-02
[2022-02-18 07:23:10,927][INFO] [Epoch  19/200] trn/acc1 8.50e-01, trn/loss 7.70e-01, trn/loss_ce 4.36e-01, trn/loss_wd 6.67e+02, trn/lr 9.88e-02
[2022-02-18 07:23:14,852][INFO] [Epoch  20/200] trn/acc1 8.52e-01, trn/loss 7.67e-01, trn/loss_ce 4.30e-01, trn/loss_wd 6.73e+02, trn/lr 9.86e-02
[2022-02-18 07:23:15,239][INFO] [Epoch  20/200] Validation: val/acc1 0.7888, val/loss_ce 0.6430
[2022-02-18 07:23:19,586][INFO] [Epoch  21/200] trn/acc1 8.55e-01, trn/loss 7.62e-01, trn/loss_ce 4.22e-01, trn/loss_wd 6.79e+02, trn/lr 9.84e-02
[2022-02-18 07:23:23,522][INFO] [Epoch  22/200] trn/acc1 8.59e-01, trn/loss 7.56e-01, trn/loss_ce 4.15e-01, trn/loss_wd 6.82e+02, trn/lr 9.82e-02
[2022-02-18 07:23:27,458][INFO] [Epoch  23/200] trn/acc1 8.59e-01, trn/loss 7.57e-01, trn/loss_ce 4.14e-01, trn/loss_wd 6.87e+02, trn/lr 9.80e-02
[2022-02-18 07:23:31,398][INFO] [Epoch  24/200] trn/acc1 8.60e-01, trn/loss 7.51e-01, trn/loss_ce 4.06e-01, trn/loss_wd 6.91e+02, trn/lr 9.78e-02
[2022-02-18 07:23:35,347][INFO] [Epoch  25/200] trn/acc1 8.59e-01, trn/loss 7.57e-01, trn/loss_ce 4.09e-01, trn/loss_wd 6.95e+02, trn/lr 9.76e-02
[2022-02-18 07:23:39,293][INFO] [Epoch  26/200] trn/acc1 8.63e-01, trn/loss 7.52e-01, trn/loss_ce 4.03e-01, trn/loss_wd 6.98e+02, trn/lr 9.73e-02
[2022-02-18 07:23:43,240][INFO] [Epoch  27/200] trn/acc1 8.64e-01, trn/loss 7.50e-01, trn/loss_ce 4.00e-01, trn/loss_wd 7.00e+02, trn/lr 9.70e-02
[2022-02-18 07:23:47,192][INFO] [Epoch  28/200] trn/acc1 8.64e-01, trn/loss 7.46e-01, trn/loss_ce 3.94e-01, trn/loss_wd 7.04e+02, trn/lr 9.68e-02
[2022-02-18 07:23:51,132][INFO] [Epoch  29/200] trn/acc1 8.67e-01, trn/loss 7.41e-01, trn/loss_ce 3.89e-01, trn/loss_wd 7.05e+02, trn/lr 9.65e-02
[2022-02-18 07:23:55,184][INFO] [Epoch  30/200] trn/acc1 8.68e-01, trn/loss 7.39e-01, trn/loss_ce 3.87e-01, trn/loss_wd 7.04e+02, trn/lr 9.62e-02
[2022-02-18 07:23:59,128][INFO] [Epoch  31/200] trn/acc1 8.71e-01, trn/loss 7.31e-01, trn/loss_ce 3.79e-01, trn/loss_wd 7.04e+02, trn/lr 9.58e-02
[2022-02-18 07:24:03,086][INFO] [Epoch  32/200] trn/acc1 8.68e-01, trn/loss 7.39e-01, trn/loss_ce 3.85e-01, trn/loss_wd 7.07e+02, trn/lr 9.55e-02
[2022-02-18 07:24:07,032][INFO] [Epoch  33/200] trn/acc1 8.70e-01, trn/loss 7.34e-01, trn/loss_ce 3.79e-01, trn/loss_wd 7.09e+02, trn/lr 9.52e-02
[2022-02-18 07:24:10,989][INFO] [Epoch  34/200] trn/acc1 8.71e-01, trn/loss 7.32e-01, trn/loss_ce 3.77e-01, trn/loss_wd 7.10e+02, trn/lr 9.48e-02
[2022-02-18 07:24:14,940][INFO] [Epoch  35/200] trn/acc1 8.74e-01, trn/loss 7.26e-01, trn/loss_ce 3.72e-01, trn/loss_wd 7.08e+02, trn/lr 9.45e-02
[2022-02-18 07:24:18,905][INFO] [Epoch  36/200] trn/acc1 8.71e-01, trn/loss 7.29e-01, trn/loss_ce 3.74e-01, trn/loss_wd 7.10e+02, trn/lr 9.41e-02
[2022-02-18 07:24:22,862][INFO] [Epoch  37/200] trn/acc1 8.74e-01, trn/loss 7.28e-01, trn/loss_ce 3.71e-01, trn/loss_wd 7.14e+02, trn/lr 9.37e-02
[2022-02-18 07:24:26,815][INFO] [Epoch  38/200] trn/acc1 8.73e-01, trn/loss 7.27e-01, trn/loss_ce 3.69e-01, trn/loss_wd 7.15e+02, trn/lr 9.33e-02
[2022-02-18 07:24:30,772][INFO] [Epoch  39/200] trn/acc1 8.75e-01, trn/loss 7.23e-01, trn/loss_ce 3.64e-01, trn/loss_wd 7.17e+02, trn/lr 9.29e-02
[2022-02-18 07:24:34,733][INFO] [Epoch  40/200] trn/acc1 8.77e-01, trn/loss 7.17e-01, trn/loss_ce 3.60e-01, trn/loss_wd 7.15e+02, trn/lr 9.25e-02
[2022-02-18 07:24:34,843][INFO] [Epoch  40/200] Validation: val/acc1 0.8276, val/loss_ce 0.5336
[2022-02-18 07:24:39,611][INFO] [Epoch  41/200] trn/acc1 8.76e-01, trn/loss 7.20e-01, trn/loss_ce 3.63e-01, trn/loss_wd 7.14e+02, trn/lr 9.20e-02
[2022-02-18 07:24:43,555][INFO] [Epoch  42/200] trn/acc1 8.80e-01, trn/loss 7.12e-01, trn/loss_ce 3.53e-01, trn/loss_wd 7.18e+02, trn/lr 9.16e-02
[2022-02-18 07:24:47,497][INFO] [Epoch  43/200] trn/acc1 8.78e-01, trn/loss 7.14e-01, trn/loss_ce 3.56e-01, trn/loss_wd 7.16e+02, trn/lr 9.11e-02
[2022-02-18 07:24:51,448][INFO] [Epoch  44/200] trn/acc1 8.78e-01, trn/loss 7.12e-01, trn/loss_ce 3.54e-01, trn/loss_wd 7.16e+02, trn/lr 9.07e-02
[2022-02-18 07:24:55,391][INFO] [Epoch  45/200] trn/acc1 8.81e-01, trn/loss 7.02e-01, trn/loss_ce 3.45e-01, trn/loss_wd 7.14e+02, trn/lr 9.02e-02
[2022-02-18 07:24:59,336][INFO] [Epoch  46/200] trn/acc1 8.79e-01, trn/loss 7.10e-01, trn/loss_ce 3.53e-01, trn/loss_wd 7.14e+02, trn/lr 8.97e-02
[2022-02-18 07:25:03,279][INFO] [Epoch  47/200] trn/acc1 8.80e-01, trn/loss 7.07e-01, trn/loss_ce 3.49e-01, trn/loss_wd 7.16e+02, trn/lr 8.92e-02
[2022-02-18 07:25:07,232][INFO] [Epoch  48/200] trn/acc1 8.81e-01, trn/loss 7.05e-01, trn/loss_ce 3.46e-01, trn/loss_wd 7.17e+02, trn/lr 8.87e-02
[2022-02-18 07:25:11,180][INFO] [Epoch  49/200] trn/acc1 8.81e-01, trn/loss 7.04e-01, trn/loss_ce 3.45e-01, trn/loss_wd 7.18e+02, trn/lr 8.82e-02
[2022-02-18 07:25:15,228][INFO] [Epoch  50/200] trn/acc1 8.84e-01, trn/loss 6.98e-01, trn/loss_ce 3.39e-01, trn/loss_wd 7.17e+02, trn/lr 8.77e-02
[2022-02-18 07:25:19,184][INFO] [Epoch  51/200] trn/acc1 8.84e-01, trn/loss 6.95e-01, trn/loss_ce 3.38e-01, trn/loss_wd 7.14e+02, trn/lr 8.72e-02
[2022-02-18 07:25:23,129][INFO] [Epoch  52/200] trn/acc1 8.83e-01, trn/loss 6.97e-01, trn/loss_ce 3.39e-01, trn/loss_wd 7.15e+02, trn/lr 8.66e-02
[2022-02-18 07:25:27,073][INFO] [Epoch  53/200] trn/acc1 8.85e-01, trn/loss 6.92e-01, trn/loss_ce 3.35e-01, trn/loss_wd 7.14e+02, trn/lr 8.61e-02
[2022-02-18 07:25:31,020][INFO] [Epoch  54/200] trn/acc1 8.86e-01, trn/loss 6.88e-01, trn/loss_ce 3.32e-01, trn/loss_wd 7.13e+02, trn/lr 8.55e-02
[2022-02-18 07:25:34,965][INFO] [Epoch  55/200] trn/acc1 8.85e-01, trn/loss 6.88e-01, trn/loss_ce 3.32e-01, trn/loss_wd 7.13e+02, trn/lr 8.49e-02
[2022-02-18 07:25:38,917][INFO] [Epoch  56/200] trn/acc1 8.89e-01, trn/loss 6.80e-01, trn/loss_ce 3.24e-01, trn/loss_wd 7.11e+02, trn/lr 8.43e-02
[2022-02-18 07:25:42,864][INFO] [Epoch  57/200] trn/acc1 8.87e-01, trn/loss 6.86e-01, trn/loss_ce 3.30e-01, trn/loss_wd 7.12e+02, trn/lr 8.38e-02
[2022-02-18 07:25:46,809][INFO] [Epoch  58/200] trn/acc1 8.88e-01, trn/loss 6.85e-01, trn/loss_ce 3.28e-01, trn/loss_wd 7.13e+02, trn/lr 8.32e-02
[2022-02-18 07:25:50,762][INFO] [Epoch  59/200] trn/acc1 8.90e-01, trn/loss 6.79e-01, trn/loss_ce 3.22e-01, trn/loss_wd 7.12e+02, trn/lr 8.25e-02
[2022-02-18 07:25:54,718][INFO] [Epoch  60/200] trn/acc1 8.88e-01, trn/loss 6.78e-01, trn/loss_ce 3.22e-01, trn/loss_wd 7.12e+02, trn/lr 8.19e-02
[2022-02-18 07:25:54,828][INFO] [Epoch  60/200] Validation: val/acc1 0.8578, val/loss_ce 0.4241
[2022-02-18 07:25:59,113][INFO] [Epoch  61/200] trn/acc1 8.91e-01, trn/loss 6.72e-01, trn/loss_ce 3.17e-01, trn/loss_wd 7.09e+02, trn/lr 8.13e-02
[2022-02-18 07:26:03,070][INFO] [Epoch  62/200] trn/acc1 8.89e-01, trn/loss 6.74e-01, trn/loss_ce 3.21e-01, trn/loss_wd 7.07e+02, trn/lr 8.07e-02
[2022-02-18 07:26:07,020][INFO] [Epoch  63/200] trn/acc1 8.92e-01, trn/loss 6.69e-01, trn/loss_ce 3.15e-01, trn/loss_wd 7.08e+02, trn/lr 8.00e-02
[2022-02-18 07:26:10,974][INFO] [Epoch  64/200] trn/acc1 8.93e-01, trn/loss 6.65e-01, trn/loss_ce 3.11e-01, trn/loss_wd 7.08e+02, trn/lr 7.94e-02
[2022-02-18 07:26:14,922][INFO] [Epoch  65/200] trn/acc1 8.94e-01, trn/loss 6.62e-01, trn/loss_ce 3.09e-01, trn/loss_wd 7.06e+02, trn/lr 7.87e-02
[2022-02-18 07:26:18,878][INFO] [Epoch  66/200] trn/acc1 8.96e-01, trn/loss 6.60e-01, trn/loss_ce 3.08e-01, trn/loss_wd 7.05e+02, trn/lr 7.81e-02
[2022-02-18 07:26:22,831][INFO] [Epoch  67/200] trn/acc1 8.93e-01, trn/loss 6.61e-01, trn/loss_ce 3.11e-01, trn/loss_wd 7.01e+02, trn/lr 7.74e-02
[2022-02-18 07:26:26,785][INFO] [Epoch  68/200] trn/acc1 8.95e-01, trn/loss 6.51e-01, trn/loss_ce 3.03e-01, trn/loss_wd 6.96e+02, trn/lr 7.67e-02
[2022-02-18 07:26:30,731][INFO] [Epoch  69/200] trn/acc1 8.95e-01, trn/loss 6.54e-01, trn/loss_ce 3.05e-01, trn/loss_wd 6.97e+02, trn/lr 7.60e-02
[2022-02-18 07:26:34,685][INFO] [Epoch  70/200] trn/acc1 8.98e-01, trn/loss 6.50e-01, trn/loss_ce 3.02e-01, trn/loss_wd 6.96e+02, trn/lr 7.53e-02
[2022-02-18 07:26:38,638][INFO] [Epoch  71/200] trn/acc1 8.96e-01, trn/loss 6.49e-01, trn/loss_ce 3.01e-01, trn/loss_wd 6.97e+02, trn/lr 7.47e-02
[2022-02-18 07:26:42,593][INFO] [Epoch  72/200] trn/acc1 8.98e-01, trn/loss 6.47e-01, trn/loss_ce 2.99e-01, trn/loss_wd 6.95e+02, trn/lr 7.39e-02
[2022-02-18 07:26:46,644][INFO] [Epoch  73/200] trn/acc1 9.00e-01, trn/loss 6.41e-01, trn/loss_ce 2.95e-01, trn/loss_wd 6.92e+02, trn/lr 7.32e-02
[2022-02-18 07:26:50,598][INFO] [Epoch  74/200] trn/acc1 8.98e-01, trn/loss 6.42e-01, trn/loss_ce 2.97e-01, trn/loss_wd 6.90e+02, trn/lr 7.25e-02
[2022-02-18 07:26:54,548][INFO] [Epoch  75/200] trn/acc1 9.00e-01, trn/loss 6.36e-01, trn/loss_ce 2.91e-01, trn/loss_wd 6.89e+02, trn/lr 7.18e-02
[2022-02-18 07:26:58,504][INFO] [Epoch  76/200] trn/acc1 9.01e-01, trn/loss 6.31e-01, trn/loss_ce 2.87e-01, trn/loss_wd 6.87e+02, trn/lr 7.11e-02
[2022-02-18 07:27:02,453][INFO] [Epoch  77/200] trn/acc1 9.02e-01, trn/loss 6.28e-01, trn/loss_ce 2.84e-01, trn/loss_wd 6.88e+02, trn/lr 7.03e-02
[2022-02-18 07:27:06,398][INFO] [Epoch  78/200] trn/acc1 9.02e-01, trn/loss 6.28e-01, trn/loss_ce 2.85e-01, trn/loss_wd 6.85e+02, trn/lr 6.96e-02
[2022-02-18 07:27:10,349][INFO] [Epoch  79/200] trn/acc1 9.04e-01, trn/loss 6.18e-01, trn/loss_ce 2.77e-01, trn/loss_wd 6.82e+02, trn/lr 6.89e-02
[2022-02-18 07:27:14,290][INFO] [Epoch  80/200] trn/acc1 9.03e-01, trn/loss 6.22e-01, trn/loss_ce 2.81e-01, trn/loss_wd 6.82e+02, trn/lr 6.81e-02
[2022-02-18 07:27:14,401][INFO] [Epoch  80/200] Validation: val/acc1 0.7804, val/loss_ce 0.7765
[2022-02-18 07:27:18,451][INFO] [Epoch  81/200] trn/acc1 9.04e-01, trn/loss 6.19e-01, trn/loss_ce 2.78e-01, trn/loss_wd 6.82e+02, trn/lr 6.74e-02
[2022-02-18 07:27:22,403][INFO] [Epoch  82/200] trn/acc1 9.06e-01, trn/loss 6.14e-01, trn/loss_ce 2.74e-01, trn/loss_wd 6.79e+02, trn/lr 6.66e-02
[2022-02-18 07:27:26,353][INFO] [Epoch  83/200] trn/acc1 9.04e-01, trn/loss 6.14e-01, trn/loss_ce 2.76e-01, trn/loss_wd 6.77e+02, trn/lr 6.58e-02
[2022-02-18 07:27:30,310][INFO] [Epoch  84/200] trn/acc1 9.09e-01, trn/loss 6.03e-01, trn/loss_ce 2.67e-01, trn/loss_wd 6.72e+02, trn/lr 6.51e-02
[2022-02-18 07:27:34,270][INFO] [Epoch  85/200] trn/acc1 9.10e-01, trn/loss 5.99e-01, trn/loss_ce 2.65e-01, trn/loss_wd 6.67e+02, trn/lr 6.43e-02
[2022-02-18 07:27:38,224][INFO] [Epoch  86/200] trn/acc1 9.11e-01, trn/loss 5.90e-01, trn/loss_ce 2.58e-01, trn/loss_wd 6.64e+02, trn/lr 6.35e-02
[2022-02-18 07:27:42,171][INFO] [Epoch  87/200] trn/acc1 9.08e-01, trn/loss 6.01e-01, trn/loss_ce 2.69e-01, trn/loss_wd 6.65e+02, trn/lr 6.27e-02
[2022-02-18 07:27:46,119][INFO] [Epoch  88/200] trn/acc1 9.11e-01, trn/loss 5.89e-01, trn/loss_ce 2.58e-01, trn/loss_wd 6.62e+02, trn/lr 6.20e-02
[2022-02-18 07:27:50,067][INFO] [Epoch  89/200] trn/acc1 9.10e-01, trn/loss 5.88e-01, trn/loss_ce 2.58e-01, trn/loss_wd 6.60e+02, trn/lr 6.12e-02
[2022-02-18 07:27:54,024][INFO] [Epoch  90/200] trn/acc1 9.13e-01, trn/loss 5.83e-01, trn/loss_ce 2.53e-01, trn/loss_wd 6.60e+02, trn/lr 6.04e-02
[2022-02-18 07:27:57,975][INFO] [Epoch  91/200] trn/acc1 9.15e-01, trn/loss 5.79e-01, trn/loss_ce 2.51e-01, trn/loss_wd 6.56e+02, trn/lr 5.96e-02
[2022-02-18 07:28:01,935][INFO] [Epoch  92/200] trn/acc1 9.14e-01, trn/loss 5.76e-01, trn/loss_ce 2.50e-01, trn/loss_wd 6.54e+02, trn/lr 5.88e-02
[2022-02-18 07:28:05,881][INFO] [Epoch  93/200] trn/acc1 9.15e-01, trn/loss 5.70e-01, trn/loss_ce 2.45e-01, trn/loss_wd 6.50e+02, trn/lr 5.80e-02
[2022-02-18 07:28:09,832][INFO] [Epoch  94/200] trn/acc1 9.13e-01, trn/loss 5.76e-01, trn/loss_ce 2.51e-01, trn/loss_wd 6.50e+02, trn/lr 5.72e-02
[2022-02-18 07:28:13,783][INFO] [Epoch  95/200] trn/acc1 9.18e-01, trn/loss 5.62e-01, trn/loss_ce 2.39e-01, trn/loss_wd 6.47e+02, trn/lr 5.64e-02
[2022-02-18 07:28:17,746][INFO] [Epoch  96/200] trn/acc1 9.17e-01, trn/loss 5.64e-01, trn/loss_ce 2.42e-01, trn/loss_wd 6.44e+02, trn/lr 5.56e-02
[2022-02-18 07:28:21,698][INFO] [Epoch  97/200] trn/acc1 9.18e-01, trn/loss 5.58e-01, trn/loss_ce 2.37e-01, trn/loss_wd 6.43e+02, trn/lr 5.48e-02
[2022-02-18 07:28:25,667][INFO] [Epoch  98/200] trn/acc1 9.19e-01, trn/loss 5.54e-01, trn/loss_ce 2.34e-01, trn/loss_wd 6.40e+02, trn/lr 5.40e-02
[2022-02-18 07:28:29,629][INFO] [Epoch  99/200] trn/acc1 9.21e-01, trn/loss 5.46e-01, trn/loss_ce 2.29e-01, trn/loss_wd 6.35e+02, trn/lr 5.32e-02
[2022-02-18 07:28:33,588][INFO] [Epoch 100/200] trn/acc1 9.23e-01, trn/loss 5.43e-01, trn/loss_ce 2.27e-01, trn/loss_wd 6.31e+02, trn/lr 5.24e-02
[2022-02-18 07:28:33,698][INFO] [Epoch 100/200] Validation: val/acc1 0.8698, val/loss_ce 0.3864
[2022-02-18 07:28:37,987][INFO] [Epoch 101/200] trn/acc1 9.21e-01, trn/loss 5.43e-01, trn/loss_ce 2.29e-01, trn/loss_wd 6.28e+02, trn/lr 5.16e-02
[2022-02-18 07:28:42,050][INFO] [Epoch 102/200] trn/acc1 9.22e-01, trn/loss 5.38e-01, trn/loss_ce 2.26e-01, trn/loss_wd 6.25e+02, trn/lr 5.08e-02
[2022-02-18 07:28:46,003][INFO] [Epoch 103/200] trn/acc1 9.26e-01, trn/loss 5.32e-01, trn/loss_ce 2.21e-01, trn/loss_wd 6.22e+02, trn/lr 5.00e-02
[2022-02-18 07:28:49,959][INFO] [Epoch 104/200] trn/acc1 9.24e-01, trn/loss 5.31e-01, trn/loss_ce 2.21e-01, trn/loss_wd 6.19e+02, trn/lr 4.92e-02
[2022-02-18 07:28:53,922][INFO] [Epoch 105/200] trn/acc1 9.24e-01, trn/loss 5.31e-01, trn/loss_ce 2.22e-01, trn/loss_wd 6.18e+02, trn/lr 4.84e-02
[2022-02-18 07:28:57,883][INFO] [Epoch 106/200] trn/acc1 9.28e-01, trn/loss 5.20e-01, trn/loss_ce 2.12e-01, trn/loss_wd 6.15e+02, trn/lr 4.76e-02
[2022-02-18 07:29:01,844][INFO] [Epoch 107/200] trn/acc1 9.27e-01, trn/loss 5.18e-01, trn/loss_ce 2.13e-01, trn/loss_wd 6.10e+02, trn/lr 4.68e-02
[2022-02-18 07:29:05,807][INFO] [Epoch 108/200] trn/acc1 9.28e-01, trn/loss 5.12e-01, trn/loss_ce 2.08e-01, trn/loss_wd 6.08e+02, trn/lr 4.60e-02
[2022-02-18 07:29:09,782][INFO] [Epoch 109/200] trn/acc1 9.32e-01, trn/loss 5.02e-01, trn/loss_ce 2.01e-01, trn/loss_wd 6.02e+02, trn/lr 4.52e-02
[2022-02-18 07:29:13,749][INFO] [Epoch 110/200] trn/acc1 9.31e-01, trn/loss 5.01e-01, trn/loss_ce 2.02e-01, trn/loss_wd 5.98e+02, trn/lr 4.44e-02
[2022-02-18 07:29:17,706][INFO] [Epoch 111/200] trn/acc1 9.30e-01, trn/loss 5.02e-01, trn/loss_ce 2.04e-01, trn/loss_wd 5.95e+02, trn/lr 4.36e-02
[2022-02-18 07:29:21,654][INFO] [Epoch 112/200] trn/acc1 9.33e-01, trn/loss 4.92e-01, trn/loss_ce 1.96e-01, trn/loss_wd 5.93e+02, trn/lr 4.28e-02
[2022-02-18 07:29:25,619][INFO] [Epoch 113/200] trn/acc1 9.34e-01, trn/loss 4.85e-01, trn/loss_ce 1.91e-01, trn/loss_wd 5.88e+02, trn/lr 4.20e-02
[2022-02-18 07:29:29,582][INFO] [Epoch 114/200] trn/acc1 9.35e-01, trn/loss 4.83e-01, trn/loss_ce 1.90e-01, trn/loss_wd 5.86e+02, trn/lr 4.12e-02
[2022-02-18 07:29:33,538][INFO] [Epoch 115/200] trn/acc1 9.36e-01, trn/loss 4.74e-01, trn/loss_ce 1.83e-01, trn/loss_wd 5.82e+02, trn/lr 4.04e-02
[2022-02-18 07:29:37,504][INFO] [Epoch 116/200] trn/acc1 9.36e-01, trn/loss 4.75e-01, trn/loss_ce 1.86e-01, trn/loss_wd 5.79e+02, trn/lr 3.96e-02
[2022-02-18 07:29:41,471][INFO] [Epoch 117/200] trn/acc1 9.40e-01, trn/loss 4.65e-01, trn/loss_ce 1.77e-01, trn/loss_wd 5.75e+02, trn/lr 3.88e-02
[2022-02-18 07:29:45,433][INFO] [Epoch 118/200] trn/acc1 9.38e-01, trn/loss 4.66e-01, trn/loss_ce 1.81e-01, trn/loss_wd 5.70e+02, trn/lr 3.80e-02
[2022-02-18 07:29:49,390][INFO] [Epoch 119/200] trn/acc1 9.41e-01, trn/loss 4.55e-01, trn/loss_ce 1.72e-01, trn/loss_wd 5.67e+02, trn/lr 3.73e-02
[2022-02-18 07:29:53,355][INFO] [Epoch 120/200] trn/acc1 9.41e-01, trn/loss 4.53e-01, trn/loss_ce 1.71e-01, trn/loss_wd 5.64e+02, trn/lr 3.65e-02
[2022-02-18 07:29:53,465][INFO] [Epoch 120/200] Validation: val/acc1 0.8624, val/loss_ce 0.4449
[2022-02-18 07:29:57,735][INFO] [Epoch 121/200] trn/acc1 9.42e-01, trn/loss 4.52e-01, trn/loss_ce 1.71e-01, trn/loss_wd 5.61e+02, trn/lr 3.57e-02
[2022-02-18 07:30:01,691][INFO] [Epoch 122/200] trn/acc1 9.42e-01, trn/loss 4.46e-01, trn/loss_ce 1.67e-01, trn/loss_wd 5.58e+02, trn/lr 3.49e-02
[2022-02-18 07:30:05,655][INFO] [Epoch 123/200] trn/acc1 9.42e-01, trn/loss 4.43e-01, trn/loss_ce 1.66e-01, trn/loss_wd 5.55e+02, trn/lr 3.42e-02
[2022-02-18 07:30:09,617][INFO] [Epoch 124/200] trn/acc1 9.45e-01, trn/loss 4.40e-01, trn/loss_ce 1.64e-01, trn/loss_wd 5.52e+02, trn/lr 3.34e-02
[2022-02-18 07:30:13,574][INFO] [Epoch 125/200] trn/acc1 9.48e-01, trn/loss 4.26e-01, trn/loss_ce 1.52e-01, trn/loss_wd 5.47e+02, trn/lr 3.26e-02
[2022-02-18 07:30:17,531][INFO] [Epoch 126/200] trn/acc1 9.47e-01, trn/loss 4.23e-01, trn/loss_ce 1.52e-01, trn/loss_wd 5.43e+02, trn/lr 3.19e-02
[2022-02-18 07:30:21,497][INFO] [Epoch 127/200] trn/acc1 9.51e-01, trn/loss 4.13e-01, trn/loss_ce 1.44e-01, trn/loss_wd 5.38e+02, trn/lr 3.11e-02
[2022-02-18 07:30:25,452][INFO] [Epoch 128/200] trn/acc1 9.50e-01, trn/loss 4.12e-01, trn/loss_ce 1.45e-01, trn/loss_wd 5.34e+02, trn/lr 3.04e-02
[2022-02-18 07:30:29,411][INFO] [Epoch 129/200] trn/acc1 9.51e-01, trn/loss 4.08e-01, trn/loss_ce 1.43e-01, trn/loss_wd 5.30e+02, trn/lr 2.97e-02
[2022-02-18 07:30:33,363][INFO] [Epoch 130/200] trn/acc1 9.54e-01, trn/loss 3.97e-01, trn/loss_ce 1.34e-01, trn/loss_wd 5.25e+02, trn/lr 2.89e-02
[2022-02-18 07:30:37,320][INFO] [Epoch 131/200] trn/acc1 9.54e-01, trn/loss 3.93e-01, trn/loss_ce 1.33e-01, trn/loss_wd 5.21e+02, trn/lr 2.82e-02
[2022-02-18 07:30:41,277][INFO] [Epoch 132/200] trn/acc1 9.54e-01, trn/loss 3.93e-01, trn/loss_ce 1.36e-01, trn/loss_wd 5.15e+02, trn/lr 2.75e-02
[2022-02-18 07:30:45,235][INFO] [Epoch 133/200] trn/acc1 9.57e-01, trn/loss 3.81e-01, trn/loss_ce 1.26e-01, trn/loss_wd 5.10e+02, trn/lr 2.68e-02
[2022-02-18 07:30:49,195][INFO] [Epoch 134/200] trn/acc1 9.58e-01, trn/loss 3.76e-01, trn/loss_ce 1.23e-01, trn/loss_wd 5.06e+02, trn/lr 2.61e-02
[2022-02-18 07:30:53,159][INFO] [Epoch 135/200] trn/acc1 9.60e-01, trn/loss 3.70e-01, trn/loss_ce 1.19e-01, trn/loss_wd 5.00e+02, trn/lr 2.54e-02
[2022-02-18 07:30:57,128][INFO] [Epoch 136/200] trn/acc1 9.59e-01, trn/loss 3.66e-01, trn/loss_ce 1.19e-01, trn/loss_wd 4.96e+02, trn/lr 2.47e-02
[2022-02-18 07:31:01,081][INFO] [Epoch 137/200] trn/acc1 9.62e-01, trn/loss 3.58e-01, trn/loss_ce 1.12e-01, trn/loss_wd 4.91e+02, trn/lr 2.40e-02
[2022-02-18 07:31:05,046][INFO] [Epoch 138/200] trn/acc1 9.62e-01, trn/loss 3.55e-01, trn/loss_ce 1.12e-01, trn/loss_wd 4.86e+02, trn/lr 2.33e-02
[2022-02-18 07:31:09,001][INFO] [Epoch 139/200] trn/acc1 9.64e-01, trn/loss 3.47e-01, trn/loss_ce 1.06e-01, trn/loss_wd 4.81e+02, trn/lr 2.26e-02
[2022-02-18 07:31:12,963][INFO] [Epoch 140/200] trn/acc1 9.65e-01, trn/loss 3.40e-01, trn/loss_ce 1.03e-01, trn/loss_wd 4.76e+02, trn/lr 2.19e-02
[2022-02-18 07:31:13,075][INFO] [Epoch 140/200] Validation: val/acc1 0.9112, val/loss_ce 0.2921
[2022-02-18 07:31:17,372][INFO] [Epoch 141/200] trn/acc1 9.66e-01, trn/loss 3.35e-01, trn/loss_ce 1.00e-01, trn/loss_wd 4.71e+02, trn/lr 2.13e-02
[2022-02-18 07:31:21,421][INFO] [Epoch 142/200] trn/acc1 9.69e-01, trn/loss 3.25e-01, trn/loss_ce 9.29e-02, trn/loss_wd 4.65e+02, trn/lr 2.06e-02
[2022-02-18 07:31:25,386][INFO] [Epoch 143/200] trn/acc1 9.70e-01, trn/loss 3.20e-01, trn/loss_ce 9.09e-02, trn/loss_wd 4.59e+02, trn/lr 2.00e-02
[2022-02-18 07:31:29,346][INFO] [Epoch 144/200] trn/acc1 9.69e-01, trn/loss 3.16e-01, trn/loss_ce 8.90e-02, trn/loss_wd 4.54e+02, trn/lr 1.93e-02
[2022-02-18 07:31:33,312][INFO] [Epoch 145/200] trn/acc1 9.71e-01, trn/loss 3.10e-01, trn/loss_ce 8.52e-02, trn/loss_wd 4.49e+02, trn/lr 1.87e-02
[2022-02-18 07:31:37,280][INFO] [Epoch 146/200] trn/acc1 9.76e-01, trn/loss 2.97e-01, trn/loss_ce 7.59e-02, trn/loss_wd 4.43e+02, trn/lr 1.81e-02
[2022-02-18 07:31:41,243][INFO] [Epoch 147/200] trn/acc1 9.75e-01, trn/loss 2.96e-01, trn/loss_ce 7.81e-02, trn/loss_wd 4.36e+02, trn/lr 1.75e-02
[2022-02-18 07:31:45,210][INFO] [Epoch 148/200] trn/acc1 9.76e-01, trn/loss 2.89e-01, trn/loss_ce 7.39e-02, trn/loss_wd 4.31e+02, trn/lr 1.68e-02
[2022-02-18 07:31:49,174][INFO] [Epoch 149/200] trn/acc1 9.77e-01, trn/loss 2.80e-01, trn/loss_ce 6.80e-02, trn/loss_wd 4.25e+02, trn/lr 1.62e-02
[2022-02-18 07:31:53,141][INFO] [Epoch 150/200] trn/acc1 9.79e-01, trn/loss 2.74e-01, trn/loss_ce 6.51e-02, trn/loss_wd 4.18e+02, trn/lr 1.57e-02
[2022-02-18 07:31:57,110][INFO] [Epoch 151/200] trn/acc1 9.78e-01, trn/loss 2.75e-01, trn/loss_ce 6.87e-02, trn/loss_wd 4.13e+02, trn/lr 1.51e-02
[2022-02-18 07:32:01,069][INFO] [Epoch 152/200] trn/acc1 9.81e-01, trn/loss 2.63e-01, trn/loss_ce 5.93e-02, trn/loss_wd 4.07e+02, trn/lr 1.45e-02
[2022-02-18 07:32:05,028][INFO] [Epoch 153/200] trn/acc1 9.81e-01, trn/loss 2.58e-01, trn/loss_ce 5.81e-02, trn/loss_wd 4.01e+02, trn/lr 1.39e-02
[2022-02-18 07:32:08,985][INFO] [Epoch 154/200] trn/acc1 9.83e-01, trn/loss 2.51e-01, trn/loss_ce 5.32e-02, trn/loss_wd 3.95e+02, trn/lr 1.34e-02
[2022-02-18 07:32:12,941][INFO] [Epoch 155/200] trn/acc1 9.85e-01, trn/loss 2.40e-01, trn/loss_ce 4.62e-02, trn/loss_wd 3.88e+02, trn/lr 1.28e-02
[2022-02-18 07:32:16,904][INFO] [Epoch 156/200] trn/acc1 9.87e-01, trn/loss 2.32e-01, trn/loss_ce 4.15e-02, trn/loss_wd 3.81e+02, trn/lr 1.23e-02
[2022-02-18 07:32:20,865][INFO] [Epoch 157/200] trn/acc1 9.87e-01, trn/loss 2.31e-01, trn/loss_ce 4.34e-02, trn/loss_wd 3.75e+02, trn/lr 1.18e-02
[2022-02-18 07:32:24,824][INFO] [Epoch 158/200] trn/acc1 9.89e-01, trn/loss 2.23e-01, trn/loss_ce 3.87e-02, trn/loss_wd 3.69e+02, trn/lr 1.13e-02
[2022-02-18 07:32:28,798][INFO] [Epoch 159/200] trn/acc1 9.89e-01, trn/loss 2.19e-01, trn/loss_ce 3.81e-02, trn/loss_wd 3.62e+02, trn/lr 1.08e-02
[2022-02-18 07:32:32,756][INFO] [Epoch 160/200] trn/acc1 9.91e-01, trn/loss 2.10e-01, trn/loss_ce 3.19e-02, trn/loss_wd 3.56e+02, trn/lr 1.03e-02
[2022-02-18 07:32:32,867][INFO] [Epoch 160/200] Validation: val/acc1 0.9272, val/loss_ce 0.2822
[2022-02-18 07:32:37,162][INFO] [Epoch 161/200] trn/acc1 9.91e-01, trn/loss 2.05e-01, trn/loss_ce 3.06e-02, trn/loss_wd 3.50e+02, trn/lr 9.79e-03
[2022-02-18 07:32:41,252][INFO] [Epoch 162/200] trn/acc1 9.93e-01, trn/loss 1.99e-01, trn/loss_ce 2.71e-02, trn/loss_wd 3.44e+02, trn/lr 9.31e-03
[2022-02-18 07:32:45,206][INFO] [Epoch 163/200] trn/acc1 9.93e-01, trn/loss 1.93e-01, trn/loss_ce 2.45e-02, trn/loss_wd 3.38e+02, trn/lr 8.85e-03
[2022-02-18 07:32:49,171][INFO] [Epoch 164/200] trn/acc1 9.94e-01, trn/loss 1.88e-01, trn/loss_ce 2.19e-02, trn/loss_wd 3.32e+02, trn/lr 8.40e-03
[2022-02-18 07:32:53,121][INFO] [Epoch 165/200] trn/acc1 9.95e-01, trn/loss 1.82e-01, trn/loss_ce 1.94e-02, trn/loss_wd 3.26e+02, trn/lr 7.96e-03
[2022-02-18 07:32:57,069][INFO] [Epoch 166/200] trn/acc1 9.96e-01, trn/loss 1.76e-01, trn/loss_ce 1.62e-02, trn/loss_wd 3.20e+02, trn/lr 7.53e-03
[2022-02-18 07:33:01,040][INFO] [Epoch 167/200] trn/acc1 9.97e-01, trn/loss 1.72e-01, trn/loss_ce 1.49e-02, trn/loss_wd 3.15e+02, trn/lr 7.11e-03
[2022-02-18 07:33:04,997][INFO] [Epoch 168/200] trn/acc1 9.97e-01, trn/loss 1.67e-01, trn/loss_ce 1.27e-02, trn/loss_wd 3.09e+02, trn/lr 6.70e-03
[2022-02-18 07:33:08,961][INFO] [Epoch 169/200] trn/acc1 9.98e-01, trn/loss 1.64e-01, trn/loss_ce 1.16e-02, trn/loss_wd 3.04e+02, trn/lr 6.30e-03
[2022-02-18 07:33:12,925][INFO] [Epoch 170/200] trn/acc1 9.98e-01, trn/loss 1.59e-01, trn/loss_ce 9.60e-03, trn/loss_wd 2.99e+02, trn/lr 5.92e-03
[2022-02-18 07:33:16,886][INFO] [Epoch 171/200] trn/acc1 9.99e-01, trn/loss 1.55e-01, trn/loss_ce 8.07e-03, trn/loss_wd 2.94e+02, trn/lr 5.54e-03
[2022-02-18 07:33:20,842][INFO] [Epoch 172/200] trn/acc1 9.99e-01, trn/loss 1.52e-01, trn/loss_ce 7.27e-03, trn/loss_wd 2.90e+02, trn/lr 5.18e-03
[2022-02-18 07:33:24,810][INFO] [Epoch 173/200] trn/acc1 9.99e-01, trn/loss 1.50e-01, trn/loss_ce 7.14e-03, trn/loss_wd 2.86e+02, trn/lr 4.83e-03
[2022-02-18 07:33:28,779][INFO] [Epoch 174/200] trn/acc1 9.99e-01, trn/loss 1.47e-01, trn/loss_ce 6.06e-03, trn/loss_wd 2.82e+02, trn/lr 4.49e-03
[2022-02-18 07:33:32,740][INFO] [Epoch 175/200] trn/acc1 9.99e-01, trn/loss 1.45e-01, trn/loss_ce 5.56e-03, trn/loss_wd 2.78e+02, trn/lr 4.16e-03
[2022-02-18 07:33:36,701][INFO] [Epoch 176/200] trn/acc1 9.99e-01, trn/loss 1.43e-01, trn/loss_ce 5.55e-03, trn/loss_wd 2.75e+02, trn/lr 3.85e-03
[2022-02-18 07:33:40,658][INFO] [Epoch 177/200] trn/acc1 1.00e+00, trn/loss 1.41e-01, trn/loss_ce 5.15e-03, trn/loss_wd 2.72e+02, trn/lr 3.54e-03
[2022-02-18 07:33:44,613][INFO] [Epoch 178/200] trn/acc1 1.00e+00, trn/loss 1.40e-01, trn/loss_ce 5.03e-03, trn/loss_wd 2.69e+02, trn/lr 3.25e-03
[2022-02-18 07:33:48,566][INFO] [Epoch 179/200] trn/acc1 1.00e+00, trn/loss 1.38e-01, trn/loss_ce 4.61e-03, trn/loss_wd 2.67e+02, trn/lr 2.97e-03
[2022-02-18 07:33:52,516][INFO] [Epoch 180/200] trn/acc1 1.00e+00, trn/loss 1.37e-01, trn/loss_ce 4.60e-03, trn/loss_wd 2.64e+02, trn/lr 2.70e-03
[2022-02-18 07:33:52,627][INFO] [Epoch 180/200] Validation: val/acc1 0.9448, val/loss_ce 0.2045
[2022-02-18 07:33:57,317][INFO] [Epoch 181/200] trn/acc1 1.00e+00, trn/loss 1.35e-01, trn/loss_ce 4.07e-03, trn/loss_wd 2.62e+02, trn/lr 2.45e-03
[2022-02-18 07:33:57,462][INFO] [Epoch 181/200] Validation: val/acc1 0.9472, val/loss_ce 0.1998
[2022-02-18 07:34:01,742][INFO] [Epoch 182/200] trn/acc1 1.00e+00, trn/loss 1.34e-01, trn/loss_ce 4.06e-03, trn/loss_wd 2.60e+02, trn/lr 2.21e-03
[2022-02-18 07:34:01,852][INFO] [Epoch 182/200] Validation: val/acc1 0.9466, val/loss_ce 0.2039
[2022-02-18 07:34:05,904][INFO] [Epoch 183/200] trn/acc1 1.00e+00, trn/loss 1.33e-01, trn/loss_ce 3.84e-03, trn/loss_wd 2.59e+02, trn/lr 1.97e-03
[2022-02-18 07:34:06,044][INFO] [Epoch 183/200] Validation: val/acc1 0.9484, val/loss_ce 0.2013
[2022-02-18 07:34:10,172][INFO] [Epoch 184/200] trn/acc1 1.00e+00, trn/loss 1.33e-01, trn/loss_ce 3.83e-03, trn/loss_wd 2.57e+02, trn/lr 1.76e-03
[2022-02-18 07:34:10,291][INFO] [Epoch 184/200] Validation: val/acc1 0.9474, val/loss_ce 0.2033
[2022-02-18 07:34:14,342][INFO] [Epoch 185/200] trn/acc1 1.00e+00, trn/loss 1.32e-01, trn/loss_ce 3.66e-03, trn/loss_wd 2.56e+02, trn/lr 1.55e-03
[2022-02-18 07:34:14,460][INFO] [Epoch 185/200] Validation: val/acc1 0.9464, val/loss_ce 0.2017
[2022-02-18 07:34:18,601][INFO] [Epoch 186/200] trn/acc1 1.00e+00, trn/loss 1.31e-01, trn/loss_ce 3.43e-03, trn/loss_wd 2.55e+02, trn/lr 1.36e-03
[2022-02-18 07:34:18,714][INFO] [Epoch 186/200] Validation: val/acc1 0.9478, val/loss_ce 0.2001
[2022-02-18 07:34:22,846][INFO] [Epoch 187/200] trn/acc1 1.00e+00, trn/loss 1.31e-01, trn/loss_ce 3.56e-03, trn/loss_wd 2.54e+02, trn/lr 1.18e-03
[2022-02-18 07:34:22,958][INFO] [Epoch 187/200] Validation: val/acc1 0.9480, val/loss_ce 0.2050
[2022-02-18 07:34:27,026][INFO] [Epoch 188/200] trn/acc1 1.00e+00, trn/loss 1.30e-01, trn/loss_ce 3.50e-03, trn/loss_wd 2.53e+02, trn/lr 1.01e-03
[2022-02-18 07:34:27,137][INFO] [Epoch 188/200] Validation: val/acc1 0.9472, val/loss_ce 0.2049
[2022-02-18 07:34:31,205][INFO] [Epoch 189/200] trn/acc1 1.00e+00, trn/loss 1.30e-01, trn/loss_ce 3.52e-03, trn/loss_wd 2.52e+02, trn/lr 8.56e-04
[2022-02-18 07:34:31,318][INFO] [Epoch 189/200] Validation: val/acc1 0.9468, val/loss_ce 0.2004
[2022-02-18 07:34:35,372][INFO] [Epoch 190/200] trn/acc1 1.00e+00, trn/loss 1.29e-01, trn/loss_ce 3.45e-03, trn/loss_wd 2.52e+02, trn/lr 7.14e-04
[2022-02-18 07:34:35,483][INFO] [Epoch 190/200] Validation: val/acc1 0.9484, val/loss_ce 0.2018
[2022-02-18 07:34:39,544][INFO] [Epoch 191/200] trn/acc1 1.00e+00, trn/loss 1.29e-01, trn/loss_ce 3.36e-03, trn/loss_wd 2.51e+02, trn/lr 5.85e-04
[2022-02-18 07:34:39,655][INFO] [Epoch 191/200] Validation: val/acc1 0.9480, val/loss_ce 0.1987
[2022-02-18 07:34:43,793][INFO] [Epoch 192/200] trn/acc1 1.00e+00, trn/loss 1.29e-01, trn/loss_ce 3.36e-03, trn/loss_wd 2.51e+02, trn/lr 4.69e-04
[2022-02-18 07:34:43,903][INFO] [Epoch 192/200] Validation: val/acc1 0.9474, val/loss_ce 0.2019
[2022-02-18 07:34:47,967][INFO] [Epoch 193/200] trn/acc1 1.00e+00, trn/loss 1.28e-01, trn/loss_ce 3.24e-03, trn/loss_wd 2.50e+02, trn/lr 3.65e-04
[2022-02-18 07:34:48,077][INFO] [Epoch 193/200] Validation: val/acc1 0.9468, val/loss_ce 0.2005
[2022-02-18 07:34:52,136][INFO] [Epoch 194/200] trn/acc1 1.00e+00, trn/loss 1.28e-01, trn/loss_ce 3.36e-03, trn/loss_wd 2.50e+02, trn/lr 2.75e-04
[2022-02-18 07:34:52,247][INFO] [Epoch 194/200] Validation: val/acc1 0.9478, val/loss_ce 0.2019
[2022-02-18 07:34:56,524][INFO] [Epoch 195/200] trn/acc1 1.00e+00, trn/loss 1.28e-01, trn/loss_ce 3.32e-03, trn/loss_wd 2.50e+02, trn/lr 1.97e-04
[2022-02-18 07:34:56,635][INFO] [Epoch 195/200] Validation: val/acc1 0.9472, val/loss_ce 0.1992
[2022-02-18 07:35:00,703][INFO] [Epoch 196/200] trn/acc1 1.00e+00, trn/loss 1.28e-01, trn/loss_ce 3.13e-03, trn/loss_wd 2.50e+02, trn/lr 1.32e-04
[2022-02-18 07:35:00,813][INFO] [Epoch 196/200] Validation: val/acc1 0.9482, val/loss_ce 0.1981
[2022-02-18 07:35:04,972][INFO] [Epoch 197/200] trn/acc1 1.00e+00, trn/loss 1.28e-01, trn/loss_ce 3.26e-03, trn/loss_wd 2.50e+02, trn/lr 8.01e-05
[2022-02-18 07:35:05,083][INFO] [Epoch 197/200] Validation: val/acc1 0.9478, val/loss_ce 0.2008
[2022-02-18 07:35:09,169][INFO] [Epoch 198/200] trn/acc1 1.00e+00, trn/loss 1.28e-01, trn/loss_ce 3.32e-03, trn/loss_wd 2.50e+02, trn/lr 4.11e-05
[2022-02-18 07:35:09,281][INFO] [Epoch 198/200] Validation: val/acc1 0.9478, val/loss_ce 0.1986
[2022-02-18 07:35:13,356][INFO] [Epoch 199/200] trn/acc1 1.00e+00, trn/loss 1.28e-01, trn/loss_ce 3.12e-03, trn/loss_wd 2.50e+02, trn/lr 1.52e-05
[2022-02-18 07:35:13,465][INFO] [Epoch 199/200] Validation: val/acc1 0.9482, val/loss_ce 0.2002
[2022-02-18 07:35:17,537][INFO] [Epoch 200/200] trn/acc1 1.00e+00, trn/loss 1.28e-01, trn/loss_ce 3.27e-03, trn/loss_wd 2.50e+02, trn/lr 2.17e-06
[2022-02-18 07:35:17,648][INFO] [Epoch 200/200] Validation: val/acc1 0.9476, val/loss_ce 0.2001
