[2022-02-06 05:11:09,333][INFO] Environments:
------------  -------------------------------------------------------------
sys.platform  linux
Python        3.8.10 (default, Nov 26 2021, 20:14:08) [GCC 9.3.0]
JAX           0.2.28 @/home/giung/.local/lib/python3.8/site-packages/jax
jaxlib        0.1.76 @/home/giung/.local/lib/python3.8/site-packages/jaxlib
Flax          0.4.0 @/home/giung/.local/lib/python3.8/site-packages/flax
Optax         0.1.1 @/home/giung/.local/lib/python3.8/site-packages/optax
------------  -------------------------------------------------------------

[2022-02-06 05:11:09,333][INFO] Command line arguments:
Namespace(batch_size=128, config_file='./configs/C10_WRN28x10-BN-ReLU_SGD.yaml', keep_every_n_checkpoints=None, learning_rate=0.1, num_epochs=200, num_warmup_epochs=5, opts=[], output_dir='./outputs/C10_WRN28x10-BN-ReLU/SGD/s42_e200_wd5e-4_8TPUv3/', seed=42, weight_decay=0.0005)

[2022-02-06 05:11:09,333][INFO] Using a random seed 42

[2022-02-06 05:11:09,359][INFO] Unable to initialize backend 'tpu_driver': NOT_FOUND: Unable to find driver in registry given worker: 
[2022-02-06 05:11:09,359][INFO] Unable to initialize backend 'gpu': NOT_FOUND: Could not find registered platform with name: "cuda". Available platform names are: Interpreter TPU Host
[2022-02-06 05:11:26,807][INFO] Found no checkpoint files in outputs/C10_WRN28x10-BN-ReLU/SGD/s42_e200_wd5e-4_8TPUv3
[2022-02-06 05:11:59,107][INFO] [Epoch   1/200] trn/acc1 3.50e-01, trn/loss 8.99e+00, trn/loss_ce 1.78e+00, trn/loss_wd 1.44e+04, trn/lr 9.97e-03
[2022-02-06 05:12:16,088][INFO] [Epoch   1/200] Validation: val/acc1 0.4838, val/loss_ce 1.4410
[2022-02-06 05:12:28,117][INFO] [Epoch   2/200] trn/acc1 5.60e-01, trn/loss 7.97e+00, trn/loss_ce 1.23e+00, trn/loss_wd 1.35e+04, trn/lr 3.00e-02
[2022-02-06 05:12:38,568][INFO] [Epoch   3/200] trn/acc1 6.56e-01, trn/loss 6.87e+00, trn/loss_ce 9.85e-01, trn/loss_wd 1.18e+04, trn/lr 5.00e-02
[2022-02-06 05:12:49,019][INFO] [Epoch   4/200] trn/acc1 7.15e-01, trn/loss 5.65e+00, trn/loss_ce 8.26e-01, trn/loss_wd 9.64e+03, trn/lr 7.00e-02
[2022-02-06 05:12:59,454][INFO] [Epoch   5/200] trn/acc1 7.51e-01, trn/loss 4.44e+00, trn/loss_ce 7.23e-01, trn/loss_wd 7.43e+03, trn/lr 9.00e-02
[2022-02-06 05:13:09,886][INFO] [Epoch   6/200] trn/acc1 7.85e-01, trn/loss 3.37e+00, trn/loss_ce 6.34e-01, trn/loss_wd 5.47e+03, trn/lr 1.00e-01
[2022-02-06 05:13:20,337][INFO] [Epoch   7/200] trn/acc1 8.05e-01, trn/loss 2.59e+00, trn/loss_ce 5.75e-01, trn/loss_wd 4.03e+03, trn/lr 1.00e-01
[2022-02-06 05:13:30,759][INFO] [Epoch   8/200] trn/acc1 8.21e-01, trn/loss 2.04e+00, trn/loss_ce 5.26e-01, trn/loss_wd 3.03e+03, trn/lr 1.00e-01
[2022-02-06 05:13:41,190][INFO] [Epoch   9/200] trn/acc1 8.34e-01, trn/loss 1.66e+00, trn/loss_ce 4.92e-01, trn/loss_wd 2.33e+03, trn/lr 9.99e-02
[2022-02-06 05:13:51,608][INFO] [Epoch  10/200] trn/acc1 8.41e-01, trn/loss 1.40e+00, trn/loss_ce 4.70e-01, trn/loss_wd 1.85e+03, trn/lr 9.99e-02
[2022-02-06 05:14:02,017][INFO] [Epoch  11/200] trn/acc1 8.45e-01, trn/loss 1.22e+00, trn/loss_ce 4.56e-01, trn/loss_wd 1.52e+03, trn/lr 9.98e-02
[2022-02-06 05:14:12,429][INFO] [Epoch  12/200] trn/acc1 8.54e-01, trn/loss 1.08e+00, trn/loss_ce 4.28e-01, trn/loss_wd 1.30e+03, trn/lr 9.97e-02
[2022-02-06 05:14:22,856][INFO] [Epoch  13/200] trn/acc1 8.56e-01, trn/loss 9.99e-01, trn/loss_ce 4.25e-01, trn/loss_wd 1.15e+03, trn/lr 9.96e-02
[2022-02-06 05:14:33,297][INFO] [Epoch  14/200] trn/acc1 8.60e-01, trn/loss 9.40e-01, trn/loss_ce 4.15e-01, trn/loss_wd 1.05e+03, trn/lr 9.95e-02
[2022-02-06 05:14:43,725][INFO] [Epoch  15/200] trn/acc1 8.64e-01, trn/loss 8.97e-01, trn/loss_ce 4.04e-01, trn/loss_wd 9.86e+02, trn/lr 9.94e-02
[2022-02-06 05:14:54,154][INFO] [Epoch  16/200] trn/acc1 8.65e-01, trn/loss 8.72e-01, trn/loss_ce 4.01e-01, trn/loss_wd 9.43e+02, trn/lr 9.93e-02
[2022-02-06 05:15:04,577][INFO] [Epoch  17/200] trn/acc1 8.70e-01, trn/loss 8.48e-01, trn/loss_ce 3.85e-01, trn/loss_wd 9.26e+02, trn/lr 9.91e-02
[2022-02-06 05:15:14,986][INFO] [Epoch  18/200] trn/acc1 8.72e-01, trn/loss 8.39e-01, trn/loss_ce 3.81e-01, trn/loss_wd 9.16e+02, trn/lr 9.90e-02
[2022-02-06 05:15:25,430][INFO] [Epoch  19/200] trn/acc1 8.75e-01, trn/loss 8.28e-01, trn/loss_ce 3.73e-01, trn/loss_wd 9.10e+02, trn/lr 9.88e-02
[2022-02-06 05:15:35,867][INFO] [Epoch  20/200] trn/acc1 8.77e-01, trn/loss 8.21e-01, trn/loss_ce 3.65e-01, trn/loss_wd 9.10e+02, trn/lr 9.86e-02
[2022-02-06 05:15:36,224][INFO] [Epoch  20/200] Validation: val/acc1 0.8456, val/loss_ce 0.4769
[2022-02-06 05:15:52,578][INFO] [Epoch  21/200] trn/acc1 8.80e-01, trn/loss 8.16e-01, trn/loss_ce 3.59e-01, trn/loss_wd 9.13e+02, trn/lr 9.84e-02
[2022-02-06 05:16:03,005][INFO] [Epoch  22/200] trn/acc1 8.81e-01, trn/loss 8.11e-01, trn/loss_ce 3.55e-01, trn/loss_wd 9.13e+02, trn/lr 9.82e-02
[2022-02-06 05:16:13,439][INFO] [Epoch  23/200] trn/acc1 8.82e-01, trn/loss 8.13e-01, trn/loss_ce 3.51e-01, trn/loss_wd 9.24e+02, trn/lr 9.80e-02
[2022-02-06 05:16:23,878][INFO] [Epoch  24/200] trn/acc1 8.85e-01, trn/loss 8.06e-01, trn/loss_ce 3.42e-01, trn/loss_wd 9.26e+02, trn/lr 9.78e-02
[2022-02-06 05:16:34,312][INFO] [Epoch  25/200] trn/acc1 8.85e-01, trn/loss 8.08e-01, trn/loss_ce 3.42e-01, trn/loss_wd 9.32e+02, trn/lr 9.76e-02
[2022-02-06 05:16:44,772][INFO] [Epoch  26/200] trn/acc1 8.87e-01, trn/loss 8.03e-01, trn/loss_ce 3.34e-01, trn/loss_wd 9.38e+02, trn/lr 9.73e-02
[2022-02-06 05:16:55,213][INFO] [Epoch  27/200] trn/acc1 8.88e-01, trn/loss 8.02e-01, trn/loss_ce 3.31e-01, trn/loss_wd 9.43e+02, trn/lr 9.70e-02
[2022-02-06 05:17:05,629][INFO] [Epoch  28/200] trn/acc1 8.90e-01, trn/loss 7.99e-01, trn/loss_ce 3.27e-01, trn/loss_wd 9.45e+02, trn/lr 9.68e-02
[2022-02-06 05:17:16,059][INFO] [Epoch  29/200] trn/acc1 8.93e-01, trn/loss 7.95e-01, trn/loss_ce 3.19e-01, trn/loss_wd 9.52e+02, trn/lr 9.65e-02
[2022-02-06 05:17:26,487][INFO] [Epoch  30/200] trn/acc1 8.91e-01, trn/loss 8.02e-01, trn/loss_ce 3.21e-01, trn/loss_wd 9.62e+02, trn/lr 9.62e-02
[2022-02-06 05:17:36,940][INFO] [Epoch  31/200] trn/acc1 8.93e-01, trn/loss 8.00e-01, trn/loss_ce 3.16e-01, trn/loss_wd 9.67e+02, trn/lr 9.58e-02
[2022-02-06 05:17:47,350][INFO] [Epoch  32/200] trn/acc1 8.95e-01, trn/loss 7.98e-01, trn/loss_ce 3.12e-01, trn/loss_wd 9.73e+02, trn/lr 9.55e-02
[2022-02-06 05:17:57,776][INFO] [Epoch  33/200] trn/acc1 8.98e-01, trn/loss 7.94e-01, trn/loss_ce 3.07e-01, trn/loss_wd 9.74e+02, trn/lr 9.52e-02
[2022-02-06 05:18:08,196][INFO] [Epoch  34/200] trn/acc1 8.98e-01, trn/loss 7.89e-01, trn/loss_ce 3.03e-01, trn/loss_wd 9.72e+02, trn/lr 9.48e-02
[2022-02-06 05:18:18,632][INFO] [Epoch  35/200] trn/acc1 8.97e-01, trn/loss 7.92e-01, trn/loss_ce 3.05e-01, trn/loss_wd 9.75e+02, trn/lr 9.45e-02
[2022-02-06 05:18:29,090][INFO] [Epoch  36/200] trn/acc1 8.98e-01, trn/loss 7.97e-01, trn/loss_ce 3.06e-01, trn/loss_wd 9.82e+02, trn/lr 9.41e-02
[2022-02-06 05:18:39,517][INFO] [Epoch  37/200] trn/acc1 9.00e-01, trn/loss 7.95e-01, trn/loss_ce 2.98e-01, trn/loss_wd 9.94e+02, trn/lr 9.37e-02
[2022-02-06 05:18:49,943][INFO] [Epoch  38/200] trn/acc1 9.03e-01, trn/loss 7.83e-01, trn/loss_ce 2.87e-01, trn/loss_wd 9.91e+02, trn/lr 9.33e-02
[2022-02-06 05:19:00,377][INFO] [Epoch  39/200] trn/acc1 9.01e-01, trn/loss 7.92e-01, trn/loss_ce 2.95e-01, trn/loss_wd 9.93e+02, trn/lr 9.29e-02
[2022-02-06 05:19:10,803][INFO] [Epoch  40/200] trn/acc1 9.03e-01, trn/loss 7.83e-01, trn/loss_ce 2.86e-01, trn/loss_wd 9.94e+02, trn/lr 9.25e-02
[2022-02-06 05:19:11,159][INFO] [Epoch  40/200] Validation: val/acc1 0.8460, val/loss_ce 0.4905
[2022-02-06 05:19:25,112][INFO] [Epoch  41/200] trn/acc1 9.03e-01, trn/loss 7.89e-01, trn/loss_ce 2.89e-01, trn/loss_wd 1.00e+03, trn/lr 9.20e-02
[2022-02-06 05:19:35,540][INFO] [Epoch  42/200] trn/acc1 9.06e-01, trn/loss 7.84e-01, trn/loss_ce 2.83e-01, trn/loss_wd 1.00e+03, trn/lr 9.16e-02
[2022-02-06 05:19:45,957][INFO] [Epoch  43/200] trn/acc1 9.08e-01, trn/loss 7.79e-01, trn/loss_ce 2.78e-01, trn/loss_wd 1.00e+03, trn/lr 9.11e-02
[2022-02-06 05:19:56,379][INFO] [Epoch  44/200] trn/acc1 9.06e-01, trn/loss 7.82e-01, trn/loss_ce 2.80e-01, trn/loss_wd 1.00e+03, trn/lr 9.07e-02
[2022-02-06 05:20:06,812][INFO] [Epoch  45/200] trn/acc1 9.06e-01, trn/loss 7.85e-01, trn/loss_ce 2.79e-01, trn/loss_wd 1.01e+03, trn/lr 9.02e-02
[2022-02-06 05:20:17,357][INFO] [Epoch  46/200] trn/acc1 9.06e-01, trn/loss 7.82e-01, trn/loss_ce 2.76e-01, trn/loss_wd 1.01e+03, trn/lr 8.97e-02
[2022-02-06 05:20:27,800][INFO] [Epoch  47/200] trn/acc1 9.08e-01, trn/loss 7.84e-01, trn/loss_ce 2.77e-01, trn/loss_wd 1.01e+03, trn/lr 8.92e-02
[2022-02-06 05:20:38,233][INFO] [Epoch  48/200] trn/acc1 9.09e-01, trn/loss 7.75e-01, trn/loss_ce 2.68e-01, trn/loss_wd 1.01e+03, trn/lr 8.87e-02
[2022-02-06 05:20:48,682][INFO] [Epoch  49/200] trn/acc1 9.07e-01, trn/loss 7.79e-01, trn/loss_ce 2.74e-01, trn/loss_wd 1.01e+03, trn/lr 8.82e-02
[2022-02-06 05:20:59,124][INFO] [Epoch  50/200] trn/acc1 9.11e-01, trn/loss 7.71e-01, trn/loss_ce 2.66e-01, trn/loss_wd 1.01e+03, trn/lr 8.77e-02
[2022-02-06 05:21:09,570][INFO] [Epoch  51/200] trn/acc1 9.11e-01, trn/loss 7.70e-01, trn/loss_ce 2.65e-01, trn/loss_wd 1.01e+03, trn/lr 8.72e-02
[2022-02-06 05:21:20,011][INFO] [Epoch  52/200] trn/acc1 9.12e-01, trn/loss 7.67e-01, trn/loss_ce 2.62e-01, trn/loss_wd 1.01e+03, trn/lr 8.66e-02
[2022-02-06 05:21:30,467][INFO] [Epoch  53/200] trn/acc1 9.12e-01, trn/loss 7.65e-01, trn/loss_ce 2.61e-01, trn/loss_wd 1.01e+03, trn/lr 8.61e-02
[2022-02-06 05:21:40,907][INFO] [Epoch  54/200] trn/acc1 9.15e-01, trn/loss 7.58e-01, trn/loss_ce 2.56e-01, trn/loss_wd 1.00e+03, trn/lr 8.55e-02
[2022-02-06 05:21:51,329][INFO] [Epoch  55/200] trn/acc1 9.15e-01, trn/loss 7.60e-01, trn/loss_ce 2.57e-01, trn/loss_wd 1.01e+03, trn/lr 8.49e-02
[2022-02-06 05:22:01,752][INFO] [Epoch  56/200] trn/acc1 9.14e-01, trn/loss 7.66e-01, trn/loss_ce 2.61e-01, trn/loss_wd 1.01e+03, trn/lr 8.43e-02
[2022-02-06 05:22:12,186][INFO] [Epoch  57/200] trn/acc1 9.15e-01, trn/loss 7.58e-01, trn/loss_ce 2.53e-01, trn/loss_wd 1.01e+03, trn/lr 8.38e-02
[2022-02-06 05:22:22,606][INFO] [Epoch  58/200] trn/acc1 9.15e-01, trn/loss 7.55e-01, trn/loss_ce 2.50e-01, trn/loss_wd 1.01e+03, trn/lr 8.32e-02
[2022-02-06 05:22:33,042][INFO] [Epoch  59/200] trn/acc1 9.16e-01, trn/loss 7.54e-01, trn/loss_ce 2.48e-01, trn/loss_wd 1.01e+03, trn/lr 8.25e-02
[2022-02-06 05:22:43,473][INFO] [Epoch  60/200] trn/acc1 9.18e-01, trn/loss 7.49e-01, trn/loss_ce 2.46e-01, trn/loss_wd 1.01e+03, trn/lr 8.19e-02
[2022-02-06 05:22:43,831][INFO] [Epoch  60/200] Validation: val/acc1 0.8950, val/loss_ce 0.3325
[2022-02-06 05:22:59,792][INFO] [Epoch  61/200] trn/acc1 9.18e-01, trn/loss 7.49e-01, trn/loss_ce 2.45e-01, trn/loss_wd 1.01e+03, trn/lr 8.13e-02
[2022-02-06 05:23:10,218][INFO] [Epoch  62/200] trn/acc1 9.17e-01, trn/loss 7.52e-01, trn/loss_ce 2.47e-01, trn/loss_wd 1.01e+03, trn/lr 8.07e-02
[2022-02-06 05:23:20,643][INFO] [Epoch  63/200] trn/acc1 9.18e-01, trn/loss 7.47e-01, trn/loss_ce 2.42e-01, trn/loss_wd 1.01e+03, trn/lr 8.00e-02
[2022-02-06 05:23:31,074][INFO] [Epoch  64/200] trn/acc1 9.20e-01, trn/loss 7.40e-01, trn/loss_ce 2.38e-01, trn/loss_wd 1.00e+03, trn/lr 7.94e-02
[2022-02-06 05:23:41,527][INFO] [Epoch  65/200] trn/acc1 9.21e-01, trn/loss 7.38e-01, trn/loss_ce 2.35e-01, trn/loss_wd 1.01e+03, trn/lr 7.87e-02
[2022-02-06 05:23:51,969][INFO] [Epoch  66/200] trn/acc1 9.21e-01, trn/loss 7.36e-01, trn/loss_ce 2.35e-01, trn/loss_wd 1.00e+03, trn/lr 7.81e-02
[2022-02-06 05:24:02,406][INFO] [Epoch  67/200] trn/acc1 9.19e-01, trn/loss 7.42e-01, trn/loss_ce 2.39e-01, trn/loss_wd 1.01e+03, trn/lr 7.74e-02
[2022-02-06 05:24:12,848][INFO] [Epoch  68/200] trn/acc1 9.22e-01, trn/loss 7.32e-01, trn/loss_ce 2.31e-01, trn/loss_wd 1.00e+03, trn/lr 7.67e-02
[2022-02-06 05:24:23,284][INFO] [Epoch  69/200] trn/acc1 9.24e-01, trn/loss 7.26e-01, trn/loss_ce 2.28e-01, trn/loss_wd 9.96e+02, trn/lr 7.60e-02
[2022-02-06 05:24:33,708][INFO] [Epoch  70/200] trn/acc1 9.25e-01, trn/loss 7.19e-01, trn/loss_ce 2.25e-01, trn/loss_wd 9.89e+02, trn/lr 7.53e-02
[2022-02-06 05:24:44,265][INFO] [Epoch  71/200] trn/acc1 9.24e-01, trn/loss 7.23e-01, trn/loss_ce 2.28e-01, trn/loss_wd 9.89e+02, trn/lr 7.47e-02
[2022-02-06 05:24:54,703][INFO] [Epoch  72/200] trn/acc1 9.25e-01, trn/loss 7.14e-01, trn/loss_ce 2.21e-01, trn/loss_wd 9.86e+02, trn/lr 7.39e-02
[2022-02-06 05:25:05,133][INFO] [Epoch  73/200] trn/acc1 9.26e-01, trn/loss 7.14e-01, trn/loss_ce 2.22e-01, trn/loss_wd 9.83e+02, trn/lr 7.32e-02
[2022-02-06 05:25:15,576][INFO] [Epoch  74/200] trn/acc1 9.24e-01, trn/loss 7.12e-01, trn/loss_ce 2.21e-01, trn/loss_wd 9.82e+02, trn/lr 7.25e-02
[2022-02-06 05:25:26,011][INFO] [Epoch  75/200] trn/acc1 9.28e-01, trn/loss 7.08e-01, trn/loss_ce 2.16e-01, trn/loss_wd 9.84e+02, trn/lr 7.18e-02
[2022-02-06 05:25:36,454][INFO] [Epoch  76/200] trn/acc1 9.30e-01, trn/loss 7.02e-01, trn/loss_ce 2.13e-01, trn/loss_wd 9.78e+02, trn/lr 7.11e-02
[2022-02-06 05:25:46,900][INFO] [Epoch  77/200] trn/acc1 9.30e-01, trn/loss 6.98e-01, trn/loss_ce 2.10e-01, trn/loss_wd 9.77e+02, trn/lr 7.03e-02
[2022-02-06 05:25:57,346][INFO] [Epoch  78/200] trn/acc1 9.27e-01, trn/loss 7.00e-01, trn/loss_ce 2.15e-01, trn/loss_wd 9.72e+02, trn/lr 6.96e-02
[2022-02-06 05:26:07,779][INFO] [Epoch  79/200] trn/acc1 9.30e-01, trn/loss 6.91e-01, trn/loss_ce 2.05e-01, trn/loss_wd 9.72e+02, trn/lr 6.89e-02
[2022-02-06 05:26:18,217][INFO] [Epoch  80/200] trn/acc1 9.31e-01, trn/loss 6.90e-01, trn/loss_ce 2.06e-01, trn/loss_wd 9.69e+02, trn/lr 6.81e-02
[2022-02-06 05:26:18,573][INFO] [Epoch  80/200] Validation: val/acc1 0.8922, val/loss_ce 0.3418
[2022-02-06 05:26:29,787][INFO] [Epoch  81/200] trn/acc1 9.31e-01, trn/loss 6.85e-01, trn/loss_ce 2.01e-01, trn/loss_wd 9.66e+02, trn/lr 6.74e-02
[2022-02-06 05:26:40,226][INFO] [Epoch  82/200] trn/acc1 9.32e-01, trn/loss 6.86e-01, trn/loss_ce 2.04e-01, trn/loss_wd 9.65e+02, trn/lr 6.66e-02
[2022-02-06 05:26:50,668][INFO] [Epoch  83/200] trn/acc1 9.34e-01, trn/loss 6.78e-01, trn/loss_ce 1.98e-01, trn/loss_wd 9.60e+02, trn/lr 6.58e-02
[2022-02-06 05:27:01,114][INFO] [Epoch  84/200] trn/acc1 9.34e-01, trn/loss 6.72e-01, trn/loss_ce 1.96e-01, trn/loss_wd 9.53e+02, trn/lr 6.51e-02
[2022-02-06 05:27:11,567][INFO] [Epoch  85/200] trn/acc1 9.34e-01, trn/loss 6.73e-01, trn/loss_ce 1.98e-01, trn/loss_wd 9.50e+02, trn/lr 6.43e-02
[2022-02-06 05:27:21,985][INFO] [Epoch  86/200] trn/acc1 9.35e-01, trn/loss 6.68e-01, trn/loss_ce 1.94e-01, trn/loss_wd 9.48e+02, trn/lr 6.35e-02
[2022-02-06 05:27:32,417][INFO] [Epoch  87/200] trn/acc1 9.37e-01, trn/loss 6.63e-01, trn/loss_ce 1.90e-01, trn/loss_wd 9.47e+02, trn/lr 6.27e-02
[2022-02-06 05:27:42,865][INFO] [Epoch  88/200] trn/acc1 9.36e-01, trn/loss 6.61e-01, trn/loss_ce 1.89e-01, trn/loss_wd 9.44e+02, trn/lr 6.20e-02
[2022-02-06 05:27:53,313][INFO] [Epoch  89/200] trn/acc1 9.39e-01, trn/loss 6.53e-01, trn/loss_ce 1.83e-01, trn/loss_wd 9.40e+02, trn/lr 6.12e-02
[2022-02-06 05:28:03,740][INFO] [Epoch  90/200] trn/acc1 9.41e-01, trn/loss 6.43e-01, trn/loss_ce 1.76e-01, trn/loss_wd 9.33e+02, trn/lr 6.04e-02
[2022-02-06 05:28:14,172][INFO] [Epoch  91/200] trn/acc1 9.40e-01, trn/loss 6.42e-01, trn/loss_ce 1.79e-01, trn/loss_wd 9.26e+02, trn/lr 5.96e-02
[2022-02-06 05:28:24,617][INFO] [Epoch  92/200] trn/acc1 9.42e-01, trn/loss 6.37e-01, trn/loss_ce 1.77e-01, trn/loss_wd 9.19e+02, trn/lr 5.88e-02
[2022-02-06 05:28:35,066][INFO] [Epoch  93/200] trn/acc1 9.40e-01, trn/loss 6.37e-01, trn/loss_ce 1.78e-01, trn/loss_wd 9.18e+02, trn/lr 5.80e-02
[2022-02-06 05:28:45,508][INFO] [Epoch  94/200] trn/acc1 9.41e-01, trn/loss 6.37e-01, trn/loss_ce 1.78e-01, trn/loss_wd 9.19e+02, trn/lr 5.72e-02
[2022-02-06 05:28:55,938][INFO] [Epoch  95/200] trn/acc1 9.42e-01, trn/loss 6.32e-01, trn/loss_ce 1.73e-01, trn/loss_wd 9.18e+02, trn/lr 5.64e-02
[2022-02-06 05:29:06,451][INFO] [Epoch  96/200] trn/acc1 9.45e-01, trn/loss 6.23e-01, trn/loss_ce 1.65e-01, trn/loss_wd 9.14e+02, trn/lr 5.56e-02
[2022-02-06 05:29:16,882][INFO] [Epoch  97/200] trn/acc1 9.45e-01, trn/loss 6.19e-01, trn/loss_ce 1.65e-01, trn/loss_wd 9.08e+02, trn/lr 5.48e-02
[2022-02-06 05:29:27,296][INFO] [Epoch  98/200] trn/acc1 9.45e-01, trn/loss 6.17e-01, trn/loss_ce 1.65e-01, trn/loss_wd 9.03e+02, trn/lr 5.40e-02
[2022-02-06 05:29:37,713][INFO] [Epoch  99/200] trn/acc1 9.45e-01, trn/loss 6.14e-01, trn/loss_ce 1.63e-01, trn/loss_wd 9.02e+02, trn/lr 5.32e-02
[2022-02-06 05:29:48,137][INFO] [Epoch 100/200] trn/acc1 9.48e-01, trn/loss 6.06e-01, trn/loss_ce 1.57e-01, trn/loss_wd 8.98e+02, trn/lr 5.24e-02
[2022-02-06 05:29:48,491][INFO] [Epoch 100/200] Validation: val/acc1 0.9072, val/loss_ce 0.3104
[2022-02-06 05:30:04,462][INFO] [Epoch 101/200] trn/acc1 9.48e-01, trn/loss 5.99e-01, trn/loss_ce 1.53e-01, trn/loss_wd 8.91e+02, trn/lr 5.16e-02
[2022-02-06 05:30:14,903][INFO] [Epoch 102/200] trn/acc1 9.49e-01, trn/loss 5.95e-01, trn/loss_ce 1.52e-01, trn/loss_wd 8.86e+02, trn/lr 5.08e-02
[2022-02-06 05:30:25,356][INFO] [Epoch 103/200] trn/acc1 9.50e-01, trn/loss 5.88e-01, trn/loss_ce 1.49e-01, trn/loss_wd 8.79e+02, trn/lr 5.00e-02
[2022-02-06 05:30:35,789][INFO] [Epoch 104/200] trn/acc1 9.48e-01, trn/loss 5.92e-01, trn/loss_ce 1.54e-01, trn/loss_wd 8.76e+02, trn/lr 4.92e-02
[2022-02-06 05:30:46,211][INFO] [Epoch 105/200] trn/acc1 9.50e-01, trn/loss 5.84e-01, trn/loss_ce 1.49e-01, trn/loss_wd 8.71e+02, trn/lr 4.84e-02
[2022-02-06 05:30:56,624][INFO] [Epoch 106/200] trn/acc1 9.53e-01, trn/loss 5.73e-01, trn/loss_ce 1.39e-01, trn/loss_wd 8.66e+02, trn/lr 4.76e-02
[2022-02-06 05:31:07,058][INFO] [Epoch 107/200] trn/acc1 9.53e-01, trn/loss 5.75e-01, trn/loss_ce 1.43e-01, trn/loss_wd 8.63e+02, trn/lr 4.68e-02
[2022-02-06 05:31:17,480][INFO] [Epoch 108/200] trn/acc1 9.55e-01, trn/loss 5.67e-01, trn/loss_ce 1.37e-01, trn/loss_wd 8.60e+02, trn/lr 4.60e-02
[2022-02-06 05:31:27,904][INFO] [Epoch 109/200] trn/acc1 9.55e-01, trn/loss 5.62e-01, trn/loss_ce 1.36e-01, trn/loss_wd 8.52e+02, trn/lr 4.52e-02
[2022-02-06 05:31:38,335][INFO] [Epoch 110/200] trn/acc1 9.57e-01, trn/loss 5.50e-01, trn/loss_ce 1.28e-01, trn/loss_wd 8.44e+02, trn/lr 4.44e-02
[2022-02-06 05:31:48,815][INFO] [Epoch 111/200] trn/acc1 9.58e-01, trn/loss 5.44e-01, trn/loss_ce 1.27e-01, trn/loss_wd 8.34e+02, trn/lr 4.36e-02
[2022-02-06 05:31:59,256][INFO] [Epoch 112/200] trn/acc1 9.58e-01, trn/loss 5.41e-01, trn/loss_ce 1.27e-01, trn/loss_wd 8.28e+02, trn/lr 4.28e-02
[2022-02-06 05:32:09,695][INFO] [Epoch 113/200] trn/acc1 9.58e-01, trn/loss 5.39e-01, trn/loss_ce 1.27e-01, trn/loss_wd 8.26e+02, trn/lr 4.20e-02
[2022-02-06 05:32:20,118][INFO] [Epoch 114/200] trn/acc1 9.59e-01, trn/loss 5.34e-01, trn/loss_ce 1.24e-01, trn/loss_wd 8.22e+02, trn/lr 4.12e-02
[2022-02-06 05:32:30,521][INFO] [Epoch 115/200] trn/acc1 9.61e-01, trn/loss 5.26e-01, trn/loss_ce 1.19e-01, trn/loss_wd 8.15e+02, trn/lr 4.04e-02
[2022-02-06 05:32:40,941][INFO] [Epoch 116/200] trn/acc1 9.59e-01, trn/loss 5.25e-01, trn/loss_ce 1.19e-01, trn/loss_wd 8.10e+02, trn/lr 3.96e-02
[2022-02-06 05:32:51,362][INFO] [Epoch 117/200] trn/acc1 9.62e-01, trn/loss 5.15e-01, trn/loss_ce 1.13e-01, trn/loss_wd 8.04e+02, trn/lr 3.88e-02
[2022-02-06 05:33:01,793][INFO] [Epoch 118/200] trn/acc1 9.64e-01, trn/loss 5.05e-01, trn/loss_ce 1.08e-01, trn/loss_wd 7.93e+02, trn/lr 3.80e-02
[2022-02-06 05:33:12,222][INFO] [Epoch 119/200] trn/acc1 9.66e-01, trn/loss 4.98e-01, trn/loss_ce 1.06e-01, trn/loss_wd 7.83e+02, trn/lr 3.73e-02
[2022-02-06 05:33:22,641][INFO] [Epoch 120/200] trn/acc1 9.65e-01, trn/loss 4.93e-01, trn/loss_ce 1.05e-01, trn/loss_wd 7.75e+02, trn/lr 3.65e-02
[2022-02-06 05:33:22,995][INFO] [Epoch 120/200] Validation: val/acc1 0.9200, val/loss_ce 0.2739
[2022-02-06 05:33:39,074][INFO] [Epoch 121/200] trn/acc1 9.66e-01, trn/loss 4.89e-01, trn/loss_ce 1.04e-01, trn/loss_wd 7.69e+02, trn/lr 3.57e-02
[2022-02-06 05:33:49,505][INFO] [Epoch 122/200] trn/acc1 9.66e-01, trn/loss 4.85e-01, trn/loss_ce 1.04e-01, trn/loss_wd 7.63e+02, trn/lr 3.49e-02
[2022-02-06 05:33:59,915][INFO] [Epoch 123/200] trn/acc1 9.67e-01, trn/loss 4.80e-01, trn/loss_ce 1.02e-01, trn/loss_wd 7.57e+02, trn/lr 3.42e-02
[2022-02-06 05:34:10,351][INFO] [Epoch 124/200] trn/acc1 9.69e-01, trn/loss 4.72e-01, trn/loss_ce 9.67e-02, trn/loss_wd 7.51e+02, trn/lr 3.34e-02
[2022-02-06 05:34:20,776][INFO] [Epoch 125/200] trn/acc1 9.68e-01, trn/loss 4.67e-01, trn/loss_ce 9.53e-02, trn/loss_wd 7.43e+02, trn/lr 3.26e-02
[2022-02-06 05:34:31,204][INFO] [Epoch 126/200] trn/acc1 9.68e-01, trn/loss 4.63e-01, trn/loss_ce 9.41e-02, trn/loss_wd 7.38e+02, trn/lr 3.19e-02
[2022-02-06 05:34:41,620][INFO] [Epoch 127/200] trn/acc1 9.71e-01, trn/loss 4.52e-01, trn/loss_ce 8.65e-02, trn/loss_wd 7.31e+02, trn/lr 3.11e-02
[2022-02-06 05:34:52,059][INFO] [Epoch 128/200] trn/acc1 9.72e-01, trn/loss 4.48e-01, trn/loss_ce 8.66e-02, trn/loss_wd 7.22e+02, trn/lr 3.04e-02
[2022-02-06 05:35:02,498][INFO] [Epoch 129/200] trn/acc1 9.74e-01, trn/loss 4.38e-01, trn/loss_ce 8.13e-02, trn/loss_wd 7.13e+02, trn/lr 2.97e-02
[2022-02-06 05:35:12,926][INFO] [Epoch 130/200] trn/acc1 9.73e-01, trn/loss 4.35e-01, trn/loss_ce 8.25e-02, trn/loss_wd 7.05e+02, trn/lr 2.89e-02
[2022-02-06 05:35:23,337][INFO] [Epoch 131/200] trn/acc1 9.74e-01, trn/loss 4.29e-01, trn/loss_ce 7.95e-02, trn/loss_wd 6.99e+02, trn/lr 2.82e-02
[2022-02-06 05:35:33,770][INFO] [Epoch 132/200] trn/acc1 9.78e-01, trn/loss 4.14e-01, trn/loss_ce 7.06e-02, trn/loss_wd 6.88e+02, trn/lr 2.75e-02
[2022-02-06 05:35:44,208][INFO] [Epoch 133/200] trn/acc1 9.74e-01, trn/loss 4.18e-01, trn/loss_ce 7.88e-02, trn/loss_wd 6.79e+02, trn/lr 2.68e-02
[2022-02-06 05:35:54,637][INFO] [Epoch 134/200] trn/acc1 9.78e-01, trn/loss 4.04e-01, trn/loss_ce 6.81e-02, trn/loss_wd 6.72e+02, trn/lr 2.61e-02
[2022-02-06 05:36:05,060][INFO] [Epoch 135/200] trn/acc1 9.79e-01, trn/loss 3.97e-01, trn/loss_ce 6.65e-02, trn/loss_wd 6.61e+02, trn/lr 2.54e-02
[2022-02-06 05:36:15,471][INFO] [Epoch 136/200] trn/acc1 9.79e-01, trn/loss 3.93e-01, trn/loss_ce 6.70e-02, trn/loss_wd 6.51e+02, trn/lr 2.47e-02
[2022-02-06 05:36:25,886][INFO] [Epoch 137/200] trn/acc1 9.77e-01, trn/loss 3.90e-01, trn/loss_ce 6.81e-02, trn/loss_wd 6.45e+02, trn/lr 2.40e-02
[2022-02-06 05:36:36,329][INFO] [Epoch 138/200] trn/acc1 9.80e-01, trn/loss 3.79e-01, trn/loss_ce 6.05e-02, trn/loss_wd 6.36e+02, trn/lr 2.33e-02
[2022-02-06 05:36:46,780][INFO] [Epoch 139/200] trn/acc1 9.82e-01, trn/loss 3.69e-01, trn/loss_ce 5.57e-02, trn/loss_wd 6.26e+02, trn/lr 2.26e-02
[2022-02-06 05:36:57,225][INFO] [Epoch 140/200] trn/acc1 9.81e-01, trn/loss 3.67e-01, trn/loss_ce 5.82e-02, trn/loss_wd 6.17e+02, trn/lr 2.19e-02
[2022-02-06 05:36:57,580][INFO] [Epoch 140/200] Validation: val/acc1 0.9342, val/loss_ce 0.2517
[2022-02-06 05:37:13,516][INFO] [Epoch 141/200] trn/acc1 9.83e-01, trn/loss 3.58e-01, trn/loss_ce 5.34e-02, trn/loss_wd 6.09e+02, trn/lr 2.13e-02
[2022-02-06 05:37:23,933][INFO] [Epoch 142/200] trn/acc1 9.83e-01, trn/loss 3.53e-01, trn/loss_ce 5.29e-02, trn/loss_wd 6.00e+02, trn/lr 2.06e-02
[2022-02-06 05:37:34,344][INFO] [Epoch 143/200] trn/acc1 9.84e-01, trn/loss 3.46e-01, trn/loss_ce 5.07e-02, trn/loss_wd 5.91e+02, trn/lr 2.00e-02
[2022-02-06 05:37:44,789][INFO] [Epoch 144/200] trn/acc1 9.86e-01, trn/loss 3.35e-01, trn/loss_ce 4.46e-02, trn/loss_wd 5.81e+02, trn/lr 1.93e-02
[2022-02-06 05:37:55,245][INFO] [Epoch 145/200] trn/acc1 9.87e-01, trn/loss 3.29e-01, trn/loss_ce 4.33e-02, trn/loss_wd 5.72e+02, trn/lr 1.87e-02
[2022-02-06 05:38:05,713][INFO] [Epoch 146/200] trn/acc1 9.87e-01, trn/loss 3.24e-01, trn/loss_ce 4.23e-02, trn/loss_wd 5.63e+02, trn/lr 1.81e-02
[2022-02-06 05:38:16,171][INFO] [Epoch 147/200] trn/acc1 9.87e-01, trn/loss 3.16e-01, trn/loss_ce 3.92e-02, trn/loss_wd 5.53e+02, trn/lr 1.75e-02
[2022-02-06 05:38:26,623][INFO] [Epoch 148/200] trn/acc1 9.88e-01, trn/loss 3.13e-01, trn/loss_ce 4.12e-02, trn/loss_wd 5.44e+02, trn/lr 1.68e-02
[2022-02-06 05:38:37,048][INFO] [Epoch 149/200] trn/acc1 9.88e-01, trn/loss 3.06e-01, trn/loss_ce 3.79e-02, trn/loss_wd 5.36e+02, trn/lr 1.62e-02
[2022-02-06 05:38:47,474][INFO] [Epoch 150/200] trn/acc1 9.90e-01, trn/loss 2.95e-01, trn/loss_ce 3.17e-02, trn/loss_wd 5.27e+02, trn/lr 1.57e-02
[2022-02-06 05:38:57,911][INFO] [Epoch 151/200] trn/acc1 9.91e-01, trn/loss 2.87e-01, trn/loss_ce 2.94e-02, trn/loss_wd 5.15e+02, trn/lr 1.51e-02
[2022-02-06 05:39:08,351][INFO] [Epoch 152/200] trn/acc1 9.90e-01, trn/loss 2.84e-01, trn/loss_ce 3.14e-02, trn/loss_wd 5.05e+02, trn/lr 1.45e-02
[2022-02-06 05:39:18,797][INFO] [Epoch 153/200] trn/acc1 9.92e-01, trn/loss 2.76e-01, trn/loss_ce 2.76e-02, trn/loss_wd 4.96e+02, trn/lr 1.39e-02
[2022-02-06 05:39:29,224][INFO] [Epoch 154/200] trn/acc1 9.93e-01, trn/loss 2.67e-01, trn/loss_ce 2.43e-02, trn/loss_wd 4.86e+02, trn/lr 1.34e-02
[2022-02-06 05:39:39,667][INFO] [Epoch 155/200] trn/acc1 9.93e-01, trn/loss 2.63e-01, trn/loss_ce 2.46e-02, trn/loss_wd 4.76e+02, trn/lr 1.28e-02
[2022-02-06 05:39:50,090][INFO] [Epoch 156/200] trn/acc1 9.95e-01, trn/loss 2.53e-01, trn/loss_ce 2.00e-02, trn/loss_wd 4.66e+02, trn/lr 1.23e-02
[2022-02-06 05:40:00,530][INFO] [Epoch 157/200] trn/acc1 9.95e-01, trn/loss 2.46e-01, trn/loss_ce 1.80e-02, trn/loss_wd 4.56e+02, trn/lr 1.18e-02
[2022-02-06 05:40:10,981][INFO] [Epoch 158/200] trn/acc1 9.95e-01, trn/loss 2.38e-01, trn/loss_ce 1.60e-02, trn/loss_wd 4.45e+02, trn/lr 1.13e-02
[2022-02-06 05:40:21,420][INFO] [Epoch 159/200] trn/acc1 9.96e-01, trn/loss 2.34e-01, trn/loss_ce 1.67e-02, trn/loss_wd 4.35e+02, trn/lr 1.08e-02
[2022-02-06 05:40:31,854][INFO] [Epoch 160/200] trn/acc1 9.96e-01, trn/loss 2.29e-01, trn/loss_ce 1.58e-02, trn/loss_wd 4.27e+02, trn/lr 1.03e-02
[2022-02-06 05:40:32,209][INFO] [Epoch 160/200] Validation: val/acc1 0.9462, val/loss_ce 0.2230
[2022-02-06 05:40:48,231][INFO] [Epoch 161/200] trn/acc1 9.96e-01, trn/loss 2.25e-01, trn/loss_ce 1.57e-02, trn/loss_wd 4.19e+02, trn/lr 9.79e-03
[2022-02-06 05:40:58,661][INFO] [Epoch 162/200] trn/acc1 9.97e-01, trn/loss 2.17e-01, trn/loss_ce 1.22e-02, trn/loss_wd 4.10e+02, trn/lr 9.31e-03
[2022-02-06 05:41:09,097][INFO] [Epoch 163/200] trn/acc1 9.97e-01, trn/loss 2.13e-01, trn/loss_ce 1.24e-02, trn/loss_wd 4.02e+02, trn/lr 8.85e-03
[2022-02-06 05:41:19,530][INFO] [Epoch 164/200] trn/acc1 9.98e-01, trn/loss 2.06e-01, trn/loss_ce 8.90e-03, trn/loss_wd 3.94e+02, trn/lr 8.40e-03
[2022-02-06 05:41:29,947][INFO] [Epoch 165/200] trn/acc1 9.98e-01, trn/loss 2.02e-01, trn/loss_ce 8.84e-03, trn/loss_wd 3.86e+02, trn/lr 7.96e-03
[2022-02-06 05:41:40,376][INFO] [Epoch 166/200] trn/acc1 9.98e-01, trn/loss 1.98e-01, trn/loss_ce 8.76e-03, trn/loss_wd 3.78e+02, trn/lr 7.53e-03
[2022-02-06 05:41:50,798][INFO] [Epoch 167/200] trn/acc1 9.98e-01, trn/loss 1.94e-01, trn/loss_ce 7.95e-03, trn/loss_wd 3.71e+02, trn/lr 7.11e-03
[2022-02-06 05:42:01,230][INFO] [Epoch 168/200] trn/acc1 9.99e-01, trn/loss 1.89e-01, trn/loss_ce 6.46e-03, trn/loss_wd 3.65e+02, trn/lr 6.70e-03
[2022-02-06 05:42:11,662][INFO] [Epoch 169/200] trn/acc1 9.99e-01, trn/loss 1.85e-01, trn/loss_ce 5.84e-03, trn/loss_wd 3.58e+02, trn/lr 6.30e-03
[2022-02-06 05:42:22,094][INFO] [Epoch 170/200] trn/acc1 1.00e+00, trn/loss 1.80e-01, trn/loss_ce 3.55e-03, trn/loss_wd 3.52e+02, trn/lr 5.92e-03
[2022-02-06 05:42:32,591][INFO] [Epoch 171/200] trn/acc1 9.99e-01, trn/loss 1.77e-01, trn/loss_ce 3.72e-03, trn/loss_wd 3.46e+02, trn/lr 5.54e-03
[2022-02-06 05:42:43,010][INFO] [Epoch 172/200] trn/acc1 1.00e+00, trn/loss 1.73e-01, trn/loss_ce 3.17e-03, trn/loss_wd 3.40e+02, trn/lr 5.18e-03
[2022-02-06 05:42:53,439][INFO] [Epoch 173/200] trn/acc1 9.99e-01, trn/loss 1.72e-01, trn/loss_ce 4.05e-03, trn/loss_wd 3.35e+02, trn/lr 4.83e-03
[2022-02-06 05:43:03,868][INFO] [Epoch 174/200] trn/acc1 1.00e+00, trn/loss 1.68e-01, trn/loss_ce 3.08e-03, trn/loss_wd 3.31e+02, trn/lr 4.49e-03
[2022-02-06 05:43:14,321][INFO] [Epoch 175/200] trn/acc1 1.00e+00, trn/loss 1.66e-01, trn/loss_ce 2.47e-03, trn/loss_wd 3.26e+02, trn/lr 4.16e-03
[2022-02-06 05:43:24,752][INFO] [Epoch 176/200] trn/acc1 1.00e+00, trn/loss 1.63e-01, trn/loss_ce 2.29e-03, trn/loss_wd 3.22e+02, trn/lr 3.85e-03
[2022-02-06 05:43:35,199][INFO] [Epoch 177/200] trn/acc1 1.00e+00, trn/loss 1.62e-01, trn/loss_ce 2.50e-03, trn/loss_wd 3.18e+02, trn/lr 3.54e-03
[2022-02-06 05:43:45,634][INFO] [Epoch 178/200] trn/acc1 1.00e+00, trn/loss 1.60e-01, trn/loss_ce 2.37e-03, trn/loss_wd 3.15e+02, trn/lr 3.25e-03
[2022-02-06 05:43:56,063][INFO] [Epoch 179/200] trn/acc1 1.00e+00, trn/loss 1.58e-01, trn/loss_ce 2.04e-03, trn/loss_wd 3.12e+02, trn/lr 2.97e-03
[2022-02-06 05:44:06,509][INFO] [Epoch 180/200] trn/acc1 1.00e+00, trn/loss 1.57e-01, trn/loss_ce 2.10e-03, trn/loss_wd 3.09e+02, trn/lr 2.70e-03
[2022-02-06 05:44:06,864][INFO] [Epoch 180/200] Validation: val/acc1 0.9588, val/loss_ce 0.1831
[2022-02-06 05:44:22,715][INFO] [Epoch 181/200] trn/acc1 1.00e+00, trn/loss 1.55e-01, trn/loss_ce 2.12e-03, trn/loss_wd 3.07e+02, trn/lr 2.45e-03
[2022-02-06 05:44:23,068][INFO] [Epoch 181/200] Validation: val/acc1 0.9596, val/loss_ce 0.1774
[2022-02-06 05:44:38,758][INFO] [Epoch 182/200] trn/acc1 1.00e+00, trn/loss 1.54e-01, trn/loss_ce 2.03e-03, trn/loss_wd 3.04e+02, trn/lr 2.21e-03
[2022-02-06 05:44:39,111][INFO] [Epoch 182/200] Validation: val/acc1 0.9614, val/loss_ce 0.1770
[2022-02-06 05:44:55,854][INFO] [Epoch 183/200] trn/acc1 1.00e+00, trn/loss 1.53e-01, trn/loss_ce 1.97e-03, trn/loss_wd 3.02e+02, trn/lr 1.97e-03
[2022-02-06 05:44:56,212][INFO] [Epoch 183/200] Validation: val/acc1 0.9604, val/loss_ce 0.1748
[2022-02-06 05:45:11,834][INFO] [Epoch 184/200] trn/acc1 1.00e+00, trn/loss 1.52e-01, trn/loss_ce 1.97e-03, trn/loss_wd 3.01e+02, trn/lr 1.76e-03
[2022-02-06 05:45:12,188][INFO] [Epoch 184/200] Validation: val/acc1 0.9606, val/loss_ce 0.1772
[2022-02-06 05:45:23,183][INFO] [Epoch 185/200] trn/acc1 1.00e+00, trn/loss 1.51e-01, trn/loss_ce 1.91e-03, trn/loss_wd 2.99e+02, trn/lr 1.55e-03
[2022-02-06 05:45:23,535][INFO] [Epoch 185/200] Validation: val/acc1 0.9592, val/loss_ce 0.1745
[2022-02-06 05:45:36,821][INFO] [Epoch 186/200] trn/acc1 1.00e+00, trn/loss 1.51e-01, trn/loss_ce 1.85e-03, trn/loss_wd 2.98e+02, trn/lr 1.36e-03
[2022-02-06 05:45:37,177][INFO] [Epoch 186/200] Validation: val/acc1 0.9592, val/loss_ce 0.1728
[2022-02-06 05:45:50,333][INFO] [Epoch 187/200] trn/acc1 1.00e+00, trn/loss 1.50e-01, trn/loss_ce 1.79e-03, trn/loss_wd 2.96e+02, trn/lr 1.18e-03
[2022-02-06 05:45:50,688][INFO] [Epoch 187/200] Validation: val/acc1 0.9594, val/loss_ce 0.1719
[2022-02-06 05:46:03,946][INFO] [Epoch 188/200] trn/acc1 1.00e+00, trn/loss 1.50e-01, trn/loss_ce 1.88e-03, trn/loss_wd 2.95e+02, trn/lr 1.01e-03
[2022-02-06 05:46:04,300][INFO] [Epoch 188/200] Validation: val/acc1 0.9602, val/loss_ce 0.1721
[2022-02-06 05:46:15,255][INFO] [Epoch 189/200] trn/acc1 1.00e+00, trn/loss 1.49e-01, trn/loss_ce 1.95e-03, trn/loss_wd 2.94e+02, trn/lr 8.56e-04
[2022-02-06 05:46:15,608][INFO] [Epoch 189/200] Validation: val/acc1 0.9588, val/loss_ce 0.1736
[2022-02-06 05:46:26,564][INFO] [Epoch 190/200] trn/acc1 1.00e+00, trn/loss 1.49e-01, trn/loss_ce 1.98e-03, trn/loss_wd 2.94e+02, trn/lr 7.14e-04
[2022-02-06 05:46:26,918][INFO] [Epoch 190/200] Validation: val/acc1 0.9600, val/loss_ce 0.1730
[2022-02-06 05:46:37,879][INFO] [Epoch 191/200] trn/acc1 1.00e+00, trn/loss 1.48e-01, trn/loss_ce 1.85e-03, trn/loss_wd 2.93e+02, trn/lr 5.85e-04
[2022-02-06 05:46:38,233][INFO] [Epoch 191/200] Validation: val/acc1 0.9594, val/loss_ce 0.1716
[2022-02-06 05:46:51,560][INFO] [Epoch 192/200] trn/acc1 1.00e+00, trn/loss 1.48e-01, trn/loss_ce 1.82e-03, trn/loss_wd 2.93e+02, trn/lr 4.69e-04
[2022-02-06 05:46:51,913][INFO] [Epoch 192/200] Validation: val/acc1 0.9596, val/loss_ce 0.1716
[2022-02-06 05:47:02,853][INFO] [Epoch 193/200] trn/acc1 1.00e+00, trn/loss 1.48e-01, trn/loss_ce 1.84e-03, trn/loss_wd 2.92e+02, trn/lr 3.65e-04
[2022-02-06 05:47:03,206][INFO] [Epoch 193/200] Validation: val/acc1 0.9602, val/loss_ce 0.1704
[2022-02-06 05:47:16,426][INFO] [Epoch 194/200] trn/acc1 1.00e+00, trn/loss 1.48e-01, trn/loss_ce 1.86e-03, trn/loss_wd 2.92e+02, trn/lr 2.75e-04
[2022-02-06 05:47:16,780][INFO] [Epoch 194/200] Validation: val/acc1 0.9592, val/loss_ce 0.1708
[2022-02-06 05:47:27,853][INFO] [Epoch 195/200] trn/acc1 1.00e+00, trn/loss 1.48e-01, trn/loss_ce 1.84e-03, trn/loss_wd 2.92e+02, trn/lr 1.97e-04
[2022-02-06 05:47:28,207][INFO] [Epoch 195/200] Validation: val/acc1 0.9604, val/loss_ce 0.1698
[2022-02-06 05:47:41,690][INFO] [Epoch 196/200] trn/acc1 1.00e+00, trn/loss 1.48e-01, trn/loss_ce 1.94e-03, trn/loss_wd 2.92e+02, trn/lr 1.32e-04
[2022-02-06 05:47:42,044][INFO] [Epoch 196/200] Validation: val/acc1 0.9600, val/loss_ce 0.1696
[2022-02-06 05:47:55,417][INFO] [Epoch 197/200] trn/acc1 1.00e+00, trn/loss 1.48e-01, trn/loss_ce 1.90e-03, trn/loss_wd 2.91e+02, trn/lr 8.01e-05
[2022-02-06 05:47:55,772][INFO] [Epoch 197/200] Validation: val/acc1 0.9602, val/loss_ce 0.1710
[2022-02-06 05:48:06,746][INFO] [Epoch 198/200] trn/acc1 1.00e+00, trn/loss 1.48e-01, trn/loss_ce 1.87e-03, trn/loss_wd 2.91e+02, trn/lr 4.11e-05
[2022-02-06 05:48:07,103][INFO] [Epoch 198/200] Validation: val/acc1 0.9596, val/loss_ce 0.1699
[2022-02-06 05:48:18,083][INFO] [Epoch 199/200] trn/acc1 1.00e+00, trn/loss 1.48e-01, trn/loss_ce 1.92e-03, trn/loss_wd 2.91e+02, trn/lr 1.52e-05
[2022-02-06 05:48:18,436][INFO] [Epoch 199/200] Validation: val/acc1 0.9598, val/loss_ce 0.1701
[2022-02-06 05:48:29,400][INFO] [Epoch 200/200] trn/acc1 1.00e+00, trn/loss 1.48e-01, trn/loss_ce 1.91e-03, trn/loss_wd 2.91e+02, trn/lr 2.17e-06
[2022-02-06 05:48:29,754][INFO] [Epoch 200/200] Validation: val/acc1 0.9602, val/loss_ce 0.1705
