[2022-02-07 15:53:33,988][INFO] Environments:
------------  ---------------------------------------------------------------------------
sys.platform  linux
Python        3.7.11 (default, Nov 23 2021, 05:29:02) [GCC 7.5.0]
JAX           0.2.27 @/mnt/data1/giung/venvs/jax0.2.27/lib/python3.7/site-packages/jax
jaxlib        0.1.75 @/mnt/data1/giung/venvs/jax0.2.27/lib/python3.7/site-packages/jaxlib
Flax          0.4.0 @/mnt/data1/giung/venvs/jax0.2.27/lib/python3.7/site-packages/flax
Optax         0.1.0 @/mnt/data1/giung/venvs/jax0.2.27/lib/python3.7/site-packages/optax
------------  ---------------------------------------------------------------------------

[2022-02-07 15:53:33,988][INFO] Command line arguments:
Namespace(batch_size=128, config_file='./configs/C10_VGG19-ReLU_SGD.yaml', keep_every_n_checkpoints=None, learning_rate=0.05, num_epochs=200, num_warmup_epochs=5, opts=[], output_dir='./outputs/C10_VGG19-ReLU/SGD/s42_e200_wd5e-4/', seed=42, weight_decay=0.0005)

[2022-02-07 15:53:33,988][INFO] Using a random seed 42

[2022-02-07 15:53:34,098][INFO] Unable to initialize backend 'tpu_driver': NOT_FOUND: Unable to find driver in registry given worker: 
[2022-02-07 15:53:34,362][INFO] Unable to initialize backend 'tpu': INVALID_ARGUMENT: TpuPlatform is not available.
[2022-02-07 15:55:00,771][INFO] Found no checkpoint files in outputs/C10_VGG19-ReLU/SGD/s42_e200_wd5e-4
[2022-02-07 15:55:16,708][INFO] [Epoch   1/200] trn/acc1 2.76e-01, trn/loss 5.22e+00, trn/loss_ce 1.96e+00, trn/loss_wd 6.50e+03, trn/lr 4.99e-03
[2022-02-07 15:55:18,683][INFO] [Epoch   1/200] Validation: val/acc1 0.3558, val/loss_ce 1.7099
[2022-02-07 15:55:34,806][INFO] [Epoch   2/200] trn/acc1 3.96e-01, trn/loss 4.79e+00, trn/loss_ce 1.64e+00, trn/loss_wd 6.30e+03, trn/lr 1.50e-02
[2022-02-07 15:55:40,604][INFO] [Epoch   3/200] trn/acc1 4.60e-01, trn/loss 4.43e+00, trn/loss_ce 1.48e+00, trn/loss_wd 5.91e+03, trn/lr 2.50e-02
[2022-02-07 15:55:46,376][INFO] [Epoch   4/200] trn/acc1 5.51e-01, trn/loss 3.96e+00, trn/loss_ce 1.26e+00, trn/loss_wd 5.39e+03, trn/lr 3.50e-02
[2022-02-07 15:55:52,179][INFO] [Epoch   5/200] trn/acc1 6.07e-01, trn/loss 3.52e+00, trn/loss_ce 1.12e+00, trn/loss_wd 4.78e+03, trn/lr 4.50e-02
[2022-02-07 15:55:57,968][INFO] [Epoch   6/200] trn/acc1 6.72e-01, trn/loss 3.04e+00, trn/loss_ce 9.58e-01, trn/loss_wd 4.16e+03, trn/lr 5.00e-02
[2022-02-07 15:56:03,774][INFO] [Epoch   7/200] trn/acc1 7.14e-01, trn/loss 2.66e+00, trn/loss_ce 8.51e-01, trn/loss_wd 3.62e+03, trn/lr 5.00e-02
[2022-02-07 15:56:09,586][INFO] [Epoch   8/200] trn/acc1 7.46e-01, trn/loss 2.34e+00, trn/loss_ce 7.66e-01, trn/loss_wd 3.16e+03, trn/lr 5.00e-02
[2022-02-07 15:56:15,408][INFO] [Epoch   9/200] trn/acc1 7.66e-01, trn/loss 2.10e+00, trn/loss_ce 7.10e-01, trn/loss_wd 2.78e+03, trn/lr 5.00e-02
[2022-02-07 15:56:21,228][INFO] [Epoch  10/200] trn/acc1 7.81e-01, trn/loss 1.89e+00, trn/loss_ce 6.66e-01, trn/loss_wd 2.46e+03, trn/lr 4.99e-02
[2022-02-07 15:56:27,066][INFO] [Epoch  11/200] trn/acc1 7.95e-01, trn/loss 1.72e+00, trn/loss_ce 6.27e-01, trn/loss_wd 2.19e+03, trn/lr 4.99e-02
[2022-02-07 15:56:32,915][INFO] [Epoch  12/200] trn/acc1 8.07e-01, trn/loss 1.58e+00, trn/loss_ce 5.94e-01, trn/loss_wd 1.96e+03, trn/lr 4.99e-02
[2022-02-07 15:56:38,762][INFO] [Epoch  13/200] trn/acc1 8.17e-01, trn/loss 1.46e+00, trn/loss_ce 5.70e-01, trn/loss_wd 1.78e+03, trn/lr 4.98e-02
[2022-02-07 15:56:44,604][INFO] [Epoch  14/200] trn/acc1 8.22e-01, trn/loss 1.36e+00, trn/loss_ce 5.50e-01, trn/loss_wd 1.62e+03, trn/lr 4.98e-02
[2022-02-07 15:56:50,450][INFO] [Epoch  15/200] trn/acc1 8.28e-01, trn/loss 1.28e+00, trn/loss_ce 5.32e-01, trn/loss_wd 1.49e+03, trn/lr 4.97e-02
[2022-02-07 15:56:56,296][INFO] [Epoch  16/200] trn/acc1 8.35e-01, trn/loss 1.21e+00, trn/loss_ce 5.12e-01, trn/loss_wd 1.39e+03, trn/lr 4.96e-02
[2022-02-07 15:57:02,138][INFO] [Epoch  17/200] trn/acc1 8.41e-01, trn/loss 1.14e+00, trn/loss_ce 4.96e-01, trn/loss_wd 1.30e+03, trn/lr 4.96e-02
[2022-02-07 15:57:08,088][INFO] [Epoch  18/200] trn/acc1 8.46e-01, trn/loss 1.09e+00, trn/loss_ce 4.79e-01, trn/loss_wd 1.23e+03, trn/lr 4.95e-02
[2022-02-07 15:57:13,943][INFO] [Epoch  19/200] trn/acc1 8.46e-01, trn/loss 1.06e+00, trn/loss_ce 4.82e-01, trn/loss_wd 1.17e+03, trn/lr 4.94e-02
[2022-02-07 15:57:19,790][INFO] [Epoch  20/200] trn/acc1 8.52e-01, trn/loss 1.02e+00, trn/loss_ce 4.60e-01, trn/loss_wd 1.12e+03, trn/lr 4.93e-02
[2022-02-07 15:57:19,942][INFO] [Epoch  20/200] Validation: val/acc1 0.8452, val/loss_ce 0.4872
[2022-02-07 15:57:38,986][INFO] [Epoch  21/200] trn/acc1 8.57e-01, trn/loss 9.82e-01, trn/loss_ce 4.42e-01, trn/loss_wd 1.08e+03, trn/lr 4.92e-02
[2022-02-07 15:57:44,828][INFO] [Epoch  22/200] trn/acc1 8.59e-01, trn/loss 9.60e-01, trn/loss_ce 4.37e-01, trn/loss_wd 1.05e+03, trn/lr 4.91e-02
[2022-02-07 15:57:50,654][INFO] [Epoch  23/200] trn/acc1 8.60e-01, trn/loss 9.38e-01, trn/loss_ce 4.29e-01, trn/loss_wd 1.02e+03, trn/lr 4.90e-02
[2022-02-07 15:57:56,495][INFO] [Epoch  24/200] trn/acc1 8.64e-01, trn/loss 9.30e-01, trn/loss_ce 4.30e-01, trn/loss_wd 1.00e+03, trn/lr 4.89e-02
[2022-02-07 15:58:02,335][INFO] [Epoch  25/200] trn/acc1 8.69e-01, trn/loss 9.06e-01, trn/loss_ce 4.13e-01, trn/loss_wd 9.84e+02, trn/lr 4.88e-02
[2022-02-07 15:58:08,179][INFO] [Epoch  26/200] trn/acc1 8.72e-01, trn/loss 8.85e-01, trn/loss_ce 4.00e-01, trn/loss_wd 9.69e+02, trn/lr 4.86e-02
[2022-02-07 15:58:14,033][INFO] [Epoch  27/200] trn/acc1 8.74e-01, trn/loss 8.71e-01, trn/loss_ce 3.94e-01, trn/loss_wd 9.55e+02, trn/lr 4.85e-02
[2022-02-07 15:58:19,876][INFO] [Epoch  28/200] trn/acc1 8.76e-01, trn/loss 8.62e-01, trn/loss_ce 3.89e-01, trn/loss_wd 9.46e+02, trn/lr 4.84e-02
[2022-02-07 15:58:25,733][INFO] [Epoch  29/200] trn/acc1 8.75e-01, trn/loss 8.64e-01, trn/loss_ce 3.93e-01, trn/loss_wd 9.42e+02, trn/lr 4.82e-02
[2022-02-07 15:58:31,588][INFO] [Epoch  30/200] trn/acc1 8.79e-01, trn/loss 8.44e-01, trn/loss_ce 3.75e-01, trn/loss_wd 9.37e+02, trn/lr 4.81e-02
[2022-02-07 15:58:37,441][INFO] [Epoch  31/200] trn/acc1 8.80e-01, trn/loss 8.46e-01, trn/loss_ce 3.79e-01, trn/loss_wd 9.34e+02, trn/lr 4.79e-02
[2022-02-07 15:58:43,300][INFO] [Epoch  32/200] trn/acc1 8.79e-01, trn/loss 8.40e-01, trn/loss_ce 3.73e-01, trn/loss_wd 9.33e+02, trn/lr 4.78e-02
[2022-02-07 15:58:49,173][INFO] [Epoch  33/200] trn/acc1 8.83e-01, trn/loss 8.29e-01, trn/loss_ce 3.63e-01, trn/loss_wd 9.32e+02, trn/lr 4.76e-02
[2022-02-07 15:58:55,039][INFO] [Epoch  34/200] trn/acc1 8.85e-01, trn/loss 8.29e-01, trn/loss_ce 3.62e-01, trn/loss_wd 9.33e+02, trn/lr 4.74e-02
[2022-02-07 15:59:00,912][INFO] [Epoch  35/200] trn/acc1 8.83e-01, trn/loss 8.34e-01, trn/loss_ce 3.66e-01, trn/loss_wd 9.36e+02, trn/lr 4.72e-02
[2022-02-07 15:59:06,777][INFO] [Epoch  36/200] trn/acc1 8.90e-01, trn/loss 8.15e-01, trn/loss_ce 3.47e-01, trn/loss_wd 9.37e+02, trn/lr 4.70e-02
[2022-02-07 15:59:12,644][INFO] [Epoch  37/200] trn/acc1 8.90e-01, trn/loss 8.04e-01, trn/loss_ce 3.38e-01, trn/loss_wd 9.32e+02, trn/lr 4.68e-02
[2022-02-07 15:59:18,513][INFO] [Epoch  38/200] trn/acc1 8.89e-01, trn/loss 8.16e-01, trn/loss_ce 3.48e-01, trn/loss_wd 9.35e+02, trn/lr 4.67e-02
[2022-02-07 15:59:24,391][INFO] [Epoch  39/200] trn/acc1 8.96e-01, trn/loss 7.94e-01, trn/loss_ce 3.27e-01, trn/loss_wd 9.34e+02, trn/lr 4.64e-02
[2022-02-07 15:59:30,266][INFO] [Epoch  40/200] trn/acc1 8.96e-01, trn/loss 7.98e-01, trn/loss_ce 3.32e-01, trn/loss_wd 9.31e+02, trn/lr 4.62e-02
[2022-02-07 15:59:30,422][INFO] [Epoch  40/200] Validation: val/acc1 0.8488, val/loss_ce 0.4705
[2022-02-07 16:00:06,025][INFO] [Epoch  41/200] trn/acc1 8.96e-01, trn/loss 7.94e-01, trn/loss_ce 3.29e-01, trn/loss_wd 9.30e+02, trn/lr 4.60e-02
[2022-02-07 16:00:11,849][INFO] [Epoch  42/200] trn/acc1 8.97e-01, trn/loss 7.84e-01, trn/loss_ce 3.21e-01, trn/loss_wd 9.25e+02, trn/lr 4.58e-02
[2022-02-07 16:00:17,681][INFO] [Epoch  43/200] trn/acc1 8.93e-01, trn/loss 7.91e-01, trn/loss_ce 3.28e-01, trn/loss_wd 9.27e+02, trn/lr 4.56e-02
[2022-02-07 16:00:23,509][INFO] [Epoch  44/200] trn/acc1 9.01e-01, trn/loss 7.72e-01, trn/loss_ce 3.08e-01, trn/loss_wd 9.29e+02, trn/lr 4.53e-02
[2022-02-07 16:00:29,339][INFO] [Epoch  45/200] trn/acc1 9.00e-01, trn/loss 7.73e-01, trn/loss_ce 3.08e-01, trn/loss_wd 9.29e+02, trn/lr 4.51e-02
[2022-02-07 16:00:35,184][INFO] [Epoch  46/200] trn/acc1 8.99e-01, trn/loss 7.75e-01, trn/loss_ce 3.12e-01, trn/loss_wd 9.27e+02, trn/lr 4.49e-02
[2022-02-07 16:00:41,089][INFO] [Epoch  47/200] trn/acc1 9.03e-01, trn/loss 7.66e-01, trn/loss_ce 3.02e-01, trn/loss_wd 9.28e+02, trn/lr 4.46e-02
[2022-02-07 16:00:46,944][INFO] [Epoch  48/200] trn/acc1 9.03e-01, trn/loss 7.63e-01, trn/loss_ce 2.99e-01, trn/loss_wd 9.28e+02, trn/lr 4.44e-02
[2022-02-07 16:00:52,811][INFO] [Epoch  49/200] trn/acc1 9.06e-01, trn/loss 7.58e-01, trn/loss_ce 2.95e-01, trn/loss_wd 9.27e+02, trn/lr 4.41e-02
[2022-02-07 16:00:58,667][INFO] [Epoch  50/200] trn/acc1 9.05e-01, trn/loss 7.63e-01, trn/loss_ce 2.98e-01, trn/loss_wd 9.31e+02, trn/lr 4.38e-02
[2022-02-07 16:01:04,518][INFO] [Epoch  51/200] trn/acc1 9.04e-01, trn/loss 7.59e-01, trn/loss_ce 2.94e-01, trn/loss_wd 9.31e+02, trn/lr 4.36e-02
[2022-02-07 16:01:10,408][INFO] [Epoch  52/200] trn/acc1 9.07e-01, trn/loss 7.53e-01, trn/loss_ce 2.88e-01, trn/loss_wd 9.29e+02, trn/lr 4.33e-02
[2022-02-07 16:01:16,279][INFO] [Epoch  53/200] trn/acc1 9.08e-01, trn/loss 7.47e-01, trn/loss_ce 2.82e-01, trn/loss_wd 9.28e+02, trn/lr 4.30e-02
[2022-02-07 16:01:22,149][INFO] [Epoch  54/200] trn/acc1 9.09e-01, trn/loss 7.46e-01, trn/loss_ce 2.83e-01, trn/loss_wd 9.27e+02, trn/lr 4.27e-02
[2022-02-07 16:01:28,023][INFO] [Epoch  55/200] trn/acc1 9.11e-01, trn/loss 7.40e-01, trn/loss_ce 2.77e-01, trn/loss_wd 9.25e+02, trn/lr 4.25e-02
[2022-02-07 16:01:33,898][INFO] [Epoch  56/200] trn/acc1 9.12e-01, trn/loss 7.36e-01, trn/loss_ce 2.75e-01, trn/loss_wd 9.24e+02, trn/lr 4.22e-02
[2022-02-07 16:01:39,772][INFO] [Epoch  57/200] trn/acc1 9.13e-01, trn/loss 7.34e-01, trn/loss_ce 2.73e-01, trn/loss_wd 9.22e+02, trn/lr 4.19e-02
[2022-02-07 16:01:45,643][INFO] [Epoch  58/200] trn/acc1 9.12e-01, trn/loss 7.34e-01, trn/loss_ce 2.74e-01, trn/loss_wd 9.21e+02, trn/lr 4.16e-02
[2022-02-07 16:01:51,593][INFO] [Epoch  59/200] trn/acc1 9.12e-01, trn/loss 7.35e-01, trn/loss_ce 2.73e-01, trn/loss_wd 9.25e+02, trn/lr 4.13e-02
[2022-02-07 16:01:57,466][INFO] [Epoch  60/200] trn/acc1 9.17e-01, trn/loss 7.21e-01, trn/loss_ce 2.59e-01, trn/loss_wd 9.23e+02, trn/lr 4.10e-02
[2022-02-07 16:01:57,618][INFO] [Epoch  60/200] Validation: val/acc1 0.8860, val/loss_ce 0.4041
[2022-02-07 16:02:24,355][INFO] [Epoch  61/200] trn/acc1 9.17e-01, trn/loss 7.18e-01, trn/loss_ce 2.58e-01, trn/loss_wd 9.20e+02, trn/lr 4.07e-02
[2022-02-07 16:02:30,223][INFO] [Epoch  62/200] trn/acc1 9.19e-01, trn/loss 7.15e-01, trn/loss_ce 2.57e-01, trn/loss_wd 9.17e+02, trn/lr 4.03e-02
[2022-02-07 16:02:36,107][INFO] [Epoch  63/200] trn/acc1 9.18e-01, trn/loss 7.12e-01, trn/loss_ce 2.53e-01, trn/loss_wd 9.18e+02, trn/lr 4.00e-02
[2022-02-07 16:02:41,966][INFO] [Epoch  64/200] trn/acc1 9.17e-01, trn/loss 7.21e-01, trn/loss_ce 2.61e-01, trn/loss_wd 9.21e+02, trn/lr 3.97e-02
[2022-02-07 16:02:47,832][INFO] [Epoch  65/200] trn/acc1 9.22e-01, trn/loss 7.04e-01, trn/loss_ce 2.44e-01, trn/loss_wd 9.18e+02, trn/lr 3.94e-02
[2022-02-07 16:02:53,711][INFO] [Epoch  66/200] trn/acc1 9.24e-01, trn/loss 6.96e-01, trn/loss_ce 2.40e-01, trn/loss_wd 9.14e+02, trn/lr 3.90e-02
[2022-02-07 16:02:59,598][INFO] [Epoch  67/200] trn/acc1 9.21e-01, trn/loss 6.99e-01, trn/loss_ce 2.43e-01, trn/loss_wd 9.12e+02, trn/lr 3.87e-02
[2022-02-07 16:03:05,493][INFO] [Epoch  68/200] trn/acc1 9.22e-01, trn/loss 6.98e-01, trn/loss_ce 2.42e-01, trn/loss_wd 9.13e+02, trn/lr 3.84e-02
[2022-02-07 16:03:11,389][INFO] [Epoch  69/200] trn/acc1 9.22e-01, trn/loss 6.96e-01, trn/loss_ce 2.40e-01, trn/loss_wd 9.13e+02, trn/lr 3.80e-02
[2022-02-07 16:03:17,291][INFO] [Epoch  70/200] trn/acc1 9.23e-01, trn/loss 6.93e-01, trn/loss_ce 2.38e-01, trn/loss_wd 9.11e+02, trn/lr 3.77e-02
[2022-02-07 16:03:23,191][INFO] [Epoch  71/200] trn/acc1 9.27e-01, trn/loss 6.80e-01, trn/loss_ce 2.27e-01, trn/loss_wd 9.07e+02, trn/lr 3.73e-02
[2022-02-07 16:03:29,206][INFO] [Epoch  72/200] trn/acc1 9.27e-01, trn/loss 6.80e-01, trn/loss_ce 2.28e-01, trn/loss_wd 9.04e+02, trn/lr 3.70e-02
[2022-02-07 16:03:35,079][INFO] [Epoch  73/200] trn/acc1 9.26e-01, trn/loss 6.79e-01, trn/loss_ce 2.27e-01, trn/loss_wd 9.04e+02, trn/lr 3.66e-02
[2022-02-07 16:03:40,949][INFO] [Epoch  74/200] trn/acc1 9.28e-01, trn/loss 6.72e-01, trn/loss_ce 2.22e-01, trn/loss_wd 9.01e+02, trn/lr 3.63e-02
[2022-02-07 16:03:46,808][INFO] [Epoch  75/200] trn/acc1 9.30e-01, trn/loss 6.70e-01, trn/loss_ce 2.21e-01, trn/loss_wd 8.97e+02, trn/lr 3.59e-02
[2022-02-07 16:03:52,668][INFO] [Epoch  76/200] trn/acc1 9.31e-01, trn/loss 6.63e-01, trn/loss_ce 2.16e-01, trn/loss_wd 8.93e+02, trn/lr 3.55e-02
[2022-02-07 16:03:58,560][INFO] [Epoch  77/200] trn/acc1 9.33e-01, trn/loss 6.57e-01, trn/loss_ce 2.12e-01, trn/loss_wd 8.90e+02, trn/lr 3.52e-02
[2022-02-07 16:04:04,544][INFO] [Epoch  78/200] trn/acc1 9.32e-01, trn/loss 6.54e-01, trn/loss_ce 2.11e-01, trn/loss_wd 8.86e+02, trn/lr 3.48e-02
[2022-02-07 16:04:10,410][INFO] [Epoch  79/200] trn/acc1 9.33e-01, trn/loss 6.48e-01, trn/loss_ce 2.06e-01, trn/loss_wd 8.84e+02, trn/lr 3.44e-02
[2022-02-07 16:04:16,291][INFO] [Epoch  80/200] trn/acc1 9.34e-01, trn/loss 6.48e-01, trn/loss_ce 2.08e-01, trn/loss_wd 8.81e+02, trn/lr 3.41e-02
[2022-02-07 16:04:16,444][INFO] [Epoch  80/200] Validation: val/acc1 0.8660, val/loss_ce 0.4432
[2022-02-07 16:04:26,221][INFO] [Epoch  81/200] trn/acc1 9.35e-01, trn/loss 6.38e-01, trn/loss_ce 1.99e-01, trn/loss_wd 8.78e+02, trn/lr 3.37e-02
[2022-02-07 16:04:32,092][INFO] [Epoch  82/200] trn/acc1 9.36e-01, trn/loss 6.37e-01, trn/loss_ce 2.00e-01, trn/loss_wd 8.75e+02, trn/lr 3.33e-02
[2022-02-07 16:04:37,969][INFO] [Epoch  83/200] trn/acc1 9.37e-01, trn/loss 6.31e-01, trn/loss_ce 1.97e-01, trn/loss_wd 8.69e+02, trn/lr 3.29e-02
[2022-02-07 16:04:43,849][INFO] [Epoch  84/200] trn/acc1 9.39e-01, trn/loss 6.22e-01, trn/loss_ce 1.90e-01, trn/loss_wd 8.66e+02, trn/lr 3.25e-02
[2022-02-07 16:04:49,737][INFO] [Epoch  85/200] trn/acc1 9.39e-01, trn/loss 6.21e-01, trn/loss_ce 1.92e-01, trn/loss_wd 8.60e+02, trn/lr 3.21e-02
[2022-02-07 16:04:55,616][INFO] [Epoch  86/200] trn/acc1 9.38e-01, trn/loss 6.22e-01, trn/loss_ce 1.93e-01, trn/loss_wd 8.57e+02, trn/lr 3.18e-02
[2022-02-07 16:05:01,491][INFO] [Epoch  87/200] trn/acc1 9.39e-01, trn/loss 6.19e-01, trn/loss_ce 1.90e-01, trn/loss_wd 8.57e+02, trn/lr 3.14e-02
[2022-02-07 16:05:07,363][INFO] [Epoch  88/200] trn/acc1 9.42e-01, trn/loss 6.08e-01, trn/loss_ce 1.80e-01, trn/loss_wd 8.55e+02, trn/lr 3.10e-02
[2022-02-07 16:05:13,240][INFO] [Epoch  89/200] trn/acc1 9.41e-01, trn/loss 6.10e-01, trn/loss_ce 1.85e-01, trn/loss_wd 8.50e+02, trn/lr 3.06e-02
[2022-02-07 16:05:19,102][INFO] [Epoch  90/200] trn/acc1 9.42e-01, trn/loss 6.04e-01, trn/loss_ce 1.80e-01, trn/loss_wd 8.48e+02, trn/lr 3.02e-02
[2022-02-07 16:05:24,977][INFO] [Epoch  91/200] trn/acc1 9.45e-01, trn/loss 5.92e-01, trn/loss_ce 1.69e-01, trn/loss_wd 8.46e+02, trn/lr 2.98e-02
[2022-02-07 16:05:30,848][INFO] [Epoch  92/200] trn/acc1 9.45e-01, trn/loss 5.89e-01, trn/loss_ce 1.69e-01, trn/loss_wd 8.39e+02, trn/lr 2.94e-02
[2022-02-07 16:05:36,711][INFO] [Epoch  93/200] trn/acc1 9.49e-01, trn/loss 5.79e-01, trn/loss_ce 1.62e-01, trn/loss_wd 8.34e+02, trn/lr 2.90e-02
[2022-02-07 16:05:42,594][INFO] [Epoch  94/200] trn/acc1 9.47e-01, trn/loss 5.76e-01, trn/loss_ce 1.61e-01, trn/loss_wd 8.29e+02, trn/lr 2.86e-02
[2022-02-07 16:05:48,464][INFO] [Epoch  95/200] trn/acc1 9.48e-01, trn/loss 5.73e-01, trn/loss_ce 1.61e-01, trn/loss_wd 8.24e+02, trn/lr 2.82e-02
[2022-02-07 16:05:54,336][INFO] [Epoch  96/200] trn/acc1 9.48e-01, trn/loss 5.69e-01, trn/loss_ce 1.59e-01, trn/loss_wd 8.19e+02, trn/lr 2.78e-02
[2022-02-07 16:06:00,203][INFO] [Epoch  97/200] trn/acc1 9.48e-01, trn/loss 5.65e-01, trn/loss_ce 1.58e-01, trn/loss_wd 8.16e+02, trn/lr 2.74e-02
[2022-02-07 16:06:06,065][INFO] [Epoch  98/200] trn/acc1 9.52e-01, trn/loss 5.52e-01, trn/loss_ce 1.47e-01, trn/loss_wd 8.10e+02, trn/lr 2.70e-02
[2022-02-07 16:06:11,941][INFO] [Epoch  99/200] trn/acc1 9.51e-01, trn/loss 5.50e-01, trn/loss_ce 1.48e-01, trn/loss_wd 8.04e+02, trn/lr 2.66e-02
[2022-02-07 16:06:17,812][INFO] [Epoch 100/200] trn/acc1 9.53e-01, trn/loss 5.45e-01, trn/loss_ce 1.46e-01, trn/loss_wd 7.98e+02, trn/lr 2.62e-02
[2022-02-07 16:06:17,966][INFO] [Epoch 100/200] Validation: val/acc1 0.8916, val/loss_ce 0.3759
[2022-02-07 16:06:32,380][INFO] [Epoch 101/200] trn/acc1 9.52e-01, trn/loss 5.44e-01, trn/loss_ce 1.46e-01, trn/loss_wd 7.95e+02, trn/lr 2.58e-02
[2022-02-07 16:06:38,228][INFO] [Epoch 102/200] trn/acc1 9.53e-01, trn/loss 5.39e-01, trn/loss_ce 1.44e-01, trn/loss_wd 7.91e+02, trn/lr 2.54e-02
[2022-02-07 16:06:44,062][INFO] [Epoch 103/200] trn/acc1 9.56e-01, trn/loss 5.26e-01, trn/loss_ce 1.33e-01, trn/loss_wd 7.86e+02, trn/lr 2.50e-02
[2022-02-07 16:06:49,901][INFO] [Epoch 104/200] trn/acc1 9.54e-01, trn/loss 5.30e-01, trn/loss_ce 1.40e-01, trn/loss_wd 7.80e+02, trn/lr 2.46e-02
[2022-02-07 16:06:55,762][INFO] [Epoch 105/200] trn/acc1 9.56e-01, trn/loss 5.22e-01, trn/loss_ce 1.35e-01, trn/loss_wd 7.75e+02, trn/lr 2.42e-02
[2022-02-07 16:07:01,622][INFO] [Epoch 106/200] trn/acc1 9.58e-01, trn/loss 5.14e-01, trn/loss_ce 1.29e-01, trn/loss_wd 7.70e+02, trn/lr 2.38e-02
[2022-02-07 16:07:07,482][INFO] [Epoch 107/200] trn/acc1 9.58e-01, trn/loss 5.11e-01, trn/loss_ce 1.29e-01, trn/loss_wd 7.65e+02, trn/lr 2.34e-02
[2022-02-07 16:07:13,387][INFO] [Epoch 108/200] trn/acc1 9.59e-01, trn/loss 5.05e-01, trn/loss_ce 1.25e-01, trn/loss_wd 7.59e+02, trn/lr 2.30e-02
[2022-02-07 16:07:19,249][INFO] [Epoch 109/200] trn/acc1 9.60e-01, trn/loss 4.95e-01, trn/loss_ce 1.18e-01, trn/loss_wd 7.53e+02, trn/lr 2.26e-02
[2022-02-07 16:07:25,108][INFO] [Epoch 110/200] trn/acc1 9.61e-01, trn/loss 4.93e-01, trn/loss_ce 1.19e-01, trn/loss_wd 7.49e+02, trn/lr 2.22e-02
[2022-02-07 16:07:30,981][INFO] [Epoch 111/200] trn/acc1 9.62e-01, trn/loss 4.88e-01, trn/loss_ce 1.16e-01, trn/loss_wd 7.44e+02, trn/lr 2.18e-02
[2022-02-07 16:07:36,846][INFO] [Epoch 112/200] trn/acc1 9.64e-01, trn/loss 4.82e-01, trn/loss_ce 1.13e-01, trn/loss_wd 7.39e+02, trn/lr 2.14e-02
[2022-02-07 16:07:42,721][INFO] [Epoch 113/200] trn/acc1 9.64e-01, trn/loss 4.75e-01, trn/loss_ce 1.09e-01, trn/loss_wd 7.32e+02, trn/lr 2.10e-02
[2022-02-07 16:07:48,600][INFO] [Epoch 114/200] trn/acc1 9.65e-01, trn/loss 4.73e-01, trn/loss_ce 1.10e-01, trn/loss_wd 7.27e+02, trn/lr 2.06e-02
[2022-02-07 16:07:54,477][INFO] [Epoch 115/200] trn/acc1 9.66e-01, trn/loss 4.63e-01, trn/loss_ce 1.03e-01, trn/loss_wd 7.21e+02, trn/lr 2.02e-02
[2022-02-07 16:08:00,358][INFO] [Epoch 116/200] trn/acc1 9.66e-01, trn/loss 4.60e-01, trn/loss_ce 1.03e-01, trn/loss_wd 7.14e+02, trn/lr 1.98e-02
[2022-02-07 16:08:06,226][INFO] [Epoch 117/200] trn/acc1 9.68e-01, trn/loss 4.52e-01, trn/loss_ce 9.75e-02, trn/loss_wd 7.08e+02, trn/lr 1.94e-02
[2022-02-07 16:08:12,081][INFO] [Epoch 118/200] trn/acc1 9.70e-01, trn/loss 4.46e-01, trn/loss_ce 9.58e-02, trn/loss_wd 7.01e+02, trn/lr 1.90e-02
[2022-02-07 16:08:17,952][INFO] [Epoch 119/200] trn/acc1 9.68e-01, trn/loss 4.43e-01, trn/loss_ce 9.44e-02, trn/loss_wd 6.96e+02, trn/lr 1.86e-02
[2022-02-07 16:08:23,819][INFO] [Epoch 120/200] trn/acc1 9.70e-01, trn/loss 4.36e-01, trn/loss_ce 9.12e-02, trn/loss_wd 6.90e+02, trn/lr 1.82e-02
[2022-02-07 16:08:23,971][INFO] [Epoch 120/200] Validation: val/acc1 0.8954, val/loss_ce 0.3786
[2022-02-07 16:08:37,617][INFO] [Epoch 121/200] trn/acc1 9.70e-01, trn/loss 4.33e-01, trn/loss_ce 9.13e-02, trn/loss_wd 6.84e+02, trn/lr 1.79e-02
[2022-02-07 16:08:43,467][INFO] [Epoch 122/200] trn/acc1 9.73e-01, trn/loss 4.22e-01, trn/loss_ce 8.34e-02, trn/loss_wd 6.77e+02, trn/lr 1.75e-02
[2022-02-07 16:08:49,330][INFO] [Epoch 123/200] trn/acc1 9.72e-01, trn/loss 4.19e-01, trn/loss_ce 8.35e-02, trn/loss_wd 6.71e+02, trn/lr 1.71e-02
[2022-02-07 16:08:55,182][INFO] [Epoch 124/200] trn/acc1 9.74e-01, trn/loss 4.13e-01, trn/loss_ce 8.02e-02, trn/loss_wd 6.65e+02, trn/lr 1.67e-02
[2022-02-07 16:09:01,069][INFO] [Epoch 125/200] trn/acc1 9.75e-01, trn/loss 4.05e-01, trn/loss_ce 7.62e-02, trn/loss_wd 6.58e+02, trn/lr 1.63e-02
[2022-02-07 16:09:06,932][INFO] [Epoch 126/200] trn/acc1 9.76e-01, trn/loss 3.99e-01, trn/loss_ce 7.31e-02, trn/loss_wd 6.51e+02, trn/lr 1.59e-02
[2022-02-07 16:09:12,799][INFO] [Epoch 127/200] trn/acc1 9.77e-01, trn/loss 3.91e-01, trn/loss_ce 6.93e-02, trn/loss_wd 6.44e+02, trn/lr 1.56e-02
[2022-02-07 16:09:18,672][INFO] [Epoch 128/200] trn/acc1 9.77e-01, trn/loss 3.90e-01, trn/loss_ce 7.17e-02, trn/loss_wd 6.37e+02, trn/lr 1.52e-02
[2022-02-07 16:09:24,543][INFO] [Epoch 129/200] trn/acc1 9.77e-01, trn/loss 3.86e-01, trn/loss_ce 7.12e-02, trn/loss_wd 6.30e+02, trn/lr 1.48e-02
[2022-02-07 16:09:30,430][INFO] [Epoch 130/200] trn/acc1 9.79e-01, trn/loss 3.77e-01, trn/loss_ce 6.54e-02, trn/loss_wd 6.24e+02, trn/lr 1.45e-02
[2022-02-07 16:09:36,308][INFO] [Epoch 131/200] trn/acc1 9.81e-01, trn/loss 3.66e-01, trn/loss_ce 5.77e-02, trn/loss_wd 6.16e+02, trn/lr 1.41e-02
[2022-02-07 16:09:42,186][INFO] [Epoch 132/200] trn/acc1 9.81e-01, trn/loss 3.64e-01, trn/loss_ce 5.86e-02, trn/loss_wd 6.10e+02, trn/lr 1.37e-02
[2022-02-07 16:09:48,061][INFO] [Epoch 133/200] trn/acc1 9.81e-01, trn/loss 3.61e-01, trn/loss_ce 5.92e-02, trn/loss_wd 6.03e+02, trn/lr 1.34e-02
[2022-02-07 16:09:53,939][INFO] [Epoch 134/200] trn/acc1 9.83e-01, trn/loss 3.50e-01, trn/loss_ce 5.23e-02, trn/loss_wd 5.96e+02, trn/lr 1.30e-02
[2022-02-07 16:09:59,817][INFO] [Epoch 135/200] trn/acc1 9.83e-01, trn/loss 3.44e-01, trn/loss_ce 5.03e-02, trn/loss_wd 5.88e+02, trn/lr 1.27e-02
[2022-02-07 16:10:05,682][INFO] [Epoch 136/200] trn/acc1 9.84e-01, trn/loss 3.41e-01, trn/loss_ce 5.03e-02, trn/loss_wd 5.80e+02, trn/lr 1.23e-02
[2022-02-07 16:10:11,553][INFO] [Epoch 137/200] trn/acc1 9.84e-01, trn/loss 3.35e-01, trn/loss_ce 4.86e-02, trn/loss_wd 5.73e+02, trn/lr 1.20e-02
[2022-02-07 16:10:17,450][INFO] [Epoch 138/200] trn/acc1 9.84e-01, trn/loss 3.30e-01, trn/loss_ce 4.69e-02, trn/loss_wd 5.67e+02, trn/lr 1.16e-02
[2022-02-07 16:10:23,438][INFO] [Epoch 139/200] trn/acc1 9.84e-01, trn/loss 3.27e-01, trn/loss_ce 4.68e-02, trn/loss_wd 5.61e+02, trn/lr 1.13e-02
[2022-02-07 16:10:29,314][INFO] [Epoch 140/200] trn/acc1 9.86e-01, trn/loss 3.18e-01, trn/loss_ce 4.14e-02, trn/loss_wd 5.54e+02, trn/lr 1.10e-02
[2022-02-07 16:10:29,467][INFO] [Epoch 140/200] Validation: val/acc1 0.9040, val/loss_ce 0.3892
[2022-02-07 16:10:43,738][INFO] [Epoch 141/200] trn/acc1 9.88e-01, trn/loss 3.09e-01, trn/loss_ce 3.57e-02, trn/loss_wd 5.47e+02, trn/lr 1.06e-02
[2022-02-07 16:10:49,592][INFO] [Epoch 142/200] trn/acc1 9.89e-01, trn/loss 3.04e-01, trn/loss_ce 3.45e-02, trn/loss_wd 5.40e+02, trn/lr 1.03e-02
[2022-02-07 16:10:55,443][INFO] [Epoch 143/200] trn/acc1 9.88e-01, trn/loss 3.03e-01, trn/loss_ce 3.61e-02, trn/loss_wd 5.33e+02, trn/lr 9.98e-03
[2022-02-07 16:11:01,316][INFO] [Epoch 144/200] trn/acc1 9.89e-01, trn/loss 2.96e-01, trn/loss_ce 3.30e-02, trn/loss_wd 5.26e+02, trn/lr 9.66e-03
[2022-02-07 16:11:07,177][INFO] [Epoch 145/200] trn/acc1 9.90e-01, trn/loss 2.90e-01, trn/loss_ce 3.00e-02, trn/loss_wd 5.20e+02, trn/lr 9.35e-03
[2022-02-07 16:11:13,050][INFO] [Epoch 146/200] trn/acc1 9.90e-01, trn/loss 2.87e-01, trn/loss_ce 3.06e-02, trn/loss_wd 5.13e+02, trn/lr 9.03e-03
[2022-02-07 16:11:18,981][INFO] [Epoch 147/200] trn/acc1 9.91e-01, trn/loss 2.82e-01, trn/loss_ce 2.83e-02, trn/loss_wd 5.07e+02, trn/lr 8.73e-03
[2022-02-07 16:11:24,848][INFO] [Epoch 148/200] trn/acc1 9.91e-01, trn/loss 2.76e-01, trn/loss_ce 2.60e-02, trn/loss_wd 5.01e+02, trn/lr 8.42e-03
[2022-02-07 16:11:30,725][INFO] [Epoch 149/200] trn/acc1 9.91e-01, trn/loss 2.75e-01, trn/loss_ce 2.71e-02, trn/loss_wd 4.95e+02, trn/lr 8.12e-03
[2022-02-07 16:11:36,605][INFO] [Epoch 150/200] trn/acc1 9.93e-01, trn/loss 2.68e-01, trn/loss_ce 2.32e-02, trn/loss_wd 4.89e+02, trn/lr 7.83e-03
[2022-02-07 16:11:42,480][INFO] [Epoch 151/200] trn/acc1 9.94e-01, trn/loss 2.60e-01, trn/loss_ce 1.89e-02, trn/loss_wd 4.83e+02, trn/lr 7.54e-03
[2022-02-07 16:11:48,358][INFO] [Epoch 152/200] trn/acc1 9.94e-01, trn/loss 2.56e-01, trn/loss_ce 1.83e-02, trn/loss_wd 4.76e+02, trn/lr 7.25e-03
[2022-02-07 16:11:54,244][INFO] [Epoch 153/200] trn/acc1 9.94e-01, trn/loss 2.53e-01, trn/loss_ce 1.80e-02, trn/loss_wd 4.70e+02, trn/lr 6.97e-03
[2022-02-07 16:12:00,118][INFO] [Epoch 154/200] trn/acc1 9.95e-01, trn/loss 2.48e-01, trn/loss_ce 1.63e-02, trn/loss_wd 4.64e+02, trn/lr 6.69e-03
[2022-02-07 16:12:06,008][INFO] [Epoch 155/200] trn/acc1 9.96e-01, trn/loss 2.42e-01, trn/loss_ce 1.26e-02, trn/loss_wd 4.59e+02, trn/lr 6.42e-03
[2022-02-07 16:12:11,894][INFO] [Epoch 156/200] trn/acc1 9.96e-01, trn/loss 2.40e-01, trn/loss_ce 1.35e-02, trn/loss_wd 4.53e+02, trn/lr 6.15e-03
[2022-02-07 16:12:17,763][INFO] [Epoch 157/200] trn/acc1 9.97e-01, trn/loss 2.34e-01, trn/loss_ce 1.06e-02, trn/loss_wd 4.47e+02, trn/lr 5.89e-03
[2022-02-07 16:12:23,645][INFO] [Epoch 158/200] trn/acc1 9.98e-01, trn/loss 2.29e-01, trn/loss_ce 8.66e-03, trn/loss_wd 4.42e+02, trn/lr 5.64e-03
[2022-02-07 16:12:29,521][INFO] [Epoch 159/200] trn/acc1 9.97e-01, trn/loss 2.29e-01, trn/loss_ce 1.06e-02, trn/loss_wd 4.36e+02, trn/lr 5.38e-03
[2022-02-07 16:12:35,388][INFO] [Epoch 160/200] trn/acc1 9.97e-01, trn/loss 2.24e-01, trn/loss_ce 8.92e-03, trn/loss_wd 4.31e+02, trn/lr 5.14e-03
[2022-02-07 16:12:35,582][INFO] [Epoch 160/200] Validation: val/acc1 0.9140, val/loss_ce 0.4247
[2022-02-07 16:13:03,982][INFO] [Epoch 161/200] trn/acc1 9.98e-01, trn/loss 2.19e-01, trn/loss_ce 6.13e-03, trn/loss_wd 4.26e+02, trn/lr 4.89e-03
[2022-02-07 16:13:09,807][INFO] [Epoch 162/200] trn/acc1 9.98e-01, trn/loss 2.16e-01, trn/loss_ce 5.94e-03, trn/loss_wd 4.21e+02, trn/lr 4.66e-03
[2022-02-07 16:13:15,640][INFO] [Epoch 163/200] trn/acc1 9.98e-01, trn/loss 2.15e-01, trn/loss_ce 6.96e-03, trn/loss_wd 4.16e+02, trn/lr 4.43e-03
[2022-02-07 16:13:21,483][INFO] [Epoch 164/200] trn/acc1 9.98e-01, trn/loss 2.13e-01, trn/loss_ce 7.14e-03, trn/loss_wd 4.12e+02, trn/lr 4.20e-03
[2022-02-07 16:13:27,323][INFO] [Epoch 165/200] trn/acc1 9.98e-01, trn/loss 2.10e-01, trn/loss_ce 5.71e-03, trn/loss_wd 4.08e+02, trn/lr 3.98e-03
[2022-02-07 16:13:33,166][INFO] [Epoch 166/200] trn/acc1 9.99e-01, trn/loss 2.06e-01, trn/loss_ce 4.25e-03, trn/loss_wd 4.04e+02, trn/lr 3.76e-03
[2022-02-07 16:13:39,008][INFO] [Epoch 167/200] trn/acc1 9.99e-01, trn/loss 2.03e-01, trn/loss_ce 2.88e-03, trn/loss_wd 4.01e+02, trn/lr 3.55e-03
[2022-02-07 16:13:44,862][INFO] [Epoch 168/200] trn/acc1 9.99e-01, trn/loss 2.01e-01, trn/loss_ce 2.96e-03, trn/loss_wd 3.97e+02, trn/lr 3.35e-03
[2022-02-07 16:13:50,718][INFO] [Epoch 169/200] trn/acc1 1.00e+00, trn/loss 1.99e-01, trn/loss_ce 2.43e-03, trn/loss_wd 3.93e+02, trn/lr 3.15e-03
[2022-02-07 16:13:56,578][INFO] [Epoch 170/200] trn/acc1 9.99e-01, trn/loss 1.98e-01, trn/loss_ce 2.62e-03, trn/loss_wd 3.90e+02, trn/lr 2.96e-03
[2022-02-07 16:14:02,441][INFO] [Epoch 171/200] trn/acc1 1.00e+00, trn/loss 1.96e-01, trn/loss_ce 2.40e-03, trn/loss_wd 3.87e+02, trn/lr 2.77e-03
[2022-02-07 16:14:08,433][INFO] [Epoch 172/200] trn/acc1 1.00e+00, trn/loss 1.94e-01, trn/loss_ce 1.94e-03, trn/loss_wd 3.84e+02, trn/lr 2.59e-03
[2022-02-07 16:14:14,315][INFO] [Epoch 173/200] trn/acc1 1.00e+00, trn/loss 1.93e-01, trn/loss_ce 2.08e-03, trn/loss_wd 3.82e+02, trn/lr 2.41e-03
[2022-02-07 16:14:20,202][INFO] [Epoch 174/200] trn/acc1 1.00e+00, trn/loss 1.92e-01, trn/loss_ce 2.39e-03, trn/loss_wd 3.79e+02, trn/lr 2.24e-03
[2022-02-07 16:14:26,087][INFO] [Epoch 175/200] trn/acc1 1.00e+00, trn/loss 1.90e-01, trn/loss_ce 1.77e-03, trn/loss_wd 3.77e+02, trn/lr 2.08e-03
[2022-02-07 16:14:31,971][INFO] [Epoch 176/200] trn/acc1 1.00e+00, trn/loss 1.89e-01, trn/loss_ce 1.96e-03, trn/loss_wd 3.75e+02, trn/lr 1.92e-03
[2022-02-07 16:14:37,863][INFO] [Epoch 177/200] trn/acc1 1.00e+00, trn/loss 1.88e-01, trn/loss_ce 1.96e-03, trn/loss_wd 3.73e+02, trn/lr 1.77e-03
[2022-02-07 16:14:43,761][INFO] [Epoch 178/200] trn/acc1 1.00e+00, trn/loss 1.87e-01, trn/loss_ce 1.43e-03, trn/loss_wd 3.71e+02, trn/lr 1.63e-03
[2022-02-07 16:14:49,648][INFO] [Epoch 179/200] trn/acc1 1.00e+00, trn/loss 1.86e-01, trn/loss_ce 1.63e-03, trn/loss_wd 3.70e+02, trn/lr 1.49e-03
[2022-02-07 16:14:55,525][INFO] [Epoch 180/200] trn/acc1 1.00e+00, trn/loss 1.86e-01, trn/loss_ce 1.61e-03, trn/loss_wd 3.68e+02, trn/lr 1.35e-03
[2022-02-07 16:14:55,679][INFO] [Epoch 180/200] Validation: val/acc1 0.9248, val/loss_ce 0.3832
[2022-02-07 16:15:09,947][INFO] [Epoch 181/200] trn/acc1 1.00e+00, trn/loss 1.85e-01, trn/loss_ce 1.42e-03, trn/loss_wd 3.67e+02, trn/lr 1.22e-03
[2022-02-07 16:15:10,102][INFO] [Epoch 181/200] Validation: val/acc1 0.9256, val/loss_ce 0.3789
[2022-02-07 16:15:26,988][INFO] [Epoch 182/200] trn/acc1 1.00e+00, trn/loss 1.84e-01, trn/loss_ce 1.27e-03, trn/loss_wd 3.66e+02, trn/lr 1.10e-03
[2022-02-07 16:15:27,142][INFO] [Epoch 182/200] Validation: val/acc1 0.9256, val/loss_ce 0.3854
[2022-02-07 16:15:35,502][INFO] [Epoch 183/200] trn/acc1 1.00e+00, trn/loss 1.84e-01, trn/loss_ce 1.34e-03, trn/loss_wd 3.64e+02, trn/lr 9.87e-04
[2022-02-07 16:15:35,654][INFO] [Epoch 183/200] Validation: val/acc1 0.9262, val/loss_ce 0.3860
[2022-02-07 16:16:03,889][INFO] [Epoch 184/200] trn/acc1 1.00e+00, trn/loss 1.83e-01, trn/loss_ce 1.34e-03, trn/loss_wd 3.64e+02, trn/lr 8.79e-04
[2022-02-07 16:16:04,042][INFO] [Epoch 184/200] Validation: val/acc1 0.9258, val/loss_ce 0.3899
[2022-02-07 16:16:11,490][INFO] [Epoch 185/200] trn/acc1 1.00e+00, trn/loss 1.83e-01, trn/loss_ce 1.35e-03, trn/loss_wd 3.63e+02, trn/lr 7.76e-04
[2022-02-07 16:16:11,641][INFO] [Epoch 185/200] Validation: val/acc1 0.9254, val/loss_ce 0.3860
[2022-02-07 16:16:21,018][INFO] [Epoch 186/200] trn/acc1 1.00e+00, trn/loss 1.82e-01, trn/loss_ce 1.16e-03, trn/loss_wd 3.62e+02, trn/lr 6.79e-04
[2022-02-07 16:16:21,174][INFO] [Epoch 186/200] Validation: val/acc1 0.9262, val/loss_ce 0.3862
[2022-02-07 16:16:29,556][INFO] [Epoch 187/200] trn/acc1 1.00e+00, trn/loss 1.82e-01, trn/loss_ce 1.21e-03, trn/loss_wd 3.61e+02, trn/lr 5.89e-04
[2022-02-07 16:16:29,707][INFO] [Epoch 187/200] Validation: val/acc1 0.9248, val/loss_ce 0.3906
[2022-02-07 16:16:38,916][INFO] [Epoch 188/200] trn/acc1 1.00e+00, trn/loss 1.82e-01, trn/loss_ce 1.26e-03, trn/loss_wd 3.61e+02, trn/lr 5.06e-04
[2022-02-07 16:16:39,069][INFO] [Epoch 188/200] Validation: val/acc1 0.9260, val/loss_ce 0.3874
[2022-02-07 16:16:47,003][INFO] [Epoch 189/200] trn/acc1 1.00e+00, trn/loss 1.82e-01, trn/loss_ce 1.47e-03, trn/loss_wd 3.60e+02, trn/lr 4.28e-04
[2022-02-07 16:16:47,156][INFO] [Epoch 189/200] Validation: val/acc1 0.9260, val/loss_ce 0.3846
[2022-02-07 16:16:55,085][INFO] [Epoch 190/200] trn/acc1 1.00e+00, trn/loss 1.81e-01, trn/loss_ce 1.16e-03, trn/loss_wd 3.60e+02, trn/lr 3.57e-04
[2022-02-07 16:16:55,236][INFO] [Epoch 190/200] Validation: val/acc1 0.9256, val/loss_ce 0.3828
[2022-02-07 16:17:02,752][INFO] [Epoch 191/200] trn/acc1 1.00e+00, trn/loss 1.81e-01, trn/loss_ce 1.19e-03, trn/loss_wd 3.60e+02, trn/lr 2.93e-04
[2022-02-07 16:17:02,904][INFO] [Epoch 191/200] Validation: val/acc1 0.9258, val/loss_ce 0.3814
[2022-02-07 16:17:10,413][INFO] [Epoch 192/200] trn/acc1 1.00e+00, trn/loss 1.81e-01, trn/loss_ce 1.19e-03, trn/loss_wd 3.59e+02, trn/lr 2.34e-04
[2022-02-07 16:17:10,566][INFO] [Epoch 192/200] Validation: val/acc1 0.9250, val/loss_ce 0.3822
[2022-02-07 16:17:19,589][INFO] [Epoch 193/200] trn/acc1 1.00e+00, trn/loss 1.81e-01, trn/loss_ce 1.13e-03, trn/loss_wd 3.59e+02, trn/lr 1.83e-04
[2022-02-07 16:17:19,741][INFO] [Epoch 193/200] Validation: val/acc1 0.9254, val/loss_ce 0.3826
[2022-02-07 16:17:27,687][INFO] [Epoch 194/200] trn/acc1 1.00e+00, trn/loss 1.81e-01, trn/loss_ce 1.36e-03, trn/loss_wd 3.59e+02, trn/lr 1.37e-04
[2022-02-07 16:17:27,839][INFO] [Epoch 194/200] Validation: val/acc1 0.9262, val/loss_ce 0.3817
[2022-02-07 16:17:35,357][INFO] [Epoch 195/200] trn/acc1 1.00e+00, trn/loss 1.81e-01, trn/loss_ce 1.17e-03, trn/loss_wd 3.59e+02, trn/lr 9.84e-05
[2022-02-07 16:17:35,509][INFO] [Epoch 195/200] Validation: val/acc1 0.9260, val/loss_ce 0.3825
[2022-02-07 16:17:43,054][INFO] [Epoch 196/200] trn/acc1 1.00e+00, trn/loss 1.80e-01, trn/loss_ce 1.12e-03, trn/loss_wd 3.59e+02, trn/lr 6.60e-05
[2022-02-07 16:17:43,207][INFO] [Epoch 196/200] Validation: val/acc1 0.9258, val/loss_ce 0.3824
[2022-02-07 16:17:50,766][INFO] [Epoch 197/200] trn/acc1 1.00e+00, trn/loss 1.81e-01, trn/loss_ce 1.19e-03, trn/loss_wd 3.59e+02, trn/lr 4.00e-05
[2022-02-07 16:17:50,918][INFO] [Epoch 197/200] Validation: val/acc1 0.9262, val/loss_ce 0.3829
[2022-02-07 16:17:58,441][INFO] [Epoch 198/200] trn/acc1 1.00e+00, trn/loss 1.81e-01, trn/loss_ce 1.22e-03, trn/loss_wd 3.59e+02, trn/lr 2.06e-05
[2022-02-07 16:17:58,594][INFO] [Epoch 198/200] Validation: val/acc1 0.9262, val/loss_ce 0.3827
[2022-02-07 16:18:06,104][INFO] [Epoch 199/200] trn/acc1 1.00e+00, trn/loss 1.80e-01, trn/loss_ce 1.17e-03, trn/loss_wd 3.59e+02, trn/lr 7.58e-06
[2022-02-07 16:18:06,257][INFO] [Epoch 199/200] Validation: val/acc1 0.9262, val/loss_ce 0.3827
[2022-02-07 16:18:15,033][INFO] [Epoch 200/200] trn/acc1 1.00e+00, trn/loss 1.80e-01, trn/loss_ce 1.16e-03, trn/loss_wd 3.59e+02, trn/lr 1.09e-06
[2022-02-07 16:18:15,294][INFO] [Epoch 200/200] Validation: val/acc1 0.9262, val/loss_ce 0.3827
