[2022-02-05 12:39:23,137][INFO] Environments:
------------  ---------------------------------------------------------------------------
sys.platform  linux
Python        3.7.11 (default, Nov 23 2021, 05:29:02) [GCC 7.5.0]
JAX           0.2.27 @/mnt/data1/giung/venvs/jax0.2.27/lib/python3.7/site-packages/jax
jaxlib        0.1.75 @/mnt/data1/giung/venvs/jax0.2.27/lib/python3.7/site-packages/jaxlib
Flax          0.4.0 @/mnt/data1/giung/venvs/jax0.2.27/lib/python3.7/site-packages/flax
Optax         0.1.0 @/mnt/data1/giung/venvs/jax0.2.27/lib/python3.7/site-packages/optax
------------  ---------------------------------------------------------------------------

[2022-02-05 12:39:23,137][INFO] Command line arguments:
Namespace(batch_size=128, config_file='./configs/C10_WRN28x10-BN-ReLU_SGD.yaml', keep_every_n_checkpoints=None, learning_rate=0.1, num_epochs=200, num_warmup_epochs=5, opts=[], output_dir='./outputs/C10_WRN28x10-BN-ReLU/SGD/s42_e200_wd5e-4_4GPU/', seed=42, weight_decay=0.0005)

[2022-02-05 12:39:23,138][INFO] Using a random seed 42

[2022-02-05 12:39:23,176][INFO] Unable to initialize backend 'tpu_driver': NOT_FOUND: Unable to find driver in registry given worker: 
[2022-02-05 12:39:23,883][INFO] Unable to initialize backend 'tpu': INVALID_ARGUMENT: TpuPlatform is not available.
[2022-02-05 12:39:31,824][INFO] Found no checkpoint files in outputs/C10_WRN28x10-BN-ReLU/SGD/s42_e200_wd5e-4_4GPU
[2022-02-05 12:40:20,549][INFO] [Epoch   1/200] trn/acc1 3.61e-01, trn/loss 8.96e+00, trn/loss_ce 1.74e+00, trn/loss_wd 1.44e+04, trn/lr 9.97e-03
[2022-02-05 12:40:23,656][INFO] [Epoch   1/200] Validation: val/acc1 0.4588, val/loss_ce 1.5390
[2022-02-05 12:41:08,169][INFO] [Epoch   2/200] trn/acc1 5.75e-01, trn/loss 7.92e+00, trn/loss_ce 1.18e+00, trn/loss_wd 1.35e+04, trn/lr 3.00e-02
[2022-02-05 12:41:38,098][INFO] [Epoch   3/200] trn/acc1 6.70e-01, trn/loss 6.83e+00, trn/loss_ce 9.39e-01, trn/loss_wd 1.18e+04, trn/lr 5.00e-02
[2022-02-05 12:42:08,064][INFO] [Epoch   4/200] trn/acc1 7.26e-01, trn/loss 5.61e+00, trn/loss_ce 7.89e-01, trn/loss_wd 9.64e+03, trn/lr 7.00e-02
[2022-02-05 12:42:38,007][INFO] [Epoch   5/200] trn/acc1 7.63e-01, trn/loss 4.40e+00, trn/loss_ce 6.87e-01, trn/loss_wd 7.42e+03, trn/lr 9.00e-02
[2022-02-05 12:43:07,962][INFO] [Epoch   6/200] trn/acc1 7.95e-01, trn/loss 3.33e+00, trn/loss_ce 6.00e-01, trn/loss_wd 5.46e+03, trn/lr 1.00e-01
[2022-02-05 12:43:37,879][INFO] [Epoch   7/200] trn/acc1 8.15e-01, trn/loss 2.56e+00, trn/loss_ce 5.45e-01, trn/loss_wd 4.02e+03, trn/lr 1.00e-01
[2022-02-05 12:44:07,807][INFO] [Epoch   8/200] trn/acc1 8.31e-01, trn/loss 2.01e+00, trn/loss_ce 5.00e-01, trn/loss_wd 3.02e+03, trn/lr 1.00e-01
[2022-02-05 12:44:37,734][INFO] [Epoch   9/200] trn/acc1 8.43e-01, trn/loss 1.63e+00, trn/loss_ce 4.66e-01, trn/loss_wd 2.32e+03, trn/lr 9.99e-02
[2022-02-05 12:45:07,687][INFO] [Epoch  10/200] trn/acc1 8.48e-01, trn/loss 1.36e+00, trn/loss_ce 4.47e-01, trn/loss_wd 1.83e+03, trn/lr 9.99e-02
[2022-02-05 12:45:37,632][INFO] [Epoch  11/200] trn/acc1 8.55e-01, trn/loss 1.18e+00, trn/loss_ce 4.31e-01, trn/loss_wd 1.50e+03, trn/lr 9.98e-02
[2022-02-05 12:46:07,597][INFO] [Epoch  12/200] trn/acc1 8.60e-01, trn/loss 1.05e+00, trn/loss_ce 4.10e-01, trn/loss_wd 1.27e+03, trn/lr 9.97e-02
[2022-02-05 12:46:37,529][INFO] [Epoch  13/200] trn/acc1 8.64e-01, trn/loss 9.63e-01, trn/loss_ce 4.02e-01, trn/loss_wd 1.12e+03, trn/lr 9.96e-02
[2022-02-05 12:47:07,462][INFO] [Epoch  14/200] trn/acc1 8.68e-01, trn/loss 9.05e-01, trn/loss_ce 3.95e-01, trn/loss_wd 1.02e+03, trn/lr 9.95e-02
[2022-02-05 12:47:37,424][INFO] [Epoch  15/200] trn/acc1 8.68e-01, trn/loss 8.63e-01, trn/loss_ce 3.85e-01, trn/loss_wd 9.56e+02, trn/lr 9.94e-02
[2022-02-05 12:48:07,379][INFO] [Epoch  16/200] trn/acc1 8.72e-01, trn/loss 8.40e-01, trn/loss_ce 3.80e-01, trn/loss_wd 9.18e+02, trn/lr 9.93e-02
[2022-02-05 12:48:37,321][INFO] [Epoch  17/200] trn/acc1 8.74e-01, trn/loss 8.16e-01, trn/loss_ce 3.69e-01, trn/loss_wd 8.94e+02, trn/lr 9.91e-02
[2022-02-05 12:49:07,283][INFO] [Epoch  18/200] trn/acc1 8.75e-01, trn/loss 8.03e-01, trn/loss_ce 3.62e-01, trn/loss_wd 8.83e+02, trn/lr 9.90e-02
[2022-02-05 12:49:37,374][INFO] [Epoch  19/200] trn/acc1 8.79e-01, trn/loss 7.95e-01, trn/loss_ce 3.57e-01, trn/loss_wd 8.76e+02, trn/lr 9.88e-02
[2022-02-05 12:50:07,312][INFO] [Epoch  20/200] trn/acc1 8.82e-01, trn/loss 7.85e-01, trn/loss_ce 3.49e-01, trn/loss_wd 8.72e+02, trn/lr 9.86e-02
[2022-02-05 12:50:07,883][INFO] [Epoch  20/200] Validation: val/acc1 0.8452, val/loss_ce 0.4601
[2022-02-05 12:50:53,415][INFO] [Epoch  21/200] trn/acc1 8.86e-01, trn/loss 7.77e-01, trn/loss_ce 3.41e-01, trn/loss_wd 8.72e+02, trn/lr 9.84e-02
[2022-02-05 12:51:23,349][INFO] [Epoch  22/200] trn/acc1 8.88e-01, trn/loss 7.73e-01, trn/loss_ce 3.37e-01, trn/loss_wd 8.72e+02, trn/lr 9.82e-02
[2022-02-05 12:51:53,281][INFO] [Epoch  23/200] trn/acc1 8.86e-01, trn/loss 7.74e-01, trn/loss_ce 3.35e-01, trn/loss_wd 8.77e+02, trn/lr 9.80e-02
[2022-02-05 12:52:23,223][INFO] [Epoch  24/200] trn/acc1 8.89e-01, trn/loss 7.67e-01, trn/loss_ce 3.25e-01, trn/loss_wd 8.84e+02, trn/lr 9.78e-02
[2022-02-05 12:52:53,158][INFO] [Epoch  25/200] trn/acc1 8.89e-01, trn/loss 7.69e-01, trn/loss_ce 3.26e-01, trn/loss_wd 8.87e+02, trn/lr 9.76e-02
[2022-02-05 12:53:23,103][INFO] [Epoch  26/200] trn/acc1 8.91e-01, trn/loss 7.63e-01, trn/loss_ce 3.18e-01, trn/loss_wd 8.89e+02, trn/lr 9.73e-02
[2022-02-05 12:53:53,026][INFO] [Epoch  27/200] trn/acc1 8.92e-01, trn/loss 7.64e-01, trn/loss_ce 3.16e-01, trn/loss_wd 8.96e+02, trn/lr 9.70e-02
[2022-02-05 12:54:22,936][INFO] [Epoch  28/200] trn/acc1 8.94e-01, trn/loss 7.64e-01, trn/loss_ce 3.14e-01, trn/loss_wd 9.01e+02, trn/lr 9.68e-02
[2022-02-05 12:54:52,863][INFO] [Epoch  29/200] trn/acc1 8.97e-01, trn/loss 7.57e-01, trn/loss_ce 3.05e-01, trn/loss_wd 9.05e+02, trn/lr 9.65e-02
[2022-02-05 12:55:22,779][INFO] [Epoch  30/200] trn/acc1 8.96e-01, trn/loss 7.62e-01, trn/loss_ce 3.06e-01, trn/loss_wd 9.12e+02, trn/lr 9.62e-02
[2022-02-05 12:55:52,722][INFO] [Epoch  31/200] trn/acc1 8.99e-01, trn/loss 7.51e-01, trn/loss_ce 2.96e-01, trn/loss_wd 9.12e+02, trn/lr 9.58e-02
[2022-02-05 12:56:22,658][INFO] [Epoch  32/200] trn/acc1 8.97e-01, trn/loss 7.64e-01, trn/loss_ce 3.05e-01, trn/loss_wd 9.17e+02, trn/lr 9.55e-02
[2022-02-05 12:56:52,564][INFO] [Epoch  33/200] trn/acc1 9.00e-01, trn/loss 7.52e-01, trn/loss_ce 2.93e-01, trn/loss_wd 9.19e+02, trn/lr 9.52e-02
[2022-02-05 12:57:22,487][INFO] [Epoch  34/200] trn/acc1 9.01e-01, trn/loss 7.50e-01, trn/loss_ce 2.88e-01, trn/loss_wd 9.24e+02, trn/lr 9.48e-02
[2022-02-05 12:57:52,432][INFO] [Epoch  35/200] trn/acc1 9.01e-01, trn/loss 7.54e-01, trn/loss_ce 2.90e-01, trn/loss_wd 9.27e+02, trn/lr 9.45e-02
[2022-02-05 12:58:22,357][INFO] [Epoch  36/200] trn/acc1 8.99e-01, trn/loss 7.61e-01, trn/loss_ce 2.94e-01, trn/loss_wd 9.34e+02, trn/lr 9.41e-02
[2022-02-05 12:58:52,292][INFO] [Epoch  37/200] trn/acc1 9.01e-01, trn/loss 7.56e-01, trn/loss_ce 2.87e-01, trn/loss_wd 9.37e+02, trn/lr 9.37e-02
[2022-02-05 12:59:22,226][INFO] [Epoch  38/200] trn/acc1 9.06e-01, trn/loss 7.43e-01, trn/loss_ce 2.77e-01, trn/loss_wd 9.32e+02, trn/lr 9.33e-02
[2022-02-05 12:59:52,156][INFO] [Epoch  39/200] trn/acc1 9.06e-01, trn/loss 7.43e-01, trn/loss_ce 2.77e-01, trn/loss_wd 9.31e+02, trn/lr 9.29e-02
[2022-02-05 13:00:22,102][INFO] [Epoch  40/200] trn/acc1 9.07e-01, trn/loss 7.42e-01, trn/loss_ce 2.75e-01, trn/loss_wd 9.33e+02, trn/lr 9.25e-02
[2022-02-05 13:00:22,675][INFO] [Epoch  40/200] Validation: val/acc1 0.8504, val/loss_ce 0.4577
[2022-02-05 13:01:07,652][INFO] [Epoch  41/200] trn/acc1 9.05e-01, trn/loss 7.45e-01, trn/loss_ce 2.77e-01, trn/loss_wd 9.36e+02, trn/lr 9.20e-02
[2022-02-05 13:01:37,590][INFO] [Epoch  42/200] trn/acc1 9.07e-01, trn/loss 7.42e-01, trn/loss_ce 2.72e-01, trn/loss_wd 9.41e+02, trn/lr 9.16e-02
[2022-02-05 13:02:07,529][INFO] [Epoch  43/200] trn/acc1 9.09e-01, trn/loss 7.38e-01, trn/loss_ce 2.69e-01, trn/loss_wd 9.37e+02, trn/lr 9.11e-02
[2022-02-05 13:02:37,449][INFO] [Epoch  44/200] trn/acc1 9.10e-01, trn/loss 7.35e-01, trn/loss_ce 2.66e-01, trn/loss_wd 9.37e+02, trn/lr 9.07e-02
[2022-02-05 13:03:07,370][INFO] [Epoch  45/200] trn/acc1 9.11e-01, trn/loss 7.33e-01, trn/loss_ce 2.65e-01, trn/loss_wd 9.37e+02, trn/lr 9.02e-02
[2022-02-05 13:03:37,293][INFO] [Epoch  46/200] trn/acc1 9.10e-01, trn/loss 7.34e-01, trn/loss_ce 2.65e-01, trn/loss_wd 9.39e+02, trn/lr 8.97e-02
[2022-02-05 13:04:07,240][INFO] [Epoch  47/200] trn/acc1 9.11e-01, trn/loss 7.28e-01, trn/loss_ce 2.59e-01, trn/loss_wd 9.37e+02, trn/lr 8.92e-02
[2022-02-05 13:04:37,193][INFO] [Epoch  48/200] trn/acc1 9.11e-01, trn/loss 7.29e-01, trn/loss_ce 2.59e-01, trn/loss_wd 9.41e+02, trn/lr 8.87e-02
[2022-02-05 13:05:07,096][INFO] [Epoch  49/200] trn/acc1 9.15e-01, trn/loss 7.25e-01, trn/loss_ce 2.55e-01, trn/loss_wd 9.41e+02, trn/lr 8.82e-02
[2022-02-05 13:05:37,037][INFO] [Epoch  50/200] trn/acc1 9.14e-01, trn/loss 7.24e-01, trn/loss_ce 2.54e-01, trn/loss_wd 9.39e+02, trn/lr 8.77e-02
[2022-02-05 13:06:06,973][INFO] [Epoch  51/200] trn/acc1 9.13e-01, trn/loss 7.24e-01, trn/loss_ce 2.54e-01, trn/loss_wd 9.40e+02, trn/lr 8.72e-02
[2022-02-05 13:06:36,913][INFO] [Epoch  52/200] trn/acc1 9.13e-01, trn/loss 7.24e-01, trn/loss_ce 2.52e-01, trn/loss_wd 9.44e+02, trn/lr 8.66e-02
[2022-02-05 13:07:06,850][INFO] [Epoch  53/200] trn/acc1 9.15e-01, trn/loss 7.16e-01, trn/loss_ce 2.46e-01, trn/loss_wd 9.40e+02, trn/lr 8.61e-02
[2022-02-05 13:07:36,801][INFO] [Epoch  54/200] trn/acc1 9.18e-01, trn/loss 7.15e-01, trn/loss_ce 2.46e-01, trn/loss_wd 9.38e+02, trn/lr 8.55e-02
[2022-02-05 13:08:06,753][INFO] [Epoch  55/200] trn/acc1 9.18e-01, trn/loss 7.12e-01, trn/loss_ce 2.43e-01, trn/loss_wd 9.38e+02, trn/lr 8.49e-02
[2022-02-05 13:08:36,692][INFO] [Epoch  56/200] trn/acc1 9.17e-01, trn/loss 7.14e-01, trn/loss_ce 2.45e-01, trn/loss_wd 9.38e+02, trn/lr 8.43e-02
[2022-02-05 13:09:06,624][INFO] [Epoch  57/200] trn/acc1 9.18e-01, trn/loss 7.11e-01, trn/loss_ce 2.43e-01, trn/loss_wd 9.37e+02, trn/lr 8.38e-02
[2022-02-05 13:09:36,551][INFO] [Epoch  58/200] trn/acc1 9.19e-01, trn/loss 7.06e-01, trn/loss_ce 2.38e-01, trn/loss_wd 9.37e+02, trn/lr 8.32e-02
[2022-02-05 13:10:06,484][INFO] [Epoch  59/200] trn/acc1 9.19e-01, trn/loss 7.04e-01, trn/loss_ce 2.37e-01, trn/loss_wd 9.36e+02, trn/lr 8.25e-02
[2022-02-05 13:10:36,418][INFO] [Epoch  60/200] trn/acc1 9.20e-01, trn/loss 7.03e-01, trn/loss_ce 2.36e-01, trn/loss_wd 9.34e+02, trn/lr 8.19e-02
[2022-02-05 13:10:36,999][INFO] [Epoch  60/200] Validation: val/acc1 0.8574, val/loss_ce 0.4424
[2022-02-05 13:11:21,344][INFO] [Epoch  61/200] trn/acc1 9.20e-01, trn/loss 7.02e-01, trn/loss_ce 2.33e-01, trn/loss_wd 9.37e+02, trn/lr 8.13e-02
[2022-02-05 13:11:51,235][INFO] [Epoch  62/200] trn/acc1 9.20e-01, trn/loss 7.05e-01, trn/loss_ce 2.37e-01, trn/loss_wd 9.36e+02, trn/lr 8.07e-02
[2022-02-05 13:12:21,132][INFO] [Epoch  63/200] trn/acc1 9.23e-01, trn/loss 6.98e-01, trn/loss_ce 2.30e-01, trn/loss_wd 9.37e+02, trn/lr 8.00e-02
[2022-02-05 13:12:51,105][INFO] [Epoch  64/200] trn/acc1 9.24e-01, trn/loss 6.89e-01, trn/loss_ce 2.24e-01, trn/loss_wd 9.30e+02, trn/lr 7.94e-02
[2022-02-05 13:13:21,037][INFO] [Epoch  65/200] trn/acc1 9.25e-01, trn/loss 6.88e-01, trn/loss_ce 2.24e-01, trn/loss_wd 9.28e+02, trn/lr 7.87e-02
[2022-02-05 13:13:50,978][INFO] [Epoch  66/200] trn/acc1 9.25e-01, trn/loss 6.83e-01, trn/loss_ce 2.21e-01, trn/loss_wd 9.24e+02, trn/lr 7.81e-02
[2022-02-05 13:14:20,894][INFO] [Epoch  67/200] trn/acc1 9.25e-01, trn/loss 6.83e-01, trn/loss_ce 2.22e-01, trn/loss_wd 9.22e+02, trn/lr 7.74e-02
[2022-02-05 13:14:50,808][INFO] [Epoch  68/200] trn/acc1 9.26e-01, trn/loss 6.78e-01, trn/loss_ce 2.19e-01, trn/loss_wd 9.19e+02, trn/lr 7.67e-02
[2022-02-05 13:15:20,712][INFO] [Epoch  69/200] trn/acc1 9.26e-01, trn/loss 6.78e-01, trn/loss_ce 2.18e-01, trn/loss_wd 9.21e+02, trn/lr 7.60e-02
[2022-02-05 13:15:50,621][INFO] [Epoch  70/200] trn/acc1 9.28e-01, trn/loss 6.77e-01, trn/loss_ce 2.17e-01, trn/loss_wd 9.21e+02, trn/lr 7.53e-02
[2022-02-05 13:16:20,514][INFO] [Epoch  71/200] trn/acc1 9.28e-01, trn/loss 6.71e-01, trn/loss_ce 2.12e-01, trn/loss_wd 9.19e+02, trn/lr 7.47e-02
[2022-02-05 13:16:50,449][INFO] [Epoch  72/200] trn/acc1 9.28e-01, trn/loss 6.68e-01, trn/loss_ce 2.08e-01, trn/loss_wd 9.19e+02, trn/lr 7.39e-02
[2022-02-05 13:17:20,351][INFO] [Epoch  73/200] trn/acc1 9.30e-01, trn/loss 6.65e-01, trn/loss_ce 2.07e-01, trn/loss_wd 9.15e+02, trn/lr 7.32e-02
[2022-02-05 13:17:50,294][INFO] [Epoch  74/200] trn/acc1 9.28e-01, trn/loss 6.63e-01, trn/loss_ce 2.08e-01, trn/loss_wd 9.10e+02, trn/lr 7.25e-02
[2022-02-05 13:18:20,201][INFO] [Epoch  75/200] trn/acc1 9.30e-01, trn/loss 6.59e-01, trn/loss_ce 2.04e-01, trn/loss_wd 9.10e+02, trn/lr 7.18e-02
[2022-02-05 13:18:50,122][INFO] [Epoch  76/200] trn/acc1 9.32e-01, trn/loss 6.54e-01, trn/loss_ce 2.01e-01, trn/loss_wd 9.07e+02, trn/lr 7.11e-02
[2022-02-05 13:19:20,024][INFO] [Epoch  77/200] trn/acc1 9.31e-01, trn/loss 6.56e-01, trn/loss_ce 2.03e-01, trn/loss_wd 9.06e+02, trn/lr 7.03e-02
[2022-02-05 13:19:49,940][INFO] [Epoch  78/200] trn/acc1 9.33e-01, trn/loss 6.51e-01, trn/loss_ce 2.00e-01, trn/loss_wd 9.01e+02, trn/lr 6.96e-02
[2022-02-05 13:20:19,864][INFO] [Epoch  79/200] trn/acc1 9.33e-01, trn/loss 6.46e-01, trn/loss_ce 1.96e-01, trn/loss_wd 9.00e+02, trn/lr 6.89e-02
[2022-02-05 13:20:49,781][INFO] [Epoch  80/200] trn/acc1 9.34e-01, trn/loss 6.44e-01, trn/loss_ce 1.94e-01, trn/loss_wd 9.00e+02, trn/lr 6.81e-02
[2022-02-05 13:20:50,355][INFO] [Epoch  80/200] Validation: val/acc1 0.8694, val/loss_ce 0.4397
[2022-02-05 13:21:31,633][INFO] [Epoch  81/200] trn/acc1 9.36e-01, trn/loss 6.38e-01, trn/loss_ce 1.89e-01, trn/loss_wd 8.97e+02, trn/lr 6.74e-02
[2022-02-05 13:22:01,556][INFO] [Epoch  82/200] trn/acc1 9.34e-01, trn/loss 6.41e-01, trn/loss_ce 1.94e-01, trn/loss_wd 8.95e+02, trn/lr 6.66e-02
[2022-02-05 13:22:31,473][INFO] [Epoch  83/200] trn/acc1 9.36e-01, trn/loss 6.33e-01, trn/loss_ce 1.87e-01, trn/loss_wd 8.90e+02, trn/lr 6.58e-02
[2022-02-05 13:23:01,419][INFO] [Epoch  84/200] trn/acc1 9.35e-01, trn/loss 6.32e-01, trn/loss_ce 1.87e-01, trn/loss_wd 8.88e+02, trn/lr 6.51e-02
[2022-02-05 13:23:31,348][INFO] [Epoch  85/200] trn/acc1 9.38e-01, trn/loss 6.24e-01, trn/loss_ce 1.82e-01, trn/loss_wd 8.84e+02, trn/lr 6.43e-02
[2022-02-05 13:24:01,369][INFO] [Epoch  86/200] trn/acc1 9.38e-01, trn/loss 6.22e-01, trn/loss_ce 1.82e-01, trn/loss_wd 8.79e+02, trn/lr 6.35e-02
[2022-02-05 13:24:31,291][INFO] [Epoch  87/200] trn/acc1 9.39e-01, trn/loss 6.16e-01, trn/loss_ce 1.78e-01, trn/loss_wd 8.76e+02, trn/lr 6.27e-02
[2022-02-05 13:25:01,227][INFO] [Epoch  88/200] trn/acc1 9.40e-01, trn/loss 6.11e-01, trn/loss_ce 1.73e-01, trn/loss_wd 8.74e+02, trn/lr 6.20e-02
[2022-02-05 13:25:31,169][INFO] [Epoch  89/200] trn/acc1 9.40e-01, trn/loss 6.08e-01, trn/loss_ce 1.73e-01, trn/loss_wd 8.70e+02, trn/lr 6.12e-02
[2022-02-05 13:26:01,096][INFO] [Epoch  90/200] trn/acc1 9.40e-01, trn/loss 6.11e-01, trn/loss_ce 1.76e-01, trn/loss_wd 8.70e+02, trn/lr 6.04e-02
[2022-02-05 13:26:31,027][INFO] [Epoch  91/200] trn/acc1 9.42e-01, trn/loss 6.06e-01, trn/loss_ce 1.71e-01, trn/loss_wd 8.71e+02, trn/lr 5.96e-02
[2022-02-05 13:27:00,963][INFO] [Epoch  92/200] trn/acc1 9.45e-01, trn/loss 5.95e-01, trn/loss_ce 1.64e-01, trn/loss_wd 8.62e+02, trn/lr 5.88e-02
[2022-02-05 13:27:30,892][INFO] [Epoch  93/200] trn/acc1 9.45e-01, trn/loss 5.91e-01, trn/loss_ce 1.64e-01, trn/loss_wd 8.56e+02, trn/lr 5.80e-02
[2022-02-05 13:28:00,834][INFO] [Epoch  94/200] trn/acc1 9.46e-01, trn/loss 5.86e-01, trn/loss_ce 1.61e-01, trn/loss_wd 8.50e+02, trn/lr 5.72e-02
[2022-02-05 13:28:30,777][INFO] [Epoch  95/200] trn/acc1 9.47e-01, trn/loss 5.79e-01, trn/loss_ce 1.57e-01, trn/loss_wd 8.45e+02, trn/lr 5.64e-02
[2022-02-05 13:29:00,739][INFO] [Epoch  96/200] trn/acc1 9.45e-01, trn/loss 5.84e-01, trn/loss_ce 1.62e-01, trn/loss_wd 8.44e+02, trn/lr 5.56e-02
[2022-02-05 13:29:30,674][INFO] [Epoch  97/200] trn/acc1 9.49e-01, trn/loss 5.71e-01, trn/loss_ce 1.52e-01, trn/loss_wd 8.39e+02, trn/lr 5.48e-02
[2022-02-05 13:30:00,604][INFO] [Epoch  98/200] trn/acc1 9.48e-01, trn/loss 5.69e-01, trn/loss_ce 1.52e-01, trn/loss_wd 8.34e+02, trn/lr 5.40e-02
[2022-02-05 13:30:30,529][INFO] [Epoch  99/200] trn/acc1 9.47e-01, trn/loss 5.72e-01, trn/loss_ce 1.54e-01, trn/loss_wd 8.35e+02, trn/lr 5.32e-02
[2022-02-05 13:31:00,465][INFO] [Epoch 100/200] trn/acc1 9.50e-01, trn/loss 5.61e-01, trn/loss_ce 1.47e-01, trn/loss_wd 8.30e+02, trn/lr 5.24e-02
[2022-02-05 13:31:01,035][INFO] [Epoch 100/200] Validation: val/acc1 0.9104, val/loss_ce 0.2959
[2022-02-05 13:31:45,625][INFO] [Epoch 101/200] trn/acc1 9.50e-01, trn/loss 5.57e-01, trn/loss_ce 1.45e-01, trn/loss_wd 8.24e+02, trn/lr 5.16e-02
[2022-02-05 13:32:15,539][INFO] [Epoch 102/200] trn/acc1 9.53e-01, trn/loss 5.51e-01, trn/loss_ce 1.41e-01, trn/loss_wd 8.19e+02, trn/lr 5.08e-02
[2022-02-05 13:32:45,435][INFO] [Epoch 103/200] trn/acc1 9.52e-01, trn/loss 5.51e-01, trn/loss_ce 1.43e-01, trn/loss_wd 8.15e+02, trn/lr 5.00e-02
[2022-02-05 13:33:15,344][INFO] [Epoch 104/200] trn/acc1 9.53e-01, trn/loss 5.44e-01, trn/loss_ce 1.38e-01, trn/loss_wd 8.12e+02, trn/lr 4.92e-02
[2022-02-05 13:33:45,251][INFO] [Epoch 105/200] trn/acc1 9.53e-01, trn/loss 5.45e-01, trn/loss_ce 1.40e-01, trn/loss_wd 8.10e+02, trn/lr 4.84e-02
[2022-02-05 13:34:15,181][INFO] [Epoch 106/200] trn/acc1 9.57e-01, trn/loss 5.30e-01, trn/loss_ce 1.28e-01, trn/loss_wd 8.04e+02, trn/lr 4.76e-02
[2022-02-05 13:34:45,120][INFO] [Epoch 107/200] trn/acc1 9.56e-01, trn/loss 5.30e-01, trn/loss_ce 1.33e-01, trn/loss_wd 7.96e+02, trn/lr 4.68e-02
[2022-02-05 13:35:15,069][INFO] [Epoch 108/200] trn/acc1 9.57e-01, trn/loss 5.27e-01, trn/loss_ce 1.30e-01, trn/loss_wd 7.93e+02, trn/lr 4.60e-02
[2022-02-05 13:35:45,027][INFO] [Epoch 109/200] trn/acc1 9.58e-01, trn/loss 5.18e-01, trn/loss_ce 1.25e-01, trn/loss_wd 7.88e+02, trn/lr 4.52e-02
[2022-02-05 13:36:14,943][INFO] [Epoch 110/200] trn/acc1 9.58e-01, trn/loss 5.15e-01, trn/loss_ce 1.25e-01, trn/loss_wd 7.81e+02, trn/lr 4.44e-02
[2022-02-05 13:36:44,841][INFO] [Epoch 111/200] trn/acc1 9.59e-01, trn/loss 5.10e-01, trn/loss_ce 1.23e-01, trn/loss_wd 7.75e+02, trn/lr 4.36e-02
[2022-02-05 13:37:14,764][INFO] [Epoch 112/200] trn/acc1 9.60e-01, trn/loss 5.00e-01, trn/loss_ce 1.16e-01, trn/loss_wd 7.67e+02, trn/lr 4.28e-02
[2022-02-05 13:37:44,686][INFO] [Epoch 113/200] trn/acc1 9.60e-01, trn/loss 4.99e-01, trn/loss_ce 1.18e-01, trn/loss_wd 7.63e+02, trn/lr 4.20e-02
[2022-02-05 13:38:14,633][INFO] [Epoch 114/200] trn/acc1 9.61e-01, trn/loss 4.95e-01, trn/loss_ce 1.16e-01, trn/loss_wd 7.58e+02, trn/lr 4.12e-02
[2022-02-05 13:38:44,544][INFO] [Epoch 115/200] trn/acc1 9.61e-01, trn/loss 4.93e-01, trn/loss_ce 1.15e-01, trn/loss_wd 7.56e+02, trn/lr 4.04e-02
[2022-02-05 13:39:14,473][INFO] [Epoch 116/200] trn/acc1 9.64e-01, trn/loss 4.84e-01, trn/loss_ce 1.09e-01, trn/loss_wd 7.51e+02, trn/lr 3.96e-02
[2022-02-05 13:39:44,375][INFO] [Epoch 117/200] trn/acc1 9.65e-01, trn/loss 4.76e-01, trn/loss_ce 1.05e-01, trn/loss_wd 7.41e+02, trn/lr 3.88e-02
[2022-02-05 13:40:14,307][INFO] [Epoch 118/200] trn/acc1 9.67e-01, trn/loss 4.68e-01, trn/loss_ce 1.00e-01, trn/loss_wd 7.35e+02, trn/lr 3.80e-02
[2022-02-05 13:40:44,220][INFO] [Epoch 119/200] trn/acc1 9.67e-01, trn/loss 4.62e-01, trn/loss_ce 9.96e-02, trn/loss_wd 7.26e+02, trn/lr 3.73e-02
[2022-02-05 13:41:14,142][INFO] [Epoch 120/200] trn/acc1 9.66e-01, trn/loss 4.62e-01, trn/loss_ce 1.02e-01, trn/loss_wd 7.20e+02, trn/lr 3.65e-02
[2022-02-05 13:41:14,717][INFO] [Epoch 120/200] Validation: val/acc1 0.8830, val/loss_ce 0.3984
[2022-02-05 13:41:47,678][INFO] [Epoch 121/200] trn/acc1 9.69e-01, trn/loss 4.53e-01, trn/loss_ce 9.59e-02, trn/loss_wd 7.15e+02, trn/lr 3.57e-02
[2022-02-05 13:42:17,625][INFO] [Epoch 122/200] trn/acc1 9.69e-01, trn/loss 4.47e-01, trn/loss_ce 9.35e-02, trn/loss_wd 7.07e+02, trn/lr 3.49e-02
[2022-02-05 13:42:47,565][INFO] [Epoch 123/200] trn/acc1 9.70e-01, trn/loss 4.40e-01, trn/loss_ce 9.08e-02, trn/loss_wd 6.99e+02, trn/lr 3.42e-02
[2022-02-05 13:43:17,474][INFO] [Epoch 124/200] trn/acc1 9.72e-01, trn/loss 4.29e-01, trn/loss_ce 8.49e-02, trn/loss_wd 6.88e+02, trn/lr 3.34e-02
[2022-02-05 13:43:47,395][INFO] [Epoch 125/200] trn/acc1 9.71e-01, trn/loss 4.29e-01, trn/loss_ce 8.79e-02, trn/loss_wd 6.83e+02, trn/lr 3.26e-02
[2022-02-05 13:44:17,327][INFO] [Epoch 126/200] trn/acc1 9.73e-01, trn/loss 4.23e-01, trn/loss_ce 8.42e-02, trn/loss_wd 6.79e+02, trn/lr 3.19e-02
[2022-02-05 13:44:47,228][INFO] [Epoch 127/200] trn/acc1 9.73e-01, trn/loss 4.16e-01, trn/loss_ce 8.10e-02, trn/loss_wd 6.69e+02, trn/lr 3.11e-02
[2022-02-05 13:45:17,170][INFO] [Epoch 128/200] trn/acc1 9.75e-01, trn/loss 4.08e-01, trn/loss_ce 7.79e-02, trn/loss_wd 6.61e+02, trn/lr 3.04e-02
[2022-02-05 13:45:47,068][INFO] [Epoch 129/200] trn/acc1 9.73e-01, trn/loss 4.07e-01, trn/loss_ce 7.92e-02, trn/loss_wd 6.56e+02, trn/lr 2.97e-02
[2022-02-05 13:46:16,979][INFO] [Epoch 130/200] trn/acc1 9.76e-01, trn/loss 3.97e-01, trn/loss_ce 7.31e-02, trn/loss_wd 6.48e+02, trn/lr 2.89e-02
[2022-02-05 13:46:46,876][INFO] [Epoch 131/200] trn/acc1 9.77e-01, trn/loss 3.94e-01, trn/loss_ce 7.36e-02, trn/loss_wd 6.42e+02, trn/lr 2.82e-02
[2022-02-05 13:47:16,841][INFO] [Epoch 132/200] trn/acc1 9.77e-01, trn/loss 3.89e-01, trn/loss_ce 7.23e-02, trn/loss_wd 6.33e+02, trn/lr 2.75e-02
[2022-02-05 13:47:46,764][INFO] [Epoch 133/200] trn/acc1 9.77e-01, trn/loss 3.85e-01, trn/loss_ce 7.17e-02, trn/loss_wd 6.26e+02, trn/lr 2.68e-02
[2022-02-05 13:48:16,689][INFO] [Epoch 134/200] trn/acc1 9.81e-01, trn/loss 3.68e-01, trn/loss_ce 5.88e-02, trn/loss_wd 6.18e+02, trn/lr 2.61e-02
[2022-02-05 13:48:46,607][INFO] [Epoch 135/200] trn/acc1 9.81e-01, trn/loss 3.63e-01, trn/loss_ce 5.91e-02, trn/loss_wd 6.08e+02, trn/lr 2.54e-02
[2022-02-05 13:49:16,538][INFO] [Epoch 136/200] trn/acc1 9.79e-01, trn/loss 3.64e-01, trn/loss_ce 6.45e-02, trn/loss_wd 5.99e+02, trn/lr 2.47e-02
[2022-02-05 13:49:46,455][INFO] [Epoch 137/200] trn/acc1 9.81e-01, trn/loss 3.56e-01, trn/loss_ce 6.01e-02, trn/loss_wd 5.91e+02, trn/lr 2.40e-02
[2022-02-05 13:50:16,378][INFO] [Epoch 138/200] trn/acc1 9.84e-01, trn/loss 3.42e-01, trn/loss_ce 4.99e-02, trn/loss_wd 5.84e+02, trn/lr 2.33e-02
[2022-02-05 13:50:46,304][INFO] [Epoch 139/200] trn/acc1 9.84e-01, trn/loss 3.39e-01, trn/loss_ce 5.19e-02, trn/loss_wd 5.73e+02, trn/lr 2.26e-02
[2022-02-05 13:51:16,227][INFO] [Epoch 140/200] trn/acc1 9.82e-01, trn/loss 3.38e-01, trn/loss_ce 5.50e-02, trn/loss_wd 5.67e+02, trn/lr 2.19e-02
[2022-02-05 13:51:16,802][INFO] [Epoch 140/200] Validation: val/acc1 0.9378, val/loss_ce 0.2268
[2022-02-05 13:52:02,001][INFO] [Epoch 141/200] trn/acc1 9.86e-01, trn/loss 3.24e-01, trn/loss_ce 4.62e-02, trn/loss_wd 5.57e+02, trn/lr 2.13e-02
[2022-02-05 13:52:31,871][INFO] [Epoch 142/200] trn/acc1 9.85e-01, trn/loss 3.22e-01, trn/loss_ce 4.78e-02, trn/loss_wd 5.49e+02, trn/lr 2.06e-02
[2022-02-05 13:53:01,751][INFO] [Epoch 143/200] trn/acc1 9.86e-01, trn/loss 3.18e-01, trn/loss_ce 4.74e-02, trn/loss_wd 5.41e+02, trn/lr 2.00e-02
[2022-02-05 13:53:31,660][INFO] [Epoch 144/200] trn/acc1 9.88e-01, trn/loss 3.05e-01, trn/loss_ce 3.91e-02, trn/loss_wd 5.32e+02, trn/lr 1.93e-02
[2022-02-05 13:54:01,567][INFO] [Epoch 145/200] trn/acc1 9.88e-01, trn/loss 3.00e-01, trn/loss_ce 3.93e-02, trn/loss_wd 5.22e+02, trn/lr 1.87e-02
[2022-02-05 13:54:31,476][INFO] [Epoch 146/200] trn/acc1 9.87e-01, trn/loss 2.99e-01, trn/loss_ce 4.20e-02, trn/loss_wd 5.14e+02, trn/lr 1.81e-02
[2022-02-05 13:55:01,380][INFO] [Epoch 147/200] trn/acc1 9.90e-01, trn/loss 2.83e-01, trn/loss_ce 3.10e-02, trn/loss_wd 5.04e+02, trn/lr 1.75e-02
[2022-02-05 13:55:31,274][INFO] [Epoch 148/200] trn/acc1 9.90e-01, trn/loss 2.80e-01, trn/loss_ce 3.34e-02, trn/loss_wd 4.94e+02, trn/lr 1.68e-02
[2022-02-05 13:56:01,186][INFO] [Epoch 149/200] trn/acc1 9.89e-01, trn/loss 2.78e-01, trn/loss_ce 3.57e-02, trn/loss_wd 4.85e+02, trn/lr 1.62e-02
[2022-02-05 13:56:31,084][INFO] [Epoch 150/200] trn/acc1 9.92e-01, trn/loss 2.66e-01, trn/loss_ce 2.77e-02, trn/loss_wd 4.76e+02, trn/lr 1.57e-02
[2022-02-05 13:57:00,984][INFO] [Epoch 151/200] trn/acc1 9.91e-01, trn/loss 2.63e-01, trn/loss_ce 2.91e-02, trn/loss_wd 4.67e+02, trn/lr 1.51e-02
[2022-02-05 13:57:30,892][INFO] [Epoch 152/200] trn/acc1 9.92e-01, trn/loss 2.55e-01, trn/loss_ce 2.62e-02, trn/loss_wd 4.58e+02, trn/lr 1.45e-02
[2022-02-05 13:58:00,903][INFO] [Epoch 153/200] trn/acc1 9.94e-01, trn/loss 2.47e-01, trn/loss_ce 2.28e-02, trn/loss_wd 4.49e+02, trn/lr 1.39e-02
[2022-02-05 13:58:30,795][INFO] [Epoch 154/200] trn/acc1 9.94e-01, trn/loss 2.39e-01, trn/loss_ce 2.03e-02, trn/loss_wd 4.38e+02, trn/lr 1.34e-02
[2022-02-05 13:59:00,667][INFO] [Epoch 155/200] trn/acc1 9.95e-01, trn/loss 2.32e-01, trn/loss_ce 1.76e-02, trn/loss_wd 4.28e+02, trn/lr 1.28e-02
[2022-02-05 13:59:30,567][INFO] [Epoch 156/200] trn/acc1 9.95e-01, trn/loss 2.27e-01, trn/loss_ce 1.80e-02, trn/loss_wd 4.18e+02, trn/lr 1.23e-02
[2022-02-05 14:00:00,429][INFO] [Epoch 157/200] trn/acc1 9.95e-01, trn/loss 2.22e-01, trn/loss_ce 1.76e-02, trn/loss_wd 4.10e+02, trn/lr 1.18e-02
[2022-02-05 14:00:30,285][INFO] [Epoch 158/200] trn/acc1 9.96e-01, trn/loss 2.18e-01, trn/loss_ce 1.71e-02, trn/loss_wd 4.01e+02, trn/lr 1.13e-02
[2022-02-05 14:01:00,155][INFO] [Epoch 159/200] trn/acc1 9.96e-01, trn/loss 2.10e-01, trn/loss_ce 1.41e-02, trn/loss_wd 3.93e+02, trn/lr 1.08e-02
[2022-02-05 14:01:30,044][INFO] [Epoch 160/200] trn/acc1 9.97e-01, trn/loss 2.05e-01, trn/loss_ce 1.29e-02, trn/loss_wd 3.84e+02, trn/lr 1.03e-02
[2022-02-05 14:01:30,614][INFO] [Epoch 160/200] Validation: val/acc1 0.9510, val/loss_ce 0.1931
[2022-02-05 14:02:15,083][INFO] [Epoch 161/200] trn/acc1 9.96e-01, trn/loss 2.02e-01, trn/loss_ce 1.32e-02, trn/loss_wd 3.77e+02, trn/lr 9.79e-03
[2022-02-05 14:02:44,997][INFO] [Epoch 162/200] trn/acc1 9.98e-01, trn/loss 1.93e-01, trn/loss_ce 8.94e-03, trn/loss_wd 3.68e+02, trn/lr 9.31e-03
[2022-02-05 14:03:14,909][INFO] [Epoch 163/200] trn/acc1 9.98e-01, trn/loss 1.89e-01, trn/loss_ce 8.49e-03, trn/loss_wd 3.60e+02, trn/lr 8.85e-03
[2022-02-05 14:03:44,835][INFO] [Epoch 164/200] trn/acc1 9.98e-01, trn/loss 1.85e-01, trn/loss_ce 8.27e-03, trn/loss_wd 3.53e+02, trn/lr 8.40e-03
[2022-02-05 14:04:14,761][INFO] [Epoch 165/200] trn/acc1 9.98e-01, trn/loss 1.81e-01, trn/loss_ce 8.00e-03, trn/loss_wd 3.46e+02, trn/lr 7.96e-03
[2022-02-05 14:04:44,703][INFO] [Epoch 166/200] trn/acc1 9.99e-01, trn/loss 1.75e-01, trn/loss_ce 5.97e-03, trn/loss_wd 3.39e+02, trn/lr 7.53e-03
[2022-02-05 14:05:14,622][INFO] [Epoch 167/200] trn/acc1 9.99e-01, trn/loss 1.71e-01, trn/loss_ce 4.95e-03, trn/loss_wd 3.32e+02, trn/lr 7.11e-03
[2022-02-05 14:05:44,544][INFO] [Epoch 168/200] trn/acc1 9.99e-01, trn/loss 1.69e-01, trn/loss_ce 6.52e-03, trn/loss_wd 3.26e+02, trn/lr 6.70e-03
[2022-02-05 14:06:14,466][INFO] [Epoch 169/200] trn/acc1 9.99e-01, trn/loss 1.65e-01, trn/loss_ce 4.75e-03, trn/loss_wd 3.20e+02, trn/lr 6.30e-03
[2022-02-05 14:06:44,372][INFO] [Epoch 170/200] trn/acc1 9.99e-01, trn/loss 1.61e-01, trn/loss_ce 4.19e-03, trn/loss_wd 3.15e+02, trn/lr 5.92e-03
[2022-02-05 14:07:14,282][INFO] [Epoch 171/200] trn/acc1 1.00e+00, trn/loss 1.58e-01, trn/loss_ce 2.98e-03, trn/loss_wd 3.09e+02, trn/lr 5.54e-03
[2022-02-05 14:07:44,191][INFO] [Epoch 172/200] trn/acc1 1.00e+00, trn/loss 1.54e-01, trn/loss_ce 2.30e-03, trn/loss_wd 3.04e+02, trn/lr 5.18e-03
[2022-02-05 14:08:14,105][INFO] [Epoch 173/200] trn/acc1 1.00e+00, trn/loss 1.52e-01, trn/loss_ce 2.32e-03, trn/loss_wd 2.99e+02, trn/lr 4.83e-03
[2022-02-05 14:08:44,025][INFO] [Epoch 174/200] trn/acc1 1.00e+00, trn/loss 1.50e-01, trn/loss_ce 2.14e-03, trn/loss_wd 2.95e+02, trn/lr 4.49e-03
[2022-02-05 14:09:13,951][INFO] [Epoch 175/200] trn/acc1 1.00e+00, trn/loss 1.47e-01, trn/loss_ce 1.93e-03, trn/loss_wd 2.91e+02, trn/lr 4.16e-03
[2022-02-05 14:09:43,861][INFO] [Epoch 176/200] trn/acc1 1.00e+00, trn/loss 1.45e-01, trn/loss_ce 1.82e-03, trn/loss_wd 2.87e+02, trn/lr 3.85e-03
[2022-02-05 14:10:13,838][INFO] [Epoch 177/200] trn/acc1 1.00e+00, trn/loss 1.44e-01, trn/loss_ce 1.88e-03, trn/loss_wd 2.84e+02, trn/lr 3.54e-03
[2022-02-05 14:10:43,739][INFO] [Epoch 178/200] trn/acc1 1.00e+00, trn/loss 1.42e-01, trn/loss_ce 1.78e-03, trn/loss_wd 2.81e+02, trn/lr 3.25e-03
[2022-02-05 14:11:13,621][INFO] [Epoch 179/200] trn/acc1 1.00e+00, trn/loss 1.41e-01, trn/loss_ce 1.74e-03, trn/loss_wd 2.78e+02, trn/lr 2.97e-03
[2022-02-05 14:11:43,533][INFO] [Epoch 180/200] trn/acc1 1.00e+00, trn/loss 1.40e-01, trn/loss_ce 1.77e-03, trn/loss_wd 2.76e+02, trn/lr 2.70e-03
[2022-02-05 14:11:44,106][INFO] [Epoch 180/200] Validation: val/acc1 0.9612, val/loss_ce 0.1641
[2022-02-05 14:12:29,224][INFO] [Epoch 181/200] trn/acc1 1.00e+00, trn/loss 1.38e-01, trn/loss_ce 1.62e-03, trn/loss_wd 2.73e+02, trn/lr 2.45e-03
[2022-02-05 14:12:29,791][INFO] [Epoch 181/200] Validation: val/acc1 0.9612, val/loss_ce 0.1593
[2022-02-05 14:13:17,036][INFO] [Epoch 182/200] trn/acc1 1.00e+00, trn/loss 1.37e-01, trn/loss_ce 1.70e-03, trn/loss_wd 2.71e+02, trn/lr 2.21e-03
[2022-02-05 14:13:17,611][INFO] [Epoch 182/200] Validation: val/acc1 0.9624, val/loss_ce 0.1593
[2022-02-05 14:13:56,196][INFO] [Epoch 183/200] trn/acc1 1.00e+00, trn/loss 1.36e-01, trn/loss_ce 1.67e-03, trn/loss_wd 2.70e+02, trn/lr 1.97e-03
[2022-02-05 14:13:56,794][INFO] [Epoch 183/200] Validation: val/acc1 0.9624, val/loss_ce 0.1568
[2022-02-05 14:14:47,054][INFO] [Epoch 184/200] trn/acc1 1.00e+00, trn/loss 1.36e-01, trn/loss_ce 1.66e-03, trn/loss_wd 2.68e+02, trn/lr 1.76e-03
[2022-02-05 14:14:47,650][INFO] [Epoch 184/200] Validation: val/acc1 0.9622, val/loss_ce 0.1585
[2022-02-05 14:15:23,304][INFO] [Epoch 185/200] trn/acc1 1.00e+00, trn/loss 1.35e-01, trn/loss_ce 1.61e-03, trn/loss_wd 2.67e+02, trn/lr 1.55e-03
[2022-02-05 14:15:23,880][INFO] [Epoch 185/200] Validation: val/acc1 0.9620, val/loss_ce 0.1573
[2022-02-05 14:15:57,209][INFO] [Epoch 186/200] trn/acc1 1.00e+00, trn/loss 1.34e-01, trn/loss_ce 1.66e-03, trn/loss_wd 2.65e+02, trn/lr 1.36e-03
[2022-02-05 14:15:57,779][INFO] [Epoch 186/200] Validation: val/acc1 0.9630, val/loss_ce 0.1548
[2022-02-05 14:16:42,269][INFO] [Epoch 187/200] trn/acc1 1.00e+00, trn/loss 1.34e-01, trn/loss_ce 1.64e-03, trn/loss_wd 2.64e+02, trn/lr 1.18e-03
[2022-02-05 14:16:42,838][INFO] [Epoch 187/200] Validation: val/acc1 0.9634, val/loss_ce 0.1561
[2022-02-05 14:17:21,597][INFO] [Epoch 188/200] trn/acc1 1.00e+00, trn/loss 1.33e-01, trn/loss_ce 1.70e-03, trn/loss_wd 2.63e+02, trn/lr 1.01e-03
[2022-02-05 14:17:22,165][INFO] [Epoch 188/200] Validation: val/acc1 0.9624, val/loss_ce 0.1571
[2022-02-05 14:17:55,372][INFO] [Epoch 189/200] trn/acc1 1.00e+00, trn/loss 1.33e-01, trn/loss_ce 1.71e-03, trn/loss_wd 2.63e+02, trn/lr 8.56e-04
[2022-02-05 14:17:55,940][INFO] [Epoch 189/200] Validation: val/acc1 0.9630, val/loss_ce 0.1552
[2022-02-05 14:18:34,159][INFO] [Epoch 190/200] trn/acc1 1.00e+00, trn/loss 1.33e-01, trn/loss_ce 1.63e-03, trn/loss_wd 2.62e+02, trn/lr 7.14e-04
[2022-02-05 14:18:34,731][INFO] [Epoch 190/200] Validation: val/acc1 0.9630, val/loss_ce 0.1571
[2022-02-05 14:19:08,565][INFO] [Epoch 191/200] trn/acc1 1.00e+00, trn/loss 1.32e-01, trn/loss_ce 1.58e-03, trn/loss_wd 2.61e+02, trn/lr 5.85e-04
[2022-02-05 14:19:09,136][INFO] [Epoch 191/200] Validation: val/acc1 0.9636, val/loss_ce 0.1555
[2022-02-05 14:19:49,737][INFO] [Epoch 192/200] trn/acc1 1.00e+00, trn/loss 1.32e-01, trn/loss_ce 1.60e-03, trn/loss_wd 2.61e+02, trn/lr 4.69e-04
[2022-02-05 14:19:50,311][INFO] [Epoch 192/200] Validation: val/acc1 0.9636, val/loss_ce 0.1569
[2022-02-05 14:20:25,056][INFO] [Epoch 193/200] trn/acc1 1.00e+00, trn/loss 1.32e-01, trn/loss_ce 1.62e-03, trn/loss_wd 2.61e+02, trn/lr 3.65e-04
[2022-02-05 14:20:25,631][INFO] [Epoch 193/200] Validation: val/acc1 0.9628, val/loss_ce 0.1561
[2022-02-05 14:20:58,666][INFO] [Epoch 194/200] trn/acc1 1.00e+00, trn/loss 1.32e-01, trn/loss_ce 1.64e-03, trn/loss_wd 2.60e+02, trn/lr 2.75e-04
[2022-02-05 14:20:59,235][INFO] [Epoch 194/200] Validation: val/acc1 0.9634, val/loss_ce 0.1563
[2022-02-05 14:21:32,157][INFO] [Epoch 195/200] trn/acc1 1.00e+00, trn/loss 1.32e-01, trn/loss_ce 1.66e-03, trn/loss_wd 2.60e+02, trn/lr 1.97e-04
[2022-02-05 14:21:32,728][INFO] [Epoch 195/200] Validation: val/acc1 0.9630, val/loss_ce 0.1557
[2022-02-05 14:22:08,509][INFO] [Epoch 196/200] trn/acc1 1.00e+00, trn/loss 1.32e-01, trn/loss_ce 1.57e-03, trn/loss_wd 2.60e+02, trn/lr 1.32e-04
[2022-02-05 14:22:09,078][INFO] [Epoch 196/200] Validation: val/acc1 0.9624, val/loss_ce 0.1556
[2022-02-05 14:22:42,031][INFO] [Epoch 197/200] trn/acc1 1.00e+00, trn/loss 1.32e-01, trn/loss_ce 1.61e-03, trn/loss_wd 2.60e+02, trn/lr 8.01e-05
[2022-02-05 14:22:42,599][INFO] [Epoch 197/200] Validation: val/acc1 0.9638, val/loss_ce 0.1566
[2022-02-05 14:23:29,071][INFO] [Epoch 198/200] trn/acc1 1.00e+00, trn/loss 1.32e-01, trn/loss_ce 1.66e-03, trn/loss_wd 2.60e+02, trn/lr 4.11e-05
[2022-02-05 14:23:29,651][INFO] [Epoch 198/200] Validation: val/acc1 0.9634, val/loss_ce 0.1554
[2022-02-05 14:24:05,507][INFO] [Epoch 199/200] trn/acc1 1.00e+00, trn/loss 1.32e-01, trn/loss_ce 1.65e-03, trn/loss_wd 2.60e+02, trn/lr 1.52e-05
[2022-02-05 14:24:06,083][INFO] [Epoch 199/200] Validation: val/acc1 0.9634, val/loss_ce 0.1565
[2022-02-05 14:24:39,182][INFO] [Epoch 200/200] trn/acc1 1.00e+00, trn/loss 1.32e-01, trn/loss_ce 1.63e-03, trn/loss_wd 2.60e+02, trn/lr 2.17e-06
[2022-02-05 14:24:39,754][INFO] [Epoch 200/200] Validation: val/acc1 0.9634, val/loss_ce 0.1565
