[2022-02-07 15:54:17,926][INFO] Environments:
------------  ---------------------------------------------------------------------------
sys.platform  linux
Python        3.7.11 (default, Nov 23 2021, 05:29:02) [GCC 7.5.0]
JAX           0.2.27 @/mnt/data1/giung/venvs/jax0.2.27/lib/python3.7/site-packages/jax
jaxlib        0.1.75 @/mnt/data1/giung/venvs/jax0.2.27/lib/python3.7/site-packages/jaxlib
Flax          0.4.0 @/mnt/data1/giung/venvs/jax0.2.27/lib/python3.7/site-packages/flax
Optax         0.1.0 @/mnt/data1/giung/venvs/jax0.2.27/lib/python3.7/site-packages/optax
------------  ---------------------------------------------------------------------------

[2022-02-07 15:54:17,927][INFO] Command line arguments:
Namespace(batch_size=128, config_file='./configs/C10_VGG19-BN-ReLU_SGD.yaml', keep_every_n_checkpoints=None, learning_rate=0.05, num_epochs=200, num_warmup_epochs=5, opts=[], output_dir='./outputs/C10_VGG19-BN-ReLU/SGD/s42_e200_wd5e-4/', seed=42, weight_decay=0.0005)

[2022-02-07 15:54:17,927][INFO] Using a random seed 42

[2022-02-07 15:54:18,045][INFO] Unable to initialize backend 'tpu_driver': NOT_FOUND: Unable to find driver in registry given worker: 
[2022-02-07 15:54:18,342][INFO] Unable to initialize backend 'tpu': INVALID_ARGUMENT: TpuPlatform is not available.
[2022-02-07 15:55:45,044][INFO] Found no checkpoint files in outputs/C10_VGG19-BN-ReLU/SGD/s42_e200_wd5e-4
[2022-02-07 15:56:02,381][INFO] [Epoch   1/200] trn/acc1 3.75e-01, trn/loss 6.35e+00, trn/loss_ce 1.73e+00, trn/loss_wd 9.25e+03, trn/lr 4.99e-03
[2022-02-07 15:56:04,325][INFO] [Epoch   1/200] Validation: val/acc1 0.4572, val/loss_ce 1.5758
[2022-02-07 15:56:25,006][INFO] [Epoch   2/200] trn/acc1 5.82e-01, trn/loss 5.65e+00, trn/loss_ce 1.17e+00, trn/loss_wd 8.96e+03, trn/lr 1.50e-02
[2022-02-07 15:56:31,397][INFO] [Epoch   3/200] trn/acc1 6.82e-01, trn/loss 5.12e+00, trn/loss_ce 9.21e-01, trn/loss_wd 8.40e+03, trn/lr 2.50e-02
[2022-02-07 15:56:37,802][INFO] [Epoch   4/200] trn/acc1 7.33e-01, trn/loss 4.61e+00, trn/loss_ce 7.87e-01, trn/loss_wd 7.64e+03, trn/lr 3.50e-02
[2022-02-07 15:56:44,222][INFO] [Epoch   5/200] trn/acc1 7.66e-01, trn/loss 4.07e+00, trn/loss_ce 7.05e-01, trn/loss_wd 6.74e+03, trn/lr 4.50e-02
[2022-02-07 15:56:50,660][INFO] [Epoch   6/200] trn/acc1 7.89e-01, trn/loss 3.54e+00, trn/loss_ce 6.37e-01, trn/loss_wd 5.80e+03, trn/lr 5.00e-02
[2022-02-07 15:56:57,108][INFO] [Epoch   7/200] trn/acc1 8.11e-01, trn/loss 3.06e+00, trn/loss_ce 5.71e-01, trn/loss_wd 4.97e+03, trn/lr 5.00e-02
[2022-02-07 15:57:03,558][INFO] [Epoch   8/200] trn/acc1 8.24e-01, trn/loss 2.67e+00, trn/loss_ce 5.30e-01, trn/loss_wd 4.28e+03, trn/lr 5.00e-02
[2022-02-07 15:57:10,039][INFO] [Epoch   9/200] trn/acc1 8.36e-01, trn/loss 2.34e+00, trn/loss_ce 4.93e-01, trn/loss_wd 3.70e+03, trn/lr 5.00e-02
[2022-02-07 15:57:16,508][INFO] [Epoch  10/200] trn/acc1 8.47e-01, trn/loss 2.07e+00, trn/loss_ce 4.65e-01, trn/loss_wd 3.21e+03, trn/lr 4.99e-02
[2022-02-07 15:57:22,988][INFO] [Epoch  11/200] trn/acc1 8.54e-01, trn/loss 1.84e+00, trn/loss_ce 4.38e-01, trn/loss_wd 2.81e+03, trn/lr 4.99e-02
[2022-02-07 15:57:29,474][INFO] [Epoch  12/200] trn/acc1 8.63e-01, trn/loss 1.65e+00, trn/loss_ce 4.17e-01, trn/loss_wd 2.47e+03, trn/lr 4.99e-02
[2022-02-07 15:57:35,945][INFO] [Epoch  13/200] trn/acc1 8.66e-01, trn/loss 1.50e+00, trn/loss_ce 4.07e-01, trn/loss_wd 2.18e+03, trn/lr 4.98e-02
[2022-02-07 15:57:42,406][INFO] [Epoch  14/200] trn/acc1 8.73e-01, trn/loss 1.37e+00, trn/loss_ce 3.91e-01, trn/loss_wd 1.95e+03, trn/lr 4.98e-02
[2022-02-07 15:57:48,877][INFO] [Epoch  15/200] trn/acc1 8.75e-01, trn/loss 1.26e+00, trn/loss_ce 3.77e-01, trn/loss_wd 1.76e+03, trn/lr 4.97e-02
[2022-02-07 15:57:55,364][INFO] [Epoch  16/200] trn/acc1 8.77e-01, trn/loss 1.18e+00, trn/loss_ce 3.76e-01, trn/loss_wd 1.60e+03, trn/lr 4.96e-02
[2022-02-07 15:58:01,826][INFO] [Epoch  17/200] trn/acc1 8.78e-01, trn/loss 1.10e+00, trn/loss_ce 3.65e-01, trn/loss_wd 1.47e+03, trn/lr 4.96e-02
[2022-02-07 15:58:08,302][INFO] [Epoch  18/200] trn/acc1 8.84e-01, trn/loss 1.04e+00, trn/loss_ce 3.54e-01, trn/loss_wd 1.37e+03, trn/lr 4.95e-02
[2022-02-07 15:58:14,744][INFO] [Epoch  19/200] trn/acc1 8.85e-01, trn/loss 9.93e-01, trn/loss_ce 3.53e-01, trn/loss_wd 1.28e+03, trn/lr 4.94e-02
[2022-02-07 15:58:21,202][INFO] [Epoch  20/200] trn/acc1 8.89e-01, trn/loss 9.46e-01, trn/loss_ce 3.42e-01, trn/loss_wd 1.21e+03, trn/lr 4.93e-02
[2022-02-07 15:58:21,368][INFO] [Epoch  20/200] Validation: val/acc1 0.8518, val/loss_ce 0.4503
[2022-02-07 15:58:36,709][INFO] [Epoch  21/200] trn/acc1 8.88e-01, trn/loss 9.09e-01, trn/loss_ce 3.35e-01, trn/loss_wd 1.15e+03, trn/lr 4.92e-02
[2022-02-07 15:58:43,160][INFO] [Epoch  22/200] trn/acc1 8.93e-01, trn/loss 8.79e-01, trn/loss_ce 3.30e-01, trn/loss_wd 1.10e+03, trn/lr 4.91e-02
[2022-02-07 15:58:49,620][INFO] [Epoch  23/200] trn/acc1 8.94e-01, trn/loss 8.54e-01, trn/loss_ce 3.24e-01, trn/loss_wd 1.06e+03, trn/lr 4.90e-02
[2022-02-07 15:58:56,078][INFO] [Epoch  24/200] trn/acc1 8.98e-01, trn/loss 8.28e-01, trn/loss_ce 3.14e-01, trn/loss_wd 1.03e+03, trn/lr 4.89e-02
[2022-02-07 15:59:02,541][INFO] [Epoch  25/200] trn/acc1 8.96e-01, trn/loss 8.19e-01, trn/loss_ce 3.18e-01, trn/loss_wd 1.00e+03, trn/lr 4.88e-02
[2022-02-07 15:59:09,000][INFO] [Epoch  26/200] trn/acc1 8.97e-01, trn/loss 8.04e-01, trn/loss_ce 3.13e-01, trn/loss_wd 9.82e+02, trn/lr 4.86e-02
[2022-02-07 15:59:15,563][INFO] [Epoch  27/200] trn/acc1 9.00e-01, trn/loss 7.92e-01, trn/loss_ce 3.09e-01, trn/loss_wd 9.66e+02, trn/lr 4.85e-02
[2022-02-07 15:59:22,061][INFO] [Epoch  28/200] trn/acc1 9.04e-01, trn/loss 7.74e-01, trn/loss_ce 3.00e-01, trn/loss_wd 9.49e+02, trn/lr 4.84e-02
[2022-02-07 15:59:28,553][INFO] [Epoch  29/200] trn/acc1 9.03e-01, trn/loss 7.70e-01, trn/loss_ce 3.00e-01, trn/loss_wd 9.39e+02, trn/lr 4.82e-02
[2022-02-07 15:59:35,016][INFO] [Epoch  30/200] trn/acc1 9.03e-01, trn/loss 7.64e-01, trn/loss_ce 2.98e-01, trn/loss_wd 9.33e+02, trn/lr 4.81e-02
[2022-02-07 15:59:41,484][INFO] [Epoch  31/200] trn/acc1 9.05e-01, trn/loss 7.53e-01, trn/loss_ce 2.90e-01, trn/loss_wd 9.26e+02, trn/lr 4.79e-02
[2022-02-07 15:59:47,973][INFO] [Epoch  32/200] trn/acc1 9.05e-01, trn/loss 7.46e-01, trn/loss_ce 2.87e-01, trn/loss_wd 9.19e+02, trn/lr 4.78e-02
[2022-02-07 15:59:54,456][INFO] [Epoch  33/200] trn/acc1 9.06e-01, trn/loss 7.46e-01, trn/loss_ce 2.88e-01, trn/loss_wd 9.16e+02, trn/lr 4.76e-02
[2022-02-07 16:00:00,930][INFO] [Epoch  34/200] trn/acc1 9.09e-01, trn/loss 7.37e-01, trn/loss_ce 2.81e-01, trn/loss_wd 9.12e+02, trn/lr 4.74e-02
[2022-02-07 16:00:07,404][INFO] [Epoch  35/200] trn/acc1 9.07e-01, trn/loss 7.37e-01, trn/loss_ce 2.81e-01, trn/loss_wd 9.11e+02, trn/lr 4.72e-02
[2022-02-07 16:00:13,886][INFO] [Epoch  36/200] trn/acc1 9.07e-01, trn/loss 7.37e-01, trn/loss_ce 2.82e-01, trn/loss_wd 9.10e+02, trn/lr 4.70e-02
[2022-02-07 16:00:20,387][INFO] [Epoch  37/200] trn/acc1 9.11e-01, trn/loss 7.27e-01, trn/loss_ce 2.72e-01, trn/loss_wd 9.10e+02, trn/lr 4.68e-02
[2022-02-07 16:00:26,874][INFO] [Epoch  38/200] trn/acc1 9.10e-01, trn/loss 7.29e-01, trn/loss_ce 2.75e-01, trn/loss_wd 9.08e+02, trn/lr 4.67e-02
[2022-02-07 16:00:33,337][INFO] [Epoch  39/200] trn/acc1 9.13e-01, trn/loss 7.19e-01, trn/loss_ce 2.65e-01, trn/loss_wd 9.06e+02, trn/lr 4.64e-02
[2022-02-07 16:00:39,834][INFO] [Epoch  40/200] trn/acc1 9.12e-01, trn/loss 7.23e-01, trn/loss_ce 2.69e-01, trn/loss_wd 9.08e+02, trn/lr 4.62e-02
[2022-02-07 16:00:39,999][INFO] [Epoch  40/200] Validation: val/acc1 0.8484, val/loss_ce 0.4880
[2022-02-07 16:00:53,451][INFO] [Epoch  41/200] trn/acc1 9.14e-01, trn/loss 7.20e-01, trn/loss_ce 2.66e-01, trn/loss_wd 9.07e+02, trn/lr 4.60e-02
[2022-02-07 16:00:59,929][INFO] [Epoch  42/200] trn/acc1 9.15e-01, trn/loss 7.17e-01, trn/loss_ce 2.62e-01, trn/loss_wd 9.10e+02, trn/lr 4.58e-02
[2022-02-07 16:01:06,428][INFO] [Epoch  43/200] trn/acc1 9.18e-01, trn/loss 7.10e-01, trn/loss_ce 2.55e-01, trn/loss_wd 9.10e+02, trn/lr 4.56e-02
[2022-02-07 16:01:12,902][INFO] [Epoch  44/200] trn/acc1 9.15e-01, trn/loss 7.13e-01, trn/loss_ce 2.59e-01, trn/loss_wd 9.08e+02, trn/lr 4.53e-02
[2022-02-07 16:01:19,409][INFO] [Epoch  45/200] trn/acc1 9.19e-01, trn/loss 7.04e-01, trn/loss_ce 2.51e-01, trn/loss_wd 9.07e+02, trn/lr 4.51e-02
[2022-02-07 16:01:25,898][INFO] [Epoch  46/200] trn/acc1 9.18e-01, trn/loss 7.05e-01, trn/loss_ce 2.52e-01, trn/loss_wd 9.06e+02, trn/lr 4.49e-02
[2022-02-07 16:01:32,384][INFO] [Epoch  47/200] trn/acc1 9.18e-01, trn/loss 7.06e-01, trn/loss_ce 2.51e-01, trn/loss_wd 9.09e+02, trn/lr 4.46e-02
[2022-02-07 16:01:38,849][INFO] [Epoch  48/200] trn/acc1 9.19e-01, trn/loss 6.97e-01, trn/loss_ce 2.43e-01, trn/loss_wd 9.09e+02, trn/lr 4.44e-02
[2022-02-07 16:01:45,328][INFO] [Epoch  49/200] trn/acc1 9.21e-01, trn/loss 7.01e-01, trn/loss_ce 2.45e-01, trn/loss_wd 9.10e+02, trn/lr 4.41e-02
[2022-02-07 16:01:51,880][INFO] [Epoch  50/200] trn/acc1 9.24e-01, trn/loss 6.88e-01, trn/loss_ce 2.35e-01, trn/loss_wd 9.06e+02, trn/lr 4.38e-02
[2022-02-07 16:01:58,353][INFO] [Epoch  51/200] trn/acc1 9.23e-01, trn/loss 6.91e-01, trn/loss_ce 2.37e-01, trn/loss_wd 9.07e+02, trn/lr 4.36e-02
[2022-02-07 16:02:04,832][INFO] [Epoch  52/200] trn/acc1 9.22e-01, trn/loss 6.93e-01, trn/loss_ce 2.39e-01, trn/loss_wd 9.07e+02, trn/lr 4.33e-02
[2022-02-07 16:02:11,267][INFO] [Epoch  53/200] trn/acc1 9.24e-01, trn/loss 6.86e-01, trn/loss_ce 2.34e-01, trn/loss_wd 9.05e+02, trn/lr 4.30e-02
[2022-02-07 16:02:17,709][INFO] [Epoch  54/200] trn/acc1 9.26e-01, trn/loss 6.82e-01, trn/loss_ce 2.30e-01, trn/loss_wd 9.03e+02, trn/lr 4.27e-02
[2022-02-07 16:02:24,291][INFO] [Epoch  55/200] trn/acc1 9.24e-01, trn/loss 6.85e-01, trn/loss_ce 2.34e-01, trn/loss_wd 9.03e+02, trn/lr 4.25e-02
[2022-02-07 16:02:30,765][INFO] [Epoch  56/200] trn/acc1 9.25e-01, trn/loss 6.77e-01, trn/loss_ce 2.25e-01, trn/loss_wd 9.03e+02, trn/lr 4.22e-02
[2022-02-07 16:02:37,233][INFO] [Epoch  57/200] trn/acc1 9.26e-01, trn/loss 6.79e-01, trn/loss_ce 2.27e-01, trn/loss_wd 9.03e+02, trn/lr 4.19e-02
[2022-02-07 16:02:43,682][INFO] [Epoch  58/200] trn/acc1 9.27e-01, trn/loss 6.77e-01, trn/loss_ce 2.27e-01, trn/loss_wd 9.02e+02, trn/lr 4.16e-02
[2022-02-07 16:02:50,132][INFO] [Epoch  59/200] trn/acc1 9.27e-01, trn/loss 6.72e-01, trn/loss_ce 2.23e-01, trn/loss_wd 8.99e+02, trn/lr 4.13e-02
[2022-02-07 16:02:56,604][INFO] [Epoch  60/200] trn/acc1 9.29e-01, trn/loss 6.67e-01, trn/loss_ce 2.19e-01, trn/loss_wd 8.95e+02, trn/lr 4.10e-02
[2022-02-07 16:02:56,779][INFO] [Epoch  60/200] Validation: val/acc1 0.8714, val/loss_ce 0.4098
[2022-02-07 16:03:18,772][INFO] [Epoch  61/200] trn/acc1 9.29e-01, trn/loss 6.68e-01, trn/loss_ce 2.21e-01, trn/loss_wd 8.95e+02, trn/lr 4.07e-02
[2022-02-07 16:03:25,235][INFO] [Epoch  62/200] trn/acc1 9.29e-01, trn/loss 6.65e-01, trn/loss_ce 2.18e-01, trn/loss_wd 8.95e+02, trn/lr 4.03e-02
[2022-02-07 16:03:31,664][INFO] [Epoch  63/200] trn/acc1 9.30e-01, trn/loss 6.61e-01, trn/loss_ce 2.15e-01, trn/loss_wd 8.93e+02, trn/lr 4.00e-02
[2022-02-07 16:03:38,116][INFO] [Epoch  64/200] trn/acc1 9.32e-01, trn/loss 6.55e-01, trn/loss_ce 2.09e-01, trn/loss_wd 8.93e+02, trn/lr 3.97e-02
[2022-02-07 16:03:44,561][INFO] [Epoch  65/200] trn/acc1 9.32e-01, trn/loss 6.53e-01, trn/loss_ce 2.07e-01, trn/loss_wd 8.91e+02, trn/lr 3.94e-02
[2022-02-07 16:03:51,004][INFO] [Epoch  66/200] trn/acc1 9.33e-01, trn/loss 6.56e-01, trn/loss_ce 2.11e-01, trn/loss_wd 8.91e+02, trn/lr 3.90e-02
[2022-02-07 16:03:57,442][INFO] [Epoch  67/200] trn/acc1 9.32e-01, trn/loss 6.52e-01, trn/loss_ce 2.08e-01, trn/loss_wd 8.87e+02, trn/lr 3.87e-02
[2022-02-07 16:04:03,938][INFO] [Epoch  68/200] trn/acc1 9.35e-01, trn/loss 6.42e-01, trn/loss_ce 2.00e-01, trn/loss_wd 8.84e+02, trn/lr 3.84e-02
[2022-02-07 16:04:10,407][INFO] [Epoch  69/200] trn/acc1 9.34e-01, trn/loss 6.41e-01, trn/loss_ce 2.02e-01, trn/loss_wd 8.78e+02, trn/lr 3.80e-02
[2022-02-07 16:04:16,867][INFO] [Epoch  70/200] trn/acc1 9.35e-01, trn/loss 6.38e-01, trn/loss_ce 2.00e-01, trn/loss_wd 8.76e+02, trn/lr 3.77e-02
[2022-02-07 16:04:23,337][INFO] [Epoch  71/200] trn/acc1 9.34e-01, trn/loss 6.42e-01, trn/loss_ce 2.04e-01, trn/loss_wd 8.76e+02, trn/lr 3.73e-02
[2022-02-07 16:04:29,811][INFO] [Epoch  72/200] trn/acc1 9.36e-01, trn/loss 6.35e-01, trn/loss_ce 1.96e-01, trn/loss_wd 8.77e+02, trn/lr 3.70e-02
[2022-02-07 16:04:36,282][INFO] [Epoch  73/200] trn/acc1 9.38e-01, trn/loss 6.29e-01, trn/loss_ce 1.92e-01, trn/loss_wd 8.74e+02, trn/lr 3.66e-02
[2022-02-07 16:04:42,773][INFO] [Epoch  74/200] trn/acc1 9.36e-01, trn/loss 6.31e-01, trn/loss_ce 1.95e-01, trn/loss_wd 8.72e+02, trn/lr 3.63e-02
[2022-02-07 16:04:49,209][INFO] [Epoch  75/200] trn/acc1 9.40e-01, trn/loss 6.20e-01, trn/loss_ce 1.85e-01, trn/loss_wd 8.70e+02, trn/lr 3.59e-02
[2022-02-07 16:04:55,675][INFO] [Epoch  76/200] trn/acc1 9.40e-01, trn/loss 6.19e-01, trn/loss_ce 1.86e-01, trn/loss_wd 8.66e+02, trn/lr 3.55e-02
[2022-02-07 16:05:02,160][INFO] [Epoch  77/200] trn/acc1 9.41e-01, trn/loss 6.13e-01, trn/loss_ce 1.81e-01, trn/loss_wd 8.64e+02, trn/lr 3.52e-02
[2022-02-07 16:05:08,679][INFO] [Epoch  78/200] trn/acc1 9.41e-01, trn/loss 6.12e-01, trn/loss_ce 1.82e-01, trn/loss_wd 8.59e+02, trn/lr 3.48e-02
[2022-02-07 16:05:15,157][INFO] [Epoch  79/200] trn/acc1 9.41e-01, trn/loss 6.10e-01, trn/loss_ce 1.82e-01, trn/loss_wd 8.57e+02, trn/lr 3.44e-02
[2022-02-07 16:05:21,623][INFO] [Epoch  80/200] trn/acc1 9.43e-01, trn/loss 6.05e-01, trn/loss_ce 1.77e-01, trn/loss_wd 8.55e+02, trn/lr 3.41e-02
[2022-02-07 16:05:21,789][INFO] [Epoch  80/200] Validation: val/acc1 0.8888, val/loss_ce 0.3643
[2022-02-07 16:05:40,050][INFO] [Epoch  81/200] trn/acc1 9.43e-01, trn/loss 6.00e-01, trn/loss_ce 1.75e-01, trn/loss_wd 8.50e+02, trn/lr 3.37e-02
[2022-02-07 16:05:46,494][INFO] [Epoch  82/200] trn/acc1 9.42e-01, trn/loss 6.01e-01, trn/loss_ce 1.78e-01, trn/loss_wd 8.47e+02, trn/lr 3.33e-02
[2022-02-07 16:05:52,915][INFO] [Epoch  83/200] trn/acc1 9.46e-01, trn/loss 5.87e-01, trn/loss_ce 1.66e-01, trn/loss_wd 8.41e+02, trn/lr 3.29e-02
[2022-02-07 16:05:59,376][INFO] [Epoch  84/200] trn/acc1 9.44e-01, trn/loss 5.89e-01, trn/loss_ce 1.70e-01, trn/loss_wd 8.38e+02, trn/lr 3.25e-02
[2022-02-07 16:06:05,820][INFO] [Epoch  85/200] trn/acc1 9.44e-01, trn/loss 5.90e-01, trn/loss_ce 1.71e-01, trn/loss_wd 8.38e+02, trn/lr 3.21e-02
[2022-02-07 16:06:12,277][INFO] [Epoch  86/200] trn/acc1 9.45e-01, trn/loss 5.86e-01, trn/loss_ce 1.68e-01, trn/loss_wd 8.36e+02, trn/lr 3.18e-02
[2022-02-07 16:06:18,854][INFO] [Epoch  87/200] trn/acc1 9.46e-01, trn/loss 5.80e-01, trn/loss_ce 1.63e-01, trn/loss_wd 8.33e+02, trn/lr 3.14e-02
[2022-02-07 16:06:25,308][INFO] [Epoch  88/200] trn/acc1 9.46e-01, trn/loss 5.78e-01, trn/loss_ce 1.63e-01, trn/loss_wd 8.30e+02, trn/lr 3.10e-02
[2022-02-07 16:06:31,778][INFO] [Epoch  89/200] trn/acc1 9.47e-01, trn/loss 5.75e-01, trn/loss_ce 1.61e-01, trn/loss_wd 8.28e+02, trn/lr 3.06e-02
[2022-02-07 16:06:38,239][INFO] [Epoch  90/200] trn/acc1 9.48e-01, trn/loss 5.69e-01, trn/loss_ce 1.55e-01, trn/loss_wd 8.27e+02, trn/lr 3.02e-02
[2022-02-07 16:06:44,708][INFO] [Epoch  91/200] trn/acc1 9.49e-01, trn/loss 5.66e-01, trn/loss_ce 1.55e-01, trn/loss_wd 8.21e+02, trn/lr 2.98e-02
[2022-02-07 16:06:51,190][INFO] [Epoch  92/200] trn/acc1 9.52e-01, trn/loss 5.58e-01, trn/loss_ce 1.49e-01, trn/loss_wd 8.18e+02, trn/lr 2.94e-02
[2022-02-07 16:06:57,640][INFO] [Epoch  93/200] trn/acc1 9.51e-01, trn/loss 5.56e-01, trn/loss_ce 1.50e-01, trn/loss_wd 8.12e+02, trn/lr 2.90e-02
[2022-02-07 16:07:04,119][INFO] [Epoch  94/200] trn/acc1 9.50e-01, trn/loss 5.55e-01, trn/loss_ce 1.50e-01, trn/loss_wd 8.09e+02, trn/lr 2.86e-02
[2022-02-07 16:07:10,587][INFO] [Epoch  95/200] trn/acc1 9.53e-01, trn/loss 5.48e-01, trn/loss_ce 1.45e-01, trn/loss_wd 8.06e+02, trn/lr 2.82e-02
[2022-02-07 16:07:17,038][INFO] [Epoch  96/200] trn/acc1 9.53e-01, trn/loss 5.43e-01, trn/loss_ce 1.43e-01, trn/loss_wd 8.01e+02, trn/lr 2.78e-02
[2022-02-07 16:07:23,504][INFO] [Epoch  97/200] trn/acc1 9.55e-01, trn/loss 5.35e-01, trn/loss_ce 1.37e-01, trn/loss_wd 7.97e+02, trn/lr 2.74e-02
[2022-02-07 16:07:29,976][INFO] [Epoch  98/200] trn/acc1 9.55e-01, trn/loss 5.36e-01, trn/loss_ce 1.39e-01, trn/loss_wd 7.93e+02, trn/lr 2.70e-02
[2022-02-07 16:07:36,450][INFO] [Epoch  99/200] trn/acc1 9.58e-01, trn/loss 5.23e-01, trn/loss_ce 1.29e-01, trn/loss_wd 7.87e+02, trn/lr 2.66e-02
[2022-02-07 16:07:42,911][INFO] [Epoch 100/200] trn/acc1 9.55e-01, trn/loss 5.26e-01, trn/loss_ce 1.35e-01, trn/loss_wd 7.81e+02, trn/lr 2.62e-02
[2022-02-07 16:07:43,075][INFO] [Epoch 100/200] Validation: val/acc1 0.8962, val/loss_ce 0.3542
[2022-02-07 16:07:58,480][INFO] [Epoch 101/200] trn/acc1 9.56e-01, trn/loss 5.23e-01, trn/loss_ce 1.35e-01, trn/loss_wd 7.76e+02, trn/lr 2.58e-02
[2022-02-07 16:08:04,962][INFO] [Epoch 102/200] trn/acc1 9.56e-01, trn/loss 5.20e-01, trn/loss_ce 1.34e-01, trn/loss_wd 7.72e+02, trn/lr 2.54e-02
[2022-02-07 16:08:11,437][INFO] [Epoch 103/200] trn/acc1 9.59e-01, trn/loss 5.09e-01, trn/loss_ce 1.25e-01, trn/loss_wd 7.67e+02, trn/lr 2.50e-02
[2022-02-07 16:08:17,950][INFO] [Epoch 104/200] trn/acc1 9.60e-01, trn/loss 5.07e-01, trn/loss_ce 1.25e-01, trn/loss_wd 7.64e+02, trn/lr 2.46e-02
[2022-02-07 16:08:24,397][INFO] [Epoch 105/200] trn/acc1 9.59e-01, trn/loss 5.06e-01, trn/loss_ce 1.25e-01, trn/loss_wd 7.61e+02, trn/lr 2.42e-02
[2022-02-07 16:08:30,835][INFO] [Epoch 106/200] trn/acc1 9.59e-01, trn/loss 5.03e-01, trn/loss_ce 1.23e-01, trn/loss_wd 7.58e+02, trn/lr 2.38e-02
[2022-02-07 16:08:37,299][INFO] [Epoch 107/200] trn/acc1 9.59e-01, trn/loss 4.97e-01, trn/loss_ce 1.20e-01, trn/loss_wd 7.54e+02, trn/lr 2.34e-02
[2022-02-07 16:08:43,742][INFO] [Epoch 108/200] trn/acc1 9.63e-01, trn/loss 4.90e-01, trn/loss_ce 1.15e-01, trn/loss_wd 7.50e+02, trn/lr 2.30e-02
[2022-02-07 16:08:50,192][INFO] [Epoch 109/200] trn/acc1 9.63e-01, trn/loss 4.83e-01, trn/loss_ce 1.11e-01, trn/loss_wd 7.43e+02, trn/lr 2.26e-02
[2022-02-07 16:08:56,649][INFO] [Epoch 110/200] trn/acc1 9.63e-01, trn/loss 4.82e-01, trn/loss_ce 1.13e-01, trn/loss_wd 7.37e+02, trn/lr 2.22e-02
[2022-02-07 16:09:03,134][INFO] [Epoch 111/200] trn/acc1 9.63e-01, trn/loss 4.75e-01, trn/loss_ce 1.09e-01, trn/loss_wd 7.32e+02, trn/lr 2.18e-02
[2022-02-07 16:09:09,632][INFO] [Epoch 112/200] trn/acc1 9.67e-01, trn/loss 4.65e-01, trn/loss_ce 1.02e-01, trn/loss_wd 7.26e+02, trn/lr 2.14e-02
[2022-02-07 16:09:16,079][INFO] [Epoch 113/200] trn/acc1 9.64e-01, trn/loss 4.71e-01, trn/loss_ce 1.10e-01, trn/loss_wd 7.22e+02, trn/lr 2.10e-02
[2022-02-07 16:09:22,550][INFO] [Epoch 114/200] trn/acc1 9.66e-01, trn/loss 4.63e-01, trn/loss_ce 1.04e-01, trn/loss_wd 7.17e+02, trn/lr 2.06e-02
[2022-02-07 16:09:29,018][INFO] [Epoch 115/200] trn/acc1 9.69e-01, trn/loss 4.51e-01, trn/loss_ce 9.55e-02, trn/loss_wd 7.11e+02, trn/lr 2.02e-02
[2022-02-07 16:09:35,500][INFO] [Epoch 116/200] trn/acc1 9.68e-01, trn/loss 4.49e-01, trn/loss_ce 9.69e-02, trn/loss_wd 7.04e+02, trn/lr 1.98e-02
[2022-02-07 16:09:41,986][INFO] [Epoch 117/200] trn/acc1 9.68e-01, trn/loss 4.48e-01, trn/loss_ce 9.86e-02, trn/loss_wd 6.99e+02, trn/lr 1.94e-02
[2022-02-07 16:09:48,475][INFO] [Epoch 118/200] trn/acc1 9.70e-01, trn/loss 4.37e-01, trn/loss_ce 9.05e-02, trn/loss_wd 6.92e+02, trn/lr 1.90e-02
[2022-02-07 16:09:55,075][INFO] [Epoch 119/200] trn/acc1 9.73e-01, trn/loss 4.27e-01, trn/loss_ce 8.43e-02, trn/loss_wd 6.85e+02, trn/lr 1.86e-02
[2022-02-07 16:10:01,544][INFO] [Epoch 120/200] trn/acc1 9.71e-01, trn/loss 4.30e-01, trn/loss_ce 9.05e-02, trn/loss_wd 6.78e+02, trn/lr 1.82e-02
[2022-02-07 16:10:01,718][INFO] [Epoch 120/200] Validation: val/acc1 0.9078, val/loss_ce 0.3236
[2022-02-07 16:10:40,476][INFO] [Epoch 121/200] trn/acc1 9.71e-01, trn/loss 4.24e-01, trn/loss_ce 8.75e-02, trn/loss_wd 6.72e+02, trn/lr 1.79e-02
[2022-02-07 16:10:46,901][INFO] [Epoch 122/200] trn/acc1 9.72e-01, trn/loss 4.19e-01, trn/loss_ce 8.54e-02, trn/loss_wd 6.68e+02, trn/lr 1.75e-02
[2022-02-07 16:10:53,355][INFO] [Epoch 123/200] trn/acc1 9.74e-01, trn/loss 4.11e-01, trn/loss_ce 8.05e-02, trn/loss_wd 6.61e+02, trn/lr 1.71e-02
[2022-02-07 16:10:59,821][INFO] [Epoch 124/200] trn/acc1 9.75e-01, trn/loss 4.06e-01, trn/loss_ce 7.94e-02, trn/loss_wd 6.54e+02, trn/lr 1.67e-02
[2022-02-07 16:11:06,283][INFO] [Epoch 125/200] trn/acc1 9.76e-01, trn/loss 3.99e-01, trn/loss_ce 7.54e-02, trn/loss_wd 6.48e+02, trn/lr 1.63e-02
[2022-02-07 16:11:12,735][INFO] [Epoch 126/200] trn/acc1 9.75e-01, trn/loss 3.96e-01, trn/loss_ce 7.52e-02, trn/loss_wd 6.41e+02, trn/lr 1.59e-02
[2022-02-07 16:11:19,324][INFO] [Epoch 127/200] trn/acc1 9.76e-01, trn/loss 3.92e-01, trn/loss_ce 7.48e-02, trn/loss_wd 6.35e+02, trn/lr 1.56e-02
[2022-02-07 16:11:25,799][INFO] [Epoch 128/200] trn/acc1 9.75e-01, trn/loss 3.88e-01, trn/loss_ce 7.39e-02, trn/loss_wd 6.29e+02, trn/lr 1.52e-02
[2022-02-07 16:11:32,288][INFO] [Epoch 129/200] trn/acc1 9.79e-01, trn/loss 3.78e-01, trn/loss_ce 6.68e-02, trn/loss_wd 6.22e+02, trn/lr 1.48e-02
[2022-02-07 16:11:38,782][INFO] [Epoch 130/200] trn/acc1 9.76e-01, trn/loss 3.80e-01, trn/loss_ce 7.19e-02, trn/loss_wd 6.17e+02, trn/lr 1.45e-02
[2022-02-07 16:11:45,236][INFO] [Epoch 131/200] trn/acc1 9.80e-01, trn/loss 3.66e-01, trn/loss_ce 6.11e-02, trn/loss_wd 6.10e+02, trn/lr 1.41e-02
[2022-02-07 16:11:51,709][INFO] [Epoch 132/200] trn/acc1 9.79e-01, trn/loss 3.66e-01, trn/loss_ce 6.39e-02, trn/loss_wd 6.03e+02, trn/lr 1.37e-02
[2022-02-07 16:11:58,154][INFO] [Epoch 133/200] trn/acc1 9.80e-01, trn/loss 3.58e-01, trn/loss_ce 6.03e-02, trn/loss_wd 5.96e+02, trn/lr 1.34e-02
[2022-02-07 16:12:04,581][INFO] [Epoch 134/200] trn/acc1 9.82e-01, trn/loss 3.53e-01, trn/loss_ce 5.81e-02, trn/loss_wd 5.89e+02, trn/lr 1.30e-02
[2022-02-07 16:12:11,039][INFO] [Epoch 135/200] trn/acc1 9.82e-01, trn/loss 3.50e-01, trn/loss_ce 5.85e-02, trn/loss_wd 5.83e+02, trn/lr 1.27e-02
[2022-02-07 16:12:17,522][INFO] [Epoch 136/200] trn/acc1 9.83e-01, trn/loss 3.37e-01, trn/loss_ce 4.95e-02, trn/loss_wd 5.76e+02, trn/lr 1.23e-02
[2022-02-07 16:12:23,955][INFO] [Epoch 137/200] trn/acc1 9.83e-01, trn/loss 3.37e-01, trn/loss_ce 5.20e-02, trn/loss_wd 5.69e+02, trn/lr 1.20e-02
[2022-02-07 16:12:30,396][INFO] [Epoch 138/200] trn/acc1 9.83e-01, trn/loss 3.32e-01, trn/loss_ce 5.11e-02, trn/loss_wd 5.62e+02, trn/lr 1.16e-02
[2022-02-07 16:12:36,845][INFO] [Epoch 139/200] trn/acc1 9.84e-01, trn/loss 3.28e-01, trn/loss_ce 5.00e-02, trn/loss_wd 5.56e+02, trn/lr 1.13e-02
[2022-02-07 16:12:43,303][INFO] [Epoch 140/200] trn/acc1 9.84e-01, trn/loss 3.23e-01, trn/loss_ce 4.83e-02, trn/loss_wd 5.50e+02, trn/lr 1.10e-02
[2022-02-07 16:12:43,468][INFO] [Epoch 140/200] Validation: val/acc1 0.9126, val/loss_ce 0.3454
[2022-02-07 16:13:21,652][INFO] [Epoch 141/200] trn/acc1 9.86e-01, trn/loss 3.14e-01, trn/loss_ce 4.26e-02, trn/loss_wd 5.43e+02, trn/lr 1.06e-02
[2022-02-07 16:13:28,211][INFO] [Epoch 142/200] trn/acc1 9.87e-01, trn/loss 3.10e-01, trn/loss_ce 4.18e-02, trn/loss_wd 5.36e+02, trn/lr 1.03e-02
[2022-02-07 16:13:34,718][INFO] [Epoch 143/200] trn/acc1 9.88e-01, trn/loss 3.02e-01, trn/loss_ce 3.81e-02, trn/loss_wd 5.28e+02, trn/lr 9.98e-03
[2022-02-07 16:13:41,232][INFO] [Epoch 144/200] trn/acc1 9.88e-01, trn/loss 2.98e-01, trn/loss_ce 3.76e-02, trn/loss_wd 5.21e+02, trn/lr 9.66e-03
[2022-02-07 16:13:47,753][INFO] [Epoch 145/200] trn/acc1 9.88e-01, trn/loss 2.92e-01, trn/loss_ce 3.46e-02, trn/loss_wd 5.14e+02, trn/lr 9.35e-03
[2022-02-07 16:13:54,291][INFO] [Epoch 146/200] trn/acc1 9.91e-01, trn/loss 2.85e-01, trn/loss_ce 3.11e-02, trn/loss_wd 5.07e+02, trn/lr 9.03e-03
[2022-02-07 16:14:00,827][INFO] [Epoch 147/200] trn/acc1 9.89e-01, trn/loss 2.85e-01, trn/loss_ce 3.46e-02, trn/loss_wd 5.00e+02, trn/lr 8.73e-03
[2022-02-07 16:14:07,375][INFO] [Epoch 148/200] trn/acc1 9.91e-01, trn/loss 2.75e-01, trn/loss_ce 2.79e-02, trn/loss_wd 4.94e+02, trn/lr 8.42e-03
[2022-02-07 16:14:13,898][INFO] [Epoch 149/200] trn/acc1 9.92e-01, trn/loss 2.70e-01, trn/loss_ce 2.67e-02, trn/loss_wd 4.87e+02, trn/lr 8.12e-03
[2022-02-07 16:14:20,522][INFO] [Epoch 150/200] trn/acc1 9.92e-01, trn/loss 2.66e-01, trn/loss_ce 2.60e-02, trn/loss_wd 4.80e+02, trn/lr 7.83e-03
[2022-02-07 16:14:27,063][INFO] [Epoch 151/200] trn/acc1 9.91e-01, trn/loss 2.66e-01, trn/loss_ce 2.89e-02, trn/loss_wd 4.74e+02, trn/lr 7.54e-03
[2022-02-07 16:14:33,592][INFO] [Epoch 152/200] trn/acc1 9.92e-01, trn/loss 2.60e-01, trn/loss_ce 2.59e-02, trn/loss_wd 4.68e+02, trn/lr 7.25e-03
[2022-02-07 16:14:40,150][INFO] [Epoch 153/200] trn/acc1 9.93e-01, trn/loss 2.52e-01, trn/loss_ce 2.12e-02, trn/loss_wd 4.62e+02, trn/lr 6.97e-03
[2022-02-07 16:14:46,699][INFO] [Epoch 154/200] trn/acc1 9.94e-01, trn/loss 2.48e-01, trn/loss_ce 2.07e-02, trn/loss_wd 4.55e+02, trn/lr 6.69e-03
[2022-02-07 16:14:53,261][INFO] [Epoch 155/200] trn/acc1 9.94e-01, trn/loss 2.43e-01, trn/loss_ce 1.79e-02, trn/loss_wd 4.50e+02, trn/lr 6.42e-03
[2022-02-07 16:14:59,827][INFO] [Epoch 156/200] trn/acc1 9.94e-01, trn/loss 2.40e-01, trn/loss_ce 1.85e-02, trn/loss_wd 4.44e+02, trn/lr 6.15e-03
[2022-02-07 16:15:06,381][INFO] [Epoch 157/200] trn/acc1 9.96e-01, trn/loss 2.34e-01, trn/loss_ce 1.46e-02, trn/loss_wd 4.38e+02, trn/lr 5.89e-03
[2022-02-07 16:15:12,965][INFO] [Epoch 158/200] trn/acc1 9.95e-01, trn/loss 2.31e-01, trn/loss_ce 1.50e-02, trn/loss_wd 4.32e+02, trn/lr 5.64e-03
[2022-02-07 16:15:19,537][INFO] [Epoch 159/200] trn/acc1 9.95e-01, trn/loss 2.28e-01, trn/loss_ce 1.47e-02, trn/loss_wd 4.27e+02, trn/lr 5.38e-03
[2022-02-07 16:15:26,107][INFO] [Epoch 160/200] trn/acc1 9.96e-01, trn/loss 2.23e-01, trn/loss_ce 1.21e-02, trn/loss_wd 4.22e+02, trn/lr 5.14e-03
[2022-02-07 16:15:26,275][INFO] [Epoch 160/200] Validation: val/acc1 0.9296, val/loss_ce 0.3347
[2022-02-07 16:16:05,696][INFO] [Epoch 161/200] trn/acc1 9.96e-01, trn/loss 2.19e-01, trn/loss_ce 1.12e-02, trn/loss_wd 4.16e+02, trn/lr 4.89e-03
[2022-02-07 16:16:12,102][INFO] [Epoch 162/200] trn/acc1 9.97e-01, trn/loss 2.15e-01, trn/loss_ce 9.19e-03, trn/loss_wd 4.12e+02, trn/lr 4.66e-03
[2022-02-07 16:16:18,564][INFO] [Epoch 163/200] trn/acc1 9.97e-01, trn/loss 2.14e-01, trn/loss_ce 1.08e-02, trn/loss_wd 4.07e+02, trn/lr 4.43e-03
[2022-02-07 16:16:25,029][INFO] [Epoch 164/200] trn/acc1 9.97e-01, trn/loss 2.10e-01, trn/loss_ce 8.47e-03, trn/loss_wd 4.02e+02, trn/lr 4.20e-03
[2022-02-07 16:16:31,498][INFO] [Epoch 165/200] trn/acc1 9.98e-01, trn/loss 2.06e-01, trn/loss_ce 7.35e-03, trn/loss_wd 3.98e+02, trn/lr 3.98e-03
[2022-02-07 16:16:37,983][INFO] [Epoch 166/200] trn/acc1 9.98e-01, trn/loss 2.03e-01, trn/loss_ce 6.68e-03, trn/loss_wd 3.94e+02, trn/lr 3.76e-03
[2022-02-07 16:16:44,448][INFO] [Epoch 167/200] trn/acc1 9.98e-01, trn/loss 2.00e-01, trn/loss_ce 5.41e-03, trn/loss_wd 3.89e+02, trn/lr 3.55e-03
[2022-02-07 16:16:50,946][INFO] [Epoch 168/200] trn/acc1 9.98e-01, trn/loss 1.99e-01, trn/loss_ce 6.37e-03, trn/loss_wd 3.86e+02, trn/lr 3.35e-03
[2022-02-07 16:16:57,426][INFO] [Epoch 169/200] trn/acc1 9.98e-01, trn/loss 1.97e-01, trn/loss_ce 5.55e-03, trn/loss_wd 3.82e+02, trn/lr 3.15e-03
[2022-02-07 16:17:03,911][INFO] [Epoch 170/200] trn/acc1 9.99e-01, trn/loss 1.95e-01, trn/loss_ce 5.30e-03, trn/loss_wd 3.79e+02, trn/lr 2.96e-03
[2022-02-07 16:17:10,399][INFO] [Epoch 171/200] trn/acc1 9.99e-01, trn/loss 1.91e-01, trn/loss_ce 3.54e-03, trn/loss_wd 3.75e+02, trn/lr 2.77e-03
[2022-02-07 16:17:16,899][INFO] [Epoch 172/200] trn/acc1 9.99e-01, trn/loss 1.90e-01, trn/loss_ce 3.86e-03, trn/loss_wd 3.72e+02, trn/lr 2.59e-03
[2022-02-07 16:17:23,399][INFO] [Epoch 173/200] trn/acc1 9.99e-01, trn/loss 1.88e-01, trn/loss_ce 3.65e-03, trn/loss_wd 3.69e+02, trn/lr 2.41e-03
[2022-02-07 16:17:29,894][INFO] [Epoch 174/200] trn/acc1 1.00e+00, trn/loss 1.85e-01, trn/loss_ce 1.95e-03, trn/loss_wd 3.67e+02, trn/lr 2.24e-03
[2022-02-07 16:17:36,372][INFO] [Epoch 175/200] trn/acc1 1.00e+00, trn/loss 1.84e-01, trn/loss_ce 2.22e-03, trn/loss_wd 3.64e+02, trn/lr 2.08e-03
[2022-02-07 16:17:42,854][INFO] [Epoch 176/200] trn/acc1 9.99e-01, trn/loss 1.84e-01, trn/loss_ce 2.69e-03, trn/loss_wd 3.62e+02, trn/lr 1.92e-03
[2022-02-07 16:17:49,330][INFO] [Epoch 177/200] trn/acc1 1.00e+00, trn/loss 1.82e-01, trn/loss_ce 1.96e-03, trn/loss_wd 3.60e+02, trn/lr 1.77e-03
[2022-02-07 16:17:55,965][INFO] [Epoch 178/200] trn/acc1 1.00e+00, trn/loss 1.81e-01, trn/loss_ce 1.99e-03, trn/loss_wd 3.58e+02, trn/lr 1.63e-03
[2022-02-07 16:18:02,427][INFO] [Epoch 179/200] trn/acc1 1.00e+00, trn/loss 1.80e-01, trn/loss_ce 2.03e-03, trn/loss_wd 3.56e+02, trn/lr 1.49e-03
[2022-02-07 16:18:08,925][INFO] [Epoch 180/200] trn/acc1 1.00e+00, trn/loss 1.79e-01, trn/loss_ce 1.68e-03, trn/loss_wd 3.55e+02, trn/lr 1.35e-03
[2022-02-07 16:18:09,093][INFO] [Epoch 180/200] Validation: val/acc1 0.9398, val/loss_ce 0.2988
[2022-02-07 16:18:34,221][INFO] [Epoch 181/200] trn/acc1 1.00e+00, trn/loss 1.78e-01, trn/loss_ce 1.70e-03, trn/loss_wd 3.53e+02, trn/lr 1.22e-03
[2022-02-07 16:18:34,385][INFO] [Epoch 181/200] Validation: val/acc1 0.9388, val/loss_ce 0.3007
[2022-02-07 16:18:42,812][INFO] [Epoch 182/200] trn/acc1 1.00e+00, trn/loss 1.77e-01, trn/loss_ce 1.53e-03, trn/loss_wd 3.52e+02, trn/lr 1.10e-03
[2022-02-07 16:18:42,977][INFO] [Epoch 182/200] Validation: val/acc1 0.9392, val/loss_ce 0.2991
[2022-02-07 16:18:53,631][INFO] [Epoch 183/200] trn/acc1 1.00e+00, trn/loss 1.77e-01, trn/loss_ce 1.59e-03, trn/loss_wd 3.51e+02, trn/lr 9.87e-04
[2022-02-07 16:18:53,797][INFO] [Epoch 183/200] Validation: val/acc1 0.9396, val/loss_ce 0.2996
[2022-02-07 16:19:02,064][INFO] [Epoch 184/200] trn/acc1 1.00e+00, trn/loss 1.76e-01, trn/loss_ce 1.62e-03, trn/loss_wd 3.50e+02, trn/lr 8.79e-04
[2022-02-07 16:19:02,229][INFO] [Epoch 184/200] Validation: val/acc1 0.9394, val/loss_ce 0.3058
[2022-02-07 16:19:12,989][INFO] [Epoch 185/200] trn/acc1 1.00e+00, trn/loss 1.75e-01, trn/loss_ce 1.14e-03, trn/loss_wd 3.49e+02, trn/lr 7.76e-04
[2022-02-07 16:19:13,154][INFO] [Epoch 185/200] Validation: val/acc1 0.9388, val/loss_ce 0.3033
[2022-02-07 16:19:26,270][INFO] [Epoch 186/200] trn/acc1 1.00e+00, trn/loss 1.75e-01, trn/loss_ce 1.30e-03, trn/loss_wd 3.48e+02, trn/lr 6.79e-04
[2022-02-07 16:19:26,436][INFO] [Epoch 186/200] Validation: val/acc1 0.9374, val/loss_ce 0.3028
[2022-02-07 16:19:36,529][INFO] [Epoch 187/200] trn/acc1 1.00e+00, trn/loss 1.75e-01, trn/loss_ce 1.20e-03, trn/loss_wd 3.47e+02, trn/lr 5.89e-04
[2022-02-07 16:19:36,696][INFO] [Epoch 187/200] Validation: val/acc1 0.9392, val/loss_ce 0.3011
[2022-02-07 16:19:45,116][INFO] [Epoch 188/200] trn/acc1 1.00e+00, trn/loss 1.74e-01, trn/loss_ce 1.19e-03, trn/loss_wd 3.46e+02, trn/lr 5.06e-04
[2022-02-07 16:19:45,284][INFO] [Epoch 188/200] Validation: val/acc1 0.9390, val/loss_ce 0.2987
[2022-02-07 16:19:57,582][INFO] [Epoch 189/200] trn/acc1 1.00e+00, trn/loss 1.74e-01, trn/loss_ce 1.04e-03, trn/loss_wd 3.46e+02, trn/lr 4.28e-04
[2022-02-07 16:19:57,750][INFO] [Epoch 189/200] Validation: val/acc1 0.9394, val/loss_ce 0.2965
[2022-02-07 16:20:10,178][INFO] [Epoch 190/200] trn/acc1 1.00e+00, trn/loss 1.74e-01, trn/loss_ce 1.34e-03, trn/loss_wd 3.45e+02, trn/lr 3.57e-04
[2022-02-07 16:20:10,344][INFO] [Epoch 190/200] Validation: val/acc1 0.9410, val/loss_ce 0.2961
[2022-02-07 16:20:26,821][INFO] [Epoch 191/200] trn/acc1 1.00e+00, trn/loss 1.73e-01, trn/loss_ce 9.13e-04, trn/loss_wd 3.45e+02, trn/lr 2.93e-04
[2022-02-07 16:20:26,985][INFO] [Epoch 191/200] Validation: val/acc1 0.9394, val/loss_ce 0.2949
[2022-02-07 16:20:39,188][INFO] [Epoch 192/200] trn/acc1 1.00e+00, trn/loss 1.73e-01, trn/loss_ce 9.94e-04, trn/loss_wd 3.45e+02, trn/lr 2.34e-04
[2022-02-07 16:20:39,353][INFO] [Epoch 192/200] Validation: val/acc1 0.9404, val/loss_ce 0.2959
[2022-02-07 16:20:48,581][INFO] [Epoch 193/200] trn/acc1 1.00e+00, trn/loss 1.73e-01, trn/loss_ce 1.02e-03, trn/loss_wd 3.45e+02, trn/lr 1.83e-04
[2022-02-07 16:20:48,745][INFO] [Epoch 193/200] Validation: val/acc1 0.9394, val/loss_ce 0.2975
[2022-02-07 16:20:56,977][INFO] [Epoch 194/200] trn/acc1 1.00e+00, trn/loss 1.73e-01, trn/loss_ce 1.11e-03, trn/loss_wd 3.44e+02, trn/lr 1.37e-04
[2022-02-07 16:20:57,143][INFO] [Epoch 194/200] Validation: val/acc1 0.9404, val/loss_ce 0.2958
[2022-02-07 16:21:07,692][INFO] [Epoch 195/200] trn/acc1 1.00e+00, trn/loss 1.73e-01, trn/loss_ce 1.18e-03, trn/loss_wd 3.44e+02, trn/lr 9.84e-05
[2022-02-07 16:21:07,856][INFO] [Epoch 195/200] Validation: val/acc1 0.9394, val/loss_ce 0.2950
[2022-02-07 16:21:17,131][INFO] [Epoch 196/200] trn/acc1 1.00e+00, trn/loss 1.73e-01, trn/loss_ce 9.99e-04, trn/loss_wd 3.44e+02, trn/lr 6.60e-05
[2022-02-07 16:21:17,295][INFO] [Epoch 196/200] Validation: val/acc1 0.9394, val/loss_ce 0.2944
[2022-02-07 16:21:30,582][INFO] [Epoch 197/200] trn/acc1 1.00e+00, trn/loss 1.73e-01, trn/loss_ce 9.33e-04, trn/loss_wd 3.44e+02, trn/lr 4.00e-05
[2022-02-07 16:21:30,747][INFO] [Epoch 197/200] Validation: val/acc1 0.9404, val/loss_ce 0.2957
[2022-02-07 16:21:38,955][INFO] [Epoch 198/200] trn/acc1 1.00e+00, trn/loss 1.73e-01, trn/loss_ce 9.34e-04, trn/loss_wd 3.44e+02, trn/lr 2.06e-05
[2022-02-07 16:21:39,119][INFO] [Epoch 198/200] Validation: val/acc1 0.9400, val/loss_ce 0.2953
[2022-02-07 16:21:47,336][INFO] [Epoch 199/200] trn/acc1 1.00e+00, trn/loss 1.73e-01, trn/loss_ce 9.15e-04, trn/loss_wd 3.44e+02, trn/lr 7.58e-06
[2022-02-07 16:21:47,501][INFO] [Epoch 199/200] Validation: val/acc1 0.9396, val/loss_ce 0.2950
[2022-02-07 16:21:56,149][INFO] [Epoch 200/200] trn/acc1 1.00e+00, trn/loss 1.73e-01, trn/loss_ce 1.33e-03, trn/loss_wd 3.44e+02, trn/lr 1.09e-06
[2022-02-07 16:21:56,313][INFO] [Epoch 200/200] Validation: val/acc1 0.9400, val/loss_ce 0.2957
