[2022-03-20 10:24:08,313][INFO] Environments:
------------  ---------------------------------------------------------------------------
sys.platform  linux
Python        3.7.11 (default, Nov 23 2021, 05:29:02) [GCC 7.5.0]
JAX           0.2.27 @/mnt/data1/giung/venvs/jax0.2.27/lib/python3.7/site-packages/jax
jaxlib        0.1.75 @/mnt/data1/giung/venvs/jax0.2.27/lib/python3.7/site-packages/jaxlib
Flax          0.4.0 @/mnt/data1/giung/venvs/jax0.2.27/lib/python3.7/site-packages/flax
Optax         0.1.0 @/mnt/data1/giung/venvs/jax0.2.27/lib/python3.7/site-packages/optax
------------  ---------------------------------------------------------------------------

[2022-03-20 10:24:08,313][INFO] Command line arguments:
Namespace(batch_size=128, config_file='./configs/C10_VGG11-BN-ReLU.yaml', keep_every_n_checkpoints=None, learning_rate=0.1, num_epochs=200, num_warmup_epochs=5, opts=['DATASETS.ROOT', '/home/vessl/datasets/'], output_dir='/home/vessl/Baseline-CIFAR/outputs/C10_VGG11-BN-ReLU/SGD/s42_e200_wd5e-4_lr1e-1/', seed=42, weight_decay=0.0005)

[2022-03-20 10:24:08,313][INFO] Using a random seed 42

[2022-03-20 10:24:08,372][INFO] Unable to initialize backend 'tpu_driver': NOT_FOUND: Unable to find driver in registry given worker: 
[2022-03-20 10:24:08,596][INFO] Unable to initialize backend 'tpu': INVALID_ARGUMENT: TpuPlatform is not available.
[2022-03-20 10:24:11,969][INFO] Found no checkpoint files in /home/vessl/Baseline-CIFAR/outputs/C10_VGG11-BN-ReLU/SGD/s42_e200_wd5e-4_lr1e-1
[2022-03-20 10:24:23,667][INFO] [Epoch   1/200] trn/acc1 4.38e-01, trn/loss 3.67e+00, trn/loss_ce 1.62e+00, trn/loss_wd 4.10e+03, trn/lr 9.97e-03
[2022-03-20 10:24:24,895][INFO] [Epoch   1/200] Validation: val/acc1 0.5468, val/loss_ce 1.3208
[2022-03-20 10:24:27,917][INFO] [Epoch   2/200] trn/acc1 6.21e-01, trn/loss 3.02e+00, trn/loss_ce 1.09e+00, trn/loss_wd 3.87e+03, trn/lr 3.00e-02
[2022-03-20 10:24:30,678][INFO] [Epoch   3/200] trn/acc1 6.95e-01, trn/loss 2.61e+00, trn/loss_ce 8.83e-01, trn/loss_wd 3.45e+03, trn/lr 5.00e-02
[2022-03-20 10:24:33,451][INFO] [Epoch   4/200] trn/acc1 7.35e-01, trn/loss 2.23e+00, trn/loss_ce 7.68e-01, trn/loss_wd 2.93e+03, trn/lr 7.00e-02
[2022-03-20 10:24:36,226][INFO] [Epoch   5/200] trn/acc1 7.57e-01, trn/loss 1.90e+00, trn/loss_ce 7.05e-01, trn/loss_wd 2.39e+03, trn/lr 9.00e-02
[2022-03-20 10:24:38,997][INFO] [Epoch   6/200] trn/acc1 7.77e-01, trn/loss 1.60e+00, trn/loss_ce 6.45e-01, trn/loss_wd 1.91e+03, trn/lr 1.00e-01
[2022-03-20 10:24:41,767][INFO] [Epoch   7/200] trn/acc1 7.95e-01, trn/loss 1.38e+00, trn/loss_ce 5.97e-01, trn/loss_wd 1.57e+03, trn/lr 1.00e-01
[2022-03-20 10:24:44,549][INFO] [Epoch   8/200] trn/acc1 8.05e-01, trn/loss 1.24e+00, trn/loss_ce 5.71e-01, trn/loss_wd 1.33e+03, trn/lr 1.00e-01
[2022-03-20 10:24:47,318][INFO] [Epoch   9/200] trn/acc1 8.15e-01, trn/loss 1.13e+00, trn/loss_ce 5.42e-01, trn/loss_wd 1.17e+03, trn/lr 9.99e-02
[2022-03-20 10:24:50,108][INFO] [Epoch  10/200] trn/acc1 8.18e-01, trn/loss 1.07e+00, trn/loss_ce 5.30e-01, trn/loss_wd 1.08e+03, trn/lr 9.99e-02
[2022-03-20 10:24:52,895][INFO] [Epoch  11/200] trn/acc1 8.24e-01, trn/loss 1.02e+00, trn/loss_ce 5.11e-01, trn/loss_wd 1.02e+03, trn/lr 9.98e-02
[2022-03-20 10:24:55,677][INFO] [Epoch  12/200] trn/acc1 8.28e-01, trn/loss 9.97e-01, trn/loss_ce 5.01e-01, trn/loss_wd 9.92e+02, trn/lr 9.97e-02
[2022-03-20 10:24:58,667][INFO] [Epoch  13/200] trn/acc1 8.31e-01, trn/loss 9.84e-01, trn/loss_ce 4.95e-01, trn/loss_wd 9.78e+02, trn/lr 9.96e-02
[2022-03-20 10:25:01,460][INFO] [Epoch  14/200] trn/acc1 8.36e-01, trn/loss 9.68e-01, trn/loss_ce 4.84e-01, trn/loss_wd 9.68e+02, trn/lr 9.95e-02
[2022-03-20 10:25:04,249][INFO] [Epoch  15/200] trn/acc1 8.40e-01, trn/loss 9.51e-01, trn/loss_ce 4.69e-01, trn/loss_wd 9.63e+02, trn/lr 9.94e-02
[2022-03-20 10:25:07,033][INFO] [Epoch  16/200] trn/acc1 8.41e-01, trn/loss 9.48e-01, trn/loss_ce 4.65e-01, trn/loss_wd 9.66e+02, trn/lr 9.93e-02
[2022-03-20 10:25:09,843][INFO] [Epoch  17/200] trn/acc1 8.41e-01, trn/loss 9.49e-01, trn/loss_ce 4.63e-01, trn/loss_wd 9.73e+02, trn/lr 9.91e-02
[2022-03-20 10:25:12,650][INFO] [Epoch  18/200] trn/acc1 8.42e-01, trn/loss 9.52e-01, trn/loss_ce 4.60e-01, trn/loss_wd 9.83e+02, trn/lr 9.90e-02
[2022-03-20 10:25:15,435][INFO] [Epoch  19/200] trn/acc1 8.46e-01, trn/loss 9.42e-01, trn/loss_ce 4.48e-01, trn/loss_wd 9.88e+02, trn/lr 9.88e-02
[2022-03-20 10:25:18,231][INFO] [Epoch  20/200] trn/acc1 8.47e-01, trn/loss 9.43e-01, trn/loss_ce 4.47e-01, trn/loss_wd 9.93e+02, trn/lr 9.86e-02
[2022-03-20 10:25:18,303][INFO] [Epoch  20/200] Validation: val/acc1 0.8210, val/loss_ce 0.5429
[2022-03-20 10:25:21,417][INFO] [Epoch  21/200] trn/acc1 8.47e-01, trn/loss 9.47e-01, trn/loss_ce 4.46e-01, trn/loss_wd 1.00e+03, trn/lr 9.84e-02
[2022-03-20 10:25:24,195][INFO] [Epoch  22/200] trn/acc1 8.53e-01, trn/loss 9.40e-01, trn/loss_ce 4.36e-01, trn/loss_wd 1.01e+03, trn/lr 9.82e-02
[2022-03-20 10:25:27,001][INFO] [Epoch  23/200] trn/acc1 8.52e-01, trn/loss 9.39e-01, trn/loss_ce 4.31e-01, trn/loss_wd 1.02e+03, trn/lr 9.80e-02
[2022-03-20 10:25:29,797][INFO] [Epoch  24/200] trn/acc1 8.51e-01, trn/loss 9.41e-01, trn/loss_ce 4.31e-01, trn/loss_wd 1.02e+03, trn/lr 9.78e-02
[2022-03-20 10:25:32,612][INFO] [Epoch  25/200] trn/acc1 8.53e-01, trn/loss 9.45e-01, trn/loss_ce 4.31e-01, trn/loss_wd 1.03e+03, trn/lr 9.76e-02
[2022-03-20 10:25:35,403][INFO] [Epoch  26/200] trn/acc1 8.53e-01, trn/loss 9.43e-01, trn/loss_ce 4.27e-01, trn/loss_wd 1.03e+03, trn/lr 9.73e-02
[2022-03-20 10:25:38,205][INFO] [Epoch  27/200] trn/acc1 8.56e-01, trn/loss 9.39e-01, trn/loss_ce 4.24e-01, trn/loss_wd 1.03e+03, trn/lr 9.70e-02
[2022-03-20 10:25:41,016][INFO] [Epoch  28/200] trn/acc1 8.60e-01, trn/loss 9.32e-01, trn/loss_ce 4.15e-01, trn/loss_wd 1.03e+03, trn/lr 9.68e-02
[2022-03-20 10:25:43,810][INFO] [Epoch  29/200] trn/acc1 8.58e-01, trn/loss 9.36e-01, trn/loss_ce 4.17e-01, trn/loss_wd 1.04e+03, trn/lr 9.65e-02
[2022-03-20 10:25:46,603][INFO] [Epoch  30/200] trn/acc1 8.57e-01, trn/loss 9.40e-01, trn/loss_ce 4.16e-01, trn/loss_wd 1.05e+03, trn/lr 9.62e-02
[2022-03-20 10:25:49,402][INFO] [Epoch  31/200] trn/acc1 8.62e-01, trn/loss 9.34e-01, trn/loss_ce 4.06e-01, trn/loss_wd 1.06e+03, trn/lr 9.58e-02
[2022-03-20 10:25:52,194][INFO] [Epoch  32/200] trn/acc1 8.62e-01, trn/loss 9.33e-01, trn/loss_ce 4.06e-01, trn/loss_wd 1.05e+03, trn/lr 9.55e-02
[2022-03-20 10:25:54,996][INFO] [Epoch  33/200] trn/acc1 8.59e-01, trn/loss 9.37e-01, trn/loss_ce 4.10e-01, trn/loss_wd 1.05e+03, trn/lr 9.52e-02
[2022-03-20 10:25:57,787][INFO] [Epoch  34/200] trn/acc1 8.63e-01, trn/loss 9.29e-01, trn/loss_ce 4.03e-01, trn/loss_wd 1.05e+03, trn/lr 9.48e-02
[2022-03-20 10:26:00,581][INFO] [Epoch  35/200] trn/acc1 8.62e-01, trn/loss 9.29e-01, trn/loss_ce 4.02e-01, trn/loss_wd 1.05e+03, trn/lr 9.45e-02
[2022-03-20 10:26:03,376][INFO] [Epoch  36/200] trn/acc1 8.62e-01, trn/loss 9.32e-01, trn/loss_ce 4.01e-01, trn/loss_wd 1.06e+03, trn/lr 9.41e-02
[2022-03-20 10:26:06,174][INFO] [Epoch  37/200] trn/acc1 8.62e-01, trn/loss 9.34e-01, trn/loss_ce 4.01e-01, trn/loss_wd 1.07e+03, trn/lr 9.37e-02
[2022-03-20 10:26:08,967][INFO] [Epoch  38/200] trn/acc1 8.64e-01, trn/loss 9.27e-01, trn/loss_ce 3.94e-01, trn/loss_wd 1.06e+03, trn/lr 9.33e-02
[2022-03-20 10:26:11,769][INFO] [Epoch  39/200] trn/acc1 8.66e-01, trn/loss 9.27e-01, trn/loss_ce 3.94e-01, trn/loss_wd 1.07e+03, trn/lr 9.29e-02
[2022-03-20 10:26:14,711][INFO] [Epoch  40/200] trn/acc1 8.66e-01, trn/loss 9.26e-01, trn/loss_ce 3.93e-01, trn/loss_wd 1.07e+03, trn/lr 9.25e-02
[2022-03-20 10:26:14,784][INFO] [Epoch  40/200] Validation: val/acc1 0.8160, val/loss_ce 0.5573
[2022-03-20 10:26:17,729][INFO] [Epoch  41/200] trn/acc1 8.67e-01, trn/loss 9.25e-01, trn/loss_ce 3.92e-01, trn/loss_wd 1.07e+03, trn/lr 9.20e-02
[2022-03-20 10:26:20,519][INFO] [Epoch  42/200] trn/acc1 8.68e-01, trn/loss 9.20e-01, trn/loss_ce 3.87e-01, trn/loss_wd 1.07e+03, trn/lr 9.16e-02
[2022-03-20 10:26:23,312][INFO] [Epoch  43/200] trn/acc1 8.67e-01, trn/loss 9.16e-01, trn/loss_ce 3.84e-01, trn/loss_wd 1.06e+03, trn/lr 9.11e-02
[2022-03-20 10:26:26,106][INFO] [Epoch  44/200] trn/acc1 8.70e-01, trn/loss 9.15e-01, trn/loss_ce 3.82e-01, trn/loss_wd 1.07e+03, trn/lr 9.07e-02
[2022-03-20 10:26:28,896][INFO] [Epoch  45/200] trn/acc1 8.70e-01, trn/loss 9.12e-01, trn/loss_ce 3.79e-01, trn/loss_wd 1.07e+03, trn/lr 9.02e-02
[2022-03-20 10:26:31,691][INFO] [Epoch  46/200] trn/acc1 8.71e-01, trn/loss 9.13e-01, trn/loss_ce 3.79e-01, trn/loss_wd 1.07e+03, trn/lr 8.97e-02
[2022-03-20 10:26:34,489][INFO] [Epoch  47/200] trn/acc1 8.69e-01, trn/loss 9.15e-01, trn/loss_ce 3.80e-01, trn/loss_wd 1.07e+03, trn/lr 8.92e-02
[2022-03-20 10:26:37,289][INFO] [Epoch  48/200] trn/acc1 8.72e-01, trn/loss 9.06e-01, trn/loss_ce 3.75e-01, trn/loss_wd 1.06e+03, trn/lr 8.87e-02
[2022-03-20 10:26:40,071][INFO] [Epoch  49/200] trn/acc1 8.73e-01, trn/loss 9.06e-01, trn/loss_ce 3.74e-01, trn/loss_wd 1.07e+03, trn/lr 8.82e-02
[2022-03-20 10:26:42,872][INFO] [Epoch  50/200] trn/acc1 8.71e-01, trn/loss 9.11e-01, trn/loss_ce 3.77e-01, trn/loss_wd 1.07e+03, trn/lr 8.77e-02
[2022-03-20 10:26:45,670][INFO] [Epoch  51/200] trn/acc1 8.75e-01, trn/loss 9.05e-01, trn/loss_ce 3.69e-01, trn/loss_wd 1.07e+03, trn/lr 8.72e-02
[2022-03-20 10:26:48,467][INFO] [Epoch  52/200] trn/acc1 8.71e-01, trn/loss 9.12e-01, trn/loss_ce 3.75e-01, trn/loss_wd 1.07e+03, trn/lr 8.66e-02
[2022-03-20 10:26:51,261][INFO] [Epoch  53/200] trn/acc1 8.74e-01, trn/loss 9.01e-01, trn/loss_ce 3.64e-01, trn/loss_wd 1.07e+03, trn/lr 8.61e-02
[2022-03-20 10:26:54,053][INFO] [Epoch  54/200] trn/acc1 8.74e-01, trn/loss 9.04e-01, trn/loss_ce 3.68e-01, trn/loss_wd 1.07e+03, trn/lr 8.55e-02
[2022-03-20 10:26:56,845][INFO] [Epoch  55/200] trn/acc1 8.79e-01, trn/loss 8.91e-01, trn/loss_ce 3.56e-01, trn/loss_wd 1.07e+03, trn/lr 8.49e-02
[2022-03-20 10:26:59,649][INFO] [Epoch  56/200] trn/acc1 8.78e-01, trn/loss 8.91e-01, trn/loss_ce 3.59e-01, trn/loss_wd 1.07e+03, trn/lr 8.43e-02
[2022-03-20 10:27:02,444][INFO] [Epoch  57/200] trn/acc1 8.75e-01, trn/loss 8.98e-01, trn/loss_ce 3.63e-01, trn/loss_wd 1.07e+03, trn/lr 8.38e-02
[2022-03-20 10:27:05,237][INFO] [Epoch  58/200] trn/acc1 8.78e-01, trn/loss 8.91e-01, trn/loss_ce 3.57e-01, trn/loss_wd 1.07e+03, trn/lr 8.32e-02
[2022-03-20 10:27:08,027][INFO] [Epoch  59/200] trn/acc1 8.78e-01, trn/loss 8.90e-01, trn/loss_ce 3.57e-01, trn/loss_wd 1.07e+03, trn/lr 8.25e-02
[2022-03-20 10:27:10,822][INFO] [Epoch  60/200] trn/acc1 8.78e-01, trn/loss 8.85e-01, trn/loss_ce 3.55e-01, trn/loss_wd 1.06e+03, trn/lr 8.19e-02
[2022-03-20 10:27:10,893][INFO] [Epoch  60/200] Validation: val/acc1 0.8422, val/loss_ce 0.4736
[2022-03-20 10:27:14,008][INFO] [Epoch  61/200] trn/acc1 8.80e-01, trn/loss 8.83e-01, trn/loss_ce 3.52e-01, trn/loss_wd 1.06e+03, trn/lr 8.13e-02
[2022-03-20 10:27:16,799][INFO] [Epoch  62/200] trn/acc1 8.79e-01, trn/loss 8.82e-01, trn/loss_ce 3.52e-01, trn/loss_wd 1.06e+03, trn/lr 8.07e-02
[2022-03-20 10:27:19,609][INFO] [Epoch  63/200] trn/acc1 8.80e-01, trn/loss 8.80e-01, trn/loss_ce 3.49e-01, trn/loss_wd 1.06e+03, trn/lr 8.00e-02
[2022-03-20 10:27:22,391][INFO] [Epoch  64/200] trn/acc1 8.84e-01, trn/loss 8.71e-01, trn/loss_ce 3.40e-01, trn/loss_wd 1.06e+03, trn/lr 7.94e-02
[2022-03-20 10:27:25,253][INFO] [Epoch  65/200] trn/acc1 8.82e-01, trn/loss 8.74e-01, trn/loss_ce 3.44e-01, trn/loss_wd 1.06e+03, trn/lr 7.87e-02
[2022-03-20 10:27:28,037][INFO] [Epoch  66/200] trn/acc1 8.81e-01, trn/loss 8.76e-01, trn/loss_ce 3.46e-01, trn/loss_wd 1.06e+03, trn/lr 7.81e-02
[2022-03-20 10:27:30,834][INFO] [Epoch  67/200] trn/acc1 8.85e-01, trn/loss 8.65e-01, trn/loss_ce 3.38e-01, trn/loss_wd 1.05e+03, trn/lr 7.74e-02
[2022-03-20 10:27:33,622][INFO] [Epoch  68/200] trn/acc1 8.86e-01, trn/loss 8.63e-01, trn/loss_ce 3.36e-01, trn/loss_wd 1.05e+03, trn/lr 7.67e-02
[2022-03-20 10:27:36,412][INFO] [Epoch  69/200] trn/acc1 8.85e-01, trn/loss 8.66e-01, trn/loss_ce 3.39e-01, trn/loss_wd 1.05e+03, trn/lr 7.60e-02
[2022-03-20 10:27:39,205][INFO] [Epoch  70/200] trn/acc1 8.85e-01, trn/loss 8.61e-01, trn/loss_ce 3.35e-01, trn/loss_wd 1.05e+03, trn/lr 7.53e-02
[2022-03-20 10:27:41,996][INFO] [Epoch  71/200] trn/acc1 8.87e-01, trn/loss 8.57e-01, trn/loss_ce 3.31e-01, trn/loss_wd 1.05e+03, trn/lr 7.47e-02
[2022-03-20 10:27:44,803][INFO] [Epoch  72/200] trn/acc1 8.87e-01, trn/loss 8.52e-01, trn/loss_ce 3.27e-01, trn/loss_wd 1.05e+03, trn/lr 7.39e-02
[2022-03-20 10:27:47,589][INFO] [Epoch  73/200] trn/acc1 8.88e-01, trn/loss 8.50e-01, trn/loss_ce 3.26e-01, trn/loss_wd 1.05e+03, trn/lr 7.32e-02
[2022-03-20 10:27:50,364][INFO] [Epoch  74/200] trn/acc1 8.90e-01, trn/loss 8.47e-01, trn/loss_ce 3.25e-01, trn/loss_wd 1.04e+03, trn/lr 7.25e-02
[2022-03-20 10:27:53,144][INFO] [Epoch  75/200] trn/acc1 8.90e-01, trn/loss 8.40e-01, trn/loss_ce 3.18e-01, trn/loss_wd 1.05e+03, trn/lr 7.18e-02
[2022-03-20 10:27:55,944][INFO] [Epoch  76/200] trn/acc1 8.89e-01, trn/loss 8.45e-01, trn/loss_ce 3.24e-01, trn/loss_wd 1.04e+03, trn/lr 7.11e-02
[2022-03-20 10:27:58,744][INFO] [Epoch  77/200] trn/acc1 8.94e-01, trn/loss 8.31e-01, trn/loss_ce 3.12e-01, trn/loss_wd 1.04e+03, trn/lr 7.03e-02
[2022-03-20 10:28:01,550][INFO] [Epoch  78/200] trn/acc1 8.90e-01, trn/loss 8.38e-01, trn/loss_ce 3.22e-01, trn/loss_wd 1.03e+03, trn/lr 6.96e-02
[2022-03-20 10:28:04,353][INFO] [Epoch  79/200] trn/acc1 8.94e-01, trn/loss 8.25e-01, trn/loss_ce 3.10e-01, trn/loss_wd 1.03e+03, trn/lr 6.89e-02
[2022-03-20 10:28:07,146][INFO] [Epoch  80/200] trn/acc1 8.93e-01, trn/loss 8.27e-01, trn/loss_ce 3.12e-01, trn/loss_wd 1.03e+03, trn/lr 6.81e-02
[2022-03-20 10:28:07,217][INFO] [Epoch  80/200] Validation: val/acc1 0.8466, val/loss_ce 0.4453
[2022-03-20 10:28:10,320][INFO] [Epoch  81/200] trn/acc1 8.97e-01, trn/loss 8.17e-01, trn/loss_ce 3.03e-01, trn/loss_wd 1.03e+03, trn/lr 6.74e-02
[2022-03-20 10:28:13,124][INFO] [Epoch  82/200] trn/acc1 8.95e-01, trn/loss 8.18e-01, trn/loss_ce 3.04e-01, trn/loss_wd 1.03e+03, trn/lr 6.66e-02
[2022-03-20 10:28:15,930][INFO] [Epoch  83/200] trn/acc1 8.97e-01, trn/loss 8.14e-01, trn/loss_ce 3.00e-01, trn/loss_wd 1.03e+03, trn/lr 6.58e-02
[2022-03-20 10:28:18,724][INFO] [Epoch  84/200] trn/acc1 8.94e-01, trn/loss 8.16e-01, trn/loss_ce 3.01e-01, trn/loss_wd 1.03e+03, trn/lr 6.51e-02
[2022-03-20 10:28:21,507][INFO] [Epoch  85/200] trn/acc1 8.98e-01, trn/loss 8.13e-01, trn/loss_ce 2.98e-01, trn/loss_wd 1.03e+03, trn/lr 6.43e-02
[2022-03-20 10:28:24,300][INFO] [Epoch  86/200] trn/acc1 8.98e-01, trn/loss 8.05e-01, trn/loss_ce 2.92e-01, trn/loss_wd 1.03e+03, trn/lr 6.35e-02
[2022-03-20 10:28:27,085][INFO] [Epoch  87/200] trn/acc1 9.00e-01, trn/loss 8.01e-01, trn/loss_ce 2.90e-01, trn/loss_wd 1.02e+03, trn/lr 6.27e-02
[2022-03-20 10:28:29,860][INFO] [Epoch  88/200] trn/acc1 9.01e-01, trn/loss 7.95e-01, trn/loss_ce 2.87e-01, trn/loss_wd 1.02e+03, trn/lr 6.20e-02
[2022-03-20 10:28:32,647][INFO] [Epoch  89/200] trn/acc1 9.02e-01, trn/loss 7.92e-01, trn/loss_ce 2.84e-01, trn/loss_wd 1.01e+03, trn/lr 6.12e-02
[2022-03-20 10:28:35,447][INFO] [Epoch  90/200] trn/acc1 9.03e-01, trn/loss 7.89e-01, trn/loss_ce 2.83e-01, trn/loss_wd 1.01e+03, trn/lr 6.04e-02
[2022-03-20 10:28:38,240][INFO] [Epoch  91/200] trn/acc1 9.03e-01, trn/loss 7.84e-01, trn/loss_ce 2.80e-01, trn/loss_wd 1.01e+03, trn/lr 5.96e-02
[2022-03-20 10:28:41,018][INFO] [Epoch  92/200] trn/acc1 9.04e-01, trn/loss 7.78e-01, trn/loss_ce 2.77e-01, trn/loss_wd 1.00e+03, trn/lr 5.88e-02
[2022-03-20 10:28:43,801][INFO] [Epoch  93/200] trn/acc1 9.05e-01, trn/loss 7.73e-01, trn/loss_ce 2.74e-01, trn/loss_wd 9.98e+02, trn/lr 5.80e-02
[2022-03-20 10:28:46,595][INFO] [Epoch  94/200] trn/acc1 9.05e-01, trn/loss 7.72e-01, trn/loss_ce 2.74e-01, trn/loss_wd 9.97e+02, trn/lr 5.72e-02
[2022-03-20 10:28:49,477][INFO] [Epoch  95/200] trn/acc1 9.07e-01, trn/loss 7.67e-01, trn/loss_ce 2.69e-01, trn/loss_wd 9.95e+02, trn/lr 5.64e-02
[2022-03-20 10:28:52,264][INFO] [Epoch  96/200] trn/acc1 9.11e-01, trn/loss 7.55e-01, trn/loss_ce 2.60e-01, trn/loss_wd 9.89e+02, trn/lr 5.56e-02
[2022-03-20 10:28:55,102][INFO] [Epoch  97/200] trn/acc1 9.09e-01, trn/loss 7.56e-01, trn/loss_ce 2.61e-01, trn/loss_wd 9.90e+02, trn/lr 5.48e-02
[2022-03-20 10:28:57,887][INFO] [Epoch  98/200] trn/acc1 9.09e-01, trn/loss 7.56e-01, trn/loss_ce 2.63e-01, trn/loss_wd 9.87e+02, trn/lr 5.40e-02
[2022-03-20 10:29:00,684][INFO] [Epoch  99/200] trn/acc1 9.13e-01, trn/loss 7.43e-01, trn/loss_ce 2.52e-01, trn/loss_wd 9.82e+02, trn/lr 5.32e-02
[2022-03-20 10:29:03,470][INFO] [Epoch 100/200] trn/acc1 9.13e-01, trn/loss 7.41e-01, trn/loss_ce 2.52e-01, trn/loss_wd 9.79e+02, trn/lr 5.24e-02
[2022-03-20 10:29:03,540][INFO] [Epoch 100/200] Validation: val/acc1 0.8546, val/loss_ce 0.4551
[2022-03-20 10:29:06,535][INFO] [Epoch 101/200] trn/acc1 9.12e-01, trn/loss 7.39e-01, trn/loss_ce 2.51e-01, trn/loss_wd 9.75e+02, trn/lr 5.16e-02
[2022-03-20 10:29:09,316][INFO] [Epoch 102/200] trn/acc1 9.17e-01, trn/loss 7.28e-01, trn/loss_ce 2.43e-01, trn/loss_wd 9.71e+02, trn/lr 5.08e-02
[2022-03-20 10:29:12,105][INFO] [Epoch 103/200] trn/acc1 9.15e-01, trn/loss 7.28e-01, trn/loss_ce 2.45e-01, trn/loss_wd 9.66e+02, trn/lr 5.00e-02
[2022-03-20 10:29:14,886][INFO] [Epoch 104/200] trn/acc1 9.15e-01, trn/loss 7.24e-01, trn/loss_ce 2.42e-01, trn/loss_wd 9.63e+02, trn/lr 4.92e-02
[2022-03-20 10:29:17,666][INFO] [Epoch 105/200] trn/acc1 9.19e-01, trn/loss 7.17e-01, trn/loss_ce 2.37e-01, trn/loss_wd 9.61e+02, trn/lr 4.84e-02
[2022-03-20 10:29:20,452][INFO] [Epoch 106/200] trn/acc1 9.21e-01, trn/loss 7.09e-01, trn/loss_ce 2.31e-01, trn/loss_wd 9.56e+02, trn/lr 4.76e-02
[2022-03-20 10:29:23,242][INFO] [Epoch 107/200] trn/acc1 9.19e-01, trn/loss 7.10e-01, trn/loss_ce 2.34e-01, trn/loss_wd 9.52e+02, trn/lr 4.68e-02
[2022-03-20 10:29:26,021][INFO] [Epoch 108/200] trn/acc1 9.23e-01, trn/loss 6.98e-01, trn/loss_ce 2.24e-01, trn/loss_wd 9.47e+02, trn/lr 4.60e-02
[2022-03-20 10:29:28,814][INFO] [Epoch 109/200] trn/acc1 9.23e-01, trn/loss 6.92e-01, trn/loss_ce 2.21e-01, trn/loss_wd 9.41e+02, trn/lr 4.52e-02
[2022-03-20 10:29:31,595][INFO] [Epoch 110/200] trn/acc1 9.21e-01, trn/loss 6.96e-01, trn/loss_ce 2.26e-01, trn/loss_wd 9.39e+02, trn/lr 4.44e-02
[2022-03-20 10:29:34,389][INFO] [Epoch 111/200] trn/acc1 9.25e-01, trn/loss 6.85e-01, trn/loss_ce 2.19e-01, trn/loss_wd 9.34e+02, trn/lr 4.36e-02
[2022-03-20 10:29:37,195][INFO] [Epoch 112/200] trn/acc1 9.28e-01, trn/loss 6.74e-01, trn/loss_ce 2.10e-01, trn/loss_wd 9.27e+02, trn/lr 4.28e-02
[2022-03-20 10:29:39,996][INFO] [Epoch 113/200] trn/acc1 9.28e-01, trn/loss 6.68e-01, trn/loss_ce 2.08e-01, trn/loss_wd 9.20e+02, trn/lr 4.20e-02
[2022-03-20 10:29:42,798][INFO] [Epoch 114/200] trn/acc1 9.29e-01, trn/loss 6.63e-01, trn/loss_ce 2.05e-01, trn/loss_wd 9.16e+02, trn/lr 4.12e-02
[2022-03-20 10:29:45,588][INFO] [Epoch 115/200] trn/acc1 9.29e-01, trn/loss 6.61e-01, trn/loss_ce 2.06e-01, trn/loss_wd 9.10e+02, trn/lr 4.04e-02
[2022-03-20 10:29:48,381][INFO] [Epoch 116/200] trn/acc1 9.31e-01, trn/loss 6.55e-01, trn/loss_ce 2.02e-01, trn/loss_wd 9.05e+02, trn/lr 3.96e-02
[2022-03-20 10:29:51,178][INFO] [Epoch 117/200] trn/acc1 9.32e-01, trn/loss 6.45e-01, trn/loss_ce 1.95e-01, trn/loss_wd 8.99e+02, trn/lr 3.88e-02
[2022-03-20 10:29:53,975][INFO] [Epoch 118/200] trn/acc1 9.34e-01, trn/loss 6.37e-01, trn/loss_ce 1.90e-01, trn/loss_wd 8.95e+02, trn/lr 3.80e-02
[2022-03-20 10:29:56,772][INFO] [Epoch 119/200] trn/acc1 9.36e-01, trn/loss 6.31e-01, trn/loss_ce 1.86e-01, trn/loss_wd 8.90e+02, trn/lr 3.73e-02
[2022-03-20 10:29:59,556][INFO] [Epoch 120/200] trn/acc1 9.34e-01, trn/loss 6.35e-01, trn/loss_ce 1.91e-01, trn/loss_wd 8.88e+02, trn/lr 3.65e-02
[2022-03-20 10:29:59,627][INFO] [Epoch 120/200] Validation: val/acc1 0.8642, val/loss_ce 0.4134
[2022-03-20 10:30:02,694][INFO] [Epoch 121/200] trn/acc1 9.36e-01, trn/loss 6.23e-01, trn/loss_ce 1.81e-01, trn/loss_wd 8.84e+02, trn/lr 3.57e-02
[2022-03-20 10:30:05,492][INFO] [Epoch 122/200] trn/acc1 9.39e-01, trn/loss 6.15e-01, trn/loss_ce 1.76e-01, trn/loss_wd 8.78e+02, trn/lr 3.49e-02
[2022-03-20 10:30:08,368][INFO] [Epoch 123/200] trn/acc1 9.38e-01, trn/loss 6.15e-01, trn/loss_ce 1.80e-01, trn/loss_wd 8.71e+02, trn/lr 3.42e-02
[2022-03-20 10:30:11,148][INFO] [Epoch 124/200] trn/acc1 9.43e-01, trn/loss 6.00e-01, trn/loss_ce 1.69e-01, trn/loss_wd 8.63e+02, trn/lr 3.34e-02
[2022-03-20 10:30:13,934][INFO] [Epoch 125/200] trn/acc1 9.42e-01, trn/loss 5.92e-01, trn/loss_ce 1.65e-01, trn/loss_wd 8.55e+02, trn/lr 3.26e-02
[2022-03-20 10:30:16,725][INFO] [Epoch 126/200] trn/acc1 9.45e-01, trn/loss 5.85e-01, trn/loss_ce 1.61e-01, trn/loss_wd 8.49e+02, trn/lr 3.19e-02
[2022-03-20 10:30:19,520][INFO] [Epoch 127/200] trn/acc1 9.44e-01, trn/loss 5.84e-01, trn/loss_ce 1.61e-01, trn/loss_wd 8.45e+02, trn/lr 3.11e-02
[2022-03-20 10:30:22,310][INFO] [Epoch 128/200] trn/acc1 9.45e-01, trn/loss 5.76e-01, trn/loss_ce 1.57e-01, trn/loss_wd 8.40e+02, trn/lr 3.04e-02
[2022-03-20 10:30:25,102][INFO] [Epoch 129/200] trn/acc1 9.47e-01, trn/loss 5.67e-01, trn/loss_ce 1.51e-01, trn/loss_wd 8.32e+02, trn/lr 2.97e-02
[2022-03-20 10:30:27,907][INFO] [Epoch 130/200] trn/acc1 9.50e-01, trn/loss 5.61e-01, trn/loss_ce 1.48e-01, trn/loss_wd 8.26e+02, trn/lr 2.89e-02
[2022-03-20 10:30:30,714][INFO] [Epoch 131/200] trn/acc1 9.52e-01, trn/loss 5.51e-01, trn/loss_ce 1.42e-01, trn/loss_wd 8.18e+02, trn/lr 2.82e-02
[2022-03-20 10:30:33,526][INFO] [Epoch 132/200] trn/acc1 9.51e-01, trn/loss 5.47e-01, trn/loss_ce 1.42e-01, trn/loss_wd 8.10e+02, trn/lr 2.75e-02
[2022-03-20 10:30:36,330][INFO] [Epoch 133/200] trn/acc1 9.51e-01, trn/loss 5.40e-01, trn/loss_ce 1.39e-01, trn/loss_wd 8.04e+02, trn/lr 2.68e-02
[2022-03-20 10:30:39,126][INFO] [Epoch 134/200] trn/acc1 9.55e-01, trn/loss 5.32e-01, trn/loss_ce 1.34e-01, trn/loss_wd 7.97e+02, trn/lr 2.61e-02
[2022-03-20 10:30:41,906][INFO] [Epoch 135/200] trn/acc1 9.57e-01, trn/loss 5.19e-01, trn/loss_ce 1.25e-01, trn/loss_wd 7.87e+02, trn/lr 2.54e-02
[2022-03-20 10:30:44,706][INFO] [Epoch 136/200] trn/acc1 9.55e-01, trn/loss 5.19e-01, trn/loss_ce 1.30e-01, trn/loss_wd 7.79e+02, trn/lr 2.47e-02
[2022-03-20 10:30:47,507][INFO] [Epoch 137/200] trn/acc1 9.57e-01, trn/loss 5.06e-01, trn/loss_ce 1.20e-01, trn/loss_wd 7.72e+02, trn/lr 2.40e-02
[2022-03-20 10:30:50,293][INFO] [Epoch 138/200] trn/acc1 9.59e-01, trn/loss 5.01e-01, trn/loss_ce 1.19e-01, trn/loss_wd 7.65e+02, trn/lr 2.33e-02
[2022-03-20 10:30:53,080][INFO] [Epoch 139/200] trn/acc1 9.60e-01, trn/loss 4.93e-01, trn/loss_ce 1.15e-01, trn/loss_wd 7.57e+02, trn/lr 2.26e-02
[2022-03-20 10:30:55,876][INFO] [Epoch 140/200] trn/acc1 9.59e-01, trn/loss 4.89e-01, trn/loss_ce 1.15e-01, trn/loss_wd 7.50e+02, trn/lr 2.19e-02
[2022-03-20 10:30:55,948][INFO] [Epoch 140/200] Validation: val/acc1 0.8750, val/loss_ce 0.4134
[2022-03-20 10:30:58,949][INFO] [Epoch 141/200] trn/acc1 9.62e-01, trn/loss 4.75e-01, trn/loss_ce 1.05e-01, trn/loss_wd 7.41e+02, trn/lr 2.13e-02
[2022-03-20 10:31:01,733][INFO] [Epoch 142/200] trn/acc1 9.65e-01, trn/loss 4.68e-01, trn/loss_ce 1.02e-01, trn/loss_wd 7.32e+02, trn/lr 2.06e-02
[2022-03-20 10:31:04,501][INFO] [Epoch 143/200] trn/acc1 9.65e-01, trn/loss 4.59e-01, trn/loss_ce 9.83e-02, trn/loss_wd 7.22e+02, trn/lr 2.00e-02
[2022-03-20 10:31:07,309][INFO] [Epoch 144/200] trn/acc1 9.67e-01, trn/loss 4.51e-01, trn/loss_ce 9.43e-02, trn/loss_wd 7.13e+02, trn/lr 1.93e-02
[2022-03-20 10:31:10,103][INFO] [Epoch 145/200] trn/acc1 9.67e-01, trn/loss 4.43e-01, trn/loss_ce 9.16e-02, trn/loss_wd 7.04e+02, trn/lr 1.87e-02
[2022-03-20 10:31:12,891][INFO] [Epoch 146/200] trn/acc1 9.70e-01, trn/loss 4.35e-01, trn/loss_ce 8.76e-02, trn/loss_wd 6.94e+02, trn/lr 1.81e-02
[2022-03-20 10:31:15,685][INFO] [Epoch 147/200] trn/acc1 9.70e-01, trn/loss 4.31e-01, trn/loss_ce 8.83e-02, trn/loss_wd 6.85e+02, trn/lr 1.75e-02
[2022-03-20 10:31:18,479][INFO] [Epoch 148/200] trn/acc1 9.73e-01, trn/loss 4.18e-01, trn/loss_ce 7.97e-02, trn/loss_wd 6.76e+02, trn/lr 1.68e-02
[2022-03-20 10:31:21,273][INFO] [Epoch 149/200] trn/acc1 9.73e-01, trn/loss 4.11e-01, trn/loss_ce 7.78e-02, trn/loss_wd 6.66e+02, trn/lr 1.62e-02
[2022-03-20 10:31:24,071][INFO] [Epoch 150/200] trn/acc1 9.76e-01, trn/loss 3.99e-01, trn/loss_ce 7.07e-02, trn/loss_wd 6.56e+02, trn/lr 1.57e-02
[2022-03-20 10:31:26,969][INFO] [Epoch 151/200] trn/acc1 9.77e-01, trn/loss 3.90e-01, trn/loss_ce 6.73e-02, trn/loss_wd 6.45e+02, trn/lr 1.51e-02
[2022-03-20 10:31:29,775][INFO] [Epoch 152/200] trn/acc1 9.80e-01, trn/loss 3.76e-01, trn/loss_ce 5.88e-02, trn/loss_wd 6.34e+02, trn/lr 1.45e-02
[2022-03-20 10:31:32,569][INFO] [Epoch 153/200] trn/acc1 9.79e-01, trn/loss 3.75e-01, trn/loss_ce 6.29e-02, trn/loss_wd 6.23e+02, trn/lr 1.39e-02
[2022-03-20 10:31:35,366][INFO] [Epoch 154/200] trn/acc1 9.81e-01, trn/loss 3.66e-01, trn/loss_ce 5.92e-02, trn/loss_wd 6.14e+02, trn/lr 1.34e-02
[2022-03-20 10:31:38,163][INFO] [Epoch 155/200] trn/acc1 9.82e-01, trn/loss 3.56e-01, trn/loss_ce 5.38e-02, trn/loss_wd 6.04e+02, trn/lr 1.28e-02
[2022-03-20 10:31:40,970][INFO] [Epoch 156/200] trn/acc1 9.83e-01, trn/loss 3.47e-01, trn/loss_ce 5.00e-02, trn/loss_wd 5.94e+02, trn/lr 1.23e-02
[2022-03-20 10:31:43,761][INFO] [Epoch 157/200] trn/acc1 9.84e-01, trn/loss 3.41e-01, trn/loss_ce 4.90e-02, trn/loss_wd 5.84e+02, trn/lr 1.18e-02
[2022-03-20 10:31:46,560][INFO] [Epoch 158/200] trn/acc1 9.85e-01, trn/loss 3.30e-01, trn/loss_ce 4.35e-02, trn/loss_wd 5.74e+02, trn/lr 1.13e-02
[2022-03-20 10:31:49,354][INFO] [Epoch 159/200] trn/acc1 9.85e-01, trn/loss 3.25e-01, trn/loss_ce 4.32e-02, trn/loss_wd 5.64e+02, trn/lr 1.08e-02
[2022-03-20 10:31:52,147][INFO] [Epoch 160/200] trn/acc1 9.88e-01, trn/loss 3.12e-01, trn/loss_ce 3.57e-02, trn/loss_wd 5.54e+02, trn/lr 1.03e-02
[2022-03-20 10:31:52,217][INFO] [Epoch 160/200] Validation: val/acc1 0.9098, val/loss_ce 0.3492
[2022-03-20 10:31:55,331][INFO] [Epoch 161/200] trn/acc1 9.88e-01, trn/loss 3.06e-01, trn/loss_ce 3.40e-02, trn/loss_wd 5.43e+02, trn/lr 9.79e-03
[2022-03-20 10:31:58,124][INFO] [Epoch 162/200] trn/acc1 9.89e-01, trn/loss 2.99e-01, trn/loss_ce 3.28e-02, trn/loss_wd 5.33e+02, trn/lr 9.31e-03
[2022-03-20 10:32:00,926][INFO] [Epoch 163/200] trn/acc1 9.90e-01, trn/loss 2.91e-01, trn/loss_ce 2.94e-02, trn/loss_wd 5.24e+02, trn/lr 8.85e-03
[2022-03-20 10:32:03,710][INFO] [Epoch 164/200] trn/acc1 9.92e-01, trn/loss 2.81e-01, trn/loss_ce 2.43e-02, trn/loss_wd 5.14e+02, trn/lr 8.40e-03
[2022-03-20 10:32:06,493][INFO] [Epoch 165/200] trn/acc1 9.92e-01, trn/loss 2.76e-01, trn/loss_ce 2.39e-02, trn/loss_wd 5.05e+02, trn/lr 7.96e-03
[2022-03-20 10:32:09,285][INFO] [Epoch 166/200] trn/acc1 9.94e-01, trn/loss 2.66e-01, trn/loss_ce 1.81e-02, trn/loss_wd 4.96e+02, trn/lr 7.53e-03
[2022-03-20 10:32:12,083][INFO] [Epoch 167/200] trn/acc1 9.94e-01, trn/loss 2.62e-01, trn/loss_ce 1.88e-02, trn/loss_wd 4.87e+02, trn/lr 7.11e-03
[2022-03-20 10:32:14,881][INFO] [Epoch 168/200] trn/acc1 9.96e-01, trn/loss 2.53e-01, trn/loss_ce 1.40e-02, trn/loss_wd 4.78e+02, trn/lr 6.70e-03
[2022-03-20 10:32:17,678][INFO] [Epoch 169/200] trn/acc1 9.96e-01, trn/loss 2.47e-01, trn/loss_ce 1.25e-02, trn/loss_wd 4.70e+02, trn/lr 6.30e-03
[2022-03-20 10:32:20,460][INFO] [Epoch 170/200] trn/acc1 9.97e-01, trn/loss 2.43e-01, trn/loss_ce 1.16e-02, trn/loss_wd 4.62e+02, trn/lr 5.92e-03
[2022-03-20 10:32:23,259][INFO] [Epoch 171/200] trn/acc1 9.97e-01, trn/loss 2.36e-01, trn/loss_ce 9.17e-03, trn/loss_wd 4.54e+02, trn/lr 5.54e-03
[2022-03-20 10:32:26,047][INFO] [Epoch 172/200] trn/acc1 9.97e-01, trn/loss 2.33e-01, trn/loss_ce 9.21e-03, trn/loss_wd 4.47e+02, trn/lr 5.18e-03
[2022-03-20 10:32:28,839][INFO] [Epoch 173/200] trn/acc1 9.98e-01, trn/loss 2.27e-01, trn/loss_ce 7.10e-03, trn/loss_wd 4.40e+02, trn/lr 4.83e-03
[2022-03-20 10:32:31,623][INFO] [Epoch 174/200] trn/acc1 9.98e-01, trn/loss 2.24e-01, trn/loss_ce 7.17e-03, trn/loss_wd 4.34e+02, trn/lr 4.49e-03
[2022-03-20 10:32:34,406][INFO] [Epoch 175/200] trn/acc1 9.99e-01, trn/loss 2.20e-01, trn/loss_ce 5.66e-03, trn/loss_wd 4.28e+02, trn/lr 4.16e-03
[2022-03-20 10:32:37,200][INFO] [Epoch 176/200] trn/acc1 9.99e-01, trn/loss 2.17e-01, trn/loss_ce 5.09e-03, trn/loss_wd 4.23e+02, trn/lr 3.85e-03
[2022-03-20 10:32:39,991][INFO] [Epoch 177/200] trn/acc1 9.99e-01, trn/loss 2.14e-01, trn/loss_ce 4.72e-03, trn/loss_wd 4.18e+02, trn/lr 3.54e-03
[2022-03-20 10:32:42,771][INFO] [Epoch 178/200] trn/acc1 9.99e-01, trn/loss 2.11e-01, trn/loss_ce 4.03e-03, trn/loss_wd 4.13e+02, trn/lr 3.25e-03
[2022-03-20 10:32:45,646][INFO] [Epoch 179/200] trn/acc1 9.99e-01, trn/loss 2.08e-01, trn/loss_ce 3.16e-03, trn/loss_wd 4.09e+02, trn/lr 2.97e-03
[2022-03-20 10:32:48,444][INFO] [Epoch 180/200] trn/acc1 9.99e-01, trn/loss 2.06e-01, trn/loss_ce 3.70e-03, trn/loss_wd 4.05e+02, trn/lr 2.70e-03
[2022-03-20 10:32:48,515][INFO] [Epoch 180/200] Validation: val/acc1 0.9224, val/loss_ce 0.3149
[2022-03-20 10:32:51,611][INFO] [Epoch 181/200] trn/acc1 9.99e-01, trn/loss 2.04e-01, trn/loss_ce 3.38e-03, trn/loss_wd 4.02e+02, trn/lr 2.45e-03
[2022-03-20 10:32:51,681][INFO] [Epoch 181/200] Validation: val/acc1 0.9214, val/loss_ce 0.3178
[2022-03-20 10:32:54,599][INFO] [Epoch 182/200] trn/acc1 9.99e-01, trn/loss 2.03e-01, trn/loss_ce 3.17e-03, trn/loss_wd 3.99e+02, trn/lr 2.21e-03
[2022-03-20 10:32:54,668][INFO] [Epoch 182/200] Validation: val/acc1 0.9230, val/loss_ce 0.3121
[2022-03-20 10:32:57,759][INFO] [Epoch 183/200] trn/acc1 1.00e+00, trn/loss 2.01e-01, trn/loss_ce 2.66e-03, trn/loss_wd 3.96e+02, trn/lr 1.97e-03
[2022-03-20 10:32:57,829][INFO] [Epoch 183/200] Validation: val/acc1 0.9220, val/loss_ce 0.3144
[2022-03-20 10:33:00,736][INFO] [Epoch 184/200] trn/acc1 1.00e+00, trn/loss 2.00e-01, trn/loss_ce 2.67e-03, trn/loss_wd 3.94e+02, trn/lr 1.76e-03
[2022-03-20 10:33:00,806][INFO] [Epoch 184/200] Validation: val/acc1 0.9244, val/loss_ce 0.3089
[2022-03-20 10:33:03,881][INFO] [Epoch 185/200] trn/acc1 1.00e+00, trn/loss 1.98e-01, trn/loss_ce 2.31e-03, trn/loss_wd 3.92e+02, trn/lr 1.55e-03
[2022-03-20 10:33:03,952][INFO] [Epoch 185/200] Validation: val/acc1 0.9234, val/loss_ce 0.3042
[2022-03-20 10:33:06,945][INFO] [Epoch 186/200] trn/acc1 1.00e+00, trn/loss 1.97e-01, trn/loss_ce 2.29e-03, trn/loss_wd 3.90e+02, trn/lr 1.36e-03
[2022-03-20 10:33:07,015][INFO] [Epoch 186/200] Validation: val/acc1 0.9254, val/loss_ce 0.3023
[2022-03-20 10:33:10,138][INFO] [Epoch 187/200] trn/acc1 1.00e+00, trn/loss 1.96e-01, trn/loss_ce 2.35e-03, trn/loss_wd 3.88e+02, trn/lr 1.18e-03
[2022-03-20 10:33:10,207][INFO] [Epoch 187/200] Validation: val/acc1 0.9242, val/loss_ce 0.3041
[2022-03-20 10:33:13,114][INFO] [Epoch 188/200] trn/acc1 1.00e+00, trn/loss 1.96e-01, trn/loss_ce 2.39e-03, trn/loss_wd 3.87e+02, trn/lr 1.01e-03
[2022-03-20 10:33:13,184][INFO] [Epoch 188/200] Validation: val/acc1 0.9260, val/loss_ce 0.3021
[2022-03-20 10:33:16,233][INFO] [Epoch 189/200] trn/acc1 1.00e+00, trn/loss 1.95e-01, trn/loss_ce 1.88e-03, trn/loss_wd 3.85e+02, trn/lr 8.56e-04
[2022-03-20 10:33:16,302][INFO] [Epoch 189/200] Validation: val/acc1 0.9238, val/loss_ce 0.2992
[2022-03-20 10:33:19,279][INFO] [Epoch 190/200] trn/acc1 1.00e+00, trn/loss 1.94e-01, trn/loss_ce 2.24e-03, trn/loss_wd 3.84e+02, trn/lr 7.14e-04
[2022-03-20 10:33:19,348][INFO] [Epoch 190/200] Validation: val/acc1 0.9240, val/loss_ce 0.3009
[2022-03-20 10:33:22,242][INFO] [Epoch 191/200] trn/acc1 1.00e+00, trn/loss 1.94e-01, trn/loss_ce 1.93e-03, trn/loss_wd 3.83e+02, trn/lr 5.85e-04
[2022-03-20 10:33:22,312][INFO] [Epoch 191/200] Validation: val/acc1 0.9234, val/loss_ce 0.3026
[2022-03-20 10:33:25,223][INFO] [Epoch 192/200] trn/acc1 1.00e+00, trn/loss 1.93e-01, trn/loss_ce 1.88e-03, trn/loss_wd 3.83e+02, trn/lr 4.69e-04
[2022-03-20 10:33:25,294][INFO] [Epoch 192/200] Validation: val/acc1 0.9238, val/loss_ce 0.3018
[2022-03-20 10:33:28,215][INFO] [Epoch 193/200] trn/acc1 1.00e+00, trn/loss 1.93e-01, trn/loss_ce 1.83e-03, trn/loss_wd 3.82e+02, trn/lr 3.65e-04
[2022-03-20 10:33:28,284][INFO] [Epoch 193/200] Validation: val/acc1 0.9246, val/loss_ce 0.3021
[2022-03-20 10:33:31,201][INFO] [Epoch 194/200] trn/acc1 1.00e+00, trn/loss 1.93e-01, trn/loss_ce 1.82e-03, trn/loss_wd 3.82e+02, trn/lr 2.75e-04
[2022-03-20 10:33:31,271][INFO] [Epoch 194/200] Validation: val/acc1 0.9226, val/loss_ce 0.3035
[2022-03-20 10:33:34,178][INFO] [Epoch 195/200] trn/acc1 1.00e+00, trn/loss 1.92e-01, trn/loss_ce 1.67e-03, trn/loss_wd 3.82e+02, trn/lr 1.97e-04
[2022-03-20 10:33:34,248][INFO] [Epoch 195/200] Validation: val/acc1 0.9248, val/loss_ce 0.3004
[2022-03-20 10:33:37,153][INFO] [Epoch 196/200] trn/acc1 1.00e+00, trn/loss 1.93e-01, trn/loss_ce 1.91e-03, trn/loss_wd 3.81e+02, trn/lr 1.32e-04
[2022-03-20 10:33:37,224][INFO] [Epoch 196/200] Validation: val/acc1 0.9248, val/loss_ce 0.3009
[2022-03-20 10:33:40,146][INFO] [Epoch 197/200] trn/acc1 1.00e+00, trn/loss 1.92e-01, trn/loss_ce 1.58e-03, trn/loss_wd 3.81e+02, trn/lr 8.01e-05
[2022-03-20 10:33:40,216][INFO] [Epoch 197/200] Validation: val/acc1 0.9240, val/loss_ce 0.3020
[2022-03-20 10:33:43,139][INFO] [Epoch 198/200] trn/acc1 1.00e+00, trn/loss 1.92e-01, trn/loss_ce 1.79e-03, trn/loss_wd 3.81e+02, trn/lr 4.11e-05
[2022-03-20 10:33:43,210][INFO] [Epoch 198/200] Validation: val/acc1 0.9248, val/loss_ce 0.3008
[2022-03-20 10:33:46,113][INFO] [Epoch 199/200] trn/acc1 1.00e+00, trn/loss 1.92e-01, trn/loss_ce 1.92e-03, trn/loss_wd 3.81e+02, trn/lr 1.52e-05
[2022-03-20 10:33:46,183][INFO] [Epoch 199/200] Validation: val/acc1 0.9254, val/loss_ce 0.3015
[2022-03-20 10:33:49,091][INFO] [Epoch 200/200] trn/acc1 1.00e+00, trn/loss 1.92e-01, trn/loss_ce 1.94e-03, trn/loss_wd 3.81e+02, trn/lr 2.17e-06
[2022-03-20 10:33:49,161][INFO] [Epoch 200/200] Validation: val/acc1 0.9232, val/loss_ce 0.3032
