[2022-02-04 17:39:48,850][INFO] Environments:
------------  ---------------------------------------------------------------------------
sys.platform  linux
Python        3.7.11 (default, Nov 23 2021, 05:29:02) [GCC 7.5.0]
JAX           0.2.27 @/mnt/data1/giung/venvs/jax0.2.27/lib/python3.7/site-packages/jax
jaxlib        0.1.75 @/mnt/data1/giung/venvs/jax0.2.27/lib/python3.7/site-packages/jaxlib
Flax          0.4.0 @/mnt/data1/giung/venvs/jax0.2.27/lib/python3.7/site-packages/flax
Optax         0.1.0 @/mnt/data1/giung/venvs/jax0.2.27/lib/python3.7/site-packages/optax
------------  ---------------------------------------------------------------------------

[2022-02-04 17:39:48,850][INFO] Command line arguments:
Namespace(batch_size=128, config_file='./configs/C10_WRN28x10-BN-ReLU_SGD.yaml', keep_every_n_checkpoints=None, learning_rate=0.1, num_epochs=200, num_warmup_epochs=5, opts=[], output_dir='./outputs/C10_WRN28x10-BN-ReLU/SGD/s42_e200_wd5e-4/', seed=42, weight_decay=0.0005)

[2022-02-04 17:39:48,850][INFO] Using a random seed 42

[2022-02-04 17:39:48,886][INFO] Unable to initialize backend 'tpu_driver': NOT_FOUND: Unable to find driver in registry given worker: 
[2022-02-04 17:39:49,251][INFO] Unable to initialize backend 'tpu': INVALID_ARGUMENT: TpuPlatform is not available.
[2022-02-04 17:39:57,121][INFO] Found no checkpoint files in outputs/C10_WRN28x10-BN-ReLU/SGD/s42_e200_wd5e-4
[2022-02-04 17:40:50,159][INFO] [Epoch   1/200] trn/acc1 3.68e-01, trn/loss 8.94e+00, trn/loss_ce 1.73e+00, trn/loss_wd 1.44e+04, trn/lr 9.97e-03
[2022-02-04 17:40:53,602][INFO] [Epoch   1/200] Validation: val/acc1 0.4740, val/loss_ce 1.4852
[2022-02-04 17:41:44,893][INFO] [Epoch   2/200] trn/acc1 5.84e-01, trn/loss 7.90e+00, trn/loss_ce 1.16e+00, trn/loss_wd 1.35e+04, trn/lr 3.00e-02
[2022-02-04 17:42:21,554][INFO] [Epoch   3/200] trn/acc1 6.76e-01, trn/loss 6.81e+00, trn/loss_ce 9.18e-01, trn/loss_wd 1.18e+04, trn/lr 5.00e-02
[2022-02-04 17:42:58,352][INFO] [Epoch   4/200] trn/acc1 7.32e-01, trn/loss 5.59e+00, trn/loss_ce 7.73e-01, trn/loss_wd 9.64e+03, trn/lr 7.00e-02
[2022-02-04 17:43:35,129][INFO] [Epoch   5/200] trn/acc1 7.66e-01, trn/loss 4.38e+00, trn/loss_ce 6.71e-01, trn/loss_wd 7.42e+03, trn/lr 9.00e-02
[2022-02-04 17:44:11,817][INFO] [Epoch   6/200] trn/acc1 8.02e-01, trn/loss 3.31e+00, trn/loss_ce 5.82e-01, trn/loss_wd 5.46e+03, trn/lr 1.00e-01
[2022-02-04 17:44:48,590][INFO] [Epoch   7/200] trn/acc1 8.19e-01, trn/loss 2.54e+00, trn/loss_ce 5.28e-01, trn/loss_wd 4.02e+03, trn/lr 1.00e-01
[2022-02-04 17:45:25,316][INFO] [Epoch   8/200] trn/acc1 8.33e-01, trn/loss 1.99e+00, trn/loss_ce 4.85e-01, trn/loss_wd 3.01e+03, trn/lr 1.00e-01
[2022-02-04 17:46:02,067][INFO] [Epoch   9/200] trn/acc1 8.46e-01, trn/loss 1.61e+00, trn/loss_ce 4.53e-01, trn/loss_wd 2.31e+03, trn/lr 9.99e-02
[2022-02-04 17:46:38,721][INFO] [Epoch  10/200] trn/acc1 8.53e-01, trn/loss 1.34e+00, trn/loss_ce 4.32e-01, trn/loss_wd 1.82e+03, trn/lr 9.99e-02
[2022-02-04 17:47:15,426][INFO] [Epoch  11/200] trn/acc1 8.58e-01, trn/loss 1.16e+00, trn/loss_ce 4.16e-01, trn/loss_wd 1.49e+03, trn/lr 9.98e-02
[2022-02-04 17:47:52,097][INFO] [Epoch  12/200] trn/acc1 8.64e-01, trn/loss 1.03e+00, trn/loss_ce 4.01e-01, trn/loss_wd 1.26e+03, trn/lr 9.97e-02
[2022-02-04 17:48:28,773][INFO] [Epoch  13/200] trn/acc1 8.66e-01, trn/loss 9.40e-01, trn/loss_ce 3.88e-01, trn/loss_wd 1.10e+03, trn/lr 9.96e-02
[2022-02-04 17:49:05,418][INFO] [Epoch  14/200] trn/acc1 8.69e-01, trn/loss 8.84e-01, trn/loss_ce 3.84e-01, trn/loss_wd 1.00e+03, trn/lr 9.95e-02
[2022-02-04 17:49:42,130][INFO] [Epoch  15/200] trn/acc1 8.71e-01, trn/loss 8.45e-01, trn/loss_ce 3.75e-01, trn/loss_wd 9.40e+02, trn/lr 9.94e-02
[2022-02-04 17:50:18,818][INFO] [Epoch  16/200] trn/acc1 8.73e-01, trn/loss 8.20e-01, trn/loss_ce 3.69e-01, trn/loss_wd 9.02e+02, trn/lr 9.93e-02
[2022-02-04 17:50:55,563][INFO] [Epoch  17/200] trn/acc1 8.76e-01, trn/loss 7.99e-01, trn/loss_ce 3.60e-01, trn/loss_wd 8.78e+02, trn/lr 9.91e-02
[2022-02-04 17:51:32,276][INFO] [Epoch  18/200] trn/acc1 8.81e-01, trn/loss 7.84e-01, trn/loss_ce 3.52e-01, trn/loss_wd 8.63e+02, trn/lr 9.90e-02
[2022-02-04 17:52:09,005][INFO] [Epoch  19/200] trn/acc1 8.82e-01, trn/loss 7.74e-01, trn/loss_ce 3.46e-01, trn/loss_wd 8.55e+02, trn/lr 9.88e-02
[2022-02-04 17:52:45,676][INFO] [Epoch  20/200] trn/acc1 8.84e-01, trn/loss 7.68e-01, trn/loss_ce 3.42e-01, trn/loss_wd 8.52e+02, trn/lr 9.86e-02
[2022-02-04 17:52:46,596][INFO] [Epoch  20/200] Validation: val/acc1 0.8340, val/loss_ce 0.5217
[2022-02-04 17:53:36,866][INFO] [Epoch  21/200] trn/acc1 8.87e-01, trn/loss 7.58e-01, trn/loss_ce 3.33e-01, trn/loss_wd 8.50e+02, trn/lr 9.84e-02
[2022-02-04 17:54:13,455][INFO] [Epoch  22/200] trn/acc1 8.89e-01, trn/loss 7.51e-01, trn/loss_ce 3.26e-01, trn/loss_wd 8.50e+02, trn/lr 9.82e-02
[2022-02-04 17:54:50,123][INFO] [Epoch  23/200] trn/acc1 8.91e-01, trn/loss 7.47e-01, trn/loss_ce 3.22e-01, trn/loss_wd 8.51e+02, trn/lr 9.80e-02
[2022-02-04 17:55:26,744][INFO] [Epoch  24/200] trn/acc1 8.96e-01, trn/loss 7.37e-01, trn/loss_ce 3.13e-01, trn/loss_wd 8.49e+02, trn/lr 9.78e-02
[2022-02-04 17:56:03,449][INFO] [Epoch  25/200] trn/acc1 8.92e-01, trn/loss 7.48e-01, trn/loss_ce 3.20e-01, trn/loss_wd 8.55e+02, trn/lr 9.76e-02
[2022-02-04 17:56:40,115][INFO] [Epoch  26/200] trn/acc1 8.93e-01, trn/loss 7.45e-01, trn/loss_ce 3.12e-01, trn/loss_wd 8.65e+02, trn/lr 9.73e-02
[2022-02-04 17:57:16,835][INFO] [Epoch  27/200] trn/acc1 8.97e-01, trn/loss 7.38e-01, trn/loss_ce 3.05e-01, trn/loss_wd 8.66e+02, trn/lr 9.70e-02
[2022-02-04 17:57:53,491][INFO] [Epoch  28/200] trn/acc1 8.95e-01, trn/loss 7.39e-01, trn/loss_ce 3.04e-01, trn/loss_wd 8.72e+02, trn/lr 9.68e-02
[2022-02-04 17:58:30,217][INFO] [Epoch  29/200] trn/acc1 8.97e-01, trn/loss 7.40e-01, trn/loss_ce 3.01e-01, trn/loss_wd 8.79e+02, trn/lr 9.65e-02
[2022-02-04 17:59:06,885][INFO] [Epoch  30/200] trn/acc1 8.98e-01, trn/loss 7.40e-01, trn/loss_ce 2.98e-01, trn/loss_wd 8.83e+02, trn/lr 9.62e-02
[2022-02-04 17:59:43,573][INFO] [Epoch  31/200] trn/acc1 9.00e-01, trn/loss 7.35e-01, trn/loss_ce 2.92e-01, trn/loss_wd 8.86e+02, trn/lr 9.58e-02
[2022-02-04 18:00:20,210][INFO] [Epoch  32/200] trn/acc1 9.00e-01, trn/loss 7.37e-01, trn/loss_ce 2.92e-01, trn/loss_wd 8.90e+02, trn/lr 9.55e-02
[2022-02-04 18:00:56,923][INFO] [Epoch  33/200] trn/acc1 9.02e-01, trn/loss 7.30e-01, trn/loss_ce 2.86e-01, trn/loss_wd 8.88e+02, trn/lr 9.52e-02
[2022-02-04 18:01:33,546][INFO] [Epoch  34/200] trn/acc1 9.02e-01, trn/loss 7.30e-01, trn/loss_ce 2.86e-01, trn/loss_wd 8.89e+02, trn/lr 9.48e-02
[2022-02-04 18:02:10,186][INFO] [Epoch  35/200] trn/acc1 9.04e-01, trn/loss 7.26e-01, trn/loss_ce 2.81e-01, trn/loss_wd 8.91e+02, trn/lr 9.45e-02
[2022-02-04 18:02:46,820][INFO] [Epoch  36/200] trn/acc1 9.03e-01, trn/loss 7.32e-01, trn/loss_ce 2.84e-01, trn/loss_wd 8.95e+02, trn/lr 9.41e-02
[2022-02-04 18:03:23,508][INFO] [Epoch  37/200] trn/acc1 9.05e-01, trn/loss 7.25e-01, trn/loss_ce 2.77e-01, trn/loss_wd 8.95e+02, trn/lr 9.37e-02
[2022-02-04 18:04:00,153][INFO] [Epoch  38/200] trn/acc1 9.07e-01, trn/loss 7.22e-01, trn/loss_ce 2.73e-01, trn/loss_wd 8.98e+02, trn/lr 9.33e-02
[2022-02-04 18:04:36,884][INFO] [Epoch  39/200] trn/acc1 9.08e-01, trn/loss 7.21e-01, trn/loss_ce 2.71e-01, trn/loss_wd 9.00e+02, trn/lr 9.29e-02
[2022-02-04 18:05:13,560][INFO] [Epoch  40/200] trn/acc1 9.08e-01, trn/loss 7.24e-01, trn/loss_ce 2.72e-01, trn/loss_wd 9.04e+02, trn/lr 9.25e-02
[2022-02-04 18:05:14,656][INFO] [Epoch  40/200] Validation: val/acc1 0.8216, val/loss_ce 0.5330
[2022-02-04 18:05:54,768][INFO] [Epoch  41/200] trn/acc1 9.08e-01, trn/loss 7.20e-01, trn/loss_ce 2.70e-01, trn/loss_wd 9.00e+02, trn/lr 9.20e-02
[2022-02-04 18:06:31,420][INFO] [Epoch  42/200] trn/acc1 9.10e-01, trn/loss 7.15e-01, trn/loss_ce 2.65e-01, trn/loss_wd 9.00e+02, trn/lr 9.16e-02
[2022-02-04 18:07:08,105][INFO] [Epoch  43/200] trn/acc1 9.12e-01, trn/loss 7.12e-01, trn/loss_ce 2.63e-01, trn/loss_wd 8.98e+02, trn/lr 9.11e-02
[2022-02-04 18:07:44,762][INFO] [Epoch  44/200] trn/acc1 9.10e-01, trn/loss 7.16e-01, trn/loss_ce 2.64e-01, trn/loss_wd 9.03e+02, trn/lr 9.07e-02
[2022-02-04 18:08:21,433][INFO] [Epoch  45/200] trn/acc1 9.13e-01, trn/loss 7.04e-01, trn/loss_ce 2.53e-01, trn/loss_wd 9.02e+02, trn/lr 9.02e-02
[2022-02-04 18:08:58,066][INFO] [Epoch  46/200] trn/acc1 9.11e-01, trn/loss 7.14e-01, trn/loss_ce 2.61e-01, trn/loss_wd 9.06e+02, trn/lr 8.97e-02
[2022-02-04 18:09:34,731][INFO] [Epoch  47/200] trn/acc1 9.13e-01, trn/loss 7.08e-01, trn/loss_ce 2.54e-01, trn/loss_wd 9.06e+02, trn/lr 8.92e-02
[2022-02-04 18:10:11,357][INFO] [Epoch  48/200] trn/acc1 9.14e-01, trn/loss 7.05e-01, trn/loss_ce 2.51e-01, trn/loss_wd 9.07e+02, trn/lr 8.87e-02
[2022-02-04 18:10:48,032][INFO] [Epoch  49/200] trn/acc1 9.15e-01, trn/loss 7.01e-01, trn/loss_ce 2.49e-01, trn/loss_wd 9.04e+02, trn/lr 8.82e-02
[2022-02-04 18:11:24,666][INFO] [Epoch  50/200] trn/acc1 9.15e-01, trn/loss 7.00e-01, trn/loss_ce 2.46e-01, trn/loss_wd 9.07e+02, trn/lr 8.77e-02
[2022-02-04 18:12:01,366][INFO] [Epoch  51/200] trn/acc1 9.16e-01, trn/loss 7.02e-01, trn/loss_ce 2.49e-01, trn/loss_wd 9.06e+02, trn/lr 8.72e-02
[2022-02-04 18:12:38,035][INFO] [Epoch  52/200] trn/acc1 9.13e-01, trn/loss 7.02e-01, trn/loss_ce 2.50e-01, trn/loss_wd 9.04e+02, trn/lr 8.66e-02
[2022-02-04 18:13:14,744][INFO] [Epoch  53/200] trn/acc1 9.18e-01, trn/loss 6.94e-01, trn/loss_ce 2.41e-01, trn/loss_wd 9.06e+02, trn/lr 8.61e-02
[2022-02-04 18:13:51,391][INFO] [Epoch  54/200] trn/acc1 9.18e-01, trn/loss 6.93e-01, trn/loss_ce 2.41e-01, trn/loss_wd 9.05e+02, trn/lr 8.55e-02
[2022-02-04 18:14:28,109][INFO] [Epoch  55/200] trn/acc1 9.20e-01, trn/loss 6.90e-01, trn/loss_ce 2.37e-01, trn/loss_wd 9.05e+02, trn/lr 8.49e-02
[2022-02-04 18:15:04,758][INFO] [Epoch  56/200] trn/acc1 9.19e-01, trn/loss 6.90e-01, trn/loss_ce 2.38e-01, trn/loss_wd 9.04e+02, trn/lr 8.43e-02
[2022-02-04 18:15:41,418][INFO] [Epoch  57/200] trn/acc1 9.19e-01, trn/loss 6.86e-01, trn/loss_ce 2.34e-01, trn/loss_wd 9.04e+02, trn/lr 8.38e-02
[2022-02-04 18:16:18,039][INFO] [Epoch  58/200] trn/acc1 9.20e-01, trn/loss 6.86e-01, trn/loss_ce 2.33e-01, trn/loss_wd 9.06e+02, trn/lr 8.32e-02
[2022-02-04 18:16:54,706][INFO] [Epoch  59/200] trn/acc1 9.20e-01, trn/loss 6.85e-01, trn/loss_ce 2.33e-01, trn/loss_wd 9.05e+02, trn/lr 8.25e-02
[2022-02-04 18:17:31,519][INFO] [Epoch  60/200] trn/acc1 9.22e-01, trn/loss 6.78e-01, trn/loss_ce 2.28e-01, trn/loss_wd 9.00e+02, trn/lr 8.19e-02
[2022-02-04 18:17:32,439][INFO] [Epoch  60/200] Validation: val/acc1 0.8460, val/loss_ce 0.4956
[2022-02-04 18:18:23,569][INFO] [Epoch  61/200] trn/acc1 9.23e-01, trn/loss 6.79e-01, trn/loss_ce 2.29e-01, trn/loss_wd 8.99e+02, trn/lr 8.13e-02
[2022-02-04 18:19:00,147][INFO] [Epoch  62/200] trn/acc1 9.24e-01, trn/loss 6.73e-01, trn/loss_ce 2.23e-01, trn/loss_wd 8.99e+02, trn/lr 8.07e-02
[2022-02-04 18:19:36,804][INFO] [Epoch  63/200] trn/acc1 9.24e-01, trn/loss 6.77e-01, trn/loss_ce 2.26e-01, trn/loss_wd 9.02e+02, trn/lr 8.00e-02
[2022-02-04 18:20:13,419][INFO] [Epoch  64/200] trn/acc1 9.25e-01, trn/loss 6.68e-01, trn/loss_ce 2.17e-01, trn/loss_wd 9.01e+02, trn/lr 7.94e-02
[2022-02-04 18:20:50,051][INFO] [Epoch  65/200] trn/acc1 9.26e-01, trn/loss 6.65e-01, trn/loss_ce 2.18e-01, trn/loss_wd 8.94e+02, trn/lr 7.87e-02
[2022-02-04 18:21:26,659][INFO] [Epoch  66/200] trn/acc1 9.26e-01, trn/loss 6.56e-01, trn/loss_ce 2.13e-01, trn/loss_wd 8.86e+02, trn/lr 7.81e-02
[2022-02-04 18:22:03,332][INFO] [Epoch  67/200] trn/acc1 9.27e-01, trn/loss 6.57e-01, trn/loss_ce 2.14e-01, trn/loss_wd 8.84e+02, trn/lr 7.74e-02
[2022-02-04 18:22:39,951][INFO] [Epoch  68/200] trn/acc1 9.26e-01, trn/loss 6.54e-01, trn/loss_ce 2.13e-01, trn/loss_wd 8.81e+02, trn/lr 7.67e-02
[2022-02-04 18:23:16,606][INFO] [Epoch  69/200] trn/acc1 9.30e-01, trn/loss 6.50e-01, trn/loss_ce 2.09e-01, trn/loss_wd 8.82e+02, trn/lr 7.60e-02
[2022-02-04 18:23:53,217][INFO] [Epoch  70/200] trn/acc1 9.28e-01, trn/loss 6.54e-01, trn/loss_ce 2.13e-01, trn/loss_wd 8.83e+02, trn/lr 7.53e-02
[2022-02-04 18:24:29,858][INFO] [Epoch  71/200] trn/acc1 9.28e-01, trn/loss 6.50e-01, trn/loss_ce 2.09e-01, trn/loss_wd 8.83e+02, trn/lr 7.47e-02
[2022-02-04 18:25:06,514][INFO] [Epoch  72/200] trn/acc1 9.30e-01, trn/loss 6.46e-01, trn/loss_ce 2.05e-01, trn/loss_wd 8.83e+02, trn/lr 7.39e-02
[2022-02-04 18:25:43,163][INFO] [Epoch  73/200] trn/acc1 9.31e-01, trn/loss 6.44e-01, trn/loss_ce 2.04e-01, trn/loss_wd 8.80e+02, trn/lr 7.32e-02
[2022-02-04 18:26:19,782][INFO] [Epoch  74/200] trn/acc1 9.30e-01, trn/loss 6.44e-01, trn/loss_ce 2.06e-01, trn/loss_wd 8.77e+02, trn/lr 7.25e-02
[2022-02-04 18:26:56,439][INFO] [Epoch  75/200] trn/acc1 9.32e-01, trn/loss 6.36e-01, trn/loss_ce 1.98e-01, trn/loss_wd 8.75e+02, trn/lr 7.18e-02
[2022-02-04 18:27:33,060][INFO] [Epoch  76/200] trn/acc1 9.35e-01, trn/loss 6.33e-01, trn/loss_ce 1.95e-01, trn/loss_wd 8.76e+02, trn/lr 7.11e-02
[2022-02-04 18:28:09,702][INFO] [Epoch  77/200] trn/acc1 9.34e-01, trn/loss 6.28e-01, trn/loss_ce 1.93e-01, trn/loss_wd 8.70e+02, trn/lr 7.03e-02
[2022-02-04 18:28:46,317][INFO] [Epoch  78/200] trn/acc1 9.33e-01, trn/loss 6.29e-01, trn/loss_ce 1.96e-01, trn/loss_wd 8.67e+02, trn/lr 6.96e-02
[2022-02-04 18:29:22,981][INFO] [Epoch  79/200] trn/acc1 9.35e-01, trn/loss 6.23e-01, trn/loss_ce 1.90e-01, trn/loss_wd 8.66e+02, trn/lr 6.89e-02
[2022-02-04 18:29:59,575][INFO] [Epoch  80/200] trn/acc1 9.36e-01, trn/loss 6.24e-01, trn/loss_ce 1.91e-01, trn/loss_wd 8.65e+02, trn/lr 6.81e-02
[2022-02-04 18:30:00,495][INFO] [Epoch  80/200] Validation: val/acc1 0.8736, val/loss_ce 0.4293
[2022-02-04 18:30:48,338][INFO] [Epoch  81/200] trn/acc1 9.36e-01, trn/loss 6.18e-01, trn/loss_ce 1.86e-01, trn/loss_wd 8.64e+02, trn/lr 6.74e-02
[2022-02-04 18:31:24,941][INFO] [Epoch  82/200] trn/acc1 9.36e-01, trn/loss 6.19e-01, trn/loss_ce 1.87e-01, trn/loss_wd 8.63e+02, trn/lr 6.66e-02
[2022-02-04 18:32:01,626][INFO] [Epoch  83/200] trn/acc1 9.40e-01, trn/loss 6.08e-01, trn/loss_ce 1.79e-01, trn/loss_wd 8.58e+02, trn/lr 6.58e-02
[2022-02-04 18:32:38,258][INFO] [Epoch  84/200] trn/acc1 9.40e-01, trn/loss 6.03e-01, trn/loss_ce 1.77e-01, trn/loss_wd 8.51e+02, trn/lr 6.51e-02
[2022-02-04 18:33:14,936][INFO] [Epoch  85/200] trn/acc1 9.40e-01, trn/loss 6.05e-01, trn/loss_ce 1.80e-01, trn/loss_wd 8.50e+02, trn/lr 6.43e-02
[2022-02-04 18:33:51,588][INFO] [Epoch  86/200] trn/acc1 9.39e-01, trn/loss 6.00e-01, trn/loss_ce 1.77e-01, trn/loss_wd 8.46e+02, trn/lr 6.35e-02
[2022-02-04 18:34:28,276][INFO] [Epoch  87/200] trn/acc1 9.40e-01, trn/loss 5.98e-01, trn/loss_ce 1.75e-01, trn/loss_wd 8.45e+02, trn/lr 6.27e-02
[2022-02-04 18:35:04,927][INFO] [Epoch  88/200] trn/acc1 9.43e-01, trn/loss 5.89e-01, trn/loss_ce 1.67e-01, trn/loss_wd 8.44e+02, trn/lr 6.20e-02
[2022-02-04 18:35:41,567][INFO] [Epoch  89/200] trn/acc1 9.45e-01, trn/loss 5.82e-01, trn/loss_ce 1.64e-01, trn/loss_wd 8.37e+02, trn/lr 6.12e-02
[2022-02-04 18:36:18,209][INFO] [Epoch  90/200] trn/acc1 9.42e-01, trn/loss 5.87e-01, trn/loss_ce 1.69e-01, trn/loss_wd 8.34e+02, trn/lr 6.04e-02
[2022-02-04 18:36:54,860][INFO] [Epoch  91/200] trn/acc1 9.43e-01, trn/loss 5.86e-01, trn/loss_ce 1.68e-01, trn/loss_wd 8.35e+02, trn/lr 5.96e-02
[2022-02-04 18:37:31,498][INFO] [Epoch  92/200] trn/acc1 9.46e-01, trn/loss 5.77e-01, trn/loss_ce 1.61e-01, trn/loss_wd 8.31e+02, trn/lr 5.88e-02
[2022-02-04 18:38:08,212][INFO] [Epoch  93/200] trn/acc1 9.47e-01, trn/loss 5.72e-01, trn/loss_ce 1.59e-01, trn/loss_wd 8.26e+02, trn/lr 5.80e-02
[2022-02-04 18:38:44,863][INFO] [Epoch  94/200] trn/acc1 9.47e-01, trn/loss 5.68e-01, trn/loss_ce 1.58e-01, trn/loss_wd 8.20e+02, trn/lr 5.72e-02
[2022-02-04 18:39:21,545][INFO] [Epoch  95/200] trn/acc1 9.47e-01, trn/loss 5.62e-01, trn/loss_ce 1.54e-01, trn/loss_wd 8.16e+02, trn/lr 5.64e-02
[2022-02-04 18:39:58,164][INFO] [Epoch  96/200] trn/acc1 9.48e-01, trn/loss 5.58e-01, trn/loss_ce 1.52e-01, trn/loss_wd 8.12e+02, trn/lr 5.56e-02
[2022-02-04 18:40:34,857][INFO] [Epoch  97/200] trn/acc1 9.49e-01, trn/loss 5.50e-01, trn/loss_ce 1.48e-01, trn/loss_wd 8.04e+02, trn/lr 5.48e-02
[2022-02-04 18:41:11,530][INFO] [Epoch  98/200] trn/acc1 9.49e-01, trn/loss 5.50e-01, trn/loss_ce 1.49e-01, trn/loss_wd 8.02e+02, trn/lr 5.40e-02
[2022-02-04 18:41:48,251][INFO] [Epoch  99/200] trn/acc1 9.51e-01, trn/loss 5.44e-01, trn/loss_ce 1.44e-01, trn/loss_wd 8.00e+02, trn/lr 5.32e-02
[2022-02-04 18:42:24,906][INFO] [Epoch 100/200] trn/acc1 9.51e-01, trn/loss 5.38e-01, trn/loss_ce 1.40e-01, trn/loss_wd 7.97e+02, trn/lr 5.24e-02
[2022-02-04 18:42:25,826][INFO] [Epoch 100/200] Validation: val/acc1 0.8864, val/loss_ce 0.3997
[2022-02-04 18:43:17,273][INFO] [Epoch 101/200] trn/acc1 9.52e-01, trn/loss 5.38e-01, trn/loss_ce 1.42e-01, trn/loss_wd 7.93e+02, trn/lr 5.16e-02
[2022-02-04 18:43:53,897][INFO] [Epoch 102/200] trn/acc1 9.53e-01, trn/loss 5.33e-01, trn/loss_ce 1.38e-01, trn/loss_wd 7.92e+02, trn/lr 5.08e-02
[2022-02-04 18:44:30,621][INFO] [Epoch 103/200] trn/acc1 9.54e-01, trn/loss 5.28e-01, trn/loss_ce 1.34e-01, trn/loss_wd 7.87e+02, trn/lr 5.00e-02
[2022-02-04 18:45:07,279][INFO] [Epoch 104/200] trn/acc1 9.54e-01, trn/loss 5.27e-01, trn/loss_ce 1.35e-01, trn/loss_wd 7.83e+02, trn/lr 4.92e-02
[2022-02-04 18:45:44,009][INFO] [Epoch 105/200] trn/acc1 9.55e-01, trn/loss 5.21e-01, trn/loss_ce 1.32e-01, trn/loss_wd 7.78e+02, trn/lr 4.84e-02
[2022-02-04 18:46:20,665][INFO] [Epoch 106/200] trn/acc1 9.59e-01, trn/loss 5.06e-01, trn/loss_ce 1.22e-01, trn/loss_wd 7.67e+02, trn/lr 4.76e-02
[2022-02-04 18:46:57,411][INFO] [Epoch 107/200] trn/acc1 9.59e-01, trn/loss 5.04e-01, trn/loss_ce 1.24e-01, trn/loss_wd 7.59e+02, trn/lr 4.68e-02
[2022-02-04 18:47:34,069][INFO] [Epoch 108/200] trn/acc1 9.60e-01, trn/loss 4.99e-01, trn/loss_ce 1.22e-01, trn/loss_wd 7.54e+02, trn/lr 4.60e-02
[2022-02-04 18:48:10,782][INFO] [Epoch 109/200] trn/acc1 9.60e-01, trn/loss 4.96e-01, trn/loss_ce 1.22e-01, trn/loss_wd 7.48e+02, trn/lr 4.52e-02
[2022-02-04 18:48:47,450][INFO] [Epoch 110/200] trn/acc1 9.62e-01, trn/loss 4.87e-01, trn/loss_ce 1.16e-01, trn/loss_wd 7.43e+02, trn/lr 4.44e-02
[2022-02-04 18:49:24,167][INFO] [Epoch 111/200] trn/acc1 9.62e-01, trn/loss 4.83e-01, trn/loss_ce 1.15e-01, trn/loss_wd 7.36e+02, trn/lr 4.36e-02
[2022-02-04 18:50:00,814][INFO] [Epoch 112/200] trn/acc1 9.63e-01, trn/loss 4.78e-01, trn/loss_ce 1.13e-01, trn/loss_wd 7.30e+02, trn/lr 4.28e-02
[2022-02-04 18:50:37,519][INFO] [Epoch 113/200] trn/acc1 9.62e-01, trn/loss 4.77e-01, trn/loss_ce 1.14e-01, trn/loss_wd 7.26e+02, trn/lr 4.20e-02
[2022-02-04 18:51:14,167][INFO] [Epoch 114/200] trn/acc1 9.63e-01, trn/loss 4.72e-01, trn/loss_ce 1.10e-01, trn/loss_wd 7.23e+02, trn/lr 4.12e-02
[2022-02-04 18:51:50,852][INFO] [Epoch 115/200] trn/acc1 9.63e-01, trn/loss 4.68e-01, trn/loss_ce 1.08e-01, trn/loss_wd 7.19e+02, trn/lr 4.04e-02
[2022-02-04 18:52:27,494][INFO] [Epoch 116/200] trn/acc1 9.66e-01, trn/loss 4.60e-01, trn/loss_ce 1.03e-01, trn/loss_wd 7.14e+02, trn/lr 3.96e-02
[2022-02-04 18:53:04,160][INFO] [Epoch 117/200] trn/acc1 9.67e-01, trn/loss 4.50e-01, trn/loss_ce 9.75e-02, trn/loss_wd 7.05e+02, trn/lr 3.88e-02
[2022-02-04 18:53:40,805][INFO] [Epoch 118/200] trn/acc1 9.67e-01, trn/loss 4.48e-01, trn/loss_ce 9.87e-02, trn/loss_wd 6.98e+02, trn/lr 3.80e-02
[2022-02-04 18:54:17,430][INFO] [Epoch 119/200] trn/acc1 9.67e-01, trn/loss 4.45e-01, trn/loss_ce 9.75e-02, trn/loss_wd 6.95e+02, trn/lr 3.73e-02
[2022-02-04 18:54:54,083][INFO] [Epoch 120/200] trn/acc1 9.68e-01, trn/loss 4.38e-01, trn/loss_ce 9.39e-02, trn/loss_wd 6.88e+02, trn/lr 3.65e-02
[2022-02-04 18:54:54,999][INFO] [Epoch 120/200] Validation: val/acc1 0.9164, val/loss_ce 0.2821
[2022-02-04 18:55:45,593][INFO] [Epoch 121/200] trn/acc1 9.68e-01, trn/loss 4.36e-01, trn/loss_ce 9.47e-02, trn/loss_wd 6.83e+02, trn/lr 3.57e-02
[2022-02-04 18:56:22,235][INFO] [Epoch 122/200] trn/acc1 9.69e-01, trn/loss 4.28e-01, trn/loss_ce 8.97e-02, trn/loss_wd 6.76e+02, trn/lr 3.49e-02
[2022-02-04 18:56:58,945][INFO] [Epoch 123/200] trn/acc1 9.73e-01, trn/loss 4.17e-01, trn/loss_ce 8.30e-02, trn/loss_wd 6.67e+02, trn/lr 3.42e-02
[2022-02-04 18:57:35,637][INFO] [Epoch 124/200] trn/acc1 9.72e-01, trn/loss 4.16e-01, trn/loss_ce 8.53e-02, trn/loss_wd 6.61e+02, trn/lr 3.34e-02
[2022-02-04 18:58:12,386][INFO] [Epoch 125/200] trn/acc1 9.74e-01, trn/loss 4.07e-01, trn/loss_ce 7.91e-02, trn/loss_wd 6.55e+02, trn/lr 3.26e-02
[2022-02-04 18:58:49,033][INFO] [Epoch 126/200] trn/acc1 9.73e-01, trn/loss 4.06e-01, trn/loss_ce 8.17e-02, trn/loss_wd 6.49e+02, trn/lr 3.19e-02
[2022-02-04 18:59:25,721][INFO] [Epoch 127/200] trn/acc1 9.74e-01, trn/loss 3.98e-01, trn/loss_ce 7.66e-02, trn/loss_wd 6.42e+02, trn/lr 3.11e-02
[2022-02-04 19:00:02,372][INFO] [Epoch 128/200] trn/acc1 9.76e-01, trn/loss 3.91e-01, trn/loss_ce 7.44e-02, trn/loss_wd 6.33e+02, trn/lr 3.04e-02
[2022-02-04 19:00:39,078][INFO] [Epoch 129/200] trn/acc1 9.75e-01, trn/loss 3.87e-01, trn/loss_ce 7.45e-02, trn/loss_wd 6.25e+02, trn/lr 2.97e-02
[2022-02-04 19:01:15,747][INFO] [Epoch 130/200] trn/acc1 9.78e-01, trn/loss 3.75e-01, trn/loss_ce 6.65e-02, trn/loss_wd 6.18e+02, trn/lr 2.89e-02
[2022-02-04 19:01:52,398][INFO] [Epoch 131/200] trn/acc1 9.78e-01, trn/loss 3.74e-01, trn/loss_ce 6.86e-02, trn/loss_wd 6.10e+02, trn/lr 2.82e-02
[2022-02-04 19:02:29,021][INFO] [Epoch 132/200] trn/acc1 9.77e-01, trn/loss 3.68e-01, trn/loss_ce 6.72e-02, trn/loss_wd 6.02e+02, trn/lr 2.75e-02
[2022-02-04 19:03:05,860][INFO] [Epoch 133/200] trn/acc1 9.79e-01, trn/loss 3.65e-01, trn/loss_ce 6.66e-02, trn/loss_wd 5.98e+02, trn/lr 2.68e-02
[2022-02-04 19:03:42,467][INFO] [Epoch 134/200] trn/acc1 9.80e-01, trn/loss 3.55e-01, trn/loss_ce 6.10e-02, trn/loss_wd 5.88e+02, trn/lr 2.61e-02
[2022-02-04 19:04:19,140][INFO] [Epoch 135/200] trn/acc1 9.83e-01, trn/loss 3.42e-01, trn/loss_ce 5.33e-02, trn/loss_wd 5.77e+02, trn/lr 2.54e-02
[2022-02-04 19:04:55,792][INFO] [Epoch 136/200] trn/acc1 9.81e-01, trn/loss 3.42e-01, trn/loss_ce 5.84e-02, trn/loss_wd 5.68e+02, trn/lr 2.47e-02
[2022-02-04 19:05:32,502][INFO] [Epoch 137/200] trn/acc1 9.82e-01, trn/loss 3.37e-01, trn/loss_ce 5.73e-02, trn/loss_wd 5.60e+02, trn/lr 2.40e-02
[2022-02-04 19:06:09,160][INFO] [Epoch 138/200] trn/acc1 9.85e-01, trn/loss 3.21e-01, trn/loss_ce 4.63e-02, trn/loss_wd 5.50e+02, trn/lr 2.33e-02
[2022-02-04 19:06:46,129][INFO] [Epoch 139/200] trn/acc1 9.84e-01, trn/loss 3.19e-01, trn/loss_ce 4.93e-02, trn/loss_wd 5.40e+02, trn/lr 2.26e-02
[2022-02-04 19:07:22,775][INFO] [Epoch 140/200] trn/acc1 9.87e-01, trn/loss 3.08e-01, trn/loss_ce 4.24e-02, trn/loss_wd 5.31e+02, trn/lr 2.19e-02
[2022-02-04 19:07:23,694][INFO] [Epoch 140/200] Validation: val/acc1 0.9260, val/loss_ce 0.2765
[2022-02-04 19:08:11,952][INFO] [Epoch 141/200] trn/acc1 9.82e-01, trn/loss 3.14e-01, trn/loss_ce 5.23e-02, trn/loss_wd 5.23e+02, trn/lr 2.13e-02
[2022-02-04 19:08:48,534][INFO] [Epoch 142/200] trn/acc1 9.86e-01, trn/loss 3.02e-01, trn/loss_ce 4.38e-02, trn/loss_wd 5.17e+02, trn/lr 2.06e-02
[2022-02-04 19:09:25,155][INFO] [Epoch 143/200] trn/acc1 9.87e-01, trn/loss 2.98e-01, trn/loss_ce 4.36e-02, trn/loss_wd 5.09e+02, trn/lr 2.00e-02
[2022-02-04 19:10:01,785][INFO] [Epoch 144/200] trn/acc1 9.89e-01, trn/loss 2.87e-01, trn/loss_ce 3.66e-02, trn/loss_wd 5.01e+02, trn/lr 1.93e-02
[2022-02-04 19:10:38,454][INFO] [Epoch 145/200] trn/acc1 9.89e-01, trn/loss 2.82e-01, trn/loss_ce 3.68e-02, trn/loss_wd 4.90e+02, trn/lr 1.87e-02
[2022-02-04 19:11:15,128][INFO] [Epoch 146/200] trn/acc1 9.89e-01, trn/loss 2.76e-01, trn/loss_ce 3.46e-02, trn/loss_wd 4.82e+02, trn/lr 1.81e-02
[2022-02-04 19:11:51,848][INFO] [Epoch 147/200] trn/acc1 9.89e-01, trn/loss 2.73e-01, trn/loss_ce 3.63e-02, trn/loss_wd 4.73e+02, trn/lr 1.75e-02
[2022-02-04 19:12:28,506][INFO] [Epoch 148/200] trn/acc1 9.92e-01, trn/loss 2.61e-01, trn/loss_ce 2.83e-02, trn/loss_wd 4.65e+02, trn/lr 1.68e-02
[2022-02-04 19:13:05,222][INFO] [Epoch 149/200] trn/acc1 9.91e-01, trn/loss 2.56e-01, trn/loss_ce 2.88e-02, trn/loss_wd 4.54e+02, trn/lr 1.62e-02
[2022-02-04 19:13:41,876][INFO] [Epoch 150/200] trn/acc1 9.91e-01, trn/loss 2.50e-01, trn/loss_ce 2.74e-02, trn/loss_wd 4.46e+02, trn/lr 1.57e-02
[2022-02-04 19:14:18,549][INFO] [Epoch 151/200] trn/acc1 9.93e-01, trn/loss 2.42e-01, trn/loss_ce 2.43e-02, trn/loss_wd 4.36e+02, trn/lr 1.51e-02
[2022-02-04 19:14:55,199][INFO] [Epoch 152/200] trn/acc1 9.92e-01, trn/loss 2.39e-01, trn/loss_ce 2.53e-02, trn/loss_wd 4.27e+02, trn/lr 1.45e-02
[2022-02-04 19:15:31,868][INFO] [Epoch 153/200] trn/acc1 9.94e-01, trn/loss 2.31e-01, trn/loss_ce 2.19e-02, trn/loss_wd 4.18e+02, trn/lr 1.39e-02
[2022-02-04 19:16:08,523][INFO] [Epoch 154/200] trn/acc1 9.96e-01, trn/loss 2.21e-01, trn/loss_ce 1.68e-02, trn/loss_wd 4.08e+02, trn/lr 1.34e-02
[2022-02-04 19:16:45,231][INFO] [Epoch 155/200] trn/acc1 9.94e-01, trn/loss 2.18e-01, trn/loss_ce 1.86e-02, trn/loss_wd 3.98e+02, trn/lr 1.28e-02
[2022-02-04 19:17:21,886][INFO] [Epoch 156/200] trn/acc1 9.96e-01, trn/loss 2.09e-01, trn/loss_ce 1.47e-02, trn/loss_wd 3.89e+02, trn/lr 1.23e-02
[2022-02-04 19:17:58,566][INFO] [Epoch 157/200] trn/acc1 9.95e-01, trn/loss 2.10e-01, trn/loss_ce 1.93e-02, trn/loss_wd 3.81e+02, trn/lr 1.18e-02
[2022-02-04 19:18:35,218][INFO] [Epoch 158/200] trn/acc1 9.96e-01, trn/loss 2.00e-01, trn/loss_ce 1.37e-02, trn/loss_wd 3.73e+02, trn/lr 1.13e-02
[2022-02-04 19:19:11,935][INFO] [Epoch 159/200] trn/acc1 9.97e-01, trn/loss 1.93e-01, trn/loss_ce 1.12e-02, trn/loss_wd 3.64e+02, trn/lr 1.08e-02
[2022-02-04 19:19:48,602][INFO] [Epoch 160/200] trn/acc1 9.97e-01, trn/loss 1.91e-01, trn/loss_ce 1.23e-02, trn/loss_wd 3.57e+02, trn/lr 1.03e-02
[2022-02-04 19:19:49,522][INFO] [Epoch 160/200] Validation: val/acc1 0.9536, val/loss_ce 0.2040
[2022-02-04 19:20:40,511][INFO] [Epoch 161/200] trn/acc1 9.98e-01, trn/loss 1.83e-01, trn/loss_ce 9.23e-03, trn/loss_wd 3.48e+02, trn/lr 9.79e-03
[2022-02-04 19:21:17,108][INFO] [Epoch 162/200] trn/acc1 9.98e-01, trn/loss 1.80e-01, trn/loss_ce 9.66e-03, trn/loss_wd 3.41e+02, trn/lr 9.31e-03
[2022-02-04 19:21:53,766][INFO] [Epoch 163/200] trn/acc1 9.98e-01, trn/loss 1.74e-01, trn/loss_ce 7.43e-03, trn/loss_wd 3.33e+02, trn/lr 8.85e-03
[2022-02-04 19:22:30,413][INFO] [Epoch 164/200] trn/acc1 9.99e-01, trn/loss 1.68e-01, trn/loss_ce 5.44e-03, trn/loss_wd 3.26e+02, trn/lr 8.40e-03
[2022-02-04 19:23:07,036][INFO] [Epoch 165/200] trn/acc1 9.99e-01, trn/loss 1.63e-01, trn/loss_ce 3.74e-03, trn/loss_wd 3.18e+02, trn/lr 7.96e-03
[2022-02-04 19:23:43,650][INFO] [Epoch 166/200] trn/acc1 9.99e-01, trn/loss 1.59e-01, trn/loss_ce 3.68e-03, trn/loss_wd 3.11e+02, trn/lr 7.53e-03
[2022-02-04 19:24:20,314][INFO] [Epoch 167/200] trn/acc1 1.00e+00, trn/loss 1.55e-01, trn/loss_ce 2.67e-03, trn/loss_wd 3.04e+02, trn/lr 7.11e-03
[2022-02-04 19:24:56,965][INFO] [Epoch 168/200] trn/acc1 1.00e+00, trn/loss 1.52e-01, trn/loss_ce 3.06e-03, trn/loss_wd 2.98e+02, trn/lr 6.70e-03
[2022-02-04 19:25:33,658][INFO] [Epoch 169/200] trn/acc1 1.00e+00, trn/loss 1.49e-01, trn/loss_ce 2.67e-03, trn/loss_wd 2.92e+02, trn/lr 6.30e-03
[2022-02-04 19:26:10,300][INFO] [Epoch 170/200] trn/acc1 1.00e+00, trn/loss 1.45e-01, trn/loss_ce 2.16e-03, trn/loss_wd 2.86e+02, trn/lr 5.92e-03
[2022-02-04 19:26:46,991][INFO] [Epoch 171/200] trn/acc1 1.00e+00, trn/loss 1.43e-01, trn/loss_ce 2.13e-03, trn/loss_wd 2.81e+02, trn/lr 5.54e-03
[2022-02-04 19:27:23,656][INFO] [Epoch 172/200] trn/acc1 1.00e+00, trn/loss 1.40e-01, trn/loss_ce 2.08e-03, trn/loss_wd 2.76e+02, trn/lr 5.18e-03
[2022-02-04 19:28:00,334][INFO] [Epoch 173/200] trn/acc1 1.00e+00, trn/loss 1.38e-01, trn/loss_ce 2.20e-03, trn/loss_wd 2.72e+02, trn/lr 4.83e-03
[2022-02-04 19:28:36,945][INFO] [Epoch 174/200] trn/acc1 1.00e+00, trn/loss 1.36e-01, trn/loss_ce 1.77e-03, trn/loss_wd 2.68e+02, trn/lr 4.49e-03
[2022-02-04 19:29:13,605][INFO] [Epoch 175/200] trn/acc1 1.00e+00, trn/loss 1.34e-01, trn/loss_ce 1.71e-03, trn/loss_wd 2.64e+02, trn/lr 4.16e-03
[2022-02-04 19:29:50,209][INFO] [Epoch 176/200] trn/acc1 1.00e+00, trn/loss 1.32e-01, trn/loss_ce 1.63e-03, trn/loss_wd 2.61e+02, trn/lr 3.85e-03
[2022-02-04 19:30:26,895][INFO] [Epoch 177/200] trn/acc1 1.00e+00, trn/loss 1.31e-01, trn/loss_ce 1.77e-03, trn/loss_wd 2.58e+02, trn/lr 3.54e-03
[2022-02-04 19:31:03,510][INFO] [Epoch 178/200] trn/acc1 1.00e+00, trn/loss 1.29e-01, trn/loss_ce 1.64e-03, trn/loss_wd 2.55e+02, trn/lr 3.25e-03
[2022-02-04 19:31:40,145][INFO] [Epoch 179/200] trn/acc1 1.00e+00, trn/loss 1.28e-01, trn/loss_ce 1.53e-03, trn/loss_wd 2.53e+02, trn/lr 2.97e-03
[2022-02-04 19:32:16,789][INFO] [Epoch 180/200] trn/acc1 1.00e+00, trn/loss 1.27e-01, trn/loss_ce 1.64e-03, trn/loss_wd 2.50e+02, trn/lr 2.70e-03
[2022-02-04 19:32:17,714][INFO] [Epoch 180/200] Validation: val/acc1 0.9640, val/loss_ce 0.1614
[2022-02-04 19:33:09,619][INFO] [Epoch 181/200] trn/acc1 1.00e+00, trn/loss 1.26e-01, trn/loss_ce 1.50e-03, trn/loss_wd 2.48e+02, trn/lr 2.45e-03
[2022-02-04 19:33:10,536][INFO] [Epoch 181/200] Validation: val/acc1 0.9632, val/loss_ce 0.1555
[2022-02-04 19:33:56,197][INFO] [Epoch 182/200] trn/acc1 1.00e+00, trn/loss 1.25e-01, trn/loss_ce 1.53e-03, trn/loss_wd 2.47e+02, trn/lr 2.21e-03
[2022-02-04 19:33:57,113][INFO] [Epoch 182/200] Validation: val/acc1 0.9636, val/loss_ce 0.1577
[2022-02-04 19:34:37,266][INFO] [Epoch 183/200] trn/acc1 1.00e+00, trn/loss 1.24e-01, trn/loss_ce 1.58e-03, trn/loss_wd 2.45e+02, trn/lr 1.97e-03
[2022-02-04 19:34:38,191][INFO] [Epoch 183/200] Validation: val/acc1 0.9644, val/loss_ce 0.1574
[2022-02-04 19:35:23,560][INFO] [Epoch 184/200] trn/acc1 1.00e+00, trn/loss 1.23e-01, trn/loss_ce 1.51e-03, trn/loss_wd 2.44e+02, trn/lr 1.76e-03
[2022-02-04 19:35:24,477][INFO] [Epoch 184/200] Validation: val/acc1 0.9628, val/loss_ce 0.1584
[2022-02-04 19:36:04,877][INFO] [Epoch 185/200] trn/acc1 1.00e+00, trn/loss 1.23e-01, trn/loss_ce 1.52e-03, trn/loss_wd 2.42e+02, trn/lr 1.55e-03
[2022-02-04 19:36:05,796][INFO] [Epoch 185/200] Validation: val/acc1 0.9652, val/loss_ce 0.1582
[2022-02-04 19:36:51,608][INFO] [Epoch 186/200] trn/acc1 1.00e+00, trn/loss 1.22e-01, trn/loss_ce 1.48e-03, trn/loss_wd 2.41e+02, trn/lr 1.36e-03
[2022-02-04 19:36:52,527][INFO] [Epoch 186/200] Validation: val/acc1 0.9632, val/loss_ce 0.1554
[2022-02-04 19:37:38,367][INFO] [Epoch 187/200] trn/acc1 1.00e+00, trn/loss 1.22e-01, trn/loss_ce 1.55e-03, trn/loss_wd 2.40e+02, trn/lr 1.18e-03
[2022-02-04 19:37:39,285][INFO] [Epoch 187/200] Validation: val/acc1 0.9628, val/loss_ce 0.1548
[2022-02-04 19:38:24,794][INFO] [Epoch 188/200] trn/acc1 1.00e+00, trn/loss 1.21e-01, trn/loss_ce 1.53e-03, trn/loss_wd 2.39e+02, trn/lr 1.01e-03
[2022-02-04 19:38:25,792][INFO] [Epoch 188/200] Validation: val/acc1 0.9648, val/loss_ce 0.1539
[2022-02-04 19:39:11,236][INFO] [Epoch 189/200] trn/acc1 1.00e+00, trn/loss 1.21e-01, trn/loss_ce 1.48e-03, trn/loss_wd 2.39e+02, trn/lr 8.56e-04
[2022-02-04 19:39:12,152][INFO] [Epoch 189/200] Validation: val/acc1 0.9628, val/loss_ce 0.1528
[2022-02-04 19:39:57,507][INFO] [Epoch 190/200] trn/acc1 1.00e+00, trn/loss 1.21e-01, trn/loss_ce 1.54e-03, trn/loss_wd 2.38e+02, trn/lr 7.14e-04
[2022-02-04 19:39:58,423][INFO] [Epoch 190/200] Validation: val/acc1 0.9628, val/loss_ce 0.1533
[2022-02-04 19:40:38,347][INFO] [Epoch 191/200] trn/acc1 1.00e+00, trn/loss 1.20e-01, trn/loss_ce 1.52e-03, trn/loss_wd 2.38e+02, trn/lr 5.85e-04
[2022-02-04 19:40:39,265][INFO] [Epoch 191/200] Validation: val/acc1 0.9640, val/loss_ce 0.1538
[2022-02-04 19:41:19,126][INFO] [Epoch 192/200] trn/acc1 1.00e+00, trn/loss 1.20e-01, trn/loss_ce 1.47e-03, trn/loss_wd 2.37e+02, trn/lr 4.69e-04
[2022-02-04 19:41:20,042][INFO] [Epoch 192/200] Validation: val/acc1 0.9632, val/loss_ce 0.1544
[2022-02-04 19:42:00,179][INFO] [Epoch 193/200] trn/acc1 1.00e+00, trn/loss 1.20e-01, trn/loss_ce 1.55e-03, trn/loss_wd 2.37e+02, trn/lr 3.65e-04
[2022-02-04 19:42:01,097][INFO] [Epoch 193/200] Validation: val/acc1 0.9632, val/loss_ce 0.1541
[2022-02-04 19:42:41,059][INFO] [Epoch 194/200] trn/acc1 1.00e+00, trn/loss 1.20e-01, trn/loss_ce 1.52e-03, trn/loss_wd 2.37e+02, trn/lr 2.75e-04
[2022-02-04 19:42:41,979][INFO] [Epoch 194/200] Validation: val/acc1 0.9640, val/loss_ce 0.1552
[2022-02-04 19:43:21,930][INFO] [Epoch 195/200] trn/acc1 1.00e+00, trn/loss 1.20e-01, trn/loss_ce 1.47e-03, trn/loss_wd 2.36e+02, trn/lr 1.97e-04
[2022-02-04 19:43:22,846][INFO] [Epoch 195/200] Validation: val/acc1 0.9628, val/loss_ce 0.1544
[2022-02-04 19:44:02,964][INFO] [Epoch 196/200] trn/acc1 1.00e+00, trn/loss 1.20e-01, trn/loss_ce 1.48e-03, trn/loss_wd 2.36e+02, trn/lr 1.32e-04
[2022-02-04 19:44:03,882][INFO] [Epoch 196/200] Validation: val/acc1 0.9628, val/loss_ce 0.1532
[2022-02-04 19:44:44,085][INFO] [Epoch 197/200] trn/acc1 1.00e+00, trn/loss 1.20e-01, trn/loss_ce 1.50e-03, trn/loss_wd 2.36e+02, trn/lr 8.01e-05
[2022-02-04 19:44:45,007][INFO] [Epoch 197/200] Validation: val/acc1 0.9624, val/loss_ce 0.1547
[2022-02-04 19:45:24,908][INFO] [Epoch 198/200] trn/acc1 1.00e+00, trn/loss 1.20e-01, trn/loss_ce 1.50e-03, trn/loss_wd 2.36e+02, trn/lr 4.11e-05
[2022-02-04 19:45:25,828][INFO] [Epoch 198/200] Validation: val/acc1 0.9628, val/loss_ce 0.1545
[2022-02-04 19:46:05,745][INFO] [Epoch 199/200] trn/acc1 1.00e+00, trn/loss 1.20e-01, trn/loss_ce 1.48e-03, trn/loss_wd 2.36e+02, trn/lr 1.52e-05
[2022-02-04 19:46:06,818][INFO] [Epoch 199/200] Validation: val/acc1 0.9648, val/loss_ce 0.1536
[2022-02-04 19:46:46,777][INFO] [Epoch 200/200] trn/acc1 1.00e+00, trn/loss 1.20e-01, trn/loss_ce 1.45e-03, trn/loss_wd 2.36e+02, trn/lr 2.17e-06
[2022-02-04 19:46:47,695][INFO] [Epoch 200/200] Validation: val/acc1 0.9632, val/loss_ce 0.1545
