[2022-02-07 17:17:19,175][INFO] Environments:
------------  ---------------------------------------------------------------------------
sys.platform  linux
Python        3.7.11 (default, Nov 23 2021, 05:29:02) [GCC 7.5.0]
JAX           0.2.27 @/mnt/data1/giung/venvs/jax0.2.27/lib/python3.7/site-packages/jax
jaxlib        0.1.75 @/mnt/data1/giung/venvs/jax0.2.27/lib/python3.7/site-packages/jaxlib
Flax          0.4.0 @/mnt/data1/giung/venvs/jax0.2.27/lib/python3.7/site-packages/flax
Optax         0.1.0 @/mnt/data1/giung/venvs/jax0.2.27/lib/python3.7/site-packages/optax
------------  ---------------------------------------------------------------------------

[2022-02-07 17:17:19,175][INFO] Command line arguments:
Namespace(batch_size=128, config_file='./configs/C10_VGG13-BN-ReLU_SGD.yaml', keep_every_n_checkpoints=None, learning_rate=0.05, num_epochs=200, num_warmup_epochs=5, opts=[], output_dir='./outputs/C10_VGG13-BN-ReLU/SGD/s42_e200_wd5e-4/', seed=42, weight_decay=0.0005)

[2022-02-07 17:17:19,175][INFO] Using a random seed 42

[2022-02-07 17:17:19,206][INFO] Unable to initialize backend 'tpu_driver': NOT_FOUND: Unable to find driver in registry given worker: 
[2022-02-07 17:17:19,394][INFO] Unable to initialize backend 'tpu': INVALID_ARGUMENT: TpuPlatform is not available.
[2022-02-07 17:17:23,427][INFO] Found no checkpoint files in outputs/C10_VGG13-BN-ReLU/SGD/s42_e200_wd5e-4
[2022-02-07 17:17:37,910][INFO] [Epoch   1/200] trn/acc1 4.15e-01, trn/loss 4.34e+00, trn/loss_ce 1.63e+00, trn/loss_wd 5.42e+03, trn/lr 4.99e-03
[2022-02-07 17:17:39,413][INFO] [Epoch   1/200] Validation: val/acc1 0.4926, val/loss_ce 1.4230
[2022-02-07 17:17:46,339][INFO] [Epoch   2/200] trn/acc1 6.09e-01, trn/loss 3.72e+00, trn/loss_ce 1.09e+00, trn/loss_wd 5.26e+03, trn/lr 1.50e-02
[2022-02-07 17:17:50,154][INFO] [Epoch   3/200] trn/acc1 6.97e-01, trn/loss 3.34e+00, trn/loss_ce 8.65e-01, trn/loss_wd 4.96e+03, trn/lr 2.50e-02
[2022-02-07 17:17:53,971][INFO] [Epoch   4/200] trn/acc1 7.46e-01, trn/loss 3.01e+00, trn/loss_ce 7.41e-01, trn/loss_wd 4.53e+03, trn/lr 3.50e-02
[2022-02-07 17:17:57,804][INFO] [Epoch   5/200] trn/acc1 7.73e-01, trn/loss 2.68e+00, trn/loss_ce 6.66e-01, trn/loss_wd 4.03e+03, trn/lr 4.50e-02
[2022-02-07 17:18:01,631][INFO] [Epoch   6/200] trn/acc1 7.98e-01, trn/loss 2.35e+00, trn/loss_ce 5.98e-01, trn/loss_wd 3.50e+03, trn/lr 5.00e-02
[2022-02-07 17:18:05,460][INFO] [Epoch   7/200] trn/acc1 8.19e-01, trn/loss 2.06e+00, trn/loss_ce 5.36e-01, trn/loss_wd 3.04e+03, trn/lr 5.00e-02
[2022-02-07 17:18:09,292][INFO] [Epoch   8/200] trn/acc1 8.32e-01, trn/loss 1.82e+00, trn/loss_ce 4.94e-01, trn/loss_wd 2.65e+03, trn/lr 5.00e-02
[2022-02-07 17:18:13,124][INFO] [Epoch   9/200] trn/acc1 8.44e-01, trn/loss 1.61e+00, trn/loss_ce 4.54e-01, trn/loss_wd 2.32e+03, trn/lr 5.00e-02
[2022-02-07 17:18:16,955][INFO] [Epoch  10/200] trn/acc1 8.56e-01, trn/loss 1.45e+00, trn/loss_ce 4.25e-01, trn/loss_wd 2.04e+03, trn/lr 4.99e-02
[2022-02-07 17:18:20,797][INFO] [Epoch  11/200] trn/acc1 8.61e-01, trn/loss 1.32e+00, trn/loss_ce 4.07e-01, trn/loss_wd 1.82e+03, trn/lr 4.99e-02
[2022-02-07 17:18:24,645][INFO] [Epoch  12/200] trn/acc1 8.69e-01, trn/loss 1.20e+00, trn/loss_ce 3.84e-01, trn/loss_wd 1.63e+03, trn/lr 4.99e-02
[2022-02-07 17:18:28,489][INFO] [Epoch  13/200] trn/acc1 8.75e-01, trn/loss 1.10e+00, trn/loss_ce 3.68e-01, trn/loss_wd 1.47e+03, trn/lr 4.98e-02
[2022-02-07 17:18:32,333][INFO] [Epoch  14/200] trn/acc1 8.79e-01, trn/loss 1.03e+00, trn/loss_ce 3.58e-01, trn/loss_wd 1.35e+03, trn/lr 4.98e-02
[2022-02-07 17:18:36,182][INFO] [Epoch  15/200] trn/acc1 8.82e-01, trn/loss 9.70e-01, trn/loss_ce 3.47e-01, trn/loss_wd 1.25e+03, trn/lr 4.97e-02
[2022-02-07 17:18:40,027][INFO] [Epoch  16/200] trn/acc1 8.90e-01, trn/loss 9.10e-01, trn/loss_ce 3.30e-01, trn/loss_wd 1.16e+03, trn/lr 4.96e-02
[2022-02-07 17:18:43,880][INFO] [Epoch  17/200] trn/acc1 8.90e-01, trn/loss 8.73e-01, trn/loss_ce 3.26e-01, trn/loss_wd 1.09e+03, trn/lr 4.96e-02
[2022-02-07 17:18:47,729][INFO] [Epoch  18/200] trn/acc1 8.94e-01, trn/loss 8.36e-01, trn/loss_ce 3.16e-01, trn/loss_wd 1.04e+03, trn/lr 4.95e-02
[2022-02-07 17:18:51,575][INFO] [Epoch  19/200] trn/acc1 8.94e-01, trn/loss 8.11e-01, trn/loss_ce 3.12e-01, trn/loss_wd 9.98e+02, trn/lr 4.94e-02
[2022-02-07 17:18:55,499][INFO] [Epoch  20/200] trn/acc1 8.96e-01, trn/loss 7.89e-01, trn/loss_ce 3.07e-01, trn/loss_wd 9.64e+02, trn/lr 4.93e-02
[2022-02-07 17:18:55,600][INFO] [Epoch  20/200] Validation: val/acc1 0.8540, val/loss_ce 0.4251
[2022-02-07 17:19:02,622][INFO] [Epoch  21/200] trn/acc1 8.99e-01, trn/loss 7.71e-01, trn/loss_ce 3.00e-01, trn/loss_wd 9.41e+02, trn/lr 4.92e-02
[2022-02-07 17:19:06,465][INFO] [Epoch  22/200] trn/acc1 9.04e-01, trn/loss 7.48e-01, trn/loss_ce 2.89e-01, trn/loss_wd 9.18e+02, trn/lr 4.91e-02
[2022-02-07 17:19:10,292][INFO] [Epoch  23/200] trn/acc1 9.03e-01, trn/loss 7.37e-01, trn/loss_ce 2.85e-01, trn/loss_wd 9.03e+02, trn/lr 4.90e-02
[2022-02-07 17:19:14,134][INFO] [Epoch  24/200] trn/acc1 9.06e-01, trn/loss 7.25e-01, trn/loss_ce 2.81e-01, trn/loss_wd 8.89e+02, trn/lr 4.89e-02
[2022-02-07 17:19:17,971][INFO] [Epoch  25/200] trn/acc1 9.06e-01, trn/loss 7.18e-01, trn/loss_ce 2.79e-01, trn/loss_wd 8.78e+02, trn/lr 4.88e-02
[2022-02-07 17:19:21,814][INFO] [Epoch  26/200] trn/acc1 9.08e-01, trn/loss 7.07e-01, trn/loss_ce 2.73e-01, trn/loss_wd 8.68e+02, trn/lr 4.86e-02
[2022-02-07 17:19:25,673][INFO] [Epoch  27/200] trn/acc1 9.09e-01, trn/loss 7.03e-01, trn/loss_ce 2.70e-01, trn/loss_wd 8.64e+02, trn/lr 4.85e-02
[2022-02-07 17:19:29,521][INFO] [Epoch  28/200] trn/acc1 9.07e-01, trn/loss 7.01e-01, trn/loss_ce 2.70e-01, trn/loss_wd 8.62e+02, trn/lr 4.84e-02
[2022-02-07 17:19:33,370][INFO] [Epoch  29/200] trn/acc1 9.11e-01, trn/loss 6.95e-01, trn/loss_ce 2.64e-01, trn/loss_wd 8.62e+02, trn/lr 4.82e-02
[2022-02-07 17:19:37,207][INFO] [Epoch  30/200] trn/acc1 9.11e-01, trn/loss 6.92e-01, trn/loss_ce 2.63e-01, trn/loss_wd 8.59e+02, trn/lr 4.81e-02
[2022-02-07 17:19:41,080][INFO] [Epoch  31/200] trn/acc1 9.12e-01, trn/loss 6.82e-01, trn/loss_ce 2.53e-01, trn/loss_wd 8.58e+02, trn/lr 4.79e-02
[2022-02-07 17:19:44,935][INFO] [Epoch  32/200] trn/acc1 9.16e-01, trn/loss 6.76e-01, trn/loss_ce 2.48e-01, trn/loss_wd 8.56e+02, trn/lr 4.78e-02
[2022-02-07 17:19:48,781][INFO] [Epoch  33/200] trn/acc1 9.17e-01, trn/loss 6.76e-01, trn/loss_ce 2.49e-01, trn/loss_wd 8.53e+02, trn/lr 4.76e-02
[2022-02-07 17:19:52,627][INFO] [Epoch  34/200] trn/acc1 9.16e-01, trn/loss 6.74e-01, trn/loss_ce 2.47e-01, trn/loss_wd 8.53e+02, trn/lr 4.74e-02
[2022-02-07 17:19:56,472][INFO] [Epoch  35/200] trn/acc1 9.17e-01, trn/loss 6.71e-01, trn/loss_ce 2.44e-01, trn/loss_wd 8.54e+02, trn/lr 4.72e-02
[2022-02-07 17:20:00,318][INFO] [Epoch  36/200] trn/acc1 9.17e-01, trn/loss 6.74e-01, trn/loss_ce 2.47e-01, trn/loss_wd 8.55e+02, trn/lr 4.70e-02
[2022-02-07 17:20:04,165][INFO] [Epoch  37/200] trn/acc1 9.18e-01, trn/loss 6.70e-01, trn/loss_ce 2.41e-01, trn/loss_wd 8.59e+02, trn/lr 4.68e-02
[2022-02-07 17:20:08,016][INFO] [Epoch  38/200] trn/acc1 9.17e-01, trn/loss 6.70e-01, trn/loss_ce 2.39e-01, trn/loss_wd 8.61e+02, trn/lr 4.67e-02
[2022-02-07 17:20:12,225][INFO] [Epoch  39/200] trn/acc1 9.22e-01, trn/loss 6.60e-01, trn/loss_ce 2.29e-01, trn/loss_wd 8.62e+02, trn/lr 4.64e-02
[2022-02-07 17:20:16,116][INFO] [Epoch  40/200] trn/acc1 9.20e-01, trn/loss 6.63e-01, trn/loss_ce 2.32e-01, trn/loss_wd 8.61e+02, trn/lr 4.62e-02
[2022-02-07 17:20:16,217][INFO] [Epoch  40/200] Validation: val/acc1 0.8510, val/loss_ce 0.4543
[2022-02-07 17:20:20,977][INFO] [Epoch  41/200] trn/acc1 9.24e-01, trn/loss 6.59e-01, trn/loss_ce 2.29e-01, trn/loss_wd 8.62e+02, trn/lr 4.60e-02
[2022-02-07 17:20:24,825][INFO] [Epoch  42/200] trn/acc1 9.23e-01, trn/loss 6.60e-01, trn/loss_ce 2.28e-01, trn/loss_wd 8.64e+02, trn/lr 4.58e-02
[2022-02-07 17:20:28,667][INFO] [Epoch  43/200] trn/acc1 9.24e-01, trn/loss 6.55e-01, trn/loss_ce 2.24e-01, trn/loss_wd 8.62e+02, trn/lr 4.56e-02
[2022-02-07 17:20:32,508][INFO] [Epoch  44/200] trn/acc1 9.24e-01, trn/loss 6.54e-01, trn/loss_ce 2.24e-01, trn/loss_wd 8.60e+02, trn/lr 4.53e-02
[2022-02-07 17:20:36,355][INFO] [Epoch  45/200] trn/acc1 9.25e-01, trn/loss 6.54e-01, trn/loss_ce 2.24e-01, trn/loss_wd 8.60e+02, trn/lr 4.51e-02
[2022-02-07 17:20:40,221][INFO] [Epoch  46/200] trn/acc1 9.25e-01, trn/loss 6.50e-01, trn/loss_ce 2.19e-01, trn/loss_wd 8.61e+02, trn/lr 4.49e-02
[2022-02-07 17:20:44,079][INFO] [Epoch  47/200] trn/acc1 9.25e-01, trn/loss 6.50e-01, trn/loss_ce 2.19e-01, trn/loss_wd 8.62e+02, trn/lr 4.46e-02
[2022-02-07 17:20:47,921][INFO] [Epoch  48/200] trn/acc1 9.29e-01, trn/loss 6.42e-01, trn/loss_ce 2.12e-01, trn/loss_wd 8.60e+02, trn/lr 4.44e-02
[2022-02-07 17:20:51,768][INFO] [Epoch  49/200] trn/acc1 9.28e-01, trn/loss 6.45e-01, trn/loss_ce 2.14e-01, trn/loss_wd 8.62e+02, trn/lr 4.41e-02
[2022-02-07 17:20:55,611][INFO] [Epoch  50/200] trn/acc1 9.29e-01, trn/loss 6.39e-01, trn/loss_ce 2.10e-01, trn/loss_wd 8.60e+02, trn/lr 4.38e-02
[2022-02-07 17:20:59,456][INFO] [Epoch  51/200] trn/acc1 9.30e-01, trn/loss 6.37e-01, trn/loss_ce 2.06e-01, trn/loss_wd 8.60e+02, trn/lr 4.36e-02
[2022-02-07 17:21:03,406][INFO] [Epoch  52/200] trn/acc1 9.30e-01, trn/loss 6.34e-01, trn/loss_ce 2.04e-01, trn/loss_wd 8.59e+02, trn/lr 4.33e-02
[2022-02-07 17:21:07,260][INFO] [Epoch  53/200] trn/acc1 9.31e-01, trn/loss 6.34e-01, trn/loss_ce 2.04e-01, trn/loss_wd 8.59e+02, trn/lr 4.30e-02
[2022-02-07 17:21:11,104][INFO] [Epoch  54/200] trn/acc1 9.30e-01, trn/loss 6.34e-01, trn/loss_ce 2.05e-01, trn/loss_wd 8.58e+02, trn/lr 4.27e-02
[2022-02-07 17:21:15,017][INFO] [Epoch  55/200] trn/acc1 9.31e-01, trn/loss 6.28e-01, trn/loss_ce 1.99e-01, trn/loss_wd 8.57e+02, trn/lr 4.25e-02
[2022-02-07 17:21:18,872][INFO] [Epoch  56/200] trn/acc1 9.33e-01, trn/loss 6.25e-01, trn/loss_ce 1.99e-01, trn/loss_wd 8.53e+02, trn/lr 4.22e-02
[2022-02-07 17:21:22,717][INFO] [Epoch  57/200] trn/acc1 9.31e-01, trn/loss 6.27e-01, trn/loss_ce 2.00e-01, trn/loss_wd 8.54e+02, trn/lr 4.19e-02
[2022-02-07 17:21:26,571][INFO] [Epoch  58/200] trn/acc1 9.34e-01, trn/loss 6.25e-01, trn/loss_ce 1.98e-01, trn/loss_wd 8.55e+02, trn/lr 4.16e-02
[2022-02-07 17:21:30,798][INFO] [Epoch  59/200] trn/acc1 9.32e-01, trn/loss 6.24e-01, trn/loss_ce 1.97e-01, trn/loss_wd 8.55e+02, trn/lr 4.13e-02
[2022-02-07 17:21:34,648][INFO] [Epoch  60/200] trn/acc1 9.35e-01, trn/loss 6.17e-01, trn/loss_ce 1.90e-01, trn/loss_wd 8.55e+02, trn/lr 4.10e-02
[2022-02-07 17:21:34,750][INFO] [Epoch  60/200] Validation: val/acc1 0.8866, val/loss_ce 0.3665
[2022-02-07 17:21:41,755][INFO] [Epoch  61/200] trn/acc1 9.37e-01, trn/loss 6.13e-01, trn/loss_ce 1.87e-01, trn/loss_wd 8.52e+02, trn/lr 4.07e-02
[2022-02-07 17:21:45,593][INFO] [Epoch  62/200] trn/acc1 9.35e-01, trn/loss 6.15e-01, trn/loss_ce 1.90e-01, trn/loss_wd 8.50e+02, trn/lr 4.03e-02
[2022-02-07 17:21:49,451][INFO] [Epoch  63/200] trn/acc1 9.38e-01, trn/loss 6.06e-01, trn/loss_ce 1.83e-01, trn/loss_wd 8.47e+02, trn/lr 4.00e-02
[2022-02-07 17:21:53,293][INFO] [Epoch  64/200] trn/acc1 9.38e-01, trn/loss 6.06e-01, trn/loss_ce 1.82e-01, trn/loss_wd 8.48e+02, trn/lr 3.97e-02
[2022-02-07 17:21:57,140][INFO] [Epoch  65/200] trn/acc1 9.39e-01, trn/loss 6.03e-01, trn/loss_ce 1.81e-01, trn/loss_wd 8.45e+02, trn/lr 3.94e-02
[2022-02-07 17:22:00,979][INFO] [Epoch  66/200] trn/acc1 9.37e-01, trn/loss 6.01e-01, trn/loss_ce 1.80e-01, trn/loss_wd 8.42e+02, trn/lr 3.90e-02
[2022-02-07 17:22:04,833][INFO] [Epoch  67/200] trn/acc1 9.38e-01, trn/loss 5.98e-01, trn/loss_ce 1.78e-01, trn/loss_wd 8.40e+02, trn/lr 3.87e-02
[2022-02-07 17:22:08,682][INFO] [Epoch  68/200] trn/acc1 9.39e-01, trn/loss 6.02e-01, trn/loss_ce 1.81e-01, trn/loss_wd 8.41e+02, trn/lr 3.84e-02
[2022-02-07 17:22:12,533][INFO] [Epoch  69/200] trn/acc1 9.39e-01, trn/loss 5.99e-01, trn/loss_ce 1.78e-01, trn/loss_wd 8.40e+02, trn/lr 3.80e-02
[2022-02-07 17:22:16,366][INFO] [Epoch  70/200] trn/acc1 9.40e-01, trn/loss 5.99e-01, trn/loss_ce 1.80e-01, trn/loss_wd 8.39e+02, trn/lr 3.77e-02
[2022-02-07 17:22:20,198][INFO] [Epoch  71/200] trn/acc1 9.40e-01, trn/loss 5.94e-01, trn/loss_ce 1.75e-01, trn/loss_wd 8.39e+02, trn/lr 3.73e-02
[2022-02-07 17:22:24,041][INFO] [Epoch  72/200] trn/acc1 9.43e-01, trn/loss 5.87e-01, trn/loss_ce 1.68e-01, trn/loss_wd 8.37e+02, trn/lr 3.70e-02
[2022-02-07 17:22:27,882][INFO] [Epoch  73/200] trn/acc1 9.42e-01, trn/loss 5.88e-01, trn/loss_ce 1.70e-01, trn/loss_wd 8.35e+02, trn/lr 3.66e-02
[2022-02-07 17:22:31,715][INFO] [Epoch  74/200] trn/acc1 9.44e-01, trn/loss 5.79e-01, trn/loss_ce 1.64e-01, trn/loss_wd 8.29e+02, trn/lr 3.63e-02
[2022-02-07 17:22:35,557][INFO] [Epoch  75/200] trn/acc1 9.45e-01, trn/loss 5.77e-01, trn/loss_ce 1.63e-01, trn/loss_wd 8.27e+02, trn/lr 3.59e-02
[2022-02-07 17:22:39,397][INFO] [Epoch  76/200] trn/acc1 9.45e-01, trn/loss 5.76e-01, trn/loss_ce 1.64e-01, trn/loss_wd 8.24e+02, trn/lr 3.55e-02
[2022-02-07 17:22:43,231][INFO] [Epoch  77/200] trn/acc1 9.45e-01, trn/loss 5.73e-01, trn/loss_ce 1.61e-01, trn/loss_wd 8.22e+02, trn/lr 3.52e-02
[2022-02-07 17:22:47,424][INFO] [Epoch  78/200] trn/acc1 9.44e-01, trn/loss 5.75e-01, trn/loss_ce 1.65e-01, trn/loss_wd 8.20e+02, trn/lr 3.48e-02
[2022-02-07 17:22:51,271][INFO] [Epoch  79/200] trn/acc1 9.47e-01, trn/loss 5.63e-01, trn/loss_ce 1.55e-01, trn/loss_wd 8.16e+02, trn/lr 3.44e-02
[2022-02-07 17:22:55,110][INFO] [Epoch  80/200] trn/acc1 9.43e-01, trn/loss 5.69e-01, trn/loss_ce 1.61e-01, trn/loss_wd 8.16e+02, trn/lr 3.41e-02
[2022-02-07 17:22:55,211][INFO] [Epoch  80/200] Validation: val/acc1 0.8924, val/loss_ce 0.3553
[2022-02-07 17:23:02,268][INFO] [Epoch  81/200] trn/acc1 9.48e-01, trn/loss 5.62e-01, trn/loss_ce 1.54e-01, trn/loss_wd 8.15e+02, trn/lr 3.37e-02
[2022-02-07 17:23:06,105][INFO] [Epoch  82/200] trn/acc1 9.48e-01, trn/loss 5.58e-01, trn/loss_ce 1.53e-01, trn/loss_wd 8.11e+02, trn/lr 3.33e-02
[2022-02-07 17:23:09,943][INFO] [Epoch  83/200] trn/acc1 9.49e-01, trn/loss 5.51e-01, trn/loss_ce 1.48e-01, trn/loss_wd 8.06e+02, trn/lr 3.29e-02
[2022-02-07 17:23:13,777][INFO] [Epoch  84/200] trn/acc1 9.51e-01, trn/loss 5.48e-01, trn/loss_ce 1.47e-01, trn/loss_wd 8.02e+02, trn/lr 3.25e-02
[2022-02-07 17:23:17,637][INFO] [Epoch  85/200] trn/acc1 9.49e-01, trn/loss 5.48e-01, trn/loss_ce 1.48e-01, trn/loss_wd 8.00e+02, trn/lr 3.21e-02
[2022-02-07 17:23:21,504][INFO] [Epoch  86/200] trn/acc1 9.52e-01, trn/loss 5.41e-01, trn/loss_ce 1.43e-01, trn/loss_wd 7.97e+02, trn/lr 3.18e-02
[2022-02-07 17:23:25,362][INFO] [Epoch  87/200] trn/acc1 9.51e-01, trn/loss 5.40e-01, trn/loss_ce 1.43e-01, trn/loss_wd 7.93e+02, trn/lr 3.14e-02
[2022-02-07 17:23:29,218][INFO] [Epoch  88/200] trn/acc1 9.53e-01, trn/loss 5.30e-01, trn/loss_ce 1.36e-01, trn/loss_wd 7.89e+02, trn/lr 3.10e-02
[2022-02-07 17:23:33,072][INFO] [Epoch  89/200] trn/acc1 9.53e-01, trn/loss 5.28e-01, trn/loss_ce 1.36e-01, trn/loss_wd 7.83e+02, trn/lr 3.06e-02
[2022-02-07 17:23:36,996][INFO] [Epoch  90/200] trn/acc1 9.53e-01, trn/loss 5.28e-01, trn/loss_ce 1.37e-01, trn/loss_wd 7.82e+02, trn/lr 3.02e-02
[2022-02-07 17:23:40,838][INFO] [Epoch  91/200] trn/acc1 9.52e-01, trn/loss 5.27e-01, trn/loss_ce 1.38e-01, trn/loss_wd 7.78e+02, trn/lr 2.98e-02
[2022-02-07 17:23:44,684][INFO] [Epoch  92/200] trn/acc1 9.55e-01, trn/loss 5.19e-01, trn/loss_ce 1.31e-01, trn/loss_wd 7.75e+02, trn/lr 2.94e-02
[2022-02-07 17:23:48,534][INFO] [Epoch  93/200] trn/acc1 9.55e-01, trn/loss 5.17e-01, trn/loss_ce 1.31e-01, trn/loss_wd 7.71e+02, trn/lr 2.90e-02
[2022-02-07 17:23:52,368][INFO] [Epoch  94/200] trn/acc1 9.55e-01, trn/loss 5.13e-01, trn/loss_ce 1.29e-01, trn/loss_wd 7.68e+02, trn/lr 2.86e-02
[2022-02-07 17:23:56,215][INFO] [Epoch  95/200] trn/acc1 9.59e-01, trn/loss 5.04e-01, trn/loss_ce 1.23e-01, trn/loss_wd 7.63e+02, trn/lr 2.82e-02
[2022-02-07 17:24:00,056][INFO] [Epoch  96/200] trn/acc1 9.58e-01, trn/loss 5.04e-01, trn/loss_ce 1.25e-01, trn/loss_wd 7.59e+02, trn/lr 2.78e-02
[2022-02-07 17:24:03,910][INFO] [Epoch  97/200] trn/acc1 9.59e-01, trn/loss 4.98e-01, trn/loss_ce 1.21e-01, trn/loss_wd 7.55e+02, trn/lr 2.74e-02
[2022-02-07 17:24:07,748][INFO] [Epoch  98/200] trn/acc1 9.59e-01, trn/loss 4.96e-01, trn/loss_ce 1.21e-01, trn/loss_wd 7.50e+02, trn/lr 2.70e-02
[2022-02-07 17:24:11,604][INFO] [Epoch  99/200] trn/acc1 9.60e-01, trn/loss 4.90e-01, trn/loss_ce 1.17e-01, trn/loss_wd 7.46e+02, trn/lr 2.66e-02
[2022-02-07 17:24:15,450][INFO] [Epoch 100/200] trn/acc1 9.59e-01, trn/loss 4.94e-01, trn/loss_ce 1.22e-01, trn/loss_wd 7.43e+02, trn/lr 2.62e-02
[2022-02-07 17:24:15,552][INFO] [Epoch 100/200] Validation: val/acc1 0.8978, val/loss_ce 0.3398
[2022-02-07 17:24:22,158][INFO] [Epoch 101/200] trn/acc1 9.61e-01, trn/loss 4.85e-01, trn/loss_ce 1.16e-01, trn/loss_wd 7.38e+02, trn/lr 2.58e-02
[2022-02-07 17:24:26,003][INFO] [Epoch 102/200] trn/acc1 9.62e-01, trn/loss 4.79e-01, trn/loss_ce 1.13e-01, trn/loss_wd 7.33e+02, trn/lr 2.54e-02
[2022-02-07 17:24:29,855][INFO] [Epoch 103/200] trn/acc1 9.62e-01, trn/loss 4.74e-01, trn/loss_ce 1.11e-01, trn/loss_wd 7.26e+02, trn/lr 2.50e-02
[2022-02-07 17:24:33,689][INFO] [Epoch 104/200] trn/acc1 9.60e-01, trn/loss 4.73e-01, trn/loss_ce 1.12e-01, trn/loss_wd 7.23e+02, trn/lr 2.46e-02
[2022-02-07 17:24:37,538][INFO] [Epoch 105/200] trn/acc1 9.62e-01, trn/loss 4.72e-01, trn/loss_ce 1.12e-01, trn/loss_wd 7.20e+02, trn/lr 2.42e-02
[2022-02-07 17:24:41,376][INFO] [Epoch 106/200] trn/acc1 9.65e-01, trn/loss 4.61e-01, trn/loss_ce 1.03e-01, trn/loss_wd 7.16e+02, trn/lr 2.38e-02
[2022-02-07 17:24:45,220][INFO] [Epoch 107/200] trn/acc1 9.65e-01, trn/loss 4.59e-01, trn/loss_ce 1.04e-01, trn/loss_wd 7.10e+02, trn/lr 2.34e-02
[2022-02-07 17:24:49,058][INFO] [Epoch 108/200] trn/acc1 9.66e-01, trn/loss 4.52e-01, trn/loss_ce 9.95e-02, trn/loss_wd 7.05e+02, trn/lr 2.30e-02
[2022-02-07 17:24:52,907][INFO] [Epoch 109/200] trn/acc1 9.67e-01, trn/loss 4.46e-01, trn/loss_ce 9.71e-02, trn/loss_wd 6.97e+02, trn/lr 2.26e-02
[2022-02-07 17:24:56,753][INFO] [Epoch 110/200] trn/acc1 9.67e-01, trn/loss 4.43e-01, trn/loss_ce 9.75e-02, trn/loss_wd 6.91e+02, trn/lr 2.22e-02
[2022-02-07 17:25:00,599][INFO] [Epoch 111/200] trn/acc1 9.68e-01, trn/loss 4.37e-01, trn/loss_ce 9.46e-02, trn/loss_wd 6.85e+02, trn/lr 2.18e-02
[2022-02-07 17:25:04,533][INFO] [Epoch 112/200] trn/acc1 9.70e-01, trn/loss 4.27e-01, trn/loss_ce 8.79e-02, trn/loss_wd 6.79e+02, trn/lr 2.14e-02
[2022-02-07 17:25:08,375][INFO] [Epoch 113/200] trn/acc1 9.68e-01, trn/loss 4.30e-01, trn/loss_ce 9.30e-02, trn/loss_wd 6.73e+02, trn/lr 2.10e-02
[2022-02-07 17:25:12,230][INFO] [Epoch 114/200] trn/acc1 9.69e-01, trn/loss 4.24e-01, trn/loss_ce 9.00e-02, trn/loss_wd 6.69e+02, trn/lr 2.06e-02
[2022-02-07 17:25:16,194][INFO] [Epoch 115/200] trn/acc1 9.72e-01, trn/loss 4.12e-01, trn/loss_ce 8.12e-02, trn/loss_wd 6.63e+02, trn/lr 2.02e-02
[2022-02-07 17:25:20,036][INFO] [Epoch 116/200] trn/acc1 9.70e-01, trn/loss 4.15e-01, trn/loss_ce 8.71e-02, trn/loss_wd 6.56e+02, trn/lr 1.98e-02
[2022-02-07 17:25:24,252][INFO] [Epoch 117/200] trn/acc1 9.73e-01, trn/loss 4.06e-01, trn/loss_ce 8.16e-02, trn/loss_wd 6.49e+02, trn/lr 1.94e-02
[2022-02-07 17:25:28,092][INFO] [Epoch 118/200] trn/acc1 9.72e-01, trn/loss 4.02e-01, trn/loss_ce 8.04e-02, trn/loss_wd 6.42e+02, trn/lr 1.90e-02
[2022-02-07 17:25:31,943][INFO] [Epoch 119/200] trn/acc1 9.73e-01, trn/loss 3.99e-01, trn/loss_ce 7.93e-02, trn/loss_wd 6.39e+02, trn/lr 1.86e-02
[2022-02-07 17:25:35,784][INFO] [Epoch 120/200] trn/acc1 9.72e-01, trn/loss 3.97e-01, trn/loss_ce 8.07e-02, trn/loss_wd 6.34e+02, trn/lr 1.82e-02
[2022-02-07 17:25:35,885][INFO] [Epoch 120/200] Validation: val/acc1 0.9070, val/loss_ce 0.3092
[2022-02-07 17:25:42,969][INFO] [Epoch 121/200] trn/acc1 9.75e-01, trn/loss 3.89e-01, trn/loss_ce 7.48e-02, trn/loss_wd 6.27e+02, trn/lr 1.79e-02
[2022-02-07 17:25:46,912][INFO] [Epoch 122/200] trn/acc1 9.77e-01, trn/loss 3.80e-01, trn/loss_ce 6.95e-02, trn/loss_wd 6.21e+02, trn/lr 1.75e-02
[2022-02-07 17:25:50,759][INFO] [Epoch 123/200] trn/acc1 9.76e-01, trn/loss 3.78e-01, trn/loss_ce 7.09e-02, trn/loss_wd 6.15e+02, trn/lr 1.71e-02
[2022-02-07 17:25:54,603][INFO] [Epoch 124/200] trn/acc1 9.79e-01, trn/loss 3.66e-01, trn/loss_ce 6.19e-02, trn/loss_wd 6.07e+02, trn/lr 1.67e-02
[2022-02-07 17:25:58,445][INFO] [Epoch 125/200] trn/acc1 9.77e-01, trn/loss 3.69e-01, trn/loss_ce 6.89e-02, trn/loss_wd 6.01e+02, trn/lr 1.63e-02
[2022-02-07 17:26:02,292][INFO] [Epoch 126/200] trn/acc1 9.77e-01, trn/loss 3.63e-01, trn/loss_ce 6.51e-02, trn/loss_wd 5.95e+02, trn/lr 1.59e-02
[2022-02-07 17:26:06,130][INFO] [Epoch 127/200] trn/acc1 9.78e-01, trn/loss 3.60e-01, trn/loss_ce 6.47e-02, trn/loss_wd 5.90e+02, trn/lr 1.56e-02
[2022-02-07 17:26:09,975][INFO] [Epoch 128/200] trn/acc1 9.81e-01, trn/loss 3.48e-01, trn/loss_ce 5.65e-02, trn/loss_wd 5.83e+02, trn/lr 1.52e-02
[2022-02-07 17:26:13,814][INFO] [Epoch 129/200] trn/acc1 9.79e-01, trn/loss 3.48e-01, trn/loss_ce 5.99e-02, trn/loss_wd 5.77e+02, trn/lr 1.48e-02
[2022-02-07 17:26:17,663][INFO] [Epoch 130/200] trn/acc1 9.81e-01, trn/loss 3.40e-01, trn/loss_ce 5.50e-02, trn/loss_wd 5.71e+02, trn/lr 1.45e-02
[2022-02-07 17:26:21,509][INFO] [Epoch 131/200] trn/acc1 9.81e-01, trn/loss 3.38e-01, trn/loss_ce 5.61e-02, trn/loss_wd 5.64e+02, trn/lr 1.41e-02
[2022-02-07 17:26:25,359][INFO] [Epoch 132/200] trn/acc1 9.80e-01, trn/loss 3.36e-01, trn/loss_ce 5.69e-02, trn/loss_wd 5.58e+02, trn/lr 1.37e-02
[2022-02-07 17:26:29,204][INFO] [Epoch 133/200] trn/acc1 9.83e-01, trn/loss 3.25e-01, trn/loss_ce 4.94e-02, trn/loss_wd 5.51e+02, trn/lr 1.34e-02
[2022-02-07 17:26:33,048][INFO] [Epoch 134/200] trn/acc1 9.83e-01, trn/loss 3.22e-01, trn/loss_ce 5.03e-02, trn/loss_wd 5.44e+02, trn/lr 1.30e-02
[2022-02-07 17:26:36,896][INFO] [Epoch 135/200] trn/acc1 9.85e-01, trn/loss 3.13e-01, trn/loss_ce 4.41e-02, trn/loss_wd 5.37e+02, trn/lr 1.27e-02
[2022-02-07 17:26:40,745][INFO] [Epoch 136/200] trn/acc1 9.85e-01, trn/loss 3.07e-01, trn/loss_ce 4.22e-02, trn/loss_wd 5.30e+02, trn/lr 1.23e-02
[2022-02-07 17:26:44,945][INFO] [Epoch 137/200] trn/acc1 9.85e-01, trn/loss 3.07e-01, trn/loss_ce 4.57e-02, trn/loss_wd 5.23e+02, trn/lr 1.20e-02
[2022-02-07 17:26:48,804][INFO] [Epoch 138/200] trn/acc1 9.87e-01, trn/loss 2.96e-01, trn/loss_ce 3.83e-02, trn/loss_wd 5.15e+02, trn/lr 1.16e-02
[2022-02-07 17:26:52,667][INFO] [Epoch 139/200] trn/acc1 9.87e-01, trn/loss 2.92e-01, trn/loss_ce 3.78e-02, trn/loss_wd 5.08e+02, trn/lr 1.13e-02
[2022-02-07 17:26:56,526][INFO] [Epoch 140/200] trn/acc1 9.87e-01, trn/loss 2.90e-01, trn/loss_ce 3.92e-02, trn/loss_wd 5.01e+02, trn/lr 1.10e-02
[2022-02-07 17:26:56,628][INFO] [Epoch 140/200] Validation: val/acc1 0.9150, val/loss_ce 0.3227
[2022-02-07 17:27:02,524][INFO] [Epoch 141/200] trn/acc1 9.89e-01, trn/loss 2.81e-01, trn/loss_ce 3.40e-02, trn/loss_wd 4.94e+02, trn/lr 1.06e-02
[2022-02-07 17:27:06,384][INFO] [Epoch 142/200] trn/acc1 9.89e-01, trn/loss 2.77e-01, trn/loss_ce 3.38e-02, trn/loss_wd 4.87e+02, trn/lr 1.03e-02
[2022-02-07 17:27:10,241][INFO] [Epoch 143/200] trn/acc1 9.89e-01, trn/loss 2.74e-01, trn/loss_ce 3.41e-02, trn/loss_wd 4.80e+02, trn/lr 9.98e-03
[2022-02-07 17:27:14,223][INFO] [Epoch 144/200] trn/acc1 9.90e-01, trn/loss 2.66e-01, trn/loss_ce 2.93e-02, trn/loss_wd 4.73e+02, trn/lr 9.66e-03
[2022-02-07 17:27:18,085][INFO] [Epoch 145/200] trn/acc1 9.92e-01, trn/loss 2.58e-01, trn/loss_ce 2.54e-02, trn/loss_wd 4.66e+02, trn/lr 9.35e-03
[2022-02-07 17:27:21,933][INFO] [Epoch 146/200] trn/acc1 9.92e-01, trn/loss 2.53e-01, trn/loss_ce 2.39e-02, trn/loss_wd 4.58e+02, trn/lr 9.03e-03
[2022-02-07 17:27:25,767][INFO] [Epoch 147/200] trn/acc1 9.93e-01, trn/loss 2.47e-01, trn/loss_ce 2.17e-02, trn/loss_wd 4.51e+02, trn/lr 8.73e-03
[2022-02-07 17:27:29,620][INFO] [Epoch 148/200] trn/acc1 9.93e-01, trn/loss 2.43e-01, trn/loss_ce 2.11e-02, trn/loss_wd 4.44e+02, trn/lr 8.42e-03
[2022-02-07 17:27:33,464][INFO] [Epoch 149/200] trn/acc1 9.92e-01, trn/loss 2.43e-01, trn/loss_ce 2.45e-02, trn/loss_wd 4.38e+02, trn/lr 8.12e-03
[2022-02-07 17:27:37,310][INFO] [Epoch 150/200] trn/acc1 9.95e-01, trn/loss 2.31e-01, trn/loss_ce 1.60e-02, trn/loss_wd 4.31e+02, trn/lr 7.83e-03
[2022-02-07 17:27:41,165][INFO] [Epoch 151/200] trn/acc1 9.94e-01, trn/loss 2.32e-01, trn/loss_ce 1.99e-02, trn/loss_wd 4.24e+02, trn/lr 7.54e-03
[2022-02-07 17:27:45,022][INFO] [Epoch 152/200] trn/acc1 9.93e-01, trn/loss 2.30e-01, trn/loss_ce 2.06e-02, trn/loss_wd 4.18e+02, trn/lr 7.25e-03
[2022-02-07 17:27:48,878][INFO] [Epoch 153/200] trn/acc1 9.95e-01, trn/loss 2.21e-01, trn/loss_ce 1.49e-02, trn/loss_wd 4.12e+02, trn/lr 6.97e-03
[2022-02-07 17:27:52,734][INFO] [Epoch 154/200] trn/acc1 9.96e-01, trn/loss 2.16e-01, trn/loss_ce 1.35e-02, trn/loss_wd 4.05e+02, trn/lr 6.69e-03
[2022-02-07 17:27:56,593][INFO] [Epoch 155/200] trn/acc1 9.97e-01, trn/loss 2.11e-01, trn/loss_ce 1.10e-02, trn/loss_wd 3.99e+02, trn/lr 6.42e-03
[2022-02-07 17:28:00,447][INFO] [Epoch 156/200] trn/acc1 9.97e-01, trn/loss 2.07e-01, trn/loss_ce 1.08e-02, trn/loss_wd 3.93e+02, trn/lr 6.15e-03
[2022-02-07 17:28:04,311][INFO] [Epoch 157/200] trn/acc1 9.97e-01, trn/loss 2.04e-01, trn/loss_ce 1.03e-02, trn/loss_wd 3.87e+02, trn/lr 5.89e-03
[2022-02-07 17:28:08,168][INFO] [Epoch 158/200] trn/acc1 9.98e-01, trn/loss 1.98e-01, trn/loss_ce 7.21e-03, trn/loss_wd 3.81e+02, trn/lr 5.64e-03
[2022-02-07 17:28:12,022][INFO] [Epoch 159/200] trn/acc1 9.98e-01, trn/loss 1.94e-01, trn/loss_ce 6.62e-03, trn/loss_wd 3.76e+02, trn/lr 5.38e-03
[2022-02-07 17:28:15,875][INFO] [Epoch 160/200] trn/acc1 9.98e-01, trn/loss 1.92e-01, trn/loss_ce 7.03e-03, trn/loss_wd 3.70e+02, trn/lr 5.14e-03
[2022-02-07 17:28:15,977][INFO] [Epoch 160/200] Validation: val/acc1 0.9284, val/loss_ce 0.2901
[2022-02-07 17:28:22,602][INFO] [Epoch 161/200] trn/acc1 9.98e-01, trn/loss 1.89e-01, trn/loss_ce 6.79e-03, trn/loss_wd 3.65e+02, trn/lr 4.89e-03
[2022-02-07 17:28:26,452][INFO] [Epoch 162/200] trn/acc1 9.99e-01, trn/loss 1.86e-01, trn/loss_ce 5.69e-03, trn/loss_wd 3.60e+02, trn/lr 4.66e-03
[2022-02-07 17:28:30,312][INFO] [Epoch 163/200] trn/acc1 9.99e-01, trn/loss 1.82e-01, trn/loss_ce 3.88e-03, trn/loss_wd 3.55e+02, trn/lr 4.43e-03
[2022-02-07 17:28:34,169][INFO] [Epoch 164/200] trn/acc1 9.99e-01, trn/loss 1.80e-01, trn/loss_ce 4.24e-03, trn/loss_wd 3.51e+02, trn/lr 4.20e-03
[2022-02-07 17:28:38,018][INFO] [Epoch 165/200] trn/acc1 9.99e-01, trn/loss 1.77e-01, trn/loss_ce 4.10e-03, trn/loss_wd 3.47e+02, trn/lr 3.98e-03
[2022-02-07 17:28:41,866][INFO] [Epoch 166/200] trn/acc1 9.99e-01, trn/loss 1.74e-01, trn/loss_ce 2.91e-03, trn/loss_wd 3.43e+02, trn/lr 3.76e-03
[2022-02-07 17:28:45,723][INFO] [Epoch 167/200] trn/acc1 9.99e-01, trn/loss 1.72e-01, trn/loss_ce 2.88e-03, trn/loss_wd 3.39e+02, trn/lr 3.55e-03
[2022-02-07 17:28:49,581][INFO] [Epoch 168/200] trn/acc1 9.99e-01, trn/loss 1.70e-01, trn/loss_ce 2.45e-03, trn/loss_wd 3.35e+02, trn/lr 3.35e-03
[2022-02-07 17:28:53,444][INFO] [Epoch 169/200] trn/acc1 9.99e-01, trn/loss 1.68e-01, trn/loss_ce 2.27e-03, trn/loss_wd 3.32e+02, trn/lr 3.15e-03
[2022-02-07 17:28:57,302][INFO] [Epoch 170/200] trn/acc1 1.00e+00, trn/loss 1.66e-01, trn/loss_ce 2.04e-03, trn/loss_wd 3.28e+02, trn/lr 2.96e-03
[2022-02-07 17:29:01,149][INFO] [Epoch 171/200] trn/acc1 1.00e+00, trn/loss 1.64e-01, trn/loss_ce 1.58e-03, trn/loss_wd 3.25e+02, trn/lr 2.77e-03
[2022-02-07 17:29:05,001][INFO] [Epoch 172/200] trn/acc1 1.00e+00, trn/loss 1.63e-01, trn/loss_ce 1.66e-03, trn/loss_wd 3.23e+02, trn/lr 2.59e-03
[2022-02-07 17:29:08,863][INFO] [Epoch 173/200] trn/acc1 1.00e+00, trn/loss 1.61e-01, trn/loss_ce 1.42e-03, trn/loss_wd 3.20e+02, trn/lr 2.41e-03
[2022-02-07 17:29:12,742][INFO] [Epoch 174/200] trn/acc1 1.00e+00, trn/loss 1.60e-01, trn/loss_ce 1.41e-03, trn/loss_wd 3.18e+02, trn/lr 2.24e-03
[2022-02-07 17:29:16,590][INFO] [Epoch 175/200] trn/acc1 1.00e+00, trn/loss 1.59e-01, trn/loss_ce 1.40e-03, trn/loss_wd 3.15e+02, trn/lr 2.08e-03
[2022-02-07 17:29:20,576][INFO] [Epoch 176/200] trn/acc1 1.00e+00, trn/loss 1.58e-01, trn/loss_ce 1.52e-03, trn/loss_wd 3.13e+02, trn/lr 1.92e-03
[2022-02-07 17:29:24,433][INFO] [Epoch 177/200] trn/acc1 1.00e+00, trn/loss 1.57e-01, trn/loss_ce 1.27e-03, trn/loss_wd 3.12e+02, trn/lr 1.77e-03
[2022-02-07 17:29:28,539][INFO] [Epoch 178/200] trn/acc1 1.00e+00, trn/loss 1.56e-01, trn/loss_ce 1.17e-03, trn/loss_wd 3.10e+02, trn/lr 1.63e-03
[2022-02-07 17:29:32,390][INFO] [Epoch 179/200] trn/acc1 1.00e+00, trn/loss 1.55e-01, trn/loss_ce 1.21e-03, trn/loss_wd 3.08e+02, trn/lr 1.49e-03
[2022-02-07 17:29:36,256][INFO] [Epoch 180/200] trn/acc1 1.00e+00, trn/loss 1.55e-01, trn/loss_ce 1.12e-03, trn/loss_wd 3.07e+02, trn/lr 1.35e-03
[2022-02-07 17:29:36,368][INFO] [Epoch 180/200] Validation: val/acc1 0.9380, val/loss_ce 0.2505
[2022-02-07 17:29:44,213][INFO] [Epoch 181/200] trn/acc1 1.00e+00, trn/loss 1.54e-01, trn/loss_ce 1.24e-03, trn/loss_wd 3.06e+02, trn/lr 1.22e-03
[2022-02-07 17:29:44,314][INFO] [Epoch 181/200] Validation: val/acc1 0.9398, val/loss_ce 0.2496
[2022-02-07 17:29:50,787][INFO] [Epoch 182/200] trn/acc1 1.00e+00, trn/loss 1.53e-01, trn/loss_ce 1.06e-03, trn/loss_wd 3.04e+02, trn/lr 1.10e-03
[2022-02-07 17:29:50,888][INFO] [Epoch 182/200] Validation: val/acc1 0.9412, val/loss_ce 0.2495
[2022-02-07 17:29:58,066][INFO] [Epoch 183/200] trn/acc1 1.00e+00, trn/loss 1.53e-01, trn/loss_ce 1.32e-03, trn/loss_wd 3.03e+02, trn/lr 9.87e-04
[2022-02-07 17:29:58,168][INFO] [Epoch 183/200] Validation: val/acc1 0.9412, val/loss_ce 0.2505
[2022-02-07 17:30:03,667][INFO] [Epoch 184/200] trn/acc1 1.00e+00, trn/loss 1.52e-01, trn/loss_ce 1.15e-03, trn/loss_wd 3.03e+02, trn/lr 8.79e-04
[2022-02-07 17:30:03,767][INFO] [Epoch 184/200] Validation: val/acc1 0.9424, val/loss_ce 0.2483
[2022-02-07 17:30:12,463][INFO] [Epoch 185/200] trn/acc1 1.00e+00, trn/loss 1.52e-01, trn/loss_ce 1.10e-03, trn/loss_wd 3.02e+02, trn/lr 7.76e-04
[2022-02-07 17:30:12,563][INFO] [Epoch 185/200] Validation: val/acc1 0.9400, val/loss_ce 0.2489
[2022-02-07 17:30:17,263][INFO] [Epoch 186/200] trn/acc1 1.00e+00, trn/loss 1.52e-01, trn/loss_ce 1.04e-03, trn/loss_wd 3.01e+02, trn/lr 6.79e-04
[2022-02-07 17:30:17,649][INFO] [Epoch 186/200] Validation: val/acc1 0.9406, val/loss_ce 0.2455
[2022-02-07 17:30:24,627][INFO] [Epoch 187/200] trn/acc1 1.00e+00, trn/loss 1.51e-01, trn/loss_ce 1.04e-03, trn/loss_wd 3.00e+02, trn/lr 5.89e-04
[2022-02-07 17:30:24,907][INFO] [Epoch 187/200] Validation: val/acc1 0.9416, val/loss_ce 0.2461
[2022-02-07 17:30:30,182][INFO] [Epoch 188/200] trn/acc1 1.00e+00, trn/loss 1.51e-01, trn/loss_ce 1.03e-03, trn/loss_wd 3.00e+02, trn/lr 5.06e-04
[2022-02-07 17:30:30,654][INFO] [Epoch 188/200] Validation: val/acc1 0.9418, val/loss_ce 0.2472
[2022-02-07 17:30:35,459][INFO] [Epoch 189/200] trn/acc1 1.00e+00, trn/loss 1.51e-01, trn/loss_ce 1.10e-03, trn/loss_wd 2.99e+02, trn/lr 4.28e-04
[2022-02-07 17:30:35,630][INFO] [Epoch 189/200] Validation: val/acc1 0.9410, val/loss_ce 0.2448
[2022-02-07 17:30:41,280][INFO] [Epoch 190/200] trn/acc1 1.00e+00, trn/loss 1.51e-01, trn/loss_ce 9.86e-04, trn/loss_wd 2.99e+02, trn/lr 3.57e-04
[2022-02-07 17:30:41,381][INFO] [Epoch 190/200] Validation: val/acc1 0.9408, val/loss_ce 0.2454
[2022-02-07 17:30:46,195][INFO] [Epoch 191/200] trn/acc1 1.00e+00, trn/loss 1.50e-01, trn/loss_ce 9.92e-04, trn/loss_wd 2.99e+02, trn/lr 2.93e-04
[2022-02-07 17:30:46,296][INFO] [Epoch 191/200] Validation: val/acc1 0.9412, val/loss_ce 0.2446
[2022-02-07 17:30:51,699][INFO] [Epoch 192/200] trn/acc1 1.00e+00, trn/loss 1.50e-01, trn/loss_ce 9.97e-04, trn/loss_wd 2.98e+02, trn/lr 2.34e-04
[2022-02-07 17:30:51,800][INFO] [Epoch 192/200] Validation: val/acc1 0.9406, val/loss_ce 0.2452
[2022-02-07 17:30:56,482][INFO] [Epoch 193/200] trn/acc1 1.00e+00, trn/loss 1.50e-01, trn/loss_ce 9.89e-04, trn/loss_wd 2.98e+02, trn/lr 1.83e-04
[2022-02-07 17:30:56,583][INFO] [Epoch 193/200] Validation: val/acc1 0.9404, val/loss_ce 0.2454
[2022-02-07 17:31:01,296][INFO] [Epoch 194/200] trn/acc1 1.00e+00, trn/loss 1.50e-01, trn/loss_ce 1.02e-03, trn/loss_wd 2.98e+02, trn/lr 1.37e-04
[2022-02-07 17:31:01,396][INFO] [Epoch 194/200] Validation: val/acc1 0.9410, val/loss_ce 0.2451
[2022-02-07 17:31:06,096][INFO] [Epoch 195/200] trn/acc1 1.00e+00, trn/loss 1.50e-01, trn/loss_ce 9.15e-04, trn/loss_wd 2.98e+02, trn/lr 9.84e-05
[2022-02-07 17:31:06,196][INFO] [Epoch 195/200] Validation: val/acc1 0.9406, val/loss_ce 0.2438
[2022-02-07 17:31:11,622][INFO] [Epoch 196/200] trn/acc1 1.00e+00, trn/loss 1.50e-01, trn/loss_ce 9.74e-04, trn/loss_wd 2.98e+02, trn/lr 6.60e-05
[2022-02-07 17:31:11,722][INFO] [Epoch 196/200] Validation: val/acc1 0.9404, val/loss_ce 0.2447
[2022-02-07 17:31:16,384][INFO] [Epoch 197/200] trn/acc1 1.00e+00, trn/loss 1.50e-01, trn/loss_ce 1.04e-03, trn/loss_wd 2.98e+02, trn/lr 4.00e-05
[2022-02-07 17:31:16,484][INFO] [Epoch 197/200] Validation: val/acc1 0.9412, val/loss_ce 0.2453
[2022-02-07 17:31:21,145][INFO] [Epoch 198/200] trn/acc1 1.00e+00, trn/loss 1.50e-01, trn/loss_ce 1.00e-03, trn/loss_wd 2.98e+02, trn/lr 2.06e-05
[2022-02-07 17:31:21,246][INFO] [Epoch 198/200] Validation: val/acc1 0.9408, val/loss_ce 0.2450
[2022-02-07 17:31:25,987][INFO] [Epoch 199/200] trn/acc1 1.00e+00, trn/loss 1.50e-01, trn/loss_ce 9.85e-04, trn/loss_wd 2.98e+02, trn/lr 7.58e-06
[2022-02-07 17:31:26,087][INFO] [Epoch 199/200] Validation: val/acc1 0.9404, val/loss_ce 0.2452
[2022-02-07 17:31:30,733][INFO] [Epoch 200/200] trn/acc1 1.00e+00, trn/loss 1.50e-01, trn/loss_ce 1.22e-03, trn/loss_wd 2.98e+02, trn/lr 1.09e-06
[2022-02-07 17:31:30,833][INFO] [Epoch 200/200] Validation: val/acc1 0.9408, val/loss_ce 0.2465
