[2022-02-04 16:10:08,263][INFO] Environments:
------------  ---------------------------------------------------------------------------
sys.platform  linux
Python        3.7.11 (default, Nov 23 2021, 05:29:02) [GCC 7.5.0]
JAX           0.2.27 @/mnt/data1/giung/venvs/jax0.2.27/lib/python3.7/site-packages/jax
jaxlib        0.1.75 @/mnt/data1/giung/venvs/jax0.2.27/lib/python3.7/site-packages/jaxlib
Flax          0.4.0 @/mnt/data1/giung/venvs/jax0.2.27/lib/python3.7/site-packages/flax
Optax         0.1.0 @/mnt/data1/giung/venvs/jax0.2.27/lib/python3.7/site-packages/optax
------------  ---------------------------------------------------------------------------

[2022-02-04 16:10:08,263][INFO] Command line arguments:
Namespace(batch_size=128, config_file='./configs/C10_WRN28x10-BN-ReLU_SGD.yaml', keep_every_n_checkpoints=None, learning_rate=0.1, num_epochs=200, num_warmup_epochs=5, opts=['MODEL.BACKBONE.RESNET.WIDEN_FACTOR', '5'], output_dir='./outputs/C10_WRN28x5-BN-ReLU/SGD/s42_e200_wd5e-4/', seed=42, weight_decay=0.0005)

[2022-02-04 16:10:08,263][INFO] Using a random seed 42

[2022-02-04 16:10:08,297][INFO] Unable to initialize backend 'tpu_driver': NOT_FOUND: Unable to find driver in registry given worker: 
[2022-02-04 16:10:08,630][INFO] Unable to initialize backend 'tpu': INVALID_ARGUMENT: TpuPlatform is not available.
[2022-02-04 16:10:16,186][INFO] Found no checkpoint files in outputs/C10_WRN28x5-BN-ReLU/SGD/s42_e200_wd5e-4
[2022-02-04 16:10:44,720][INFO] [Epoch   1/200] trn/acc1 3.47e-01, trn/loss 5.40e+00, trn/loss_ce 1.78e+00, trn/loss_wd 7.23e+03, trn/lr 9.97e-03
[2022-02-04 16:10:47,356][INFO] [Epoch   1/200] Validation: val/acc1 0.4476, val/loss_ce 1.5151
[2022-02-04 16:11:04,658][INFO] [Epoch   2/200] trn/acc1 5.64e-01, trn/loss 4.59e+00, trn/loss_ce 1.21e+00, trn/loss_wd 6.77e+03, trn/lr 3.00e-02
[2022-02-04 16:11:17,530][INFO] [Epoch   3/200] trn/acc1 6.64e-01, trn/loss 3.92e+00, trn/loss_ce 9.50e-01, trn/loss_wd 5.94e+03, trn/lr 5.00e-02
[2022-02-04 16:11:30,418][INFO] [Epoch   4/200] trn/acc1 7.22e-01, trn/loss 3.25e+00, trn/loss_ce 7.98e-01, trn/loss_wd 4.91e+03, trn/lr 7.00e-02
[2022-02-04 16:11:43,324][INFO] [Epoch   5/200] trn/acc1 7.58e-01, trn/loss 2.62e+00, trn/loss_ce 6.98e-01, trn/loss_wd 3.84e+03, trn/lr 9.00e-02
[2022-02-04 16:11:56,231][INFO] [Epoch   6/200] trn/acc1 7.89e-01, trn/loss 2.07e+00, trn/loss_ce 6.12e-01, trn/loss_wd 2.91e+03, trn/lr 1.00e-01
[2022-02-04 16:12:09,139][INFO] [Epoch   7/200] trn/acc1 8.08e-01, trn/loss 1.67e+00, trn/loss_ce 5.56e-01, trn/loss_wd 2.22e+03, trn/lr 1.00e-01
[2022-02-04 16:12:22,061][INFO] [Epoch   8/200] trn/acc1 8.24e-01, trn/loss 1.39e+00, trn/loss_ce 5.17e-01, trn/loss_wd 1.75e+03, trn/lr 1.00e-01
[2022-02-04 16:12:35,002][INFO] [Epoch   9/200] trn/acc1 8.33e-01, trn/loss 1.20e+00, trn/loss_ce 4.86e-01, trn/loss_wd 1.42e+03, trn/lr 9.99e-02
[2022-02-04 16:12:47,954][INFO] [Epoch  10/200] trn/acc1 8.38e-01, trn/loss 1.07e+00, trn/loss_ce 4.68e-01, trn/loss_wd 1.19e+03, trn/lr 9.99e-02
[2022-02-04 16:13:00,907][INFO] [Epoch  11/200] trn/acc1 8.48e-01, trn/loss 9.69e-01, trn/loss_ce 4.48e-01, trn/loss_wd 1.04e+03, trn/lr 9.98e-02
[2022-02-04 16:13:13,886][INFO] [Epoch  12/200] trn/acc1 8.51e-01, trn/loss 9.09e-01, trn/loss_ce 4.37e-01, trn/loss_wd 9.44e+02, trn/lr 9.97e-02
[2022-02-04 16:13:26,848][INFO] [Epoch  13/200] trn/acc1 8.57e-01, trn/loss 8.63e-01, trn/loss_ce 4.21e-01, trn/loss_wd 8.84e+02, trn/lr 9.96e-02
[2022-02-04 16:13:39,799][INFO] [Epoch  14/200] trn/acc1 8.59e-01, trn/loss 8.36e-01, trn/loss_ce 4.16e-01, trn/loss_wd 8.40e+02, trn/lr 9.95e-02
[2022-02-04 16:13:52,772][INFO] [Epoch  15/200] trn/acc1 8.64e-01, trn/loss 8.07e-01, trn/loss_ce 4.00e-01, trn/loss_wd 8.14e+02, trn/lr 9.94e-02
[2022-02-04 16:14:05,739][INFO] [Epoch  16/200] trn/acc1 8.65e-01, trn/loss 7.93e-01, trn/loss_ce 3.93e-01, trn/loss_wd 8.00e+02, trn/lr 9.93e-02
[2022-02-04 16:14:18,711][INFO] [Epoch  17/200] trn/acc1 8.66e-01, trn/loss 7.86e-01, trn/loss_ce 3.89e-01, trn/loss_wd 7.94e+02, trn/lr 9.91e-02
[2022-02-04 16:14:31,672][INFO] [Epoch  18/200] trn/acc1 8.72e-01, trn/loss 7.74e-01, trn/loss_ce 3.78e-01, trn/loss_wd 7.91e+02, trn/lr 9.90e-02
[2022-02-04 16:14:44,671][INFO] [Epoch  19/200] trn/acc1 8.71e-01, trn/loss 7.68e-01, trn/loss_ce 3.75e-01, trn/loss_wd 7.86e+02, trn/lr 9.88e-02
[2022-02-04 16:14:57,628][INFO] [Epoch  20/200] trn/acc1 8.75e-01, trn/loss 7.62e-01, trn/loss_ce 3.69e-01, trn/loss_wd 7.87e+02, trn/lr 9.86e-02
[2022-02-04 16:14:57,962][INFO] [Epoch  20/200] Validation: val/acc1 0.8168, val/loss_ce 0.5344
[2022-02-04 16:15:14,279][INFO] [Epoch  21/200] trn/acc1 8.75e-01, trn/loss 7.61e-01, trn/loss_ce 3.65e-01, trn/loss_wd 7.93e+02, trn/lr 9.84e-02
[2022-02-04 16:15:27,225][INFO] [Epoch  22/200] trn/acc1 8.78e-01, trn/loss 7.54e-01, trn/loss_ce 3.55e-01, trn/loss_wd 7.98e+02, trn/lr 9.82e-02
[2022-02-04 16:15:40,175][INFO] [Epoch  23/200] trn/acc1 8.80e-01, trn/loss 7.52e-01, trn/loss_ce 3.52e-01, trn/loss_wd 7.99e+02, trn/lr 9.80e-02
[2022-02-04 16:15:53,134][INFO] [Epoch  24/200] trn/acc1 8.82e-01, trn/loss 7.43e-01, trn/loss_ce 3.44e-01, trn/loss_wd 7.98e+02, trn/lr 9.78e-02
[2022-02-04 16:16:06,109][INFO] [Epoch  25/200] trn/acc1 8.84e-01, trn/loss 7.43e-01, trn/loss_ce 3.43e-01, trn/loss_wd 8.01e+02, trn/lr 9.76e-02
[2022-02-04 16:16:19,077][INFO] [Epoch  26/200] trn/acc1 8.82e-01, trn/loss 7.47e-01, trn/loss_ce 3.44e-01, trn/loss_wd 8.06e+02, trn/lr 9.73e-02
[2022-02-04 16:16:32,072][INFO] [Epoch  27/200] trn/acc1 8.86e-01, trn/loss 7.41e-01, trn/loss_ce 3.36e-01, trn/loss_wd 8.10e+02, trn/lr 9.70e-02
[2022-02-04 16:16:45,054][INFO] [Epoch  28/200] trn/acc1 8.85e-01, trn/loss 7.42e-01, trn/loss_ce 3.33e-01, trn/loss_wd 8.17e+02, trn/lr 9.68e-02
[2022-02-04 16:16:58,024][INFO] [Epoch  29/200] trn/acc1 8.88e-01, trn/loss 7.35e-01, trn/loss_ce 3.25e-01, trn/loss_wd 8.21e+02, trn/lr 9.65e-02
[2022-02-04 16:17:10,990][INFO] [Epoch  30/200] trn/acc1 8.90e-01, trn/loss 7.33e-01, trn/loss_ce 3.21e-01, trn/loss_wd 8.24e+02, trn/lr 9.62e-02
[2022-02-04 16:17:23,977][INFO] [Epoch  31/200] trn/acc1 8.92e-01, trn/loss 7.33e-01, trn/loss_ce 3.20e-01, trn/loss_wd 8.27e+02, trn/lr 9.58e-02
[2022-02-04 16:17:36,944][INFO] [Epoch  32/200] trn/acc1 8.93e-01, trn/loss 7.25e-01, trn/loss_ce 3.11e-01, trn/loss_wd 8.27e+02, trn/lr 9.55e-02
[2022-02-04 16:17:49,910][INFO] [Epoch  33/200] trn/acc1 8.90e-01, trn/loss 7.35e-01, trn/loss_ce 3.20e-01, trn/loss_wd 8.29e+02, trn/lr 9.52e-02
[2022-02-04 16:18:02,868][INFO] [Epoch  34/200] trn/acc1 8.92e-01, trn/loss 7.27e-01, trn/loss_ce 3.12e-01, trn/loss_wd 8.30e+02, trn/lr 9.48e-02
[2022-02-04 16:18:15,836][INFO] [Epoch  35/200] trn/acc1 8.95e-01, trn/loss 7.26e-01, trn/loss_ce 3.10e-01, trn/loss_wd 8.31e+02, trn/lr 9.45e-02
[2022-02-04 16:18:28,798][INFO] [Epoch  36/200] trn/acc1 8.92e-01, trn/loss 7.32e-01, trn/loss_ce 3.13e-01, trn/loss_wd 8.37e+02, trn/lr 9.41e-02
[2022-02-04 16:18:41,762][INFO] [Epoch  37/200] trn/acc1 8.95e-01, trn/loss 7.28e-01, trn/loss_ce 3.07e-01, trn/loss_wd 8.42e+02, trn/lr 9.37e-02
[2022-02-04 16:18:54,744][INFO] [Epoch  38/200] trn/acc1 8.98e-01, trn/loss 7.23e-01, trn/loss_ce 3.02e-01, trn/loss_wd 8.43e+02, trn/lr 9.33e-02
[2022-02-04 16:19:07,812][INFO] [Epoch  39/200] trn/acc1 9.00e-01, trn/loss 7.17e-01, trn/loss_ce 2.96e-01, trn/loss_wd 8.43e+02, trn/lr 9.29e-02
[2022-02-04 16:19:20,770][INFO] [Epoch  40/200] trn/acc1 8.99e-01, trn/loss 7.16e-01, trn/loss_ce 2.95e-01, trn/loss_wd 8.42e+02, trn/lr 9.25e-02
[2022-02-04 16:19:21,103][INFO] [Epoch  40/200] Validation: val/acc1 0.8408, val/loss_ce 0.5134
[2022-02-04 16:19:36,847][INFO] [Epoch  41/200] trn/acc1 8.98e-01, trn/loss 7.20e-01, trn/loss_ce 2.98e-01, trn/loss_wd 8.43e+02, trn/lr 9.20e-02
[2022-02-04 16:19:49,816][INFO] [Epoch  42/200] trn/acc1 9.01e-01, trn/loss 7.13e-01, trn/loss_ce 2.92e-01, trn/loss_wd 8.41e+02, trn/lr 9.16e-02
[2022-02-04 16:20:02,787][INFO] [Epoch  43/200] trn/acc1 9.00e-01, trn/loss 7.11e-01, trn/loss_ce 2.92e-01, trn/loss_wd 8.39e+02, trn/lr 9.11e-02
[2022-02-04 16:20:15,738][INFO] [Epoch  44/200] trn/acc1 9.02e-01, trn/loss 7.10e-01, trn/loss_ce 2.90e-01, trn/loss_wd 8.40e+02, trn/lr 9.07e-02
[2022-02-04 16:20:28,687][INFO] [Epoch  45/200] trn/acc1 9.04e-01, trn/loss 7.06e-01, trn/loss_ce 2.86e-01, trn/loss_wd 8.40e+02, trn/lr 9.02e-02
[2022-02-04 16:20:41,635][INFO] [Epoch  46/200] trn/acc1 9.04e-01, trn/loss 7.06e-01, trn/loss_ce 2.85e-01, trn/loss_wd 8.42e+02, trn/lr 8.97e-02
[2022-02-04 16:20:54,595][INFO] [Epoch  47/200] trn/acc1 9.04e-01, trn/loss 7.04e-01, trn/loss_ce 2.82e-01, trn/loss_wd 8.43e+02, trn/lr 8.92e-02
[2022-02-04 16:21:07,561][INFO] [Epoch  48/200] trn/acc1 9.04e-01, trn/loss 7.01e-01, trn/loss_ce 2.80e-01, trn/loss_wd 8.42e+02, trn/lr 8.87e-02
[2022-02-04 16:21:20,521][INFO] [Epoch  49/200] trn/acc1 9.05e-01, trn/loss 6.97e-01, trn/loss_ce 2.76e-01, trn/loss_wd 8.41e+02, trn/lr 8.82e-02
[2022-02-04 16:21:33,485][INFO] [Epoch  50/200] trn/acc1 9.06e-01, trn/loss 6.99e-01, trn/loss_ce 2.77e-01, trn/loss_wd 8.43e+02, trn/lr 8.77e-02
[2022-02-04 16:21:46,443][INFO] [Epoch  51/200] trn/acc1 9.05e-01, trn/loss 6.97e-01, trn/loss_ce 2.76e-01, trn/loss_wd 8.43e+02, trn/lr 8.72e-02
[2022-02-04 16:21:59,383][INFO] [Epoch  52/200] trn/acc1 9.07e-01, trn/loss 6.93e-01, trn/loss_ce 2.71e-01, trn/loss_wd 8.44e+02, trn/lr 8.66e-02
[2022-02-04 16:22:12,341][INFO] [Epoch  53/200] trn/acc1 9.08e-01, trn/loss 6.93e-01, trn/loss_ce 2.72e-01, trn/loss_wd 8.43e+02, trn/lr 8.61e-02
[2022-02-04 16:22:25,302][INFO] [Epoch  54/200] trn/acc1 9.07e-01, trn/loss 6.87e-01, trn/loss_ce 2.67e-01, trn/loss_wd 8.40e+02, trn/lr 8.55e-02
[2022-02-04 16:22:38,253][INFO] [Epoch  55/200] trn/acc1 9.08e-01, trn/loss 6.89e-01, trn/loss_ce 2.69e-01, trn/loss_wd 8.41e+02, trn/lr 8.49e-02
[2022-02-04 16:22:51,201][INFO] [Epoch  56/200] trn/acc1 9.09e-01, trn/loss 6.85e-01, trn/loss_ce 2.64e-01, trn/loss_wd 8.41e+02, trn/lr 8.43e-02
[2022-02-04 16:23:04,146][INFO] [Epoch  57/200] trn/acc1 9.11e-01, trn/loss 6.80e-01, trn/loss_ce 2.62e-01, trn/loss_wd 8.38e+02, trn/lr 8.38e-02
[2022-02-04 16:23:17,099][INFO] [Epoch  58/200] trn/acc1 9.10e-01, trn/loss 6.78e-01, trn/loss_ce 2.60e-01, trn/loss_wd 8.35e+02, trn/lr 8.32e-02
[2022-02-04 16:23:30,072][INFO] [Epoch  59/200] trn/acc1 9.12e-01, trn/loss 6.79e-01, trn/loss_ce 2.61e-01, trn/loss_wd 8.37e+02, trn/lr 8.25e-02
[2022-02-04 16:23:43,134][INFO] [Epoch  60/200] trn/acc1 9.12e-01, trn/loss 6.75e-01, trn/loss_ce 2.56e-01, trn/loss_wd 8.38e+02, trn/lr 8.19e-02
[2022-02-04 16:23:43,468][INFO] [Epoch  60/200] Validation: val/acc1 0.8748, val/loss_ce 0.4071
[2022-02-04 16:23:59,790][INFO] [Epoch  61/200] trn/acc1 9.12e-01, trn/loss 6.73e-01, trn/loss_ce 2.55e-01, trn/loss_wd 8.36e+02, trn/lr 8.13e-02
[2022-02-04 16:24:12,733][INFO] [Epoch  62/200] trn/acc1 9.13e-01, trn/loss 6.68e-01, trn/loss_ce 2.52e-01, trn/loss_wd 8.34e+02, trn/lr 8.07e-02
[2022-02-04 16:24:25,674][INFO] [Epoch  63/200] trn/acc1 9.14e-01, trn/loss 6.69e-01, trn/loss_ce 2.51e-01, trn/loss_wd 8.35e+02, trn/lr 8.00e-02
[2022-02-04 16:24:38,617][INFO] [Epoch  64/200] trn/acc1 9.17e-01, trn/loss 6.61e-01, trn/loss_ce 2.45e-01, trn/loss_wd 8.32e+02, trn/lr 7.94e-02
[2022-02-04 16:24:51,566][INFO] [Epoch  65/200] trn/acc1 9.17e-01, trn/loss 6.57e-01, trn/loss_ce 2.43e-01, trn/loss_wd 8.29e+02, trn/lr 7.87e-02
[2022-02-04 16:25:04,511][INFO] [Epoch  66/200] trn/acc1 9.16e-01, trn/loss 6.64e-01, trn/loss_ce 2.49e-01, trn/loss_wd 8.30e+02, trn/lr 7.81e-02
[2022-02-04 16:25:17,469][INFO] [Epoch  67/200] trn/acc1 9.17e-01, trn/loss 6.56e-01, trn/loss_ce 2.41e-01, trn/loss_wd 8.30e+02, trn/lr 7.74e-02
[2022-02-04 16:25:30,414][INFO] [Epoch  68/200] trn/acc1 9.17e-01, trn/loss 6.59e-01, trn/loss_ce 2.45e-01, trn/loss_wd 8.28e+02, trn/lr 7.67e-02
[2022-02-04 16:25:43,390][INFO] [Epoch  69/200] trn/acc1 9.18e-01, trn/loss 6.55e-01, trn/loss_ce 2.42e-01, trn/loss_wd 8.26e+02, trn/lr 7.60e-02
[2022-02-04 16:25:56,371][INFO] [Epoch  70/200] trn/acc1 9.19e-01, trn/loss 6.47e-01, trn/loss_ce 2.36e-01, trn/loss_wd 8.21e+02, trn/lr 7.53e-02
[2022-02-04 16:26:09,343][INFO] [Epoch  71/200] trn/acc1 9.20e-01, trn/loss 6.44e-01, trn/loss_ce 2.35e-01, trn/loss_wd 8.19e+02, trn/lr 7.47e-02
[2022-02-04 16:26:22,322][INFO] [Epoch  72/200] trn/acc1 9.20e-01, trn/loss 6.41e-01, trn/loss_ce 2.31e-01, trn/loss_wd 8.20e+02, trn/lr 7.39e-02
[2022-02-04 16:26:35,302][INFO] [Epoch  73/200] trn/acc1 9.22e-01, trn/loss 6.40e-01, trn/loss_ce 2.30e-01, trn/loss_wd 8.20e+02, trn/lr 7.32e-02
[2022-02-04 16:26:48,275][INFO] [Epoch  74/200] trn/acc1 9.20e-01, trn/loss 6.40e-01, trn/loss_ce 2.32e-01, trn/loss_wd 8.16e+02, trn/lr 7.25e-02
[2022-02-04 16:27:01,265][INFO] [Epoch  75/200] trn/acc1 9.23e-01, trn/loss 6.35e-01, trn/loss_ce 2.25e-01, trn/loss_wd 8.19e+02, trn/lr 7.18e-02
[2022-02-04 16:27:14,248][INFO] [Epoch  76/200] trn/acc1 9.23e-01, trn/loss 6.32e-01, trn/loss_ce 2.24e-01, trn/loss_wd 8.17e+02, trn/lr 7.11e-02
[2022-02-04 16:27:27,221][INFO] [Epoch  77/200] trn/acc1 9.22e-01, trn/loss 6.31e-01, trn/loss_ce 2.23e-01, trn/loss_wd 8.16e+02, trn/lr 7.03e-02
[2022-02-04 16:27:40,191][INFO] [Epoch  78/200] trn/acc1 9.25e-01, trn/loss 6.26e-01, trn/loss_ce 2.21e-01, trn/loss_wd 8.10e+02, trn/lr 6.96e-02
[2022-02-04 16:27:53,168][INFO] [Epoch  79/200] trn/acc1 9.27e-01, trn/loss 6.19e-01, trn/loss_ce 2.15e-01, trn/loss_wd 8.09e+02, trn/lr 6.89e-02
[2022-02-04 16:28:06,146][INFO] [Epoch  80/200] trn/acc1 9.25e-01, trn/loss 6.24e-01, trn/loss_ce 2.20e-01, trn/loss_wd 8.08e+02, trn/lr 6.81e-02
[2022-02-04 16:28:06,480][INFO] [Epoch  80/200] Validation: val/acc1 0.8508, val/loss_ce 0.4826
[2022-02-04 16:28:20,446][INFO] [Epoch  81/200] trn/acc1 9.27e-01, trn/loss 6.16e-01, trn/loss_ce 2.14e-01, trn/loss_wd 8.05e+02, trn/lr 6.74e-02
[2022-02-04 16:28:33,419][INFO] [Epoch  82/200] trn/acc1 9.26e-01, trn/loss 6.14e-01, trn/loss_ce 2.13e-01, trn/loss_wd 8.01e+02, trn/lr 6.66e-02
[2022-02-04 16:28:46,388][INFO] [Epoch  83/200] trn/acc1 9.30e-01, trn/loss 6.05e-01, trn/loss_ce 2.08e-01, trn/loss_wd 7.94e+02, trn/lr 6.58e-02
[2022-02-04 16:28:59,420][INFO] [Epoch  84/200] trn/acc1 9.33e-01, trn/loss 5.95e-01, trn/loss_ce 2.01e-01, trn/loss_wd 7.89e+02, trn/lr 6.51e-02
[2022-02-04 16:29:12,383][INFO] [Epoch  85/200] trn/acc1 9.28e-01, trn/loss 6.05e-01, trn/loss_ce 2.10e-01, trn/loss_wd 7.88e+02, trn/lr 6.43e-02
[2022-02-04 16:29:25,341][INFO] [Epoch  86/200] trn/acc1 9.30e-01, trn/loss 5.99e-01, trn/loss_ce 2.05e-01, trn/loss_wd 7.88e+02, trn/lr 6.35e-02
[2022-02-04 16:29:38,307][INFO] [Epoch  87/200] trn/acc1 9.32e-01, trn/loss 5.89e-01, trn/loss_ce 1.97e-01, trn/loss_wd 7.83e+02, trn/lr 6.27e-02
[2022-02-04 16:29:51,264][INFO] [Epoch  88/200] trn/acc1 9.33e-01, trn/loss 5.86e-01, trn/loss_ce 1.95e-01, trn/loss_wd 7.81e+02, trn/lr 6.20e-02
[2022-02-04 16:30:04,223][INFO] [Epoch  89/200] trn/acc1 9.34e-01, trn/loss 5.85e-01, trn/loss_ce 1.96e-01, trn/loss_wd 7.79e+02, trn/lr 6.12e-02
[2022-02-04 16:30:17,178][INFO] [Epoch  90/200] trn/acc1 9.34e-01, trn/loss 5.83e-01, trn/loss_ce 1.93e-01, trn/loss_wd 7.79e+02, trn/lr 6.04e-02
[2022-02-04 16:30:30,132][INFO] [Epoch  91/200] trn/acc1 9.33e-01, trn/loss 5.86e-01, trn/loss_ce 1.98e-01, trn/loss_wd 7.76e+02, trn/lr 5.96e-02
[2022-02-04 16:30:43,655][INFO] [Epoch  92/200] trn/acc1 9.36e-01, trn/loss 5.73e-01, trn/loss_ce 1.86e-01, trn/loss_wd 7.74e+02, trn/lr 5.88e-02
[2022-02-04 16:30:56,620][INFO] [Epoch  93/200] trn/acc1 9.37e-01, trn/loss 5.71e-01, trn/loss_ce 1.87e-01, trn/loss_wd 7.69e+02, trn/lr 5.80e-02
[2022-02-04 16:31:09,570][INFO] [Epoch  94/200] trn/acc1 9.38e-01, trn/loss 5.65e-01, trn/loss_ce 1.83e-01, trn/loss_wd 7.65e+02, trn/lr 5.72e-02
[2022-02-04 16:31:22,539][INFO] [Epoch  95/200] trn/acc1 9.39e-01, trn/loss 5.57e-01, trn/loss_ce 1.77e-01, trn/loss_wd 7.61e+02, trn/lr 5.64e-02
[2022-02-04 16:31:35,513][INFO] [Epoch  96/200] trn/acc1 9.37e-01, trn/loss 5.63e-01, trn/loss_ce 1.83e-01, trn/loss_wd 7.60e+02, trn/lr 5.56e-02
[2022-02-04 16:31:48,475][INFO] [Epoch  97/200] trn/acc1 9.41e-01, trn/loss 5.49e-01, trn/loss_ce 1.70e-01, trn/loss_wd 7.58e+02, trn/lr 5.48e-02
[2022-02-04 16:32:01,423][INFO] [Epoch  98/200] trn/acc1 9.40e-01, trn/loss 5.52e-01, trn/loss_ce 1.74e-01, trn/loss_wd 7.55e+02, trn/lr 5.40e-02
[2022-02-04 16:32:14,370][INFO] [Epoch  99/200] trn/acc1 9.41e-01, trn/loss 5.46e-01, trn/loss_ce 1.70e-01, trn/loss_wd 7.52e+02, trn/lr 5.32e-02
[2022-02-04 16:32:27,326][INFO] [Epoch 100/200] trn/acc1 9.45e-01, trn/loss 5.42e-01, trn/loss_ce 1.68e-01, trn/loss_wd 7.48e+02, trn/lr 5.24e-02
[2022-02-04 16:32:27,659][INFO] [Epoch 100/200] Validation: val/acc1 0.9056, val/loss_ce 0.3214
[2022-02-04 16:32:43,798][INFO] [Epoch 101/200] trn/acc1 9.44e-01, trn/loss 5.35e-01, trn/loss_ce 1.65e-01, trn/loss_wd 7.42e+02, trn/lr 5.16e-02
[2022-02-04 16:32:57,131][INFO] [Epoch 102/200] trn/acc1 9.43e-01, trn/loss 5.36e-01, trn/loss_ce 1.67e-01, trn/loss_wd 7.39e+02, trn/lr 5.08e-02
[2022-02-04 16:33:10,090][INFO] [Epoch 103/200] trn/acc1 9.46e-01, trn/loss 5.24e-01, trn/loss_ce 1.58e-01, trn/loss_wd 7.32e+02, trn/lr 5.00e-02
[2022-02-04 16:33:23,059][INFO] [Epoch 104/200] trn/acc1 9.45e-01, trn/loss 5.27e-01, trn/loss_ce 1.62e-01, trn/loss_wd 7.31e+02, trn/lr 4.92e-02
[2022-02-04 16:33:36,045][INFO] [Epoch 105/200] trn/acc1 9.46e-01, trn/loss 5.25e-01, trn/loss_ce 1.60e-01, trn/loss_wd 7.30e+02, trn/lr 4.84e-02
[2022-02-04 16:33:49,123][INFO] [Epoch 106/200] trn/acc1 9.48e-01, trn/loss 5.14e-01, trn/loss_ce 1.51e-01, trn/loss_wd 7.26e+02, trn/lr 4.76e-02
[2022-02-04 16:34:02,100][INFO] [Epoch 107/200] trn/acc1 9.50e-01, trn/loss 5.07e-01, trn/loss_ce 1.47e-01, trn/loss_wd 7.20e+02, trn/lr 4.68e-02
[2022-02-04 16:34:15,062][INFO] [Epoch 108/200] trn/acc1 9.49e-01, trn/loss 5.05e-01, trn/loss_ce 1.47e-01, trn/loss_wd 7.16e+02, trn/lr 4.60e-02
[2022-02-04 16:34:28,045][INFO] [Epoch 109/200] trn/acc1 9.49e-01, trn/loss 5.05e-01, trn/loss_ce 1.47e-01, trn/loss_wd 7.15e+02, trn/lr 4.52e-02
[2022-02-04 16:34:41,019][INFO] [Epoch 110/200] trn/acc1 9.50e-01, trn/loss 5.01e-01, trn/loss_ce 1.45e-01, trn/loss_wd 7.12e+02, trn/lr 4.44e-02
[2022-02-04 16:34:54,671][INFO] [Epoch 111/200] trn/acc1 9.52e-01, trn/loss 4.94e-01, trn/loss_ce 1.40e-01, trn/loss_wd 7.07e+02, trn/lr 4.36e-02
[2022-02-04 16:35:07,660][INFO] [Epoch 112/200] trn/acc1 9.53e-01, trn/loss 4.89e-01, trn/loss_ce 1.37e-01, trn/loss_wd 7.03e+02, trn/lr 4.28e-02
[2022-02-04 16:35:20,633][INFO] [Epoch 113/200] trn/acc1 9.56e-01, trn/loss 4.78e-01, trn/loss_ce 1.30e-01, trn/loss_wd 6.96e+02, trn/lr 4.20e-02
[2022-02-04 16:35:33,601][INFO] [Epoch 114/200] trn/acc1 9.56e-01, trn/loss 4.75e-01, trn/loss_ce 1.31e-01, trn/loss_wd 6.89e+02, trn/lr 4.12e-02
[2022-02-04 16:35:46,570][INFO] [Epoch 115/200] trn/acc1 9.56e-01, trn/loss 4.70e-01, trn/loss_ce 1.28e-01, trn/loss_wd 6.84e+02, trn/lr 4.04e-02
[2022-02-04 16:35:59,529][INFO] [Epoch 116/200] trn/acc1 9.57e-01, trn/loss 4.64e-01, trn/loss_ce 1.25e-01, trn/loss_wd 6.79e+02, trn/lr 3.96e-02
[2022-02-04 16:36:12,498][INFO] [Epoch 117/200] trn/acc1 9.59e-01, trn/loss 4.57e-01, trn/loss_ce 1.21e-01, trn/loss_wd 6.72e+02, trn/lr 3.88e-02
[2022-02-04 16:36:25,458][INFO] [Epoch 118/200] trn/acc1 9.56e-01, trn/loss 4.62e-01, trn/loss_ce 1.28e-01, trn/loss_wd 6.69e+02, trn/lr 3.80e-02
[2022-02-04 16:36:38,420][INFO] [Epoch 119/200] trn/acc1 9.61e-01, trn/loss 4.47e-01, trn/loss_ce 1.15e-01, trn/loss_wd 6.64e+02, trn/lr 3.73e-02
[2022-02-04 16:36:51,381][INFO] [Epoch 120/200] trn/acc1 9.60e-01, trn/loss 4.45e-01, trn/loss_ce 1.15e-01, trn/loss_wd 6.60e+02, trn/lr 3.65e-02
[2022-02-04 16:36:51,714][INFO] [Epoch 120/200] Validation: val/acc1 0.8932, val/loss_ce 0.3729
[2022-02-04 16:37:05,448][INFO] [Epoch 121/200] trn/acc1 9.63e-01, trn/loss 4.39e-01, trn/loss_ce 1.12e-01, trn/loss_wd 6.55e+02, trn/lr 3.57e-02
[2022-02-04 16:37:18,388][INFO] [Epoch 122/200] trn/acc1 9.64e-01, trn/loss 4.32e-01, trn/loss_ce 1.09e-01, trn/loss_wd 6.47e+02, trn/lr 3.49e-02
[2022-02-04 16:37:31,344][INFO] [Epoch 123/200] trn/acc1 9.65e-01, trn/loss 4.24e-01, trn/loss_ce 1.04e-01, trn/loss_wd 6.39e+02, trn/lr 3.42e-02
[2022-02-04 16:37:44,287][INFO] [Epoch 124/200] trn/acc1 9.63e-01, trn/loss 4.24e-01, trn/loss_ce 1.06e-01, trn/loss_wd 6.35e+02, trn/lr 3.34e-02
[2022-02-04 16:37:57,250][INFO] [Epoch 125/200] trn/acc1 9.68e-01, trn/loss 4.12e-01, trn/loss_ce 9.80e-02, trn/loss_wd 6.28e+02, trn/lr 3.26e-02
[2022-02-04 16:38:10,206][INFO] [Epoch 126/200] trn/acc1 9.66e-01, trn/loss 4.11e-01, trn/loss_ce 1.00e-01, trn/loss_wd 6.22e+02, trn/lr 3.19e-02
[2022-02-04 16:38:23,154][INFO] [Epoch 127/200] trn/acc1 9.66e-01, trn/loss 4.09e-01, trn/loss_ce 1.01e-01, trn/loss_wd 6.17e+02, trn/lr 3.11e-02
[2022-02-04 16:38:36,092][INFO] [Epoch 128/200] trn/acc1 9.67e-01, trn/loss 4.03e-01, trn/loss_ce 9.67e-02, trn/loss_wd 6.13e+02, trn/lr 3.04e-02
[2022-02-04 16:38:49,096][INFO] [Epoch 129/200] trn/acc1 9.70e-01, trn/loss 3.94e-01, trn/loss_ce 9.08e-02, trn/loss_wd 6.06e+02, trn/lr 2.97e-02
[2022-02-04 16:39:02,040][INFO] [Epoch 130/200] trn/acc1 9.70e-01, trn/loss 3.87e-01, trn/loss_ce 8.79e-02, trn/loss_wd 5.97e+02, trn/lr 2.89e-02
[2022-02-04 16:39:14,993][INFO] [Epoch 131/200] trn/acc1 9.73e-01, trn/loss 3.77e-01, trn/loss_ce 8.25e-02, trn/loss_wd 5.90e+02, trn/lr 2.82e-02
[2022-02-04 16:39:27,933][INFO] [Epoch 132/200] trn/acc1 9.71e-01, trn/loss 3.77e-01, trn/loss_ce 8.53e-02, trn/loss_wd 5.84e+02, trn/lr 2.75e-02
[2022-02-04 16:39:40,879][INFO] [Epoch 133/200] trn/acc1 9.73e-01, trn/loss 3.73e-01, trn/loss_ce 8.42e-02, trn/loss_wd 5.78e+02, trn/lr 2.68e-02
[2022-02-04 16:39:53,824][INFO] [Epoch 134/200] trn/acc1 9.77e-01, trn/loss 3.59e-01, trn/loss_ce 7.33e-02, trn/loss_wd 5.71e+02, trn/lr 2.61e-02
[2022-02-04 16:40:06,778][INFO] [Epoch 135/200] trn/acc1 9.77e-01, trn/loss 3.51e-01, trn/loss_ce 7.03e-02, trn/loss_wd 5.60e+02, trn/lr 2.54e-02
[2022-02-04 16:40:19,716][INFO] [Epoch 136/200] trn/acc1 9.75e-01, trn/loss 3.55e-01, trn/loss_ce 7.83e-02, trn/loss_wd 5.54e+02, trn/lr 2.47e-02
[2022-02-04 16:40:32,665][INFO] [Epoch 137/200] trn/acc1 9.76e-01, trn/loss 3.46e-01, trn/loss_ce 7.14e-02, trn/loss_wd 5.49e+02, trn/lr 2.40e-02
[2022-02-04 16:40:45,613][INFO] [Epoch 138/200] trn/acc1 9.80e-01, trn/loss 3.34e-01, trn/loss_ce 6.34e-02, trn/loss_wd 5.42e+02, trn/lr 2.33e-02
[2022-02-04 16:40:58,569][INFO] [Epoch 139/200] trn/acc1 9.80e-01, trn/loss 3.29e-01, trn/loss_ce 6.18e-02, trn/loss_wd 5.34e+02, trn/lr 2.26e-02
[2022-02-04 16:41:11,518][INFO] [Epoch 140/200] trn/acc1 9.81e-01, trn/loss 3.23e-01, trn/loss_ce 6.03e-02, trn/loss_wd 5.25e+02, trn/lr 2.19e-02
[2022-02-04 16:41:11,850][INFO] [Epoch 140/200] Validation: val/acc1 0.9264, val/loss_ce 0.2571
[2022-02-04 16:41:27,591][INFO] [Epoch 141/200] trn/acc1 9.82e-01, trn/loss 3.16e-01, trn/loss_ce 5.77e-02, trn/loss_wd 5.17e+02, trn/lr 2.13e-02
[2022-02-04 16:41:40,562][INFO] [Epoch 142/200] trn/acc1 9.81e-01, trn/loss 3.13e-01, trn/loss_ce 5.85e-02, trn/loss_wd 5.10e+02, trn/lr 2.06e-02
[2022-02-04 16:41:53,524][INFO] [Epoch 143/200] trn/acc1 9.85e-01, trn/loss 3.00e-01, trn/loss_ce 4.90e-02, trn/loss_wd 5.03e+02, trn/lr 2.00e-02
[2022-02-04 16:42:06,472][INFO] [Epoch 144/200] trn/acc1 9.85e-01, trn/loss 2.93e-01, trn/loss_ce 4.68e-02, trn/loss_wd 4.92e+02, trn/lr 1.93e-02
[2022-02-04 16:42:19,637][INFO] [Epoch 145/200] trn/acc1 9.84e-01, trn/loss 2.94e-01, trn/loss_ce 5.13e-02, trn/loss_wd 4.85e+02, trn/lr 1.87e-02
[2022-02-04 16:42:32,588][INFO] [Epoch 146/200] trn/acc1 9.85e-01, trn/loss 2.86e-01, trn/loss_ce 4.75e-02, trn/loss_wd 4.78e+02, trn/lr 1.81e-02
[2022-02-04 16:42:45,570][INFO] [Epoch 147/200] trn/acc1 9.87e-01, trn/loss 2.78e-01, trn/loss_ce 4.28e-02, trn/loss_wd 4.70e+02, trn/lr 1.75e-02
[2022-02-04 16:42:58,542][INFO] [Epoch 148/200] trn/acc1 9.87e-01, trn/loss 2.73e-01, trn/loss_ce 4.25e-02, trn/loss_wd 4.62e+02, trn/lr 1.68e-02
[2022-02-04 16:43:11,517][INFO] [Epoch 149/200] trn/acc1 9.89e-01, trn/loss 2.65e-01, trn/loss_ce 3.85e-02, trn/loss_wd 4.53e+02, trn/lr 1.62e-02
[2022-02-04 16:43:24,472][INFO] [Epoch 150/200] trn/acc1 9.90e-01, trn/loss 2.56e-01, trn/loss_ce 3.31e-02, trn/loss_wd 4.45e+02, trn/lr 1.57e-02
[2022-02-04 16:43:37,481][INFO] [Epoch 151/200] trn/acc1 9.89e-01, trn/loss 2.53e-01, trn/loss_ce 3.52e-02, trn/loss_wd 4.37e+02, trn/lr 1.51e-02
[2022-02-04 16:43:50,445][INFO] [Epoch 152/200] trn/acc1 9.90e-01, trn/loss 2.44e-01, trn/loss_ce 3.03e-02, trn/loss_wd 4.28e+02, trn/lr 1.45e-02
[2022-02-04 16:44:03,409][INFO] [Epoch 153/200] trn/acc1 9.92e-01, trn/loss 2.37e-01, trn/loss_ce 2.77e-02, trn/loss_wd 4.19e+02, trn/lr 1.39e-02
[2022-02-04 16:44:16,369][INFO] [Epoch 154/200] trn/acc1 9.91e-01, trn/loss 2.35e-01, trn/loss_ce 2.92e-02, trn/loss_wd 4.11e+02, trn/lr 1.34e-02
[2022-02-04 16:44:29,347][INFO] [Epoch 155/200] trn/acc1 9.94e-01, trn/loss 2.24e-01, trn/loss_ce 2.26e-02, trn/loss_wd 4.03e+02, trn/lr 1.28e-02
[2022-02-04 16:44:42,312][INFO] [Epoch 156/200] trn/acc1 9.93e-01, trn/loss 2.21e-01, trn/loss_ce 2.35e-02, trn/loss_wd 3.94e+02, trn/lr 1.23e-02
[2022-02-04 16:44:55,290][INFO] [Epoch 157/200] trn/acc1 9.93e-01, trn/loss 2.17e-01, trn/loss_ce 2.39e-02, trn/loss_wd 3.87e+02, trn/lr 1.18e-02
[2022-02-04 16:45:08,257][INFO] [Epoch 158/200] trn/acc1 9.94e-01, trn/loss 2.11e-01, trn/loss_ce 2.10e-02, trn/loss_wd 3.79e+02, trn/lr 1.13e-02
[2022-02-04 16:45:21,220][INFO] [Epoch 159/200] trn/acc1 9.94e-01, trn/loss 2.06e-01, trn/loss_ce 1.99e-02, trn/loss_wd 3.72e+02, trn/lr 1.08e-02
[2022-02-04 16:45:34,164][INFO] [Epoch 160/200] trn/acc1 9.96e-01, trn/loss 1.97e-01, trn/loss_ce 1.47e-02, trn/loss_wd 3.65e+02, trn/lr 1.03e-02
[2022-02-04 16:45:34,494][INFO] [Epoch 160/200] Validation: val/acc1 0.9468, val/loss_ce 0.2057
[2022-02-04 16:45:50,400][INFO] [Epoch 161/200] trn/acc1 9.97e-01, trn/loss 1.91e-01, trn/loss_ce 1.23e-02, trn/loss_wd 3.57e+02, trn/lr 9.79e-03
[2022-02-04 16:46:03,349][INFO] [Epoch 162/200] trn/acc1 9.98e-01, trn/loss 1.84e-01, trn/loss_ce 9.51e-03, trn/loss_wd 3.48e+02, trn/lr 9.31e-03
[2022-02-04 16:46:16,307][INFO] [Epoch 163/200] trn/acc1 9.98e-01, trn/loss 1.80e-01, trn/loss_ce 9.81e-03, trn/loss_wd 3.40e+02, trn/lr 8.85e-03
[2022-02-04 16:46:29,258][INFO] [Epoch 164/200] trn/acc1 9.98e-01, trn/loss 1.76e-01, trn/loss_ce 9.74e-03, trn/loss_wd 3.33e+02, trn/lr 8.40e-03
[2022-02-04 16:46:42,211][INFO] [Epoch 165/200] trn/acc1 9.99e-01, trn/loss 1.70e-01, trn/loss_ce 7.24e-03, trn/loss_wd 3.26e+02, trn/lr 7.96e-03
[2022-02-04 16:46:55,160][INFO] [Epoch 166/200] trn/acc1 9.98e-01, trn/loss 1.67e-01, trn/loss_ce 7.17e-03, trn/loss_wd 3.19e+02, trn/lr 7.53e-03
[2022-02-04 16:47:08,109][INFO] [Epoch 167/200] trn/acc1 9.99e-01, trn/loss 1.63e-01, trn/loss_ce 6.02e-03, trn/loss_wd 3.13e+02, trn/lr 7.11e-03
[2022-02-04 16:47:21,048][INFO] [Epoch 168/200] trn/acc1 9.99e-01, trn/loss 1.58e-01, trn/loss_ce 4.35e-03, trn/loss_wd 3.07e+02, trn/lr 6.70e-03
[2022-02-04 16:47:34,007][INFO] [Epoch 169/200] trn/acc1 9.99e-01, trn/loss 1.56e-01, trn/loss_ce 4.93e-03, trn/loss_wd 3.01e+02, trn/lr 6.30e-03
[2022-02-04 16:47:46,946][INFO] [Epoch 170/200] trn/acc1 9.99e-01, trn/loss 1.52e-01, trn/loss_ce 3.96e-03, trn/loss_wd 2.96e+02, trn/lr 5.92e-03
[2022-02-04 16:47:59,887][INFO] [Epoch 171/200] trn/acc1 1.00e+00, trn/loss 1.48e-01, trn/loss_ce 2.74e-03, trn/loss_wd 2.91e+02, trn/lr 5.54e-03
[2022-02-04 16:48:13,393][INFO] [Epoch 172/200] trn/acc1 1.00e+00, trn/loss 1.46e-01, trn/loss_ce 2.58e-03, trn/loss_wd 2.86e+02, trn/lr 5.18e-03
[2022-02-04 16:48:26,335][INFO] [Epoch 173/200] trn/acc1 1.00e+00, trn/loss 1.43e-01, trn/loss_ce 2.58e-03, trn/loss_wd 2.81e+02, trn/lr 4.83e-03
[2022-02-04 16:48:39,290][INFO] [Epoch 174/200] trn/acc1 1.00e+00, trn/loss 1.41e-01, trn/loss_ce 2.55e-03, trn/loss_wd 2.77e+02, trn/lr 4.49e-03
[2022-02-04 16:48:52,241][INFO] [Epoch 175/200] trn/acc1 1.00e+00, trn/loss 1.39e-01, trn/loss_ce 2.37e-03, trn/loss_wd 2.74e+02, trn/lr 4.16e-03
[2022-02-04 16:49:05,200][INFO] [Epoch 176/200] trn/acc1 1.00e+00, trn/loss 1.37e-01, trn/loss_ce 1.91e-03, trn/loss_wd 2.70e+02, trn/lr 3.85e-03
[2022-02-04 16:49:18,176][INFO] [Epoch 177/200] trn/acc1 1.00e+00, trn/loss 1.35e-01, trn/loss_ce 1.93e-03, trn/loss_wd 2.67e+02, trn/lr 3.54e-03
[2022-02-04 16:49:31,131][INFO] [Epoch 178/200] trn/acc1 1.00e+00, trn/loss 1.34e-01, trn/loss_ce 1.72e-03, trn/loss_wd 2.64e+02, trn/lr 3.25e-03
[2022-02-04 16:49:44,076][INFO] [Epoch 179/200] trn/acc1 1.00e+00, trn/loss 1.33e-01, trn/loss_ce 2.11e-03, trn/loss_wd 2.61e+02, trn/lr 2.97e-03
[2022-02-04 16:49:57,023][INFO] [Epoch 180/200] trn/acc1 1.00e+00, trn/loss 1.31e-01, trn/loss_ce 1.87e-03, trn/loss_wd 2.59e+02, trn/lr 2.70e-03
[2022-02-04 16:49:57,356][INFO] [Epoch 180/200] Validation: val/acc1 0.9572, val/loss_ce 0.1692
[2022-02-04 16:50:13,073][INFO] [Epoch 181/200] trn/acc1 1.00e+00, trn/loss 1.30e-01, trn/loss_ce 1.77e-03, trn/loss_wd 2.57e+02, trn/lr 2.45e-03
[2022-02-04 16:50:13,406][INFO] [Epoch 181/200] Validation: val/acc1 0.9584, val/loss_ce 0.1681
[2022-02-04 16:50:29,733][INFO] [Epoch 182/200] trn/acc1 1.00e+00, trn/loss 1.29e-01, trn/loss_ce 1.70e-03, trn/loss_wd 2.55e+02, trn/lr 2.21e-03
[2022-02-04 16:50:30,064][INFO] [Epoch 182/200] Validation: val/acc1 0.9564, val/loss_ce 0.1700
[2022-02-04 16:50:43,781][INFO] [Epoch 183/200] trn/acc1 1.00e+00, trn/loss 1.28e-01, trn/loss_ce 1.68e-03, trn/loss_wd 2.53e+02, trn/lr 1.97e-03
[2022-02-04 16:50:44,114][INFO] [Epoch 183/200] Validation: val/acc1 0.9552, val/loss_ce 0.1707
[2022-02-04 16:50:57,819][INFO] [Epoch 184/200] trn/acc1 1.00e+00, trn/loss 1.28e-01, trn/loss_ce 1.69e-03, trn/loss_wd 2.52e+02, trn/lr 1.76e-03
[2022-02-04 16:50:58,155][INFO] [Epoch 184/200] Validation: val/acc1 0.9568, val/loss_ce 0.1684
[2022-02-04 16:51:11,869][INFO] [Epoch 185/200] trn/acc1 1.00e+00, trn/loss 1.27e-01, trn/loss_ce 1.63e-03, trn/loss_wd 2.51e+02, trn/lr 1.55e-03
[2022-02-04 16:51:12,200][INFO] [Epoch 185/200] Validation: val/acc1 0.9560, val/loss_ce 0.1696
[2022-02-04 16:51:25,892][INFO] [Epoch 186/200] trn/acc1 1.00e+00, trn/loss 1.26e-01, trn/loss_ce 1.62e-03, trn/loss_wd 2.49e+02, trn/lr 1.36e-03
[2022-02-04 16:51:26,221][INFO] [Epoch 186/200] Validation: val/acc1 0.9548, val/loss_ce 0.1672
[2022-02-04 16:51:41,263][INFO] [Epoch 187/200] trn/acc1 1.00e+00, trn/loss 1.26e-01, trn/loss_ce 1.75e-03, trn/loss_wd 2.48e+02, trn/lr 1.18e-03
[2022-02-04 16:51:41,595][INFO] [Epoch 187/200] Validation: val/acc1 0.9580, val/loss_ce 0.1694
[2022-02-04 16:51:55,274][INFO] [Epoch 188/200] trn/acc1 1.00e+00, trn/loss 1.25e-01, trn/loss_ce 1.74e-03, trn/loss_wd 2.47e+02, trn/lr 1.01e-03
[2022-02-04 16:51:55,667][INFO] [Epoch 188/200] Validation: val/acc1 0.9576, val/loss_ce 0.1671
[2022-02-04 16:52:10,805][INFO] [Epoch 189/200] trn/acc1 1.00e+00, trn/loss 1.25e-01, trn/loss_ce 1.64e-03, trn/loss_wd 2.47e+02, trn/lr 8.56e-04
[2022-02-04 16:52:11,136][INFO] [Epoch 189/200] Validation: val/acc1 0.9572, val/loss_ce 0.1645
[2022-02-04 16:52:25,512][INFO] [Epoch 190/200] trn/acc1 1.00e+00, trn/loss 1.25e-01, trn/loss_ce 1.75e-03, trn/loss_wd 2.46e+02, trn/lr 7.14e-04
[2022-02-04 16:52:25,843][INFO] [Epoch 190/200] Validation: val/acc1 0.9564, val/loss_ce 0.1637
[2022-02-04 16:52:41,453][INFO] [Epoch 191/200] trn/acc1 1.00e+00, trn/loss 1.24e-01, trn/loss_ce 1.57e-03, trn/loss_wd 2.46e+02, trn/lr 5.85e-04
[2022-02-04 16:52:41,784][INFO] [Epoch 191/200] Validation: val/acc1 0.9560, val/loss_ce 0.1645
[2022-02-04 16:52:55,453][INFO] [Epoch 192/200] trn/acc1 1.00e+00, trn/loss 1.24e-01, trn/loss_ce 1.55e-03, trn/loss_wd 2.45e+02, trn/lr 4.69e-04
[2022-02-04 16:52:55,783][INFO] [Epoch 192/200] Validation: val/acc1 0.9576, val/loss_ce 0.1640
[2022-02-04 16:53:09,465][INFO] [Epoch 193/200] trn/acc1 1.00e+00, trn/loss 1.24e-01, trn/loss_ce 1.70e-03, trn/loss_wd 2.45e+02, trn/lr 3.65e-04
[2022-02-04 16:53:09,795][INFO] [Epoch 193/200] Validation: val/acc1 0.9584, val/loss_ce 0.1636
[2022-02-04 16:53:25,026][INFO] [Epoch 194/200] trn/acc1 1.00e+00, trn/loss 1.24e-01, trn/loss_ce 1.59e-03, trn/loss_wd 2.45e+02, trn/lr 2.75e-04
[2022-02-04 16:53:25,357][INFO] [Epoch 194/200] Validation: val/acc1 0.9572, val/loss_ce 0.1642
[2022-02-04 16:53:39,040][INFO] [Epoch 195/200] trn/acc1 1.00e+00, trn/loss 1.24e-01, trn/loss_ce 1.53e-03, trn/loss_wd 2.44e+02, trn/lr 1.97e-04
[2022-02-04 16:53:39,370][INFO] [Epoch 195/200] Validation: val/acc1 0.9568, val/loss_ce 0.1636
[2022-02-04 16:53:53,865][INFO] [Epoch 196/200] trn/acc1 1.00e+00, trn/loss 1.24e-01, trn/loss_ce 1.60e-03, trn/loss_wd 2.44e+02, trn/lr 1.32e-04
[2022-02-04 16:53:54,197][INFO] [Epoch 196/200] Validation: val/acc1 0.9568, val/loss_ce 0.1643
[2022-02-04 16:54:07,895][INFO] [Epoch 197/200] trn/acc1 1.00e+00, trn/loss 1.24e-01, trn/loss_ce 1.56e-03, trn/loss_wd 2.44e+02, trn/lr 8.01e-05
[2022-02-04 16:54:08,227][INFO] [Epoch 197/200] Validation: val/acc1 0.9564, val/loss_ce 0.1638
[2022-02-04 16:54:21,922][INFO] [Epoch 198/200] trn/acc1 1.00e+00, trn/loss 1.24e-01, trn/loss_ce 1.63e-03, trn/loss_wd 2.44e+02, trn/lr 4.11e-05
[2022-02-04 16:54:22,254][INFO] [Epoch 198/200] Validation: val/acc1 0.9584, val/loss_ce 0.1643
[2022-02-04 16:54:35,953][INFO] [Epoch 199/200] trn/acc1 1.00e+00, trn/loss 1.24e-01, trn/loss_ce 1.66e-03, trn/loss_wd 2.44e+02, trn/lr 1.52e-05
[2022-02-04 16:54:36,284][INFO] [Epoch 199/200] Validation: val/acc1 0.9564, val/loss_ce 0.1632
[2022-02-04 16:54:51,308][INFO] [Epoch 200/200] trn/acc1 1.00e+00, trn/loss 1.24e-01, trn/loss_ce 1.63e-03, trn/loss_wd 2.44e+02, trn/lr 2.17e-06
[2022-02-04 16:54:51,639][INFO] [Epoch 200/200] Validation: val/acc1 0.9572, val/loss_ce 0.1638
