[2022-02-07 16:43:41,139][INFO] Environments:
------------  ---------------------------------------------------------------------------
sys.platform  linux
Python        3.7.11 (default, Nov 23 2021, 05:29:02) [GCC 7.5.0]
JAX           0.2.27 @/mnt/data1/giung/venvs/jax0.2.27/lib/python3.7/site-packages/jax
jaxlib        0.1.75 @/mnt/data1/giung/venvs/jax0.2.27/lib/python3.7/site-packages/jaxlib
Flax          0.4.0 @/mnt/data1/giung/venvs/jax0.2.27/lib/python3.7/site-packages/flax
Optax         0.1.0 @/mnt/data1/giung/venvs/jax0.2.27/lib/python3.7/site-packages/optax
------------  ---------------------------------------------------------------------------

[2022-02-07 16:43:41,139][INFO] Command line arguments:
Namespace(batch_size=128, config_file='./configs/C10_VGG11-ReLU_SGD.yaml', keep_every_n_checkpoints=None, learning_rate=0.05, num_epochs=200, num_warmup_epochs=5, opts=[], output_dir='./outputs/C10_VGG11-ReLU/SGD/s42_e200_wd5e-4/', seed=42, weight_decay=0.0005)

[2022-02-07 16:43:41,139][INFO] Using a random seed 42

[2022-02-07 16:43:41,171][INFO] Unable to initialize backend 'tpu_driver': NOT_FOUND: Unable to find driver in registry given worker: 
[2022-02-07 16:43:41,407][INFO] Unable to initialize backend 'tpu': INVALID_ARGUMENT: TpuPlatform is not available.
[2022-02-07 16:43:44,473][INFO] Found no checkpoint files in outputs/C10_VGG11-ReLU/SGD/s42_e200_wd5e-4
[2022-02-07 16:43:58,433][INFO] [Epoch   1/200] trn/acc1 3.39e-01, trn/loss 3.73e+00, trn/loss_ce 1.85e+00, trn/loss_wd 3.76e+03, trn/lr 4.99e-03
[2022-02-07 16:43:59,710][INFO] [Epoch   1/200] Validation: val/acc1 0.4738, val/loss_ce 1.4452
[2022-02-07 16:44:06,741][INFO] [Epoch   2/200] trn/acc1 4.96e-01, trn/loss 3.23e+00, trn/loss_ce 1.40e+00, trn/loss_wd 3.66e+03, trn/lr 1.50e-02
[2022-02-07 16:44:09,269][INFO] [Epoch   3/200] trn/acc1 5.86e-01, trn/loss 2.90e+00, trn/loss_ce 1.17e+00, trn/loss_wd 3.46e+03, trn/lr 2.50e-02
[2022-02-07 16:44:11,792][INFO] [Epoch   4/200] trn/acc1 6.45e-01, trn/loss 2.62e+00, trn/loss_ce 1.02e+00, trn/loss_wd 3.20e+03, trn/lr 3.50e-02
[2022-02-07 16:44:14,311][INFO] [Epoch   5/200] trn/acc1 6.90e-01, trn/loss 2.35e+00, trn/loss_ce 9.03e-01, trn/loss_wd 2.90e+03, trn/lr 4.50e-02
[2022-02-07 16:44:16,843][INFO] [Epoch   6/200] trn/acc1 7.17e-01, trn/loss 2.12e+00, trn/loss_ce 8.25e-01, trn/loss_wd 2.59e+03, trn/lr 5.00e-02
[2022-02-07 16:44:19,372][INFO] [Epoch   7/200] trn/acc1 7.49e-01, trn/loss 1.90e+00, trn/loss_ce 7.37e-01, trn/loss_wd 2.32e+03, trn/lr 5.00e-02
[2022-02-07 16:44:21,906][INFO] [Epoch   8/200] trn/acc1 7.64e-01, trn/loss 1.73e+00, trn/loss_ce 6.90e-01, trn/loss_wd 2.08e+03, trn/lr 5.00e-02
[2022-02-07 16:44:24,450][INFO] [Epoch   9/200] trn/acc1 7.81e-01, trn/loss 1.59e+00, trn/loss_ce 6.42e-01, trn/loss_wd 1.89e+03, trn/lr 5.00e-02
[2022-02-07 16:44:26,991][INFO] [Epoch  10/200] trn/acc1 7.98e-01, trn/loss 1.46e+00, trn/loss_ce 6.02e-01, trn/loss_wd 1.72e+03, trn/lr 4.99e-02
[2022-02-07 16:44:29,538][INFO] [Epoch  11/200] trn/acc1 8.03e-01, trn/loss 1.37e+00, trn/loss_ce 5.83e-01, trn/loss_wd 1.58e+03, trn/lr 4.99e-02
[2022-02-07 16:44:32,198][INFO] [Epoch  12/200] trn/acc1 8.15e-01, trn/loss 1.29e+00, trn/loss_ce 5.51e-01, trn/loss_wd 1.47e+03, trn/lr 4.99e-02
[2022-02-07 16:44:34,751][INFO] [Epoch  13/200] trn/acc1 8.22e-01, trn/loss 1.22e+00, trn/loss_ce 5.30e-01, trn/loss_wd 1.37e+03, trn/lr 4.98e-02
[2022-02-07 16:44:37,301][INFO] [Epoch  14/200] trn/acc1 8.28e-01, trn/loss 1.16e+00, trn/loss_ce 5.13e-01, trn/loss_wd 1.29e+03, trn/lr 4.98e-02
[2022-02-07 16:44:39,852][INFO] [Epoch  15/200] trn/acc1 8.32e-01, trn/loss 1.11e+00, trn/loss_ce 4.98e-01, trn/loss_wd 1.23e+03, trn/lr 4.97e-02
[2022-02-07 16:44:42,394][INFO] [Epoch  16/200] trn/acc1 8.37e-01, trn/loss 1.07e+00, trn/loss_ce 4.84e-01, trn/loss_wd 1.17e+03, trn/lr 4.96e-02
[2022-02-07 16:44:44,947][INFO] [Epoch  17/200] trn/acc1 8.40e-01, trn/loss 1.03e+00, trn/loss_ce 4.69e-01, trn/loss_wd 1.13e+03, trn/lr 4.96e-02
[2022-02-07 16:44:47,499][INFO] [Epoch  18/200] trn/acc1 8.47e-01, trn/loss 1.00e+00, trn/loss_ce 4.55e-01, trn/loss_wd 1.09e+03, trn/lr 4.95e-02
[2022-02-07 16:44:50,054][INFO] [Epoch  19/200] trn/acc1 8.49e-01, trn/loss 9.80e-01, trn/loss_ce 4.48e-01, trn/loss_wd 1.06e+03, trn/lr 4.94e-02
[2022-02-07 16:44:52,608][INFO] [Epoch  20/200] trn/acc1 8.54e-01, trn/loss 9.55e-01, trn/loss_ce 4.35e-01, trn/loss_wd 1.04e+03, trn/lr 4.93e-02
[2022-02-07 16:44:52,676][INFO] [Epoch  20/200] Validation: val/acc1 0.8328, val/loss_ce 0.4976
[2022-02-07 16:45:05,205][INFO] [Epoch  21/200] trn/acc1 8.55e-01, trn/loss 9.46e-01, trn/loss_ce 4.33e-01, trn/loss_wd 1.03e+03, trn/lr 4.92e-02
[2022-02-07 16:45:07,754][INFO] [Epoch  22/200] trn/acc1 8.58e-01, trn/loss 9.31e-01, trn/loss_ce 4.25e-01, trn/loss_wd 1.01e+03, trn/lr 4.91e-02
[2022-02-07 16:45:10,302][INFO] [Epoch  23/200] trn/acc1 8.62e-01, trn/loss 9.12e-01, trn/loss_ce 4.12e-01, trn/loss_wd 1.00e+03, trn/lr 4.90e-02
[2022-02-07 16:45:12,852][INFO] [Epoch  24/200] trn/acc1 8.64e-01, trn/loss 9.01e-01, trn/loss_ce 4.05e-01, trn/loss_wd 9.92e+02, trn/lr 4.89e-02
[2022-02-07 16:45:15,408][INFO] [Epoch  25/200] trn/acc1 8.61e-01, trn/loss 8.96e-01, trn/loss_ce 4.05e-01, trn/loss_wd 9.84e+02, trn/lr 4.88e-02
[2022-02-07 16:45:17,960][INFO] [Epoch  26/200] trn/acc1 8.71e-01, trn/loss 8.79e-01, trn/loss_ce 3.89e-01, trn/loss_wd 9.79e+02, trn/lr 4.86e-02
[2022-02-07 16:45:20,513][INFO] [Epoch  27/200] trn/acc1 8.69e-01, trn/loss 8.77e-01, trn/loss_ce 3.90e-01, trn/loss_wd 9.74e+02, trn/lr 4.85e-02
[2022-02-07 16:45:23,068][INFO] [Epoch  28/200] trn/acc1 8.71e-01, trn/loss 8.69e-01, trn/loss_ce 3.81e-01, trn/loss_wd 9.75e+02, trn/lr 4.84e-02
[2022-02-07 16:45:25,622][INFO] [Epoch  29/200] trn/acc1 8.75e-01, trn/loss 8.60e-01, trn/loss_ce 3.74e-01, trn/loss_wd 9.72e+02, trn/lr 4.82e-02
[2022-02-07 16:45:28,182][INFO] [Epoch  30/200] trn/acc1 8.76e-01, trn/loss 8.53e-01, trn/loss_ce 3.69e-01, trn/loss_wd 9.69e+02, trn/lr 4.81e-02
[2022-02-07 16:45:30,745][INFO] [Epoch  31/200] trn/acc1 8.78e-01, trn/loss 8.46e-01, trn/loss_ce 3.61e-01, trn/loss_wd 9.70e+02, trn/lr 4.79e-02
[2022-02-07 16:45:33,308][INFO] [Epoch  32/200] trn/acc1 8.78e-01, trn/loss 8.51e-01, trn/loss_ce 3.64e-01, trn/loss_wd 9.74e+02, trn/lr 4.78e-02
[2022-02-07 16:45:35,873][INFO] [Epoch  33/200] trn/acc1 8.79e-01, trn/loss 8.43e-01, trn/loss_ce 3.55e-01, trn/loss_wd 9.76e+02, trn/lr 4.76e-02
[2022-02-07 16:45:38,435][INFO] [Epoch  34/200] trn/acc1 8.82e-01, trn/loss 8.42e-01, trn/loss_ce 3.54e-01, trn/loss_wd 9.77e+02, trn/lr 4.74e-02
[2022-02-07 16:45:40,996][INFO] [Epoch  35/200] trn/acc1 8.83e-01, trn/loss 8.35e-01, trn/loss_ce 3.46e-01, trn/loss_wd 9.79e+02, trn/lr 4.72e-02
[2022-02-07 16:45:43,556][INFO] [Epoch  36/200] trn/acc1 8.84e-01, trn/loss 8.38e-01, trn/loss_ce 3.48e-01, trn/loss_wd 9.81e+02, trn/lr 4.70e-02
[2022-02-07 16:45:46,120][INFO] [Epoch  37/200] trn/acc1 8.87e-01, trn/loss 8.29e-01, trn/loss_ce 3.38e-01, trn/loss_wd 9.82e+02, trn/lr 4.68e-02
[2022-02-07 16:45:48,680][INFO] [Epoch  38/200] trn/acc1 8.88e-01, trn/loss 8.25e-01, trn/loss_ce 3.34e-01, trn/loss_wd 9.82e+02, trn/lr 4.67e-02
[2022-02-07 16:45:51,245][INFO] [Epoch  39/200] trn/acc1 8.87e-01, trn/loss 8.29e-01, trn/loss_ce 3.35e-01, trn/loss_wd 9.88e+02, trn/lr 4.64e-02
[2022-02-07 16:45:53,808][INFO] [Epoch  40/200] trn/acc1 8.89e-01, trn/loss 8.23e-01, trn/loss_ce 3.29e-01, trn/loss_wd 9.89e+02, trn/lr 4.62e-02
[2022-02-07 16:45:53,875][INFO] [Epoch  40/200] Validation: val/acc1 0.8434, val/loss_ce 0.4760
[2022-02-07 16:46:00,220][INFO] [Epoch  41/200] trn/acc1 8.91e-01, trn/loss 8.24e-01, trn/loss_ce 3.28e-01, trn/loss_wd 9.92e+02, trn/lr 4.60e-02
[2022-02-07 16:46:02,886][INFO] [Epoch  42/200] trn/acc1 8.92e-01, trn/loss 8.20e-01, trn/loss_ce 3.24e-01, trn/loss_wd 9.93e+02, trn/lr 4.58e-02
[2022-02-07 16:46:05,456][INFO] [Epoch  43/200] trn/acc1 8.93e-01, trn/loss 8.12e-01, trn/loss_ce 3.16e-01, trn/loss_wd 9.92e+02, trn/lr 4.56e-02
[2022-02-07 16:46:08,016][INFO] [Epoch  44/200] trn/acc1 8.97e-01, trn/loss 8.08e-01, trn/loss_ce 3.12e-01, trn/loss_wd 9.91e+02, trn/lr 4.53e-02
[2022-02-07 16:46:10,580][INFO] [Epoch  45/200] trn/acc1 8.95e-01, trn/loss 8.09e-01, trn/loss_ce 3.13e-01, trn/loss_wd 9.93e+02, trn/lr 4.51e-02
[2022-02-07 16:46:13,148][INFO] [Epoch  46/200] trn/acc1 8.97e-01, trn/loss 7.98e-01, trn/loss_ce 3.02e-01, trn/loss_wd 9.93e+02, trn/lr 4.49e-02
[2022-02-07 16:46:15,775][INFO] [Epoch  47/200] trn/acc1 8.98e-01, trn/loss 7.98e-01, trn/loss_ce 3.01e-01, trn/loss_wd 9.93e+02, trn/lr 4.46e-02
[2022-02-07 16:46:18,340][INFO] [Epoch  48/200] trn/acc1 8.97e-01, trn/loss 7.98e-01, trn/loss_ce 3.01e-01, trn/loss_wd 9.93e+02, trn/lr 4.44e-02
[2022-02-07 16:46:20,907][INFO] [Epoch  49/200] trn/acc1 9.00e-01, trn/loss 7.95e-01, trn/loss_ce 2.98e-01, trn/loss_wd 9.95e+02, trn/lr 4.41e-02
[2022-02-07 16:46:23,477][INFO] [Epoch  50/200] trn/acc1 9.01e-01, trn/loss 7.94e-01, trn/loss_ce 2.97e-01, trn/loss_wd 9.94e+02, trn/lr 4.38e-02
[2022-02-07 16:46:26,050][INFO] [Epoch  51/200] trn/acc1 9.04e-01, trn/loss 7.85e-01, trn/loss_ce 2.89e-01, trn/loss_wd 9.93e+02, trn/lr 4.36e-02
[2022-02-07 16:46:28,621][INFO] [Epoch  52/200] trn/acc1 9.04e-01, trn/loss 7.81e-01, trn/loss_ce 2.85e-01, trn/loss_wd 9.92e+02, trn/lr 4.33e-02
[2022-02-07 16:46:31,190][INFO] [Epoch  53/200] trn/acc1 9.03e-01, trn/loss 7.83e-01, trn/loss_ce 2.86e-01, trn/loss_wd 9.94e+02, trn/lr 4.30e-02
[2022-02-07 16:46:33,763][INFO] [Epoch  54/200] trn/acc1 9.03e-01, trn/loss 7.84e-01, trn/loss_ce 2.86e-01, trn/loss_wd 9.95e+02, trn/lr 4.27e-02
[2022-02-07 16:46:36,332][INFO] [Epoch  55/200] trn/acc1 9.08e-01, trn/loss 7.72e-01, trn/loss_ce 2.75e-01, trn/loss_wd 9.94e+02, trn/lr 4.25e-02
[2022-02-07 16:46:38,905][INFO] [Epoch  56/200] trn/acc1 9.07e-01, trn/loss 7.71e-01, trn/loss_ce 2.75e-01, trn/loss_wd 9.93e+02, trn/lr 4.22e-02
[2022-02-07 16:46:41,476][INFO] [Epoch  57/200] trn/acc1 9.08e-01, trn/loss 7.67e-01, trn/loss_ce 2.70e-01, trn/loss_wd 9.92e+02, trn/lr 4.19e-02
[2022-02-07 16:46:44,049][INFO] [Epoch  58/200] trn/acc1 9.09e-01, trn/loss 7.68e-01, trn/loss_ce 2.71e-01, trn/loss_wd 9.93e+02, trn/lr 4.16e-02
[2022-02-07 16:46:46,620][INFO] [Epoch  59/200] trn/acc1 9.07e-01, trn/loss 7.71e-01, trn/loss_ce 2.73e-01, trn/loss_wd 9.94e+02, trn/lr 4.13e-02
[2022-02-07 16:46:49,190][INFO] [Epoch  60/200] trn/acc1 9.12e-01, trn/loss 7.57e-01, trn/loss_ce 2.61e-01, trn/loss_wd 9.93e+02, trn/lr 4.10e-02
[2022-02-07 16:46:49,259][INFO] [Epoch  60/200] Validation: val/acc1 0.8700, val/loss_ce 0.4346
[2022-02-07 16:46:58,607][INFO] [Epoch  61/200] trn/acc1 9.13e-01, trn/loss 7.51e-01, trn/loss_ce 2.57e-01, trn/loss_wd 9.88e+02, trn/lr 4.07e-02
[2022-02-07 16:47:01,300][INFO] [Epoch  62/200] trn/acc1 9.13e-01, trn/loss 7.48e-01, trn/loss_ce 2.55e-01, trn/loss_wd 9.85e+02, trn/lr 4.03e-02
[2022-02-07 16:47:03,869][INFO] [Epoch  63/200] trn/acc1 9.12e-01, trn/loss 7.46e-01, trn/loss_ce 2.54e-01, trn/loss_wd 9.84e+02, trn/lr 4.00e-02
[2022-02-07 16:47:06,437][INFO] [Epoch  64/200] trn/acc1 9.12e-01, trn/loss 7.50e-01, trn/loss_ce 2.57e-01, trn/loss_wd 9.85e+02, trn/lr 3.97e-02
[2022-02-07 16:47:09,006][INFO] [Epoch  65/200] trn/acc1 9.18e-01, trn/loss 7.34e-01, trn/loss_ce 2.44e-01, trn/loss_wd 9.81e+02, trn/lr 3.94e-02
[2022-02-07 16:47:11,580][INFO] [Epoch  66/200] trn/acc1 9.18e-01, trn/loss 7.33e-01, trn/loss_ce 2.45e-01, trn/loss_wd 9.77e+02, trn/lr 3.90e-02
[2022-02-07 16:47:14,149][INFO] [Epoch  67/200] trn/acc1 9.16e-01, trn/loss 7.33e-01, trn/loss_ce 2.45e-01, trn/loss_wd 9.75e+02, trn/lr 3.87e-02
[2022-02-07 16:47:16,714][INFO] [Epoch  68/200] trn/acc1 9.15e-01, trn/loss 7.32e-01, trn/loss_ce 2.45e-01, trn/loss_wd 9.75e+02, trn/lr 3.84e-02
[2022-02-07 16:47:19,280][INFO] [Epoch  69/200] trn/acc1 9.19e-01, trn/loss 7.27e-01, trn/loss_ce 2.40e-01, trn/loss_wd 9.75e+02, trn/lr 3.80e-02
[2022-02-07 16:47:21,846][INFO] [Epoch  70/200] trn/acc1 9.20e-01, trn/loss 7.21e-01, trn/loss_ce 2.35e-01, trn/loss_wd 9.72e+02, trn/lr 3.77e-02
[2022-02-07 16:47:24,411][INFO] [Epoch  71/200] trn/acc1 9.20e-01, trn/loss 7.20e-01, trn/loss_ce 2.34e-01, trn/loss_wd 9.72e+02, trn/lr 3.73e-02
[2022-02-07 16:47:26,977][INFO] [Epoch  72/200] trn/acc1 9.23e-01, trn/loss 7.11e-01, trn/loss_ce 2.26e-01, trn/loss_wd 9.69e+02, trn/lr 3.70e-02
[2022-02-07 16:47:29,545][INFO] [Epoch  73/200] trn/acc1 9.25e-01, trn/loss 7.05e-01, trn/loss_ce 2.23e-01, trn/loss_wd 9.65e+02, trn/lr 3.66e-02
[2022-02-07 16:47:32,119][INFO] [Epoch  74/200] trn/acc1 9.25e-01, trn/loss 7.04e-01, trn/loss_ce 2.22e-01, trn/loss_wd 9.64e+02, trn/lr 3.63e-02
[2022-02-07 16:47:34,792][INFO] [Epoch  75/200] trn/acc1 9.28e-01, trn/loss 6.97e-01, trn/loss_ce 2.17e-01, trn/loss_wd 9.61e+02, trn/lr 3.59e-02
[2022-02-07 16:47:37,363][INFO] [Epoch  76/200] trn/acc1 9.25e-01, trn/loss 7.02e-01, trn/loss_ce 2.22e-01, trn/loss_wd 9.59e+02, trn/lr 3.55e-02
[2022-02-07 16:47:39,933][INFO] [Epoch  77/200] trn/acc1 9.27e-01, trn/loss 6.95e-01, trn/loss_ce 2.16e-01, trn/loss_wd 9.57e+02, trn/lr 3.52e-02
[2022-02-07 16:47:42,499][INFO] [Epoch  78/200] trn/acc1 9.28e-01, trn/loss 6.88e-01, trn/loss_ce 2.12e-01, trn/loss_wd 9.53e+02, trn/lr 3.48e-02
[2022-02-07 16:47:45,068][INFO] [Epoch  79/200] trn/acc1 9.28e-01, trn/loss 6.85e-01, trn/loss_ce 2.10e-01, trn/loss_wd 9.49e+02, trn/lr 3.44e-02
[2022-02-07 16:47:47,638][INFO] [Epoch  80/200] trn/acc1 9.31e-01, trn/loss 6.79e-01, trn/loss_ce 2.05e-01, trn/loss_wd 9.47e+02, trn/lr 3.41e-02
[2022-02-07 16:47:47,705][INFO] [Epoch  80/200] Validation: val/acc1 0.8664, val/loss_ce 0.4234
[2022-02-07 16:47:53,110][INFO] [Epoch  81/200] trn/acc1 9.31e-01, trn/loss 6.73e-01, trn/loss_ce 2.02e-01, trn/loss_wd 9.42e+02, trn/lr 3.37e-02
[2022-02-07 16:47:55,893][INFO] [Epoch  82/200] trn/acc1 9.33e-01, trn/loss 6.65e-01, trn/loss_ce 1.97e-01, trn/loss_wd 9.36e+02, trn/lr 3.33e-02
[2022-02-07 16:47:58,457][INFO] [Epoch  83/200] trn/acc1 9.33e-01, trn/loss 6.63e-01, trn/loss_ce 1.97e-01, trn/loss_wd 9.32e+02, trn/lr 3.29e-02
[2022-02-07 16:48:01,022][INFO] [Epoch  84/200] trn/acc1 9.35e-01, trn/loss 6.56e-01, trn/loss_ce 1.93e-01, trn/loss_wd 9.27e+02, trn/lr 3.25e-02
[2022-02-07 16:48:03,588][INFO] [Epoch  85/200] trn/acc1 9.36e-01, trn/loss 6.47e-01, trn/loss_ce 1.86e-01, trn/loss_wd 9.22e+02, trn/lr 3.21e-02
[2022-02-07 16:48:06,157][INFO] [Epoch  86/200] trn/acc1 9.37e-01, trn/loss 6.45e-01, trn/loss_ce 1.86e-01, trn/loss_wd 9.19e+02, trn/lr 3.18e-02
[2022-02-07 16:48:08,728][INFO] [Epoch  87/200] trn/acc1 9.37e-01, trn/loss 6.40e-01, trn/loss_ce 1.83e-01, trn/loss_wd 9.14e+02, trn/lr 3.14e-02
[2022-02-07 16:48:11,298][INFO] [Epoch  88/200] trn/acc1 9.38e-01, trn/loss 6.34e-01, trn/loss_ce 1.78e-01, trn/loss_wd 9.11e+02, trn/lr 3.10e-02
[2022-02-07 16:48:13,866][INFO] [Epoch  89/200] trn/acc1 9.37e-01, trn/loss 6.36e-01, trn/loss_ce 1.82e-01, trn/loss_wd 9.08e+02, trn/lr 3.06e-02
[2022-02-07 16:48:16,436][INFO] [Epoch  90/200] trn/acc1 9.40e-01, trn/loss 6.30e-01, trn/loss_ce 1.78e-01, trn/loss_wd 9.05e+02, trn/lr 3.02e-02
[2022-02-07 16:48:19,006][INFO] [Epoch  91/200] trn/acc1 9.40e-01, trn/loss 6.24e-01, trn/loss_ce 1.74e-01, trn/loss_wd 9.01e+02, trn/lr 2.98e-02
[2022-02-07 16:48:21,576][INFO] [Epoch  92/200] trn/acc1 9.43e-01, trn/loss 6.16e-01, trn/loss_ce 1.69e-01, trn/loss_wd 8.95e+02, trn/lr 2.94e-02
[2022-02-07 16:48:24,149][INFO] [Epoch  93/200] trn/acc1 9.41e-01, trn/loss 6.15e-01, trn/loss_ce 1.69e-01, trn/loss_wd 8.91e+02, trn/lr 2.90e-02
[2022-02-07 16:48:26,720][INFO] [Epoch  94/200] trn/acc1 9.42e-01, trn/loss 6.09e-01, trn/loss_ce 1.66e-01, trn/loss_wd 8.86e+02, trn/lr 2.86e-02
[2022-02-07 16:48:29,290][INFO] [Epoch  95/200] trn/acc1 9.44e-01, trn/loss 6.06e-01, trn/loss_ce 1.65e-01, trn/loss_wd 8.81e+02, trn/lr 2.82e-02
[2022-02-07 16:48:31,858][INFO] [Epoch  96/200] trn/acc1 9.45e-01, trn/loss 5.96e-01, trn/loss_ce 1.58e-01, trn/loss_wd 8.76e+02, trn/lr 2.78e-02
[2022-02-07 16:48:34,429][INFO] [Epoch  97/200] trn/acc1 9.45e-01, trn/loss 5.93e-01, trn/loss_ce 1.58e-01, trn/loss_wd 8.70e+02, trn/lr 2.74e-02
[2022-02-07 16:48:37,002][INFO] [Epoch  98/200] trn/acc1 9.46e-01, trn/loss 5.91e-01, trn/loss_ce 1.58e-01, trn/loss_wd 8.65e+02, trn/lr 2.70e-02
[2022-02-07 16:48:39,576][INFO] [Epoch  99/200] trn/acc1 9.47e-01, trn/loss 5.83e-01, trn/loss_ce 1.53e-01, trn/loss_wd 8.61e+02, trn/lr 2.66e-02
[2022-02-07 16:48:42,151][INFO] [Epoch 100/200] trn/acc1 9.50e-01, trn/loss 5.73e-01, trn/loss_ce 1.46e-01, trn/loss_wd 8.54e+02, trn/lr 2.62e-02
[2022-02-07 16:48:42,220][INFO] [Epoch 100/200] Validation: val/acc1 0.8810, val/loss_ce 0.4211
[2022-02-07 16:48:51,833][INFO] [Epoch 101/200] trn/acc1 9.52e-01, trn/loss 5.66e-01, trn/loss_ce 1.42e-01, trn/loss_wd 8.47e+02, trn/lr 2.58e-02
[2022-02-07 16:48:54,404][INFO] [Epoch 102/200] trn/acc1 9.51e-01, trn/loss 5.63e-01, trn/loss_ce 1.42e-01, trn/loss_wd 8.42e+02, trn/lr 2.54e-02
[2022-02-07 16:48:57,085][INFO] [Epoch 103/200] trn/acc1 9.53e-01, trn/loss 5.54e-01, trn/loss_ce 1.37e-01, trn/loss_wd 8.34e+02, trn/lr 2.50e-02
[2022-02-07 16:48:59,649][INFO] [Epoch 104/200] trn/acc1 9.53e-01, trn/loss 5.53e-01, trn/loss_ce 1.39e-01, trn/loss_wd 8.29e+02, trn/lr 2.46e-02
[2022-02-07 16:49:02,238][INFO] [Epoch 105/200] trn/acc1 9.56e-01, trn/loss 5.41e-01, trn/loss_ce 1.30e-01, trn/loss_wd 8.23e+02, trn/lr 2.42e-02
[2022-02-07 16:49:04,827][INFO] [Epoch 106/200] trn/acc1 9.55e-01, trn/loss 5.36e-01, trn/loss_ce 1.28e-01, trn/loss_wd 8.17e+02, trn/lr 2.38e-02
[2022-02-07 16:49:07,414][INFO] [Epoch 107/200] trn/acc1 9.55e-01, trn/loss 5.36e-01, trn/loss_ce 1.30e-01, trn/loss_wd 8.13e+02, trn/lr 2.34e-02
[2022-02-07 16:49:10,004][INFO] [Epoch 108/200] trn/acc1 9.56e-01, trn/loss 5.33e-01, trn/loss_ce 1.30e-01, trn/loss_wd 8.08e+02, trn/lr 2.30e-02
[2022-02-07 16:49:12,580][INFO] [Epoch 109/200] trn/acc1 9.59e-01, trn/loss 5.21e-01, trn/loss_ce 1.20e-01, trn/loss_wd 8.01e+02, trn/lr 2.26e-02
[2022-02-07 16:49:15,160][INFO] [Epoch 110/200] trn/acc1 9.59e-01, trn/loss 5.16e-01, trn/loss_ce 1.19e-01, trn/loss_wd 7.94e+02, trn/lr 2.22e-02
[2022-02-07 16:49:17,736][INFO] [Epoch 111/200] trn/acc1 9.59e-01, trn/loss 5.12e-01, trn/loss_ce 1.18e-01, trn/loss_wd 7.88e+02, trn/lr 2.18e-02
[2022-02-07 16:49:20,309][INFO] [Epoch 112/200] trn/acc1 9.62e-01, trn/loss 5.01e-01, trn/loss_ce 1.11e-01, trn/loss_wd 7.80e+02, trn/lr 2.14e-02
[2022-02-07 16:49:22,887][INFO] [Epoch 113/200] trn/acc1 9.63e-01, trn/loss 4.98e-01, trn/loss_ce 1.11e-01, trn/loss_wd 7.73e+02, trn/lr 2.10e-02
[2022-02-07 16:49:25,466][INFO] [Epoch 114/200] trn/acc1 9.64e-01, trn/loss 4.90e-01, trn/loss_ce 1.06e-01, trn/loss_wd 7.66e+02, trn/lr 2.06e-02
[2022-02-07 16:49:28,041][INFO] [Epoch 115/200] trn/acc1 9.66e-01, trn/loss 4.79e-01, trn/loss_ce 9.95e-02, trn/loss_wd 7.59e+02, trn/lr 2.02e-02
[2022-02-07 16:49:30,622][INFO] [Epoch 116/200] trn/acc1 9.66e-01, trn/loss 4.76e-01, trn/loss_ce 1.01e-01, trn/loss_wd 7.50e+02, trn/lr 1.98e-02
[2022-02-07 16:49:33,206][INFO] [Epoch 117/200] trn/acc1 9.65e-01, trn/loss 4.72e-01, trn/loss_ce 1.00e-01, trn/loss_wd 7.44e+02, trn/lr 1.94e-02
[2022-02-07 16:49:35,779][INFO] [Epoch 118/200] trn/acc1 9.67e-01, trn/loss 4.66e-01, trn/loss_ce 9.73e-02, trn/loss_wd 7.37e+02, trn/lr 1.90e-02
[2022-02-07 16:49:38,353][INFO] [Epoch 119/200] trn/acc1 9.67e-01, trn/loss 4.66e-01, trn/loss_ce 9.99e-02, trn/loss_wd 7.32e+02, trn/lr 1.86e-02
[2022-02-07 16:49:40,933][INFO] [Epoch 120/200] trn/acc1 9.70e-01, trn/loss 4.54e-01, trn/loss_ce 9.14e-02, trn/loss_wd 7.26e+02, trn/lr 1.82e-02
[2022-02-07 16:49:41,001][INFO] [Epoch 120/200] Validation: val/acc1 0.8882, val/loss_ce 0.4156
[2022-02-07 16:49:47,196][INFO] [Epoch 121/200] trn/acc1 9.69e-01, trn/loss 4.48e-01, trn/loss_ce 8.84e-02, trn/loss_wd 7.19e+02, trn/lr 1.79e-02
[2022-02-07 16:49:49,765][INFO] [Epoch 122/200] trn/acc1 9.71e-01, trn/loss 4.41e-01, trn/loss_ce 8.48e-02, trn/loss_wd 7.11e+02, trn/lr 1.75e-02
[2022-02-07 16:49:52,377][INFO] [Epoch 123/200] trn/acc1 9.72e-01, trn/loss 4.34e-01, trn/loss_ce 8.15e-02, trn/loss_wd 7.04e+02, trn/lr 1.71e-02
[2022-02-07 16:49:54,945][INFO] [Epoch 124/200] trn/acc1 9.73e-01, trn/loss 4.27e-01, trn/loss_ce 7.90e-02, trn/loss_wd 6.96e+02, trn/lr 1.67e-02
[2022-02-07 16:49:57,517][INFO] [Epoch 125/200] trn/acc1 9.73e-01, trn/loss 4.24e-01, trn/loss_ce 7.89e-02, trn/loss_wd 6.90e+02, trn/lr 1.63e-02
[2022-02-07 16:50:00,086][INFO] [Epoch 126/200] trn/acc1 9.74e-01, trn/loss 4.17e-01, trn/loss_ce 7.61e-02, trn/loss_wd 6.83e+02, trn/lr 1.59e-02
[2022-02-07 16:50:02,655][INFO] [Epoch 127/200] trn/acc1 9.74e-01, trn/loss 4.14e-01, trn/loss_ce 7.59e-02, trn/loss_wd 6.76e+02, trn/lr 1.56e-02
[2022-02-07 16:50:05,229][INFO] [Epoch 128/200] trn/acc1 9.77e-01, trn/loss 4.03e-01, trn/loss_ce 6.92e-02, trn/loss_wd 6.68e+02, trn/lr 1.52e-02
[2022-02-07 16:50:07,799][INFO] [Epoch 129/200] trn/acc1 9.80e-01, trn/loss 3.92e-01, trn/loss_ce 6.23e-02, trn/loss_wd 6.59e+02, trn/lr 1.48e-02
[2022-02-07 16:50:10,372][INFO] [Epoch 130/200] trn/acc1 9.75e-01, trn/loss 3.97e-01, trn/loss_ce 7.17e-02, trn/loss_wd 6.51e+02, trn/lr 1.45e-02
[2022-02-07 16:50:12,945][INFO] [Epoch 131/200] trn/acc1 9.81e-01, trn/loss 3.80e-01, trn/loss_ce 5.75e-02, trn/loss_wd 6.44e+02, trn/lr 1.41e-02
[2022-02-07 16:50:15,520][INFO] [Epoch 132/200] trn/acc1 9.81e-01, trn/loss 3.73e-01, trn/loss_ce 5.55e-02, trn/loss_wd 6.36e+02, trn/lr 1.37e-02
[2022-02-07 16:50:18,091][INFO] [Epoch 133/200] trn/acc1 9.82e-01, trn/loss 3.67e-01, trn/loss_ce 5.38e-02, trn/loss_wd 6.27e+02, trn/lr 1.34e-02
[2022-02-07 16:50:20,663][INFO] [Epoch 134/200] trn/acc1 9.81e-01, trn/loss 3.66e-01, trn/loss_ce 5.55e-02, trn/loss_wd 6.20e+02, trn/lr 1.30e-02
[2022-02-07 16:50:23,239][INFO] [Epoch 135/200] trn/acc1 9.83e-01, trn/loss 3.55e-01, trn/loss_ce 4.90e-02, trn/loss_wd 6.12e+02, trn/lr 1.27e-02
[2022-02-07 16:50:25,921][INFO] [Epoch 136/200] trn/acc1 9.83e-01, trn/loss 3.53e-01, trn/loss_ce 5.09e-02, trn/loss_wd 6.05e+02, trn/lr 1.23e-02
[2022-02-07 16:50:28,499][INFO] [Epoch 137/200] trn/acc1 9.85e-01, trn/loss 3.45e-01, trn/loss_ce 4.62e-02, trn/loss_wd 5.97e+02, trn/lr 1.20e-02
[2022-02-07 16:50:31,075][INFO] [Epoch 138/200] trn/acc1 9.85e-01, trn/loss 3.40e-01, trn/loss_ce 4.51e-02, trn/loss_wd 5.90e+02, trn/lr 1.16e-02
[2022-02-07 16:50:33,653][INFO] [Epoch 139/200] trn/acc1 9.86e-01, trn/loss 3.34e-01, trn/loss_ce 4.27e-02, trn/loss_wd 5.82e+02, trn/lr 1.13e-02
[2022-02-07 16:50:36,236][INFO] [Epoch 140/200] trn/acc1 9.88e-01, trn/loss 3.23e-01, trn/loss_ce 3.59e-02, trn/loss_wd 5.73e+02, trn/lr 1.10e-02
[2022-02-07 16:50:36,304][INFO] [Epoch 140/200] Validation: val/acc1 0.8944, val/loss_ce 0.4036
[2022-02-07 16:50:43,410][INFO] [Epoch 141/200] trn/acc1 9.88e-01, trn/loss 3.20e-01, trn/loss_ce 3.73e-02, trn/loss_wd 5.66e+02, trn/lr 1.06e-02
[2022-02-07 16:50:45,987][INFO] [Epoch 142/200] trn/acc1 9.90e-01, trn/loss 3.11e-01, trn/loss_ce 3.17e-02, trn/loss_wd 5.58e+02, trn/lr 1.03e-02
[2022-02-07 16:50:48,562][INFO] [Epoch 143/200] trn/acc1 9.89e-01, trn/loss 3.08e-01, trn/loss_ce 3.30e-02, trn/loss_wd 5.50e+02, trn/lr 9.98e-03
[2022-02-07 16:50:51,139][INFO] [Epoch 144/200] trn/acc1 9.89e-01, trn/loss 3.04e-01, trn/loss_ce 3.30e-02, trn/loss_wd 5.42e+02, trn/lr 9.66e-03
[2022-02-07 16:50:53,715][INFO] [Epoch 145/200] trn/acc1 9.90e-01, trn/loss 2.98e-01, trn/loss_ce 3.01e-02, trn/loss_wd 5.35e+02, trn/lr 9.35e-03
[2022-02-07 16:50:56,296][INFO] [Epoch 146/200] trn/acc1 9.92e-01, trn/loss 2.91e-01, trn/loss_ce 2.67e-02, trn/loss_wd 5.28e+02, trn/lr 9.03e-03
[2022-02-07 16:50:58,882][INFO] [Epoch 147/200] trn/acc1 9.92e-01, trn/loss 2.85e-01, trn/loss_ce 2.47e-02, trn/loss_wd 5.21e+02, trn/lr 8.73e-03
[2022-02-07 16:51:01,463][INFO] [Epoch 148/200] trn/acc1 9.93e-01, trn/loss 2.80e-01, trn/loss_ce 2.27e-02, trn/loss_wd 5.14e+02, trn/lr 8.42e-03
[2022-02-07 16:51:04,042][INFO] [Epoch 149/200] trn/acc1 9.93e-01, trn/loss 2.76e-01, trn/loss_ce 2.27e-02, trn/loss_wd 5.06e+02, trn/lr 8.12e-03
[2022-02-07 16:51:06,620][INFO] [Epoch 150/200] trn/acc1 9.95e-01, trn/loss 2.68e-01, trn/loss_ce 1.85e-02, trn/loss_wd 4.99e+02, trn/lr 7.83e-03
[2022-02-07 16:51:09,201][INFO] [Epoch 151/200] trn/acc1 9.95e-01, trn/loss 2.64e-01, trn/loss_ce 1.80e-02, trn/loss_wd 4.92e+02, trn/lr 7.54e-03
[2022-02-07 16:51:11,779][INFO] [Epoch 152/200] trn/acc1 9.95e-01, trn/loss 2.61e-01, trn/loss_ce 1.81e-02, trn/loss_wd 4.86e+02, trn/lr 7.25e-03
[2022-02-07 16:51:14,356][INFO] [Epoch 153/200] trn/acc1 9.95e-01, trn/loss 2.56e-01, trn/loss_ce 1.66e-02, trn/loss_wd 4.79e+02, trn/lr 6.97e-03
[2022-02-07 16:51:16,937][INFO] [Epoch 154/200] trn/acc1 9.96e-01, trn/loss 2.51e-01, trn/loss_ce 1.48e-02, trn/loss_wd 4.73e+02, trn/lr 6.69e-03
[2022-02-07 16:51:19,523][INFO] [Epoch 155/200] trn/acc1 9.96e-01, trn/loss 2.48e-01, trn/loss_ce 1.41e-02, trn/loss_wd 4.67e+02, trn/lr 6.42e-03
[2022-02-07 16:51:22,108][INFO] [Epoch 156/200] trn/acc1 9.97e-01, trn/loss 2.43e-01, trn/loss_ce 1.19e-02, trn/loss_wd 4.61e+02, trn/lr 6.15e-03
[2022-02-07 16:51:24,692][INFO] [Epoch 157/200] trn/acc1 9.96e-01, trn/loss 2.42e-01, trn/loss_ce 1.38e-02, trn/loss_wd 4.56e+02, trn/lr 5.89e-03
[2022-02-07 16:51:27,275][INFO] [Epoch 158/200] trn/acc1 9.98e-01, trn/loss 2.34e-01, trn/loss_ce 8.65e-03, trn/loss_wd 4.50e+02, trn/lr 5.64e-03
[2022-02-07 16:51:29,861][INFO] [Epoch 159/200] trn/acc1 9.98e-01, trn/loss 2.31e-01, trn/loss_ce 8.37e-03, trn/loss_wd 4.45e+02, trn/lr 5.38e-03
[2022-02-07 16:51:32,447][INFO] [Epoch 160/200] trn/acc1 9.97e-01, trn/loss 2.31e-01, trn/loss_ce 1.11e-02, trn/loss_wd 4.40e+02, trn/lr 5.14e-03
[2022-02-07 16:51:32,515][INFO] [Epoch 160/200] Validation: val/acc1 0.8998, val/loss_ce 0.4138
[2022-02-07 16:51:38,433][INFO] [Epoch 161/200] trn/acc1 9.98e-01, trn/loss 2.25e-01, trn/loss_ce 7.80e-03, trn/loss_wd 4.35e+02, trn/lr 4.89e-03
[2022-02-07 16:51:41,015][INFO] [Epoch 162/200] trn/acc1 9.98e-01, trn/loss 2.23e-01, trn/loss_ce 7.66e-03, trn/loss_wd 4.30e+02, trn/lr 4.66e-03
[2022-02-07 16:51:43,595][INFO] [Epoch 163/200] trn/acc1 9.99e-01, trn/loss 2.20e-01, trn/loss_ce 6.81e-03, trn/loss_wd 4.26e+02, trn/lr 4.43e-03
[2022-02-07 16:51:46,283][INFO] [Epoch 164/200] trn/acc1 9.99e-01, trn/loss 2.17e-01, trn/loss_ce 6.08e-03, trn/loss_wd 4.21e+02, trn/lr 4.20e-03
[2022-02-07 16:51:48,862][INFO] [Epoch 165/200] trn/acc1 9.99e-01, trn/loss 2.15e-01, trn/loss_ce 6.56e-03, trn/loss_wd 4.17e+02, trn/lr 3.98e-03
[2022-02-07 16:51:51,444][INFO] [Epoch 166/200] trn/acc1 9.99e-01, trn/loss 2.13e-01, trn/loss_ce 6.36e-03, trn/loss_wd 4.14e+02, trn/lr 3.76e-03
[2022-02-07 16:51:54,023][INFO] [Epoch 167/200] trn/acc1 9.99e-01, trn/loss 2.11e-01, trn/loss_ce 6.35e-03, trn/loss_wd 4.10e+02, trn/lr 3.55e-03
[2022-02-07 16:51:56,602][INFO] [Epoch 168/200] trn/acc1 9.99e-01, trn/loss 2.08e-01, trn/loss_ce 4.78e-03, trn/loss_wd 4.07e+02, trn/lr 3.35e-03
[2022-02-07 16:51:59,183][INFO] [Epoch 169/200] trn/acc1 9.99e-01, trn/loss 2.06e-01, trn/loss_ce 4.34e-03, trn/loss_wd 4.03e+02, trn/lr 3.15e-03
[2022-02-07 16:52:01,765][INFO] [Epoch 170/200] trn/acc1 9.99e-01, trn/loss 2.05e-01, trn/loss_ce 4.45e-03, trn/loss_wd 4.00e+02, trn/lr 2.96e-03
[2022-02-07 16:52:04,347][INFO] [Epoch 171/200] trn/acc1 9.99e-01, trn/loss 2.03e-01, trn/loss_ce 4.26e-03, trn/loss_wd 3.97e+02, trn/lr 2.77e-03
[2022-02-07 16:52:06,931][INFO] [Epoch 172/200] trn/acc1 9.99e-01, trn/loss 2.02e-01, trn/loss_ce 5.00e-03, trn/loss_wd 3.95e+02, trn/lr 2.59e-03
[2022-02-07 16:52:09,517][INFO] [Epoch 173/200] trn/acc1 9.99e-01, trn/loss 2.00e-01, trn/loss_ce 4.14e-03, trn/loss_wd 3.92e+02, trn/lr 2.41e-03
[2022-02-07 16:52:12,103][INFO] [Epoch 174/200] trn/acc1 1.00e+00, trn/loss 1.99e-01, trn/loss_ce 4.02e-03, trn/loss_wd 3.90e+02, trn/lr 2.24e-03
[2022-02-07 16:52:14,686][INFO] [Epoch 175/200] trn/acc1 1.00e+00, trn/loss 1.98e-01, trn/loss_ce 4.10e-03, trn/loss_wd 3.88e+02, trn/lr 2.08e-03
[2022-02-07 16:52:17,269][INFO] [Epoch 176/200] trn/acc1 9.99e-01, trn/loss 1.97e-01, trn/loss_ce 4.05e-03, trn/loss_wd 3.86e+02, trn/lr 1.92e-03
[2022-02-07 16:52:19,857][INFO] [Epoch 177/200] trn/acc1 1.00e+00, trn/loss 1.96e-01, trn/loss_ce 3.65e-03, trn/loss_wd 3.84e+02, trn/lr 1.77e-03
[2022-02-07 16:52:22,440][INFO] [Epoch 178/200] trn/acc1 1.00e+00, trn/loss 1.95e-01, trn/loss_ce 3.29e-03, trn/loss_wd 3.82e+02, trn/lr 1.63e-03
[2022-02-07 16:52:25,025][INFO] [Epoch 179/200] trn/acc1 1.00e+00, trn/loss 1.94e-01, trn/loss_ce 3.71e-03, trn/loss_wd 3.81e+02, trn/lr 1.49e-03
[2022-02-07 16:52:27,610][INFO] [Epoch 180/200] trn/acc1 1.00e+00, trn/loss 1.94e-01, trn/loss_ce 3.82e-03, trn/loss_wd 3.80e+02, trn/lr 1.35e-03
[2022-02-07 16:52:27,715][INFO] [Epoch 180/200] Validation: val/acc1 0.9090, val/loss_ce 0.3757
[2022-02-07 16:52:34,070][INFO] [Epoch 181/200] trn/acc1 1.00e+00, trn/loss 1.93e-01, trn/loss_ce 3.83e-03, trn/loss_wd 3.78e+02, trn/lr 1.22e-03
[2022-02-07 16:52:34,373][INFO] [Epoch 181/200] Validation: val/acc1 0.9112, val/loss_ce 0.3774
[2022-02-07 16:52:39,807][INFO] [Epoch 182/200] trn/acc1 1.00e+00, trn/loss 1.92e-01, trn/loss_ce 3.77e-03, trn/loss_wd 3.77e+02, trn/lr 1.10e-03
[2022-02-07 16:52:39,874][INFO] [Epoch 182/200] Validation: val/acc1 0.9112, val/loss_ce 0.3774
[2022-02-07 16:52:43,278][INFO] [Epoch 183/200] trn/acc1 1.00e+00, trn/loss 1.92e-01, trn/loss_ce 3.46e-03, trn/loss_wd 3.76e+02, trn/lr 9.87e-04
[2022-02-07 16:52:43,346][INFO] [Epoch 183/200] Validation: val/acc1 0.9096, val/loss_ce 0.3769
[2022-02-07 16:52:46,763][INFO] [Epoch 184/200] trn/acc1 1.00e+00, trn/loss 1.91e-01, trn/loss_ce 3.51e-03, trn/loss_wd 3.75e+02, trn/lr 8.79e-04
[2022-02-07 16:52:46,831][INFO] [Epoch 184/200] Validation: val/acc1 0.9124, val/loss_ce 0.3778
[2022-02-07 16:52:52,059][INFO] [Epoch 185/200] trn/acc1 1.00e+00, trn/loss 1.91e-01, trn/loss_ce 3.25e-03, trn/loss_wd 3.75e+02, trn/lr 7.76e-04
[2022-02-07 16:52:52,127][INFO] [Epoch 185/200] Validation: val/acc1 0.9108, val/loss_ce 0.3764
[2022-02-07 16:52:55,849][INFO] [Epoch 186/200] trn/acc1 1.00e+00, trn/loss 1.90e-01, trn/loss_ce 3.13e-03, trn/loss_wd 3.74e+02, trn/lr 6.79e-04
[2022-02-07 16:52:55,917][INFO] [Epoch 186/200] Validation: val/acc1 0.9132, val/loss_ce 0.3739
[2022-02-07 16:53:02,107][INFO] [Epoch 187/200] trn/acc1 1.00e+00, trn/loss 1.90e-01, trn/loss_ce 3.00e-03, trn/loss_wd 3.73e+02, trn/lr 5.89e-04
[2022-02-07 16:53:02,177][INFO] [Epoch 187/200] Validation: val/acc1 0.9112, val/loss_ce 0.3741
[2022-02-07 16:53:05,629][INFO] [Epoch 188/200] trn/acc1 1.00e+00, trn/loss 1.89e-01, trn/loss_ce 3.03e-03, trn/loss_wd 3.73e+02, trn/lr 5.06e-04
[2022-02-07 16:53:05,697][INFO] [Epoch 188/200] Validation: val/acc1 0.9102, val/loss_ce 0.3756
[2022-02-07 16:53:09,142][INFO] [Epoch 189/200] trn/acc1 1.00e+00, trn/loss 1.89e-01, trn/loss_ce 3.05e-03, trn/loss_wd 3.72e+02, trn/lr 4.28e-04
[2022-02-07 16:53:09,211][INFO] [Epoch 189/200] Validation: val/acc1 0.9120, val/loss_ce 0.3750
[2022-02-07 16:53:12,657][INFO] [Epoch 190/200] trn/acc1 1.00e+00, trn/loss 1.89e-01, trn/loss_ce 3.03e-03, trn/loss_wd 3.72e+02, trn/lr 3.57e-04
[2022-02-07 16:53:12,725][INFO] [Epoch 190/200] Validation: val/acc1 0.9120, val/loss_ce 0.3776
[2022-02-07 16:53:16,150][INFO] [Epoch 191/200] trn/acc1 1.00e+00, trn/loss 1.89e-01, trn/loss_ce 3.14e-03, trn/loss_wd 3.72e+02, trn/lr 2.93e-04
[2022-02-07 16:53:16,218][INFO] [Epoch 191/200] Validation: val/acc1 0.9130, val/loss_ce 0.3746
[2022-02-07 16:53:19,687][INFO] [Epoch 192/200] trn/acc1 1.00e+00, trn/loss 1.89e-01, trn/loss_ce 3.15e-03, trn/loss_wd 3.71e+02, trn/lr 2.34e-04
[2022-02-07 16:53:19,755][INFO] [Epoch 192/200] Validation: val/acc1 0.9126, val/loss_ce 0.3747
[2022-02-07 16:53:23,175][INFO] [Epoch 193/200] trn/acc1 1.00e+00, trn/loss 1.88e-01, trn/loss_ce 2.85e-03, trn/loss_wd 3.71e+02, trn/lr 1.83e-04
[2022-02-07 16:53:23,243][INFO] [Epoch 193/200] Validation: val/acc1 0.9128, val/loss_ce 0.3751
[2022-02-07 16:53:26,812][INFO] [Epoch 194/200] trn/acc1 1.00e+00, trn/loss 1.89e-01, trn/loss_ce 3.23e-03, trn/loss_wd 3.71e+02, trn/lr 1.37e-04
[2022-02-07 16:53:26,879][INFO] [Epoch 194/200] Validation: val/acc1 0.9122, val/loss_ce 0.3770
[2022-02-07 16:53:30,322][INFO] [Epoch 195/200] trn/acc1 1.00e+00, trn/loss 1.89e-01, trn/loss_ce 3.17e-03, trn/loss_wd 3.71e+02, trn/lr 9.84e-05
[2022-02-07 16:53:30,392][INFO] [Epoch 195/200] Validation: val/acc1 0.9126, val/loss_ce 0.3766
[2022-02-07 16:53:33,865][INFO] [Epoch 196/200] trn/acc1 1.00e+00, trn/loss 1.88e-01, trn/loss_ce 3.05e-03, trn/loss_wd 3.71e+02, trn/lr 6.60e-05
[2022-02-07 16:53:33,933][INFO] [Epoch 196/200] Validation: val/acc1 0.9126, val/loss_ce 0.3755
[2022-02-07 16:53:37,516][INFO] [Epoch 197/200] trn/acc1 1.00e+00, trn/loss 1.88e-01, trn/loss_ce 2.91e-03, trn/loss_wd 3.71e+02, trn/lr 4.00e-05
[2022-02-07 16:53:37,585][INFO] [Epoch 197/200] Validation: val/acc1 0.9128, val/loss_ce 0.3757
[2022-02-07 16:53:41,043][INFO] [Epoch 198/200] trn/acc1 1.00e+00, trn/loss 1.88e-01, trn/loss_ce 2.90e-03, trn/loss_wd 3.71e+02, trn/lr 2.06e-05
[2022-02-07 16:53:41,111][INFO] [Epoch 198/200] Validation: val/acc1 0.9126, val/loss_ce 0.3757
[2022-02-07 16:53:44,538][INFO] [Epoch 199/200] trn/acc1 1.00e+00, trn/loss 1.88e-01, trn/loss_ce 3.04e-03, trn/loss_wd 3.71e+02, trn/lr 7.58e-06
[2022-02-07 16:53:44,606][INFO] [Epoch 199/200] Validation: val/acc1 0.9124, val/loss_ce 0.3759
[2022-02-07 16:53:47,998][INFO] [Epoch 200/200] trn/acc1 1.00e+00, trn/loss 1.88e-01, trn/loss_ce 2.76e-03, trn/loss_wd 3.71e+02, trn/lr 1.09e-06
[2022-02-07 16:53:48,066][INFO] [Epoch 200/200] Validation: val/acc1 0.9124, val/loss_ce 0.3759
