[2022-02-07 20:01:47,398][INFO] Environments:
------------  -------------------------------------------------------------
sys.platform  linux
Python        3.8.5 (default, Jan 27 2021, 15:41:15) [GCC 9.3.0]
JAX           0.2.28 @/home/giung/.local/lib/python3.8/site-packages/jax
jaxlib        0.1.76 @/home/giung/.local/lib/python3.8/site-packages/jaxlib
Flax          0.4.0 @/home/giung/.local/lib/python3.8/site-packages/flax
Optax         0.1.1 @/home/giung/.local/lib/python3.8/site-packages/optax
------------  -------------------------------------------------------------

[2022-02-07 20:01:47,398][INFO] Command line arguments:
Namespace(batch_size=128, config_file='./configs/TIN200_VGG19-ReLU_SGD.yaml', keep_every_n_checkpoints=None, learning_rate=0.1, num_epochs=100, num_warmup_epochs=5, opts=[], output_dir='./outputs/TIN200_VGG19-ReLU/SGD/s42_e100_wd5e-4_8TPUv3/', seed=42, weight_decay=0.0005)

[2022-02-07 20:01:47,398][INFO] Using a random seed 42

[2022-02-07 20:01:47,422][INFO] Unable to initialize backend 'tpu_driver': NOT_FOUND: Unable to find driver in registry given worker: 
[2022-02-07 20:01:47,423][INFO] Unable to initialize backend 'gpu': NOT_FOUND: Could not find registered platform with name: "cuda". Available platform names are: TPU Host Interpreter
[2022-02-07 20:01:58,854][INFO] Found no checkpoint files in outputs/TIN200_VGG19-ReLU/SGD/s42_e100_wd5e-4_8TPUv3
[2022-02-07 20:02:33,635][INFO] [Epoch   1/100] trn/acc1 1.13e-02, trn/loss 8.49e+00, trn/loss_ce 5.20e+00, trn/loss_wd 6.58e+03, trn/lr 9.99e-03
[2022-02-07 20:02:38,110][INFO] [Epoch   1/100] Validation: val/acc1 0.0212, val/loss_ce 5.0336
[2022-02-07 20:02:56,996][INFO] [Epoch   2/100] trn/acc1 2.36e-02, trn/loss 7.84e+00, trn/loss_ce 4.97e+00, trn/loss_wd 5.75e+03, trn/lr 3.00e-02
[2022-02-07 20:03:15,216][INFO] [Epoch   3/100] trn/acc1 2.73e-02, trn/loss 7.14e+00, trn/loss_ce 4.93e+00, trn/loss_wd 4.42e+03, trn/lr 5.00e-02
[2022-02-07 20:03:33,525][INFO] [Epoch   4/100] trn/acc1 3.55e-02, trn/loss 6.31e+00, trn/loss_ce 4.79e+00, trn/loss_wd 3.03e+03, trn/lr 7.00e-02
[2022-02-07 20:03:51,704][INFO] [Epoch   5/100] trn/acc1 4.47e-02, trn/loss 5.65e+00, trn/loss_ce 4.68e+00, trn/loss_wd 1.93e+03, trn/lr 9.00e-02
[2022-02-07 20:04:09,909][INFO] [Epoch   6/100] trn/acc1 5.81e-02, trn/loss 5.15e+00, trn/loss_ce 4.52e+00, trn/loss_wd 1.26e+03, trn/lr 1.00e-01
[2022-02-07 20:04:28,109][INFO] [Epoch   7/100] trn/acc1 6.57e-02, trn/loss 4.92e+00, trn/loss_ce 4.44e+00, trn/loss_wd 9.61e+02, trn/lr 9.99e-02
[2022-02-07 20:04:46,262][INFO] [Epoch   8/100] trn/acc1 7.70e-02, trn/loss 4.76e+00, trn/loss_ce 4.33e+00, trn/loss_wd 8.65e+02, trn/lr 9.98e-02
[2022-02-07 20:05:04,420][INFO] [Epoch   9/100] trn/acc1 8.75e-02, trn/loss 4.69e+00, trn/loss_ce 4.26e+00, trn/loss_wd 8.73e+02, trn/lr 9.97e-02
[2022-02-07 20:05:22,573][INFO] [Epoch  10/100] trn/acc1 9.90e-02, trn/loss 4.64e+00, trn/loss_ce 4.17e+00, trn/loss_wd 9.29e+02, trn/lr 9.94e-02
[2022-02-07 20:05:22,988][INFO] [Epoch  10/100] Validation: val/acc1 0.1012, val/loss_ce 4.1203
[2022-02-07 20:05:44,237][INFO] [Epoch  11/100] trn/acc1 1.03e-01, trn/loss 4.65e+00, trn/loss_ce 4.14e+00, trn/loss_wd 1.01e+03, trn/lr 9.92e-02
[2022-02-07 20:06:02,459][INFO] [Epoch  12/100] trn/acc1 1.13e-01, trn/loss 4.61e+00, trn/loss_ce 4.06e+00, trn/loss_wd 1.10e+03, trn/lr 9.88e-02
[2022-02-07 20:06:20,671][INFO] [Epoch  13/100] trn/acc1 1.26e-01, trn/loss 4.59e+00, trn/loss_ce 3.99e+00, trn/loss_wd 1.20e+03, trn/lr 9.85e-02
[2022-02-07 20:06:38,835][INFO] [Epoch  14/100] trn/acc1 1.36e-01, trn/loss 4.57e+00, trn/loss_ce 3.92e+00, trn/loss_wd 1.30e+03, trn/lr 9.80e-02
[2022-02-07 20:06:57,221][INFO] [Epoch  15/100] trn/acc1 1.38e-01, trn/loss 4.59e+00, trn/loss_ce 3.89e+00, trn/loss_wd 1.40e+03, trn/lr 9.76e-02
[2022-02-07 20:07:15,440][INFO] [Epoch  16/100] trn/acc1 1.48e-01, trn/loss 4.59e+00, trn/loss_ce 3.84e+00, trn/loss_wd 1.49e+03, trn/lr 9.70e-02
[2022-02-07 20:07:33,614][INFO] [Epoch  17/100] trn/acc1 1.54e-01, trn/loss 4.61e+00, trn/loss_ce 3.82e+00, trn/loss_wd 1.58e+03, trn/lr 9.64e-02
[2022-02-07 20:07:51,820][INFO] [Epoch  18/100] trn/acc1 1.64e-01, trn/loss 4.59e+00, trn/loss_ce 3.76e+00, trn/loss_wd 1.66e+03, trn/lr 9.58e-02
[2022-02-07 20:08:10,001][INFO] [Epoch  19/100] trn/acc1 1.69e-01, trn/loss 4.58e+00, trn/loss_ce 3.72e+00, trn/loss_wd 1.73e+03, trn/lr 9.51e-02
[2022-02-07 20:08:28,249][INFO] [Epoch  20/100] trn/acc1 1.76e-01, trn/loss 4.58e+00, trn/loss_ce 3.68e+00, trn/loss_wd 1.80e+03, trn/lr 9.44e-02
[2022-02-07 20:08:28,658][INFO] [Epoch  20/100] Validation: val/acc1 0.1786, val/loss_ce 3.6847
[2022-02-07 20:08:50,134][INFO] [Epoch  21/100] trn/acc1 1.84e-01, trn/loss 4.58e+00, trn/loss_ce 3.64e+00, trn/loss_wd 1.88e+03, trn/lr 9.36e-02
[2022-02-07 20:09:08,313][INFO] [Epoch  22/100] trn/acc1 1.89e-01, trn/loss 4.58e+00, trn/loss_ce 3.61e+00, trn/loss_wd 1.94e+03, trn/lr 9.27e-02
[2022-02-07 20:09:26,559][INFO] [Epoch  23/100] trn/acc1 1.94e-01, trn/loss 4.58e+00, trn/loss_ce 3.58e+00, trn/loss_wd 2.01e+03, trn/lr 9.19e-02
[2022-02-07 20:09:44,732][INFO] [Epoch  24/100] trn/acc1 2.00e-01, trn/loss 4.59e+00, trn/loss_ce 3.55e+00, trn/loss_wd 2.07e+03, trn/lr 9.09e-02
[2022-02-07 20:10:02,887][INFO] [Epoch  25/100] trn/acc1 2.07e-01, trn/loss 4.58e+00, trn/loss_ce 3.51e+00, trn/loss_wd 2.14e+03, trn/lr 9.00e-02
[2022-02-07 20:10:21,113][INFO] [Epoch  26/100] trn/acc1 2.10e-01, trn/loss 4.59e+00, trn/loss_ce 3.49e+00, trn/loss_wd 2.21e+03, trn/lr 8.89e-02
[2022-02-07 20:10:39,288][INFO] [Epoch  27/100] trn/acc1 2.18e-01, trn/loss 4.57e+00, trn/loss_ce 3.45e+00, trn/loss_wd 2.25e+03, trn/lr 8.79e-02
[2022-02-07 20:10:57,457][INFO] [Epoch  28/100] trn/acc1 2.25e-01, trn/loss 4.56e+00, trn/loss_ce 3.41e+00, trn/loss_wd 2.30e+03, trn/lr 8.68e-02
[2022-02-07 20:11:15,626][INFO] [Epoch  29/100] trn/acc1 2.28e-01, trn/loss 4.57e+00, trn/loss_ce 3.39e+00, trn/loss_wd 2.35e+03, trn/lr 8.56e-02
[2022-02-07 20:11:33,806][INFO] [Epoch  30/100] trn/acc1 2.36e-01, trn/loss 4.54e+00, trn/loss_ce 3.35e+00, trn/loss_wd 2.39e+03, trn/lr 8.45e-02
[2022-02-07 20:11:34,205][INFO] [Epoch  30/100] Validation: val/acc1 0.2472, val/loss_ce 3.3043
[2022-02-07 20:11:55,380][INFO] [Epoch  31/100] trn/acc1 2.42e-01, trn/loss 4.53e+00, trn/loss_ce 3.31e+00, trn/loss_wd 2.42e+03, trn/lr 8.33e-02
[2022-02-07 20:12:13,564][INFO] [Epoch  32/100] trn/acc1 2.47e-01, trn/loss 4.52e+00, trn/loss_ce 3.29e+00, trn/loss_wd 2.46e+03, trn/lr 8.20e-02
[2022-02-07 20:12:31,745][INFO] [Epoch  33/100] trn/acc1 2.52e-01, trn/loss 4.51e+00, trn/loss_ce 3.27e+00, trn/loss_wd 2.50e+03, trn/lr 8.07e-02
[2022-02-07 20:12:49,917][INFO] [Epoch  34/100] trn/acc1 2.61e-01, trn/loss 4.48e+00, trn/loss_ce 3.22e+00, trn/loss_wd 2.53e+03, trn/lr 7.94e-02
[2022-02-07 20:13:08,097][INFO] [Epoch  35/100] trn/acc1 2.65e-01, trn/loss 4.48e+00, trn/loss_ce 3.19e+00, trn/loss_wd 2.57e+03, trn/lr 7.80e-02
[2022-02-07 20:13:26,298][INFO] [Epoch  36/100] trn/acc1 2.71e-01, trn/loss 4.47e+00, trn/loss_ce 3.16e+00, trn/loss_wd 2.61e+03, trn/lr 7.67e-02
[2022-02-07 20:13:44,666][INFO] [Epoch  37/100] trn/acc1 2.76e-01, trn/loss 4.45e+00, trn/loss_ce 3.13e+00, trn/loss_wd 2.63e+03, trn/lr 7.52e-02
[2022-02-07 20:14:02,813][INFO] [Epoch  38/100] trn/acc1 2.87e-01, trn/loss 4.41e+00, trn/loss_ce 3.08e+00, trn/loss_wd 2.66e+03, trn/lr 7.38e-02
[2022-02-07 20:14:20,974][INFO] [Epoch  39/100] trn/acc1 2.94e-01, trn/loss 4.39e+00, trn/loss_ce 3.04e+00, trn/loss_wd 2.69e+03, trn/lr 7.23e-02
[2022-02-07 20:14:39,133][INFO] [Epoch  40/100] trn/acc1 2.99e-01, trn/loss 4.37e+00, trn/loss_ce 3.02e+00, trn/loss_wd 2.71e+03, trn/lr 7.08e-02
[2022-02-07 20:14:39,531][INFO] [Epoch  40/100] Validation: val/acc1 0.2988, val/loss_ce 3.0490
[2022-02-07 20:15:00,743][INFO] [Epoch  41/100] trn/acc1 3.09e-01, trn/loss 4.34e+00, trn/loss_ce 2.97e+00, trn/loss_wd 2.73e+03, trn/lr 6.93e-02
[2022-02-07 20:15:18,900][INFO] [Epoch  42/100] trn/acc1 3.16e-01, trn/loss 4.32e+00, trn/loss_ce 2.94e+00, trn/loss_wd 2.75e+03, trn/lr 6.78e-02
[2022-02-07 20:15:37,091][INFO] [Epoch  43/100] trn/acc1 3.23e-01, trn/loss 4.30e+00, trn/loss_ce 2.91e+00, trn/loss_wd 2.78e+03, trn/lr 6.62e-02
[2022-02-07 20:15:55,282][INFO] [Epoch  44/100] trn/acc1 3.30e-01, trn/loss 4.26e+00, trn/loss_ce 2.86e+00, trn/loss_wd 2.80e+03, trn/lr 6.47e-02
[2022-02-07 20:16:13,472][INFO] [Epoch  45/100] trn/acc1 3.38e-01, trn/loss 4.23e+00, trn/loss_ce 2.82e+00, trn/loss_wd 2.81e+03, trn/lr 6.31e-02
[2022-02-07 20:16:31,665][INFO] [Epoch  46/100] trn/acc1 3.48e-01, trn/loss 4.19e+00, trn/loss_ce 2.78e+00, trn/loss_wd 2.81e+03, trn/lr 6.15e-02
[2022-02-07 20:16:49,873][INFO] [Epoch  47/100] trn/acc1 3.51e-01, trn/loss 4.17e+00, trn/loss_ce 2.75e+00, trn/loss_wd 2.83e+03, trn/lr 5.99e-02
[2022-02-07 20:17:08,090][INFO] [Epoch  48/100] trn/acc1 3.61e-01, trn/loss 4.12e+00, trn/loss_ce 2.70e+00, trn/loss_wd 2.84e+03, trn/lr 5.82e-02
[2022-02-07 20:17:26,256][INFO] [Epoch  49/100] trn/acc1 3.70e-01, trn/loss 4.09e+00, trn/loss_ce 2.66e+00, trn/loss_wd 2.85e+03, trn/lr 5.66e-02
[2022-02-07 20:17:44,422][INFO] [Epoch  50/100] trn/acc1 3.82e-01, trn/loss 4.04e+00, trn/loss_ce 2.61e+00, trn/loss_wd 2.86e+03, trn/lr 5.50e-02
[2022-02-07 20:17:44,817][INFO] [Epoch  50/100] Validation: val/acc1 0.3611, val/loss_ce 2.7406
[2022-02-07 20:18:06,063][INFO] [Epoch  51/100] trn/acc1 3.88e-01, trn/loss 4.00e+00, trn/loss_ce 2.57e+00, trn/loss_wd 2.87e+03, trn/lr 5.33e-02
[2022-02-07 20:18:24,254][INFO] [Epoch  52/100] trn/acc1 3.98e-01, trn/loss 3.97e+00, trn/loss_ce 2.52e+00, trn/loss_wd 2.89e+03, trn/lr 5.17e-02
[2022-02-07 20:18:42,405][INFO] [Epoch  53/100] trn/acc1 4.11e-01, trn/loss 3.90e+00, trn/loss_ce 2.46e+00, trn/loss_wd 2.89e+03, trn/lr 5.00e-02
[2022-02-07 20:19:00,599][INFO] [Epoch  54/100] trn/acc1 4.19e-01, trn/loss 3.87e+00, trn/loss_ce 2.42e+00, trn/loss_wd 2.90e+03, trn/lr 4.83e-02
[2022-02-07 20:19:18,819][INFO] [Epoch  55/100] trn/acc1 4.25e-01, trn/loss 3.84e+00, trn/loss_ce 2.38e+00, trn/loss_wd 2.91e+03, trn/lr 4.67e-02
[2022-02-07 20:19:36,999][INFO] [Epoch  56/100] trn/acc1 4.38e-01, trn/loss 3.78e+00, trn/loss_ce 2.32e+00, trn/loss_wd 2.91e+03, trn/lr 4.50e-02
[2022-02-07 20:19:55,167][INFO] [Epoch  57/100] trn/acc1 4.50e-01, trn/loss 3.72e+00, trn/loss_ce 2.26e+00, trn/loss_wd 2.92e+03, trn/lr 4.34e-02
[2022-02-07 20:20:13,335][INFO] [Epoch  58/100] trn/acc1 4.58e-01, trn/loss 3.67e+00, trn/loss_ce 2.21e+00, trn/loss_wd 2.92e+03, trn/lr 4.18e-02
[2022-02-07 20:20:31,509][INFO] [Epoch  59/100] trn/acc1 4.69e-01, trn/loss 3.62e+00, trn/loss_ce 2.16e+00, trn/loss_wd 2.92e+03, trn/lr 4.01e-02
[2022-02-07 20:20:49,676][INFO] [Epoch  60/100] trn/acc1 4.83e-01, trn/loss 3.56e+00, trn/loss_ce 2.10e+00, trn/loss_wd 2.92e+03, trn/lr 3.85e-02
[2022-02-07 20:20:50,080][INFO] [Epoch  60/100] Validation: val/acc1 0.4184, val/loss_ce 2.5108
[2022-02-07 20:21:11,298][INFO] [Epoch  61/100] trn/acc1 4.92e-01, trn/loss 3.51e+00, trn/loss_ce 2.05e+00, trn/loss_wd 2.92e+03, trn/lr 3.69e-02
[2022-02-07 20:21:29,465][INFO] [Epoch  62/100] trn/acc1 5.06e-01, trn/loss 3.45e+00, trn/loss_ce 1.99e+00, trn/loss_wd 2.93e+03, trn/lr 3.53e-02
[2022-02-07 20:21:47,638][INFO] [Epoch  63/100] trn/acc1 5.18e-01, trn/loss 3.39e+00, trn/loss_ce 1.93e+00, trn/loss_wd 2.93e+03, trn/lr 3.38e-02
[2022-02-07 20:22:05,812][INFO] [Epoch  64/100] trn/acc1 5.30e-01, trn/loss 3.34e+00, trn/loss_ce 1.87e+00, trn/loss_wd 2.93e+03, trn/lr 3.22e-02
[2022-02-07 20:22:24,003][INFO] [Epoch  65/100] trn/acc1 5.47e-01, trn/loss 3.27e+00, trn/loss_ce 1.80e+00, trn/loss_wd 2.93e+03, trn/lr 3.07e-02
[2022-02-07 20:22:42,191][INFO] [Epoch  66/100] trn/acc1 5.58e-01, trn/loss 3.21e+00, trn/loss_ce 1.75e+00, trn/loss_wd 2.93e+03, trn/lr 2.92e-02
[2022-02-07 20:23:00,357][INFO] [Epoch  67/100] trn/acc1 5.71e-01, trn/loss 3.15e+00, trn/loss_ce 1.69e+00, trn/loss_wd 2.94e+03, trn/lr 2.77e-02
[2022-02-07 20:23:18,526][INFO] [Epoch  68/100] trn/acc1 5.87e-01, trn/loss 3.08e+00, trn/loss_ce 1.61e+00, trn/loss_wd 2.94e+03, trn/lr 2.62e-02
[2022-02-07 20:23:36,700][INFO] [Epoch  69/100] trn/acc1 6.01e-01, trn/loss 3.01e+00, trn/loss_ce 1.54e+00, trn/loss_wd 2.94e+03, trn/lr 2.48e-02
[2022-02-07 20:23:54,918][INFO] [Epoch  70/100] trn/acc1 6.17e-01, trn/loss 2.94e+00, trn/loss_ce 1.47e+00, trn/loss_wd 2.94e+03, trn/lr 2.34e-02
[2022-02-07 20:23:55,312][INFO] [Epoch  70/100] Validation: val/acc1 0.4691, val/loss_ce 2.3091
[2022-02-07 20:24:16,483][INFO] [Epoch  71/100] trn/acc1 6.32e-01, trn/loss 2.87e+00, trn/loss_ce 1.40e+00, trn/loss_wd 2.94e+03, trn/lr 2.20e-02
[2022-02-07 20:24:34,674][INFO] [Epoch  72/100] trn/acc1 6.50e-01, trn/loss 2.79e+00, trn/loss_ce 1.33e+00, trn/loss_wd 2.94e+03, trn/lr 2.06e-02
[2022-02-07 20:24:52,840][INFO] [Epoch  73/100] trn/acc1 6.67e-01, trn/loss 2.72e+00, trn/loss_ce 1.25e+00, trn/loss_wd 2.94e+03, trn/lr 1.93e-02
[2022-02-07 20:25:11,003][INFO] [Epoch  74/100] trn/acc1 6.82e-01, trn/loss 2.64e+00, trn/loss_ce 1.18e+00, trn/loss_wd 2.93e+03, trn/lr 1.80e-02
[2022-02-07 20:25:29,149][INFO] [Epoch  75/100] trn/acc1 7.02e-01, trn/loss 2.57e+00, trn/loss_ce 1.10e+00, trn/loss_wd 2.93e+03, trn/lr 1.68e-02
[2022-02-07 20:25:47,313][INFO] [Epoch  76/100] trn/acc1 7.21e-01, trn/loss 2.48e+00, trn/loss_ce 1.02e+00, trn/loss_wd 2.93e+03, trn/lr 1.55e-02
[2022-02-07 20:26:05,489][INFO] [Epoch  77/100] trn/acc1 7.43e-01, trn/loss 2.39e+00, trn/loss_ce 9.33e-01, trn/loss_wd 2.92e+03, trn/lr 1.44e-02
[2022-02-07 20:26:23,642][INFO] [Epoch  78/100] trn/acc1 7.58e-01, trn/loss 2.31e+00, trn/loss_ce 8.59e-01, trn/loss_wd 2.91e+03, trn/lr 1.32e-02
[2022-02-07 20:26:41,827][INFO] [Epoch  79/100] trn/acc1 7.79e-01, trn/loss 2.23e+00, trn/loss_ce 7.82e-01, trn/loss_wd 2.90e+03, trn/lr 1.21e-02
[2022-02-07 20:27:00,032][INFO] [Epoch  80/100] trn/acc1 8.00e-01, trn/loss 2.14e+00, trn/loss_ce 7.00e-01, trn/loss_wd 2.89e+03, trn/lr 1.11e-02
[2022-02-07 20:27:00,429][INFO] [Epoch  80/100] Validation: val/acc1 0.4886, val/loss_ce 2.6651
[2022-02-07 20:27:20,281][INFO] [Epoch  81/100] trn/acc1 8.20e-01, trn/loss 2.06e+00, trn/loss_ce 6.22e-01, trn/loss_wd 2.87e+03, trn/lr 1.00e-02
[2022-02-07 20:27:38,452][INFO] [Epoch  82/100] trn/acc1 8.43e-01, trn/loss 1.96e+00, trn/loss_ce 5.38e-01, trn/loss_wd 2.85e+03, trn/lr 9.07e-03
[2022-02-07 20:27:56,616][INFO] [Epoch  83/100] trn/acc1 8.62e-01, trn/loss 1.88e+00, trn/loss_ce 4.68e-01, trn/loss_wd 2.82e+03, trn/lr 8.14e-03
[2022-02-07 20:28:14,765][INFO] [Epoch  84/100] trn/acc1 8.83e-01, trn/loss 1.79e+00, trn/loss_ce 3.93e-01, trn/loss_wd 2.79e+03, trn/lr 7.26e-03
[2022-02-07 20:28:32,929][INFO] [Epoch  85/100] trn/acc1 9.01e-01, trn/loss 1.71e+00, trn/loss_ce 3.30e-01, trn/loss_wd 2.76e+03, trn/lr 6.43e-03
[2022-02-07 20:28:51,092][INFO] [Epoch  86/100] trn/acc1 9.21e-01, trn/loss 1.62e+00, trn/loss_ce 2.63e-01, trn/loss_wd 2.72e+03, trn/lr 5.64e-03
[2022-02-07 20:29:09,249][INFO] [Epoch  87/100] trn/acc1 9.37e-01, trn/loss 1.55e+00, trn/loss_ce 2.08e-01, trn/loss_wd 2.68e+03, trn/lr 4.90e-03
[2022-02-07 20:29:27,414][INFO] [Epoch  88/100] trn/acc1 9.52e-01, trn/loss 1.48e+00, trn/loss_ce 1.59e-01, trn/loss_wd 2.64e+03, trn/lr 4.21e-03
[2022-02-07 20:29:45,701][INFO] [Epoch  89/100] trn/acc1 9.64e-01, trn/loss 1.42e+00, trn/loss_ce 1.17e-01, trn/loss_wd 2.60e+03, trn/lr 3.57e-03
[2022-02-07 20:30:03,879][INFO] [Epoch  90/100] trn/acc1 9.72e-01, trn/loss 1.37e+00, trn/loss_ce 9.21e-02, trn/loss_wd 2.56e+03, trn/lr 2.99e-03
[2022-02-07 20:30:04,267][INFO] [Epoch  90/100] Validation: val/acc1 0.5137, val/loss_ce 3.7600
[2022-02-07 20:30:24,080][INFO] [Epoch  91/100] trn/acc1 9.82e-01, trn/loss 1.33e+00, trn/loss_ce 6.37e-02, trn/loss_wd 2.53e+03, trn/lr 2.45e-03
[2022-02-07 20:30:24,481][INFO] [Epoch  91/100] Validation: val/acc1 0.5197, val/loss_ce 4.0730
[2022-02-07 20:30:44,308][INFO] [Epoch  92/100] trn/acc1 9.86e-01, trn/loss 1.30e+00, trn/loss_ce 4.82e-02, trn/loss_wd 2.50e+03, trn/lr 1.96e-03
[2022-02-07 20:30:44,733][INFO] [Epoch  92/100] Validation: val/acc1 0.5142, val/loss_ce 4.3047
[2022-02-07 20:31:03,400][INFO] [Epoch  93/100] trn/acc1 9.90e-01, trn/loss 1.27e+00, trn/loss_ce 3.54e-02, trn/loss_wd 2.48e+03, trn/lr 1.53e-03
[2022-02-07 20:31:03,800][INFO] [Epoch  93/100] Validation: val/acc1 0.5209, val/loss_ce 4.3580
[2022-02-07 20:31:23,403][INFO] [Epoch  94/100] trn/acc1 9.93e-01, trn/loss 1.26e+00, trn/loss_ce 2.78e-02, trn/loss_wd 2.46e+03, trn/lr 1.15e-03
[2022-02-07 20:31:23,797][INFO] [Epoch  94/100] Validation: val/acc1 0.5218, val/loss_ce 4.5664
[2022-02-07 20:31:43,575][INFO] [Epoch  95/100] trn/acc1 9.94e-01, trn/loss 1.24e+00, trn/loss_ce 2.33e-02, trn/loss_wd 2.44e+03, trn/lr 8.27e-04
[2022-02-07 20:31:43,983][INFO] [Epoch  95/100] Validation: val/acc1 0.5233, val/loss_ce 4.5768
[2022-02-07 20:32:03,679][INFO] [Epoch  96/100] trn/acc1 9.96e-01, trn/loss 1.23e+00, trn/loss_ce 1.74e-02, trn/loss_wd 2.43e+03, trn/lr 5.55e-04
[2022-02-07 20:32:04,084][INFO] [Epoch  96/100] Validation: val/acc1 0.5237, val/loss_ce 4.7116
[2022-02-07 20:32:23,809][INFO] [Epoch  97/100] trn/acc1 9.96e-01, trn/loss 1.23e+00, trn/loss_ce 1.45e-02, trn/loss_wd 2.42e+03, trn/lr 3.37e-04
[2022-02-07 20:32:24,201][INFO] [Epoch  97/100] Validation: val/acc1 0.5226, val/loss_ce 4.7397
[2022-02-07 20:32:42,804][INFO] [Epoch  98/100] trn/acc1 9.97e-01, trn/loss 1.22e+00, trn/loss_ce 1.29e-02, trn/loss_wd 2.42e+03, trn/lr 1.73e-04
[2022-02-07 20:32:43,199][INFO] [Epoch  98/100] Validation: val/acc1 0.5241, val/loss_ce 4.7974
[2022-02-07 20:33:02,846][INFO] [Epoch  99/100] trn/acc1 9.97e-01, trn/loss 1.22e+00, trn/loss_ce 1.23e-02, trn/loss_wd 2.42e+03, trn/lr 6.38e-05
[2022-02-07 20:33:03,254][INFO] [Epoch  99/100] Validation: val/acc1 0.5241, val/loss_ce 4.8318
[2022-02-07 20:33:21,990][INFO] [Epoch 100/100] trn/acc1 9.97e-01, trn/loss 1.22e+00, trn/loss_ce 1.16e-02, trn/loss_wd 2.42e+03, trn/lr 9.13e-06
[2022-02-07 20:33:22,383][INFO] [Epoch 100/100] Validation: val/acc1 0.5236, val/loss_ce 4.8315
