[2022-02-07 18:03:43,147][INFO] Environments:
------------  -------------------------------------------------------------
sys.platform  linux
Python        3.8.5 (default, Jan 27 2021, 15:41:15) [GCC 9.3.0]
JAX           0.2.28 @/home/giung/.local/lib/python3.8/site-packages/jax
jaxlib        0.1.76 @/home/giung/.local/lib/python3.8/site-packages/jaxlib
Flax          0.4.0 @/home/giung/.local/lib/python3.8/site-packages/flax
Optax         0.1.1 @/home/giung/.local/lib/python3.8/site-packages/optax
------------  -------------------------------------------------------------

[2022-02-07 18:03:43,147][INFO] Command line arguments:
Namespace(batch_size=128, config_file='./configs/TIN200_VGG13-ReLU_SGD.yaml', keep_every_n_checkpoints=None, learning_rate=0.1, num_epochs=100, num_warmup_epochs=5, opts=[], output_dir='./outputs/TIN200_VGG13-ReLU/SGD/s42_e100_wd5e-4_8TPUv3/', seed=42, weight_decay=0.0005)

[2022-02-07 18:03:43,147][INFO] Using a random seed 42

[2022-02-07 18:03:43,172][INFO] Unable to initialize backend 'tpu_driver': NOT_FOUND: Unable to find driver in registry given worker: 
[2022-02-07 18:03:43,172][INFO] Unable to initialize backend 'gpu': NOT_FOUND: Could not find registered platform with name: "cuda". Available platform names are: TPU Interpreter Host
[2022-02-07 18:03:52,737][INFO] Found no checkpoint files in outputs/TIN200_VGG13-ReLU/SGD/s42_e100_wd5e-4_8TPUv3
[2022-02-07 18:04:23,689][INFO] [Epoch   1/100] trn/acc1 2.24e-02, trn/loss 7.14e+00, trn/loss_ce 5.10e+00, trn/loss_wd 4.08e+03, trn/lr 9.99e-03
[2022-02-07 18:04:28,097][INFO] [Epoch   1/100] Validation: val/acc1 0.0468, val/loss_ce 4.7302
[2022-02-07 18:04:44,564][INFO] [Epoch   2/100] trn/acc1 5.75e-02, trn/loss 6.46e+00, trn/loss_ce 4.65e+00, trn/loss_wd 3.62e+03, trn/lr 3.00e-02
[2022-02-07 18:05:00,802][INFO] [Epoch   3/100] trn/acc1 9.71e-02, trn/loss 5.73e+00, trn/loss_ce 4.27e+00, trn/loss_wd 2.94e+03, trn/lr 5.00e-02
[2022-02-07 18:05:17,031][INFO] [Epoch   4/100] trn/acc1 1.30e-01, trn/loss 5.17e+00, trn/loss_ce 4.01e+00, trn/loss_wd 2.33e+03, trn/lr 7.00e-02
[2022-02-07 18:05:33,242][INFO] [Epoch   5/100] trn/acc1 1.40e-01, trn/loss 4.95e+00, trn/loss_ce 3.95e+00, trn/loss_wd 2.00e+03, trn/lr 9.00e-02
[2022-02-07 18:05:49,457][INFO] [Epoch   6/100] trn/acc1 1.52e-01, trn/loss 4.87e+00, trn/loss_ce 3.88e+00, trn/loss_wd 1.97e+03, trn/lr 1.00e-01
[2022-02-07 18:06:05,660][INFO] [Epoch   7/100] trn/acc1 1.69e-01, trn/loss 4.79e+00, trn/loss_ce 3.76e+00, trn/loss_wd 2.05e+03, trn/lr 9.99e-02
[2022-02-07 18:06:22,001][INFO] [Epoch   8/100] trn/acc1 1.87e-01, trn/loss 4.74e+00, trn/loss_ce 3.66e+00, trn/loss_wd 2.17e+03, trn/lr 9.98e-02
[2022-02-07 18:06:38,199][INFO] [Epoch   9/100] trn/acc1 1.85e-01, trn/loss 4.87e+00, trn/loss_ce 3.69e+00, trn/loss_wd 2.37e+03, trn/lr 9.97e-02
[2022-02-07 18:06:54,395][INFO] [Epoch  10/100] trn/acc1 1.96e-01, trn/loss 4.87e+00, trn/loss_ce 3.61e+00, trn/loss_wd 2.52e+03, trn/lr 9.94e-02
[2022-02-07 18:06:54,832][INFO] [Epoch  10/100] Validation: val/acc1 0.2094, val/loss_ce 3.5236
[2022-02-07 18:07:12,408][INFO] [Epoch  11/100] trn/acc1 2.07e-01, trn/loss 4.85e+00, trn/loss_ce 3.54e+00, trn/loss_wd 2.63e+03, trn/lr 9.92e-02
[2022-02-07 18:07:28,573][INFO] [Epoch  12/100] trn/acc1 2.15e-01, trn/loss 4.87e+00, trn/loss_ce 3.50e+00, trn/loss_wd 2.73e+03, trn/lr 9.88e-02
[2022-02-07 18:07:44,769][INFO] [Epoch  13/100] trn/acc1 2.21e-01, trn/loss 4.91e+00, trn/loss_ce 3.48e+00, trn/loss_wd 2.86e+03, trn/lr 9.85e-02
[2022-02-07 18:08:00,944][INFO] [Epoch  14/100] trn/acc1 2.26e-01, trn/loss 4.92e+00, trn/loss_ce 3.44e+00, trn/loss_wd 2.96e+03, trn/lr 9.80e-02
[2022-02-07 18:08:17,137][INFO] [Epoch  15/100] trn/acc1 2.35e-01, trn/loss 4.91e+00, trn/loss_ce 3.39e+00, trn/loss_wd 3.04e+03, trn/lr 9.76e-02
[2022-02-07 18:08:33,322][INFO] [Epoch  16/100] trn/acc1 2.37e-01, trn/loss 4.96e+00, trn/loss_ce 3.39e+00, trn/loss_wd 3.14e+03, trn/lr 9.70e-02
[2022-02-07 18:08:49,528][INFO] [Epoch  17/100] trn/acc1 2.43e-01, trn/loss 4.98e+00, trn/loss_ce 3.36e+00, trn/loss_wd 3.24e+03, trn/lr 9.64e-02
[2022-02-07 18:09:05,726][INFO] [Epoch  18/100] trn/acc1 2.51e-01, trn/loss 4.98e+00, trn/loss_ce 3.32e+00, trn/loss_wd 3.31e+03, trn/lr 9.58e-02
[2022-02-07 18:09:22,192][INFO] [Epoch  19/100] trn/acc1 2.54e-01, trn/loss 5.00e+00, trn/loss_ce 3.31e+00, trn/loss_wd 3.39e+03, trn/lr 9.51e-02
[2022-02-07 18:09:38,379][INFO] [Epoch  20/100] trn/acc1 2.57e-01, trn/loss 5.01e+00, trn/loss_ce 3.29e+00, trn/loss_wd 3.44e+03, trn/lr 9.44e-02
[2022-02-07 18:09:38,840][INFO] [Epoch  20/100] Validation: val/acc1 0.2281, val/loss_ce 3.4437
[2022-02-07 18:09:56,427][INFO] [Epoch  21/100] trn/acc1 2.64e-01, trn/loss 4.99e+00, trn/loss_ce 3.25e+00, trn/loss_wd 3.48e+03, trn/lr 9.36e-02
[2022-02-07 18:10:12,583][INFO] [Epoch  22/100] trn/acc1 2.70e-01, trn/loss 4.96e+00, trn/loss_ce 3.21e+00, trn/loss_wd 3.51e+03, trn/lr 9.27e-02
[2022-02-07 18:10:28,782][INFO] [Epoch  23/100] trn/acc1 2.70e-01, trn/loss 4.99e+00, trn/loss_ce 3.22e+00, trn/loss_wd 3.55e+03, trn/lr 9.19e-02
[2022-02-07 18:10:44,993][INFO] [Epoch  24/100] trn/acc1 2.75e-01, trn/loss 4.99e+00, trn/loss_ce 3.19e+00, trn/loss_wd 3.60e+03, trn/lr 9.09e-02
[2022-02-07 18:11:01,185][INFO] [Epoch  25/100] trn/acc1 2.81e-01, trn/loss 4.97e+00, trn/loss_ce 3.16e+00, trn/loss_wd 3.61e+03, trn/lr 9.00e-02
[2022-02-07 18:11:17,370][INFO] [Epoch  26/100] trn/acc1 2.88e-01, trn/loss 4.94e+00, trn/loss_ce 3.12e+00, trn/loss_wd 3.63e+03, trn/lr 8.89e-02
[2022-02-07 18:11:33,535][INFO] [Epoch  27/100] trn/acc1 2.93e-01, trn/loss 4.92e+00, trn/loss_ce 3.09e+00, trn/loss_wd 3.65e+03, trn/lr 8.79e-02
[2022-02-07 18:11:49,755][INFO] [Epoch  28/100] trn/acc1 2.97e-01, trn/loss 4.92e+00, trn/loss_ce 3.08e+00, trn/loss_wd 3.68e+03, trn/lr 8.68e-02
[2022-02-07 18:12:05,932][INFO] [Epoch  29/100] trn/acc1 3.01e-01, trn/loss 4.90e+00, trn/loss_ce 3.05e+00, trn/loss_wd 3.70e+03, trn/lr 8.56e-02
[2022-02-07 18:12:22,229][INFO] [Epoch  30/100] trn/acc1 3.04e-01, trn/loss 4.89e+00, trn/loss_ce 3.03e+00, trn/loss_wd 3.71e+03, trn/lr 8.45e-02
[2022-02-07 18:12:22,669][INFO] [Epoch  30/100] Validation: val/acc1 0.2997, val/loss_ce 3.1045
[2022-02-07 18:12:40,231][INFO] [Epoch  31/100] trn/acc1 3.10e-01, trn/loss 4.86e+00, trn/loss_ce 3.00e+00, trn/loss_wd 3.72e+03, trn/lr 8.33e-02
[2022-02-07 18:12:56,406][INFO] [Epoch  32/100] trn/acc1 3.18e-01, trn/loss 4.81e+00, trn/loss_ce 2.95e+00, trn/loss_wd 3.72e+03, trn/lr 8.20e-02
[2022-02-07 18:13:12,604][INFO] [Epoch  33/100] trn/acc1 3.24e-01, trn/loss 4.81e+00, trn/loss_ce 2.94e+00, trn/loss_wd 3.74e+03, trn/lr 8.07e-02
[2022-02-07 18:13:28,795][INFO] [Epoch  34/100] trn/acc1 3.28e-01, trn/loss 4.77e+00, trn/loss_ce 2.90e+00, trn/loss_wd 3.75e+03, trn/lr 7.94e-02
[2022-02-07 18:13:44,996][INFO] [Epoch  35/100] trn/acc1 3.35e-01, trn/loss 4.76e+00, trn/loss_ce 2.87e+00, trn/loss_wd 3.77e+03, trn/lr 7.80e-02
[2022-02-07 18:14:01,165][INFO] [Epoch  36/100] trn/acc1 3.41e-01, trn/loss 4.74e+00, trn/loss_ce 2.85e+00, trn/loss_wd 3.79e+03, trn/lr 7.67e-02
[2022-02-07 18:14:17,352][INFO] [Epoch  37/100] trn/acc1 3.47e-01, trn/loss 4.71e+00, trn/loss_ce 2.82e+00, trn/loss_wd 3.78e+03, trn/lr 7.52e-02
[2022-02-07 18:14:33,578][INFO] [Epoch  38/100] trn/acc1 3.53e-01, trn/loss 4.66e+00, trn/loss_ce 2.78e+00, trn/loss_wd 3.77e+03, trn/lr 7.38e-02
[2022-02-07 18:14:49,780][INFO] [Epoch  39/100] trn/acc1 3.60e-01, trn/loss 4.62e+00, trn/loss_ce 2.74e+00, trn/loss_wd 3.76e+03, trn/lr 7.23e-02
[2022-02-07 18:15:06,084][INFO] [Epoch  40/100] trn/acc1 3.66e-01, trn/loss 4.59e+00, trn/loss_ce 2.71e+00, trn/loss_wd 3.76e+03, trn/lr 7.08e-02
[2022-02-07 18:15:06,523][INFO] [Epoch  40/100] Validation: val/acc1 0.3546, val/loss_ce 2.7932
[2022-02-07 18:15:24,105][INFO] [Epoch  41/100] trn/acc1 3.73e-01, trn/loss 4.54e+00, trn/loss_ce 2.67e+00, trn/loss_wd 3.74e+03, trn/lr 6.93e-02
[2022-02-07 18:15:40,339][INFO] [Epoch  42/100] trn/acc1 3.81e-01, trn/loss 4.52e+00, trn/loss_ce 2.64e+00, trn/loss_wd 3.75e+03, trn/lr 6.78e-02
[2022-02-07 18:15:56,563][INFO] [Epoch  43/100] trn/acc1 3.87e-01, trn/loss 4.48e+00, trn/loss_ce 2.61e+00, trn/loss_wd 3.75e+03, trn/lr 6.62e-02
[2022-02-07 18:16:12,747][INFO] [Epoch  44/100] trn/acc1 3.99e-01, trn/loss 4.41e+00, trn/loss_ce 2.54e+00, trn/loss_wd 3.74e+03, trn/lr 6.47e-02
[2022-02-07 18:16:28,909][INFO] [Epoch  45/100] trn/acc1 4.04e-01, trn/loss 4.38e+00, trn/loss_ce 2.52e+00, trn/loss_wd 3.72e+03, trn/lr 6.31e-02
[2022-02-07 18:16:45,080][INFO] [Epoch  46/100] trn/acc1 4.08e-01, trn/loss 4.35e+00, trn/loss_ce 2.49e+00, trn/loss_wd 3.72e+03, trn/lr 6.15e-02
[2022-02-07 18:17:01,313][INFO] [Epoch  47/100] trn/acc1 4.18e-01, trn/loss 4.29e+00, trn/loss_ce 2.44e+00, trn/loss_wd 3.71e+03, trn/lr 5.99e-02
[2022-02-07 18:17:17,525][INFO] [Epoch  48/100] trn/acc1 4.29e-01, trn/loss 4.25e+00, trn/loss_ce 2.40e+00, trn/loss_wd 3.70e+03, trn/lr 5.82e-02
[2022-02-07 18:17:33,700][INFO] [Epoch  49/100] trn/acc1 4.36e-01, trn/loss 4.19e+00, trn/loss_ce 2.35e+00, trn/loss_wd 3.68e+03, trn/lr 5.66e-02
[2022-02-07 18:17:49,991][INFO] [Epoch  50/100] trn/acc1 4.46e-01, trn/loss 4.16e+00, trn/loss_ce 2.31e+00, trn/loss_wd 3.68e+03, trn/lr 5.50e-02
[2022-02-07 18:17:50,426][INFO] [Epoch  50/100] Validation: val/acc1 0.4004, val/loss_ce 2.5936
[2022-02-07 18:18:08,070][INFO] [Epoch  51/100] trn/acc1 4.54e-01, trn/loss 4.10e+00, trn/loss_ce 2.26e+00, trn/loss_wd 3.67e+03, trn/lr 5.33e-02
[2022-02-07 18:18:24,268][INFO] [Epoch  52/100] trn/acc1 4.63e-01, trn/loss 4.05e+00, trn/loss_ce 2.22e+00, trn/loss_wd 3.66e+03, trn/lr 5.17e-02
[2022-02-07 18:18:40,463][INFO] [Epoch  53/100] trn/acc1 4.73e-01, trn/loss 4.00e+00, trn/loss_ce 2.18e+00, trn/loss_wd 3.64e+03, trn/lr 5.00e-02
[2022-02-07 18:18:56,676][INFO] [Epoch  54/100] trn/acc1 4.81e-01, trn/loss 3.95e+00, trn/loss_ce 2.13e+00, trn/loss_wd 3.64e+03, trn/lr 4.83e-02
[2022-02-07 18:19:12,861][INFO] [Epoch  55/100] trn/acc1 4.93e-01, trn/loss 3.88e+00, trn/loss_ce 2.07e+00, trn/loss_wd 3.62e+03, trn/lr 4.67e-02
[2022-02-07 18:19:29,045][INFO] [Epoch  56/100] trn/acc1 5.04e-01, trn/loss 3.83e+00, trn/loss_ce 2.03e+00, trn/loss_wd 3.61e+03, trn/lr 4.50e-02
[2022-02-07 18:19:45,254][INFO] [Epoch  57/100] trn/acc1 5.10e-01, trn/loss 3.78e+00, trn/loss_ce 1.98e+00, trn/loss_wd 3.60e+03, trn/lr 4.34e-02
[2022-02-07 18:20:01,445][INFO] [Epoch  58/100] trn/acc1 5.24e-01, trn/loss 3.72e+00, trn/loss_ce 1.92e+00, trn/loss_wd 3.59e+03, trn/lr 4.18e-02
[2022-02-07 18:20:17,618][INFO] [Epoch  59/100] trn/acc1 5.35e-01, trn/loss 3.65e+00, trn/loss_ce 1.87e+00, trn/loss_wd 3.58e+03, trn/lr 4.01e-02
[2022-02-07 18:20:33,779][INFO] [Epoch  60/100] trn/acc1 5.46e-01, trn/loss 3.60e+00, trn/loss_ce 1.82e+00, trn/loss_wd 3.56e+03, trn/lr 3.85e-02
[2022-02-07 18:20:34,217][INFO] [Epoch  60/100] Validation: val/acc1 0.4489, val/loss_ce 2.4031
[2022-02-07 18:20:51,879][INFO] [Epoch  61/100] trn/acc1 5.56e-01, trn/loss 3.53e+00, trn/loss_ce 1.76e+00, trn/loss_wd 3.55e+03, trn/lr 3.69e-02
[2022-02-07 18:21:08,092][INFO] [Epoch  62/100] trn/acc1 5.70e-01, trn/loss 3.48e+00, trn/loss_ce 1.71e+00, trn/loss_wd 3.54e+03, trn/lr 3.53e-02
[2022-02-07 18:21:24,257][INFO] [Epoch  63/100] trn/acc1 5.81e-01, trn/loss 3.41e+00, trn/loss_ce 1.65e+00, trn/loss_wd 3.53e+03, trn/lr 3.38e-02
[2022-02-07 18:21:40,485][INFO] [Epoch  64/100] trn/acc1 5.94e-01, trn/loss 3.34e+00, trn/loss_ce 1.59e+00, trn/loss_wd 3.51e+03, trn/lr 3.22e-02
[2022-02-07 18:21:56,714][INFO] [Epoch  65/100] trn/acc1 6.08e-01, trn/loss 3.28e+00, trn/loss_ce 1.52e+00, trn/loss_wd 3.50e+03, trn/lr 3.07e-02
[2022-02-07 18:22:12,920][INFO] [Epoch  66/100] trn/acc1 6.21e-01, trn/loss 3.21e+00, trn/loss_ce 1.47e+00, trn/loss_wd 3.49e+03, trn/lr 2.92e-02
[2022-02-07 18:22:29,123][INFO] [Epoch  67/100] trn/acc1 6.37e-01, trn/loss 3.14e+00, trn/loss_ce 1.40e+00, trn/loss_wd 3.48e+03, trn/lr 2.77e-02
[2022-02-07 18:22:45,311][INFO] [Epoch  68/100] trn/acc1 6.49e-01, trn/loss 3.07e+00, trn/loss_ce 1.34e+00, trn/loss_wd 3.47e+03, trn/lr 2.62e-02
[2022-02-07 18:23:01,502][INFO] [Epoch  69/100] trn/acc1 6.63e-01, trn/loss 3.01e+00, trn/loss_ce 1.28e+00, trn/loss_wd 3.46e+03, trn/lr 2.48e-02
[2022-02-07 18:23:17,731][INFO] [Epoch  70/100] trn/acc1 6.79e-01, trn/loss 2.94e+00, trn/loss_ce 1.21e+00, trn/loss_wd 3.45e+03, trn/lr 2.34e-02
[2022-02-07 18:23:18,136][INFO] [Epoch  70/100] Validation: val/acc1 0.4857, val/loss_ce 2.3890
[2022-02-07 18:23:35,735][INFO] [Epoch  71/100] trn/acc1 6.95e-01, trn/loss 2.85e+00, trn/loss_ce 1.14e+00, trn/loss_wd 3.43e+03, trn/lr 2.20e-02
[2022-02-07 18:23:52,083][INFO] [Epoch  72/100] trn/acc1 7.13e-01, trn/loss 2.77e+00, trn/loss_ce 1.06e+00, trn/loss_wd 3.41e+03, trn/lr 2.06e-02
[2022-02-07 18:24:08,270][INFO] [Epoch  73/100] trn/acc1 7.28e-01, trn/loss 2.69e+00, trn/loss_ce 9.94e-01, trn/loss_wd 3.39e+03, trn/lr 1.93e-02
[2022-02-07 18:24:24,439][INFO] [Epoch  74/100] trn/acc1 7.44e-01, trn/loss 2.61e+00, trn/loss_ce 9.25e-01, trn/loss_wd 3.37e+03, trn/lr 1.80e-02
[2022-02-07 18:24:40,643][INFO] [Epoch  75/100] trn/acc1 7.60e-01, trn/loss 2.53e+00, trn/loss_ce 8.55e-01, trn/loss_wd 3.35e+03, trn/lr 1.68e-02
[2022-02-07 18:24:56,871][INFO] [Epoch  76/100] trn/acc1 7.83e-01, trn/loss 2.43e+00, trn/loss_ce 7.72e-01, trn/loss_wd 3.31e+03, trn/lr 1.55e-02
[2022-02-07 18:25:13,068][INFO] [Epoch  77/100] trn/acc1 8.00e-01, trn/loss 2.34e+00, trn/loss_ce 7.05e-01, trn/loss_wd 3.28e+03, trn/lr 1.44e-02
[2022-02-07 18:25:29,274][INFO] [Epoch  78/100] trn/acc1 8.20e-01, trn/loss 2.24e+00, trn/loss_ce 6.25e-01, trn/loss_wd 3.24e+03, trn/lr 1.32e-02
[2022-02-07 18:25:45,460][INFO] [Epoch  79/100] trn/acc1 8.34e-01, trn/loss 2.16e+00, trn/loss_ce 5.68e-01, trn/loss_wd 3.19e+03, trn/lr 1.21e-02
[2022-02-07 18:26:01,655][INFO] [Epoch  80/100] trn/acc1 8.58e-01, trn/loss 2.05e+00, trn/loss_ce 4.83e-01, trn/loss_wd 3.14e+03, trn/lr 1.11e-02
[2022-02-07 18:26:02,085][INFO] [Epoch  80/100] Validation: val/acc1 0.5006, val/loss_ce 2.7663
[2022-02-07 18:26:18,839][INFO] [Epoch  81/100] trn/acc1 8.75e-01, trn/loss 1.96e+00, trn/loss_ce 4.18e-01, trn/loss_wd 3.08e+03, trn/lr 1.00e-02
[2022-02-07 18:26:35,153][INFO] [Epoch  82/100] trn/acc1 8.95e-01, trn/loss 1.86e+00, trn/loss_ce 3.48e-01, trn/loss_wd 3.02e+03, trn/lr 9.07e-03
[2022-02-07 18:26:51,312][INFO] [Epoch  83/100] trn/acc1 9.13e-01, trn/loss 1.77e+00, trn/loss_ce 2.89e-01, trn/loss_wd 2.96e+03, trn/lr 8.14e-03
[2022-02-07 18:27:07,557][INFO] [Epoch  84/100] trn/acc1 9.29e-01, trn/loss 1.68e+00, trn/loss_ce 2.37e-01, trn/loss_wd 2.89e+03, trn/lr 7.26e-03
[2022-02-07 18:27:23,784][INFO] [Epoch  85/100] trn/acc1 9.44e-01, trn/loss 1.60e+00, trn/loss_ce 1.83e-01, trn/loss_wd 2.82e+03, trn/lr 6.43e-03
[2022-02-07 18:27:39,950][INFO] [Epoch  86/100] trn/acc1 9.55e-01, trn/loss 1.53e+00, trn/loss_ce 1.49e-01, trn/loss_wd 2.76e+03, trn/lr 5.64e-03
[2022-02-07 18:27:56,111][INFO] [Epoch  87/100] trn/acc1 9.66e-01, trn/loss 1.46e+00, trn/loss_ce 1.11e-01, trn/loss_wd 2.70e+03, trn/lr 4.90e-03
[2022-02-07 18:28:12,301][INFO] [Epoch  88/100] trn/acc1 9.75e-01, trn/loss 1.40e+00, trn/loss_ce 8.09e-02, trn/loss_wd 2.64e+03, trn/lr 4.21e-03
[2022-02-07 18:28:28,482][INFO] [Epoch  89/100] trn/acc1 9.82e-01, trn/loss 1.35e+00, trn/loss_ce 6.04e-02, trn/loss_wd 2.59e+03, trn/lr 3.57e-03
[2022-02-07 18:28:44,666][INFO] [Epoch  90/100] trn/acc1 9.86e-01, trn/loss 1.32e+00, trn/loss_ce 4.64e-02, trn/loss_wd 2.54e+03, trn/lr 2.99e-03
[2022-02-07 18:28:45,064][INFO] [Epoch  90/100] Validation: val/acc1 0.5275, val/loss_ce 3.7364
[2022-02-07 18:29:01,986][INFO] [Epoch  91/100] trn/acc1 9.89e-01, trn/loss 1.29e+00, trn/loss_ce 3.69e-02, trn/loss_wd 2.50e+03, trn/lr 2.45e-03
[2022-02-07 18:29:02,384][INFO] [Epoch  91/100] Validation: val/acc1 0.5304, val/loss_ce 3.7797
[2022-02-07 18:29:19,368][INFO] [Epoch  92/100] trn/acc1 9.92e-01, trn/loss 1.26e+00, trn/loss_ce 2.69e-02, trn/loss_wd 2.47e+03, trn/lr 1.96e-03
[2022-02-07 18:29:19,755][INFO] [Epoch  92/100] Validation: val/acc1 0.5321, val/loss_ce 3.9184
[2022-02-07 18:29:36,517][INFO] [Epoch  93/100] trn/acc1 9.94e-01, trn/loss 1.24e+00, trn/loss_ce 2.17e-02, trn/loss_wd 2.44e+03, trn/lr 1.53e-03
[2022-02-07 18:29:36,929][INFO] [Epoch  93/100] Validation: val/acc1 0.5340, val/loss_ce 3.9116
[2022-02-07 18:29:53,752][INFO] [Epoch  94/100] trn/acc1 9.96e-01, trn/loss 1.23e+00, trn/loss_ce 1.69e-02, trn/loss_wd 2.42e+03, trn/lr 1.15e-03
[2022-02-07 18:29:54,154][INFO] [Epoch  94/100] Validation: val/acc1 0.5314, val/loss_ce 3.9960
[2022-02-07 18:30:10,475][INFO] [Epoch  95/100] trn/acc1 9.96e-01, trn/loss 1.22e+00, trn/loss_ce 1.57e-02, trn/loss_wd 2.41e+03, trn/lr 8.27e-04
[2022-02-07 18:30:10,857][INFO] [Epoch  95/100] Validation: val/acc1 0.5331, val/loss_ce 4.0097
[2022-02-07 18:30:27,208][INFO] [Epoch  96/100] trn/acc1 9.97e-01, trn/loss 1.21e+00, trn/loss_ce 1.28e-02, trn/loss_wd 2.40e+03, trn/lr 5.55e-04
[2022-02-07 18:30:27,589][INFO] [Epoch  96/100] Validation: val/acc1 0.5340, val/loss_ce 4.1017
[2022-02-07 18:30:43,909][INFO] [Epoch  97/100] trn/acc1 9.97e-01, trn/loss 1.21e+00, trn/loss_ce 1.22e-02, trn/loss_wd 2.39e+03, trn/lr 3.37e-04
[2022-02-07 18:30:44,298][INFO] [Epoch  97/100] Validation: val/acc1 0.5341, val/loss_ce 4.0695
[2022-02-07 18:31:01,153][INFO] [Epoch  98/100] trn/acc1 9.97e-01, trn/loss 1.20e+00, trn/loss_ce 1.11e-02, trn/loss_wd 2.39e+03, trn/lr 1.73e-04
[2022-02-07 18:31:01,539][INFO] [Epoch  98/100] Validation: val/acc1 0.5342, val/loss_ce 4.1076
[2022-02-07 18:31:18,396][INFO] [Epoch  99/100] trn/acc1 9.97e-01, trn/loss 1.20e+00, trn/loss_ce 1.10e-02, trn/loss_wd 2.38e+03, trn/lr 6.38e-05
[2022-02-07 18:31:18,786][INFO] [Epoch  99/100] Validation: val/acc1 0.5339, val/loss_ce 4.0929
[2022-02-07 18:31:35,145][INFO] [Epoch 100/100] trn/acc1 9.98e-01, trn/loss 1.20e+00, trn/loss_ce 1.03e-02, trn/loss_wd 2.38e+03, trn/lr 9.13e-06
[2022-02-07 18:31:35,529][INFO] [Epoch 100/100] Validation: val/acc1 0.5337, val/loss_ce 4.0927
