[2022-02-05 03:09:45,639][INFO] Environments:
------------  ---------------------------------------------------------------------------
sys.platform  linux
Python        3.7.11 (default, Nov 23 2021, 05:29:02) [GCC 7.5.0]
JAX           0.2.27 @/mnt/data1/giung/venvs/jax0.2.27/lib/python3.7/site-packages/jax
jaxlib        0.1.75 @/mnt/data1/giung/venvs/jax0.2.27/lib/python3.7/site-packages/jaxlib
Flax          0.4.0 @/mnt/data1/giung/venvs/jax0.2.27/lib/python3.7/site-packages/flax
Optax         0.1.0 @/mnt/data1/giung/venvs/jax0.2.27/lib/python3.7/site-packages/optax
------------  ---------------------------------------------------------------------------

[2022-02-05 03:09:45,639][INFO] Command line arguments:
Namespace(batch_size=128, config_file='./configs/C100_R44-BN-ReLU_SGD.yaml', keep_every_n_checkpoints=None, learning_rate=0.1, num_epochs=200, num_warmup_epochs=5, opts=[], output_dir='./outputs/C100_R44-BN-ReLU/SGD/s42_e200_wd5e-4/', seed=42, weight_decay=0.0005)

[2022-02-05 03:09:45,639][INFO] Using a random seed 42

[2022-02-05 03:09:45,674][INFO] Unable to initialize backend 'tpu_driver': NOT_FOUND: Unable to find driver in registry given worker: 
[2022-02-05 03:09:46,034][INFO] Unable to initialize backend 'tpu': INVALID_ARGUMENT: TpuPlatform is not available.
[2022-02-05 03:09:56,953][INFO] Found no checkpoint files in outputs/C100_R44-BN-ReLU/SGD/s42_e200_wd5e-4
[2022-02-05 03:10:21,734][INFO] [Epoch   1/200] trn/acc1 5.50e-02, trn/loss 5.78e+00, trn/loss_ce 4.55e+00, trn/loss_wd 2.44e+03, trn/lr 9.97e-03
[2022-02-05 03:10:25,359][INFO] [Epoch   1/200] Validation: val/acc1 0.0756, val/loss_ce 4.0618
[2022-02-05 03:10:30,455][INFO] [Epoch   2/200] trn/acc1 1.43e-01, trn/loss 4.77e+00, trn/loss_ce 3.61e+00, trn/loss_wd 2.31e+03, trn/lr 3.00e-02
[2022-02-05 03:10:35,205][INFO] [Epoch   3/200] trn/acc1 2.20e-01, trn/loss 4.18e+00, trn/loss_ce 3.13e+00, trn/loss_wd 2.09e+03, trn/lr 5.00e-02
[2022-02-05 03:10:39,856][INFO] [Epoch   4/200] trn/acc1 2.91e-01, trn/loss 3.68e+00, trn/loss_ce 2.75e+00, trn/loss_wd 1.86e+03, trn/lr 7.00e-02
[2022-02-05 03:10:44,523][INFO] [Epoch   5/200] trn/acc1 3.43e-01, trn/loss 3.32e+00, trn/loss_ce 2.49e+00, trn/loss_wd 1.66e+03, trn/lr 9.00e-02
[2022-02-05 03:10:49,433][INFO] [Epoch   6/200] trn/acc1 3.89e-01, trn/loss 3.04e+00, trn/loss_ce 2.28e+00, trn/loss_wd 1.51e+03, trn/lr 1.00e-01
[2022-02-05 03:10:54,148][INFO] [Epoch   7/200] trn/acc1 4.27e-01, trn/loss 2.82e+00, trn/loss_ce 2.11e+00, trn/loss_wd 1.41e+03, trn/lr 1.00e-01
[2022-02-05 03:10:58,944][INFO] [Epoch   8/200] trn/acc1 4.51e-01, trn/loss 2.68e+00, trn/loss_ce 2.01e+00, trn/loss_wd 1.35e+03, trn/lr 1.00e-01
[2022-02-05 03:11:03,601][INFO] [Epoch   9/200] trn/acc1 4.70e-01, trn/loss 2.59e+00, trn/loss_ce 1.93e+00, trn/loss_wd 1.32e+03, trn/lr 9.99e-02
[2022-02-05 03:11:08,413][INFO] [Epoch  10/200] trn/acc1 4.90e-01, trn/loss 2.51e+00, trn/loss_ce 1.85e+00, trn/loss_wd 1.32e+03, trn/lr 9.99e-02
[2022-02-05 03:11:13,140][INFO] [Epoch  11/200] trn/acc1 4.99e-01, trn/loss 2.46e+00, trn/loss_ce 1.80e+00, trn/loss_wd 1.32e+03, trn/lr 9.98e-02
[2022-02-05 03:11:18,036][INFO] [Epoch  12/200] trn/acc1 5.15e-01, trn/loss 2.41e+00, trn/loss_ce 1.75e+00, trn/loss_wd 1.33e+03, trn/lr 9.97e-02
[2022-02-05 03:11:22,724][INFO] [Epoch  13/200] trn/acc1 5.24e-01, trn/loss 2.38e+00, trn/loss_ce 1.71e+00, trn/loss_wd 1.34e+03, trn/lr 9.96e-02
[2022-02-05 03:11:27,553][INFO] [Epoch  14/200] trn/acc1 5.29e-01, trn/loss 2.37e+00, trn/loss_ce 1.69e+00, trn/loss_wd 1.36e+03, trn/lr 9.95e-02
[2022-02-05 03:11:32,247][INFO] [Epoch  15/200] trn/acc1 5.36e-01, trn/loss 2.34e+00, trn/loss_ce 1.65e+00, trn/loss_wd 1.37e+03, trn/lr 9.94e-02
[2022-02-05 03:11:37,098][INFO] [Epoch  16/200] trn/acc1 5.43e-01, trn/loss 2.32e+00, trn/loss_ce 1.63e+00, trn/loss_wd 1.39e+03, trn/lr 9.93e-02
[2022-02-05 03:11:41,795][INFO] [Epoch  17/200] trn/acc1 5.46e-01, trn/loss 2.30e+00, trn/loss_ce 1.60e+00, trn/loss_wd 1.41e+03, trn/lr 9.91e-02
[2022-02-05 03:11:46,609][INFO] [Epoch  18/200] trn/acc1 5.56e-01, trn/loss 2.30e+00, trn/loss_ce 1.59e+00, trn/loss_wd 1.42e+03, trn/lr 9.90e-02
[2022-02-05 03:11:51,300][INFO] [Epoch  19/200] trn/acc1 5.59e-01, trn/loss 2.28e+00, trn/loss_ce 1.56e+00, trn/loss_wd 1.44e+03, trn/lr 9.88e-02
[2022-02-05 03:11:55,971][INFO] [Epoch  20/200] trn/acc1 5.65e-01, trn/loss 2.27e+00, trn/loss_ce 1.54e+00, trn/loss_wd 1.45e+03, trn/lr 9.86e-02
[2022-02-05 03:11:56,196][INFO] [Epoch  20/200] Validation: val/acc1 0.4010, val/loss_ce 2.7393
[2022-02-05 03:12:01,310][INFO] [Epoch  21/200] trn/acc1 5.67e-01, trn/loss 2.27e+00, trn/loss_ce 1.54e+00, trn/loss_wd 1.46e+03, trn/lr 9.84e-02
[2022-02-05 03:12:05,998][INFO] [Epoch  22/200] trn/acc1 5.72e-01, trn/loss 2.24e+00, trn/loss_ce 1.51e+00, trn/loss_wd 1.47e+03, trn/lr 9.82e-02
[2022-02-05 03:12:10,796][INFO] [Epoch  23/200] trn/acc1 5.73e-01, trn/loss 2.25e+00, trn/loss_ce 1.51e+00, trn/loss_wd 1.48e+03, trn/lr 9.80e-02
[2022-02-05 03:12:15,466][INFO] [Epoch  24/200] trn/acc1 5.77e-01, trn/loss 2.24e+00, trn/loss_ce 1.49e+00, trn/loss_wd 1.49e+03, trn/lr 9.78e-02
[2022-02-05 03:12:20,325][INFO] [Epoch  25/200] trn/acc1 5.81e-01, trn/loss 2.23e+00, trn/loss_ce 1.48e+00, trn/loss_wd 1.50e+03, trn/lr 9.76e-02
[2022-02-05 03:12:25,020][INFO] [Epoch  26/200] trn/acc1 5.83e-01, trn/loss 2.23e+00, trn/loss_ce 1.47e+00, trn/loss_wd 1.52e+03, trn/lr 9.73e-02
[2022-02-05 03:12:29,812][INFO] [Epoch  27/200] trn/acc1 5.81e-01, trn/loss 2.23e+00, trn/loss_ce 1.47e+00, trn/loss_wd 1.52e+03, trn/lr 9.70e-02
[2022-02-05 03:12:34,498][INFO] [Epoch  28/200] trn/acc1 5.86e-01, trn/loss 2.22e+00, trn/loss_ce 1.45e+00, trn/loss_wd 1.53e+03, trn/lr 9.68e-02
[2022-02-05 03:12:39,302][INFO] [Epoch  29/200] trn/acc1 5.90e-01, trn/loss 2.21e+00, trn/loss_ce 1.44e+00, trn/loss_wd 1.54e+03, trn/lr 9.65e-02
[2022-02-05 03:12:43,997][INFO] [Epoch  30/200] trn/acc1 5.93e-01, trn/loss 2.20e+00, trn/loss_ce 1.43e+00, trn/loss_wd 1.54e+03, trn/lr 9.62e-02
[2022-02-05 03:12:48,786][INFO] [Epoch  31/200] trn/acc1 5.94e-01, trn/loss 2.20e+00, trn/loss_ce 1.42e+00, trn/loss_wd 1.55e+03, trn/lr 9.58e-02
[2022-02-05 03:12:53,515][INFO] [Epoch  32/200] trn/acc1 5.95e-01, trn/loss 2.20e+00, trn/loss_ce 1.42e+00, trn/loss_wd 1.56e+03, trn/lr 9.55e-02
[2022-02-05 03:12:58,348][INFO] [Epoch  33/200] trn/acc1 5.97e-01, trn/loss 2.19e+00, trn/loss_ce 1.41e+00, trn/loss_wd 1.56e+03, trn/lr 9.52e-02
[2022-02-05 03:13:03,216][INFO] [Epoch  34/200] trn/acc1 6.01e-01, trn/loss 2.18e+00, trn/loss_ce 1.40e+00, trn/loss_wd 1.57e+03, trn/lr 9.48e-02
[2022-02-05 03:13:07,912][INFO] [Epoch  35/200] trn/acc1 6.05e-01, trn/loss 2.17e+00, trn/loss_ce 1.39e+00, trn/loss_wd 1.57e+03, trn/lr 9.45e-02
[2022-02-05 03:13:12,830][INFO] [Epoch  36/200] trn/acc1 6.05e-01, trn/loss 2.17e+00, trn/loss_ce 1.39e+00, trn/loss_wd 1.58e+03, trn/lr 9.41e-02
[2022-02-05 03:13:17,591][INFO] [Epoch  37/200] trn/acc1 6.06e-01, trn/loss 2.17e+00, trn/loss_ce 1.38e+00, trn/loss_wd 1.58e+03, trn/lr 9.37e-02
[2022-02-05 03:13:22,700][INFO] [Epoch  38/200] trn/acc1 6.09e-01, trn/loss 2.16e+00, trn/loss_ce 1.37e+00, trn/loss_wd 1.58e+03, trn/lr 9.33e-02
[2022-02-05 03:13:27,460][INFO] [Epoch  39/200] trn/acc1 6.08e-01, trn/loss 2.16e+00, trn/loss_ce 1.37e+00, trn/loss_wd 1.58e+03, trn/lr 9.29e-02
[2022-02-05 03:13:32,407][INFO] [Epoch  40/200] trn/acc1 6.10e-01, trn/loss 2.16e+00, trn/loss_ce 1.37e+00, trn/loss_wd 1.59e+03, trn/lr 9.25e-02
[2022-02-05 03:13:32,622][INFO] [Epoch  40/200] Validation: val/acc1 0.5090, val/loss_ce 1.8609
[2022-02-05 03:13:37,673][INFO] [Epoch  41/200] trn/acc1 6.09e-01, trn/loss 2.16e+00, trn/loss_ce 1.37e+00, trn/loss_wd 1.60e+03, trn/lr 9.20e-02
[2022-02-05 03:13:42,500][INFO] [Epoch  42/200] trn/acc1 6.16e-01, trn/loss 2.14e+00, trn/loss_ce 1.35e+00, trn/loss_wd 1.60e+03, trn/lr 9.16e-02
[2022-02-05 03:13:47,187][INFO] [Epoch  43/200] trn/acc1 6.17e-01, trn/loss 2.14e+00, trn/loss_ce 1.34e+00, trn/loss_wd 1.60e+03, trn/lr 9.11e-02
[2022-02-05 03:13:52,296][INFO] [Epoch  44/200] trn/acc1 6.15e-01, trn/loss 2.15e+00, trn/loss_ce 1.35e+00, trn/loss_wd 1.60e+03, trn/lr 9.07e-02
[2022-02-05 03:13:57,003][INFO] [Epoch  45/200] trn/acc1 6.18e-01, trn/loss 2.14e+00, trn/loss_ce 1.34e+00, trn/loss_wd 1.60e+03, trn/lr 9.02e-02
[2022-02-05 03:14:01,822][INFO] [Epoch  46/200] trn/acc1 6.21e-01, trn/loss 2.13e+00, trn/loss_ce 1.33e+00, trn/loss_wd 1.60e+03, trn/lr 8.97e-02
[2022-02-05 03:14:06,502][INFO] [Epoch  47/200] trn/acc1 6.21e-01, trn/loss 2.12e+00, trn/loss_ce 1.32e+00, trn/loss_wd 1.60e+03, trn/lr 8.92e-02
[2022-02-05 03:14:11,301][INFO] [Epoch  48/200] trn/acc1 6.20e-01, trn/loss 2.12e+00, trn/loss_ce 1.32e+00, trn/loss_wd 1.59e+03, trn/lr 8.87e-02
[2022-02-05 03:14:15,978][INFO] [Epoch  49/200] trn/acc1 6.20e-01, trn/loss 2.11e+00, trn/loss_ce 1.32e+00, trn/loss_wd 1.59e+03, trn/lr 8.82e-02
[2022-02-05 03:14:20,775][INFO] [Epoch  50/200] trn/acc1 6.23e-01, trn/loss 2.11e+00, trn/loss_ce 1.31e+00, trn/loss_wd 1.60e+03, trn/lr 8.77e-02
[2022-02-05 03:14:25,465][INFO] [Epoch  51/200] trn/acc1 6.24e-01, trn/loss 2.10e+00, trn/loss_ce 1.30e+00, trn/loss_wd 1.60e+03, trn/lr 8.72e-02
[2022-02-05 03:14:30,139][INFO] [Epoch  52/200] trn/acc1 6.27e-01, trn/loss 2.10e+00, trn/loss_ce 1.30e+00, trn/loss_wd 1.60e+03, trn/lr 8.66e-02
[2022-02-05 03:14:34,928][INFO] [Epoch  53/200] trn/acc1 6.27e-01, trn/loss 2.09e+00, trn/loss_ce 1.29e+00, trn/loss_wd 1.59e+03, trn/lr 8.61e-02
[2022-02-05 03:14:39,608][INFO] [Epoch  54/200] trn/acc1 6.28e-01, trn/loss 2.09e+00, trn/loss_ce 1.29e+00, trn/loss_wd 1.59e+03, trn/lr 8.55e-02
[2022-02-05 03:14:44,388][INFO] [Epoch  55/200] trn/acc1 6.32e-01, trn/loss 2.08e+00, trn/loss_ce 1.28e+00, trn/loss_wd 1.59e+03, trn/lr 8.49e-02
[2022-02-05 03:14:49,083][INFO] [Epoch  56/200] trn/acc1 6.32e-01, trn/loss 2.08e+00, trn/loss_ce 1.28e+00, trn/loss_wd 1.60e+03, trn/lr 8.43e-02
[2022-02-05 03:14:53,861][INFO] [Epoch  57/200] trn/acc1 6.33e-01, trn/loss 2.07e+00, trn/loss_ce 1.27e+00, trn/loss_wd 1.59e+03, trn/lr 8.38e-02
[2022-02-05 03:14:58,545][INFO] [Epoch  58/200] trn/acc1 6.34e-01, trn/loss 2.07e+00, trn/loss_ce 1.27e+00, trn/loss_wd 1.59e+03, trn/lr 8.32e-02
[2022-02-05 03:15:03,339][INFO] [Epoch  59/200] trn/acc1 6.34e-01, trn/loss 2.06e+00, trn/loss_ce 1.26e+00, trn/loss_wd 1.59e+03, trn/lr 8.25e-02
[2022-02-05 03:15:08,019][INFO] [Epoch  60/200] trn/acc1 6.40e-01, trn/loss 2.05e+00, trn/loss_ce 1.26e+00, trn/loss_wd 1.59e+03, trn/lr 8.19e-02
[2022-02-05 03:15:08,222][INFO] [Epoch  60/200] Validation: val/acc1 0.5136, val/loss_ce 1.9039
[2022-02-05 03:15:13,168][INFO] [Epoch  61/200] trn/acc1 6.39e-01, trn/loss 2.05e+00, trn/loss_ce 1.26e+00, trn/loss_wd 1.59e+03, trn/lr 8.13e-02
[2022-02-05 03:15:17,846][INFO] [Epoch  62/200] trn/acc1 6.42e-01, trn/loss 2.04e+00, trn/loss_ce 1.24e+00, trn/loss_wd 1.59e+03, trn/lr 8.07e-02
[2022-02-05 03:15:22,624][INFO] [Epoch  63/200] trn/acc1 6.43e-01, trn/loss 2.03e+00, trn/loss_ce 1.24e+00, trn/loss_wd 1.58e+03, trn/lr 8.00e-02
[2022-02-05 03:15:27,328][INFO] [Epoch  64/200] trn/acc1 6.41e-01, trn/loss 2.04e+00, trn/loss_ce 1.25e+00, trn/loss_wd 1.58e+03, trn/lr 7.94e-02
[2022-02-05 03:15:32,135][INFO] [Epoch  65/200] trn/acc1 6.42e-01, trn/loss 2.03e+00, trn/loss_ce 1.24e+00, trn/loss_wd 1.58e+03, trn/lr 7.87e-02
[2022-02-05 03:15:36,829][INFO] [Epoch  66/200] trn/acc1 6.48e-01, trn/loss 2.01e+00, trn/loss_ce 1.22e+00, trn/loss_wd 1.58e+03, trn/lr 7.81e-02
[2022-02-05 03:15:41,522][INFO] [Epoch  67/200] trn/acc1 6.43e-01, trn/loss 2.01e+00, trn/loss_ce 1.22e+00, trn/loss_wd 1.58e+03, trn/lr 7.74e-02
[2022-02-05 03:15:46,313][INFO] [Epoch  68/200] trn/acc1 6.47e-01, trn/loss 2.01e+00, trn/loss_ce 1.22e+00, trn/loss_wd 1.58e+03, trn/lr 7.67e-02
[2022-02-05 03:15:51,003][INFO] [Epoch  69/200] trn/acc1 6.50e-01, trn/loss 2.00e+00, trn/loss_ce 1.21e+00, trn/loss_wd 1.58e+03, trn/lr 7.60e-02
[2022-02-05 03:15:55,793][INFO] [Epoch  70/200] trn/acc1 6.50e-01, trn/loss 1.99e+00, trn/loss_ce 1.21e+00, trn/loss_wd 1.57e+03, trn/lr 7.53e-02
[2022-02-05 03:16:00,496][INFO] [Epoch  71/200] trn/acc1 6.52e-01, trn/loss 1.99e+00, trn/loss_ce 1.21e+00, trn/loss_wd 1.57e+03, trn/lr 7.47e-02
[2022-02-05 03:16:05,280][INFO] [Epoch  72/200] trn/acc1 6.56e-01, trn/loss 1.97e+00, trn/loss_ce 1.19e+00, trn/loss_wd 1.57e+03, trn/lr 7.39e-02
[2022-02-05 03:16:09,978][INFO] [Epoch  73/200] trn/acc1 6.54e-01, trn/loss 1.97e+00, trn/loss_ce 1.19e+00, trn/loss_wd 1.57e+03, trn/lr 7.32e-02
[2022-02-05 03:16:14,791][INFO] [Epoch  74/200] trn/acc1 6.55e-01, trn/loss 1.97e+00, trn/loss_ce 1.19e+00, trn/loss_wd 1.57e+03, trn/lr 7.25e-02
[2022-02-05 03:16:19,494][INFO] [Epoch  75/200] trn/acc1 6.55e-01, trn/loss 1.97e+00, trn/loss_ce 1.18e+00, trn/loss_wd 1.56e+03, trn/lr 7.18e-02
[2022-02-05 03:16:24,284][INFO] [Epoch  76/200] trn/acc1 6.61e-01, trn/loss 1.95e+00, trn/loss_ce 1.17e+00, trn/loss_wd 1.56e+03, trn/lr 7.11e-02
[2022-02-05 03:16:28,980][INFO] [Epoch  77/200] trn/acc1 6.58e-01, trn/loss 1.95e+00, trn/loss_ce 1.17e+00, trn/loss_wd 1.56e+03, trn/lr 7.03e-02
[2022-02-05 03:16:33,768][INFO] [Epoch  78/200] trn/acc1 6.65e-01, trn/loss 1.93e+00, trn/loss_ce 1.15e+00, trn/loss_wd 1.56e+03, trn/lr 6.96e-02
[2022-02-05 03:16:38,473][INFO] [Epoch  79/200] trn/acc1 6.63e-01, trn/loss 1.93e+00, trn/loss_ce 1.16e+00, trn/loss_wd 1.56e+03, trn/lr 6.89e-02
[2022-02-05 03:16:43,267][INFO] [Epoch  80/200] trn/acc1 6.61e-01, trn/loss 1.94e+00, trn/loss_ce 1.16e+00, trn/loss_wd 1.55e+03, trn/lr 6.81e-02
[2022-02-05 03:16:43,468][INFO] [Epoch  80/200] Validation: val/acc1 0.5190, val/loss_ce 1.8308
[2022-02-05 03:16:48,369][INFO] [Epoch  81/200] trn/acc1 6.69e-01, trn/loss 1.91e+00, trn/loss_ce 1.14e+00, trn/loss_wd 1.55e+03, trn/lr 6.74e-02
[2022-02-05 03:16:53,057][INFO] [Epoch  82/200] trn/acc1 6.66e-01, trn/loss 1.91e+00, trn/loss_ce 1.14e+00, trn/loss_wd 1.55e+03, trn/lr 6.66e-02
[2022-02-05 03:16:57,858][INFO] [Epoch  83/200] trn/acc1 6.71e-01, trn/loss 1.91e+00, trn/loss_ce 1.13e+00, trn/loss_wd 1.54e+03, trn/lr 6.58e-02
[2022-02-05 03:17:02,566][INFO] [Epoch  84/200] trn/acc1 6.69e-01, trn/loss 1.90e+00, trn/loss_ce 1.13e+00, trn/loss_wd 1.54e+03, trn/lr 6.51e-02
[2022-02-05 03:17:07,434][INFO] [Epoch  85/200] trn/acc1 6.71e-01, trn/loss 1.89e+00, trn/loss_ce 1.11e+00, trn/loss_wd 1.54e+03, trn/lr 6.43e-02
[2022-02-05 03:17:12,133][INFO] [Epoch  86/200] trn/acc1 6.74e-01, trn/loss 1.89e+00, trn/loss_ce 1.12e+00, trn/loss_wd 1.54e+03, trn/lr 6.35e-02
[2022-02-05 03:17:16,956][INFO] [Epoch  87/200] trn/acc1 6.76e-01, trn/loss 1.88e+00, trn/loss_ce 1.11e+00, trn/loss_wd 1.54e+03, trn/lr 6.27e-02
[2022-02-05 03:17:21,658][INFO] [Epoch  88/200] trn/acc1 6.78e-01, trn/loss 1.86e+00, trn/loss_ce 1.10e+00, trn/loss_wd 1.53e+03, trn/lr 6.20e-02
[2022-02-05 03:17:26,483][INFO] [Epoch  89/200] trn/acc1 6.79e-01, trn/loss 1.86e+00, trn/loss_ce 1.10e+00, trn/loss_wd 1.53e+03, trn/lr 6.12e-02
[2022-02-05 03:17:31,188][INFO] [Epoch  90/200] trn/acc1 6.83e-01, trn/loss 1.85e+00, trn/loss_ce 1.08e+00, trn/loss_wd 1.52e+03, trn/lr 6.04e-02
[2022-02-05 03:17:36,007][INFO] [Epoch  91/200] trn/acc1 6.82e-01, trn/loss 1.84e+00, trn/loss_ce 1.08e+00, trn/loss_wd 1.52e+03, trn/lr 5.96e-02
[2022-02-05 03:17:40,705][INFO] [Epoch  92/200] trn/acc1 6.83e-01, trn/loss 1.84e+00, trn/loss_ce 1.08e+00, trn/loss_wd 1.52e+03, trn/lr 5.88e-02
[2022-02-05 03:17:45,496][INFO] [Epoch  93/200] trn/acc1 6.86e-01, trn/loss 1.83e+00, trn/loss_ce 1.07e+00, trn/loss_wd 1.51e+03, trn/lr 5.80e-02
[2022-02-05 03:17:50,205][INFO] [Epoch  94/200] trn/acc1 6.87e-01, trn/loss 1.82e+00, trn/loss_ce 1.06e+00, trn/loss_wd 1.51e+03, trn/lr 5.72e-02
[2022-02-05 03:17:55,026][INFO] [Epoch  95/200] trn/acc1 6.94e-01, trn/loss 1.80e+00, trn/loss_ce 1.05e+00, trn/loss_wd 1.51e+03, trn/lr 5.64e-02
[2022-02-05 03:17:59,721][INFO] [Epoch  96/200] trn/acc1 6.94e-01, trn/loss 1.79e+00, trn/loss_ce 1.04e+00, trn/loss_wd 1.50e+03, trn/lr 5.56e-02
[2022-02-05 03:18:04,598][INFO] [Epoch  97/200] trn/acc1 6.91e-01, trn/loss 1.80e+00, trn/loss_ce 1.05e+00, trn/loss_wd 1.50e+03, trn/lr 5.48e-02
[2022-02-05 03:18:09,334][INFO] [Epoch  98/200] trn/acc1 6.94e-01, trn/loss 1.78e+00, trn/loss_ce 1.03e+00, trn/loss_wd 1.50e+03, trn/lr 5.40e-02
[2022-02-05 03:18:14,063][INFO] [Epoch  99/200] trn/acc1 7.02e-01, trn/loss 1.76e+00, trn/loss_ce 1.01e+00, trn/loss_wd 1.50e+03, trn/lr 5.32e-02
[2022-02-05 03:18:18,927][INFO] [Epoch 100/200] trn/acc1 7.00e-01, trn/loss 1.76e+00, trn/loss_ce 1.02e+00, trn/loss_wd 1.49e+03, trn/lr 5.24e-02
[2022-02-05 03:18:19,137][INFO] [Epoch 100/200] Validation: val/acc1 0.5770, val/loss_ce 1.5582
[2022-02-05 03:18:24,066][INFO] [Epoch 101/200] trn/acc1 7.01e-01, trn/loss 1.75e+00, trn/loss_ce 1.01e+00, trn/loss_wd 1.49e+03, trn/lr 5.16e-02
[2022-02-05 03:18:28,922][INFO] [Epoch 102/200] trn/acc1 7.04e-01, trn/loss 1.75e+00, trn/loss_ce 1.00e+00, trn/loss_wd 1.48e+03, trn/lr 5.08e-02
[2022-02-05 03:18:33,617][INFO] [Epoch 103/200] trn/acc1 7.06e-01, trn/loss 1.73e+00, trn/loss_ce 9.93e-01, trn/loss_wd 1.48e+03, trn/lr 5.00e-02
[2022-02-05 03:18:38,446][INFO] [Epoch 104/200] trn/acc1 7.06e-01, trn/loss 1.72e+00, trn/loss_ce 9.88e-01, trn/loss_wd 1.47e+03, trn/lr 4.92e-02
[2022-02-05 03:18:43,153][INFO] [Epoch 105/200] trn/acc1 7.09e-01, trn/loss 1.71e+00, trn/loss_ce 9.79e-01, trn/loss_wd 1.47e+03, trn/lr 4.84e-02
[2022-02-05 03:18:47,972][INFO] [Epoch 106/200] trn/acc1 7.09e-01, trn/loss 1.71e+00, trn/loss_ce 9.77e-01, trn/loss_wd 1.46e+03, trn/lr 4.76e-02
[2022-02-05 03:18:52,673][INFO] [Epoch 107/200] trn/acc1 7.16e-01, trn/loss 1.69e+00, trn/loss_ce 9.59e-01, trn/loss_wd 1.46e+03, trn/lr 4.68e-02
[2022-02-05 03:18:57,478][INFO] [Epoch 108/200] trn/acc1 7.14e-01, trn/loss 1.68e+00, trn/loss_ce 9.53e-01, trn/loss_wd 1.46e+03, trn/lr 4.60e-02
[2022-02-05 03:19:02,184][INFO] [Epoch 109/200] trn/acc1 7.19e-01, trn/loss 1.67e+00, trn/loss_ce 9.46e-01, trn/loss_wd 1.45e+03, trn/lr 4.52e-02
[2022-02-05 03:19:06,985][INFO] [Epoch 110/200] trn/acc1 7.18e-01, trn/loss 1.67e+00, trn/loss_ce 9.43e-01, trn/loss_wd 1.45e+03, trn/lr 4.44e-02
[2022-02-05 03:19:11,753][INFO] [Epoch 111/200] trn/acc1 7.24e-01, trn/loss 1.65e+00, trn/loss_ce 9.29e-01, trn/loss_wd 1.44e+03, trn/lr 4.36e-02
[2022-02-05 03:19:16,667][INFO] [Epoch 112/200] trn/acc1 7.29e-01, trn/loss 1.64e+00, trn/loss_ce 9.16e-01, trn/loss_wd 1.44e+03, trn/lr 4.28e-02
[2022-02-05 03:19:21,459][INFO] [Epoch 113/200] trn/acc1 7.28e-01, trn/loss 1.63e+00, trn/loss_ce 9.17e-01, trn/loss_wd 1.43e+03, trn/lr 4.20e-02
[2022-02-05 03:19:26,200][INFO] [Epoch 114/200] trn/acc1 7.30e-01, trn/loss 1.62e+00, trn/loss_ce 9.08e-01, trn/loss_wd 1.43e+03, trn/lr 4.12e-02
[2022-02-05 03:19:31,149][INFO] [Epoch 115/200] trn/acc1 7.30e-01, trn/loss 1.61e+00, trn/loss_ce 8.99e-01, trn/loss_wd 1.43e+03, trn/lr 4.04e-02
[2022-02-05 03:19:35,893][INFO] [Epoch 116/200] trn/acc1 7.33e-01, trn/loss 1.60e+00, trn/loss_ce 8.92e-01, trn/loss_wd 1.42e+03, trn/lr 3.96e-02
[2022-02-05 03:19:40,755][INFO] [Epoch 117/200] trn/acc1 7.38e-01, trn/loss 1.58e+00, trn/loss_ce 8.75e-01, trn/loss_wd 1.41e+03, trn/lr 3.88e-02
[2022-02-05 03:19:45,466][INFO] [Epoch 118/200] trn/acc1 7.40e-01, trn/loss 1.57e+00, trn/loss_ce 8.63e-01, trn/loss_wd 1.41e+03, trn/lr 3.80e-02
[2022-02-05 03:19:50,337][INFO] [Epoch 119/200] trn/acc1 7.40e-01, trn/loss 1.57e+00, trn/loss_ce 8.64e-01, trn/loss_wd 1.41e+03, trn/lr 3.73e-02
[2022-02-05 03:19:55,062][INFO] [Epoch 120/200] trn/acc1 7.46e-01, trn/loss 1.55e+00, trn/loss_ce 8.52e-01, trn/loss_wd 1.40e+03, trn/lr 3.65e-02
[2022-02-05 03:19:55,272][INFO] [Epoch 120/200] Validation: val/acc1 0.6140, val/loss_ce 1.4289
[2022-02-05 03:20:00,462][INFO] [Epoch 121/200] trn/acc1 7.46e-01, trn/loss 1.54e+00, trn/loss_ce 8.40e-01, trn/loss_wd 1.40e+03, trn/lr 3.57e-02
[2022-02-05 03:20:05,196][INFO] [Epoch 122/200] trn/acc1 7.49e-01, trn/loss 1.52e+00, trn/loss_ce 8.27e-01, trn/loss_wd 1.39e+03, trn/lr 3.49e-02
[2022-02-05 03:20:10,017][INFO] [Epoch 123/200] trn/acc1 7.56e-01, trn/loss 1.51e+00, trn/loss_ce 8.18e-01, trn/loss_wd 1.39e+03, trn/lr 3.42e-02
[2022-02-05 03:20:14,805][INFO] [Epoch 124/200] trn/acc1 7.53e-01, trn/loss 1.50e+00, trn/loss_ce 8.13e-01, trn/loss_wd 1.38e+03, trn/lr 3.34e-02
[2022-02-05 03:20:19,649][INFO] [Epoch 125/200] trn/acc1 7.58e-01, trn/loss 1.48e+00, trn/loss_ce 7.98e-01, trn/loss_wd 1.37e+03, trn/lr 3.26e-02
[2022-02-05 03:20:24,354][INFO] [Epoch 126/200] trn/acc1 7.61e-01, trn/loss 1.47e+00, trn/loss_ce 7.88e-01, trn/loss_wd 1.37e+03, trn/lr 3.19e-02
[2022-02-05 03:20:29,174][INFO] [Epoch 127/200] trn/acc1 7.62e-01, trn/loss 1.47e+00, trn/loss_ce 7.87e-01, trn/loss_wd 1.36e+03, trn/lr 3.11e-02
[2022-02-05 03:20:33,874][INFO] [Epoch 128/200] trn/acc1 7.70e-01, trn/loss 1.44e+00, trn/loss_ce 7.66e-01, trn/loss_wd 1.36e+03, trn/lr 3.04e-02
[2022-02-05 03:20:38,675][INFO] [Epoch 129/200] trn/acc1 7.70e-01, trn/loss 1.43e+00, trn/loss_ce 7.57e-01, trn/loss_wd 1.35e+03, trn/lr 2.97e-02
[2022-02-05 03:20:43,354][INFO] [Epoch 130/200] trn/acc1 7.72e-01, trn/loss 1.43e+00, trn/loss_ce 7.54e-01, trn/loss_wd 1.34e+03, trn/lr 2.89e-02
[2022-02-05 03:20:48,048][INFO] [Epoch 131/200] trn/acc1 7.74e-01, trn/loss 1.41e+00, trn/loss_ce 7.39e-01, trn/loss_wd 1.34e+03, trn/lr 2.82e-02
[2022-02-05 03:20:52,848][INFO] [Epoch 132/200] trn/acc1 7.77e-01, trn/loss 1.40e+00, trn/loss_ce 7.29e-01, trn/loss_wd 1.33e+03, trn/lr 2.75e-02
[2022-02-05 03:20:57,528][INFO] [Epoch 133/200] trn/acc1 7.84e-01, trn/loss 1.38e+00, trn/loss_ce 7.16e-01, trn/loss_wd 1.33e+03, trn/lr 2.68e-02
[2022-02-05 03:21:02,307][INFO] [Epoch 134/200] trn/acc1 7.85e-01, trn/loss 1.37e+00, trn/loss_ce 7.08e-01, trn/loss_wd 1.32e+03, trn/lr 2.61e-02
[2022-02-05 03:21:06,999][INFO] [Epoch 135/200] trn/acc1 7.85e-01, trn/loss 1.36e+00, trn/loss_ce 7.03e-01, trn/loss_wd 1.31e+03, trn/lr 2.54e-02
[2022-02-05 03:21:11,776][INFO] [Epoch 136/200] trn/acc1 7.92e-01, trn/loss 1.34e+00, trn/loss_ce 6.82e-01, trn/loss_wd 1.31e+03, trn/lr 2.47e-02
[2022-02-05 03:21:16,464][INFO] [Epoch 137/200] trn/acc1 7.94e-01, trn/loss 1.32e+00, trn/loss_ce 6.74e-01, trn/loss_wd 1.30e+03, trn/lr 2.40e-02
[2022-02-05 03:21:21,259][INFO] [Epoch 138/200] trn/acc1 7.95e-01, trn/loss 1.31e+00, trn/loss_ce 6.64e-01, trn/loss_wd 1.29e+03, trn/lr 2.33e-02
[2022-02-05 03:21:25,944][INFO] [Epoch 139/200] trn/acc1 8.02e-01, trn/loss 1.29e+00, trn/loss_ce 6.45e-01, trn/loss_wd 1.29e+03, trn/lr 2.26e-02
[2022-02-05 03:21:30,728][INFO] [Epoch 140/200] trn/acc1 8.05e-01, trn/loss 1.27e+00, trn/loss_ce 6.35e-01, trn/loss_wd 1.28e+03, trn/lr 2.19e-02
[2022-02-05 03:21:30,932][INFO] [Epoch 140/200] Validation: val/acc1 0.6292, val/loss_ce 1.4134
[2022-02-05 03:21:35,828][INFO] [Epoch 141/200] trn/acc1 8.09e-01, trn/loss 1.26e+00, trn/loss_ce 6.26e-01, trn/loss_wd 1.27e+03, trn/lr 2.13e-02
[2022-02-05 03:21:40,605][INFO] [Epoch 142/200] trn/acc1 8.15e-01, trn/loss 1.24e+00, trn/loss_ce 6.05e-01, trn/loss_wd 1.27e+03, trn/lr 2.06e-02
[2022-02-05 03:21:45,302][INFO] [Epoch 143/200] trn/acc1 8.16e-01, trn/loss 1.23e+00, trn/loss_ce 5.98e-01, trn/loss_wd 1.26e+03, trn/lr 2.00e-02
[2022-02-05 03:21:50,078][INFO] [Epoch 144/200] trn/acc1 8.21e-01, trn/loss 1.21e+00, trn/loss_ce 5.84e-01, trn/loss_wd 1.25e+03, trn/lr 1.93e-02
[2022-02-05 03:21:54,767][INFO] [Epoch 145/200] trn/acc1 8.20e-01, trn/loss 1.20e+00, trn/loss_ce 5.80e-01, trn/loss_wd 1.24e+03, trn/lr 1.87e-02
[2022-02-05 03:21:59,448][INFO] [Epoch 146/200] trn/acc1 8.26e-01, trn/loss 1.18e+00, trn/loss_ce 5.66e-01, trn/loss_wd 1.24e+03, trn/lr 1.81e-02
[2022-02-05 03:22:04,242][INFO] [Epoch 147/200] trn/acc1 8.29e-01, trn/loss 1.17e+00, trn/loss_ce 5.53e-01, trn/loss_wd 1.23e+03, trn/lr 1.75e-02
[2022-02-05 03:22:08,943][INFO] [Epoch 148/200] trn/acc1 8.35e-01, trn/loss 1.14e+00, trn/loss_ce 5.34e-01, trn/loss_wd 1.22e+03, trn/lr 1.68e-02
[2022-02-05 03:22:13,721][INFO] [Epoch 149/200] trn/acc1 8.39e-01, trn/loss 1.13e+00, trn/loss_ce 5.25e-01, trn/loss_wd 1.21e+03, trn/lr 1.62e-02
[2022-02-05 03:22:18,414][INFO] [Epoch 150/200] trn/acc1 8.41e-01, trn/loss 1.11e+00, trn/loss_ce 5.10e-01, trn/loss_wd 1.21e+03, trn/lr 1.57e-02
[2022-02-05 03:22:23,209][INFO] [Epoch 151/200] trn/acc1 8.48e-01, trn/loss 1.10e+00, trn/loss_ce 4.96e-01, trn/loss_wd 1.20e+03, trn/lr 1.51e-02
[2022-02-05 03:22:27,897][INFO] [Epoch 152/200] trn/acc1 8.53e-01, trn/loss 1.08e+00, trn/loss_ce 4.82e-01, trn/loss_wd 1.19e+03, trn/lr 1.45e-02
[2022-02-05 03:22:32,678][INFO] [Epoch 153/200] trn/acc1 8.55e-01, trn/loss 1.06e+00, trn/loss_ce 4.69e-01, trn/loss_wd 1.18e+03, trn/lr 1.39e-02
[2022-02-05 03:22:37,363][INFO] [Epoch 154/200] trn/acc1 8.59e-01, trn/loss 1.05e+00, trn/loss_ce 4.58e-01, trn/loss_wd 1.18e+03, trn/lr 1.34e-02
[2022-02-05 03:22:42,150][INFO] [Epoch 155/200] trn/acc1 8.64e-01, trn/loss 1.03e+00, trn/loss_ce 4.44e-01, trn/loss_wd 1.17e+03, trn/lr 1.28e-02
[2022-02-05 03:22:46,846][INFO] [Epoch 156/200] trn/acc1 8.69e-01, trn/loss 1.01e+00, trn/loss_ce 4.29e-01, trn/loss_wd 1.16e+03, trn/lr 1.23e-02
[2022-02-05 03:22:51,617][INFO] [Epoch 157/200] trn/acc1 8.75e-01, trn/loss 9.86e-01, trn/loss_ce 4.10e-01, trn/loss_wd 1.15e+03, trn/lr 1.18e-02
[2022-02-05 03:22:56,294][INFO] [Epoch 158/200] trn/acc1 8.73e-01, trn/loss 9.77e-01, trn/loss_ce 4.05e-01, trn/loss_wd 1.14e+03, trn/lr 1.13e-02
[2022-02-05 03:23:01,143][INFO] [Epoch 159/200] trn/acc1 8.79e-01, trn/loss 9.60e-01, trn/loss_ce 3.93e-01, trn/loss_wd 1.13e+03, trn/lr 1.08e-02
[2022-02-05 03:23:05,833][INFO] [Epoch 160/200] trn/acc1 8.88e-01, trn/loss 9.34e-01, trn/loss_ce 3.72e-01, trn/loss_wd 1.13e+03, trn/lr 1.03e-02
[2022-02-05 03:23:06,038][INFO] [Epoch 160/200] Validation: val/acc1 0.6800, val/loss_ce 1.3377
[2022-02-05 03:23:11,081][INFO] [Epoch 161/200] trn/acc1 8.95e-01, trn/loss 9.09e-01, trn/loss_ce 3.50e-01, trn/loss_wd 1.12e+03, trn/lr 9.79e-03
[2022-02-05 03:23:15,774][INFO] [Epoch 162/200] trn/acc1 8.98e-01, trn/loss 8.90e-01, trn/loss_ce 3.36e-01, trn/loss_wd 1.11e+03, trn/lr 9.31e-03
[2022-02-05 03:23:20,467][INFO] [Epoch 163/200] trn/acc1 9.03e-01, trn/loss 8.69e-01, trn/loss_ce 3.19e-01, trn/loss_wd 1.10e+03, trn/lr 8.85e-03
[2022-02-05 03:23:25,280][INFO] [Epoch 164/200] trn/acc1 9.04e-01, trn/loss 8.59e-01, trn/loss_ce 3.14e-01, trn/loss_wd 1.09e+03, trn/lr 8.40e-03
[2022-02-05 03:23:29,975][INFO] [Epoch 165/200] trn/acc1 9.12e-01, trn/loss 8.35e-01, trn/loss_ce 2.94e-01, trn/loss_wd 1.08e+03, trn/lr 7.96e-03
[2022-02-05 03:23:34,801][INFO] [Epoch 166/200] trn/acc1 9.15e-01, trn/loss 8.16e-01, trn/loss_ce 2.80e-01, trn/loss_wd 1.07e+03, trn/lr 7.53e-03
[2022-02-05 03:23:39,500][INFO] [Epoch 167/200] trn/acc1 9.22e-01, trn/loss 7.96e-01, trn/loss_ce 2.65e-01, trn/loss_wd 1.06e+03, trn/lr 7.11e-03
[2022-02-05 03:23:44,326][INFO] [Epoch 168/200] trn/acc1 9.27e-01, trn/loss 7.74e-01, trn/loss_ce 2.47e-01, trn/loss_wd 1.05e+03, trn/lr 6.70e-03
[2022-02-05 03:23:49,009][INFO] [Epoch 169/200] trn/acc1 9.30e-01, trn/loss 7.63e-01, trn/loss_ce 2.40e-01, trn/loss_wd 1.05e+03, trn/lr 6.30e-03
[2022-02-05 03:23:53,847][INFO] [Epoch 170/200] trn/acc1 9.34e-01, trn/loss 7.46e-01, trn/loss_ce 2.27e-01, trn/loss_wd 1.04e+03, trn/lr 5.92e-03
[2022-02-05 03:23:58,538][INFO] [Epoch 171/200] trn/acc1 9.37e-01, trn/loss 7.34e-01, trn/loss_ce 2.19e-01, trn/loss_wd 1.03e+03, trn/lr 5.54e-03
[2022-02-05 03:24:03,378][INFO] [Epoch 172/200] trn/acc1 9.46e-01, trn/loss 7.07e-01, trn/loss_ce 1.96e-01, trn/loss_wd 1.02e+03, trn/lr 5.18e-03
[2022-02-05 03:24:08,075][INFO] [Epoch 173/200] trn/acc1 9.50e-01, trn/loss 6.91e-01, trn/loss_ce 1.83e-01, trn/loss_wd 1.01e+03, trn/lr 4.83e-03
[2022-02-05 03:24:12,903][INFO] [Epoch 174/200] trn/acc1 9.52e-01, trn/loss 6.81e-01, trn/loss_ce 1.77e-01, trn/loss_wd 1.01e+03, trn/lr 4.49e-03
[2022-02-05 03:24:17,661][INFO] [Epoch 175/200] trn/acc1 9.56e-01, trn/loss 6.67e-01, trn/loss_ce 1.67e-01, trn/loss_wd 1.00e+03, trn/lr 4.16e-03
[2022-02-05 03:24:22,466][INFO] [Epoch 176/200] trn/acc1 9.60e-01, trn/loss 6.54e-01, trn/loss_ce 1.57e-01, trn/loss_wd 9.93e+02, trn/lr 3.85e-03
[2022-02-05 03:24:27,149][INFO] [Epoch 177/200] trn/acc1 9.63e-01, trn/loss 6.38e-01, trn/loss_ce 1.45e-01, trn/loss_wd 9.86e+02, trn/lr 3.54e-03
[2022-02-05 03:24:31,847][INFO] [Epoch 178/200] trn/acc1 9.66e-01, trn/loss 6.27e-01, trn/loss_ce 1.37e-01, trn/loss_wd 9.80e+02, trn/lr 3.25e-03
[2022-02-05 03:24:36,650][INFO] [Epoch 179/200] trn/acc1 9.69e-01, trn/loss 6.19e-01, trn/loss_ce 1.32e-01, trn/loss_wd 9.74e+02, trn/lr 2.97e-03
[2022-02-05 03:24:41,337][INFO] [Epoch 180/200] trn/acc1 9.73e-01, trn/loss 6.04e-01, trn/loss_ce 1.19e-01, trn/loss_wd 9.69e+02, trn/lr 2.70e-03
[2022-02-05 03:24:41,543][INFO] [Epoch 180/200] Validation: val/acc1 0.7002, val/loss_ce 1.3033
[2022-02-05 03:24:46,782][INFO] [Epoch 181/200] trn/acc1 9.73e-01, trn/loss 5.99e-01, trn/loss_ce 1.17e-01, trn/loss_wd 9.64e+02, trn/lr 2.45e-03
[2022-02-05 03:24:46,984][INFO] [Epoch 181/200] Validation: val/acc1 0.7040, val/loss_ce 1.2958
[2022-02-05 03:24:51,880][INFO] [Epoch 182/200] trn/acc1 9.76e-01, trn/loss 5.90e-01, trn/loss_ce 1.11e-01, trn/loss_wd 9.59e+02, trn/lr 2.21e-03
[2022-02-05 03:24:52,119][INFO] [Epoch 182/200] Validation: val/acc1 0.7026, val/loss_ce 1.2637
[2022-02-05 03:24:57,041][INFO] [Epoch 183/200] trn/acc1 9.77e-01, trn/loss 5.82e-01, trn/loss_ce 1.04e-01, trn/loss_wd 9.55e+02, trn/lr 1.97e-03
[2022-02-05 03:24:57,243][INFO] [Epoch 183/200] Validation: val/acc1 0.7098, val/loss_ce 1.2568
[2022-02-05 03:25:02,216][INFO] [Epoch 184/200] trn/acc1 9.80e-01, trn/loss 5.74e-01, trn/loss_ce 9.82e-02, trn/loss_wd 9.51e+02, trn/lr 1.76e-03
[2022-02-05 03:25:02,419][INFO] [Epoch 184/200] Validation: val/acc1 0.7068, val/loss_ce 1.2858
[2022-02-05 03:25:07,318][INFO] [Epoch 185/200] trn/acc1 9.81e-01, trn/loss 5.69e-01, trn/loss_ce 9.48e-02, trn/loss_wd 9.47e+02, trn/lr 1.55e-03
[2022-02-05 03:25:07,522][INFO] [Epoch 185/200] Validation: val/acc1 0.7100, val/loss_ce 1.2644
[2022-02-05 03:25:12,357][INFO] [Epoch 186/200] trn/acc1 9.83e-01, trn/loss 5.62e-01, trn/loss_ce 9.00e-02, trn/loss_wd 9.44e+02, trn/lr 1.36e-03
[2022-02-05 03:25:12,560][INFO] [Epoch 186/200] Validation: val/acc1 0.7072, val/loss_ce 1.2735
[2022-02-05 03:25:17,440][INFO] [Epoch 187/200] trn/acc1 9.83e-01, trn/loss 5.59e-01, trn/loss_ce 8.78e-02, trn/loss_wd 9.42e+02, trn/lr 1.18e-03
[2022-02-05 03:25:17,645][INFO] [Epoch 187/200] Validation: val/acc1 0.7030, val/loss_ce 1.2818
[2022-02-05 03:25:22,395][INFO] [Epoch 188/200] trn/acc1 9.85e-01, trn/loss 5.53e-01, trn/loss_ce 8.33e-02, trn/loss_wd 9.39e+02, trn/lr 1.01e-03
[2022-02-05 03:25:22,606][INFO] [Epoch 188/200] Validation: val/acc1 0.7088, val/loss_ce 1.2734
[2022-02-05 03:25:27,556][INFO] [Epoch 189/200] trn/acc1 9.85e-01, trn/loss 5.51e-01, trn/loss_ce 8.25e-02, trn/loss_wd 9.37e+02, trn/lr 8.56e-04
[2022-02-05 03:25:27,759][INFO] [Epoch 189/200] Validation: val/acc1 0.7078, val/loss_ce 1.2652
[2022-02-05 03:25:32,533][INFO] [Epoch 190/200] trn/acc1 9.86e-01, trn/loss 5.48e-01, trn/loss_ce 8.02e-02, trn/loss_wd 9.35e+02, trn/lr 7.14e-04
[2022-02-05 03:25:32,739][INFO] [Epoch 190/200] Validation: val/acc1 0.7066, val/loss_ce 1.2740
[2022-02-05 03:25:37,652][INFO] [Epoch 191/200] trn/acc1 9.86e-01, trn/loss 5.45e-01, trn/loss_ce 7.81e-02, trn/loss_wd 9.34e+02, trn/lr 5.85e-04
[2022-02-05 03:25:37,878][INFO] [Epoch 191/200] Validation: val/acc1 0.7098, val/loss_ce 1.2764
[2022-02-05 03:25:42,650][INFO] [Epoch 192/200] trn/acc1 9.87e-01, trn/loss 5.43e-01, trn/loss_ce 7.62e-02, trn/loss_wd 9.33e+02, trn/lr 4.69e-04
[2022-02-05 03:25:42,858][INFO] [Epoch 192/200] Validation: val/acc1 0.7102, val/loss_ce 1.2697
[2022-02-05 03:25:47,868][INFO] [Epoch 193/200] trn/acc1 9.87e-01, trn/loss 5.40e-01, trn/loss_ce 7.43e-02, trn/loss_wd 9.32e+02, trn/lr 3.65e-04
[2022-02-05 03:25:48,073][INFO] [Epoch 193/200] Validation: val/acc1 0.7086, val/loss_ce 1.2739
[2022-02-05 03:25:52,846][INFO] [Epoch 194/200] trn/acc1 9.88e-01, trn/loss 5.39e-01, trn/loss_ce 7.33e-02, trn/loss_wd 9.31e+02, trn/lr 2.75e-04
[2022-02-05 03:25:53,051][INFO] [Epoch 194/200] Validation: val/acc1 0.7076, val/loss_ce 1.2759
[2022-02-05 03:25:57,817][INFO] [Epoch 195/200] trn/acc1 9.88e-01, trn/loss 5.39e-01, trn/loss_ce 7.33e-02, trn/loss_wd 9.30e+02, trn/lr 1.97e-04
[2022-02-05 03:25:58,023][INFO] [Epoch 195/200] Validation: val/acc1 0.7090, val/loss_ce 1.2739
[2022-02-05 03:26:02,904][INFO] [Epoch 196/200] trn/acc1 9.88e-01, trn/loss 5.37e-01, trn/loss_ce 7.17e-02, trn/loss_wd 9.30e+02, trn/lr 1.32e-04
[2022-02-05 03:26:03,111][INFO] [Epoch 196/200] Validation: val/acc1 0.7096, val/loss_ce 1.2740
[2022-02-05 03:26:07,889][INFO] [Epoch 197/200] trn/acc1 9.88e-01, trn/loss 5.37e-01, trn/loss_ce 7.19e-02, trn/loss_wd 9.30e+02, trn/lr 8.01e-05
[2022-02-05 03:26:08,092][INFO] [Epoch 197/200] Validation: val/acc1 0.7100, val/loss_ce 1.2757
[2022-02-05 03:26:12,976][INFO] [Epoch 198/200] trn/acc1 9.90e-01, trn/loss 5.34e-01, trn/loss_ce 6.93e-02, trn/loss_wd 9.30e+02, trn/lr 4.11e-05
[2022-02-05 03:26:13,179][INFO] [Epoch 198/200] Validation: val/acc1 0.7078, val/loss_ce 1.2788
[2022-02-05 03:26:17,948][INFO] [Epoch 199/200] trn/acc1 9.90e-01, trn/loss 5.35e-01, trn/loss_ce 7.06e-02, trn/loss_wd 9.30e+02, trn/lr 1.52e-05
[2022-02-05 03:26:18,151][INFO] [Epoch 199/200] Validation: val/acc1 0.7072, val/loss_ce 1.2787
[2022-02-05 03:26:23,012][INFO] [Epoch 200/200] trn/acc1 9.88e-01, trn/loss 5.36e-01, trn/loss_ce 7.16e-02, trn/loss_wd 9.30e+02, trn/lr 2.17e-06
[2022-02-05 03:26:23,216][INFO] [Epoch 200/200] Validation: val/acc1 0.7096, val/loss_ce 1.2760
