[2022-02-05 12:37:26,872][INFO] Environments:
------------  ---------------------------------------------------------------------------
sys.platform  linux
Python        3.7.11 (default, Nov 23 2021, 05:29:02) [GCC 7.5.0]
JAX           0.2.27 @/mnt/data1/giung/venvs/jax0.2.27/lib/python3.7/site-packages/jax
jaxlib        0.1.75 @/mnt/data1/giung/venvs/jax0.2.27/lib/python3.7/site-packages/jaxlib
Flax          0.4.0 @/mnt/data1/giung/venvs/jax0.2.27/lib/python3.7/site-packages/flax
Optax         0.1.0 @/mnt/data1/giung/venvs/jax0.2.27/lib/python3.7/site-packages/optax
------------  ---------------------------------------------------------------------------

[2022-02-05 12:37:26,872][INFO] Command line arguments:
Namespace(batch_size=128, config_file='./configs/C100_WRN28x10-BN-ReLU_SGD.yaml', keep_every_n_checkpoints=None, learning_rate=0.1, num_epochs=200, num_warmup_epochs=5, opts=[], output_dir='./outputs/C100_WRN28x10-BN-ReLU/SGD/s42_e200_wd5e-4_4GPU/', seed=42, weight_decay=0.0005)

[2022-02-05 12:37:26,872][INFO] Using a random seed 42

[2022-02-05 12:37:26,909][INFO] Unable to initialize backend 'tpu_driver': NOT_FOUND: Unable to find driver in registry given worker: 
[2022-02-05 12:37:27,553][INFO] Unable to initialize backend 'tpu': INVALID_ARGUMENT: TpuPlatform is not available.
[2022-02-05 12:37:35,387][INFO] Found no checkpoint files in outputs/C100_WRN28x10-BN-ReLU/SGD/s42_e200_wd5e-4_4GPU
[2022-02-05 12:38:22,567][INFO] [Epoch   1/200] trn/acc1 8.01e-02, trn/loss 1.14e+01, trn/loss_ce 4.12e+00, trn/loss_wd 1.45e+04, trn/lr 9.97e-03
[2022-02-05 12:38:25,534][INFO] [Epoch   1/200] Validation: val/acc1 0.1358, val/loss_ce 3.7417
[2022-02-05 12:39:19,490][INFO] [Epoch   2/200] trn/acc1 1.87e-01, trn/loss 1.01e+01, trn/loss_ce 3.36e+00, trn/loss_wd 1.36e+04, trn/lr 3.00e-02
[2022-02-05 12:39:47,175][INFO] [Epoch   3/200] trn/acc1 2.83e-01, trn/loss 8.79e+00, trn/loss_ce 2.82e+00, trn/loss_wd 1.19e+04, trn/lr 5.00e-02
[2022-02-05 12:40:14,917][INFO] [Epoch   4/200] trn/acc1 3.53e-01, trn/loss 7.40e+00, trn/loss_ce 2.47e+00, trn/loss_wd 9.87e+03, trn/lr 7.00e-02
[2022-02-05 12:40:42,670][INFO] [Epoch   5/200] trn/acc1 4.08e-01, trn/loss 6.10e+00, trn/loss_ce 2.21e+00, trn/loss_wd 7.77e+03, trn/lr 9.00e-02
[2022-02-05 12:41:10,458][INFO] [Epoch   6/200] trn/acc1 4.54e-01, trn/loss 4.97e+00, trn/loss_ce 2.00e+00, trn/loss_wd 5.94e+03, trn/lr 1.00e-01
[2022-02-05 12:41:38,267][INFO] [Epoch   7/200] trn/acc1 4.96e-01, trn/loss 4.12e+00, trn/loss_ce 1.82e+00, trn/loss_wd 4.60e+03, trn/lr 1.00e-01
[2022-02-05 12:42:06,107][INFO] [Epoch   8/200] trn/acc1 5.30e-01, trn/loss 3.53e+00, trn/loss_ce 1.69e+00, trn/loss_wd 3.68e+03, trn/lr 1.00e-01
[2022-02-05 12:42:33,935][INFO] [Epoch   9/200] trn/acc1 5.54e-01, trn/loss 3.12e+00, trn/loss_ce 1.59e+00, trn/loss_wd 3.05e+03, trn/lr 9.99e-02
[2022-02-05 12:43:01,744][INFO] [Epoch  10/200] trn/acc1 5.74e-01, trn/loss 2.83e+00, trn/loss_ce 1.52e+00, trn/loss_wd 2.62e+03, trn/lr 9.99e-02
[2022-02-05 12:43:29,569][INFO] [Epoch  11/200] trn/acc1 5.86e-01, trn/loss 2.64e+00, trn/loss_ce 1.46e+00, trn/loss_wd 2.35e+03, trn/lr 9.98e-02
[2022-02-05 12:43:57,366][INFO] [Epoch  12/200] trn/acc1 6.02e-01, trn/loss 2.49e+00, trn/loss_ce 1.40e+00, trn/loss_wd 2.18e+03, trn/lr 9.97e-02
[2022-02-05 12:44:25,173][INFO] [Epoch  13/200] trn/acc1 6.10e-01, trn/loss 2.41e+00, trn/loss_ce 1.37e+00, trn/loss_wd 2.07e+03, trn/lr 9.96e-02
[2022-02-05 12:44:53,002][INFO] [Epoch  14/200] trn/acc1 6.19e-01, trn/loss 2.34e+00, trn/loss_ce 1.33e+00, trn/loss_wd 2.02e+03, trn/lr 9.95e-02
[2022-02-05 12:45:20,781][INFO] [Epoch  15/200] trn/acc1 6.28e-01, trn/loss 2.30e+00, trn/loss_ce 1.30e+00, trn/loss_wd 2.00e+03, trn/lr 9.94e-02
[2022-02-05 12:45:48,585][INFO] [Epoch  16/200] trn/acc1 6.37e-01, trn/loss 2.26e+00, trn/loss_ce 1.26e+00, trn/loss_wd 2.00e+03, trn/lr 9.93e-02
[2022-02-05 12:46:16,401][INFO] [Epoch  17/200] trn/acc1 6.46e-01, trn/loss 2.23e+00, trn/loss_ce 1.23e+00, trn/loss_wd 2.00e+03, trn/lr 9.91e-02
[2022-02-05 12:46:44,231][INFO] [Epoch  18/200] trn/acc1 6.56e-01, trn/loss 2.21e+00, trn/loss_ce 1.21e+00, trn/loss_wd 2.01e+03, trn/lr 9.90e-02
[2022-02-05 12:47:12,129][INFO] [Epoch  19/200] trn/acc1 6.61e-01, trn/loss 2.21e+00, trn/loss_ce 1.19e+00, trn/loss_wd 2.04e+03, trn/lr 9.88e-02
[2022-02-05 12:47:39,937][INFO] [Epoch  20/200] trn/acc1 6.65e-01, trn/loss 2.19e+00, trn/loss_ce 1.16e+00, trn/loss_wd 2.06e+03, trn/lr 9.86e-02
[2022-02-05 12:47:40,512][INFO] [Epoch  20/200] Validation: val/acc1 0.5818, val/loss_ce 1.5373
[2022-02-05 12:48:30,599][INFO] [Epoch  21/200] trn/acc1 6.71e-01, trn/loss 2.18e+00, trn/loss_ce 1.14e+00, trn/loss_wd 2.08e+03, trn/lr 9.84e-02
[2022-02-05 12:48:58,363][INFO] [Epoch  22/200] trn/acc1 6.75e-01, trn/loss 2.17e+00, trn/loss_ce 1.12e+00, trn/loss_wd 2.10e+03, trn/lr 9.82e-02
[2022-02-05 12:49:26,120][INFO] [Epoch  23/200] trn/acc1 6.78e-01, trn/loss 2.18e+00, trn/loss_ce 1.11e+00, trn/loss_wd 2.14e+03, trn/lr 9.80e-02
[2022-02-05 12:49:53,900][INFO] [Epoch  24/200] trn/acc1 6.81e-01, trn/loss 2.19e+00, trn/loss_ce 1.10e+00, trn/loss_wd 2.17e+03, trn/lr 9.78e-02
[2022-02-05 12:50:21,693][INFO] [Epoch  25/200] trn/acc1 6.89e-01, trn/loss 2.16e+00, trn/loss_ce 1.07e+00, trn/loss_wd 2.19e+03, trn/lr 9.76e-02
[2022-02-05 12:50:49,519][INFO] [Epoch  26/200] trn/acc1 6.91e-01, trn/loss 2.17e+00, trn/loss_ce 1.06e+00, trn/loss_wd 2.21e+03, trn/lr 9.73e-02
[2022-02-05 12:51:17,315][INFO] [Epoch  27/200] trn/acc1 6.96e-01, trn/loss 2.16e+00, trn/loss_ce 1.05e+00, trn/loss_wd 2.23e+03, trn/lr 9.70e-02
[2022-02-05 12:51:45,132][INFO] [Epoch  28/200] trn/acc1 7.01e-01, trn/loss 2.16e+00, trn/loss_ce 1.03e+00, trn/loss_wd 2.26e+03, trn/lr 9.68e-02
[2022-02-05 12:52:12,936][INFO] [Epoch  29/200] trn/acc1 7.03e-01, trn/loss 2.16e+00, trn/loss_ce 1.02e+00, trn/loss_wd 2.28e+03, trn/lr 9.65e-02
[2022-02-05 12:52:40,757][INFO] [Epoch  30/200] trn/acc1 7.06e-01, trn/loss 2.16e+00, trn/loss_ce 1.01e+00, trn/loss_wd 2.30e+03, trn/lr 9.62e-02
[2022-02-05 12:53:08,557][INFO] [Epoch  31/200] trn/acc1 7.09e-01, trn/loss 2.16e+00, trn/loss_ce 9.95e-01, trn/loss_wd 2.32e+03, trn/lr 9.58e-02
[2022-02-05 12:53:36,388][INFO] [Epoch  32/200] trn/acc1 7.11e-01, trn/loss 2.16e+00, trn/loss_ce 9.88e-01, trn/loss_wd 2.34e+03, trn/lr 9.55e-02
[2022-02-05 12:54:04,202][INFO] [Epoch  33/200] trn/acc1 7.13e-01, trn/loss 2.16e+00, trn/loss_ce 9.82e-01, trn/loss_wd 2.36e+03, trn/lr 9.52e-02
[2022-02-05 12:54:32,003][INFO] [Epoch  34/200] trn/acc1 7.16e-01, trn/loss 2.15e+00, trn/loss_ce 9.65e-01, trn/loss_wd 2.37e+03, trn/lr 9.48e-02
[2022-02-05 12:54:59,802][INFO] [Epoch  35/200] trn/acc1 7.19e-01, trn/loss 2.15e+00, trn/loss_ce 9.57e-01, trn/loss_wd 2.38e+03, trn/lr 9.45e-02
[2022-02-05 12:55:27,629][INFO] [Epoch  36/200] trn/acc1 7.24e-01, trn/loss 2.14e+00, trn/loss_ce 9.44e-01, trn/loss_wd 2.40e+03, trn/lr 9.41e-02
[2022-02-05 12:55:55,431][INFO] [Epoch  37/200] trn/acc1 7.25e-01, trn/loss 2.14e+00, trn/loss_ce 9.33e-01, trn/loss_wd 2.41e+03, trn/lr 9.37e-02
[2022-02-05 12:56:23,242][INFO] [Epoch  38/200] trn/acc1 7.29e-01, trn/loss 2.13e+00, trn/loss_ce 9.20e-01, trn/loss_wd 2.42e+03, trn/lr 9.33e-02
[2022-02-05 12:56:51,043][INFO] [Epoch  39/200] trn/acc1 7.31e-01, trn/loss 2.13e+00, trn/loss_ce 9.15e-01, trn/loss_wd 2.44e+03, trn/lr 9.29e-02
[2022-02-05 12:57:18,876][INFO] [Epoch  40/200] trn/acc1 7.34e-01, trn/loss 2.13e+00, trn/loss_ce 9.08e-01, trn/loss_wd 2.45e+03, trn/lr 9.25e-02
[2022-02-05 12:57:19,454][INFO] [Epoch  40/200] Validation: val/acc1 0.6104, val/loss_ce 1.4411
[2022-02-05 12:58:02,179][INFO] [Epoch  41/200] trn/acc1 7.31e-01, trn/loss 2.14e+00, trn/loss_ce 9.11e-01, trn/loss_wd 2.46e+03, trn/lr 9.20e-02
[2022-02-05 12:58:29,950][INFO] [Epoch  42/200] trn/acc1 7.37e-01, trn/loss 2.13e+00, trn/loss_ce 8.92e-01, trn/loss_wd 2.47e+03, trn/lr 9.16e-02
[2022-02-05 12:58:57,738][INFO] [Epoch  43/200] trn/acc1 7.40e-01, trn/loss 2.12e+00, trn/loss_ce 8.83e-01, trn/loss_wd 2.48e+03, trn/lr 9.11e-02
[2022-02-05 12:59:25,539][INFO] [Epoch  44/200] trn/acc1 7.39e-01, trn/loss 2.13e+00, trn/loss_ce 8.89e-01, trn/loss_wd 2.49e+03, trn/lr 9.07e-02
[2022-02-05 12:59:53,323][INFO] [Epoch  45/200] trn/acc1 7.43e-01, trn/loss 2.12e+00, trn/loss_ce 8.72e-01, trn/loss_wd 2.50e+03, trn/lr 9.02e-02
[2022-02-05 13:00:21,119][INFO] [Epoch  46/200] trn/acc1 7.46e-01, trn/loss 2.12e+00, trn/loss_ce 8.62e-01, trn/loss_wd 2.52e+03, trn/lr 8.97e-02
[2022-02-05 13:00:48,910][INFO] [Epoch  47/200] trn/acc1 7.44e-01, trn/loss 2.11e+00, trn/loss_ce 8.56e-01, trn/loss_wd 2.52e+03, trn/lr 8.92e-02
[2022-02-05 13:01:16,723][INFO] [Epoch  48/200] trn/acc1 7.50e-01, trn/loss 2.10e+00, trn/loss_ce 8.43e-01, trn/loss_wd 2.52e+03, trn/lr 8.87e-02
[2022-02-05 13:01:44,498][INFO] [Epoch  49/200] trn/acc1 7.52e-01, trn/loss 2.10e+00, trn/loss_ce 8.42e-01, trn/loss_wd 2.52e+03, trn/lr 8.82e-02
[2022-02-05 13:02:12,292][INFO] [Epoch  50/200] trn/acc1 7.55e-01, trn/loss 2.09e+00, trn/loss_ce 8.26e-01, trn/loss_wd 2.53e+03, trn/lr 8.77e-02
[2022-02-05 13:02:40,070][INFO] [Epoch  51/200] trn/acc1 7.56e-01, trn/loss 2.09e+00, trn/loss_ce 8.25e-01, trn/loss_wd 2.54e+03, trn/lr 8.72e-02
[2022-02-05 13:03:07,828][INFO] [Epoch  52/200] trn/acc1 7.56e-01, trn/loss 2.10e+00, trn/loss_ce 8.21e-01, trn/loss_wd 2.55e+03, trn/lr 8.66e-02
[2022-02-05 13:03:35,579][INFO] [Epoch  53/200] trn/acc1 7.62e-01, trn/loss 2.09e+00, trn/loss_ce 8.06e-01, trn/loss_wd 2.56e+03, trn/lr 8.61e-02
[2022-02-05 13:04:03,346][INFO] [Epoch  54/200] trn/acc1 7.63e-01, trn/loss 2.09e+00, trn/loss_ce 8.02e-01, trn/loss_wd 2.57e+03, trn/lr 8.55e-02
[2022-02-05 13:04:31,118][INFO] [Epoch  55/200] trn/acc1 7.64e-01, trn/loss 2.07e+00, trn/loss_ce 7.92e-01, trn/loss_wd 2.56e+03, trn/lr 8.49e-02
[2022-02-05 13:04:58,921][INFO] [Epoch  56/200] trn/acc1 7.65e-01, trn/loss 2.07e+00, trn/loss_ce 7.87e-01, trn/loss_wd 2.57e+03, trn/lr 8.43e-02
[2022-02-05 13:05:26,704][INFO] [Epoch  57/200] trn/acc1 7.67e-01, trn/loss 2.08e+00, trn/loss_ce 7.88e-01, trn/loss_wd 2.57e+03, trn/lr 8.38e-02
[2022-02-05 13:05:54,537][INFO] [Epoch  58/200] trn/acc1 7.72e-01, trn/loss 2.06e+00, trn/loss_ce 7.71e-01, trn/loss_wd 2.58e+03, trn/lr 8.32e-02
[2022-02-05 13:06:22,346][INFO] [Epoch  59/200] trn/acc1 7.73e-01, trn/loss 2.06e+00, trn/loss_ce 7.66e-01, trn/loss_wd 2.58e+03, trn/lr 8.25e-02
[2022-02-05 13:06:50,124][INFO] [Epoch  60/200] trn/acc1 7.77e-01, trn/loss 2.05e+00, trn/loss_ce 7.54e-01, trn/loss_wd 2.58e+03, trn/lr 8.19e-02
[2022-02-05 13:06:50,697][INFO] [Epoch  60/200] Validation: val/acc1 0.6008, val/loss_ce 1.5842
[2022-02-05 13:07:25,234][INFO] [Epoch  61/200] trn/acc1 7.76e-01, trn/loss 2.05e+00, trn/loss_ce 7.53e-01, trn/loss_wd 2.59e+03, trn/lr 8.13e-02
[2022-02-05 13:07:53,037][INFO] [Epoch  62/200] trn/acc1 7.79e-01, trn/loss 2.04e+00, trn/loss_ce 7.43e-01, trn/loss_wd 2.59e+03, trn/lr 8.07e-02
[2022-02-05 13:08:20,822][INFO] [Epoch  63/200] trn/acc1 7.80e-01, trn/loss 2.04e+00, trn/loss_ce 7.36e-01, trn/loss_wd 2.60e+03, trn/lr 8.00e-02
[2022-02-05 13:08:48,663][INFO] [Epoch  64/200] trn/acc1 7.84e-01, trn/loss 2.02e+00, trn/loss_ce 7.22e-01, trn/loss_wd 2.60e+03, trn/lr 7.94e-02
[2022-02-05 13:09:16,455][INFO] [Epoch  65/200] trn/acc1 7.87e-01, trn/loss 2.01e+00, trn/loss_ce 7.09e-01, trn/loss_wd 2.60e+03, trn/lr 7.87e-02
[2022-02-05 13:09:44,261][INFO] [Epoch  66/200] trn/acc1 7.88e-01, trn/loss 2.01e+00, trn/loss_ce 7.10e-01, trn/loss_wd 2.60e+03, trn/lr 7.81e-02
[2022-02-05 13:10:12,030][INFO] [Epoch  67/200] trn/acc1 7.93e-01, trn/loss 2.00e+00, trn/loss_ce 6.97e-01, trn/loss_wd 2.60e+03, trn/lr 7.74e-02
[2022-02-05 13:10:39,842][INFO] [Epoch  68/200] trn/acc1 7.89e-01, trn/loss 2.00e+00, trn/loss_ce 6.99e-01, trn/loss_wd 2.60e+03, trn/lr 7.67e-02
[2022-02-05 13:11:07,652][INFO] [Epoch  69/200] trn/acc1 7.98e-01, trn/loss 1.98e+00, trn/loss_ce 6.77e-01, trn/loss_wd 2.60e+03, trn/lr 7.60e-02
[2022-02-05 13:11:35,471][INFO] [Epoch  70/200] trn/acc1 7.94e-01, trn/loss 1.98e+00, trn/loss_ce 6.79e-01, trn/loss_wd 2.60e+03, trn/lr 7.53e-02
[2022-02-05 13:12:03,278][INFO] [Epoch  71/200] trn/acc1 8.01e-01, trn/loss 1.97e+00, trn/loss_ce 6.68e-01, trn/loss_wd 2.61e+03, trn/lr 7.47e-02
[2022-02-05 13:12:31,102][INFO] [Epoch  72/200] trn/acc1 8.04e-01, trn/loss 1.96e+00, trn/loss_ce 6.58e-01, trn/loss_wd 2.61e+03, trn/lr 7.39e-02
[2022-02-05 13:12:58,905][INFO] [Epoch  73/200] trn/acc1 8.07e-01, trn/loss 1.95e+00, trn/loss_ce 6.43e-01, trn/loss_wd 2.60e+03, trn/lr 7.32e-02
[2022-02-05 13:13:26,719][INFO] [Epoch  74/200] trn/acc1 8.07e-01, trn/loss 1.95e+00, trn/loss_ce 6.44e-01, trn/loss_wd 2.61e+03, trn/lr 7.25e-02
[2022-02-05 13:13:54,517][INFO] [Epoch  75/200] trn/acc1 8.11e-01, trn/loss 1.94e+00, trn/loss_ce 6.33e-01, trn/loss_wd 2.61e+03, trn/lr 7.18e-02
[2022-02-05 13:14:22,322][INFO] [Epoch  76/200] trn/acc1 8.14e-01, trn/loss 1.93e+00, trn/loss_ce 6.23e-01, trn/loss_wd 2.60e+03, trn/lr 7.11e-02
[2022-02-05 13:14:50,132][INFO] [Epoch  77/200] trn/acc1 8.15e-01, trn/loss 1.92e+00, trn/loss_ce 6.21e-01, trn/loss_wd 2.60e+03, trn/lr 7.03e-02
[2022-02-05 13:15:17,947][INFO] [Epoch  78/200] trn/acc1 8.18e-01, trn/loss 1.91e+00, trn/loss_ce 6.08e-01, trn/loss_wd 2.60e+03, trn/lr 6.96e-02
[2022-02-05 13:15:45,754][INFO] [Epoch  79/200] trn/acc1 8.19e-01, trn/loss 1.90e+00, trn/loss_ce 6.06e-01, trn/loss_wd 2.59e+03, trn/lr 6.89e-02
[2022-02-05 13:16:13,568][INFO] [Epoch  80/200] trn/acc1 8.24e-01, trn/loss 1.88e+00, trn/loss_ce 5.86e-01, trn/loss_wd 2.59e+03, trn/lr 6.81e-02
[2022-02-05 13:16:14,132][INFO] [Epoch  80/200] Validation: val/acc1 0.6378, val/loss_ce 1.4173
[2022-02-05 13:16:58,905][INFO] [Epoch  81/200] trn/acc1 8.26e-01, trn/loss 1.87e+00, trn/loss_ce 5.78e-01, trn/loss_wd 2.59e+03, trn/lr 6.74e-02
[2022-02-05 13:17:26,640][INFO] [Epoch  82/200] trn/acc1 8.29e-01, trn/loss 1.86e+00, trn/loss_ce 5.71e-01, trn/loss_wd 2.58e+03, trn/lr 6.66e-02
[2022-02-05 13:17:54,374][INFO] [Epoch  83/200] trn/acc1 8.29e-01, trn/loss 1.85e+00, trn/loss_ce 5.60e-01, trn/loss_wd 2.57e+03, trn/lr 6.58e-02
[2022-02-05 13:18:22,147][INFO] [Epoch  84/200] trn/acc1 8.32e-01, trn/loss 1.84e+00, trn/loss_ce 5.55e-01, trn/loss_wd 2.57e+03, trn/lr 6.51e-02
[2022-02-05 13:18:49,910][INFO] [Epoch  85/200] trn/acc1 8.35e-01, trn/loss 1.83e+00, trn/loss_ce 5.46e-01, trn/loss_wd 2.56e+03, trn/lr 6.43e-02
[2022-02-05 13:19:17,691][INFO] [Epoch  86/200] trn/acc1 8.38e-01, trn/loss 1.82e+00, trn/loss_ce 5.38e-01, trn/loss_wd 2.56e+03, trn/lr 6.35e-02
[2022-02-05 13:19:45,425][INFO] [Epoch  87/200] trn/acc1 8.42e-01, trn/loss 1.80e+00, trn/loss_ce 5.29e-01, trn/loss_wd 2.55e+03, trn/lr 6.27e-02
[2022-02-05 13:20:13,165][INFO] [Epoch  88/200] trn/acc1 8.43e-01, trn/loss 1.79e+00, trn/loss_ce 5.19e-01, trn/loss_wd 2.55e+03, trn/lr 6.20e-02
[2022-02-05 13:20:40,908][INFO] [Epoch  89/200] trn/acc1 8.46e-01, trn/loss 1.78e+00, trn/loss_ce 5.13e-01, trn/loss_wd 2.54e+03, trn/lr 6.12e-02
[2022-02-05 13:21:08,695][INFO] [Epoch  90/200] trn/acc1 8.51e-01, trn/loss 1.76e+00, trn/loss_ce 4.96e-01, trn/loss_wd 2.53e+03, trn/lr 6.04e-02
[2022-02-05 13:21:36,466][INFO] [Epoch  91/200] trn/acc1 8.53e-01, trn/loss 1.76e+00, trn/loss_ce 4.93e-01, trn/loss_wd 2.53e+03, trn/lr 5.96e-02
[2022-02-05 13:22:04,243][INFO] [Epoch  92/200] trn/acc1 8.52e-01, trn/loss 1.75e+00, trn/loss_ce 4.90e-01, trn/loss_wd 2.52e+03, trn/lr 5.88e-02
[2022-02-05 13:22:32,036][INFO] [Epoch  93/200] trn/acc1 8.53e-01, trn/loss 1.75e+00, trn/loss_ce 4.87e-01, trn/loss_wd 2.52e+03, trn/lr 5.80e-02
[2022-02-05 13:22:59,820][INFO] [Epoch  94/200] trn/acc1 8.61e-01, trn/loss 1.71e+00, trn/loss_ce 4.60e-01, trn/loss_wd 2.51e+03, trn/lr 5.72e-02
[2022-02-05 13:23:27,609][INFO] [Epoch  95/200] trn/acc1 8.64e-01, trn/loss 1.70e+00, trn/loss_ce 4.52e-01, trn/loss_wd 2.49e+03, trn/lr 5.64e-02
[2022-02-05 13:23:55,425][INFO] [Epoch  96/200] trn/acc1 8.66e-01, trn/loss 1.69e+00, trn/loss_ce 4.47e-01, trn/loss_wd 2.49e+03, trn/lr 5.56e-02
[2022-02-05 13:24:23,220][INFO] [Epoch  97/200] trn/acc1 8.66e-01, trn/loss 1.68e+00, trn/loss_ce 4.43e-01, trn/loss_wd 2.48e+03, trn/lr 5.48e-02
[2022-02-05 13:24:51,040][INFO] [Epoch  98/200] trn/acc1 8.69e-01, trn/loss 1.67e+00, trn/loss_ce 4.32e-01, trn/loss_wd 2.48e+03, trn/lr 5.40e-02
[2022-02-05 13:25:18,869][INFO] [Epoch  99/200] trn/acc1 8.70e-01, trn/loss 1.65e+00, trn/loss_ce 4.24e-01, trn/loss_wd 2.46e+03, trn/lr 5.32e-02
[2022-02-05 13:25:46,692][INFO] [Epoch 100/200] trn/acc1 8.76e-01, trn/loss 1.63e+00, trn/loss_ce 4.11e-01, trn/loss_wd 2.44e+03, trn/lr 5.24e-02
[2022-02-05 13:25:47,269][INFO] [Epoch 100/200] Validation: val/acc1 0.6682, val/loss_ce 1.3892
[2022-02-05 13:26:29,359][INFO] [Epoch 101/200] trn/acc1 8.76e-01, trn/loss 1.63e+00, trn/loss_ce 4.10e-01, trn/loss_wd 2.43e+03, trn/lr 5.16e-02
[2022-02-05 13:26:57,106][INFO] [Epoch 102/200] trn/acc1 8.81e-01, trn/loss 1.61e+00, trn/loss_ce 3.95e-01, trn/loss_wd 2.42e+03, trn/lr 5.08e-02
[2022-02-05 13:27:24,853][INFO] [Epoch 103/200] trn/acc1 8.82e-01, trn/loss 1.59e+00, trn/loss_ce 3.91e-01, trn/loss_wd 2.41e+03, trn/lr 5.00e-02
[2022-02-05 13:27:52,593][INFO] [Epoch 104/200] trn/acc1 8.89e-01, trn/loss 1.56e+00, trn/loss_ce 3.69e-01, trn/loss_wd 2.38e+03, trn/lr 4.92e-02
[2022-02-05 13:28:20,326][INFO] [Epoch 105/200] trn/acc1 8.88e-01, trn/loss 1.56e+00, trn/loss_ce 3.72e-01, trn/loss_wd 2.37e+03, trn/lr 4.84e-02
[2022-02-05 13:28:48,099][INFO] [Epoch 106/200] trn/acc1 8.96e-01, trn/loss 1.52e+00, trn/loss_ce 3.46e-01, trn/loss_wd 2.35e+03, trn/lr 4.76e-02
[2022-02-05 13:29:15,850][INFO] [Epoch 107/200] trn/acc1 8.98e-01, trn/loss 1.51e+00, trn/loss_ce 3.43e-01, trn/loss_wd 2.33e+03, trn/lr 4.68e-02
[2022-02-05 13:29:43,603][INFO] [Epoch 108/200] trn/acc1 9.00e-01, trn/loss 1.49e+00, trn/loss_ce 3.35e-01, trn/loss_wd 2.31e+03, trn/lr 4.60e-02
[2022-02-05 13:30:11,345][INFO] [Epoch 109/200] trn/acc1 9.00e-01, trn/loss 1.48e+00, trn/loss_ce 3.31e-01, trn/loss_wd 2.29e+03, trn/lr 4.52e-02
[2022-02-05 13:30:39,112][INFO] [Epoch 110/200] trn/acc1 9.02e-01, trn/loss 1.47e+00, trn/loss_ce 3.31e-01, trn/loss_wd 2.29e+03, trn/lr 4.44e-02
[2022-02-05 13:31:06,845][INFO] [Epoch 111/200] trn/acc1 9.05e-01, trn/loss 1.45e+00, trn/loss_ce 3.18e-01, trn/loss_wd 2.27e+03, trn/lr 4.36e-02
[2022-02-05 13:31:34,585][INFO] [Epoch 112/200] trn/acc1 9.12e-01, trn/loss 1.42e+00, trn/loss_ce 2.98e-01, trn/loss_wd 2.25e+03, trn/lr 4.28e-02
[2022-02-05 13:32:02,339][INFO] [Epoch 113/200] trn/acc1 9.11e-01, trn/loss 1.42e+00, trn/loss_ce 3.02e-01, trn/loss_wd 2.23e+03, trn/lr 4.20e-02
[2022-02-05 13:32:30,109][INFO] [Epoch 114/200] trn/acc1 9.16e-01, trn/loss 1.39e+00, trn/loss_ce 2.87e-01, trn/loss_wd 2.21e+03, trn/lr 4.12e-02
[2022-02-05 13:32:57,848][INFO] [Epoch 115/200] trn/acc1 9.14e-01, trn/loss 1.38e+00, trn/loss_ce 2.87e-01, trn/loss_wd 2.19e+03, trn/lr 4.04e-02
[2022-02-05 13:33:25,631][INFO] [Epoch 116/200] trn/acc1 9.20e-01, trn/loss 1.35e+00, trn/loss_ce 2.72e-01, trn/loss_wd 2.16e+03, trn/lr 3.96e-02
[2022-02-05 13:33:53,442][INFO] [Epoch 117/200] trn/acc1 9.23e-01, trn/loss 1.33e+00, trn/loss_ce 2.63e-01, trn/loss_wd 2.14e+03, trn/lr 3.88e-02
[2022-02-05 13:34:21,255][INFO] [Epoch 118/200] trn/acc1 9.24e-01, trn/loss 1.31e+00, trn/loss_ce 2.53e-01, trn/loss_wd 2.12e+03, trn/lr 3.80e-02
[2022-02-05 13:34:49,022][INFO] [Epoch 119/200] trn/acc1 9.29e-01, trn/loss 1.29e+00, trn/loss_ce 2.45e-01, trn/loss_wd 2.09e+03, trn/lr 3.73e-02
[2022-02-05 13:35:16,814][INFO] [Epoch 120/200] trn/acc1 9.31e-01, trn/loss 1.27e+00, trn/loss_ce 2.35e-01, trn/loss_wd 2.07e+03, trn/lr 3.65e-02
[2022-02-05 13:35:17,384][INFO] [Epoch 120/200] Validation: val/acc1 0.6582, val/loss_ce 1.5341
[2022-02-05 13:35:48,218][INFO] [Epoch 121/200] trn/acc1 9.34e-01, trn/loss 1.25e+00, trn/loss_ce 2.30e-01, trn/loss_wd 2.04e+03, trn/lr 3.57e-02
[2022-02-05 13:36:16,036][INFO] [Epoch 122/200] trn/acc1 9.36e-01, trn/loss 1.23e+00, trn/loss_ce 2.23e-01, trn/loss_wd 2.02e+03, trn/lr 3.49e-02
[2022-02-05 13:36:43,851][INFO] [Epoch 123/200] trn/acc1 9.36e-01, trn/loss 1.22e+00, trn/loss_ce 2.20e-01, trn/loss_wd 1.99e+03, trn/lr 3.42e-02
[2022-02-05 13:37:11,658][INFO] [Epoch 124/200] trn/acc1 9.43e-01, trn/loss 1.18e+00, trn/loss_ce 2.00e-01, trn/loss_wd 1.96e+03, trn/lr 3.34e-02
[2022-02-05 13:37:39,453][INFO] [Epoch 125/200] trn/acc1 9.42e-01, trn/loss 1.17e+00, trn/loss_ce 2.04e-01, trn/loss_wd 1.93e+03, trn/lr 3.26e-02
[2022-02-05 13:38:07,248][INFO] [Epoch 126/200] trn/acc1 9.45e-01, trn/loss 1.15e+00, trn/loss_ce 1.92e-01, trn/loss_wd 1.91e+03, trn/lr 3.19e-02
[2022-02-05 13:38:35,021][INFO] [Epoch 127/200] trn/acc1 9.47e-01, trn/loss 1.13e+00, trn/loss_ce 1.89e-01, trn/loss_wd 1.88e+03, trn/lr 3.11e-02
[2022-02-05 13:39:02,818][INFO] [Epoch 128/200] trn/acc1 9.49e-01, trn/loss 1.11e+00, trn/loss_ce 1.83e-01, trn/loss_wd 1.86e+03, trn/lr 3.04e-02
[2022-02-05 13:39:30,611][INFO] [Epoch 129/200] trn/acc1 9.53e-01, trn/loss 1.08e+00, trn/loss_ce 1.69e-01, trn/loss_wd 1.83e+03, trn/lr 2.97e-02
[2022-02-05 13:39:58,405][INFO] [Epoch 130/200] trn/acc1 9.54e-01, trn/loss 1.06e+00, trn/loss_ce 1.66e-01, trn/loss_wd 1.79e+03, trn/lr 2.89e-02
[2022-02-05 13:40:26,194][INFO] [Epoch 131/200] trn/acc1 9.59e-01, trn/loss 1.03e+00, trn/loss_ce 1.51e-01, trn/loss_wd 1.77e+03, trn/lr 2.82e-02
[2022-02-05 13:40:53,976][INFO] [Epoch 132/200] trn/acc1 9.60e-01, trn/loss 1.01e+00, trn/loss_ce 1.48e-01, trn/loss_wd 1.73e+03, trn/lr 2.75e-02
[2022-02-05 13:41:21,749][INFO] [Epoch 133/200] trn/acc1 9.60e-01, trn/loss 1.00e+00, trn/loss_ce 1.49e-01, trn/loss_wd 1.70e+03, trn/lr 2.68e-02
[2022-02-05 13:41:49,552][INFO] [Epoch 134/200] trn/acc1 9.65e-01, trn/loss 9.71e-01, trn/loss_ce 1.33e-01, trn/loss_wd 1.67e+03, trn/lr 2.61e-02
[2022-02-05 13:42:17,347][INFO] [Epoch 135/200] trn/acc1 9.67e-01, trn/loss 9.46e-01, trn/loss_ce 1.27e-01, trn/loss_wd 1.64e+03, trn/lr 2.54e-02
[2022-02-05 13:42:45,182][INFO] [Epoch 136/200] trn/acc1 9.68e-01, trn/loss 9.22e-01, trn/loss_ce 1.20e-01, trn/loss_wd 1.60e+03, trn/lr 2.47e-02
[2022-02-05 13:43:12,997][INFO] [Epoch 137/200] trn/acc1 9.69e-01, trn/loss 9.05e-01, trn/loss_ce 1.19e-01, trn/loss_wd 1.57e+03, trn/lr 2.40e-02
[2022-02-05 13:43:40,801][INFO] [Epoch 138/200] trn/acc1 9.70e-01, trn/loss 8.90e-01, trn/loss_ce 1.17e-01, trn/loss_wd 1.55e+03, trn/lr 2.33e-02
[2022-02-05 13:44:08,592][INFO] [Epoch 139/200] trn/acc1 9.75e-01, trn/loss 8.57e-01, trn/loss_ce 1.01e-01, trn/loss_wd 1.51e+03, trn/lr 2.26e-02
[2022-02-05 13:44:36,397][INFO] [Epoch 140/200] trn/acc1 9.76e-01, trn/loss 8.37e-01, trn/loss_ce 9.84e-02, trn/loss_wd 1.48e+03, trn/lr 2.19e-02
[2022-02-05 13:44:36,971][INFO] [Epoch 140/200] Validation: val/acc1 0.7066, val/loss_ce 1.2883
[2022-02-05 13:45:23,535][INFO] [Epoch 141/200] trn/acc1 9.79e-01, trn/loss 8.10e-01, trn/loss_ce 8.87e-02, trn/loss_wd 1.44e+03, trn/lr 2.13e-02
[2022-02-05 13:45:51,278][INFO] [Epoch 142/200] trn/acc1 9.80e-01, trn/loss 7.91e-01, trn/loss_ce 8.65e-02, trn/loss_wd 1.41e+03, trn/lr 2.06e-02
[2022-02-05 13:46:18,987][INFO] [Epoch 143/200] trn/acc1 9.82e-01, trn/loss 7.67e-01, trn/loss_ce 7.84e-02, trn/loss_wd 1.38e+03, trn/lr 2.00e-02
[2022-02-05 13:46:46,719][INFO] [Epoch 144/200] trn/acc1 9.81e-01, trn/loss 7.52e-01, trn/loss_ce 7.96e-02, trn/loss_wd 1.34e+03, trn/lr 1.93e-02
[2022-02-05 13:47:14,468][INFO] [Epoch 145/200] trn/acc1 9.84e-01, trn/loss 7.23e-01, trn/loss_ce 6.77e-02, trn/loss_wd 1.31e+03, trn/lr 1.87e-02
[2022-02-05 13:47:42,246][INFO] [Epoch 146/200] trn/acc1 9.85e-01, trn/loss 7.08e-01, trn/loss_ce 6.95e-02, trn/loss_wd 1.28e+03, trn/lr 1.81e-02
[2022-02-05 13:48:09,984][INFO] [Epoch 147/200] trn/acc1 9.86e-01, trn/loss 6.87e-01, trn/loss_ce 6.30e-02, trn/loss_wd 1.25e+03, trn/lr 1.75e-02
[2022-02-05 13:48:37,714][INFO] [Epoch 148/200] trn/acc1 9.90e-01, trn/loss 6.59e-01, trn/loss_ce 5.18e-02, trn/loss_wd 1.21e+03, trn/lr 1.68e-02
[2022-02-05 13:49:05,440][INFO] [Epoch 149/200] trn/acc1 9.89e-01, trn/loss 6.44e-01, trn/loss_ce 5.39e-02, trn/loss_wd 1.18e+03, trn/lr 1.62e-02
[2022-02-05 13:49:33,163][INFO] [Epoch 150/200] trn/acc1 9.91e-01, trn/loss 6.21e-01, trn/loss_ce 4.61e-02, trn/loss_wd 1.15e+03, trn/lr 1.57e-02
[2022-02-05 13:50:00,898][INFO] [Epoch 151/200] trn/acc1 9.92e-01, trn/loss 6.01e-01, trn/loss_ce 4.14e-02, trn/loss_wd 1.12e+03, trn/lr 1.51e-02
[2022-02-05 13:50:28,652][INFO] [Epoch 152/200] trn/acc1 9.93e-01, trn/loss 5.81e-01, trn/loss_ce 3.86e-02, trn/loss_wd 1.09e+03, trn/lr 1.45e-02
[2022-02-05 13:50:56,417][INFO] [Epoch 153/200] trn/acc1 9.94e-01, trn/loss 5.65e-01, trn/loss_ce 3.65e-02, trn/loss_wd 1.06e+03, trn/lr 1.39e-02
[2022-02-05 13:51:24,209][INFO] [Epoch 154/200] trn/acc1 9.95e-01, trn/loss 5.44e-01, trn/loss_ce 3.07e-02, trn/loss_wd 1.03e+03, trn/lr 1.34e-02
[2022-02-05 13:51:51,973][INFO] [Epoch 155/200] trn/acc1 9.97e-01, trn/loss 5.22e-01, trn/loss_ce 2.39e-02, trn/loss_wd 9.96e+02, trn/lr 1.28e-02
[2022-02-05 13:52:19,764][INFO] [Epoch 156/200] trn/acc1 9.97e-01, trn/loss 5.07e-01, trn/loss_ce 2.41e-02, trn/loss_wd 9.66e+02, trn/lr 1.23e-02
[2022-02-05 13:52:47,540][INFO] [Epoch 157/200] trn/acc1 9.97e-01, trn/loss 4.88e-01, trn/loss_ce 1.94e-02, trn/loss_wd 9.37e+02, trn/lr 1.18e-02
[2022-02-05 13:53:15,342][INFO] [Epoch 158/200] trn/acc1 9.98e-01, trn/loss 4.70e-01, trn/loss_ce 1.51e-02, trn/loss_wd 9.09e+02, trn/lr 1.13e-02
[2022-02-05 13:53:43,120][INFO] [Epoch 159/200] trn/acc1 9.98e-01, trn/loss 4.55e-01, trn/loss_ce 1.44e-02, trn/loss_wd 8.82e+02, trn/lr 1.08e-02
[2022-02-05 13:54:10,936][INFO] [Epoch 160/200] trn/acc1 9.99e-01, trn/loss 4.41e-01, trn/loss_ce 1.26e-02, trn/loss_wd 8.56e+02, trn/lr 1.03e-02
[2022-02-05 13:54:11,506][INFO] [Epoch 160/200] Validation: val/acc1 0.7802, val/loss_ce 0.9352
[2022-02-05 13:54:53,490][INFO] [Epoch 161/200] trn/acc1 9.98e-01, trn/loss 4.31e-01, trn/loss_ce 1.44e-02, trn/loss_wd 8.33e+02, trn/lr 9.79e-03
[2022-02-05 13:55:21,231][INFO] [Epoch 162/200] trn/acc1 9.99e-01, trn/loss 4.16e-01, trn/loss_ce 1.09e-02, trn/loss_wd 8.11e+02, trn/lr 9.31e-03
[2022-02-05 13:55:49,006][INFO] [Epoch 163/200] trn/acc1 9.99e-01, trn/loss 4.04e-01, trn/loss_ce 9.64e-03, trn/loss_wd 7.90e+02, trn/lr 8.85e-03
[2022-02-05 13:56:16,792][INFO] [Epoch 164/200] trn/acc1 9.99e-01, trn/loss 3.93e-01, trn/loss_ce 8.60e-03, trn/loss_wd 7.70e+02, trn/lr 8.40e-03
[2022-02-05 13:56:44,582][INFO] [Epoch 165/200] trn/acc1 1.00e+00, trn/loss 3.84e-01, trn/loss_ce 8.14e-03, trn/loss_wd 7.51e+02, trn/lr 7.96e-03
[2022-02-05 13:57:12,367][INFO] [Epoch 166/200] trn/acc1 1.00e+00, trn/loss 3.75e-01, trn/loss_ce 8.25e-03, trn/loss_wd 7.34e+02, trn/lr 7.53e-03
[2022-02-05 13:57:40,127][INFO] [Epoch 167/200] trn/acc1 9.99e-01, trn/loss 3.67e-01, trn/loss_ce 8.13e-03, trn/loss_wd 7.18e+02, trn/lr 7.11e-03
[2022-02-05 13:58:07,908][INFO] [Epoch 168/200] trn/acc1 1.00e+00, trn/loss 3.60e-01, trn/loss_ce 7.88e-03, trn/loss_wd 7.04e+02, trn/lr 6.70e-03
[2022-02-05 13:58:35,676][INFO] [Epoch 169/200] trn/acc1 1.00e+00, trn/loss 3.53e-01, trn/loss_ce 7.86e-03, trn/loss_wd 6.90e+02, trn/lr 6.30e-03
[2022-02-05 13:59:03,448][INFO] [Epoch 170/200] trn/acc1 1.00e+00, trn/loss 3.47e-01, trn/loss_ce 7.62e-03, trn/loss_wd 6.78e+02, trn/lr 5.92e-03
[2022-02-05 13:59:31,186][INFO] [Epoch 171/200] trn/acc1 1.00e+00, trn/loss 3.41e-01, trn/loss_ce 7.44e-03, trn/loss_wd 6.67e+02, trn/lr 5.54e-03
[2022-02-05 13:59:58,921][INFO] [Epoch 172/200] trn/acc1 1.00e+00, trn/loss 3.35e-01, trn/loss_ce 6.88e-03, trn/loss_wd 6.56e+02, trn/lr 5.18e-03
[2022-02-05 14:00:26,644][INFO] [Epoch 173/200] trn/acc1 1.00e+00, trn/loss 3.31e-01, trn/loss_ce 7.44e-03, trn/loss_wd 6.46e+02, trn/lr 4.83e-03
[2022-02-05 14:00:54,393][INFO] [Epoch 174/200] trn/acc1 1.00e+00, trn/loss 3.26e-01, trn/loss_ce 7.02e-03, trn/loss_wd 6.38e+02, trn/lr 4.49e-03
[2022-02-05 14:01:22,132][INFO] [Epoch 175/200] trn/acc1 1.00e+00, trn/loss 3.22e-01, trn/loss_ce 7.20e-03, trn/loss_wd 6.29e+02, trn/lr 4.16e-03
[2022-02-05 14:01:49,905][INFO] [Epoch 176/200] trn/acc1 1.00e+00, trn/loss 3.18e-01, trn/loss_ce 6.86e-03, trn/loss_wd 6.22e+02, trn/lr 3.85e-03
[2022-02-05 14:02:17,635][INFO] [Epoch 177/200] trn/acc1 1.00e+00, trn/loss 3.15e-01, trn/loss_ce 6.87e-03, trn/loss_wd 6.15e+02, trn/lr 3.54e-03
[2022-02-05 14:02:45,397][INFO] [Epoch 178/200] trn/acc1 1.00e+00, trn/loss 3.11e-01, trn/loss_ce 6.84e-03, trn/loss_wd 6.09e+02, trn/lr 3.25e-03
[2022-02-05 14:03:13,134][INFO] [Epoch 179/200] trn/acc1 1.00e+00, trn/loss 3.09e-01, trn/loss_ce 6.96e-03, trn/loss_wd 6.04e+02, trn/lr 2.97e-03
[2022-02-05 14:03:40,891][INFO] [Epoch 180/200] trn/acc1 1.00e+00, trn/loss 3.06e-01, trn/loss_ce 7.00e-03, trn/loss_wd 5.99e+02, trn/lr 2.70e-03
[2022-02-05 14:03:41,460][INFO] [Epoch 180/200] Validation: val/acc1 0.7966, val/loss_ce 0.8475
[2022-02-05 14:04:21,315][INFO] [Epoch 181/200] trn/acc1 1.00e+00, trn/loss 3.04e-01, trn/loss_ce 7.20e-03, trn/loss_wd 5.94e+02, trn/lr 2.45e-03
[2022-02-05 14:04:21,888][INFO] [Epoch 181/200] Validation: val/acc1 0.7980, val/loss_ce 0.8494
[2022-02-05 14:05:02,337][INFO] [Epoch 182/200] trn/acc1 1.00e+00, trn/loss 3.02e-01, trn/loss_ce 6.87e-03, trn/loss_wd 5.90e+02, trn/lr 2.21e-03
[2022-02-05 14:05:02,902][INFO] [Epoch 182/200] Validation: val/acc1 0.7980, val/loss_ce 0.8446
[2022-02-05 14:05:40,308][INFO] [Epoch 183/200] trn/acc1 1.00e+00, trn/loss 3.00e-01, trn/loss_ce 6.78e-03, trn/loss_wd 5.87e+02, trn/lr 1.97e-03
[2022-02-05 14:05:40,869][INFO] [Epoch 183/200] Validation: val/acc1 0.8002, val/loss_ce 0.8411
[2022-02-05 14:06:23,561][INFO] [Epoch 184/200] trn/acc1 1.00e+00, trn/loss 2.98e-01, trn/loss_ce 6.58e-03, trn/loss_wd 5.83e+02, trn/lr 1.76e-03
[2022-02-05 14:06:24,119][INFO] [Epoch 184/200] Validation: val/acc1 0.7994, val/loss_ce 0.8417
[2022-02-05 14:06:54,777][INFO] [Epoch 185/200] trn/acc1 1.00e+00, trn/loss 2.97e-01, trn/loss_ce 6.71e-03, trn/loss_wd 5.81e+02, trn/lr 1.55e-03
[2022-02-05 14:06:55,358][INFO] [Epoch 185/200] Validation: val/acc1 0.8022, val/loss_ce 0.8439
[2022-02-05 14:07:34,155][INFO] [Epoch 186/200] trn/acc1 1.00e+00, trn/loss 2.96e-01, trn/loss_ce 6.64e-03, trn/loss_wd 5.78e+02, trn/lr 1.36e-03
[2022-02-05 14:07:34,721][INFO] [Epoch 186/200] Validation: val/acc1 0.7988, val/loss_ce 0.8442
[2022-02-05 14:08:05,698][INFO] [Epoch 187/200] trn/acc1 1.00e+00, trn/loss 2.95e-01, trn/loss_ce 6.78e-03, trn/loss_wd 5.76e+02, trn/lr 1.18e-03
[2022-02-05 14:08:06,476][INFO] [Epoch 187/200] Validation: val/acc1 0.7996, val/loss_ce 0.8445
[2022-02-05 14:08:44,141][INFO] [Epoch 188/200] trn/acc1 1.00e+00, trn/loss 2.94e-01, trn/loss_ce 6.54e-03, trn/loss_wd 5.74e+02, trn/lr 1.01e-03
[2022-02-05 14:08:44,706][INFO] [Epoch 188/200] Validation: val/acc1 0.7976, val/loss_ce 0.8493
[2022-02-05 14:09:21,502][INFO] [Epoch 189/200] trn/acc1 1.00e+00, trn/loss 2.93e-01, trn/loss_ce 6.51e-03, trn/loss_wd 5.73e+02, trn/lr 8.56e-04
[2022-02-05 14:09:22,067][INFO] [Epoch 189/200] Validation: val/acc1 0.7978, val/loss_ce 0.8449
[2022-02-05 14:09:52,852][INFO] [Epoch 190/200] trn/acc1 1.00e+00, trn/loss 2.92e-01, trn/loss_ce 6.67e-03, trn/loss_wd 5.71e+02, trn/lr 7.14e-04
[2022-02-05 14:09:53,422][INFO] [Epoch 190/200] Validation: val/acc1 0.8004, val/loss_ce 0.8456
[2022-02-05 14:10:24,382][INFO] [Epoch 191/200] trn/acc1 1.00e+00, trn/loss 2.92e-01, trn/loss_ce 6.53e-03, trn/loss_wd 5.70e+02, trn/lr 5.85e-04
[2022-02-05 14:10:24,948][INFO] [Epoch 191/200] Validation: val/acc1 0.7974, val/loss_ce 0.8442
[2022-02-05 14:10:57,036][INFO] [Epoch 192/200] trn/acc1 1.00e+00, trn/loss 2.91e-01, trn/loss_ce 6.36e-03, trn/loss_wd 5.69e+02, trn/lr 4.69e-04
[2022-02-05 14:10:57,605][INFO] [Epoch 192/200] Validation: val/acc1 0.7996, val/loss_ce 0.8462
[2022-02-05 14:11:28,500][INFO] [Epoch 193/200] trn/acc1 1.00e+00, trn/loss 2.91e-01, trn/loss_ce 6.48e-03, trn/loss_wd 5.69e+02, trn/lr 3.65e-04
[2022-02-05 14:11:29,066][INFO] [Epoch 193/200] Validation: val/acc1 0.7990, val/loss_ce 0.8455
[2022-02-05 14:12:00,102][INFO] [Epoch 194/200] trn/acc1 1.00e+00, trn/loss 2.91e-01, trn/loss_ce 6.55e-03, trn/loss_wd 5.68e+02, trn/lr 2.75e-04
[2022-02-05 14:12:00,664][INFO] [Epoch 194/200] Validation: val/acc1 0.7990, val/loss_ce 0.8429
[2022-02-05 14:12:31,397][INFO] [Epoch 195/200] trn/acc1 1.00e+00, trn/loss 2.90e-01, trn/loss_ce 6.46e-03, trn/loss_wd 5.68e+02, trn/lr 1.97e-04
[2022-02-05 14:12:31,965][INFO] [Epoch 195/200] Validation: val/acc1 0.7978, val/loss_ce 0.8442
[2022-02-05 14:13:04,767][INFO] [Epoch 196/200] trn/acc1 1.00e+00, trn/loss 2.90e-01, trn/loss_ce 6.58e-03, trn/loss_wd 5.67e+02, trn/lr 1.32e-04
[2022-02-05 14:13:05,334][INFO] [Epoch 196/200] Validation: val/acc1 0.7990, val/loss_ce 0.8426
[2022-02-05 14:13:36,567][INFO] [Epoch 197/200] trn/acc1 1.00e+00, trn/loss 2.90e-01, trn/loss_ce 6.54e-03, trn/loss_wd 5.67e+02, trn/lr 8.01e-05
[2022-02-05 14:13:37,148][INFO] [Epoch 197/200] Validation: val/acc1 0.7986, val/loss_ce 0.8452
[2022-02-05 14:14:08,121][INFO] [Epoch 198/200] trn/acc1 1.00e+00, trn/loss 2.90e-01, trn/loss_ce 6.43e-03, trn/loss_wd 5.67e+02, trn/lr 4.11e-05
[2022-02-05 14:14:08,679][INFO] [Epoch 198/200] Validation: val/acc1 0.8004, val/loss_ce 0.8466
[2022-02-05 14:14:44,917][INFO] [Epoch 199/200] trn/acc1 1.00e+00, trn/loss 2.90e-01, trn/loss_ce 6.41e-03, trn/loss_wd 5.67e+02, trn/lr 1.52e-05
[2022-02-05 14:14:45,485][INFO] [Epoch 199/200] Validation: val/acc1 0.7976, val/loss_ce 0.8450
[2022-02-05 14:15:20,294][INFO] [Epoch 200/200] trn/acc1 1.00e+00, trn/loss 2.90e-01, trn/loss_ce 6.46e-03, trn/loss_wd 5.67e+02, trn/lr 2.17e-06
[2022-02-05 14:15:20,865][INFO] [Epoch 200/200] Validation: val/acc1 0.7988, val/loss_ce 0.8458
