[2022-02-07 17:06:34,955][INFO] Environments:
------------  ---------------------------------------------------------------------------
sys.platform  linux
Python        3.7.11 (default, Nov 23 2021, 05:29:02) [GCC 7.5.0]
JAX           0.2.27 @/mnt/data1/giung/venvs/jax0.2.27/lib/python3.7/site-packages/jax
jaxlib        0.1.75 @/mnt/data1/giung/venvs/jax0.2.27/lib/python3.7/site-packages/jaxlib
Flax          0.4.0 @/mnt/data1/giung/venvs/jax0.2.27/lib/python3.7/site-packages/flax
Optax         0.1.0 @/mnt/data1/giung/venvs/jax0.2.27/lib/python3.7/site-packages/optax
------------  ---------------------------------------------------------------------------

[2022-02-07 17:06:34,956][INFO] Command line arguments:
Namespace(batch_size=128, config_file='./configs/C100_VGG11-BN-ReLU_SGD.yaml', keep_every_n_checkpoints=None, learning_rate=0.05, num_epochs=200, num_warmup_epochs=5, opts=[], output_dir='./outputs/C100_VGG11-BN-ReLU/SGD/s42_e200_wd5e-4/', seed=42, weight_decay=0.0005)

[2022-02-07 17:06:34,956][INFO] Using a random seed 42

[2022-02-07 17:06:34,988][INFO] Unable to initialize backend 'tpu_driver': NOT_FOUND: Unable to find driver in registry given worker: 
[2022-02-07 17:06:35,195][INFO] Unable to initialize backend 'tpu': INVALID_ARGUMENT: TpuPlatform is not available.
[2022-02-07 17:06:38,958][INFO] Found no checkpoint files in outputs/C100_VGG11-BN-ReLU/SGD/s42_e200_wd5e-4
[2022-02-07 17:06:51,666][INFO] [Epoch   1/200] trn/acc1 1.10e-01, trn/loss 6.59e+00, trn/loss_ce 3.98e+00, trn/loss_wd 5.23e+03, trn/lr 4.99e-03
[2022-02-07 17:06:53,004][INFO] [Epoch   1/200] Validation: val/acc1 0.1658, val/loss_ce 3.4874
[2022-02-07 17:06:59,095][INFO] [Epoch   2/200] trn/acc1 2.17e-01, trn/loss 5.72e+00, trn/loss_ce 3.18e+00, trn/loss_wd 5.09e+03, trn/lr 1.50e-02
[2022-02-07 17:07:01,868][INFO] [Epoch   3/200] trn/acc1 2.80e-01, trn/loss 5.23e+00, trn/loss_ce 2.82e+00, trn/loss_wd 4.83e+03, trn/lr 2.50e-02
[2022-02-07 17:07:04,647][INFO] [Epoch   4/200] trn/acc1 3.29e-01, trn/loss 4.81e+00, trn/loss_ce 2.57e+00, trn/loss_wd 4.47e+03, trn/lr 3.50e-02
[2022-02-07 17:07:07,428][INFO] [Epoch   5/200] trn/acc1 3.66e-01, trn/loss 4.45e+00, trn/loss_ce 2.41e+00, trn/loss_wd 4.07e+03, trn/lr 4.50e-02
[2022-02-07 17:07:10,224][INFO] [Epoch   6/200] trn/acc1 4.00e-01, trn/loss 4.08e+00, trn/loss_ce 2.25e+00, trn/loss_wd 3.66e+03, trn/lr 5.00e-02
[2022-02-07 17:07:13,019][INFO] [Epoch   7/200] trn/acc1 4.42e-01, trn/loss 3.72e+00, trn/loss_ce 2.07e+00, trn/loss_wd 3.30e+03, trn/lr 5.00e-02
[2022-02-07 17:07:15,808][INFO] [Epoch   8/200] trn/acc1 4.76e-01, trn/loss 3.42e+00, trn/loss_ce 1.92e+00, trn/loss_wd 2.99e+03, trn/lr 5.00e-02
[2022-02-07 17:07:18,589][INFO] [Epoch   9/200] trn/acc1 4.96e-01, trn/loss 3.19e+00, trn/loss_ce 1.82e+00, trn/loss_wd 2.75e+03, trn/lr 5.00e-02
[2022-02-07 17:07:21,381][INFO] [Epoch  10/200] trn/acc1 5.18e-01, trn/loss 3.00e+00, trn/loss_ce 1.73e+00, trn/loss_wd 2.55e+03, trn/lr 4.99e-02
[2022-02-07 17:07:24,177][INFO] [Epoch  11/200] trn/acc1 5.37e-01, trn/loss 2.84e+00, trn/loss_ce 1.65e+00, trn/loss_wd 2.39e+03, trn/lr 4.99e-02
[2022-02-07 17:07:26,962][INFO] [Epoch  12/200] trn/acc1 5.55e-01, trn/loss 2.72e+00, trn/loss_ce 1.59e+00, trn/loss_wd 2.27e+03, trn/lr 4.99e-02
[2022-02-07 17:07:29,755][INFO] [Epoch  13/200] trn/acc1 5.65e-01, trn/loss 2.62e+00, trn/loss_ce 1.54e+00, trn/loss_wd 2.17e+03, trn/lr 4.98e-02
[2022-02-07 17:07:32,547][INFO] [Epoch  14/200] trn/acc1 5.75e-01, trn/loss 2.55e+00, trn/loss_ce 1.50e+00, trn/loss_wd 2.10e+03, trn/lr 4.98e-02
[2022-02-07 17:07:35,351][INFO] [Epoch  15/200] trn/acc1 5.87e-01, trn/loss 2.48e+00, trn/loss_ce 1.45e+00, trn/loss_wd 2.06e+03, trn/lr 4.97e-02
[2022-02-07 17:07:38,144][INFO] [Epoch  16/200] trn/acc1 5.96e-01, trn/loss 2.42e+00, trn/loss_ce 1.40e+00, trn/loss_wd 2.03e+03, trn/lr 4.96e-02
[2022-02-07 17:07:40,949][INFO] [Epoch  17/200] trn/acc1 6.04e-01, trn/loss 2.39e+00, trn/loss_ce 1.38e+00, trn/loss_wd 2.02e+03, trn/lr 4.96e-02
[2022-02-07 17:07:43,743][INFO] [Epoch  18/200] trn/acc1 6.13e-01, trn/loss 2.36e+00, trn/loss_ce 1.35e+00, trn/loss_wd 2.02e+03, trn/lr 4.95e-02
[2022-02-07 17:07:46,532][INFO] [Epoch  19/200] trn/acc1 6.22e-01, trn/loss 2.33e+00, trn/loss_ce 1.31e+00, trn/loss_wd 2.03e+03, trn/lr 4.94e-02
[2022-02-07 17:07:49,322][INFO] [Epoch  20/200] trn/acc1 6.24e-01, trn/loss 2.32e+00, trn/loss_ce 1.30e+00, trn/loss_wd 2.04e+03, trn/lr 4.93e-02
[2022-02-07 17:07:49,393][INFO] [Epoch  20/200] Validation: val/acc1 0.5256, val/loss_ce 1.7547
[2022-02-07 17:07:55,270][INFO] [Epoch  21/200] trn/acc1 6.33e-01, trn/loss 2.30e+00, trn/loss_ce 1.27e+00, trn/loss_wd 2.06e+03, trn/lr 4.92e-02
[2022-02-07 17:07:58,078][INFO] [Epoch  22/200] trn/acc1 6.43e-01, trn/loss 2.28e+00, trn/loss_ce 1.24e+00, trn/loss_wd 2.09e+03, trn/lr 4.91e-02
[2022-02-07 17:08:00,862][INFO] [Epoch  23/200] trn/acc1 6.48e-01, trn/loss 2.27e+00, trn/loss_ce 1.22e+00, trn/loss_wd 2.11e+03, trn/lr 4.90e-02
[2022-02-07 17:08:03,749][INFO] [Epoch  24/200] trn/acc1 6.54e-01, trn/loss 2.26e+00, trn/loss_ce 1.19e+00, trn/loss_wd 2.14e+03, trn/lr 4.89e-02
[2022-02-07 17:08:06,543][INFO] [Epoch  25/200] trn/acc1 6.60e-01, trn/loss 2.24e+00, trn/loss_ce 1.16e+00, trn/loss_wd 2.16e+03, trn/lr 4.88e-02
[2022-02-07 17:08:09,350][INFO] [Epoch  26/200] trn/acc1 6.63e-01, trn/loss 2.25e+00, trn/loss_ce 1.15e+00, trn/loss_wd 2.19e+03, trn/lr 4.86e-02
[2022-02-07 17:08:12,149][INFO] [Epoch  27/200] trn/acc1 6.68e-01, trn/loss 2.25e+00, trn/loss_ce 1.13e+00, trn/loss_wd 2.22e+03, trn/lr 4.85e-02
[2022-02-07 17:08:14,938][INFO] [Epoch  28/200] trn/acc1 6.78e-01, trn/loss 2.23e+00, trn/loss_ce 1.11e+00, trn/loss_wd 2.25e+03, trn/lr 4.84e-02
[2022-02-07 17:08:17,734][INFO] [Epoch  29/200] trn/acc1 6.77e-01, trn/loss 2.24e+00, trn/loss_ce 1.10e+00, trn/loss_wd 2.28e+03, trn/lr 4.82e-02
[2022-02-07 17:08:20,532][INFO] [Epoch  30/200] trn/acc1 6.82e-01, trn/loss 2.23e+00, trn/loss_ce 1.08e+00, trn/loss_wd 2.31e+03, trn/lr 4.81e-02
[2022-02-07 17:08:23,326][INFO] [Epoch  31/200] trn/acc1 6.88e-01, trn/loss 2.23e+00, trn/loss_ce 1.06e+00, trn/loss_wd 2.34e+03, trn/lr 4.79e-02
[2022-02-07 17:08:26,128][INFO] [Epoch  32/200] trn/acc1 6.92e-01, trn/loss 2.22e+00, trn/loss_ce 1.04e+00, trn/loss_wd 2.36e+03, trn/lr 4.78e-02
[2022-02-07 17:08:28,939][INFO] [Epoch  33/200] trn/acc1 6.98e-01, trn/loss 2.22e+00, trn/loss_ce 1.02e+00, trn/loss_wd 2.39e+03, trn/lr 4.76e-02
[2022-02-07 17:08:31,736][INFO] [Epoch  34/200] trn/acc1 7.02e-01, trn/loss 2.22e+00, trn/loss_ce 1.01e+00, trn/loss_wd 2.42e+03, trn/lr 4.74e-02
[2022-02-07 17:08:34,543][INFO] [Epoch  35/200] trn/acc1 7.03e-01, trn/loss 2.23e+00, trn/loss_ce 1.01e+00, trn/loss_wd 2.45e+03, trn/lr 4.72e-02
[2022-02-07 17:08:37,354][INFO] [Epoch  36/200] trn/acc1 7.11e-01, trn/loss 2.22e+00, trn/loss_ce 9.82e-01, trn/loss_wd 2.48e+03, trn/lr 4.70e-02
[2022-02-07 17:08:40,146][INFO] [Epoch  37/200] trn/acc1 7.14e-01, trn/loss 2.21e+00, trn/loss_ce 9.60e-01, trn/loss_wd 2.50e+03, trn/lr 4.68e-02
[2022-02-07 17:08:42,941][INFO] [Epoch  38/200] trn/acc1 7.17e-01, trn/loss 2.21e+00, trn/loss_ce 9.48e-01, trn/loss_wd 2.53e+03, trn/lr 4.67e-02
[2022-02-07 17:08:45,736][INFO] [Epoch  39/200] trn/acc1 7.20e-01, trn/loss 2.21e+00, trn/loss_ce 9.35e-01, trn/loss_wd 2.56e+03, trn/lr 4.64e-02
[2022-02-07 17:08:48,551][INFO] [Epoch  40/200] trn/acc1 7.22e-01, trn/loss 2.22e+00, trn/loss_ce 9.31e-01, trn/loss_wd 2.58e+03, trn/lr 4.62e-02
[2022-02-07 17:08:48,622][INFO] [Epoch  40/200] Validation: val/acc1 0.5682, val/loss_ce 1.7161
[2022-02-07 17:08:54,132][INFO] [Epoch  41/200] trn/acc1 7.25e-01, trn/loss 2.21e+00, trn/loss_ce 9.13e-01, trn/loss_wd 2.60e+03, trn/lr 4.60e-02
[2022-02-07 17:08:56,931][INFO] [Epoch  42/200] trn/acc1 7.29e-01, trn/loss 2.22e+00, trn/loss_ce 9.03e-01, trn/loss_wd 2.63e+03, trn/lr 4.58e-02
[2022-02-07 17:08:59,729][INFO] [Epoch  43/200] trn/acc1 7.36e-01, trn/loss 2.20e+00, trn/loss_ce 8.78e-01, trn/loss_wd 2.65e+03, trn/lr 4.56e-02
[2022-02-07 17:09:02,532][INFO] [Epoch  44/200] trn/acc1 7.38e-01, trn/loss 2.22e+00, trn/loss_ce 8.82e-01, trn/loss_wd 2.67e+03, trn/lr 4.53e-02
[2022-02-07 17:09:05,341][INFO] [Epoch  45/200] trn/acc1 7.41e-01, trn/loss 2.21e+00, trn/loss_ce 8.62e-01, trn/loss_wd 2.69e+03, trn/lr 4.51e-02
[2022-02-07 17:09:08,147][INFO] [Epoch  46/200] trn/acc1 7.45e-01, trn/loss 2.20e+00, trn/loss_ce 8.45e-01, trn/loss_wd 2.71e+03, trn/lr 4.49e-02
[2022-02-07 17:09:10,943][INFO] [Epoch  47/200] trn/acc1 7.49e-01, trn/loss 2.19e+00, trn/loss_ce 8.29e-01, trn/loss_wd 2.72e+03, trn/lr 4.46e-02
[2022-02-07 17:09:13,740][INFO] [Epoch  48/200] trn/acc1 7.53e-01, trn/loss 2.19e+00, trn/loss_ce 8.22e-01, trn/loss_wd 2.74e+03, trn/lr 4.44e-02
[2022-02-07 17:09:16,540][INFO] [Epoch  49/200] trn/acc1 7.52e-01, trn/loss 2.20e+00, trn/loss_ce 8.20e-01, trn/loss_wd 2.76e+03, trn/lr 4.41e-02
[2022-02-07 17:09:19,337][INFO] [Epoch  50/200] trn/acc1 7.60e-01, trn/loss 2.18e+00, trn/loss_ce 7.98e-01, trn/loss_wd 2.77e+03, trn/lr 4.38e-02
[2022-02-07 17:09:22,142][INFO] [Epoch  51/200] trn/acc1 7.64e-01, trn/loss 2.18e+00, trn/loss_ce 7.90e-01, trn/loss_wd 2.78e+03, trn/lr 4.36e-02
[2022-02-07 17:09:24,947][INFO] [Epoch  52/200] trn/acc1 7.64e-01, trn/loss 2.17e+00, trn/loss_ce 7.76e-01, trn/loss_wd 2.80e+03, trn/lr 4.33e-02
[2022-02-07 17:09:27,856][INFO] [Epoch  53/200] trn/acc1 7.70e-01, trn/loss 2.17e+00, trn/loss_ce 7.62e-01, trn/loss_wd 2.81e+03, trn/lr 4.30e-02
[2022-02-07 17:09:30,648][INFO] [Epoch  54/200] trn/acc1 7.69e-01, trn/loss 2.17e+00, trn/loss_ce 7.60e-01, trn/loss_wd 2.83e+03, trn/lr 4.27e-02
[2022-02-07 17:09:33,439][INFO] [Epoch  55/200] trn/acc1 7.76e-01, trn/loss 2.16e+00, trn/loss_ce 7.40e-01, trn/loss_wd 2.84e+03, trn/lr 4.25e-02
[2022-02-07 17:09:36,259][INFO] [Epoch  56/200] trn/acc1 7.73e-01, trn/loss 2.17e+00, trn/loss_ce 7.47e-01, trn/loss_wd 2.85e+03, trn/lr 4.22e-02
[2022-02-07 17:09:39,067][INFO] [Epoch  57/200] trn/acc1 7.83e-01, trn/loss 2.15e+00, trn/loss_ce 7.20e-01, trn/loss_wd 2.87e+03, trn/lr 4.19e-02
[2022-02-07 17:09:41,872][INFO] [Epoch  58/200] trn/acc1 7.82e-01, trn/loss 2.15e+00, trn/loss_ce 7.16e-01, trn/loss_wd 2.87e+03, trn/lr 4.16e-02
[2022-02-07 17:09:44,670][INFO] [Epoch  59/200] trn/acc1 7.86e-01, trn/loss 2.14e+00, trn/loss_ce 7.01e-01, trn/loss_wd 2.88e+03, trn/lr 4.13e-02
[2022-02-07 17:09:47,473][INFO] [Epoch  60/200] trn/acc1 7.90e-01, trn/loss 2.12e+00, trn/loss_ce 6.81e-01, trn/loss_wd 2.89e+03, trn/lr 4.10e-02
[2022-02-07 17:09:47,543][INFO] [Epoch  60/200] Validation: val/acc1 0.5640, val/loss_ce 1.7984
[2022-02-07 17:09:51,265][INFO] [Epoch  61/200] trn/acc1 7.92e-01, trn/loss 2.13e+00, trn/loss_ce 6.81e-01, trn/loss_wd 2.89e+03, trn/lr 4.07e-02
[2022-02-07 17:09:54,092][INFO] [Epoch  62/200] trn/acc1 7.94e-01, trn/loss 2.12e+00, trn/loss_ce 6.65e-01, trn/loss_wd 2.90e+03, trn/lr 4.03e-02
[2022-02-07 17:09:56,891][INFO] [Epoch  63/200] trn/acc1 7.99e-01, trn/loss 2.11e+00, trn/loss_ce 6.51e-01, trn/loss_wd 2.91e+03, trn/lr 4.00e-02
[2022-02-07 17:09:59,680][INFO] [Epoch  64/200] trn/acc1 8.04e-01, trn/loss 2.10e+00, trn/loss_ce 6.42e-01, trn/loss_wd 2.91e+03, trn/lr 3.97e-02
[2022-02-07 17:10:02,471][INFO] [Epoch  65/200] trn/acc1 8.02e-01, trn/loss 2.10e+00, trn/loss_ce 6.41e-01, trn/loss_wd 2.92e+03, trn/lr 3.94e-02
[2022-02-07 17:10:05,271][INFO] [Epoch  66/200] trn/acc1 8.08e-01, trn/loss 2.09e+00, trn/loss_ce 6.27e-01, trn/loss_wd 2.92e+03, trn/lr 3.90e-02
[2022-02-07 17:10:08,073][INFO] [Epoch  67/200] trn/acc1 8.06e-01, trn/loss 2.09e+00, trn/loss_ce 6.22e-01, trn/loss_wd 2.93e+03, trn/lr 3.87e-02
[2022-02-07 17:10:10,882][INFO] [Epoch  68/200] trn/acc1 8.16e-01, trn/loss 2.07e+00, trn/loss_ce 6.04e-01, trn/loss_wd 2.93e+03, trn/lr 3.84e-02
[2022-02-07 17:10:13,669][INFO] [Epoch  69/200] trn/acc1 8.17e-01, trn/loss 2.05e+00, trn/loss_ce 5.90e-01, trn/loss_wd 2.93e+03, trn/lr 3.80e-02
[2022-02-07 17:10:16,487][INFO] [Epoch  70/200] trn/acc1 8.15e-01, trn/loss 2.06e+00, trn/loss_ce 5.95e-01, trn/loss_wd 2.94e+03, trn/lr 3.77e-02
[2022-02-07 17:10:19,288][INFO] [Epoch  71/200] trn/acc1 8.18e-01, trn/loss 2.05e+00, trn/loss_ce 5.81e-01, trn/loss_wd 2.95e+03, trn/lr 3.73e-02
[2022-02-07 17:10:22,092][INFO] [Epoch  72/200] trn/acc1 8.26e-01, trn/loss 2.03e+00, trn/loss_ce 5.60e-01, trn/loss_wd 2.94e+03, trn/lr 3.70e-02
[2022-02-07 17:10:24,895][INFO] [Epoch  73/200] trn/acc1 8.29e-01, trn/loss 2.02e+00, trn/loss_ce 5.49e-01, trn/loss_wd 2.93e+03, trn/lr 3.66e-02
[2022-02-07 17:10:27,686][INFO] [Epoch  74/200] trn/acc1 8.30e-01, trn/loss 2.01e+00, trn/loss_ce 5.47e-01, trn/loss_wd 2.93e+03, trn/lr 3.63e-02
[2022-02-07 17:10:30,497][INFO] [Epoch  75/200] trn/acc1 8.30e-01, trn/loss 2.01e+00, trn/loss_ce 5.43e-01, trn/loss_wd 2.94e+03, trn/lr 3.59e-02
[2022-02-07 17:10:33,298][INFO] [Epoch  76/200] trn/acc1 8.38e-01, trn/loss 1.98e+00, trn/loss_ce 5.16e-01, trn/loss_wd 2.93e+03, trn/lr 3.55e-02
[2022-02-07 17:10:36,105][INFO] [Epoch  77/200] trn/acc1 8.36e-01, trn/loss 1.99e+00, trn/loss_ce 5.26e-01, trn/loss_wd 2.93e+03, trn/lr 3.52e-02
[2022-02-07 17:10:38,914][INFO] [Epoch  78/200] trn/acc1 8.41e-01, trn/loss 1.96e+00, trn/loss_ce 5.04e-01, trn/loss_wd 2.92e+03, trn/lr 3.48e-02
[2022-02-07 17:10:41,721][INFO] [Epoch  79/200] trn/acc1 8.46e-01, trn/loss 1.95e+00, trn/loss_ce 4.96e-01, trn/loss_wd 2.91e+03, trn/lr 3.44e-02
[2022-02-07 17:10:44,520][INFO] [Epoch  80/200] trn/acc1 8.49e-01, trn/loss 1.93e+00, trn/loss_ce 4.81e-01, trn/loss_wd 2.91e+03, trn/lr 3.41e-02
[2022-02-07 17:10:44,590][INFO] [Epoch  80/200] Validation: val/acc1 0.5890, val/loss_ce 1.7791
[2022-02-07 17:10:49,446][INFO] [Epoch  81/200] trn/acc1 8.50e-01, trn/loss 1.93e+00, trn/loss_ce 4.81e-01, trn/loss_wd 2.90e+03, trn/lr 3.37e-02
[2022-02-07 17:10:52,291][INFO] [Epoch  82/200] trn/acc1 8.57e-01, trn/loss 1.90e+00, trn/loss_ce 4.54e-01, trn/loss_wd 2.88e+03, trn/lr 3.33e-02
[2022-02-07 17:10:55,198][INFO] [Epoch  83/200] trn/acc1 8.59e-01, trn/loss 1.89e+00, trn/loss_ce 4.53e-01, trn/loss_wd 2.87e+03, trn/lr 3.29e-02
[2022-02-07 17:10:57,990][INFO] [Epoch  84/200] trn/acc1 8.58e-01, trn/loss 1.88e+00, trn/loss_ce 4.52e-01, trn/loss_wd 2.86e+03, trn/lr 3.25e-02
[2022-02-07 17:11:00,773][INFO] [Epoch  85/200] trn/acc1 8.64e-01, trn/loss 1.85e+00, trn/loss_ce 4.31e-01, trn/loss_wd 2.85e+03, trn/lr 3.21e-02
[2022-02-07 17:11:03,567][INFO] [Epoch  86/200] trn/acc1 8.62e-01, trn/loss 1.85e+00, trn/loss_ce 4.35e-01, trn/loss_wd 2.84e+03, trn/lr 3.18e-02
[2022-02-07 17:11:06,358][INFO] [Epoch  87/200] trn/acc1 8.69e-01, trn/loss 1.83e+00, trn/loss_ce 4.20e-01, trn/loss_wd 2.82e+03, trn/lr 3.14e-02
[2022-02-07 17:11:09,143][INFO] [Epoch  88/200] trn/acc1 8.71e-01, trn/loss 1.82e+00, trn/loss_ce 4.14e-01, trn/loss_wd 2.81e+03, trn/lr 3.10e-02
[2022-02-07 17:11:11,944][INFO] [Epoch  89/200] trn/acc1 8.78e-01, trn/loss 1.78e+00, trn/loss_ce 3.86e-01, trn/loss_wd 2.79e+03, trn/lr 3.06e-02
[2022-02-07 17:11:14,735][INFO] [Epoch  90/200] trn/acc1 8.75e-01, trn/loss 1.78e+00, trn/loss_ce 3.92e-01, trn/loss_wd 2.77e+03, trn/lr 3.02e-02
[2022-02-07 17:11:17,529][INFO] [Epoch  91/200] trn/acc1 8.81e-01, trn/loss 1.76e+00, trn/loss_ce 3.85e-01, trn/loss_wd 2.75e+03, trn/lr 2.98e-02
[2022-02-07 17:11:20,320][INFO] [Epoch  92/200] trn/acc1 8.84e-01, trn/loss 1.73e+00, trn/loss_ce 3.67e-01, trn/loss_wd 2.73e+03, trn/lr 2.94e-02
[2022-02-07 17:11:23,110][INFO] [Epoch  93/200] trn/acc1 8.83e-01, trn/loss 1.73e+00, trn/loss_ce 3.74e-01, trn/loss_wd 2.72e+03, trn/lr 2.90e-02
[2022-02-07 17:11:25,912][INFO] [Epoch  94/200] trn/acc1 8.86e-01, trn/loss 1.71e+00, trn/loss_ce 3.57e-01, trn/loss_wd 2.70e+03, trn/lr 2.86e-02
[2022-02-07 17:11:28,720][INFO] [Epoch  95/200] trn/acc1 8.87e-01, trn/loss 1.69e+00, trn/loss_ce 3.51e-01, trn/loss_wd 2.68e+03, trn/lr 2.82e-02
[2022-02-07 17:11:31,520][INFO] [Epoch  96/200] trn/acc1 8.92e-01, trn/loss 1.67e+00, trn/loss_ce 3.39e-01, trn/loss_wd 2.66e+03, trn/lr 2.78e-02
[2022-02-07 17:11:34,310][INFO] [Epoch  97/200] trn/acc1 8.93e-01, trn/loss 1.66e+00, trn/loss_ce 3.38e-01, trn/loss_wd 2.64e+03, trn/lr 2.74e-02
[2022-02-07 17:11:37,110][INFO] [Epoch  98/200] trn/acc1 8.98e-01, trn/loss 1.64e+00, trn/loss_ce 3.25e-01, trn/loss_wd 2.62e+03, trn/lr 2.70e-02
[2022-02-07 17:11:39,915][INFO] [Epoch  99/200] trn/acc1 9.01e-01, trn/loss 1.61e+00, trn/loss_ce 3.12e-01, trn/loss_wd 2.60e+03, trn/lr 2.66e-02
[2022-02-07 17:11:42,709][INFO] [Epoch 100/200] trn/acc1 9.03e-01, trn/loss 1.59e+00, trn/loss_ce 3.05e-01, trn/loss_wd 2.57e+03, trn/lr 2.62e-02
[2022-02-07 17:11:42,779][INFO] [Epoch 100/200] Validation: val/acc1 0.6098, val/loss_ce 1.8575
[2022-02-07 17:11:47,251][INFO] [Epoch 101/200] trn/acc1 9.03e-01, trn/loss 1.58e+00, trn/loss_ce 3.05e-01, trn/loss_wd 2.55e+03, trn/lr 2.58e-02
[2022-02-07 17:11:50,029][INFO] [Epoch 102/200] trn/acc1 9.09e-01, trn/loss 1.56e+00, trn/loss_ce 2.94e-01, trn/loss_wd 2.53e+03, trn/lr 2.54e-02
[2022-02-07 17:11:52,817][INFO] [Epoch 103/200] trn/acc1 9.13e-01, trn/loss 1.53e+00, trn/loss_ce 2.77e-01, trn/loss_wd 2.50e+03, trn/lr 2.50e-02
[2022-02-07 17:11:55,604][INFO] [Epoch 104/200] trn/acc1 9.09e-01, trn/loss 1.53e+00, trn/loss_ce 2.88e-01, trn/loss_wd 2.48e+03, trn/lr 2.46e-02
[2022-02-07 17:11:58,392][INFO] [Epoch 105/200] trn/acc1 9.17e-01, trn/loss 1.49e+00, trn/loss_ce 2.67e-01, trn/loss_wd 2.45e+03, trn/lr 2.42e-02
[2022-02-07 17:12:01,173][INFO] [Epoch 106/200] trn/acc1 9.19e-01, trn/loss 1.47e+00, trn/loss_ce 2.56e-01, trn/loss_wd 2.42e+03, trn/lr 2.38e-02
[2022-02-07 17:12:03,962][INFO] [Epoch 107/200] trn/acc1 9.21e-01, trn/loss 1.45e+00, trn/loss_ce 2.51e-01, trn/loss_wd 2.39e+03, trn/lr 2.34e-02
[2022-02-07 17:12:06,747][INFO] [Epoch 108/200] trn/acc1 9.21e-01, trn/loss 1.43e+00, trn/loss_ce 2.48e-01, trn/loss_wd 2.37e+03, trn/lr 2.30e-02
[2022-02-07 17:12:09,530][INFO] [Epoch 109/200] trn/acc1 9.25e-01, trn/loss 1.41e+00, trn/loss_ce 2.38e-01, trn/loss_wd 2.34e+03, trn/lr 2.26e-02
[2022-02-07 17:12:12,318][INFO] [Epoch 110/200] trn/acc1 9.25e-01, trn/loss 1.39e+00, trn/loss_ce 2.35e-01, trn/loss_wd 2.32e+03, trn/lr 2.22e-02
[2022-02-07 17:12:15,413][INFO] [Epoch 111/200] trn/acc1 9.30e-01, trn/loss 1.37e+00, trn/loss_ce 2.24e-01, trn/loss_wd 2.29e+03, trn/lr 2.18e-02
[2022-02-07 17:12:18,214][INFO] [Epoch 112/200] trn/acc1 9.32e-01, trn/loss 1.34e+00, trn/loss_ce 2.12e-01, trn/loss_wd 2.26e+03, trn/lr 2.14e-02
[2022-02-07 17:12:21,010][INFO] [Epoch 113/200] trn/acc1 9.35e-01, trn/loss 1.32e+00, trn/loss_ce 2.09e-01, trn/loss_wd 2.23e+03, trn/lr 2.10e-02
[2022-02-07 17:12:23,817][INFO] [Epoch 114/200] trn/acc1 9.36e-01, trn/loss 1.30e+00, trn/loss_ce 1.99e-01, trn/loss_wd 2.20e+03, trn/lr 2.06e-02
[2022-02-07 17:12:26,608][INFO] [Epoch 115/200] trn/acc1 9.36e-01, trn/loss 1.29e+00, trn/loss_ce 2.02e-01, trn/loss_wd 2.17e+03, trn/lr 2.02e-02
[2022-02-07 17:12:29,401][INFO] [Epoch 116/200] trn/acc1 9.44e-01, trn/loss 1.25e+00, trn/loss_ce 1.79e-01, trn/loss_wd 2.14e+03, trn/lr 1.98e-02
[2022-02-07 17:12:32,213][INFO] [Epoch 117/200] trn/acc1 9.41e-01, trn/loss 1.24e+00, trn/loss_ce 1.87e-01, trn/loss_wd 2.11e+03, trn/lr 1.94e-02
[2022-02-07 17:12:35,007][INFO] [Epoch 118/200] trn/acc1 9.46e-01, trn/loss 1.21e+00, trn/loss_ce 1.72e-01, trn/loss_wd 2.08e+03, trn/lr 1.90e-02
[2022-02-07 17:12:37,812][INFO] [Epoch 119/200] trn/acc1 9.48e-01, trn/loss 1.19e+00, trn/loss_ce 1.64e-01, trn/loss_wd 2.05e+03, trn/lr 1.86e-02
[2022-02-07 17:12:40,608][INFO] [Epoch 120/200] trn/acc1 9.50e-01, trn/loss 1.17e+00, trn/loss_ce 1.61e-01, trn/loss_wd 2.02e+03, trn/lr 1.82e-02
[2022-02-07 17:12:40,678][INFO] [Epoch 120/200] Validation: val/acc1 0.6042, val/loss_ce 1.9586
[2022-02-07 17:12:44,415][INFO] [Epoch 121/200] trn/acc1 9.58e-01, trn/loss 1.13e+00, trn/loss_ce 1.37e-01, trn/loss_wd 1.98e+03, trn/lr 1.79e-02
[2022-02-07 17:12:47,222][INFO] [Epoch 122/200] trn/acc1 9.56e-01, trn/loss 1.12e+00, trn/loss_ce 1.43e-01, trn/loss_wd 1.95e+03, trn/lr 1.75e-02
[2022-02-07 17:12:50,003][INFO] [Epoch 123/200] trn/acc1 9.62e-01, trn/loss 1.08e+00, trn/loss_ce 1.27e-01, trn/loss_wd 1.91e+03, trn/lr 1.71e-02
[2022-02-07 17:12:52,797][INFO] [Epoch 124/200] trn/acc1 9.59e-01, trn/loss 1.07e+00, trn/loss_ce 1.34e-01, trn/loss_wd 1.88e+03, trn/lr 1.67e-02
[2022-02-07 17:12:55,583][INFO] [Epoch 125/200] trn/acc1 9.62e-01, trn/loss 1.04e+00, trn/loss_ce 1.22e-01, trn/loss_wd 1.84e+03, trn/lr 1.63e-02
[2022-02-07 17:12:58,385][INFO] [Epoch 126/200] trn/acc1 9.63e-01, trn/loss 1.02e+00, trn/loss_ce 1.18e-01, trn/loss_wd 1.81e+03, trn/lr 1.59e-02
[2022-02-07 17:13:01,178][INFO] [Epoch 127/200] trn/acc1 9.65e-01, trn/loss 1.00e+00, trn/loss_ce 1.13e-01, trn/loss_wd 1.78e+03, trn/lr 1.56e-02
[2022-02-07 17:13:03,964][INFO] [Epoch 128/200] trn/acc1 9.70e-01, trn/loss 9.69e-01, trn/loss_ce 9.82e-02, trn/loss_wd 1.74e+03, trn/lr 1.52e-02
[2022-02-07 17:13:06,764][INFO] [Epoch 129/200] trn/acc1 9.71e-01, trn/loss 9.51e-01, trn/loss_ce 9.76e-02, trn/loss_wd 1.71e+03, trn/lr 1.48e-02
[2022-02-07 17:13:09,559][INFO] [Epoch 130/200] trn/acc1 9.74e-01, trn/loss 9.24e-01, trn/loss_ce 8.91e-02, trn/loss_wd 1.67e+03, trn/lr 1.45e-02
[2022-02-07 17:13:12,355][INFO] [Epoch 131/200] trn/acc1 9.75e-01, trn/loss 9.02e-01, trn/loss_ce 8.47e-02, trn/loss_wd 1.64e+03, trn/lr 1.41e-02
[2022-02-07 17:13:15,155][INFO] [Epoch 132/200] trn/acc1 9.76e-01, trn/loss 8.84e-01, trn/loss_ce 8.35e-02, trn/loss_wd 1.60e+03, trn/lr 1.37e-02
[2022-02-07 17:13:17,949][INFO] [Epoch 133/200] trn/acc1 9.78e-01, trn/loss 8.60e-01, trn/loss_ce 7.59e-02, trn/loss_wd 1.57e+03, trn/lr 1.34e-02
[2022-02-07 17:13:20,742][INFO] [Epoch 134/200] trn/acc1 9.84e-01, trn/loss 8.24e-01, trn/loss_ce 5.75e-02, trn/loss_wd 1.53e+03, trn/lr 1.30e-02
[2022-02-07 17:13:23,537][INFO] [Epoch 135/200] trn/acc1 9.85e-01, trn/loss 8.00e-01, trn/loss_ce 5.37e-02, trn/loss_wd 1.49e+03, trn/lr 1.27e-02
[2022-02-07 17:13:26,340][INFO] [Epoch 136/200] trn/acc1 9.89e-01, trn/loss 7.69e-01, trn/loss_ce 4.25e-02, trn/loss_wd 1.45e+03, trn/lr 1.23e-02
[2022-02-07 17:13:29,145][INFO] [Epoch 137/200] trn/acc1 9.92e-01, trn/loss 7.42e-01, trn/loss_ce 3.53e-02, trn/loss_wd 1.41e+03, trn/lr 1.20e-02
[2022-02-07 17:13:31,944][INFO] [Epoch 138/200] trn/acc1 9.93e-01, trn/loss 7.16e-01, trn/loss_ce 3.00e-02, trn/loss_wd 1.37e+03, trn/lr 1.16e-02
[2022-02-07 17:13:34,852][INFO] [Epoch 139/200] trn/acc1 9.94e-01, trn/loss 6.92e-01, trn/loss_ce 2.61e-02, trn/loss_wd 1.33e+03, trn/lr 1.13e-02
[2022-02-07 17:13:37,644][INFO] [Epoch 140/200] trn/acc1 9.95e-01, trn/loss 6.70e-01, trn/loss_ce 2.34e-02, trn/loss_wd 1.29e+03, trn/lr 1.10e-02
[2022-02-07 17:13:37,714][INFO] [Epoch 140/200] Validation: val/acc1 0.6464, val/loss_ce 1.6550
[2022-02-07 17:13:43,339][INFO] [Epoch 141/200] trn/acc1 9.96e-01, trn/loss 6.48e-01, trn/loss_ce 2.02e-02, trn/loss_wd 1.26e+03, trn/lr 1.06e-02
[2022-02-07 17:13:46,128][INFO] [Epoch 142/200] trn/acc1 9.97e-01, trn/loss 6.25e-01, trn/loss_ce 1.57e-02, trn/loss_wd 1.22e+03, trn/lr 1.03e-02
[2022-02-07 17:13:48,913][INFO] [Epoch 143/200] trn/acc1 9.98e-01, trn/loss 6.04e-01, trn/loss_ce 1.22e-02, trn/loss_wd 1.18e+03, trn/lr 9.98e-03
[2022-02-07 17:13:51,696][INFO] [Epoch 144/200] trn/acc1 9.98e-01, trn/loss 5.86e-01, trn/loss_ce 1.10e-02, trn/loss_wd 1.15e+03, trn/lr 9.66e-03
[2022-02-07 17:13:54,479][INFO] [Epoch 145/200] trn/acc1 9.99e-01, trn/loss 5.69e-01, trn/loss_ce 1.03e-02, trn/loss_wd 1.12e+03, trn/lr 9.35e-03
[2022-02-07 17:13:57,252][INFO] [Epoch 146/200] trn/acc1 9.99e-01, trn/loss 5.52e-01, trn/loss_ce 8.74e-03, trn/loss_wd 1.09e+03, trn/lr 9.03e-03
[2022-02-07 17:14:00,034][INFO] [Epoch 147/200] trn/acc1 9.99e-01, trn/loss 5.37e-01, trn/loss_ce 8.10e-03, trn/loss_wd 1.06e+03, trn/lr 8.73e-03
[2022-02-07 17:14:02,818][INFO] [Epoch 148/200] trn/acc1 9.99e-01, trn/loss 5.23e-01, trn/loss_ce 7.88e-03, trn/loss_wd 1.03e+03, trn/lr 8.42e-03
[2022-02-07 17:14:05,606][INFO] [Epoch 149/200] trn/acc1 9.99e-01, trn/loss 5.10e-01, trn/loss_ce 7.76e-03, trn/loss_wd 1.00e+03, trn/lr 8.12e-03
[2022-02-07 17:14:08,400][INFO] [Epoch 150/200] trn/acc1 9.99e-01, trn/loss 4.97e-01, trn/loss_ce 7.00e-03, trn/loss_wd 9.80e+02, trn/lr 7.83e-03
[2022-02-07 17:14:11,179][INFO] [Epoch 151/200] trn/acc1 9.99e-01, trn/loss 4.86e-01, trn/loss_ce 7.71e-03, trn/loss_wd 9.57e+02, trn/lr 7.54e-03
[2022-02-07 17:14:13,972][INFO] [Epoch 152/200] trn/acc1 9.99e-01, trn/loss 4.75e-01, trn/loss_ce 7.11e-03, trn/loss_wd 9.36e+02, trn/lr 7.25e-03
[2022-02-07 17:14:16,754][INFO] [Epoch 153/200] trn/acc1 1.00e+00, trn/loss 4.65e-01, trn/loss_ce 6.92e-03, trn/loss_wd 9.17e+02, trn/lr 6.97e-03
[2022-02-07 17:14:19,547][INFO] [Epoch 154/200] trn/acc1 1.00e+00, trn/loss 4.56e-01, trn/loss_ce 7.28e-03, trn/loss_wd 8.98e+02, trn/lr 6.69e-03
[2022-02-07 17:14:22,337][INFO] [Epoch 155/200] trn/acc1 1.00e+00, trn/loss 4.47e-01, trn/loss_ce 6.69e-03, trn/loss_wd 8.81e+02, trn/lr 6.42e-03
[2022-02-07 17:14:25,130][INFO] [Epoch 156/200] trn/acc1 9.99e-01, trn/loss 4.40e-01, trn/loss_ce 7.16e-03, trn/loss_wd 8.65e+02, trn/lr 6.15e-03
[2022-02-07 17:14:27,914][INFO] [Epoch 157/200] trn/acc1 1.00e+00, trn/loss 4.32e-01, trn/loss_ce 7.07e-03, trn/loss_wd 8.50e+02, trn/lr 5.89e-03
[2022-02-07 17:14:30,697][INFO] [Epoch 158/200] trn/acc1 9.99e-01, trn/loss 4.25e-01, trn/loss_ce 6.88e-03, trn/loss_wd 8.36e+02, trn/lr 5.64e-03
[2022-02-07 17:14:33,478][INFO] [Epoch 159/200] trn/acc1 1.00e+00, trn/loss 4.18e-01, trn/loss_ce 6.88e-03, trn/loss_wd 8.22e+02, trn/lr 5.38e-03
[2022-02-07 17:14:36,285][INFO] [Epoch 160/200] trn/acc1 9.99e-01, trn/loss 4.12e-01, trn/loss_ce 6.82e-03, trn/loss_wd 8.10e+02, trn/lr 5.14e-03
[2022-02-07 17:14:36,357][INFO] [Epoch 160/200] Validation: val/acc1 0.6850, val/loss_ce 1.3194
[2022-02-07 17:14:41,949][INFO] [Epoch 161/200] trn/acc1 1.00e+00, trn/loss 4.06e-01, trn/loss_ce 6.60e-03, trn/loss_wd 7.98e+02, trn/lr 4.89e-03
[2022-02-07 17:14:44,731][INFO] [Epoch 162/200] trn/acc1 1.00e+00, trn/loss 4.01e-01, trn/loss_ce 6.77e-03, trn/loss_wd 7.88e+02, trn/lr 4.66e-03
[2022-02-07 17:14:47,516][INFO] [Epoch 163/200] trn/acc1 1.00e+00, trn/loss 3.95e-01, trn/loss_ce 6.60e-03, trn/loss_wd 7.77e+02, trn/lr 4.43e-03
[2022-02-07 17:14:50,307][INFO] [Epoch 164/200] trn/acc1 1.00e+00, trn/loss 3.90e-01, trn/loss_ce 6.56e-03, trn/loss_wd 7.68e+02, trn/lr 4.20e-03
[2022-02-07 17:14:53,108][INFO] [Epoch 165/200] trn/acc1 1.00e+00, trn/loss 3.86e-01, trn/loss_ce 6.53e-03, trn/loss_wd 7.59e+02, trn/lr 3.98e-03
[2022-02-07 17:14:55,904][INFO] [Epoch 166/200] trn/acc1 1.00e+00, trn/loss 3.82e-01, trn/loss_ce 6.64e-03, trn/loss_wd 7.51e+02, trn/lr 3.76e-03
[2022-02-07 17:14:58,954][INFO] [Epoch 167/200] trn/acc1 9.99e-01, trn/loss 3.78e-01, trn/loss_ce 6.77e-03, trn/loss_wd 7.43e+02, trn/lr 3.55e-03
[2022-02-07 17:15:01,757][INFO] [Epoch 168/200] trn/acc1 1.00e+00, trn/loss 3.74e-01, trn/loss_ce 6.63e-03, trn/loss_wd 7.36e+02, trn/lr 3.35e-03
[2022-02-07 17:15:04,550][INFO] [Epoch 169/200] trn/acc1 1.00e+00, trn/loss 3.71e-01, trn/loss_ce 6.32e-03, trn/loss_wd 7.29e+02, trn/lr 3.15e-03
[2022-02-07 17:15:07,342][INFO] [Epoch 170/200] trn/acc1 1.00e+00, trn/loss 3.68e-01, trn/loss_ce 6.48e-03, trn/loss_wd 7.23e+02, trn/lr 2.96e-03
[2022-02-07 17:15:10,133][INFO] [Epoch 171/200] trn/acc1 1.00e+00, trn/loss 3.65e-01, trn/loss_ce 6.40e-03, trn/loss_wd 7.17e+02, trn/lr 2.77e-03
[2022-02-07 17:15:12,923][INFO] [Epoch 172/200] trn/acc1 1.00e+00, trn/loss 3.62e-01, trn/loss_ce 6.37e-03, trn/loss_wd 7.12e+02, trn/lr 2.59e-03
[2022-02-07 17:15:15,707][INFO] [Epoch 173/200] trn/acc1 1.00e+00, trn/loss 3.60e-01, trn/loss_ce 6.37e-03, trn/loss_wd 7.07e+02, trn/lr 2.41e-03
[2022-02-07 17:15:18,488][INFO] [Epoch 174/200] trn/acc1 1.00e+00, trn/loss 3.57e-01, trn/loss_ce 6.27e-03, trn/loss_wd 7.02e+02, trn/lr 2.24e-03
[2022-02-07 17:15:21,283][INFO] [Epoch 175/200] trn/acc1 1.00e+00, trn/loss 3.55e-01, trn/loss_ce 6.02e-03, trn/loss_wd 6.98e+02, trn/lr 2.08e-03
[2022-02-07 17:15:24,085][INFO] [Epoch 176/200] trn/acc1 1.00e+00, trn/loss 3.53e-01, trn/loss_ce 6.40e-03, trn/loss_wd 6.94e+02, trn/lr 1.92e-03
[2022-02-07 17:15:26,888][INFO] [Epoch 177/200] trn/acc1 1.00e+00, trn/loss 3.51e-01, trn/loss_ce 6.13e-03, trn/loss_wd 6.90e+02, trn/lr 1.77e-03
[2022-02-07 17:15:29,670][INFO] [Epoch 178/200] trn/acc1 1.00e+00, trn/loss 3.50e-01, trn/loss_ce 6.19e-03, trn/loss_wd 6.87e+02, trn/lr 1.63e-03
[2022-02-07 17:15:32,465][INFO] [Epoch 179/200] trn/acc1 1.00e+00, trn/loss 3.48e-01, trn/loss_ce 6.05e-03, trn/loss_wd 6.84e+02, trn/lr 1.49e-03
[2022-02-07 17:15:35,247][INFO] [Epoch 180/200] trn/acc1 1.00e+00, trn/loss 3.47e-01, trn/loss_ce 6.03e-03, trn/loss_wd 6.82e+02, trn/lr 1.35e-03
[2022-02-07 17:15:35,320][INFO] [Epoch 180/200] Validation: val/acc1 0.6894, val/loss_ce 1.2796
[2022-02-07 17:15:41,420][INFO] [Epoch 181/200] trn/acc1 1.00e+00, trn/loss 3.46e-01, trn/loss_ce 6.26e-03, trn/loss_wd 6.79e+02, trn/lr 1.22e-03
[2022-02-07 17:15:41,491][INFO] [Epoch 181/200] Validation: val/acc1 0.6908, val/loss_ce 1.2757
[2022-02-07 17:15:47,007][INFO] [Epoch 182/200] trn/acc1 1.00e+00, trn/loss 3.45e-01, trn/loss_ce 6.27e-03, trn/loss_wd 6.77e+02, trn/lr 1.10e-03
[2022-02-07 17:15:47,078][INFO] [Epoch 182/200] Validation: val/acc1 0.6910, val/loss_ce 1.2791
[2022-02-07 17:15:51,433][INFO] [Epoch 183/200] trn/acc1 1.00e+00, trn/loss 3.44e-01, trn/loss_ce 6.21e-03, trn/loss_wd 6.75e+02, trn/lr 9.87e-04
[2022-02-07 17:15:51,795][INFO] [Epoch 183/200] Validation: val/acc1 0.6920, val/loss_ce 1.2768
[2022-02-07 17:15:56,588][INFO] [Epoch 184/200] trn/acc1 1.00e+00, trn/loss 3.43e-01, trn/loss_ce 6.02e-03, trn/loss_wd 6.73e+02, trn/lr 8.79e-04
[2022-02-07 17:15:56,706][INFO] [Epoch 184/200] Validation: val/acc1 0.6920, val/loss_ce 1.2768
[2022-02-07 17:16:01,045][INFO] [Epoch 185/200] trn/acc1 1.00e+00, trn/loss 3.42e-01, trn/loss_ce 6.03e-03, trn/loss_wd 6.72e+02, trn/lr 7.76e-04
[2022-02-07 17:16:01,115][INFO] [Epoch 185/200] Validation: val/acc1 0.6912, val/loss_ce 1.2770
[2022-02-07 17:16:05,306][INFO] [Epoch 186/200] trn/acc1 1.00e+00, trn/loss 3.41e-01, trn/loss_ce 6.13e-03, trn/loss_wd 6.70e+02, trn/lr 6.79e-04
[2022-02-07 17:16:05,376][INFO] [Epoch 186/200] Validation: val/acc1 0.6928, val/loss_ce 1.2736
[2022-02-07 17:16:10,998][INFO] [Epoch 187/200] trn/acc1 1.00e+00, trn/loss 3.41e-01, trn/loss_ce 5.89e-03, trn/loss_wd 6.69e+02, trn/lr 5.89e-04
[2022-02-07 17:16:11,068][INFO] [Epoch 187/200] Validation: val/acc1 0.6932, val/loss_ce 1.2732
[2022-02-07 17:16:17,329][INFO] [Epoch 188/200] trn/acc1 1.00e+00, trn/loss 3.40e-01, trn/loss_ce 5.92e-03, trn/loss_wd 6.68e+02, trn/lr 5.06e-04
[2022-02-07 17:16:17,461][INFO] [Epoch 188/200] Validation: val/acc1 0.6920, val/loss_ce 1.2776
[2022-02-07 17:16:21,138][INFO] [Epoch 189/200] trn/acc1 1.00e+00, trn/loss 3.40e-01, trn/loss_ce 6.06e-03, trn/loss_wd 6.67e+02, trn/lr 4.28e-04
[2022-02-07 17:16:21,259][INFO] [Epoch 189/200] Validation: val/acc1 0.6916, val/loss_ce 1.2755
[2022-02-07 17:16:24,938][INFO] [Epoch 190/200] trn/acc1 1.00e+00, trn/loss 3.39e-01, trn/loss_ce 6.00e-03, trn/loss_wd 6.67e+02, trn/lr 3.57e-04
[2022-02-07 17:16:25,051][INFO] [Epoch 190/200] Validation: val/acc1 0.6914, val/loss_ce 1.2792
[2022-02-07 17:16:28,796][INFO] [Epoch 191/200] trn/acc1 1.00e+00, trn/loss 3.39e-01, trn/loss_ce 6.00e-03, trn/loss_wd 6.66e+02, trn/lr 2.93e-04
[2022-02-07 17:16:28,866][INFO] [Epoch 191/200] Validation: val/acc1 0.6924, val/loss_ce 1.2768
[2022-02-07 17:16:32,698][INFO] [Epoch 192/200] trn/acc1 1.00e+00, trn/loss 3.39e-01, trn/loss_ce 5.82e-03, trn/loss_wd 6.66e+02, trn/lr 2.34e-04
[2022-02-07 17:16:33,146][INFO] [Epoch 192/200] Validation: val/acc1 0.6924, val/loss_ce 1.2771
[2022-02-07 17:16:36,846][INFO] [Epoch 193/200] trn/acc1 1.00e+00, trn/loss 3.38e-01, trn/loss_ce 5.86e-03, trn/loss_wd 6.65e+02, trn/lr 1.83e-04
[2022-02-07 17:16:36,950][INFO] [Epoch 193/200] Validation: val/acc1 0.6914, val/loss_ce 1.2780
[2022-02-07 17:16:40,604][INFO] [Epoch 194/200] trn/acc1 1.00e+00, trn/loss 3.38e-01, trn/loss_ce 5.93e-03, trn/loss_wd 6.65e+02, trn/lr 1.37e-04
[2022-02-07 17:16:40,704][INFO] [Epoch 194/200] Validation: val/acc1 0.6922, val/loss_ce 1.2738
[2022-02-07 17:16:44,543][INFO] [Epoch 195/200] trn/acc1 1.00e+00, trn/loss 3.38e-01, trn/loss_ce 6.01e-03, trn/loss_wd 6.65e+02, trn/lr 9.84e-05
[2022-02-07 17:16:44,613][INFO] [Epoch 195/200] Validation: val/acc1 0.6944, val/loss_ce 1.2755
[2022-02-07 17:16:48,936][INFO] [Epoch 196/200] trn/acc1 1.00e+00, trn/loss 3.38e-01, trn/loss_ce 5.93e-03, trn/loss_wd 6.65e+02, trn/lr 6.60e-05
[2022-02-07 17:16:49,006][INFO] [Epoch 196/200] Validation: val/acc1 0.6922, val/loss_ce 1.2741
[2022-02-07 17:16:52,791][INFO] [Epoch 197/200] trn/acc1 1.00e+00, trn/loss 3.38e-01, trn/loss_ce 5.93e-03, trn/loss_wd 6.64e+02, trn/lr 4.00e-05
[2022-02-07 17:16:52,861][INFO] [Epoch 197/200] Validation: val/acc1 0.6912, val/loss_ce 1.2779
[2022-02-07 17:16:56,514][INFO] [Epoch 198/200] trn/acc1 1.00e+00, trn/loss 3.38e-01, trn/loss_ce 5.95e-03, trn/loss_wd 6.64e+02, trn/lr 2.06e-05
[2022-02-07 17:16:56,584][INFO] [Epoch 198/200] Validation: val/acc1 0.6916, val/loss_ce 1.2764
[2022-02-07 17:17:00,449][INFO] [Epoch 199/200] trn/acc1 1.00e+00, trn/loss 3.38e-01, trn/loss_ce 5.99e-03, trn/loss_wd 6.64e+02, trn/lr 7.58e-06
[2022-02-07 17:17:00,529][INFO] [Epoch 199/200] Validation: val/acc1 0.6922, val/loss_ce 1.2761
[2022-02-07 17:17:04,202][INFO] [Epoch 200/200] trn/acc1 1.00e+00, trn/loss 3.38e-01, trn/loss_ce 5.89e-03, trn/loss_wd 6.64e+02, trn/lr 1.09e-06
[2022-02-07 17:17:04,271][INFO] [Epoch 200/200] Validation: val/acc1 0.6934, val/loss_ce 1.2772
