[2022-02-05 12:45:41,647][INFO] Environments:
------------  ---------------------------------------------------------------------------
sys.platform  linux
Python        3.7.11 (default, Nov 23 2021, 05:29:02) [GCC 7.5.0]
JAX           0.2.27 @/mnt/data1/giung/venvs/jax0.2.27/lib/python3.7/site-packages/jax
jaxlib        0.1.75 @/mnt/data1/giung/venvs/jax0.2.27/lib/python3.7/site-packages/jaxlib
Flax          0.4.0 @/mnt/data1/giung/venvs/jax0.2.27/lib/python3.7/site-packages/flax
Optax         0.1.0 @/mnt/data1/giung/venvs/jax0.2.27/lib/python3.7/site-packages/optax
------------  ---------------------------------------------------------------------------

[2022-02-05 12:45:41,647][INFO] Command line arguments:
Namespace(batch_size=128, config_file='./configs/C100_WRN28x10-BN-ReLU_SGD.yaml', keep_every_n_checkpoints=None, learning_rate=0.1, num_epochs=200, num_warmup_epochs=5, opts=[], output_dir='./outputs/C100_WRN28x10-BN-ReLU/SGD/s42_e200_wd5e-4_2GPU/', seed=42, weight_decay=0.0005)

[2022-02-05 12:45:41,648][INFO] Using a random seed 42

[2022-02-05 12:45:41,681][INFO] Unable to initialize backend 'tpu_driver': NOT_FOUND: Unable to find driver in registry given worker: 
[2022-02-05 12:45:42,065][INFO] Unable to initialize backend 'tpu': INVALID_ARGUMENT: TpuPlatform is not available.
[2022-02-05 12:45:49,703][INFO] Found no checkpoint files in outputs/C100_WRN28x10-BN-ReLU/SGD/s42_e200_wd5e-4_2GPU
[2022-02-05 12:46:34,329][INFO] [Epoch   1/200] trn/acc1 8.17e-02, trn/loss 1.14e+01, trn/loss_ce 4.10e+00, trn/loss_wd 1.45e+04, trn/lr 9.97e-03
[2022-02-05 12:46:37,928][INFO] [Epoch   1/200] Validation: val/acc1 0.1342, val/loss_ce 3.7360
[2022-02-05 12:47:22,271][INFO] [Epoch   2/200] trn/acc1 1.93e-01, trn/loss 1.01e+01, trn/loss_ce 3.31e+00, trn/loss_wd 1.36e+04, trn/lr 3.00e-02
[2022-02-05 12:47:52,316][INFO] [Epoch   3/200] trn/acc1 2.90e-01, trn/loss 8.74e+00, trn/loss_ce 2.78e+00, trn/loss_wd 1.19e+04, trn/lr 5.00e-02
[2022-02-05 12:48:22,381][INFO] [Epoch   4/200] trn/acc1 3.62e-01, trn/loss 7.35e+00, trn/loss_ce 2.42e+00, trn/loss_wd 9.87e+03, trn/lr 7.00e-02
[2022-02-05 12:48:52,426][INFO] [Epoch   5/200] trn/acc1 4.20e-01, trn/loss 6.04e+00, trn/loss_ce 2.16e+00, trn/loss_wd 7.77e+03, trn/lr 9.00e-02
[2022-02-05 12:49:22,468][INFO] [Epoch   6/200] trn/acc1 4.63e-01, trn/loss 4.92e+00, trn/loss_ce 1.95e+00, trn/loss_wd 5.94e+03, trn/lr 1.00e-01
[2022-02-05 12:49:52,511][INFO] [Epoch   7/200] trn/acc1 5.06e-01, trn/loss 4.07e+00, trn/loss_ce 1.77e+00, trn/loss_wd 4.60e+03, trn/lr 1.00e-01
[2022-02-05 12:50:22,565][INFO] [Epoch   8/200] trn/acc1 5.37e-01, trn/loss 3.49e+00, trn/loss_ce 1.65e+00, trn/loss_wd 3.67e+03, trn/lr 1.00e-01
[2022-02-05 12:50:52,618][INFO] [Epoch   9/200] trn/acc1 5.60e-01, trn/loss 3.08e+00, trn/loss_ce 1.56e+00, trn/loss_wd 3.04e+03, trn/lr 9.99e-02
[2022-02-05 12:51:22,655][INFO] [Epoch  10/200] trn/acc1 5.82e-01, trn/loss 2.78e+00, trn/loss_ce 1.47e+00, trn/loss_wd 2.61e+03, trn/lr 9.99e-02
[2022-02-05 12:51:52,683][INFO] [Epoch  11/200] trn/acc1 5.96e-01, trn/loss 2.59e+00, trn/loss_ce 1.42e+00, trn/loss_wd 2.34e+03, trn/lr 9.98e-02
[2022-02-05 12:52:22,688][INFO] [Epoch  12/200] trn/acc1 6.09e-01, trn/loss 2.44e+00, trn/loss_ce 1.36e+00, trn/loss_wd 2.16e+03, trn/lr 9.97e-02
[2022-02-05 12:52:52,693][INFO] [Epoch  13/200] trn/acc1 6.19e-01, trn/loss 2.36e+00, trn/loss_ce 1.33e+00, trn/loss_wd 2.06e+03, trn/lr 9.96e-02
[2022-02-05 12:53:22,697][INFO] [Epoch  14/200] trn/acc1 6.31e-01, trn/loss 2.29e+00, trn/loss_ce 1.29e+00, trn/loss_wd 2.00e+03, trn/lr 9.95e-02
[2022-02-05 12:53:52,674][INFO] [Epoch  15/200] trn/acc1 6.39e-01, trn/loss 2.24e+00, trn/loss_ce 1.25e+00, trn/loss_wd 1.98e+03, trn/lr 9.94e-02
[2022-02-05 12:54:22,652][INFO] [Epoch  16/200] trn/acc1 6.45e-01, trn/loss 2.21e+00, trn/loss_ce 1.22e+00, trn/loss_wd 1.97e+03, trn/lr 9.93e-02
[2022-02-05 12:54:52,650][INFO] [Epoch  17/200] trn/acc1 6.54e-01, trn/loss 2.18e+00, trn/loss_ce 1.19e+00, trn/loss_wd 1.98e+03, trn/lr 9.91e-02
[2022-02-05 12:55:22,645][INFO] [Epoch  18/200] trn/acc1 6.62e-01, trn/loss 2.17e+00, trn/loss_ce 1.17e+00, trn/loss_wd 1.99e+03, trn/lr 9.90e-02
[2022-02-05 12:55:52,645][INFO] [Epoch  19/200] trn/acc1 6.71e-01, trn/loss 2.15e+00, trn/loss_ce 1.14e+00, trn/loss_wd 2.02e+03, trn/lr 9.88e-02
[2022-02-05 12:56:22,649][INFO] [Epoch  20/200] trn/acc1 6.74e-01, trn/loss 2.13e+00, trn/loss_ce 1.11e+00, trn/loss_wd 2.04e+03, trn/lr 9.86e-02
[2022-02-05 12:56:23,584][INFO] [Epoch  20/200] Validation: val/acc1 0.5266, val/loss_ce 1.7991
[2022-02-05 12:57:09,128][INFO] [Epoch  21/200] trn/acc1 6.78e-01, trn/loss 2.13e+00, trn/loss_ce 1.10e+00, trn/loss_wd 2.06e+03, trn/lr 9.84e-02
[2022-02-05 12:57:39,178][INFO] [Epoch  22/200] trn/acc1 6.84e-01, trn/loss 2.13e+00, trn/loss_ce 1.09e+00, trn/loss_wd 2.08e+03, trn/lr 9.82e-02
[2022-02-05 12:58:09,225][INFO] [Epoch  23/200] trn/acc1 6.87e-01, trn/loss 2.12e+00, trn/loss_ce 1.07e+00, trn/loss_wd 2.11e+03, trn/lr 9.80e-02
[2022-02-05 12:58:39,267][INFO] [Epoch  24/200] trn/acc1 6.94e-01, trn/loss 2.12e+00, trn/loss_ce 1.05e+00, trn/loss_wd 2.13e+03, trn/lr 9.78e-02
[2022-02-05 12:59:09,319][INFO] [Epoch  25/200] trn/acc1 6.97e-01, trn/loss 2.11e+00, trn/loss_ce 1.03e+00, trn/loss_wd 2.15e+03, trn/lr 9.76e-02
[2022-02-05 12:59:39,372][INFO] [Epoch  26/200] trn/acc1 7.03e-01, trn/loss 2.10e+00, trn/loss_ce 1.02e+00, trn/loss_wd 2.17e+03, trn/lr 9.73e-02
[2022-02-05 13:00:09,412][INFO] [Epoch  27/200] trn/acc1 7.06e-01, trn/loss 2.10e+00, trn/loss_ce 1.00e+00, trn/loss_wd 2.20e+03, trn/lr 9.70e-02
[2022-02-05 13:00:39,451][INFO] [Epoch  28/200] trn/acc1 7.09e-01, trn/loss 2.11e+00, trn/loss_ce 9.93e-01, trn/loss_wd 2.23e+03, trn/lr 9.68e-02
[2022-02-05 13:01:09,475][INFO] [Epoch  29/200] trn/acc1 7.12e-01, trn/loss 2.10e+00, trn/loss_ce 9.79e-01, trn/loss_wd 2.25e+03, trn/lr 9.65e-02
[2022-02-05 13:01:39,520][INFO] [Epoch  30/200] trn/acc1 7.19e-01, trn/loss 2.10e+00, trn/loss_ce 9.62e-01, trn/loss_wd 2.27e+03, trn/lr 9.62e-02
[2022-02-05 13:02:09,547][INFO] [Epoch  31/200] trn/acc1 7.17e-01, trn/loss 2.09e+00, trn/loss_ce 9.53e-01, trn/loss_wd 2.28e+03, trn/lr 9.58e-02
[2022-02-05 13:02:39,559][INFO] [Epoch  32/200] trn/acc1 7.22e-01, trn/loss 2.10e+00, trn/loss_ce 9.44e-01, trn/loss_wd 2.31e+03, trn/lr 9.55e-02
[2022-02-05 13:03:09,579][INFO] [Epoch  33/200] trn/acc1 7.25e-01, trn/loss 2.10e+00, trn/loss_ce 9.41e-01, trn/loss_wd 2.32e+03, trn/lr 9.52e-02
[2022-02-05 13:03:39,608][INFO] [Epoch  34/200] trn/acc1 7.28e-01, trn/loss 2.09e+00, trn/loss_ce 9.20e-01, trn/loss_wd 2.34e+03, trn/lr 9.48e-02
[2022-02-05 13:04:09,634][INFO] [Epoch  35/200] trn/acc1 7.31e-01, trn/loss 2.09e+00, trn/loss_ce 9.14e-01, trn/loss_wd 2.35e+03, trn/lr 9.45e-02
[2022-02-05 13:04:39,678][INFO] [Epoch  36/200] trn/acc1 7.34e-01, trn/loss 2.08e+00, trn/loss_ce 9.03e-01, trn/loss_wd 2.36e+03, trn/lr 9.41e-02
[2022-02-05 13:05:09,731][INFO] [Epoch  37/200] trn/acc1 7.34e-01, trn/loss 2.09e+00, trn/loss_ce 9.02e-01, trn/loss_wd 2.38e+03, trn/lr 9.37e-02
[2022-02-05 13:05:39,790][INFO] [Epoch  38/200] trn/acc1 7.37e-01, trn/loss 2.08e+00, trn/loss_ce 8.88e-01, trn/loss_wd 2.39e+03, trn/lr 9.33e-02
[2022-02-05 13:06:09,885][INFO] [Epoch  39/200] trn/acc1 7.42e-01, trn/loss 2.07e+00, trn/loss_ce 8.74e-01, trn/loss_wd 2.39e+03, trn/lr 9.29e-02
[2022-02-05 13:06:39,955][INFO] [Epoch  40/200] trn/acc1 7.42e-01, trn/loss 2.07e+00, trn/loss_ce 8.69e-01, trn/loss_wd 2.41e+03, trn/lr 9.25e-02
[2022-02-05 13:06:40,892][INFO] [Epoch  40/200] Validation: val/acc1 0.6224, val/loss_ce 1.4006
[2022-02-05 13:07:24,009][INFO] [Epoch  41/200] trn/acc1 7.44e-01, trn/loss 2.07e+00, trn/loss_ce 8.62e-01, trn/loss_wd 2.41e+03, trn/lr 9.20e-02
[2022-02-05 13:07:54,065][INFO] [Epoch  42/200] trn/acc1 7.48e-01, trn/loss 2.06e+00, trn/loss_ce 8.49e-01, trn/loss_wd 2.43e+03, trn/lr 9.16e-02
[2022-02-05 13:08:24,137][INFO] [Epoch  43/200] trn/acc1 7.52e-01, trn/loss 2.06e+00, trn/loss_ce 8.45e-01, trn/loss_wd 2.44e+03, trn/lr 9.11e-02
[2022-02-05 13:08:54,200][INFO] [Epoch  44/200] trn/acc1 7.48e-01, trn/loss 2.06e+00, trn/loss_ce 8.41e-01, trn/loss_wd 2.44e+03, trn/lr 9.07e-02
[2022-02-05 13:09:24,258][INFO] [Epoch  45/200] trn/acc1 7.54e-01, trn/loss 2.05e+00, trn/loss_ce 8.27e-01, trn/loss_wd 2.45e+03, trn/lr 9.02e-02
[2022-02-05 13:09:54,320][INFO] [Epoch  46/200] trn/acc1 7.57e-01, trn/loss 2.05e+00, trn/loss_ce 8.17e-01, trn/loss_wd 2.46e+03, trn/lr 8.97e-02
[2022-02-05 13:10:24,354][INFO] [Epoch  47/200] trn/acc1 7.58e-01, trn/loss 2.05e+00, trn/loss_ce 8.16e-01, trn/loss_wd 2.46e+03, trn/lr 8.92e-02
[2022-02-05 13:10:54,383][INFO] [Epoch  48/200] trn/acc1 7.59e-01, trn/loss 2.04e+00, trn/loss_ce 8.09e-01, trn/loss_wd 2.47e+03, trn/lr 8.87e-02
[2022-02-05 13:11:24,404][INFO] [Epoch  49/200] trn/acc1 7.66e-01, trn/loss 2.03e+00, trn/loss_ce 7.89e-01, trn/loss_wd 2.47e+03, trn/lr 8.82e-02
[2022-02-05 13:11:54,422][INFO] [Epoch  50/200] trn/acc1 7.63e-01, trn/loss 2.03e+00, trn/loss_ce 7.90e-01, trn/loss_wd 2.47e+03, trn/lr 8.77e-02
[2022-02-05 13:12:24,442][INFO] [Epoch  51/200] trn/acc1 7.66e-01, trn/loss 2.04e+00, trn/loss_ce 7.90e-01, trn/loss_wd 2.49e+03, trn/lr 8.72e-02
[2022-02-05 13:12:54,462][INFO] [Epoch  52/200] trn/acc1 7.67e-01, trn/loss 2.03e+00, trn/loss_ce 7.77e-01, trn/loss_wd 2.50e+03, trn/lr 8.66e-02
[2022-02-05 13:13:24,499][INFO] [Epoch  53/200] trn/acc1 7.73e-01, trn/loss 2.01e+00, trn/loss_ce 7.62e-01, trn/loss_wd 2.50e+03, trn/lr 8.61e-02
[2022-02-05 13:13:54,537][INFO] [Epoch  54/200] trn/acc1 7.72e-01, trn/loss 2.01e+00, trn/loss_ce 7.55e-01, trn/loss_wd 2.50e+03, trn/lr 8.55e-02
[2022-02-05 13:14:24,583][INFO] [Epoch  55/200] trn/acc1 7.76e-01, trn/loss 2.01e+00, trn/loss_ce 7.53e-01, trn/loss_wd 2.51e+03, trn/lr 8.49e-02
[2022-02-05 13:14:54,658][INFO] [Epoch  56/200] trn/acc1 7.76e-01, trn/loss 2.01e+00, trn/loss_ce 7.51e-01, trn/loss_wd 2.52e+03, trn/lr 8.43e-02
[2022-02-05 13:15:24,721][INFO] [Epoch  57/200] trn/acc1 7.78e-01, trn/loss 2.00e+00, trn/loss_ce 7.44e-01, trn/loss_wd 2.52e+03, trn/lr 8.38e-02
[2022-02-05 13:15:54,781][INFO] [Epoch  58/200] trn/acc1 7.83e-01, trn/loss 1.98e+00, trn/loss_ce 7.22e-01, trn/loss_wd 2.52e+03, trn/lr 8.32e-02
[2022-02-05 13:16:24,843][INFO] [Epoch  59/200] trn/acc1 7.82e-01, trn/loss 1.99e+00, trn/loss_ce 7.27e-01, trn/loss_wd 2.53e+03, trn/lr 8.25e-02
[2022-02-05 13:16:54,917][INFO] [Epoch  60/200] trn/acc1 7.85e-01, trn/loss 1.98e+00, trn/loss_ce 7.16e-01, trn/loss_wd 2.52e+03, trn/lr 8.19e-02
[2022-02-05 13:16:55,854][INFO] [Epoch  60/200] Validation: val/acc1 0.5854, val/loss_ce 1.7618
[2022-02-05 13:17:29,093][INFO] [Epoch  61/200] trn/acc1 7.88e-01, trn/loss 1.97e+00, trn/loss_ce 7.07e-01, trn/loss_wd 2.53e+03, trn/lr 8.13e-02
[2022-02-05 13:17:59,146][INFO] [Epoch  62/200] trn/acc1 7.90e-01, trn/loss 1.97e+00, trn/loss_ce 7.01e-01, trn/loss_wd 2.54e+03, trn/lr 8.07e-02
[2022-02-05 13:18:29,186][INFO] [Epoch  63/200] trn/acc1 7.95e-01, trn/loss 1.95e+00, trn/loss_ce 6.79e-01, trn/loss_wd 2.54e+03, trn/lr 8.00e-02
[2022-02-05 13:18:59,222][INFO] [Epoch  64/200] trn/acc1 7.91e-01, trn/loss 1.97e+00, trn/loss_ce 6.96e-01, trn/loss_wd 2.54e+03, trn/lr 7.94e-02
[2022-02-05 13:19:29,269][INFO] [Epoch  65/200] trn/acc1 7.97e-01, trn/loss 1.95e+00, trn/loss_ce 6.76e-01, trn/loss_wd 2.54e+03, trn/lr 7.87e-02
[2022-02-05 13:19:59,294][INFO] [Epoch  66/200] trn/acc1 8.01e-01, trn/loss 1.94e+00, trn/loss_ce 6.66e-01, trn/loss_wd 2.54e+03, trn/lr 7.81e-02
[2022-02-05 13:20:29,305][INFO] [Epoch  67/200] trn/acc1 8.00e-01, trn/loss 1.93e+00, trn/loss_ce 6.61e-01, trn/loss_wd 2.54e+03, trn/lr 7.74e-02
[2022-02-05 13:20:59,312][INFO] [Epoch  68/200] trn/acc1 8.03e-01, trn/loss 1.92e+00, trn/loss_ce 6.53e-01, trn/loss_wd 2.54e+03, trn/lr 7.67e-02
[2022-02-05 13:21:29,337][INFO] [Epoch  69/200] trn/acc1 8.04e-01, trn/loss 1.92e+00, trn/loss_ce 6.49e-01, trn/loss_wd 2.54e+03, trn/lr 7.60e-02
[2022-02-05 13:21:59,377][INFO] [Epoch  70/200] trn/acc1 8.07e-01, trn/loss 1.90e+00, trn/loss_ce 6.32e-01, trn/loss_wd 2.54e+03, trn/lr 7.53e-02
[2022-02-05 13:22:29,421][INFO] [Epoch  71/200] trn/acc1 8.09e-01, trn/loss 1.90e+00, trn/loss_ce 6.32e-01, trn/loss_wd 2.54e+03, trn/lr 7.47e-02
[2022-02-05 13:22:59,465][INFO] [Epoch  72/200] trn/acc1 8.13e-01, trn/loss 1.89e+00, trn/loss_ce 6.19e-01, trn/loss_wd 2.53e+03, trn/lr 7.39e-02
[2022-02-05 13:23:29,488][INFO] [Epoch  73/200] trn/acc1 8.16e-01, trn/loss 1.87e+00, trn/loss_ce 6.09e-01, trn/loss_wd 2.53e+03, trn/lr 7.32e-02
[2022-02-05 13:23:59,497][INFO] [Epoch  74/200] trn/acc1 8.15e-01, trn/loss 1.87e+00, trn/loss_ce 6.09e-01, trn/loss_wd 2.53e+03, trn/lr 7.25e-02
[2022-02-05 13:24:29,514][INFO] [Epoch  75/200] trn/acc1 8.17e-01, trn/loss 1.86e+00, trn/loss_ce 5.97e-01, trn/loss_wd 2.53e+03, trn/lr 7.18e-02
[2022-02-05 13:24:59,536][INFO] [Epoch  76/200] trn/acc1 8.21e-01, trn/loss 1.85e+00, trn/loss_ce 5.89e-01, trn/loss_wd 2.53e+03, trn/lr 7.11e-02
[2022-02-05 13:25:29,558][INFO] [Epoch  77/200] trn/acc1 8.23e-01, trn/loss 1.85e+00, trn/loss_ce 5.84e-01, trn/loss_wd 2.52e+03, trn/lr 7.03e-02
[2022-02-05 13:25:59,597][INFO] [Epoch  78/200] trn/acc1 8.28e-01, trn/loss 1.83e+00, trn/loss_ce 5.70e-01, trn/loss_wd 2.52e+03, trn/lr 6.96e-02
[2022-02-05 13:26:29,629][INFO] [Epoch  79/200] trn/acc1 8.28e-01, trn/loss 1.83e+00, trn/loss_ce 5.70e-01, trn/loss_wd 2.51e+03, trn/lr 6.89e-02
[2022-02-05 13:26:59,669][INFO] [Epoch  80/200] trn/acc1 8.31e-01, trn/loss 1.82e+00, trn/loss_ce 5.61e-01, trn/loss_wd 2.52e+03, trn/lr 6.81e-02
[2022-02-05 13:27:00,603][INFO] [Epoch  80/200] Validation: val/acc1 0.5900, val/loss_ce 1.6860
[2022-02-05 13:27:33,670][INFO] [Epoch  81/200] trn/acc1 8.34e-01, trn/loss 1.80e+00, trn/loss_ce 5.45e-01, trn/loss_wd 2.51e+03, trn/lr 6.74e-02
[2022-02-05 13:28:03,716][INFO] [Epoch  82/200] trn/acc1 8.34e-01, trn/loss 1.80e+00, trn/loss_ce 5.43e-01, trn/loss_wd 2.51e+03, trn/lr 6.66e-02
[2022-02-05 13:28:33,753][INFO] [Epoch  83/200] trn/acc1 8.33e-01, trn/loss 1.80e+00, trn/loss_ce 5.42e-01, trn/loss_wd 2.51e+03, trn/lr 6.58e-02
[2022-02-05 13:29:03,801][INFO] [Epoch  84/200] trn/acc1 8.43e-01, trn/loss 1.76e+00, trn/loss_ce 5.11e-01, trn/loss_wd 2.50e+03, trn/lr 6.51e-02
[2022-02-05 13:29:33,842][INFO] [Epoch  85/200] trn/acc1 8.45e-01, trn/loss 1.76e+00, trn/loss_ce 5.12e-01, trn/loss_wd 2.49e+03, trn/lr 6.43e-02
[2022-02-05 13:30:03,893][INFO] [Epoch  86/200] trn/acc1 8.42e-01, trn/loss 1.76e+00, trn/loss_ce 5.18e-01, trn/loss_wd 2.49e+03, trn/lr 6.35e-02
[2022-02-05 13:30:33,923][INFO] [Epoch  87/200] trn/acc1 8.49e-01, trn/loss 1.73e+00, trn/loss_ce 4.93e-01, trn/loss_wd 2.48e+03, trn/lr 6.27e-02
[2022-02-05 13:31:03,943][INFO] [Epoch  88/200] trn/acc1 8.51e-01, trn/loss 1.72e+00, trn/loss_ce 4.87e-01, trn/loss_wd 2.48e+03, trn/lr 6.20e-02
[2022-02-05 13:31:33,974][INFO] [Epoch  89/200] trn/acc1 8.54e-01, trn/loss 1.71e+00, trn/loss_ce 4.80e-01, trn/loss_wd 2.46e+03, trn/lr 6.12e-02
[2022-02-05 13:32:04,002][INFO] [Epoch  90/200] trn/acc1 8.56e-01, trn/loss 1.71e+00, trn/loss_ce 4.77e-01, trn/loss_wd 2.46e+03, trn/lr 6.04e-02
[2022-02-05 13:32:34,030][INFO] [Epoch  91/200] trn/acc1 8.59e-01, trn/loss 1.69e+00, trn/loss_ce 4.61e-01, trn/loss_wd 2.45e+03, trn/lr 5.96e-02
[2022-02-05 13:33:04,076][INFO] [Epoch  92/200] trn/acc1 8.60e-01, trn/loss 1.68e+00, trn/loss_ce 4.59e-01, trn/loss_wd 2.44e+03, trn/lr 5.88e-02
[2022-02-05 13:33:34,106][INFO] [Epoch  93/200] trn/acc1 8.67e-01, trn/loss 1.65e+00, trn/loss_ce 4.37e-01, trn/loss_wd 2.43e+03, trn/lr 5.80e-02
[2022-02-05 13:34:04,130][INFO] [Epoch  94/200] trn/acc1 8.67e-01, trn/loss 1.65e+00, trn/loss_ce 4.37e-01, trn/loss_wd 2.42e+03, trn/lr 5.72e-02
[2022-02-05 13:34:34,161][INFO] [Epoch  95/200] trn/acc1 8.68e-01, trn/loss 1.64e+00, trn/loss_ce 4.32e-01, trn/loss_wd 2.42e+03, trn/lr 5.64e-02
[2022-02-05 13:35:04,208][INFO] [Epoch  96/200] trn/acc1 8.73e-01, trn/loss 1.63e+00, trn/loss_ce 4.20e-01, trn/loss_wd 2.41e+03, trn/lr 5.56e-02
[2022-02-05 13:35:34,240][INFO] [Epoch  97/200] trn/acc1 8.76e-01, trn/loss 1.61e+00, trn/loss_ce 4.08e-01, trn/loss_wd 2.40e+03, trn/lr 5.48e-02
[2022-02-05 13:36:04,275][INFO] [Epoch  98/200] trn/acc1 8.81e-01, trn/loss 1.58e+00, trn/loss_ce 3.94e-01, trn/loss_wd 2.38e+03, trn/lr 5.40e-02
[2022-02-05 13:36:34,299][INFO] [Epoch  99/200] trn/acc1 8.80e-01, trn/loss 1.58e+00, trn/loss_ce 3.96e-01, trn/loss_wd 2.36e+03, trn/lr 5.32e-02
[2022-02-05 13:37:04,325][INFO] [Epoch 100/200] trn/acc1 8.83e-01, trn/loss 1.56e+00, trn/loss_ce 3.83e-01, trn/loss_wd 2.35e+03, trn/lr 5.24e-02
[2022-02-05 13:37:05,259][INFO] [Epoch 100/200] Validation: val/acc1 0.6590, val/loss_ce 1.4050
[2022-02-05 13:37:43,842][INFO] [Epoch 101/200] trn/acc1 8.85e-01, trn/loss 1.55e+00, trn/loss_ce 3.78e-01, trn/loss_wd 2.34e+03, trn/lr 5.16e-02
[2022-02-05 13:38:13,872][INFO] [Epoch 102/200] trn/acc1 8.87e-01, trn/loss 1.54e+00, trn/loss_ce 3.71e-01, trn/loss_wd 2.33e+03, trn/lr 5.08e-02
[2022-02-05 13:38:43,898][INFO] [Epoch 103/200] trn/acc1 8.88e-01, trn/loss 1.52e+00, trn/loss_ce 3.68e-01, trn/loss_wd 2.31e+03, trn/lr 5.00e-02
[2022-02-05 13:39:13,928][INFO] [Epoch 104/200] trn/acc1 8.97e-01, trn/loss 1.49e+00, trn/loss_ce 3.45e-01, trn/loss_wd 2.30e+03, trn/lr 4.92e-02
[2022-02-05 13:39:43,956][INFO] [Epoch 105/200] trn/acc1 8.98e-01, trn/loss 1.47e+00, trn/loss_ce 3.36e-01, trn/loss_wd 2.27e+03, trn/lr 4.84e-02
[2022-02-05 13:40:14,050][INFO] [Epoch 106/200] trn/acc1 8.97e-01, trn/loss 1.47e+00, trn/loss_ce 3.39e-01, trn/loss_wd 2.26e+03, trn/lr 4.76e-02
[2022-02-05 13:40:44,075][INFO] [Epoch 107/200] trn/acc1 9.02e-01, trn/loss 1.45e+00, trn/loss_ce 3.25e-01, trn/loss_wd 2.24e+03, trn/lr 4.68e-02
[2022-02-05 13:41:14,097][INFO] [Epoch 108/200] trn/acc1 9.05e-01, trn/loss 1.43e+00, trn/loss_ce 3.12e-01, trn/loss_wd 2.23e+03, trn/lr 4.60e-02
[2022-02-05 13:41:44,105][INFO] [Epoch 109/200] trn/acc1 9.05e-01, trn/loss 1.42e+00, trn/loss_ce 3.16e-01, trn/loss_wd 2.21e+03, trn/lr 4.52e-02
[2022-02-05 13:42:14,118][INFO] [Epoch 110/200] trn/acc1 9.11e-01, trn/loss 1.39e+00, trn/loss_ce 2.98e-01, trn/loss_wd 2.19e+03, trn/lr 4.44e-02
[2022-02-05 13:42:44,138][INFO] [Epoch 111/200] trn/acc1 9.13e-01, trn/loss 1.37e+00, trn/loss_ce 2.90e-01, trn/loss_wd 2.17e+03, trn/lr 4.36e-02
[2022-02-05 13:43:14,175][INFO] [Epoch 112/200] trn/acc1 9.18e-01, trn/loss 1.35e+00, trn/loss_ce 2.77e-01, trn/loss_wd 2.15e+03, trn/lr 4.28e-02
[2022-02-05 13:43:44,213][INFO] [Epoch 113/200] trn/acc1 9.19e-01, trn/loss 1.33e+00, trn/loss_ce 2.72e-01, trn/loss_wd 2.12e+03, trn/lr 4.20e-02
[2022-02-05 13:44:14,258][INFO] [Epoch 114/200] trn/acc1 9.20e-01, trn/loss 1.32e+00, trn/loss_ce 2.68e-01, trn/loss_wd 2.10e+03, trn/lr 4.12e-02
[2022-02-05 13:44:44,296][INFO] [Epoch 115/200] trn/acc1 9.19e-01, trn/loss 1.32e+00, trn/loss_ce 2.73e-01, trn/loss_wd 2.09e+03, trn/lr 4.04e-02
[2022-02-05 13:45:14,333][INFO] [Epoch 116/200] trn/acc1 9.23e-01, trn/loss 1.29e+00, trn/loss_ce 2.57e-01, trn/loss_wd 2.07e+03, trn/lr 3.96e-02
[2022-02-05 13:45:44,359][INFO] [Epoch 117/200] trn/acc1 9.25e-01, trn/loss 1.28e+00, trn/loss_ce 2.52e-01, trn/loss_wd 2.05e+03, trn/lr 3.88e-02
[2022-02-05 13:46:14,393][INFO] [Epoch 118/200] trn/acc1 9.30e-01, trn/loss 1.25e+00, trn/loss_ce 2.37e-01, trn/loss_wd 2.03e+03, trn/lr 3.80e-02
[2022-02-05 13:46:44,413][INFO] [Epoch 119/200] trn/acc1 9.37e-01, trn/loss 1.22e+00, trn/loss_ce 2.17e-01, trn/loss_wd 2.00e+03, trn/lr 3.73e-02
[2022-02-05 13:47:14,413][INFO] [Epoch 120/200] trn/acc1 9.41e-01, trn/loss 1.18e+00, trn/loss_ce 2.02e-01, trn/loss_wd 1.96e+03, trn/lr 3.65e-02
[2022-02-05 13:47:15,347][INFO] [Epoch 120/200] Validation: val/acc1 0.6714, val/loss_ce 1.4357
[2022-02-05 13:47:55,099][INFO] [Epoch 121/200] trn/acc1 9.40e-01, trn/loss 1.17e+00, trn/loss_ce 2.11e-01, trn/loss_wd 1.93e+03, trn/lr 3.57e-02
[2022-02-05 13:48:25,123][INFO] [Epoch 122/200] trn/acc1 9.40e-01, trn/loss 1.16e+00, trn/loss_ce 2.10e-01, trn/loss_wd 1.91e+03, trn/lr 3.49e-02
[2022-02-05 13:48:55,140][INFO] [Epoch 123/200] trn/acc1 9.42e-01, trn/loss 1.15e+00, trn/loss_ce 2.03e-01, trn/loss_wd 1.88e+03, trn/lr 3.42e-02
[2022-02-05 13:49:25,172][INFO] [Epoch 124/200] trn/acc1 9.47e-01, trn/loss 1.11e+00, trn/loss_ce 1.86e-01, trn/loss_wd 1.85e+03, trn/lr 3.34e-02
[2022-02-05 13:49:55,212][INFO] [Epoch 125/200] trn/acc1 9.47e-01, trn/loss 1.10e+00, trn/loss_ce 1.86e-01, trn/loss_wd 1.83e+03, trn/lr 3.26e-02
[2022-02-05 13:50:25,251][INFO] [Epoch 126/200] trn/acc1 9.51e-01, trn/loss 1.08e+00, trn/loss_ce 1.73e-01, trn/loss_wd 1.80e+03, trn/lr 3.19e-02
[2022-02-05 13:50:55,253][INFO] [Epoch 127/200] trn/acc1 9.50e-01, trn/loss 1.06e+00, trn/loss_ce 1.75e-01, trn/loss_wd 1.77e+03, trn/lr 3.11e-02
[2022-02-05 13:51:25,279][INFO] [Epoch 128/200] trn/acc1 9.53e-01, trn/loss 1.04e+00, trn/loss_ce 1.67e-01, trn/loss_wd 1.75e+03, trn/lr 3.04e-02
[2022-02-05 13:51:55,294][INFO] [Epoch 129/200] trn/acc1 9.55e-01, trn/loss 1.03e+00, trn/loss_ce 1.64e-01, trn/loss_wd 1.73e+03, trn/lr 2.97e-02
[2022-02-05 13:52:25,327][INFO] [Epoch 130/200] trn/acc1 9.59e-01, trn/loss 9.95e-01, trn/loss_ce 1.47e-01, trn/loss_wd 1.70e+03, trn/lr 2.89e-02
[2022-02-05 13:52:55,361][INFO] [Epoch 131/200] trn/acc1 9.63e-01, trn/loss 9.69e-01, trn/loss_ce 1.38e-01, trn/loss_wd 1.66e+03, trn/lr 2.82e-02
[2022-02-05 13:53:25,427][INFO] [Epoch 132/200] trn/acc1 9.64e-01, trn/loss 9.49e-01, trn/loss_ce 1.34e-01, trn/loss_wd 1.63e+03, trn/lr 2.75e-02
[2022-02-05 13:53:55,453][INFO] [Epoch 133/200] trn/acc1 9.62e-01, trn/loss 9.40e-01, trn/loss_ce 1.39e-01, trn/loss_wd 1.60e+03, trn/lr 2.68e-02
[2022-02-05 13:54:25,484][INFO] [Epoch 134/200] trn/acc1 9.63e-01, trn/loss 9.24e-01, trn/loss_ce 1.33e-01, trn/loss_wd 1.58e+03, trn/lr 2.61e-02
[2022-02-05 13:54:55,506][INFO] [Epoch 135/200] trn/acc1 9.71e-01, trn/loss 8.84e-01, trn/loss_ce 1.11e-01, trn/loss_wd 1.55e+03, trn/lr 2.54e-02
[2022-02-05 13:55:25,527][INFO] [Epoch 136/200] trn/acc1 9.75e-01, trn/loss 8.53e-01, trn/loss_ce 1.00e-01, trn/loss_wd 1.50e+03, trn/lr 2.47e-02
[2022-02-05 13:55:55,540][INFO] [Epoch 137/200] trn/acc1 9.68e-01, trn/loss 8.54e-01, trn/loss_ce 1.17e-01, trn/loss_wd 1.47e+03, trn/lr 2.40e-02
[2022-02-05 13:56:25,548][INFO] [Epoch 138/200] trn/acc1 9.74e-01, trn/loss 8.28e-01, trn/loss_ce 1.03e-01, trn/loss_wd 1.45e+03, trn/lr 2.33e-02
[2022-02-05 13:56:55,552][INFO] [Epoch 139/200] trn/acc1 9.75e-01, trn/loss 8.04e-01, trn/loss_ce 9.53e-02, trn/loss_wd 1.42e+03, trn/lr 2.26e-02
[2022-02-05 13:57:25,564][INFO] [Epoch 140/200] trn/acc1 9.76e-01, trn/loss 7.90e-01, trn/loss_ce 9.54e-02, trn/loss_wd 1.39e+03, trn/lr 2.19e-02
[2022-02-05 13:57:26,501][INFO] [Epoch 140/200] Validation: val/acc1 0.7134, val/loss_ce 1.2455
[2022-02-05 13:58:10,302][INFO] [Epoch 141/200] trn/acc1 9.83e-01, trn/loss 7.50e-01, trn/loss_ce 7.27e-02, trn/loss_wd 1.36e+03, trn/lr 2.13e-02
[2022-02-05 13:58:40,303][INFO] [Epoch 142/200] trn/acc1 9.85e-01, trn/loss 7.23e-01, trn/loss_ce 6.61e-02, trn/loss_wd 1.31e+03, trn/lr 2.06e-02
[2022-02-05 13:59:10,313][INFO] [Epoch 143/200] trn/acc1 9.83e-01, trn/loss 7.09e-01, trn/loss_ce 7.14e-02, trn/loss_wd 1.28e+03, trn/lr 2.00e-02
[2022-02-05 13:59:40,362][INFO] [Epoch 144/200] trn/acc1 9.86e-01, trn/loss 6.85e-01, trn/loss_ce 6.21e-02, trn/loss_wd 1.25e+03, trn/lr 1.93e-02
[2022-02-05 14:00:10,385][INFO] [Epoch 145/200] trn/acc1 9.89e-01, trn/loss 6.56e-01, trn/loss_ce 5.23e-02, trn/loss_wd 1.21e+03, trn/lr 1.87e-02
[2022-02-05 14:00:40,390][INFO] [Epoch 146/200] trn/acc1 9.88e-01, trn/loss 6.41e-01, trn/loss_ce 5.53e-02, trn/loss_wd 1.17e+03, trn/lr 1.81e-02
[2022-02-05 14:01:10,416][INFO] [Epoch 147/200] trn/acc1 9.90e-01, trn/loss 6.21e-01, trn/loss_ce 5.01e-02, trn/loss_wd 1.14e+03, trn/lr 1.75e-02
[2022-02-05 14:01:40,454][INFO] [Epoch 148/200] trn/acc1 9.91e-01, trn/loss 5.99e-01, trn/loss_ce 4.44e-02, trn/loss_wd 1.11e+03, trn/lr 1.68e-02
[2022-02-05 14:02:10,479][INFO] [Epoch 149/200] trn/acc1 9.91e-01, trn/loss 5.84e-01, trn/loss_ce 4.55e-02, trn/loss_wd 1.08e+03, trn/lr 1.62e-02
[2022-02-05 14:02:40,523][INFO] [Epoch 150/200] trn/acc1 9.91e-01, trn/loss 5.68e-01, trn/loss_ce 4.42e-02, trn/loss_wd 1.05e+03, trn/lr 1.57e-02
[2022-02-05 14:03:10,570][INFO] [Epoch 151/200] trn/acc1 9.93e-01, trn/loss 5.51e-01, trn/loss_ce 4.01e-02, trn/loss_wd 1.02e+03, trn/lr 1.51e-02
[2022-02-05 14:03:40,604][INFO] [Epoch 152/200] trn/acc1 9.93e-01, trn/loss 5.36e-01, trn/loss_ce 3.84e-02, trn/loss_wd 9.95e+02, trn/lr 1.45e-02
[2022-02-05 14:04:10,623][INFO] [Epoch 153/200] trn/acc1 9.96e-01, trn/loss 5.09e-01, trn/loss_ce 2.59e-02, trn/loss_wd 9.67e+02, trn/lr 1.39e-02
[2022-02-05 14:04:40,649][INFO] [Epoch 154/200] trn/acc1 9.95e-01, trn/loss 4.97e-01, trn/loss_ce 2.84e-02, trn/loss_wd 9.38e+02, trn/lr 1.34e-02
[2022-02-05 14:05:10,666][INFO] [Epoch 155/200] trn/acc1 9.97e-01, trn/loss 4.78e-01, trn/loss_ce 2.21e-02, trn/loss_wd 9.11e+02, trn/lr 1.28e-02
[2022-02-05 14:05:40,697][INFO] [Epoch 156/200] trn/acc1 9.99e-01, trn/loss 4.55e-01, trn/loss_ce 1.39e-02, trn/loss_wd 8.81e+02, trn/lr 1.23e-02
[2022-02-05 14:06:10,714][INFO] [Epoch 157/200] trn/acc1 9.99e-01, trn/loss 4.37e-01, trn/loss_ce 1.14e-02, trn/loss_wd 8.51e+02, trn/lr 1.18e-02
[2022-02-05 14:06:40,756][INFO] [Epoch 158/200] trn/acc1 9.99e-01, trn/loss 4.20e-01, trn/loss_ce 8.66e-03, trn/loss_wd 8.23e+02, trn/lr 1.13e-02
[2022-02-05 14:07:10,788][INFO] [Epoch 159/200] trn/acc1 1.00e+00, trn/loss 4.05e-01, trn/loss_ce 7.32e-03, trn/loss_wd 7.96e+02, trn/lr 1.08e-02
[2022-02-05 14:07:40,823][INFO] [Epoch 160/200] trn/acc1 9.99e-01, trn/loss 3.92e-01, trn/loss_ce 7.28e-03, trn/loss_wd 7.70e+02, trn/lr 1.03e-02
[2022-02-05 14:07:41,759][INFO] [Epoch 160/200] Validation: val/acc1 0.7886, val/loss_ce 0.8671
[2022-02-05 14:08:25,188][INFO] [Epoch 161/200] trn/acc1 9.99e-01, trn/loss 3.81e-01, trn/loss_ce 7.78e-03, trn/loss_wd 7.47e+02, trn/lr 9.79e-03
[2022-02-05 14:08:55,214][INFO] [Epoch 162/200] trn/acc1 9.99e-01, trn/loss 3.71e-01, trn/loss_ce 8.06e-03, trn/loss_wd 7.26e+02, trn/lr 9.31e-03
[2022-02-05 14:09:25,210][INFO] [Epoch 163/200] trn/acc1 1.00e+00, trn/loss 3.60e-01, trn/loss_ce 7.24e-03, trn/loss_wd 7.06e+02, trn/lr 8.85e-03
[2022-02-05 14:09:55,213][INFO] [Epoch 164/200] trn/acc1 1.00e+00, trn/loss 3.51e-01, trn/loss_ce 6.87e-03, trn/loss_wd 6.88e+02, trn/lr 8.40e-03
[2022-02-05 14:10:25,186][INFO] [Epoch 165/200] trn/acc1 1.00e+00, trn/loss 3.42e-01, trn/loss_ce 6.78e-03, trn/loss_wd 6.71e+02, trn/lr 7.96e-03
[2022-02-05 14:10:55,179][INFO] [Epoch 166/200] trn/acc1 1.00e+00, trn/loss 3.35e-01, trn/loss_ce 7.01e-03, trn/loss_wd 6.56e+02, trn/lr 7.53e-03
[2022-02-05 14:11:25,153][INFO] [Epoch 167/200] trn/acc1 1.00e+00, trn/loss 3.28e-01, trn/loss_ce 6.84e-03, trn/loss_wd 6.42e+02, trn/lr 7.11e-03
[2022-02-05 14:11:55,140][INFO] [Epoch 168/200] trn/acc1 1.00e+00, trn/loss 3.21e-01, trn/loss_ce 6.53e-03, trn/loss_wd 6.29e+02, trn/lr 6.70e-03
[2022-02-05 14:12:25,099][INFO] [Epoch 169/200] trn/acc1 1.00e+00, trn/loss 3.15e-01, trn/loss_ce 6.88e-03, trn/loss_wd 6.17e+02, trn/lr 6.30e-03
[2022-02-05 14:12:55,076][INFO] [Epoch 170/200] trn/acc1 1.00e+00, trn/loss 3.10e-01, trn/loss_ce 6.71e-03, trn/loss_wd 6.06e+02, trn/lr 5.92e-03
[2022-02-05 14:13:25,057][INFO] [Epoch 171/200] trn/acc1 1.00e+00, trn/loss 3.05e-01, trn/loss_ce 6.86e-03, trn/loss_wd 5.96e+02, trn/lr 5.54e-03
[2022-02-05 14:13:55,120][INFO] [Epoch 172/200] trn/acc1 1.00e+00, trn/loss 3.00e-01, trn/loss_ce 7.08e-03, trn/loss_wd 5.86e+02, trn/lr 5.18e-03
[2022-02-05 14:14:25,076][INFO] [Epoch 173/200] trn/acc1 1.00e+00, trn/loss 2.96e-01, trn/loss_ce 7.15e-03, trn/loss_wd 5.78e+02, trn/lr 4.83e-03
[2022-02-05 14:14:55,051][INFO] [Epoch 174/200] trn/acc1 1.00e+00, trn/loss 2.92e-01, trn/loss_ce 6.89e-03, trn/loss_wd 5.70e+02, trn/lr 4.49e-03
[2022-02-05 14:15:25,003][INFO] [Epoch 175/200] trn/acc1 1.00e+00, trn/loss 2.88e-01, trn/loss_ce 6.66e-03, trn/loss_wd 5.63e+02, trn/lr 4.16e-03
[2022-02-05 14:15:54,967][INFO] [Epoch 176/200] trn/acc1 1.00e+00, trn/loss 2.85e-01, trn/loss_ce 6.72e-03, trn/loss_wd 5.57e+02, trn/lr 3.85e-03
[2022-02-05 14:16:24,929][INFO] [Epoch 177/200] trn/acc1 1.00e+00, trn/loss 2.82e-01, trn/loss_ce 6.65e-03, trn/loss_wd 5.51e+02, trn/lr 3.54e-03
[2022-02-05 14:16:54,903][INFO] [Epoch 178/200] trn/acc1 1.00e+00, trn/loss 2.79e-01, trn/loss_ce 6.70e-03, trn/loss_wd 5.45e+02, trn/lr 3.25e-03
[2022-02-05 14:17:24,879][INFO] [Epoch 179/200] trn/acc1 1.00e+00, trn/loss 2.77e-01, trn/loss_ce 6.69e-03, trn/loss_wd 5.41e+02, trn/lr 2.97e-03
[2022-02-05 14:17:54,863][INFO] [Epoch 180/200] trn/acc1 1.00e+00, trn/loss 2.75e-01, trn/loss_ce 6.52e-03, trn/loss_wd 5.36e+02, trn/lr 2.70e-03
[2022-02-05 14:17:55,795][INFO] [Epoch 180/200] Validation: val/acc1 0.8022, val/loss_ce 0.8196
[2022-02-05 14:18:46,042][INFO] [Epoch 181/200] trn/acc1 1.00e+00, trn/loss 2.73e-01, trn/loss_ce 6.73e-03, trn/loss_wd 5.32e+02, trn/lr 2.45e-03
[2022-02-05 14:18:46,977][INFO] [Epoch 181/200] Validation: val/acc1 0.8016, val/loss_ce 0.8193
[2022-02-05 14:19:25,266][INFO] [Epoch 182/200] trn/acc1 1.00e+00, trn/loss 2.71e-01, trn/loss_ce 6.60e-03, trn/loss_wd 5.29e+02, trn/lr 2.21e-03
[2022-02-05 14:19:26,199][INFO] [Epoch 182/200] Validation: val/acc1 0.7990, val/loss_ce 0.8236
[2022-02-05 14:19:59,474][INFO] [Epoch 183/200] trn/acc1 1.00e+00, trn/loss 2.69e-01, trn/loss_ce 6.50e-03, trn/loss_wd 5.26e+02, trn/lr 1.97e-03
[2022-02-05 14:20:00,411][INFO] [Epoch 183/200] Validation: val/acc1 0.8008, val/loss_ce 0.8213
[2022-02-05 14:20:40,694][INFO] [Epoch 184/200] trn/acc1 1.00e+00, trn/loss 2.68e-01, trn/loss_ce 6.24e-03, trn/loss_wd 5.23e+02, trn/lr 1.76e-03
[2022-02-05 14:20:41,631][INFO] [Epoch 184/200] Validation: val/acc1 0.8014, val/loss_ce 0.8226
[2022-02-05 14:21:15,120][INFO] [Epoch 185/200] trn/acc1 1.00e+00, trn/loss 2.67e-01, trn/loss_ce 6.52e-03, trn/loss_wd 5.20e+02, trn/lr 1.55e-03
[2022-02-05 14:21:16,051][INFO] [Epoch 185/200] Validation: val/acc1 0.8030, val/loss_ce 0.8174
[2022-02-05 14:22:15,483][INFO] [Epoch 186/200] trn/acc1 1.00e+00, trn/loss 2.66e-01, trn/loss_ce 6.47e-03, trn/loss_wd 5.18e+02, trn/lr 1.36e-03
[2022-02-05 14:22:16,424][INFO] [Epoch 186/200] Validation: val/acc1 0.8012, val/loss_ce 0.8249
[2022-02-05 14:22:49,429][INFO] [Epoch 187/200] trn/acc1 1.00e+00, trn/loss 2.65e-01, trn/loss_ce 6.41e-03, trn/loss_wd 5.16e+02, trn/lr 1.18e-03
[2022-02-05 14:22:50,368][INFO] [Epoch 187/200] Validation: val/acc1 0.8018, val/loss_ce 0.8209
[2022-02-05 14:23:26,790][INFO] [Epoch 188/200] trn/acc1 1.00e+00, trn/loss 2.64e-01, trn/loss_ce 6.47e-03, trn/loss_wd 5.15e+02, trn/lr 1.01e-03
[2022-02-05 14:23:27,721][INFO] [Epoch 188/200] Validation: val/acc1 0.8018, val/loss_ce 0.8231
[2022-02-05 14:24:00,739][INFO] [Epoch 189/200] trn/acc1 1.00e+00, trn/loss 2.63e-01, trn/loss_ce 6.33e-03, trn/loss_wd 5.13e+02, trn/lr 8.56e-04
[2022-02-05 14:24:01,674][INFO] [Epoch 189/200] Validation: val/acc1 0.8016, val/loss_ce 0.8189
[2022-02-05 14:24:34,720][INFO] [Epoch 190/200] trn/acc1 1.00e+00, trn/loss 2.63e-01, trn/loss_ce 6.39e-03, trn/loss_wd 5.12e+02, trn/lr 7.14e-04
[2022-02-05 14:24:35,652][INFO] [Epoch 190/200] Validation: val/acc1 0.8036, val/loss_ce 0.8215
[2022-02-05 14:25:43,089][INFO] [Epoch 191/200] trn/acc1 1.00e+00, trn/loss 2.62e-01, trn/loss_ce 6.35e-03, trn/loss_wd 5.11e+02, trn/lr 5.85e-04
[2022-02-05 14:25:44,037][INFO] [Epoch 191/200] Validation: val/acc1 0.8024, val/loss_ce 0.8194
[2022-02-05 14:26:37,514][INFO] [Epoch 192/200] trn/acc1 1.00e+00, trn/loss 2.61e-01, trn/loss_ce 6.16e-03, trn/loss_wd 5.11e+02, trn/lr 4.69e-04
[2022-02-05 14:26:38,459][INFO] [Epoch 192/200] Validation: val/acc1 0.8020, val/loss_ce 0.8213
[2022-02-05 14:27:17,601][INFO] [Epoch 193/200] trn/acc1 1.00e+00, trn/loss 2.61e-01, trn/loss_ce 6.26e-03, trn/loss_wd 5.10e+02, trn/lr 3.65e-04
[2022-02-05 14:27:18,532][INFO] [Epoch 193/200] Validation: val/acc1 0.8018, val/loss_ce 0.8221
[2022-02-05 14:27:54,521][INFO] [Epoch 194/200] trn/acc1 1.00e+00, trn/loss 2.61e-01, trn/loss_ce 6.31e-03, trn/loss_wd 5.09e+02, trn/lr 2.75e-04
[2022-02-05 14:27:55,454][INFO] [Epoch 194/200] Validation: val/acc1 0.8020, val/loss_ce 0.8198
[2022-02-05 14:28:28,444][INFO] [Epoch 195/200] trn/acc1 1.00e+00, trn/loss 2.61e-01, trn/loss_ce 6.37e-03, trn/loss_wd 5.09e+02, trn/lr 1.97e-04
[2022-02-05 14:28:29,377][INFO] [Epoch 195/200] Validation: val/acc1 0.8036, val/loss_ce 0.8207
[2022-02-05 14:29:07,639][INFO] [Epoch 196/200] trn/acc1 1.00e+00, trn/loss 2.61e-01, trn/loss_ce 6.14e-03, trn/loss_wd 5.09e+02, trn/lr 1.32e-04
[2022-02-05 14:29:08,574][INFO] [Epoch 196/200] Validation: val/acc1 0.8040, val/loss_ce 0.8190
[2022-02-05 14:29:46,776][INFO] [Epoch 197/200] trn/acc1 1.00e+00, trn/loss 2.61e-01, trn/loss_ce 6.28e-03, trn/loss_wd 5.09e+02, trn/lr 8.01e-05
[2022-02-05 14:29:47,707][INFO] [Epoch 197/200] Validation: val/acc1 0.8042, val/loss_ce 0.8212
[2022-02-05 14:30:26,355][INFO] [Epoch 198/200] trn/acc1 1.00e+00, trn/loss 2.61e-01, trn/loss_ce 6.17e-03, trn/loss_wd 5.09e+02, trn/lr 4.11e-05
[2022-02-05 14:30:27,291][INFO] [Epoch 198/200] Validation: val/acc1 0.8034, val/loss_ce 0.8205
[2022-02-05 14:31:04,417][INFO] [Epoch 199/200] trn/acc1 1.00e+00, trn/loss 2.61e-01, trn/loss_ce 6.19e-03, trn/loss_wd 5.09e+02, trn/lr 1.52e-05
[2022-02-05 14:31:05,355][INFO] [Epoch 199/200] Validation: val/acc1 0.8024, val/loss_ce 0.8225
[2022-02-05 14:31:38,674][INFO] [Epoch 200/200] trn/acc1 1.00e+00, trn/loss 2.61e-01, trn/loss_ce 6.41e-03, trn/loss_wd 5.09e+02, trn/lr 2.17e-06
[2022-02-05 14:31:39,606][INFO] [Epoch 200/200] Validation: val/acc1 0.8030, val/loss_ce 0.8214
