[2022-02-07 17:17:12,588][INFO] Environments:
------------  ---------------------------------------------------------------------------
sys.platform  linux
Python        3.7.11 (default, Nov 23 2021, 05:29:02) [GCC 7.5.0]
JAX           0.2.27 @/mnt/data1/giung/venvs/jax0.2.27/lib/python3.7/site-packages/jax
jaxlib        0.1.75 @/mnt/data1/giung/venvs/jax0.2.27/lib/python3.7/site-packages/jaxlib
Flax          0.4.0 @/mnt/data1/giung/venvs/jax0.2.27/lib/python3.7/site-packages/flax
Optax         0.1.0 @/mnt/data1/giung/venvs/jax0.2.27/lib/python3.7/site-packages/optax
------------  ---------------------------------------------------------------------------

[2022-02-07 17:17:12,588][INFO] Command line arguments:
Namespace(batch_size=128, config_file='./configs/C100_VGG13-BN-ReLU_SGD.yaml', keep_every_n_checkpoints=None, learning_rate=0.05, num_epochs=200, num_warmup_epochs=5, opts=[], output_dir='./outputs/C100_VGG13-BN-ReLU/SGD/s42_e200_wd5e-4/', seed=42, weight_decay=0.0005)

[2022-02-07 17:17:12,588][INFO] Using a random seed 42

[2022-02-07 17:17:12,622][INFO] Unable to initialize backend 'tpu_driver': NOT_FOUND: Unable to find driver in registry given worker: 
[2022-02-07 17:17:12,807][INFO] Unable to initialize backend 'tpu': INVALID_ARGUMENT: TpuPlatform is not available.
[2022-02-07 17:17:17,265][INFO] Found no checkpoint files in outputs/C100_VGG13-BN-ReLU/SGD/s42_e200_wd5e-4
[2022-02-07 17:17:31,337][INFO] [Epoch   1/200] trn/acc1 1.03e-01, trn/loss 6.78e+00, trn/loss_ce 4.03e+00, trn/loss_wd 5.52e+03, trn/lr 4.99e-03
[2022-02-07 17:17:32,834][INFO] [Epoch   1/200] Validation: val/acc1 0.1660, val/loss_ce 3.5243
[2022-02-07 17:17:39,602][INFO] [Epoch   2/200] trn/acc1 2.05e-01, trn/loss 5.90e+00, trn/loss_ce 3.22e+00, trn/loss_wd 5.36e+03, trn/lr 1.50e-02
[2022-02-07 17:17:43,368][INFO] [Epoch   3/200] trn/acc1 2.86e-01, trn/loss 5.32e+00, trn/loss_ce 2.78e+00, trn/loss_wd 5.09e+03, trn/lr 2.50e-02
[2022-02-07 17:17:47,134][INFO] [Epoch   4/200] trn/acc1 3.48e-01, trn/loss 4.84e+00, trn/loss_ce 2.48e+00, trn/loss_wd 4.71e+03, trn/lr 3.50e-02
[2022-02-07 17:17:50,895][INFO] [Epoch   5/200] trn/acc1 3.86e-01, trn/loss 4.43e+00, trn/loss_ce 2.28e+00, trn/loss_wd 4.29e+03, trn/lr 4.50e-02
[2022-02-07 17:17:54,638][INFO] [Epoch   6/200] trn/acc1 4.31e-01, trn/loss 4.02e+00, trn/loss_ce 2.09e+00, trn/loss_wd 3.85e+03, trn/lr 5.00e-02
[2022-02-07 17:17:58,391][INFO] [Epoch   7/200] trn/acc1 4.74e-01, trn/loss 3.64e+00, trn/loss_ce 1.91e+00, trn/loss_wd 3.47e+03, trn/lr 5.00e-02
[2022-02-07 17:18:02,135][INFO] [Epoch   8/200] trn/acc1 5.08e-01, trn/loss 3.33e+00, trn/loss_ce 1.76e+00, trn/loss_wd 3.14e+03, trn/lr 5.00e-02
[2022-02-07 17:18:05,894][INFO] [Epoch   9/200] trn/acc1 5.33e-01, trn/loss 3.09e+00, trn/loss_ce 1.65e+00, trn/loss_wd 2.87e+03, trn/lr 5.00e-02
[2022-02-07 17:18:09,664][INFO] [Epoch  10/200] trn/acc1 5.56e-01, trn/loss 2.90e+00, trn/loss_ce 1.57e+00, trn/loss_wd 2.65e+03, trn/lr 4.99e-02
[2022-02-07 17:18:13,424][INFO] [Epoch  11/200] trn/acc1 5.71e-01, trn/loss 2.74e+00, trn/loss_ce 1.50e+00, trn/loss_wd 2.48e+03, trn/lr 4.99e-02
[2022-02-07 17:18:17,213][INFO] [Epoch  12/200] trn/acc1 5.87e-01, trn/loss 2.61e+00, trn/loss_ce 1.44e+00, trn/loss_wd 2.34e+03, trn/lr 4.99e-02
[2022-02-07 17:18:20,986][INFO] [Epoch  13/200] trn/acc1 6.01e-01, trn/loss 2.51e+00, trn/loss_ce 1.39e+00, trn/loss_wd 2.23e+03, trn/lr 4.98e-02
[2022-02-07 17:18:24,769][INFO] [Epoch  14/200] trn/acc1 6.09e-01, trn/loss 2.43e+00, trn/loss_ce 1.35e+00, trn/loss_wd 2.16e+03, trn/lr 4.98e-02
[2022-02-07 17:18:28,553][INFO] [Epoch  15/200] trn/acc1 6.19e-01, trn/loss 2.37e+00, trn/loss_ce 1.32e+00, trn/loss_wd 2.10e+03, trn/lr 4.97e-02
[2022-02-07 17:18:32,337][INFO] [Epoch  16/200] trn/acc1 6.34e-01, trn/loss 2.29e+00, trn/loss_ce 1.26e+00, trn/loss_wd 2.06e+03, trn/lr 4.96e-02
[2022-02-07 17:18:36,134][INFO] [Epoch  17/200] trn/acc1 6.37e-01, trn/loss 2.26e+00, trn/loss_ce 1.24e+00, trn/loss_wd 2.04e+03, trn/lr 4.96e-02
[2022-02-07 17:18:39,933][INFO] [Epoch  18/200] trn/acc1 6.47e-01, trn/loss 2.23e+00, trn/loss_ce 1.21e+00, trn/loss_wd 2.03e+03, trn/lr 4.95e-02
[2022-02-07 17:18:43,727][INFO] [Epoch  19/200] trn/acc1 6.55e-01, trn/loss 2.19e+00, trn/loss_ce 1.18e+00, trn/loss_wd 2.03e+03, trn/lr 4.94e-02
[2022-02-07 17:18:47,597][INFO] [Epoch  20/200] trn/acc1 6.59e-01, trn/loss 2.18e+00, trn/loss_ce 1.16e+00, trn/loss_wd 2.04e+03, trn/lr 4.93e-02
[2022-02-07 17:18:47,697][INFO] [Epoch  20/200] Validation: val/acc1 0.5258, val/loss_ce 1.8418
[2022-02-07 17:18:54,659][INFO] [Epoch  21/200] trn/acc1 6.67e-01, trn/loss 2.17e+00, trn/loss_ce 1.14e+00, trn/loss_wd 2.05e+03, trn/lr 4.92e-02
[2022-02-07 17:18:58,435][INFO] [Epoch  22/200] trn/acc1 6.73e-01, trn/loss 2.15e+00, trn/loss_ce 1.12e+00, trn/loss_wd 2.07e+03, trn/lr 4.91e-02
[2022-02-07 17:19:02,207][INFO] [Epoch  23/200] trn/acc1 6.80e-01, trn/loss 2.14e+00, trn/loss_ce 1.10e+00, trn/loss_wd 2.09e+03, trn/lr 4.90e-02
[2022-02-07 17:19:05,996][INFO] [Epoch  24/200] trn/acc1 6.84e-01, trn/loss 2.13e+00, trn/loss_ce 1.08e+00, trn/loss_wd 2.11e+03, trn/lr 4.89e-02
[2022-02-07 17:19:09,777][INFO] [Epoch  25/200] trn/acc1 6.92e-01, trn/loss 2.11e+00, trn/loss_ce 1.04e+00, trn/loss_wd 2.13e+03, trn/lr 4.88e-02
[2022-02-07 17:19:13,562][INFO] [Epoch  26/200] trn/acc1 6.99e-01, trn/loss 2.10e+00, trn/loss_ce 1.03e+00, trn/loss_wd 2.15e+03, trn/lr 4.86e-02
[2022-02-07 17:19:17,342][INFO] [Epoch  27/200] trn/acc1 7.00e-01, trn/loss 2.10e+00, trn/loss_ce 1.02e+00, trn/loss_wd 2.17e+03, trn/lr 4.85e-02
[2022-02-07 17:19:21,140][INFO] [Epoch  28/200] trn/acc1 7.06e-01, trn/loss 2.09e+00, trn/loss_ce 9.93e-01, trn/loss_wd 2.19e+03, trn/lr 4.84e-02
[2022-02-07 17:19:24,958][INFO] [Epoch  29/200] trn/acc1 7.07e-01, trn/loss 2.09e+00, trn/loss_ce 9.86e-01, trn/loss_wd 2.22e+03, trn/lr 4.82e-02
[2022-02-07 17:19:28,760][INFO] [Epoch  30/200] trn/acc1 7.11e-01, trn/loss 2.09e+00, trn/loss_ce 9.71e-01, trn/loss_wd 2.24e+03, trn/lr 4.81e-02
[2022-02-07 17:19:32,537][INFO] [Epoch  31/200] trn/acc1 7.21e-01, trn/loss 2.07e+00, trn/loss_ce 9.39e-01, trn/loss_wd 2.26e+03, trn/lr 4.79e-02
[2022-02-07 17:19:36,323][INFO] [Epoch  32/200] trn/acc1 7.20e-01, trn/loss 2.08e+00, trn/loss_ce 9.40e-01, trn/loss_wd 2.28e+03, trn/lr 4.78e-02
[2022-02-07 17:19:40,116][INFO] [Epoch  33/200] trn/acc1 7.27e-01, trn/loss 2.07e+00, trn/loss_ce 9.19e-01, trn/loss_wd 2.31e+03, trn/lr 4.76e-02
[2022-02-07 17:19:43,923][INFO] [Epoch  34/200] trn/acc1 7.26e-01, trn/loss 2.08e+00, trn/loss_ce 9.15e-01, trn/loss_wd 2.33e+03, trn/lr 4.74e-02
[2022-02-07 17:19:47,711][INFO] [Epoch  35/200] trn/acc1 7.30e-01, trn/loss 2.08e+00, trn/loss_ce 9.03e-01, trn/loss_wd 2.35e+03, trn/lr 4.72e-02
[2022-02-07 17:19:51,495][INFO] [Epoch  36/200] trn/acc1 7.33e-01, trn/loss 2.08e+00, trn/loss_ce 8.96e-01, trn/loss_wd 2.38e+03, trn/lr 4.70e-02
[2022-02-07 17:19:55,283][INFO] [Epoch  37/200] trn/acc1 7.40e-01, trn/loss 2.06e+00, trn/loss_ce 8.68e-01, trn/loss_wd 2.39e+03, trn/lr 4.68e-02
[2022-02-07 17:19:59,069][INFO] [Epoch  38/200] trn/acc1 7.41e-01, trn/loss 2.07e+00, trn/loss_ce 8.63e-01, trn/loss_wd 2.41e+03, trn/lr 4.67e-02
[2022-02-07 17:20:02,870][INFO] [Epoch  39/200] trn/acc1 7.41e-01, trn/loss 2.07e+00, trn/loss_ce 8.56e-01, trn/loss_wd 2.43e+03, trn/lr 4.64e-02
[2022-02-07 17:20:06,661][INFO] [Epoch  40/200] trn/acc1 7.49e-01, trn/loss 2.07e+00, trn/loss_ce 8.41e-01, trn/loss_wd 2.45e+03, trn/lr 4.62e-02
[2022-02-07 17:20:06,762][INFO] [Epoch  40/200] Validation: val/acc1 0.5892, val/loss_ce 1.5265
[2022-02-07 17:20:13,791][INFO] [Epoch  41/200] trn/acc1 7.48e-01, trn/loss 2.07e+00, trn/loss_ce 8.36e-01, trn/loss_wd 2.46e+03, trn/lr 4.60e-02
[2022-02-07 17:20:17,565][INFO] [Epoch  42/200] trn/acc1 7.57e-01, trn/loss 2.05e+00, trn/loss_ce 8.11e-01, trn/loss_wd 2.48e+03, trn/lr 4.58e-02
[2022-02-07 17:20:21,358][INFO] [Epoch  43/200] trn/acc1 7.57e-01, trn/loss 2.05e+00, trn/loss_ce 8.07e-01, trn/loss_wd 2.49e+03, trn/lr 4.56e-02
[2022-02-07 17:20:25,153][INFO] [Epoch  44/200] trn/acc1 7.59e-01, trn/loss 2.05e+00, trn/loss_ce 7.95e-01, trn/loss_wd 2.50e+03, trn/lr 4.53e-02
[2022-02-07 17:20:28,929][INFO] [Epoch  45/200] trn/acc1 7.62e-01, trn/loss 2.05e+00, trn/loss_ce 7.91e-01, trn/loss_wd 2.52e+03, trn/lr 4.51e-02
[2022-02-07 17:20:32,720][INFO] [Epoch  46/200] trn/acc1 7.67e-01, trn/loss 2.04e+00, trn/loss_ce 7.75e-01, trn/loss_wd 2.54e+03, trn/lr 4.49e-02
[2022-02-07 17:20:36,517][INFO] [Epoch  47/200] trn/acc1 7.69e-01, trn/loss 2.04e+00, trn/loss_ce 7.67e-01, trn/loss_wd 2.55e+03, trn/lr 4.46e-02
[2022-02-07 17:20:40,300][INFO] [Epoch  48/200] trn/acc1 7.71e-01, trn/loss 2.04e+00, trn/loss_ce 7.57e-01, trn/loss_wd 2.56e+03, trn/lr 4.44e-02
[2022-02-07 17:20:44,091][INFO] [Epoch  49/200] trn/acc1 7.73e-01, trn/loss 2.03e+00, trn/loss_ce 7.43e-01, trn/loss_wd 2.57e+03, trn/lr 4.41e-02
[2022-02-07 17:20:47,881][INFO] [Epoch  50/200] trn/acc1 7.75e-01, trn/loss 2.03e+00, trn/loss_ce 7.41e-01, trn/loss_wd 2.58e+03, trn/lr 4.38e-02
[2022-02-07 17:20:51,660][INFO] [Epoch  51/200] trn/acc1 7.80e-01, trn/loss 2.03e+00, trn/loss_ce 7.30e-01, trn/loss_wd 2.59e+03, trn/lr 4.36e-02
[2022-02-07 17:20:55,583][INFO] [Epoch  52/200] trn/acc1 7.84e-01, trn/loss 2.02e+00, trn/loss_ce 7.16e-01, trn/loss_wd 2.60e+03, trn/lr 4.33e-02
[2022-02-07 17:20:59,372][INFO] [Epoch  53/200] trn/acc1 7.81e-01, trn/loss 2.02e+00, trn/loss_ce 7.19e-01, trn/loss_wd 2.61e+03, trn/lr 4.30e-02
[2022-02-07 17:21:03,158][INFO] [Epoch  54/200] trn/acc1 7.88e-01, trn/loss 2.01e+00, trn/loss_ce 7.01e-01, trn/loss_wd 2.62e+03, trn/lr 4.27e-02
[2022-02-07 17:21:06,959][INFO] [Epoch  55/200] trn/acc1 7.94e-01, trn/loss 1.99e+00, trn/loss_ce 6.83e-01, trn/loss_wd 2.62e+03, trn/lr 4.25e-02
[2022-02-07 17:21:10,753][INFO] [Epoch  56/200] trn/acc1 7.93e-01, trn/loss 1.99e+00, trn/loss_ce 6.81e-01, trn/loss_wd 2.63e+03, trn/lr 4.22e-02
[2022-02-07 17:21:14,542][INFO] [Epoch  57/200] trn/acc1 7.96e-01, trn/loss 2.00e+00, trn/loss_ce 6.76e-01, trn/loss_wd 2.64e+03, trn/lr 4.19e-02
[2022-02-07 17:21:18,345][INFO] [Epoch  58/200] trn/acc1 7.98e-01, trn/loss 1.98e+00, trn/loss_ce 6.61e-01, trn/loss_wd 2.65e+03, trn/lr 4.16e-02
[2022-02-07 17:21:22,129][INFO] [Epoch  59/200] trn/acc1 7.98e-01, trn/loss 1.99e+00, trn/loss_ce 6.59e-01, trn/loss_wd 2.65e+03, trn/lr 4.13e-02
[2022-02-07 17:21:25,921][INFO] [Epoch  60/200] trn/acc1 8.00e-01, trn/loss 1.99e+00, trn/loss_ce 6.56e-01, trn/loss_wd 2.66e+03, trn/lr 4.10e-02
[2022-02-07 17:21:26,023][INFO] [Epoch  60/200] Validation: val/acc1 0.5714, val/loss_ce 1.8239
[2022-02-07 17:21:30,769][INFO] [Epoch  61/200] trn/acc1 8.04e-01, trn/loss 1.97e+00, trn/loss_ce 6.41e-01, trn/loss_wd 2.67e+03, trn/lr 4.07e-02
[2022-02-07 17:21:34,557][INFO] [Epoch  62/200] trn/acc1 8.08e-01, trn/loss 1.97e+00, trn/loss_ce 6.32e-01, trn/loss_wd 2.67e+03, trn/lr 4.03e-02
[2022-02-07 17:21:38,355][INFO] [Epoch  63/200] trn/acc1 8.11e-01, trn/loss 1.95e+00, trn/loss_ce 6.14e-01, trn/loss_wd 2.67e+03, trn/lr 4.00e-02
[2022-02-07 17:21:42,144][INFO] [Epoch  64/200] trn/acc1 8.13e-01, trn/loss 1.94e+00, trn/loss_ce 6.07e-01, trn/loss_wd 2.67e+03, trn/lr 3.97e-02
[2022-02-07 17:21:45,932][INFO] [Epoch  65/200] trn/acc1 8.16e-01, trn/loss 1.93e+00, trn/loss_ce 5.95e-01, trn/loss_wd 2.67e+03, trn/lr 3.94e-02
[2022-02-07 17:21:49,723][INFO] [Epoch  66/200] trn/acc1 8.13e-01, trn/loss 1.94e+00, trn/loss_ce 6.04e-01, trn/loss_wd 2.67e+03, trn/lr 3.90e-02
[2022-02-07 17:21:53,508][INFO] [Epoch  67/200] trn/acc1 8.15e-01, trn/loss 1.94e+00, trn/loss_ce 5.98e-01, trn/loss_wd 2.68e+03, trn/lr 3.87e-02
[2022-02-07 17:21:57,286][INFO] [Epoch  68/200] trn/acc1 8.20e-01, trn/loss 1.93e+00, trn/loss_ce 5.85e-01, trn/loss_wd 2.69e+03, trn/lr 3.84e-02
[2022-02-07 17:22:01,065][INFO] [Epoch  69/200] trn/acc1 8.24e-01, trn/loss 1.91e+00, trn/loss_ce 5.69e-01, trn/loss_wd 2.69e+03, trn/lr 3.80e-02
[2022-02-07 17:22:04,849][INFO] [Epoch  70/200] trn/acc1 8.26e-01, trn/loss 1.91e+00, trn/loss_ce 5.63e-01, trn/loss_wd 2.69e+03, trn/lr 3.77e-02
[2022-02-07 17:22:08,629][INFO] [Epoch  71/200] trn/acc1 8.32e-01, trn/loss 1.88e+00, trn/loss_ce 5.41e-01, trn/loss_wd 2.68e+03, trn/lr 3.73e-02
[2022-02-07 17:22:12,419][INFO] [Epoch  72/200] trn/acc1 8.35e-01, trn/loss 1.87e+00, trn/loss_ce 5.33e-01, trn/loss_wd 2.68e+03, trn/lr 3.70e-02
[2022-02-07 17:22:16,206][INFO] [Epoch  73/200] trn/acc1 8.36e-01, trn/loss 1.87e+00, trn/loss_ce 5.29e-01, trn/loss_wd 2.68e+03, trn/lr 3.66e-02
[2022-02-07 17:22:19,997][INFO] [Epoch  74/200] trn/acc1 8.36e-01, trn/loss 1.87e+00, trn/loss_ce 5.32e-01, trn/loss_wd 2.67e+03, trn/lr 3.63e-02
[2022-02-07 17:22:23,786][INFO] [Epoch  75/200] trn/acc1 8.42e-01, trn/loss 1.85e+00, trn/loss_ce 5.15e-01, trn/loss_wd 2.67e+03, trn/lr 3.59e-02
[2022-02-07 17:22:27,569][INFO] [Epoch  76/200] trn/acc1 8.46e-01, trn/loss 1.83e+00, trn/loss_ce 4.96e-01, trn/loss_wd 2.66e+03, trn/lr 3.55e-02
[2022-02-07 17:22:31,361][INFO] [Epoch  77/200] trn/acc1 8.46e-01, trn/loss 1.82e+00, trn/loss_ce 4.96e-01, trn/loss_wd 2.65e+03, trn/lr 3.52e-02
[2022-02-07 17:22:35,136][INFO] [Epoch  78/200] trn/acc1 8.45e-01, trn/loss 1.82e+00, trn/loss_ce 4.95e-01, trn/loss_wd 2.65e+03, trn/lr 3.48e-02
[2022-02-07 17:22:38,926][INFO] [Epoch  79/200] trn/acc1 8.50e-01, trn/loss 1.79e+00, trn/loss_ce 4.76e-01, trn/loss_wd 2.64e+03, trn/lr 3.44e-02
[2022-02-07 17:22:42,713][INFO] [Epoch  80/200] trn/acc1 8.52e-01, trn/loss 1.79e+00, trn/loss_ce 4.74e-01, trn/loss_wd 2.63e+03, trn/lr 3.41e-02
[2022-02-07 17:22:42,813][INFO] [Epoch  80/200] Validation: val/acc1 0.6216, val/loss_ce 1.6038
[2022-02-07 17:22:49,046][INFO] [Epoch  81/200] trn/acc1 8.56e-01, trn/loss 1.78e+00, trn/loss_ce 4.68e-01, trn/loss_wd 2.63e+03, trn/lr 3.37e-02
[2022-02-07 17:22:52,824][INFO] [Epoch  82/200] trn/acc1 8.58e-01, trn/loss 1.77e+00, trn/loss_ce 4.57e-01, trn/loss_wd 2.62e+03, trn/lr 3.33e-02
[2022-02-07 17:22:56,602][INFO] [Epoch  83/200] trn/acc1 8.58e-01, trn/loss 1.76e+00, trn/loss_ce 4.57e-01, trn/loss_wd 2.62e+03, trn/lr 3.29e-02
[2022-02-07 17:23:00,717][INFO] [Epoch  84/200] trn/acc1 8.65e-01, trn/loss 1.74e+00, trn/loss_ce 4.34e-01, trn/loss_wd 2.61e+03, trn/lr 3.25e-02
[2022-02-07 17:23:04,507][INFO] [Epoch  85/200] trn/acc1 8.62e-01, trn/loss 1.73e+00, trn/loss_ce 4.33e-01, trn/loss_wd 2.60e+03, trn/lr 3.21e-02
[2022-02-07 17:23:08,294][INFO] [Epoch  86/200] trn/acc1 8.65e-01, trn/loss 1.73e+00, trn/loss_ce 4.33e-01, trn/loss_wd 2.59e+03, trn/lr 3.18e-02
[2022-02-07 17:23:12,080][INFO] [Epoch  87/200] trn/acc1 8.70e-01, trn/loss 1.71e+00, trn/loss_ce 4.14e-01, trn/loss_wd 2.58e+03, trn/lr 3.14e-02
[2022-02-07 17:23:15,868][INFO] [Epoch  88/200] trn/acc1 8.72e-01, trn/loss 1.69e+00, trn/loss_ce 4.03e-01, trn/loss_wd 2.57e+03, trn/lr 3.10e-02
[2022-02-07 17:23:19,647][INFO] [Epoch  89/200] trn/acc1 8.74e-01, trn/loss 1.68e+00, trn/loss_ce 4.00e-01, trn/loss_wd 2.56e+03, trn/lr 3.06e-02
[2022-02-07 17:23:23,417][INFO] [Epoch  90/200] trn/acc1 8.78e-01, trn/loss 1.66e+00, trn/loss_ce 3.83e-01, trn/loss_wd 2.55e+03, trn/lr 3.02e-02
[2022-02-07 17:23:27,208][INFO] [Epoch  91/200] trn/acc1 8.77e-01, trn/loss 1.66e+00, trn/loss_ce 3.92e-01, trn/loss_wd 2.54e+03, trn/lr 2.98e-02
[2022-02-07 17:23:30,978][INFO] [Epoch  92/200] trn/acc1 8.82e-01, trn/loss 1.64e+00, trn/loss_ce 3.73e-01, trn/loss_wd 2.53e+03, trn/lr 2.94e-02
[2022-02-07 17:23:34,749][INFO] [Epoch  93/200] trn/acc1 8.82e-01, trn/loss 1.63e+00, trn/loss_ce 3.78e-01, trn/loss_wd 2.51e+03, trn/lr 2.90e-02
[2022-02-07 17:23:38,544][INFO] [Epoch  94/200] trn/acc1 8.90e-01, trn/loss 1.60e+00, trn/loss_ce 3.49e-01, trn/loss_wd 2.49e+03, trn/lr 2.86e-02
[2022-02-07 17:23:42,334][INFO] [Epoch  95/200] trn/acc1 8.90e-01, trn/loss 1.59e+00, trn/loss_ce 3.51e-01, trn/loss_wd 2.47e+03, trn/lr 2.82e-02
[2022-02-07 17:23:46,135][INFO] [Epoch  96/200] trn/acc1 8.91e-01, trn/loss 1.58e+00, trn/loss_ce 3.49e-01, trn/loss_wd 2.46e+03, trn/lr 2.78e-02
[2022-02-07 17:23:49,926][INFO] [Epoch  97/200] trn/acc1 8.95e-01, trn/loss 1.55e+00, trn/loss_ce 3.29e-01, trn/loss_wd 2.45e+03, trn/lr 2.74e-02
[2022-02-07 17:23:53,704][INFO] [Epoch  98/200] trn/acc1 8.98e-01, trn/loss 1.54e+00, trn/loss_ce 3.23e-01, trn/loss_wd 2.43e+03, trn/lr 2.70e-02
[2022-02-07 17:23:57,488][INFO] [Epoch  99/200] trn/acc1 8.98e-01, trn/loss 1.53e+00, trn/loss_ce 3.24e-01, trn/loss_wd 2.41e+03, trn/lr 2.66e-02
[2022-02-07 17:24:01,265][INFO] [Epoch 100/200] trn/acc1 9.03e-01, trn/loss 1.50e+00, trn/loss_ce 3.05e-01, trn/loss_wd 2.39e+03, trn/lr 2.62e-02
[2022-02-07 17:24:01,366][INFO] [Epoch 100/200] Validation: val/acc1 0.6394, val/loss_ce 1.6486
[2022-02-07 17:24:07,497][INFO] [Epoch 101/200] trn/acc1 9.06e-01, trn/loss 1.48e+00, trn/loss_ce 2.97e-01, trn/loss_wd 2.37e+03, trn/lr 2.58e-02
[2022-02-07 17:24:11,286][INFO] [Epoch 102/200] trn/acc1 9.08e-01, trn/loss 1.46e+00, trn/loss_ce 2.88e-01, trn/loss_wd 2.35e+03, trn/lr 2.54e-02
[2022-02-07 17:24:15,071][INFO] [Epoch 103/200] trn/acc1 9.08e-01, trn/loss 1.46e+00, trn/loss_ce 2.90e-01, trn/loss_wd 2.33e+03, trn/lr 2.50e-02
[2022-02-07 17:24:18,859][INFO] [Epoch 104/200] trn/acc1 9.08e-01, trn/loss 1.45e+00, trn/loss_ce 2.90e-01, trn/loss_wd 2.31e+03, trn/lr 2.46e-02
[2022-02-07 17:24:22,638][INFO] [Epoch 105/200] trn/acc1 9.13e-01, trn/loss 1.42e+00, trn/loss_ce 2.73e-01, trn/loss_wd 2.29e+03, trn/lr 2.42e-02
[2022-02-07 17:24:26,437][INFO] [Epoch 106/200] trn/acc1 9.14e-01, trn/loss 1.41e+00, trn/loss_ce 2.70e-01, trn/loss_wd 2.28e+03, trn/lr 2.38e-02
[2022-02-07 17:24:30,210][INFO] [Epoch 107/200] trn/acc1 9.21e-01, trn/loss 1.38e+00, trn/loss_ce 2.54e-01, trn/loss_wd 2.25e+03, trn/lr 2.34e-02
[2022-02-07 17:24:33,990][INFO] [Epoch 108/200] trn/acc1 9.23e-01, trn/loss 1.36e+00, trn/loss_ce 2.43e-01, trn/loss_wd 2.23e+03, trn/lr 2.30e-02
[2022-02-07 17:24:37,772][INFO] [Epoch 109/200] trn/acc1 9.26e-01, trn/loss 1.34e+00, trn/loss_ce 2.37e-01, trn/loss_wd 2.20e+03, trn/lr 2.26e-02
[2022-02-07 17:24:41,564][INFO] [Epoch 110/200] trn/acc1 9.27e-01, trn/loss 1.32e+00, trn/loss_ce 2.32e-01, trn/loss_wd 2.18e+03, trn/lr 2.22e-02
[2022-02-07 17:24:45,341][INFO] [Epoch 111/200] trn/acc1 9.27e-01, trn/loss 1.31e+00, trn/loss_ce 2.31e-01, trn/loss_wd 2.15e+03, trn/lr 2.18e-02
[2022-02-07 17:24:49,130][INFO] [Epoch 112/200] trn/acc1 9.31e-01, trn/loss 1.28e+00, trn/loss_ce 2.19e-01, trn/loss_wd 2.13e+03, trn/lr 2.14e-02
[2022-02-07 17:24:52,927][INFO] [Epoch 113/200] trn/acc1 9.36e-01, trn/loss 1.26e+00, trn/loss_ce 2.03e-01, trn/loss_wd 2.10e+03, trn/lr 2.10e-02
[2022-02-07 17:24:56,707][INFO] [Epoch 114/200] trn/acc1 9.34e-01, trn/loss 1.25e+00, trn/loss_ce 2.07e-01, trn/loss_wd 2.08e+03, trn/lr 2.06e-02
[2022-02-07 17:25:00,601][INFO] [Epoch 115/200] trn/acc1 9.34e-01, trn/loss 1.24e+00, trn/loss_ce 2.10e-01, trn/loss_wd 2.05e+03, trn/lr 2.02e-02
[2022-02-07 17:25:04,481][INFO] [Epoch 116/200] trn/acc1 9.41e-01, trn/loss 1.20e+00, trn/loss_ce 1.85e-01, trn/loss_wd 2.03e+03, trn/lr 1.98e-02
[2022-02-07 17:25:08,260][INFO] [Epoch 117/200] trn/acc1 9.38e-01, trn/loss 1.20e+00, trn/loss_ce 1.97e-01, trn/loss_wd 2.00e+03, trn/lr 1.94e-02
[2022-02-07 17:25:12,042][INFO] [Epoch 118/200] trn/acc1 9.44e-01, trn/loss 1.16e+00, trn/loss_ce 1.74e-01, trn/loss_wd 1.97e+03, trn/lr 1.90e-02
[2022-02-07 17:25:15,821][INFO] [Epoch 119/200] trn/acc1 9.48e-01, trn/loss 1.13e+00, trn/loss_ce 1.64e-01, trn/loss_wd 1.94e+03, trn/lr 1.86e-02
[2022-02-07 17:25:19,608][INFO] [Epoch 120/200] trn/acc1 9.50e-01, trn/loss 1.12e+00, trn/loss_ce 1.60e-01, trn/loss_wd 1.91e+03, trn/lr 1.82e-02
[2022-02-07 17:25:19,709][INFO] [Epoch 120/200] Validation: val/acc1 0.6482, val/loss_ce 1.6252
[2022-02-07 17:25:25,929][INFO] [Epoch 121/200] trn/acc1 9.49e-01, trn/loss 1.10e+00, trn/loss_ce 1.60e-01, trn/loss_wd 1.88e+03, trn/lr 1.79e-02
[2022-02-07 17:25:29,708][INFO] [Epoch 122/200] trn/acc1 9.51e-01, trn/loss 1.08e+00, trn/loss_ce 1.53e-01, trn/loss_wd 1.86e+03, trn/lr 1.75e-02
[2022-02-07 17:25:33,498][INFO] [Epoch 123/200] trn/acc1 9.52e-01, trn/loss 1.07e+00, trn/loss_ce 1.55e-01, trn/loss_wd 1.83e+03, trn/lr 1.71e-02
[2022-02-07 17:25:37,290][INFO] [Epoch 124/200] trn/acc1 9.57e-01, trn/loss 1.04e+00, trn/loss_ce 1.40e-01, trn/loss_wd 1.81e+03, trn/lr 1.67e-02
[2022-02-07 17:25:41,074][INFO] [Epoch 125/200] trn/acc1 9.58e-01, trn/loss 1.02e+00, trn/loss_ce 1.34e-01, trn/loss_wd 1.78e+03, trn/lr 1.63e-02
[2022-02-07 17:25:44,844][INFO] [Epoch 126/200] trn/acc1 9.63e-01, trn/loss 9.92e-01, trn/loss_ce 1.18e-01, trn/loss_wd 1.75e+03, trn/lr 1.59e-02
[2022-02-07 17:25:48,620][INFO] [Epoch 127/200] trn/acc1 9.65e-01, trn/loss 9.72e-01, trn/loss_ce 1.15e-01, trn/loss_wd 1.72e+03, trn/lr 1.56e-02
[2022-02-07 17:25:52,406][INFO] [Epoch 128/200] trn/acc1 9.64e-01, trn/loss 9.57e-01, trn/loss_ce 1.14e-01, trn/loss_wd 1.69e+03, trn/lr 1.52e-02
[2022-02-07 17:25:56,183][INFO] [Epoch 129/200] trn/acc1 9.69e-01, trn/loss 9.29e-01, trn/loss_ce 1.02e-01, trn/loss_wd 1.65e+03, trn/lr 1.48e-02
[2022-02-07 17:25:59,967][INFO] [Epoch 130/200] trn/acc1 9.66e-01, trn/loss 9.20e-01, trn/loss_ce 1.07e-01, trn/loss_wd 1.62e+03, trn/lr 1.45e-02
[2022-02-07 17:26:03,742][INFO] [Epoch 131/200] trn/acc1 9.70e-01, trn/loss 8.97e-01, trn/loss_ce 9.91e-02, trn/loss_wd 1.60e+03, trn/lr 1.41e-02
[2022-02-07 17:26:07,534][INFO] [Epoch 132/200] trn/acc1 9.74e-01, trn/loss 8.69e-01, trn/loss_ce 8.61e-02, trn/loss_wd 1.57e+03, trn/lr 1.37e-02
[2022-02-07 17:26:11,320][INFO] [Epoch 133/200] trn/acc1 9.80e-01, trn/loss 8.31e-01, trn/loss_ce 6.52e-02, trn/loss_wd 1.53e+03, trn/lr 1.34e-02
[2022-02-07 17:26:15,106][INFO] [Epoch 134/200] trn/acc1 9.78e-01, trn/loss 8.20e-01, trn/loss_ce 7.20e-02, trn/loss_wd 1.50e+03, trn/lr 1.30e-02
[2022-02-07 17:26:18,889][INFO] [Epoch 135/200] trn/acc1 9.84e-01, trn/loss 7.87e-01, trn/loss_ce 5.66e-02, trn/loss_wd 1.46e+03, trn/lr 1.27e-02
[2022-02-07 17:26:22,668][INFO] [Epoch 136/200] trn/acc1 9.85e-01, trn/loss 7.66e-01, trn/loss_ce 5.37e-02, trn/loss_wd 1.43e+03, trn/lr 1.23e-02
[2022-02-07 17:26:26,457][INFO] [Epoch 137/200] trn/acc1 9.87e-01, trn/loss 7.43e-01, trn/loss_ce 4.81e-02, trn/loss_wd 1.39e+03, trn/lr 1.20e-02
[2022-02-07 17:26:30,241][INFO] [Epoch 138/200] trn/acc1 9.89e-01, trn/loss 7.20e-01, trn/loss_ce 4.24e-02, trn/loss_wd 1.35e+03, trn/lr 1.16e-02
[2022-02-07 17:26:34,022][INFO] [Epoch 139/200] trn/acc1 9.89e-01, trn/loss 7.00e-01, trn/loss_ce 3.94e-02, trn/loss_wd 1.32e+03, trn/lr 1.13e-02
[2022-02-07 17:26:37,805][INFO] [Epoch 140/200] trn/acc1 9.91e-01, trn/loss 6.79e-01, trn/loss_ce 3.57e-02, trn/loss_wd 1.29e+03, trn/lr 1.10e-02
[2022-02-07 17:26:37,905][INFO] [Epoch 140/200] Validation: val/acc1 0.6900, val/loss_ce 1.4683
[2022-02-07 17:26:44,926][INFO] [Epoch 141/200] trn/acc1 9.93e-01, trn/loss 6.55e-01, trn/loss_ce 2.84e-02, trn/loss_wd 1.25e+03, trn/lr 1.06e-02
[2022-02-07 17:26:48,708][INFO] [Epoch 142/200] trn/acc1 9.94e-01, trn/loss 6.36e-01, trn/loss_ce 2.60e-02, trn/loss_wd 1.22e+03, trn/lr 1.03e-02
[2022-02-07 17:26:52,490][INFO] [Epoch 143/200] trn/acc1 9.96e-01, trn/loss 6.14e-01, trn/loss_ce 2.00e-02, trn/loss_wd 1.19e+03, trn/lr 9.98e-03
[2022-02-07 17:26:56,376][INFO] [Epoch 144/200] trn/acc1 9.98e-01, trn/loss 5.93e-01, trn/loss_ce 1.50e-02, trn/loss_wd 1.16e+03, trn/lr 9.66e-03
[2022-02-07 17:27:00,144][INFO] [Epoch 145/200] trn/acc1 9.98e-01, trn/loss 5.74e-01, trn/loss_ce 1.20e-02, trn/loss_wd 1.12e+03, trn/lr 9.35e-03
[2022-02-07 17:27:03,925][INFO] [Epoch 146/200] trn/acc1 9.98e-01, trn/loss 5.58e-01, trn/loss_ce 1.12e-02, trn/loss_wd 1.09e+03, trn/lr 9.03e-03
[2022-02-07 17:27:07,719][INFO] [Epoch 147/200] trn/acc1 9.99e-01, trn/loss 5.43e-01, trn/loss_ce 9.91e-03, trn/loss_wd 1.07e+03, trn/lr 8.73e-03
[2022-02-07 17:27:11,487][INFO] [Epoch 148/200] trn/acc1 9.99e-01, trn/loss 5.28e-01, trn/loss_ce 8.58e-03, trn/loss_wd 1.04e+03, trn/lr 8.42e-03
[2022-02-07 17:27:15,262][INFO] [Epoch 149/200] trn/acc1 9.99e-01, trn/loss 5.14e-01, trn/loss_ce 7.93e-03, trn/loss_wd 1.01e+03, trn/lr 8.12e-03
[2022-02-07 17:27:19,024][INFO] [Epoch 150/200] trn/acc1 9.99e-01, trn/loss 5.02e-01, trn/loss_ce 8.35e-03, trn/loss_wd 9.88e+02, trn/lr 7.83e-03
[2022-02-07 17:27:22,789][INFO] [Epoch 151/200] trn/acc1 9.99e-01, trn/loss 4.91e-01, trn/loss_ce 8.23e-03, trn/loss_wd 9.65e+02, trn/lr 7.54e-03
[2022-02-07 17:27:26,554][INFO] [Epoch 152/200] trn/acc1 9.99e-01, trn/loss 4.79e-01, trn/loss_ce 7.05e-03, trn/loss_wd 9.43e+02, trn/lr 7.25e-03
[2022-02-07 17:27:30,323][INFO] [Epoch 153/200] trn/acc1 9.99e-01, trn/loss 4.68e-01, trn/loss_ce 6.28e-03, trn/loss_wd 9.23e+02, trn/lr 6.97e-03
[2022-02-07 17:27:34,112][INFO] [Epoch 154/200] trn/acc1 9.99e-01, trn/loss 4.59e-01, trn/loss_ce 6.77e-03, trn/loss_wd 9.04e+02, trn/lr 6.69e-03
[2022-02-07 17:27:37,889][INFO] [Epoch 155/200] trn/acc1 9.99e-01, trn/loss 4.50e-01, trn/loss_ce 6.40e-03, trn/loss_wd 8.86e+02, trn/lr 6.42e-03
[2022-02-07 17:27:41,666][INFO] [Epoch 156/200] trn/acc1 9.99e-01, trn/loss 4.41e-01, trn/loss_ce 6.62e-03, trn/loss_wd 8.70e+02, trn/lr 6.15e-03
[2022-02-07 17:27:45,449][INFO] [Epoch 157/200] trn/acc1 1.00e+00, trn/loss 4.33e-01, trn/loss_ce 6.07e-03, trn/loss_wd 8.54e+02, trn/lr 5.89e-03
[2022-02-07 17:27:49,224][INFO] [Epoch 158/200] trn/acc1 9.99e-01, trn/loss 4.26e-01, trn/loss_ce 6.25e-03, trn/loss_wd 8.39e+02, trn/lr 5.64e-03
[2022-02-07 17:27:52,996][INFO] [Epoch 159/200] trn/acc1 1.00e+00, trn/loss 4.19e-01, trn/loss_ce 6.05e-03, trn/loss_wd 8.26e+02, trn/lr 5.38e-03
[2022-02-07 17:27:56,785][INFO] [Epoch 160/200] trn/acc1 1.00e+00, trn/loss 4.12e-01, trn/loss_ce 5.92e-03, trn/loss_wd 8.13e+02, trn/lr 5.14e-03
[2022-02-07 17:27:56,885][INFO] [Epoch 160/200] Validation: val/acc1 0.7214, val/loss_ce 1.1512
[2022-02-07 17:28:03,829][INFO] [Epoch 161/200] trn/acc1 1.00e+00, trn/loss 4.06e-01, trn/loss_ce 6.11e-03, trn/loss_wd 8.01e+02, trn/lr 4.89e-03
[2022-02-07 17:28:07,611][INFO] [Epoch 162/200] trn/acc1 9.99e-01, trn/loss 4.01e-01, trn/loss_ce 6.10e-03, trn/loss_wd 7.89e+02, trn/lr 4.66e-03
[2022-02-07 17:28:11,388][INFO] [Epoch 163/200] trn/acc1 1.00e+00, trn/loss 3.95e-01, trn/loss_ce 5.62e-03, trn/loss_wd 7.79e+02, trn/lr 4.43e-03
[2022-02-07 17:28:15,162][INFO] [Epoch 164/200] trn/acc1 1.00e+00, trn/loss 3.90e-01, trn/loss_ce 5.82e-03, trn/loss_wd 7.69e+02, trn/lr 4.20e-03
[2022-02-07 17:28:18,941][INFO] [Epoch 165/200] trn/acc1 1.00e+00, trn/loss 3.86e-01, trn/loss_ce 5.82e-03, trn/loss_wd 7.60e+02, trn/lr 3.98e-03
[2022-02-07 17:28:22,717][INFO] [Epoch 166/200] trn/acc1 1.00e+00, trn/loss 3.81e-01, trn/loss_ce 5.72e-03, trn/loss_wd 7.51e+02, trn/lr 3.76e-03
[2022-02-07 17:28:26,489][INFO] [Epoch 167/200] trn/acc1 1.00e+00, trn/loss 3.78e-01, trn/loss_ce 5.84e-03, trn/loss_wd 7.43e+02, trn/lr 3.55e-03
[2022-02-07 17:28:30,261][INFO] [Epoch 168/200] trn/acc1 1.00e+00, trn/loss 3.74e-01, trn/loss_ce 5.91e-03, trn/loss_wd 7.36e+02, trn/lr 3.35e-03
[2022-02-07 17:28:34,047][INFO] [Epoch 169/200] trn/acc1 1.00e+00, trn/loss 3.70e-01, trn/loss_ce 5.72e-03, trn/loss_wd 7.29e+02, trn/lr 3.15e-03
[2022-02-07 17:28:37,829][INFO] [Epoch 170/200] trn/acc1 1.00e+00, trn/loss 3.67e-01, trn/loss_ce 5.58e-03, trn/loss_wd 7.23e+02, trn/lr 2.96e-03
[2022-02-07 17:28:41,595][INFO] [Epoch 171/200] trn/acc1 1.00e+00, trn/loss 3.64e-01, trn/loss_ce 5.59e-03, trn/loss_wd 7.17e+02, trn/lr 2.77e-03
[2022-02-07 17:28:45,381][INFO] [Epoch 172/200] trn/acc1 1.00e+00, trn/loss 3.61e-01, trn/loss_ce 5.60e-03, trn/loss_wd 7.11e+02, trn/lr 2.59e-03
[2022-02-07 17:28:49,150][INFO] [Epoch 173/200] trn/acc1 1.00e+00, trn/loss 3.59e-01, trn/loss_ce 5.58e-03, trn/loss_wd 7.06e+02, trn/lr 2.41e-03
[2022-02-07 17:28:52,932][INFO] [Epoch 174/200] trn/acc1 1.00e+00, trn/loss 3.56e-01, trn/loss_ce 5.47e-03, trn/loss_wd 7.01e+02, trn/lr 2.24e-03
[2022-02-07 17:28:56,712][INFO] [Epoch 175/200] trn/acc1 1.00e+00, trn/loss 3.54e-01, trn/loss_ce 5.46e-03, trn/loss_wd 6.97e+02, trn/lr 2.08e-03
[2022-02-07 17:29:00,482][INFO] [Epoch 176/200] trn/acc1 1.00e+00, trn/loss 3.52e-01, trn/loss_ce 5.46e-03, trn/loss_wd 6.93e+02, trn/lr 1.92e-03
[2022-02-07 17:29:04,259][INFO] [Epoch 177/200] trn/acc1 1.00e+00, trn/loss 3.50e-01, trn/loss_ce 5.34e-03, trn/loss_wd 6.89e+02, trn/lr 1.77e-03
[2022-02-07 17:29:08,142][INFO] [Epoch 178/200] trn/acc1 1.00e+00, trn/loss 3.48e-01, trn/loss_ce 5.46e-03, trn/loss_wd 6.86e+02, trn/lr 1.63e-03
[2022-02-07 17:29:11,911][INFO] [Epoch 179/200] trn/acc1 1.00e+00, trn/loss 3.47e-01, trn/loss_ce 5.35e-03, trn/loss_wd 6.83e+02, trn/lr 1.49e-03
[2022-02-07 17:29:15,694][INFO] [Epoch 180/200] trn/acc1 1.00e+00, trn/loss 3.45e-01, trn/loss_ce 5.28e-03, trn/loss_wd 6.80e+02, trn/lr 1.35e-03
[2022-02-07 17:29:15,794][INFO] [Epoch 180/200] Validation: val/acc1 0.7296, val/loss_ce 1.1048
[2022-02-07 17:29:23,595][INFO] [Epoch 181/200] trn/acc1 1.00e+00, trn/loss 3.44e-01, trn/loss_ce 5.54e-03, trn/loss_wd 6.78e+02, trn/lr 1.22e-03
[2022-02-07 17:29:23,696][INFO] [Epoch 181/200] Validation: val/acc1 0.7276, val/loss_ce 1.1070
[2022-02-07 17:29:28,347][INFO] [Epoch 182/200] trn/acc1 1.00e+00, trn/loss 3.43e-01, trn/loss_ce 5.67e-03, trn/loss_wd 6.75e+02, trn/lr 1.10e-03
[2022-02-07 17:29:28,447][INFO] [Epoch 182/200] Validation: val/acc1 0.7288, val/loss_ce 1.1047
[2022-02-07 17:29:34,535][INFO] [Epoch 183/200] trn/acc1 1.00e+00, trn/loss 3.42e-01, trn/loss_ce 5.31e-03, trn/loss_wd 6.73e+02, trn/lr 9.87e-04
[2022-02-07 17:29:34,635][INFO] [Epoch 183/200] Validation: val/acc1 0.7302, val/loss_ce 1.1046
[2022-02-07 17:29:42,051][INFO] [Epoch 184/200] trn/acc1 1.00e+00, trn/loss 3.41e-01, trn/loss_ce 5.24e-03, trn/loss_wd 6.72e+02, trn/lr 8.79e-04
[2022-02-07 17:29:42,151][INFO] [Epoch 184/200] Validation: val/acc1 0.7270, val/loss_ce 1.1031
[2022-02-07 17:29:47,559][INFO] [Epoch 185/200] trn/acc1 1.00e+00, trn/loss 3.40e-01, trn/loss_ce 5.37e-03, trn/loss_wd 6.70e+02, trn/lr 7.76e-04
[2022-02-07 17:29:47,659][INFO] [Epoch 185/200] Validation: val/acc1 0.7272, val/loss_ce 1.1042
[2022-02-07 17:29:52,290][INFO] [Epoch 186/200] trn/acc1 1.00e+00, trn/loss 3.40e-01, trn/loss_ce 5.25e-03, trn/loss_wd 6.69e+02, trn/lr 6.79e-04
[2022-02-07 17:29:52,390][INFO] [Epoch 186/200] Validation: val/acc1 0.7288, val/loss_ce 1.1045
[2022-02-07 17:29:57,996][INFO] [Epoch 187/200] trn/acc1 1.00e+00, trn/loss 3.39e-01, trn/loss_ce 5.26e-03, trn/loss_wd 6.67e+02, trn/lr 5.89e-04
[2022-02-07 17:29:58,095][INFO] [Epoch 187/200] Validation: val/acc1 0.7296, val/loss_ce 1.1033
[2022-02-07 17:30:03,516][INFO] [Epoch 188/200] trn/acc1 1.00e+00, trn/loss 3.38e-01, trn/loss_ce 5.19e-03, trn/loss_wd 6.66e+02, trn/lr 5.06e-04
[2022-02-07 17:30:03,615][INFO] [Epoch 188/200] Validation: val/acc1 0.7290, val/loss_ce 1.1029
[2022-02-07 17:30:11,189][INFO] [Epoch 189/200] trn/acc1 1.00e+00, trn/loss 3.38e-01, trn/loss_ce 5.35e-03, trn/loss_wd 6.66e+02, trn/lr 4.28e-04
[2022-02-07 17:30:11,289][INFO] [Epoch 189/200] Validation: val/acc1 0.7298, val/loss_ce 1.1047
[2022-02-07 17:30:15,926][INFO] [Epoch 190/200] trn/acc1 1.00e+00, trn/loss 3.38e-01, trn/loss_ce 5.35e-03, trn/loss_wd 6.65e+02, trn/lr 3.57e-04
[2022-02-07 17:30:16,025][INFO] [Epoch 190/200] Validation: val/acc1 0.7310, val/loss_ce 1.1060
[2022-02-07 17:30:23,133][INFO] [Epoch 191/200] trn/acc1 1.00e+00, trn/loss 3.37e-01, trn/loss_ce 5.31e-03, trn/loss_wd 6.64e+02, trn/lr 2.93e-04
[2022-02-07 17:30:23,232][INFO] [Epoch 191/200] Validation: val/acc1 0.7302, val/loss_ce 1.1023
[2022-02-07 17:30:29,726][INFO] [Epoch 192/200] trn/acc1 1.00e+00, trn/loss 3.37e-01, trn/loss_ce 5.16e-03, trn/loss_wd 6.64e+02, trn/lr 2.34e-04
[2022-02-07 17:30:29,826][INFO] [Epoch 192/200] Validation: val/acc1 0.7310, val/loss_ce 1.1039
[2022-02-07 17:30:34,512][INFO] [Epoch 193/200] trn/acc1 1.00e+00, trn/loss 3.37e-01, trn/loss_ce 5.20e-03, trn/loss_wd 6.63e+02, trn/lr 1.83e-04
[2022-02-07 17:30:34,611][INFO] [Epoch 193/200] Validation: val/acc1 0.7280, val/loss_ce 1.1073
[2022-02-07 17:30:39,292][INFO] [Epoch 194/200] trn/acc1 1.00e+00, trn/loss 3.37e-01, trn/loss_ce 5.18e-03, trn/loss_wd 6.63e+02, trn/lr 1.37e-04
[2022-02-07 17:30:39,391][INFO] [Epoch 194/200] Validation: val/acc1 0.7294, val/loss_ce 1.1018
[2022-02-07 17:30:44,822][INFO] [Epoch 195/200] trn/acc1 1.00e+00, trn/loss 3.37e-01, trn/loss_ce 5.24e-03, trn/loss_wd 6.63e+02, trn/lr 9.84e-05
[2022-02-07 17:30:44,921][INFO] [Epoch 195/200] Validation: val/acc1 0.7296, val/loss_ce 1.1032
[2022-02-07 17:30:49,591][INFO] [Epoch 196/200] trn/acc1 1.00e+00, trn/loss 3.37e-01, trn/loss_ce 5.30e-03, trn/loss_wd 6.63e+02, trn/lr 6.60e-05
[2022-02-07 17:30:49,692][INFO] [Epoch 196/200] Validation: val/acc1 0.7294, val/loss_ce 1.1027
[2022-02-07 17:30:54,341][INFO] [Epoch 197/200] trn/acc1 1.00e+00, trn/loss 3.37e-01, trn/loss_ce 5.24e-03, trn/loss_wd 6.63e+02, trn/lr 4.00e-05
[2022-02-07 17:30:54,440][INFO] [Epoch 197/200] Validation: val/acc1 0.7294, val/loss_ce 1.1032
[2022-02-07 17:30:59,067][INFO] [Epoch 198/200] trn/acc1 1.00e+00, trn/loss 3.37e-01, trn/loss_ce 5.29e-03, trn/loss_wd 6.62e+02, trn/lr 2.06e-05
[2022-02-07 17:30:59,167][INFO] [Epoch 198/200] Validation: val/acc1 0.7272, val/loss_ce 1.1053
[2022-02-07 17:31:03,807][INFO] [Epoch 199/200] trn/acc1 1.00e+00, trn/loss 3.36e-01, trn/loss_ce 5.18e-03, trn/loss_wd 6.62e+02, trn/lr 7.58e-06
[2022-02-07 17:31:03,906][INFO] [Epoch 199/200] Validation: val/acc1 0.7298, val/loss_ce 1.1046
[2022-02-07 17:31:08,570][INFO] [Epoch 200/200] trn/acc1 1.00e+00, trn/loss 3.36e-01, trn/loss_ce 5.17e-03, trn/loss_wd 6.62e+02, trn/lr 1.09e-06
[2022-02-07 17:31:08,670][INFO] [Epoch 200/200] Validation: val/acc1 0.7294, val/loss_ce 1.1055
