[2022-02-07 16:43:41,469][INFO] Environments:
------------  ---------------------------------------------------------------------------
sys.platform  linux
Python        3.7.11 (default, Nov 23 2021, 05:29:02) [GCC 7.5.0]
JAX           0.2.27 @/mnt/data1/giung/venvs/jax0.2.27/lib/python3.7/site-packages/jax
jaxlib        0.1.75 @/mnt/data1/giung/venvs/jax0.2.27/lib/python3.7/site-packages/jaxlib
Flax          0.4.0 @/mnt/data1/giung/venvs/jax0.2.27/lib/python3.7/site-packages/flax
Optax         0.1.0 @/mnt/data1/giung/venvs/jax0.2.27/lib/python3.7/site-packages/optax
------------  ---------------------------------------------------------------------------

[2022-02-07 16:43:41,469][INFO] Command line arguments:
Namespace(batch_size=128, config_file='./configs/C100_VGG11-ReLU_SGD.yaml', keep_every_n_checkpoints=None, learning_rate=0.05, num_epochs=200, num_warmup_epochs=5, opts=[], output_dir='./outputs/C100_VGG11-ReLU/SGD/s42_e200_wd5e-4/', seed=42, weight_decay=0.0005)

[2022-02-07 16:43:41,469][INFO] Using a random seed 42

[2022-02-07 16:43:41,501][INFO] Unable to initialize backend 'tpu_driver': NOT_FOUND: Unable to find driver in registry given worker: 
[2022-02-07 16:43:41,691][INFO] Unable to initialize backend 'tpu': INVALID_ARGUMENT: TpuPlatform is not available.
[2022-02-07 16:43:44,858][INFO] Found no checkpoint files in outputs/C100_VGG11-ReLU/SGD/s42_e200_wd5e-4
[2022-02-07 16:43:59,204][INFO] [Epoch   1/200] trn/acc1 5.84e-02, trn/loss 6.22e+00, trn/loss_ce 4.29e+00, trn/loss_wd 3.85e+03, trn/lr 4.99e-03
[2022-02-07 16:44:00,476][INFO] [Epoch   1/200] Validation: val/acc1 0.1144, val/loss_ce 3.8499
[2022-02-07 16:44:07,443][INFO] [Epoch   2/200] trn/acc1 1.36e-01, trn/loss 5.52e+00, trn/loss_ce 3.65e+00, trn/loss_wd 3.75e+03, trn/lr 1.50e-02
[2022-02-07 16:44:09,988][INFO] [Epoch   3/200] trn/acc1 1.89e-01, trn/loss 5.11e+00, trn/loss_ce 3.33e+00, trn/loss_wd 3.56e+03, trn/lr 2.50e-02
[2022-02-07 16:44:12,537][INFO] [Epoch   4/200] trn/acc1 2.35e-01, trn/loss 4.76e+00, trn/loss_ce 3.10e+00, trn/loss_wd 3.32e+03, trn/lr 3.50e-02
[2022-02-07 16:44:15,086][INFO] [Epoch   5/200] trn/acc1 2.68e-01, trn/loss 4.47e+00, trn/loss_ce 2.93e+00, trn/loss_wd 3.08e+03, trn/lr 4.50e-02
[2022-02-07 16:44:17,634][INFO] [Epoch   6/200] trn/acc1 3.01e-01, trn/loss 4.17e+00, trn/loss_ce 2.75e+00, trn/loss_wd 2.85e+03, trn/lr 5.00e-02
[2022-02-07 16:44:20,177][INFO] [Epoch   7/200] trn/acc1 3.43e-01, trn/loss 3.88e+00, trn/loss_ce 2.55e+00, trn/loss_wd 2.66e+03, trn/lr 5.00e-02
[2022-02-07 16:44:22,721][INFO] [Epoch   8/200] trn/acc1 3.71e-01, trn/loss 3.68e+00, trn/loss_ce 2.42e+00, trn/loss_wd 2.52e+03, trn/lr 5.00e-02
[2022-02-07 16:44:25,264][INFO] [Epoch   9/200] trn/acc1 3.97e-01, trn/loss 3.50e+00, trn/loss_ce 2.30e+00, trn/loss_wd 2.40e+03, trn/lr 5.00e-02
[2022-02-07 16:44:27,813][INFO] [Epoch  10/200] trn/acc1 4.21e-01, trn/loss 3.36e+00, trn/loss_ce 2.20e+00, trn/loss_wd 2.32e+03, trn/lr 4.99e-02
[2022-02-07 16:44:30,358][INFO] [Epoch  11/200] trn/acc1 4.40e-01, trn/loss 3.25e+00, trn/loss_ce 2.12e+00, trn/loss_wd 2.26e+03, trn/lr 4.99e-02
[2022-02-07 16:44:33,010][INFO] [Epoch  12/200] trn/acc1 4.58e-01, trn/loss 3.16e+00, trn/loss_ce 2.05e+00, trn/loss_wd 2.22e+03, trn/lr 4.99e-02
[2022-02-07 16:44:35,565][INFO] [Epoch  13/200] trn/acc1 4.68e-01, trn/loss 3.08e+00, trn/loss_ce 1.98e+00, trn/loss_wd 2.20e+03, trn/lr 4.98e-02
[2022-02-07 16:44:38,126][INFO] [Epoch  14/200] trn/acc1 4.83e-01, trn/loss 3.03e+00, trn/loss_ce 1.94e+00, trn/loss_wd 2.18e+03, trn/lr 4.98e-02
[2022-02-07 16:44:40,690][INFO] [Epoch  15/200] trn/acc1 4.93e-01, trn/loss 2.99e+00, trn/loss_ce 1.90e+00, trn/loss_wd 2.18e+03, trn/lr 4.97e-02
[2022-02-07 16:44:43,243][INFO] [Epoch  16/200] trn/acc1 5.03e-01, trn/loss 2.95e+00, trn/loss_ce 1.85e+00, trn/loss_wd 2.19e+03, trn/lr 4.96e-02
[2022-02-07 16:44:45,798][INFO] [Epoch  17/200] trn/acc1 5.13e-01, trn/loss 2.92e+00, trn/loss_ce 1.81e+00, trn/loss_wd 2.21e+03, trn/lr 4.96e-02
[2022-02-07 16:44:48,357][INFO] [Epoch  18/200] trn/acc1 5.22e-01, trn/loss 2.89e+00, trn/loss_ce 1.77e+00, trn/loss_wd 2.23e+03, trn/lr 4.95e-02
[2022-02-07 16:44:50,910][INFO] [Epoch  19/200] trn/acc1 5.30e-01, trn/loss 2.86e+00, trn/loss_ce 1.73e+00, trn/loss_wd 2.25e+03, trn/lr 4.94e-02
[2022-02-07 16:44:53,462][INFO] [Epoch  20/200] trn/acc1 5.38e-01, trn/loss 2.84e+00, trn/loss_ce 1.70e+00, trn/loss_wd 2.28e+03, trn/lr 4.93e-02
[2022-02-07 16:44:53,530][INFO] [Epoch  20/200] Validation: val/acc1 0.4900, val/loss_ce 1.9771
[2022-02-07 16:45:07,025][INFO] [Epoch  21/200] trn/acc1 5.46e-01, trn/loss 2.83e+00, trn/loss_ce 1.68e+00, trn/loss_wd 2.31e+03, trn/lr 4.92e-02
[2022-02-07 16:45:09,573][INFO] [Epoch  22/200] trn/acc1 5.54e-01, trn/loss 2.82e+00, trn/loss_ce 1.65e+00, trn/loss_wd 2.34e+03, trn/lr 4.91e-02
[2022-02-07 16:45:12,127][INFO] [Epoch  23/200] trn/acc1 5.60e-01, trn/loss 2.81e+00, trn/loss_ce 1.62e+00, trn/loss_wd 2.37e+03, trn/lr 4.90e-02
[2022-02-07 16:45:14,681][INFO] [Epoch  24/200] trn/acc1 5.69e-01, trn/loss 2.79e+00, trn/loss_ce 1.59e+00, trn/loss_wd 2.41e+03, trn/lr 4.89e-02
[2022-02-07 16:45:17,236][INFO] [Epoch  25/200] trn/acc1 5.71e-01, trn/loss 2.78e+00, trn/loss_ce 1.56e+00, trn/loss_wd 2.44e+03, trn/lr 4.88e-02
[2022-02-07 16:45:19,785][INFO] [Epoch  26/200] trn/acc1 5.77e-01, trn/loss 2.79e+00, trn/loss_ce 1.55e+00, trn/loss_wd 2.48e+03, trn/lr 4.86e-02
[2022-02-07 16:45:22,342][INFO] [Epoch  27/200] trn/acc1 5.83e-01, trn/loss 2.78e+00, trn/loss_ce 1.53e+00, trn/loss_wd 2.51e+03, trn/lr 4.85e-02
[2022-02-07 16:45:24,897][INFO] [Epoch  28/200] trn/acc1 5.92e-01, trn/loss 2.77e+00, trn/loss_ce 1.49e+00, trn/loss_wd 2.54e+03, trn/lr 4.84e-02
[2022-02-07 16:45:27,459][INFO] [Epoch  29/200] trn/acc1 5.93e-01, trn/loss 2.78e+00, trn/loss_ce 1.49e+00, trn/loss_wd 2.58e+03, trn/lr 4.82e-02
[2022-02-07 16:45:30,014][INFO] [Epoch  30/200] trn/acc1 6.00e-01, trn/loss 2.77e+00, trn/loss_ce 1.46e+00, trn/loss_wd 2.61e+03, trn/lr 4.81e-02
[2022-02-07 16:45:32,569][INFO] [Epoch  31/200] trn/acc1 6.00e-01, trn/loss 2.78e+00, trn/loss_ce 1.46e+00, trn/loss_wd 2.65e+03, trn/lr 4.79e-02
[2022-02-07 16:45:35,125][INFO] [Epoch  32/200] trn/acc1 6.06e-01, trn/loss 2.77e+00, trn/loss_ce 1.43e+00, trn/loss_wd 2.68e+03, trn/lr 4.78e-02
[2022-02-07 16:45:37,693][INFO] [Epoch  33/200] trn/acc1 6.11e-01, trn/loss 2.77e+00, trn/loss_ce 1.41e+00, trn/loss_wd 2.72e+03, trn/lr 4.76e-02
[2022-02-07 16:45:40,279][INFO] [Epoch  34/200] trn/acc1 6.16e-01, trn/loss 2.77e+00, trn/loss_ce 1.40e+00, trn/loss_wd 2.76e+03, trn/lr 4.74e-02
[2022-02-07 16:45:42,845][INFO] [Epoch  35/200] trn/acc1 6.18e-01, trn/loss 2.78e+00, trn/loss_ce 1.39e+00, trn/loss_wd 2.79e+03, trn/lr 4.72e-02
[2022-02-07 16:45:45,404][INFO] [Epoch  36/200] trn/acc1 6.22e-01, trn/loss 2.78e+00, trn/loss_ce 1.37e+00, trn/loss_wd 2.82e+03, trn/lr 4.70e-02
[2022-02-07 16:45:47,971][INFO] [Epoch  37/200] trn/acc1 6.27e-01, trn/loss 2.78e+00, trn/loss_ce 1.35e+00, trn/loss_wd 2.85e+03, trn/lr 4.68e-02
[2022-02-07 16:45:50,532][INFO] [Epoch  38/200] trn/acc1 6.31e-01, trn/loss 2.77e+00, trn/loss_ce 1.33e+00, trn/loss_wd 2.87e+03, trn/lr 4.67e-02
[2022-02-07 16:45:53,098][INFO] [Epoch  39/200] trn/acc1 6.36e-01, trn/loss 2.77e+00, trn/loss_ce 1.32e+00, trn/loss_wd 2.90e+03, trn/lr 4.64e-02
[2022-02-07 16:45:55,663][INFO] [Epoch  40/200] trn/acc1 6.41e-01, trn/loss 2.75e+00, trn/loss_ce 1.29e+00, trn/loss_wd 2.93e+03, trn/lr 4.62e-02
[2022-02-07 16:45:55,731][INFO] [Epoch  40/200] Validation: val/acc1 0.5280, val/loss_ce 1.8453
[2022-02-07 16:46:02,001][INFO] [Epoch  41/200] trn/acc1 6.40e-01, trn/loss 2.77e+00, trn/loss_ce 1.30e+00, trn/loss_wd 2.95e+03, trn/lr 4.60e-02
[2022-02-07 16:46:04,677][INFO] [Epoch  42/200] trn/acc1 6.50e-01, trn/loss 2.75e+00, trn/loss_ce 1.26e+00, trn/loss_wd 2.97e+03, trn/lr 4.58e-02
[2022-02-07 16:46:07,234][INFO] [Epoch  43/200] trn/acc1 6.49e-01, trn/loss 2.76e+00, trn/loss_ce 1.26e+00, trn/loss_wd 2.99e+03, trn/lr 4.56e-02
[2022-02-07 16:46:09,793][INFO] [Epoch  44/200] trn/acc1 6.51e-01, trn/loss 2.76e+00, trn/loss_ce 1.25e+00, trn/loss_wd 3.02e+03, trn/lr 4.53e-02
[2022-02-07 16:46:12,354][INFO] [Epoch  45/200] trn/acc1 6.57e-01, trn/loss 2.75e+00, trn/loss_ce 1.23e+00, trn/loss_wd 3.04e+03, trn/lr 4.51e-02
[2022-02-07 16:46:14,910][INFO] [Epoch  46/200] trn/acc1 6.62e-01, trn/loss 2.74e+00, trn/loss_ce 1.22e+00, trn/loss_wd 3.05e+03, trn/lr 4.49e-02
[2022-02-07 16:46:17,467][INFO] [Epoch  47/200] trn/acc1 6.62e-01, trn/loss 2.75e+00, trn/loss_ce 1.21e+00, trn/loss_wd 3.08e+03, trn/lr 4.46e-02
[2022-02-07 16:46:20,031][INFO] [Epoch  48/200] trn/acc1 6.68e-01, trn/loss 2.73e+00, trn/loss_ce 1.18e+00, trn/loss_wd 3.09e+03, trn/lr 4.44e-02
[2022-02-07 16:46:22,592][INFO] [Epoch  49/200] trn/acc1 6.70e-01, trn/loss 2.73e+00, trn/loss_ce 1.18e+00, trn/loss_wd 3.11e+03, trn/lr 4.41e-02
[2022-02-07 16:46:25,155][INFO] [Epoch  50/200] trn/acc1 6.77e-01, trn/loss 2.72e+00, trn/loss_ce 1.15e+00, trn/loss_wd 3.14e+03, trn/lr 4.38e-02
[2022-02-07 16:46:27,721][INFO] [Epoch  51/200] trn/acc1 6.77e-01, trn/loss 2.73e+00, trn/loss_ce 1.15e+00, trn/loss_wd 3.15e+03, trn/lr 4.36e-02
[2022-02-07 16:46:30,283][INFO] [Epoch  52/200] trn/acc1 6.81e-01, trn/loss 2.72e+00, trn/loss_ce 1.14e+00, trn/loss_wd 3.17e+03, trn/lr 4.33e-02
[2022-02-07 16:46:32,840][INFO] [Epoch  53/200] trn/acc1 6.80e-01, trn/loss 2.73e+00, trn/loss_ce 1.13e+00, trn/loss_wd 3.20e+03, trn/lr 4.30e-02
[2022-02-07 16:46:35,403][INFO] [Epoch  54/200] trn/acc1 6.92e-01, trn/loss 2.70e+00, trn/loss_ce 1.09e+00, trn/loss_wd 3.21e+03, trn/lr 4.27e-02
[2022-02-07 16:46:37,969][INFO] [Epoch  55/200] trn/acc1 6.91e-01, trn/loss 2.71e+00, trn/loss_ce 1.10e+00, trn/loss_wd 3.22e+03, trn/lr 4.25e-02
[2022-02-07 16:46:40,529][INFO] [Epoch  56/200] trn/acc1 6.92e-01, trn/loss 2.71e+00, trn/loss_ce 1.09e+00, trn/loss_wd 3.24e+03, trn/lr 4.22e-02
[2022-02-07 16:46:43,086][INFO] [Epoch  57/200] trn/acc1 6.98e-01, trn/loss 2.69e+00, trn/loss_ce 1.07e+00, trn/loss_wd 3.25e+03, trn/lr 4.19e-02
[2022-02-07 16:46:45,646][INFO] [Epoch  58/200] trn/acc1 7.04e-01, trn/loss 2.68e+00, trn/loss_ce 1.05e+00, trn/loss_wd 3.26e+03, trn/lr 4.16e-02
[2022-02-07 16:46:48,204][INFO] [Epoch  59/200] trn/acc1 7.04e-01, trn/loss 2.68e+00, trn/loss_ce 1.04e+00, trn/loss_wd 3.27e+03, trn/lr 4.13e-02
[2022-02-07 16:46:50,761][INFO] [Epoch  60/200] trn/acc1 7.08e-01, trn/loss 2.67e+00, trn/loss_ce 1.03e+00, trn/loss_wd 3.29e+03, trn/lr 4.10e-02
[2022-02-07 16:46:50,828][INFO] [Epoch  60/200] Validation: val/acc1 0.5502, val/loss_ce 1.8153
[2022-02-07 16:46:59,577][INFO] [Epoch  61/200] trn/acc1 7.11e-01, trn/loss 2.67e+00, trn/loss_ce 1.02e+00, trn/loss_wd 3.30e+03, trn/lr 4.07e-02
[2022-02-07 16:47:02,132][INFO] [Epoch  62/200] trn/acc1 7.18e-01, trn/loss 2.65e+00, trn/loss_ce 9.91e-01, trn/loss_wd 3.31e+03, trn/lr 4.03e-02
[2022-02-07 16:47:04,692][INFO] [Epoch  63/200] trn/acc1 7.20e-01, trn/loss 2.63e+00, trn/loss_ce 9.76e-01, trn/loss_wd 3.32e+03, trn/lr 4.00e-02
[2022-02-07 16:47:07,252][INFO] [Epoch  64/200] trn/acc1 7.23e-01, trn/loss 2.63e+00, trn/loss_ce 9.68e-01, trn/loss_wd 3.33e+03, trn/lr 3.97e-02
[2022-02-07 16:47:09,811][INFO] [Epoch  65/200] trn/acc1 7.26e-01, trn/loss 2.62e+00, trn/loss_ce 9.55e-01, trn/loss_wd 3.33e+03, trn/lr 3.94e-02
[2022-02-07 16:47:12,367][INFO] [Epoch  66/200] trn/acc1 7.32e-01, trn/loss 2.61e+00, trn/loss_ce 9.40e-01, trn/loss_wd 3.34e+03, trn/lr 3.90e-02
[2022-02-07 16:47:14,923][INFO] [Epoch  67/200] trn/acc1 7.28e-01, trn/loss 2.62e+00, trn/loss_ce 9.46e-01, trn/loss_wd 3.35e+03, trn/lr 3.87e-02
[2022-02-07 16:47:17,480][INFO] [Epoch  68/200] trn/acc1 7.34e-01, trn/loss 2.59e+00, trn/loss_ce 9.12e-01, trn/loss_wd 3.36e+03, trn/lr 3.84e-02
[2022-02-07 16:47:20,037][INFO] [Epoch  69/200] trn/acc1 7.40e-01, trn/loss 2.59e+00, trn/loss_ce 9.02e-01, trn/loss_wd 3.37e+03, trn/lr 3.80e-02
[2022-02-07 16:47:22,594][INFO] [Epoch  70/200] trn/acc1 7.46e-01, trn/loss 2.57e+00, trn/loss_ce 8.79e-01, trn/loss_wd 3.38e+03, trn/lr 3.77e-02
[2022-02-07 16:47:25,151][INFO] [Epoch  71/200] trn/acc1 7.46e-01, trn/loss 2.57e+00, trn/loss_ce 8.81e-01, trn/loss_wd 3.39e+03, trn/lr 3.73e-02
[2022-02-07 16:47:27,708][INFO] [Epoch  72/200] trn/acc1 7.56e-01, trn/loss 2.54e+00, trn/loss_ce 8.42e-01, trn/loss_wd 3.39e+03, trn/lr 3.70e-02
[2022-02-07 16:47:30,269][INFO] [Epoch  73/200] trn/acc1 7.59e-01, trn/loss 2.53e+00, trn/loss_ce 8.33e-01, trn/loss_wd 3.39e+03, trn/lr 3.66e-02
[2022-02-07 16:47:32,823][INFO] [Epoch  74/200] trn/acc1 7.59e-01, trn/loss 2.53e+00, trn/loss_ce 8.31e-01, trn/loss_wd 3.39e+03, trn/lr 3.63e-02
[2022-02-07 16:47:35,485][INFO] [Epoch  75/200] trn/acc1 7.65e-01, trn/loss 2.50e+00, trn/loss_ce 8.04e-01, trn/loss_wd 3.40e+03, trn/lr 3.59e-02
[2022-02-07 16:47:38,044][INFO] [Epoch  76/200] trn/acc1 7.68e-01, trn/loss 2.50e+00, trn/loss_ce 8.02e-01, trn/loss_wd 3.40e+03, trn/lr 3.55e-02
[2022-02-07 16:47:40,605][INFO] [Epoch  77/200] trn/acc1 7.72e-01, trn/loss 2.48e+00, trn/loss_ce 7.76e-01, trn/loss_wd 3.40e+03, trn/lr 3.52e-02
[2022-02-07 16:47:43,162][INFO] [Epoch  78/200] trn/acc1 7.72e-01, trn/loss 2.48e+00, trn/loss_ce 7.74e-01, trn/loss_wd 3.40e+03, trn/lr 3.48e-02
[2022-02-07 16:47:45,717][INFO] [Epoch  79/200] trn/acc1 7.81e-01, trn/loss 2.45e+00, trn/loss_ce 7.45e-01, trn/loss_wd 3.40e+03, trn/lr 3.44e-02
[2022-02-07 16:47:48,275][INFO] [Epoch  80/200] trn/acc1 7.81e-01, trn/loss 2.44e+00, trn/loss_ce 7.39e-01, trn/loss_wd 3.40e+03, trn/lr 3.41e-02
[2022-02-07 16:47:48,342][INFO] [Epoch  80/200] Validation: val/acc1 0.5694, val/loss_ce 1.8090
[2022-02-07 16:47:55,899][INFO] [Epoch  81/200] trn/acc1 7.93e-01, trn/loss 2.41e+00, trn/loss_ce 7.09e-01, trn/loss_wd 3.39e+03, trn/lr 3.37e-02
[2022-02-07 16:47:58,454][INFO] [Epoch  82/200] trn/acc1 7.95e-01, trn/loss 2.38e+00, trn/loss_ce 6.89e-01, trn/loss_wd 3.39e+03, trn/lr 3.33e-02
[2022-02-07 16:48:01,010][INFO] [Epoch  83/200] trn/acc1 7.97e-01, trn/loss 2.37e+00, trn/loss_ce 6.82e-01, trn/loss_wd 3.38e+03, trn/lr 3.29e-02
[2022-02-07 16:48:03,563][INFO] [Epoch  84/200] trn/acc1 7.97e-01, trn/loss 2.37e+00, trn/loss_ce 6.80e-01, trn/loss_wd 3.38e+03, trn/lr 3.25e-02
[2022-02-07 16:48:06,121][INFO] [Epoch  85/200] trn/acc1 8.04e-01, trn/loss 2.35e+00, trn/loss_ce 6.62e-01, trn/loss_wd 3.37e+03, trn/lr 3.21e-02
[2022-02-07 16:48:08,680][INFO] [Epoch  86/200] trn/acc1 8.09e-01, trn/loss 2.33e+00, trn/loss_ce 6.45e-01, trn/loss_wd 3.37e+03, trn/lr 3.18e-02
[2022-02-07 16:48:11,240][INFO] [Epoch  87/200] trn/acc1 8.17e-01, trn/loss 2.29e+00, trn/loss_ce 6.15e-01, trn/loss_wd 3.35e+03, trn/lr 3.14e-02
[2022-02-07 16:48:13,794][INFO] [Epoch  88/200] trn/acc1 8.21e-01, trn/loss 2.27e+00, trn/loss_ce 5.99e-01, trn/loss_wd 3.34e+03, trn/lr 3.10e-02
[2022-02-07 16:48:16,354][INFO] [Epoch  89/200] trn/acc1 8.22e-01, trn/loss 2.25e+00, trn/loss_ce 5.88e-01, trn/loss_wd 3.33e+03, trn/lr 3.06e-02
[2022-02-07 16:48:18,915][INFO] [Epoch  90/200] trn/acc1 8.24e-01, trn/loss 2.24e+00, trn/loss_ce 5.85e-01, trn/loss_wd 3.31e+03, trn/lr 3.02e-02
[2022-02-07 16:48:21,470][INFO] [Epoch  91/200] trn/acc1 8.37e-01, trn/loss 2.19e+00, trn/loss_ce 5.39e-01, trn/loss_wd 3.29e+03, trn/lr 2.98e-02
[2022-02-07 16:48:24,026][INFO] [Epoch  92/200] trn/acc1 8.40e-01, trn/loss 2.16e+00, trn/loss_ce 5.28e-01, trn/loss_wd 3.27e+03, trn/lr 2.94e-02
[2022-02-07 16:48:26,591][INFO] [Epoch  93/200] trn/acc1 8.41e-01, trn/loss 2.15e+00, trn/loss_ce 5.24e-01, trn/loss_wd 3.25e+03, trn/lr 2.90e-02
[2022-02-07 16:48:29,148][INFO] [Epoch  94/200] trn/acc1 8.43e-01, trn/loss 2.13e+00, trn/loss_ce 5.13e-01, trn/loss_wd 3.23e+03, trn/lr 2.86e-02
[2022-02-07 16:48:31,704][INFO] [Epoch  95/200] trn/acc1 8.52e-01, trn/loss 2.10e+00, trn/loss_ce 4.88e-01, trn/loss_wd 3.22e+03, trn/lr 2.82e-02
[2022-02-07 16:48:34,263][INFO] [Epoch  96/200] trn/acc1 8.56e-01, trn/loss 2.07e+00, trn/loss_ce 4.78e-01, trn/loss_wd 3.19e+03, trn/lr 2.78e-02
[2022-02-07 16:48:36,822][INFO] [Epoch  97/200] trn/acc1 8.59e-01, trn/loss 2.05e+00, trn/loss_ce 4.65e-01, trn/loss_wd 3.17e+03, trn/lr 2.74e-02
[2022-02-07 16:48:39,381][INFO] [Epoch  98/200] trn/acc1 8.65e-01, trn/loss 2.02e+00, trn/loss_ce 4.44e-01, trn/loss_wd 3.14e+03, trn/lr 2.70e-02
[2022-02-07 16:48:41,938][INFO] [Epoch  99/200] trn/acc1 8.70e-01, trn/loss 1.99e+00, trn/loss_ce 4.28e-01, trn/loss_wd 3.12e+03, trn/lr 2.66e-02
[2022-02-07 16:48:44,496][INFO] [Epoch 100/200] trn/acc1 8.71e-01, trn/loss 1.96e+00, trn/loss_ce 4.12e-01, trn/loss_wd 3.09e+03, trn/lr 2.62e-02
[2022-02-07 16:48:44,564][INFO] [Epoch 100/200] Validation: val/acc1 0.5800, val/loss_ce 1.9465
[2022-02-07 16:48:52,568][INFO] [Epoch 101/200] trn/acc1 8.78e-01, trn/loss 1.93e+00, trn/loss_ce 3.98e-01, trn/loss_wd 3.06e+03, trn/lr 2.58e-02
[2022-02-07 16:48:55,130][INFO] [Epoch 102/200] trn/acc1 8.80e-01, trn/loss 1.91e+00, trn/loss_ce 3.92e-01, trn/loss_wd 3.03e+03, trn/lr 2.54e-02
[2022-02-07 16:48:57,791][INFO] [Epoch 103/200] trn/acc1 8.84e-01, trn/loss 1.88e+00, trn/loss_ce 3.77e-01, trn/loss_wd 3.00e+03, trn/lr 2.50e-02
[2022-02-07 16:49:00,343][INFO] [Epoch 104/200] trn/acc1 8.91e-01, trn/loss 1.84e+00, trn/loss_ce 3.56e-01, trn/loss_wd 2.97e+03, trn/lr 2.46e-02
[2022-02-07 16:49:02,894][INFO] [Epoch 105/200] trn/acc1 8.92e-01, trn/loss 1.82e+00, trn/loss_ce 3.51e-01, trn/loss_wd 2.93e+03, trn/lr 2.42e-02
[2022-02-07 16:49:05,455][INFO] [Epoch 106/200] trn/acc1 8.93e-01, trn/loss 1.80e+00, trn/loss_ce 3.45e-01, trn/loss_wd 2.91e+03, trn/lr 2.38e-02
[2022-02-07 16:49:08,015][INFO] [Epoch 107/200] trn/acc1 9.01e-01, trn/loss 1.76e+00, trn/loss_ce 3.20e-01, trn/loss_wd 2.87e+03, trn/lr 2.34e-02
[2022-02-07 16:49:10,575][INFO] [Epoch 108/200] trn/acc1 9.03e-01, trn/loss 1.73e+00, trn/loss_ce 3.10e-01, trn/loss_wd 2.84e+03, trn/lr 2.30e-02
[2022-02-07 16:49:13,135][INFO] [Epoch 109/200] trn/acc1 9.08e-01, trn/loss 1.70e+00, trn/loss_ce 2.99e-01, trn/loss_wd 2.80e+03, trn/lr 2.26e-02
[2022-02-07 16:49:15,696][INFO] [Epoch 110/200] trn/acc1 9.09e-01, trn/loss 1.67e+00, trn/loss_ce 2.92e-01, trn/loss_wd 2.77e+03, trn/lr 2.22e-02
[2022-02-07 16:49:18,257][INFO] [Epoch 111/200] trn/acc1 9.15e-01, trn/loss 1.64e+00, trn/loss_ce 2.75e-01, trn/loss_wd 2.73e+03, trn/lr 2.18e-02
[2022-02-07 16:49:20,817][INFO] [Epoch 112/200] trn/acc1 9.19e-01, trn/loss 1.61e+00, trn/loss_ce 2.61e-01, trn/loss_wd 2.69e+03, trn/lr 2.14e-02
[2022-02-07 16:49:23,376][INFO] [Epoch 113/200] trn/acc1 9.21e-01, trn/loss 1.58e+00, trn/loss_ce 2.50e-01, trn/loss_wd 2.65e+03, trn/lr 2.10e-02
[2022-02-07 16:49:25,939][INFO] [Epoch 114/200] trn/acc1 9.24e-01, trn/loss 1.55e+00, trn/loss_ce 2.43e-01, trn/loss_wd 2.61e+03, trn/lr 2.06e-02
[2022-02-07 16:49:28,503][INFO] [Epoch 115/200] trn/acc1 9.26e-01, trn/loss 1.53e+00, trn/loss_ce 2.38e-01, trn/loss_wd 2.57e+03, trn/lr 2.02e-02
[2022-02-07 16:49:31,070][INFO] [Epoch 116/200] trn/acc1 9.33e-01, trn/loss 1.48e+00, trn/loss_ce 2.16e-01, trn/loss_wd 2.53e+03, trn/lr 1.98e-02
[2022-02-07 16:49:33,633][INFO] [Epoch 117/200] trn/acc1 9.37e-01, trn/loss 1.45e+00, trn/loss_ce 2.03e-01, trn/loss_wd 2.49e+03, trn/lr 1.94e-02
[2022-02-07 16:49:36,194][INFO] [Epoch 118/200] trn/acc1 9.39e-01, trn/loss 1.42e+00, trn/loss_ce 1.98e-01, trn/loss_wd 2.45e+03, trn/lr 1.90e-02
[2022-02-07 16:49:38,757][INFO] [Epoch 119/200] trn/acc1 9.41e-01, trn/loss 1.39e+00, trn/loss_ce 1.89e-01, trn/loss_wd 2.41e+03, trn/lr 1.86e-02
[2022-02-07 16:49:41,321][INFO] [Epoch 120/200] trn/acc1 9.45e-01, trn/loss 1.36e+00, trn/loss_ce 1.76e-01, trn/loss_wd 2.36e+03, trn/lr 1.82e-02
[2022-02-07 16:49:41,388][INFO] [Epoch 120/200] Validation: val/acc1 0.5974, val/loss_ce 2.1506
[2022-02-07 16:49:48,416][INFO] [Epoch 121/200] trn/acc1 9.50e-01, trn/loss 1.33e+00, trn/loss_ce 1.65e-01, trn/loss_wd 2.32e+03, trn/lr 1.79e-02
[2022-02-07 16:49:50,972][INFO] [Epoch 122/200] trn/acc1 9.50e-01, trn/loss 1.30e+00, trn/loss_ce 1.59e-01, trn/loss_wd 2.28e+03, trn/lr 1.75e-02
[2022-02-07 16:49:53,530][INFO] [Epoch 123/200] trn/acc1 9.51e-01, trn/loss 1.28e+00, trn/loss_ce 1.60e-01, trn/loss_wd 2.24e+03, trn/lr 1.71e-02
[2022-02-07 16:49:56,098][INFO] [Epoch 124/200] trn/acc1 9.55e-01, trn/loss 1.24e+00, trn/loss_ce 1.44e-01, trn/loss_wd 2.20e+03, trn/lr 1.67e-02
[2022-02-07 16:49:58,660][INFO] [Epoch 125/200] trn/acc1 9.57e-01, trn/loss 1.22e+00, trn/loss_ce 1.40e-01, trn/loss_wd 2.16e+03, trn/lr 1.63e-02
[2022-02-07 16:50:01,226][INFO] [Epoch 126/200] trn/acc1 9.60e-01, trn/loss 1.19e+00, trn/loss_ce 1.30e-01, trn/loss_wd 2.12e+03, trn/lr 1.59e-02
[2022-02-07 16:50:03,804][INFO] [Epoch 127/200] trn/acc1 9.61e-01, trn/loss 1.17e+00, trn/loss_ce 1.26e-01, trn/loss_wd 2.08e+03, trn/lr 1.56e-02
[2022-02-07 16:50:06,380][INFO] [Epoch 128/200] trn/acc1 9.66e-01, trn/loss 1.13e+00, trn/loss_ce 1.15e-01, trn/loss_wd 2.04e+03, trn/lr 1.52e-02
[2022-02-07 16:50:08,949][INFO] [Epoch 129/200] trn/acc1 9.67e-01, trn/loss 1.11e+00, trn/loss_ce 1.11e-01, trn/loss_wd 2.00e+03, trn/lr 1.48e-02
[2022-02-07 16:50:11,519][INFO] [Epoch 130/200] trn/acc1 9.67e-01, trn/loss 1.09e+00, trn/loss_ce 1.08e-01, trn/loss_wd 1.96e+03, trn/lr 1.45e-02
[2022-02-07 16:50:14,089][INFO] [Epoch 131/200] trn/acc1 9.71e-01, trn/loss 1.06e+00, trn/loss_ce 9.58e-02, trn/loss_wd 1.93e+03, trn/lr 1.41e-02
[2022-02-07 16:50:16,659][INFO] [Epoch 132/200] trn/acc1 9.69e-01, trn/loss 1.04e+00, trn/loss_ce 9.87e-02, trn/loss_wd 1.89e+03, trn/lr 1.37e-02
[2022-02-07 16:50:19,232][INFO] [Epoch 133/200] trn/acc1 9.74e-01, trn/loss 1.01e+00, trn/loss_ce 8.67e-02, trn/loss_wd 1.85e+03, trn/lr 1.34e-02
[2022-02-07 16:50:21,803][INFO] [Epoch 134/200] trn/acc1 9.76e-01, trn/loss 9.91e-01, trn/loss_ce 8.24e-02, trn/loss_wd 1.82e+03, trn/lr 1.30e-02
[2022-02-07 16:50:24,376][INFO] [Epoch 135/200] trn/acc1 9.78e-01, trn/loss 9.64e-01, trn/loss_ce 7.37e-02, trn/loss_wd 1.78e+03, trn/lr 1.27e-02
[2022-02-07 16:50:27,052][INFO] [Epoch 136/200] trn/acc1 9.79e-01, trn/loss 9.47e-01, trn/loss_ce 7.37e-02, trn/loss_wd 1.75e+03, trn/lr 1.23e-02
[2022-02-07 16:50:29,637][INFO] [Epoch 137/200] trn/acc1 9.81e-01, trn/loss 9.21e-01, trn/loss_ce 6.43e-02, trn/loss_wd 1.71e+03, trn/lr 1.20e-02
[2022-02-07 16:50:32,203][INFO] [Epoch 138/200] trn/acc1 9.82e-01, trn/loss 9.04e-01, trn/loss_ce 6.44e-02, trn/loss_wd 1.68e+03, trn/lr 1.16e-02
[2022-02-07 16:50:34,771][INFO] [Epoch 139/200] trn/acc1 9.83e-01, trn/loss 8.82e-01, trn/loss_ce 5.86e-02, trn/loss_wd 1.65e+03, trn/lr 1.13e-02
[2022-02-07 16:50:37,337][INFO] [Epoch 140/200] trn/acc1 9.85e-01, trn/loss 8.61e-01, trn/loss_ce 5.40e-02, trn/loss_wd 1.61e+03, trn/lr 1.10e-02
[2022-02-07 16:50:37,406][INFO] [Epoch 140/200] Validation: val/acc1 0.6066, val/loss_ce 2.0592
[2022-02-07 16:50:43,721][INFO] [Epoch 141/200] trn/acc1 9.87e-01, trn/loss 8.39e-01, trn/loss_ce 4.75e-02, trn/loss_wd 1.58e+03, trn/lr 1.06e-02
[2022-02-07 16:50:46,281][INFO] [Epoch 142/200] trn/acc1 9.84e-01, trn/loss 8.34e-01, trn/loss_ce 5.73e-02, trn/loss_wd 1.55e+03, trn/lr 1.03e-02
[2022-02-07 16:50:48,845][INFO] [Epoch 143/200] trn/acc1 9.87e-01, trn/loss 8.10e-01, trn/loss_ce 4.65e-02, trn/loss_wd 1.53e+03, trn/lr 9.98e-03
[2022-02-07 16:50:51,409][INFO] [Epoch 144/200] trn/acc1 9.87e-01, trn/loss 7.97e-01, trn/loss_ce 4.67e-02, trn/loss_wd 1.50e+03, trn/lr 9.66e-03
[2022-02-07 16:50:53,976][INFO] [Epoch 145/200] trn/acc1 9.88e-01, trn/loss 7.79e-01, trn/loss_ce 4.20e-02, trn/loss_wd 1.47e+03, trn/lr 9.35e-03
[2022-02-07 16:50:56,536][INFO] [Epoch 146/200] trn/acc1 9.90e-01, trn/loss 7.60e-01, trn/loss_ce 3.57e-02, trn/loss_wd 1.45e+03, trn/lr 9.03e-03
[2022-02-07 16:50:59,104][INFO] [Epoch 147/200] trn/acc1 9.91e-01, trn/loss 7.46e-01, trn/loss_ce 3.48e-02, trn/loss_wd 1.42e+03, trn/lr 8.73e-03
[2022-02-07 16:51:01,668][INFO] [Epoch 148/200] trn/acc1 9.91e-01, trn/loss 7.35e-01, trn/loss_ce 3.60e-02, trn/loss_wd 1.40e+03, trn/lr 8.42e-03
[2022-02-07 16:51:04,240][INFO] [Epoch 149/200] trn/acc1 9.92e-01, trn/loss 7.19e-01, trn/loss_ce 3.17e-02, trn/loss_wd 1.38e+03, trn/lr 8.12e-03
[2022-02-07 16:51:06,806][INFO] [Epoch 150/200] trn/acc1 9.93e-01, trn/loss 7.04e-01, trn/loss_ce 2.78e-02, trn/loss_wd 1.35e+03, trn/lr 7.83e-03
[2022-02-07 16:51:09,376][INFO] [Epoch 151/200] trn/acc1 9.93e-01, trn/loss 6.94e-01, trn/loss_ce 2.89e-02, trn/loss_wd 1.33e+03, trn/lr 7.54e-03
[2022-02-07 16:51:11,946][INFO] [Epoch 152/200] trn/acc1 9.95e-01, trn/loss 6.78e-01, trn/loss_ce 2.30e-02, trn/loss_wd 1.31e+03, trn/lr 7.25e-03
[2022-02-07 16:51:14,515][INFO] [Epoch 153/200] trn/acc1 9.94e-01, trn/loss 6.68e-01, trn/loss_ce 2.32e-02, trn/loss_wd 1.29e+03, trn/lr 6.97e-03
[2022-02-07 16:51:17,084][INFO] [Epoch 154/200] trn/acc1 9.95e-01, trn/loss 6.57e-01, trn/loss_ce 2.19e-02, trn/loss_wd 1.27e+03, trn/lr 6.69e-03
[2022-02-07 16:51:19,658][INFO] [Epoch 155/200] trn/acc1 9.95e-01, trn/loss 6.47e-01, trn/loss_ce 2.16e-02, trn/loss_wd 1.25e+03, trn/lr 6.42e-03
[2022-02-07 16:51:22,230][INFO] [Epoch 156/200] trn/acc1 9.96e-01, trn/loss 6.36e-01, trn/loss_ce 1.97e-02, trn/loss_wd 1.23e+03, trn/lr 6.15e-03
[2022-02-07 16:51:24,799][INFO] [Epoch 157/200] trn/acc1 9.95e-01, trn/loss 6.28e-01, trn/loss_ce 2.00e-02, trn/loss_wd 1.22e+03, trn/lr 5.89e-03
[2022-02-07 16:51:27,371][INFO] [Epoch 158/200] trn/acc1 9.96e-01, trn/loss 6.16e-01, trn/loss_ce 1.68e-02, trn/loss_wd 1.20e+03, trn/lr 5.64e-03
[2022-02-07 16:51:29,940][INFO] [Epoch 159/200] trn/acc1 9.97e-01, trn/loss 6.09e-01, trn/loss_ce 1.66e-02, trn/loss_wd 1.18e+03, trn/lr 5.38e-03
[2022-02-07 16:51:32,510][INFO] [Epoch 160/200] trn/acc1 9.97e-01, trn/loss 6.00e-01, trn/loss_ce 1.55e-02, trn/loss_wd 1.17e+03, trn/lr 5.14e-03
[2022-02-07 16:51:32,577][INFO] [Epoch 160/200] Validation: val/acc1 0.6130, val/loss_ce 2.0825
[2022-02-07 16:51:38,049][INFO] [Epoch 161/200] trn/acc1 9.97e-01, trn/loss 5.93e-01, trn/loss_ce 1.52e-02, trn/loss_wd 1.16e+03, trn/lr 4.89e-03
[2022-02-07 16:51:40,616][INFO] [Epoch 162/200] trn/acc1 9.97e-01, trn/loss 5.86e-01, trn/loss_ce 1.54e-02, trn/loss_wd 1.14e+03, trn/lr 4.66e-03
[2022-02-07 16:51:43,186][INFO] [Epoch 163/200] trn/acc1 9.97e-01, trn/loss 5.79e-01, trn/loss_ce 1.37e-02, trn/loss_wd 1.13e+03, trn/lr 4.43e-03
[2022-02-07 16:51:45,859][INFO] [Epoch 164/200] trn/acc1 9.98e-01, trn/loss 5.70e-01, trn/loss_ce 1.16e-02, trn/loss_wd 1.12e+03, trn/lr 4.20e-03
[2022-02-07 16:51:48,431][INFO] [Epoch 165/200] trn/acc1 9.97e-01, trn/loss 5.66e-01, trn/loss_ce 1.27e-02, trn/loss_wd 1.11e+03, trn/lr 3.98e-03
[2022-02-07 16:51:51,002][INFO] [Epoch 166/200] trn/acc1 9.98e-01, trn/loss 5.60e-01, trn/loss_ce 1.19e-02, trn/loss_wd 1.10e+03, trn/lr 3.76e-03
[2022-02-07 16:51:53,572][INFO] [Epoch 167/200] trn/acc1 9.98e-01, trn/loss 5.53e-01, trn/loss_ce 1.02e-02, trn/loss_wd 1.09e+03, trn/lr 3.55e-03
[2022-02-07 16:51:56,137][INFO] [Epoch 168/200] trn/acc1 9.99e-01, trn/loss 5.47e-01, trn/loss_ce 8.62e-03, trn/loss_wd 1.08e+03, trn/lr 3.35e-03
[2022-02-07 16:51:58,704][INFO] [Epoch 169/200] trn/acc1 9.98e-01, trn/loss 5.43e-01, trn/loss_ce 9.47e-03, trn/loss_wd 1.07e+03, trn/lr 3.15e-03
[2022-02-07 16:52:01,266][INFO] [Epoch 170/200] trn/acc1 9.99e-01, trn/loss 5.38e-01, trn/loss_ce 8.64e-03, trn/loss_wd 1.06e+03, trn/lr 2.96e-03
[2022-02-07 16:52:03,835][INFO] [Epoch 171/200] trn/acc1 9.99e-01, trn/loss 5.33e-01, trn/loss_ce 8.22e-03, trn/loss_wd 1.05e+03, trn/lr 2.77e-03
[2022-02-07 16:52:06,399][INFO] [Epoch 172/200] trn/acc1 9.99e-01, trn/loss 5.30e-01, trn/loss_ce 8.89e-03, trn/loss_wd 1.04e+03, trn/lr 2.59e-03
[2022-02-07 16:52:08,968][INFO] [Epoch 173/200] trn/acc1 9.99e-01, trn/loss 5.27e-01, trn/loss_ce 8.92e-03, trn/loss_wd 1.04e+03, trn/lr 2.41e-03
[2022-02-07 16:52:11,539][INFO] [Epoch 174/200] trn/acc1 9.99e-01, trn/loss 5.24e-01, trn/loss_ce 8.91e-03, trn/loss_wd 1.03e+03, trn/lr 2.24e-03
[2022-02-07 16:52:14,113][INFO] [Epoch 175/200] trn/acc1 9.99e-01, trn/loss 5.20e-01, trn/loss_ce 8.04e-03, trn/loss_wd 1.02e+03, trn/lr 2.08e-03
[2022-02-07 16:52:16,679][INFO] [Epoch 176/200] trn/acc1 9.99e-01, trn/loss 5.18e-01, trn/loss_ce 7.94e-03, trn/loss_wd 1.02e+03, trn/lr 1.92e-03
[2022-02-07 16:52:19,249][INFO] [Epoch 177/200] trn/acc1 9.99e-01, trn/loss 5.15e-01, trn/loss_ce 7.41e-03, trn/loss_wd 1.01e+03, trn/lr 1.77e-03
[2022-02-07 16:52:21,818][INFO] [Epoch 178/200] trn/acc1 9.99e-01, trn/loss 5.12e-01, trn/loss_ce 7.25e-03, trn/loss_wd 1.01e+03, trn/lr 1.63e-03
[2022-02-07 16:52:24,386][INFO] [Epoch 179/200] trn/acc1 9.99e-01, trn/loss 5.10e-01, trn/loss_ce 7.23e-03, trn/loss_wd 1.01e+03, trn/lr 1.49e-03
[2022-02-07 16:52:26,950][INFO] [Epoch 180/200] trn/acc1 9.99e-01, trn/loss 5.08e-01, trn/loss_ce 6.99e-03, trn/loss_wd 1.00e+03, trn/lr 1.35e-03
[2022-02-07 16:52:27,018][INFO] [Epoch 180/200] Validation: val/acc1 0.6252, val/loss_ce 2.1988
[2022-02-07 16:52:32,653][INFO] [Epoch 181/200] trn/acc1 9.99e-01, trn/loss 5.06e-01, trn/loss_ce 6.86e-03, trn/loss_wd 9.99e+02, trn/lr 1.22e-03
[2022-02-07 16:52:32,721][INFO] [Epoch 181/200] Validation: val/acc1 0.6268, val/loss_ce 2.1876
[2022-02-07 16:52:37,500][INFO] [Epoch 182/200] trn/acc1 9.99e-01, trn/loss 5.04e-01, trn/loss_ce 6.75e-03, trn/loss_wd 9.95e+02, trn/lr 1.10e-03
[2022-02-07 16:52:37,568][INFO] [Epoch 182/200] Validation: val/acc1 0.6246, val/loss_ce 2.2172
[2022-02-07 16:52:40,991][INFO] [Epoch 183/200] trn/acc1 9.99e-01, trn/loss 5.03e-01, trn/loss_ce 6.74e-03, trn/loss_wd 9.93e+02, trn/lr 9.87e-04
[2022-02-07 16:52:41,059][INFO] [Epoch 183/200] Validation: val/acc1 0.6230, val/loss_ce 2.2084
[2022-02-07 16:52:44,503][INFO] [Epoch 184/200] trn/acc1 9.99e-01, trn/loss 5.02e-01, trn/loss_ce 6.95e-03, trn/loss_wd 9.90e+02, trn/lr 8.79e-04
[2022-02-07 16:52:44,571][INFO] [Epoch 184/200] Validation: val/acc1 0.6228, val/loss_ce 2.1896
[2022-02-07 16:52:47,972][INFO] [Epoch 185/200] trn/acc1 9.99e-01, trn/loss 5.00e-01, trn/loss_ce 6.50e-03, trn/loss_wd 9.88e+02, trn/lr 7.76e-04
[2022-02-07 16:52:48,421][INFO] [Epoch 185/200] Validation: val/acc1 0.6266, val/loss_ce 2.2088
[2022-02-07 16:52:52,304][INFO] [Epoch 186/200] trn/acc1 9.99e-01, trn/loss 5.00e-01, trn/loss_ce 6.68e-03, trn/loss_wd 9.86e+02, trn/lr 6.79e-04
[2022-02-07 16:52:52,371][INFO] [Epoch 186/200] Validation: val/acc1 0.6246, val/loss_ce 2.2077
[2022-02-07 16:52:56,236][INFO] [Epoch 187/200] trn/acc1 1.00e+00, trn/loss 4.99e-01, trn/loss_ce 6.46e-03, trn/loss_wd 9.84e+02, trn/lr 5.89e-04
[2022-02-07 16:52:56,686][INFO] [Epoch 187/200] Validation: val/acc1 0.6218, val/loss_ce 2.2037
[2022-02-07 16:53:00,742][INFO] [Epoch 188/200] trn/acc1 9.99e-01, trn/loss 4.97e-01, trn/loss_ce 5.96e-03, trn/loss_wd 9.83e+02, trn/lr 5.06e-04
[2022-02-07 16:53:00,810][INFO] [Epoch 188/200] Validation: val/acc1 0.6238, val/loss_ce 2.2158
[2022-02-07 16:53:04,369][INFO] [Epoch 189/200] trn/acc1 9.99e-01, trn/loss 4.97e-01, trn/loss_ce 6.29e-03, trn/loss_wd 9.82e+02, trn/lr 4.28e-04
[2022-02-07 16:53:04,437][INFO] [Epoch 189/200] Validation: val/acc1 0.6200, val/loss_ce 2.2137
[2022-02-07 16:53:07,881][INFO] [Epoch 190/200] trn/acc1 9.99e-01, trn/loss 4.96e-01, trn/loss_ce 6.11e-03, trn/loss_wd 9.81e+02, trn/lr 3.57e-04
[2022-02-07 16:53:07,949][INFO] [Epoch 190/200] Validation: val/acc1 0.6240, val/loss_ce 2.2127
[2022-02-07 16:53:11,361][INFO] [Epoch 191/200] trn/acc1 9.99e-01, trn/loss 4.96e-01, trn/loss_ce 5.68e-03, trn/loss_wd 9.80e+02, trn/lr 2.93e-04
[2022-02-07 16:53:11,429][INFO] [Epoch 191/200] Validation: val/acc1 0.6264, val/loss_ce 2.2204
[2022-02-07 16:53:14,874][INFO] [Epoch 192/200] trn/acc1 9.99e-01, trn/loss 4.95e-01, trn/loss_ce 5.59e-03, trn/loss_wd 9.79e+02, trn/lr 2.34e-04
[2022-02-07 16:53:14,942][INFO] [Epoch 192/200] Validation: val/acc1 0.6246, val/loss_ce 2.2163
[2022-02-07 16:53:18,402][INFO] [Epoch 193/200] trn/acc1 9.99e-01, trn/loss 4.95e-01, trn/loss_ce 5.96e-03, trn/loss_wd 9.79e+02, trn/lr 1.83e-04
[2022-02-07 16:53:18,470][INFO] [Epoch 193/200] Validation: val/acc1 0.6234, val/loss_ce 2.2187
[2022-02-07 16:53:21,895][INFO] [Epoch 194/200] trn/acc1 9.99e-01, trn/loss 4.95e-01, trn/loss_ce 5.93e-03, trn/loss_wd 9.78e+02, trn/lr 1.37e-04
[2022-02-07 16:53:21,963][INFO] [Epoch 194/200] Validation: val/acc1 0.6234, val/loss_ce 2.2122
[2022-02-07 16:53:25,400][INFO] [Epoch 195/200] trn/acc1 9.99e-01, trn/loss 4.95e-01, trn/loss_ce 5.73e-03, trn/loss_wd 9.78e+02, trn/lr 9.84e-05
[2022-02-07 16:53:25,468][INFO] [Epoch 195/200] Validation: val/acc1 0.6244, val/loss_ce 2.2098
[2022-02-07 16:53:28,919][INFO] [Epoch 196/200] trn/acc1 9.99e-01, trn/loss 4.95e-01, trn/loss_ce 5.83e-03, trn/loss_wd 9.78e+02, trn/lr 6.60e-05
[2022-02-07 16:53:28,987][INFO] [Epoch 196/200] Validation: val/acc1 0.6248, val/loss_ce 2.2128
[2022-02-07 16:53:32,521][INFO] [Epoch 197/200] trn/acc1 9.99e-01, trn/loss 4.94e-01, trn/loss_ce 5.50e-03, trn/loss_wd 9.77e+02, trn/lr 4.00e-05
[2022-02-07 16:53:32,589][INFO] [Epoch 197/200] Validation: val/acc1 0.6242, val/loss_ce 2.2150
[2022-02-07 16:53:36,035][INFO] [Epoch 198/200] trn/acc1 9.99e-01, trn/loss 4.95e-01, trn/loss_ce 5.81e-03, trn/loss_wd 9.77e+02, trn/lr 2.06e-05
[2022-02-07 16:53:36,102][INFO] [Epoch 198/200] Validation: val/acc1 0.6238, val/loss_ce 2.2155
[2022-02-07 16:53:39,530][INFO] [Epoch 199/200] trn/acc1 9.99e-01, trn/loss 4.94e-01, trn/loss_ce 5.48e-03, trn/loss_wd 9.77e+02, trn/lr 7.58e-06
[2022-02-07 16:53:39,599][INFO] [Epoch 199/200] Validation: val/acc1 0.6236, val/loss_ce 2.2164
[2022-02-07 16:53:43,037][INFO] [Epoch 200/200] trn/acc1 1.00e+00, trn/loss 4.94e-01, trn/loss_ce 5.42e-03, trn/loss_wd 9.77e+02, trn/lr 1.09e-06
[2022-02-07 16:53:43,175][INFO] [Epoch 200/200] Validation: val/acc1 0.6236, val/loss_ce 2.2163
