[2022-03-20 10:16:48,339][INFO] Environments:
------------  ---------------------------------------------------------------------------
sys.platform  linux
Python        3.7.11 (default, Nov 23 2021, 05:29:02) [GCC 7.5.0]
JAX           0.2.27 @/mnt/data1/giung/venvs/jax0.2.27/lib/python3.7/site-packages/jax
jaxlib        0.1.75 @/mnt/data1/giung/venvs/jax0.2.27/lib/python3.7/site-packages/jaxlib
Flax          0.4.0 @/mnt/data1/giung/venvs/jax0.2.27/lib/python3.7/site-packages/flax
Optax         0.1.0 @/mnt/data1/giung/venvs/jax0.2.27/lib/python3.7/site-packages/optax
------------  ---------------------------------------------------------------------------

[2022-03-20 10:16:48,339][INFO] Command line arguments:
Namespace(batch_size=128, config_file='./configs/C100_VGG13-ReLU.yaml', keep_every_n_checkpoints=None, learning_rate=0.1, num_epochs=200, num_warmup_epochs=5, opts=['DATASETS.ROOT', '/home/vessl/datasets/'], output_dir='/home/vessl/Baseline-CIFAR/outputs/C100_VGG13-ReLU/SGD/s42_e200_wd5e-4_lr1e-1/', seed=42, weight_decay=0.0005)

[2022-03-20 10:16:48,339][INFO] Using a random seed 42

[2022-03-20 10:16:48,397][INFO] Unable to initialize backend 'tpu_driver': NOT_FOUND: Unable to find driver in registry given worker: 
[2022-03-20 10:16:48,610][INFO] Unable to initialize backend 'tpu': INVALID_ARGUMENT: TpuPlatform is not available.
[2022-03-20 10:16:51,725][INFO] Found no checkpoint files in /home/vessl/Baseline-CIFAR/outputs/C100_VGG13-ReLU/SGD/s42_e200_wd5e-4_lr1e-1
[2022-03-20 10:17:03,663][INFO] [Epoch   1/200] trn/acc1 6.16e-02, trn/loss 5.75e+00, trn/loss_ce 4.24e+00, trn/loss_wd 3.02e+03, trn/lr 9.97e-03
[2022-03-20 10:17:04,985][INFO] [Epoch   1/200] Validation: val/acc1 0.1062, val/loss_ce 3.8442
[2022-03-20 10:17:08,702][INFO] [Epoch   2/200] trn/acc1 1.29e-01, trn/loss 5.13e+00, trn/loss_ce 3.70e+00, trn/loss_wd 2.87e+03, trn/lr 3.00e-02
[2022-03-20 10:17:12,165][INFO] [Epoch   3/200] trn/acc1 1.81e-01, trn/loss 4.74e+00, trn/loss_ce 3.42e+00, trn/loss_wd 2.63e+03, trn/lr 5.00e-02
[2022-03-20 10:17:15,629][INFO] [Epoch   4/200] trn/acc1 2.03e-01, trn/loss 4.49e+00, trn/loss_ce 3.29e+00, trn/loss_wd 2.39e+03, trn/lr 7.00e-02
[2022-03-20 10:17:19,090][INFO] [Epoch   5/200] trn/acc1 2.20e-01, trn/loss 4.34e+00, trn/loss_ce 3.23e+00, trn/loss_wd 2.22e+03, trn/lr 9.00e-02
[2022-03-20 10:17:22,567][INFO] [Epoch   6/200] trn/acc1 2.23e-01, trn/loss 4.31e+00, trn/loss_ce 3.22e+00, trn/loss_wd 2.17e+03, trn/lr 1.00e-01
[2022-03-20 10:17:26,039][INFO] [Epoch   7/200] trn/acc1 2.61e-01, trn/loss 4.10e+00, trn/loss_ce 3.01e+00, trn/loss_wd 2.18e+03, trn/lr 1.00e-01
[2022-03-20 10:17:29,519][INFO] [Epoch   8/200] trn/acc1 2.86e-01, trn/loss 4.00e+00, trn/loss_ce 2.87e+00, trn/loss_wd 2.25e+03, trn/lr 1.00e-01
[2022-03-20 10:17:33,006][INFO] [Epoch   9/200] trn/acc1 2.97e-01, trn/loss 4.00e+00, trn/loss_ce 2.83e+00, trn/loss_wd 2.34e+03, trn/lr 9.99e-02
[2022-03-20 10:17:36,488][INFO] [Epoch  10/200] trn/acc1 3.02e-01, trn/loss 4.04e+00, trn/loss_ce 2.81e+00, trn/loss_wd 2.47e+03, trn/lr 9.99e-02
[2022-03-20 10:17:39,982][INFO] [Epoch  11/200] trn/acc1 3.15e-01, trn/loss 4.05e+00, trn/loss_ce 2.75e+00, trn/loss_wd 2.60e+03, trn/lr 9.98e-02
[2022-03-20 10:17:43,476][INFO] [Epoch  12/200] trn/acc1 3.22e-01, trn/loss 4.07e+00, trn/loss_ce 2.71e+00, trn/loss_wd 2.72e+03, trn/lr 9.97e-02
[2022-03-20 10:17:46,971][INFO] [Epoch  13/200] trn/acc1 3.27e-01, trn/loss 4.12e+00, trn/loss_ce 2.70e+00, trn/loss_wd 2.85e+03, trn/lr 9.96e-02
[2022-03-20 10:17:50,472][INFO] [Epoch  14/200] trn/acc1 3.38e-01, trn/loss 4.13e+00, trn/loss_ce 2.65e+00, trn/loss_wd 2.95e+03, trn/lr 9.95e-02
[2022-03-20 10:17:53,969][INFO] [Epoch  15/200] trn/acc1 3.45e-01, trn/loss 4.14e+00, trn/loss_ce 2.62e+00, trn/loss_wd 3.04e+03, trn/lr 9.94e-02
[2022-03-20 10:17:57,468][INFO] [Epoch  16/200] trn/acc1 3.41e-01, trn/loss 4.21e+00, trn/loss_ce 2.63e+00, trn/loss_wd 3.16e+03, trn/lr 9.93e-02
[2022-03-20 10:18:00,962][INFO] [Epoch  17/200] trn/acc1 3.42e-01, trn/loss 4.27e+00, trn/loss_ce 2.64e+00, trn/loss_wd 3.27e+03, trn/lr 9.91e-02
[2022-03-20 10:18:04,533][INFO] [Epoch  18/200] trn/acc1 3.45e-01, trn/loss 4.30e+00, trn/loss_ce 2.62e+00, trn/loss_wd 3.38e+03, trn/lr 9.90e-02
[2022-03-20 10:18:08,033][INFO] [Epoch  19/200] trn/acc1 3.52e-01, trn/loss 4.33e+00, trn/loss_ce 2.60e+00, trn/loss_wd 3.46e+03, trn/lr 9.88e-02
[2022-03-20 10:18:11,525][INFO] [Epoch  20/200] trn/acc1 3.57e-01, trn/loss 4.33e+00, trn/loss_ce 2.56e+00, trn/loss_wd 3.53e+03, trn/lr 9.86e-02
[2022-03-20 10:18:11,618][INFO] [Epoch  20/200] Validation: val/acc1 0.3262, val/loss_ce 2.7377
[2022-03-20 10:18:15,413][INFO] [Epoch  21/200] trn/acc1 3.58e-01, trn/loss 4.34e+00, trn/loss_ce 2.56e+00, trn/loss_wd 3.57e+03, trn/lr 9.84e-02
[2022-03-20 10:18:18,897][INFO] [Epoch  22/200] trn/acc1 3.64e-01, trn/loss 4.33e+00, trn/loss_ce 2.53e+00, trn/loss_wd 3.60e+03, trn/lr 9.82e-02
[2022-03-20 10:18:22,387][INFO] [Epoch  23/200] trn/acc1 3.62e-01, trn/loss 4.36e+00, trn/loss_ce 2.55e+00, trn/loss_wd 3.64e+03, trn/lr 9.80e-02
[2022-03-20 10:18:25,876][INFO] [Epoch  24/200] trn/acc1 3.67e-01, trn/loss 4.35e+00, trn/loss_ce 2.51e+00, trn/loss_wd 3.68e+03, trn/lr 9.78e-02
[2022-03-20 10:18:29,378][INFO] [Epoch  25/200] trn/acc1 3.75e-01, trn/loss 4.34e+00, trn/loss_ce 2.50e+00, trn/loss_wd 3.69e+03, trn/lr 9.76e-02
[2022-03-20 10:18:32,881][INFO] [Epoch  26/200] trn/acc1 3.76e-01, trn/loss 4.36e+00, trn/loss_ce 2.50e+00, trn/loss_wd 3.72e+03, trn/lr 9.73e-02
[2022-03-20 10:18:36,392][INFO] [Epoch  27/200] trn/acc1 3.77e-01, trn/loss 4.35e+00, trn/loss_ce 2.48e+00, trn/loss_wd 3.75e+03, trn/lr 9.70e-02
[2022-03-20 10:18:39,902][INFO] [Epoch  28/200] trn/acc1 3.78e-01, trn/loss 4.36e+00, trn/loss_ce 2.47e+00, trn/loss_wd 3.78e+03, trn/lr 9.68e-02
[2022-03-20 10:18:43,408][INFO] [Epoch  29/200] trn/acc1 3.83e-01, trn/loss 4.34e+00, trn/loss_ce 2.43e+00, trn/loss_wd 3.81e+03, trn/lr 9.65e-02
[2022-03-20 10:18:46,919][INFO] [Epoch  30/200] trn/acc1 3.90e-01, trn/loss 4.34e+00, trn/loss_ce 2.42e+00, trn/loss_wd 3.83e+03, trn/lr 9.62e-02
[2022-03-20 10:18:50,435][INFO] [Epoch  31/200] trn/acc1 3.90e-01, trn/loss 4.36e+00, trn/loss_ce 2.43e+00, trn/loss_wd 3.86e+03, trn/lr 9.58e-02
[2022-03-20 10:18:53,939][INFO] [Epoch  32/200] trn/acc1 3.90e-01, trn/loss 4.37e+00, trn/loss_ce 2.42e+00, trn/loss_wd 3.89e+03, trn/lr 9.55e-02
[2022-03-20 10:18:57,455][INFO] [Epoch  33/200] trn/acc1 3.93e-01, trn/loss 4.36e+00, trn/loss_ce 2.40e+00, trn/loss_wd 3.91e+03, trn/lr 9.52e-02
[2022-03-20 10:19:00,964][INFO] [Epoch  34/200] trn/acc1 3.99e-01, trn/loss 4.33e+00, trn/loss_ce 2.37e+00, trn/loss_wd 3.90e+03, trn/lr 9.48e-02
[2022-03-20 10:19:04,485][INFO] [Epoch  35/200] trn/acc1 4.03e-01, trn/loss 4.30e+00, trn/loss_ce 2.35e+00, trn/loss_wd 3.90e+03, trn/lr 9.45e-02
[2022-03-20 10:19:07,999][INFO] [Epoch  36/200] trn/acc1 4.06e-01, trn/loss 4.30e+00, trn/loss_ce 2.34e+00, trn/loss_wd 3.90e+03, trn/lr 9.41e-02
[2022-03-20 10:19:11,511][INFO] [Epoch  37/200] trn/acc1 4.06e-01, trn/loss 4.30e+00, trn/loss_ce 2.35e+00, trn/loss_wd 3.91e+03, trn/lr 9.37e-02
[2022-03-20 10:19:15,013][INFO] [Epoch  38/200] trn/acc1 4.10e-01, trn/loss 4.30e+00, trn/loss_ce 2.33e+00, trn/loss_wd 3.93e+03, trn/lr 9.33e-02
[2022-03-20 10:19:18,531][INFO] [Epoch  39/200] trn/acc1 4.09e-01, trn/loss 4.30e+00, trn/loss_ce 2.34e+00, trn/loss_wd 3.93e+03, trn/lr 9.29e-02
[2022-03-20 10:19:22,037][INFO] [Epoch  40/200] trn/acc1 4.09e-01, trn/loss 4.30e+00, trn/loss_ce 2.33e+00, trn/loss_wd 3.95e+03, trn/lr 9.25e-02
[2022-03-20 10:19:22,131][INFO] [Epoch  40/200] Validation: val/acc1 0.3860, val/loss_ce 2.5042
[2022-03-20 10:19:25,936][INFO] [Epoch  41/200] trn/acc1 4.18e-01, trn/loss 4.27e+00, trn/loss_ce 2.30e+00, trn/loss_wd 3.94e+03, trn/lr 9.20e-02
[2022-03-20 10:19:29,438][INFO] [Epoch  42/200] trn/acc1 4.26e-01, trn/loss 4.24e+00, trn/loss_ce 2.27e+00, trn/loss_wd 3.94e+03, trn/lr 9.16e-02
[2022-03-20 10:19:32,939][INFO] [Epoch  43/200] trn/acc1 4.22e-01, trn/loss 4.26e+00, trn/loss_ce 2.28e+00, trn/loss_wd 3.95e+03, trn/lr 9.11e-02
[2022-03-20 10:19:36,442][INFO] [Epoch  44/200] trn/acc1 4.26e-01, trn/loss 4.25e+00, trn/loss_ce 2.26e+00, trn/loss_wd 3.97e+03, trn/lr 9.07e-02
[2022-03-20 10:19:39,946][INFO] [Epoch  45/200] trn/acc1 4.36e-01, trn/loss 4.21e+00, trn/loss_ce 2.22e+00, trn/loss_wd 3.97e+03, trn/lr 9.02e-02
[2022-03-20 10:19:43,477][INFO] [Epoch  46/200] trn/acc1 4.34e-01, trn/loss 4.22e+00, trn/loss_ce 2.23e+00, trn/loss_wd 3.98e+03, trn/lr 8.97e-02
[2022-03-20 10:19:47,150][INFO] [Epoch  47/200] trn/acc1 4.35e-01, trn/loss 4.20e+00, trn/loss_ce 2.22e+00, trn/loss_wd 3.96e+03, trn/lr 8.92e-02
[2022-03-20 10:19:50,662][INFO] [Epoch  48/200] trn/acc1 4.39e-01, trn/loss 4.17e+00, trn/loss_ce 2.19e+00, trn/loss_wd 3.95e+03, trn/lr 8.87e-02
[2022-03-20 10:19:54,183][INFO] [Epoch  49/200] trn/acc1 4.41e-01, trn/loss 4.15e+00, trn/loss_ce 2.18e+00, trn/loss_wd 3.94e+03, trn/lr 8.82e-02
[2022-03-20 10:19:57,696][INFO] [Epoch  50/200] trn/acc1 4.50e-01, trn/loss 4.12e+00, trn/loss_ce 2.15e+00, trn/loss_wd 3.94e+03, trn/lr 8.77e-02
[2022-03-20 10:20:01,204][INFO] [Epoch  51/200] trn/acc1 4.44e-01, trn/loss 4.14e+00, trn/loss_ce 2.18e+00, trn/loss_wd 3.94e+03, trn/lr 8.72e-02
[2022-03-20 10:20:04,708][INFO] [Epoch  52/200] trn/acc1 4.51e-01, trn/loss 4.12e+00, trn/loss_ce 2.15e+00, trn/loss_wd 3.94e+03, trn/lr 8.66e-02
[2022-03-20 10:20:08,220][INFO] [Epoch  53/200] trn/acc1 4.54e-01, trn/loss 4.10e+00, trn/loss_ce 2.13e+00, trn/loss_wd 3.95e+03, trn/lr 8.61e-02
[2022-03-20 10:20:11,720][INFO] [Epoch  54/200] trn/acc1 4.64e-01, trn/loss 4.05e+00, trn/loss_ce 2.09e+00, trn/loss_wd 3.93e+03, trn/lr 8.55e-02
[2022-03-20 10:20:15,225][INFO] [Epoch  55/200] trn/acc1 4.65e-01, trn/loss 4.03e+00, trn/loss_ce 2.08e+00, trn/loss_wd 3.91e+03, trn/lr 8.49e-02
[2022-03-20 10:20:18,726][INFO] [Epoch  56/200] trn/acc1 4.69e-01, trn/loss 4.01e+00, trn/loss_ce 2.06e+00, trn/loss_wd 3.90e+03, trn/lr 8.43e-02
[2022-03-20 10:20:22,225][INFO] [Epoch  57/200] trn/acc1 4.71e-01, trn/loss 4.00e+00, trn/loss_ce 2.06e+00, trn/loss_wd 3.88e+03, trn/lr 8.38e-02
[2022-03-20 10:20:25,744][INFO] [Epoch  58/200] trn/acc1 4.71e-01, trn/loss 3.99e+00, trn/loss_ce 2.05e+00, trn/loss_wd 3.87e+03, trn/lr 8.32e-02
[2022-03-20 10:20:29,257][INFO] [Epoch  59/200] trn/acc1 4.77e-01, trn/loss 3.97e+00, trn/loss_ce 2.03e+00, trn/loss_wd 3.87e+03, trn/lr 8.25e-02
[2022-03-20 10:20:32,766][INFO] [Epoch  60/200] trn/acc1 4.80e-01, trn/loss 3.96e+00, trn/loss_ce 2.02e+00, trn/loss_wd 3.87e+03, trn/lr 8.19e-02
[2022-03-20 10:20:32,860][INFO] [Epoch  60/200] Validation: val/acc1 0.4628, val/loss_ce 2.1388
[2022-03-20 10:20:36,793][INFO] [Epoch  61/200] trn/acc1 4.87e-01, trn/loss 3.91e+00, trn/loss_ce 1.98e+00, trn/loss_wd 3.86e+03, trn/lr 8.13e-02
[2022-03-20 10:20:40,307][INFO] [Epoch  62/200] trn/acc1 4.88e-01, trn/loss 3.90e+00, trn/loss_ce 1.98e+00, trn/loss_wd 3.85e+03, trn/lr 8.07e-02
[2022-03-20 10:20:43,834][INFO] [Epoch  63/200] trn/acc1 4.91e-01, trn/loss 3.88e+00, trn/loss_ce 1.96e+00, trn/loss_wd 3.85e+03, trn/lr 8.00e-02
[2022-03-20 10:20:47,347][INFO] [Epoch  64/200] trn/acc1 4.98e-01, trn/loss 3.86e+00, trn/loss_ce 1.94e+00, trn/loss_wd 3.85e+03, trn/lr 7.94e-02
[2022-03-20 10:20:50,867][INFO] [Epoch  65/200] trn/acc1 4.94e-01, trn/loss 3.89e+00, trn/loss_ce 1.96e+00, trn/loss_wd 3.87e+03, trn/lr 7.87e-02
[2022-03-20 10:20:54,381][INFO] [Epoch  66/200] trn/acc1 5.00e-01, trn/loss 3.84e+00, trn/loss_ce 1.91e+00, trn/loss_wd 3.85e+03, trn/lr 7.81e-02
[2022-03-20 10:20:57,902][INFO] [Epoch  67/200] trn/acc1 5.00e-01, trn/loss 3.84e+00, trn/loss_ce 1.92e+00, trn/loss_wd 3.83e+03, trn/lr 7.74e-02
[2022-03-20 10:21:01,419][INFO] [Epoch  68/200] trn/acc1 5.11e-01, trn/loss 3.78e+00, trn/loss_ce 1.87e+00, trn/loss_wd 3.81e+03, trn/lr 7.67e-02
[2022-03-20 10:21:04,937][INFO] [Epoch  69/200] trn/acc1 5.15e-01, trn/loss 3.77e+00, trn/loss_ce 1.87e+00, trn/loss_wd 3.80e+03, trn/lr 7.60e-02
[2022-03-20 10:21:08,457][INFO] [Epoch  70/200] trn/acc1 5.17e-01, trn/loss 3.72e+00, trn/loss_ce 1.83e+00, trn/loss_wd 3.79e+03, trn/lr 7.53e-02
[2022-03-20 10:21:11,973][INFO] [Epoch  71/200] trn/acc1 5.24e-01, trn/loss 3.69e+00, trn/loss_ce 1.81e+00, trn/loss_wd 3.77e+03, trn/lr 7.47e-02
[2022-03-20 10:21:15,608][INFO] [Epoch  72/200] trn/acc1 5.26e-01, trn/loss 3.68e+00, trn/loss_ce 1.81e+00, trn/loss_wd 3.75e+03, trn/lr 7.39e-02
[2022-03-20 10:21:19,126][INFO] [Epoch  73/200] trn/acc1 5.31e-01, trn/loss 3.65e+00, trn/loss_ce 1.78e+00, trn/loss_wd 3.74e+03, trn/lr 7.32e-02
[2022-03-20 10:21:22,637][INFO] [Epoch  74/200] trn/acc1 5.41e-01, trn/loss 3.61e+00, trn/loss_ce 1.75e+00, trn/loss_wd 3.71e+03, trn/lr 7.25e-02
[2022-03-20 10:21:26,155][INFO] [Epoch  75/200] trn/acc1 5.38e-01, trn/loss 3.59e+00, trn/loss_ce 1.74e+00, trn/loss_wd 3.70e+03, trn/lr 7.18e-02
[2022-03-20 10:21:29,670][INFO] [Epoch  76/200] trn/acc1 5.39e-01, trn/loss 3.59e+00, trn/loss_ce 1.74e+00, trn/loss_wd 3.70e+03, trn/lr 7.11e-02
[2022-03-20 10:21:33,186][INFO] [Epoch  77/200] trn/acc1 5.47e-01, trn/loss 3.54e+00, trn/loss_ce 1.70e+00, trn/loss_wd 3.68e+03, trn/lr 7.03e-02
[2022-03-20 10:21:36,699][INFO] [Epoch  78/200] trn/acc1 5.56e-01, trn/loss 3.50e+00, trn/loss_ce 1.67e+00, trn/loss_wd 3.65e+03, trn/lr 6.96e-02
[2022-03-20 10:21:40,222][INFO] [Epoch  79/200] trn/acc1 5.58e-01, trn/loss 3.48e+00, trn/loss_ce 1.66e+00, trn/loss_wd 3.64e+03, trn/lr 6.89e-02
[2022-03-20 10:21:43,745][INFO] [Epoch  80/200] trn/acc1 5.62e-01, trn/loss 3.45e+00, trn/loss_ce 1.64e+00, trn/loss_wd 3.62e+03, trn/lr 6.81e-02
[2022-03-20 10:21:43,840][INFO] [Epoch  80/200] Validation: val/acc1 0.5146, val/loss_ce 1.9369
[2022-03-20 10:21:47,699][INFO] [Epoch  81/200] trn/acc1 5.69e-01, trn/loss 3.41e+00, trn/loss_ce 1.61e+00, trn/loss_wd 3.60e+03, trn/lr 6.74e-02
[2022-03-20 10:21:51,216][INFO] [Epoch  82/200] trn/acc1 5.71e-01, trn/loss 3.40e+00, trn/loss_ce 1.61e+00, trn/loss_wd 3.58e+03, trn/lr 6.66e-02
[2022-03-20 10:21:54,732][INFO] [Epoch  83/200] trn/acc1 5.79e-01, trn/loss 3.35e+00, trn/loss_ce 1.57e+00, trn/loss_wd 3.56e+03, trn/lr 6.58e-02
[2022-03-20 10:21:58,251][INFO] [Epoch  84/200] trn/acc1 5.82e-01, trn/loss 3.33e+00, trn/loss_ce 1.56e+00, trn/loss_wd 3.54e+03, trn/lr 6.51e-02
[2022-03-20 10:22:01,770][INFO] [Epoch  85/200] trn/acc1 5.94e-01, trn/loss 3.28e+00, trn/loss_ce 1.51e+00, trn/loss_wd 3.53e+03, trn/lr 6.43e-02
[2022-03-20 10:22:05,277][INFO] [Epoch  86/200] trn/acc1 5.94e-01, trn/loss 3.27e+00, trn/loss_ce 1.51e+00, trn/loss_wd 3.51e+03, trn/lr 6.35e-02
[2022-03-20 10:22:08,795][INFO] [Epoch  87/200] trn/acc1 5.94e-01, trn/loss 3.26e+00, trn/loss_ce 1.51e+00, trn/loss_wd 3.51e+03, trn/lr 6.27e-02
[2022-03-20 10:22:12,321][INFO] [Epoch  88/200] trn/acc1 6.02e-01, trn/loss 3.21e+00, trn/loss_ce 1.46e+00, trn/loss_wd 3.48e+03, trn/lr 6.20e-02
[2022-03-20 10:22:15,843][INFO] [Epoch  89/200] trn/acc1 6.05e-01, trn/loss 3.18e+00, trn/loss_ce 1.45e+00, trn/loss_wd 3.46e+03, trn/lr 6.12e-02
[2022-03-20 10:22:19,354][INFO] [Epoch  90/200] trn/acc1 6.09e-01, trn/loss 3.16e+00, trn/loss_ce 1.43e+00, trn/loss_wd 3.46e+03, trn/lr 6.04e-02
[2022-03-20 10:22:22,887][INFO] [Epoch  91/200] trn/acc1 6.14e-01, trn/loss 3.13e+00, trn/loss_ce 1.41e+00, trn/loss_wd 3.44e+03, trn/lr 5.96e-02
[2022-03-20 10:22:26,396][INFO] [Epoch  92/200] trn/acc1 6.25e-01, trn/loss 3.09e+00, trn/loss_ce 1.38e+00, trn/loss_wd 3.43e+03, trn/lr 5.88e-02
[2022-03-20 10:22:29,902][INFO] [Epoch  93/200] trn/acc1 6.27e-01, trn/loss 3.05e+00, trn/loss_ce 1.35e+00, trn/loss_wd 3.41e+03, trn/lr 5.80e-02
[2022-03-20 10:22:33,411][INFO] [Epoch  94/200] trn/acc1 6.34e-01, trn/loss 3.03e+00, trn/loss_ce 1.33e+00, trn/loss_wd 3.40e+03, trn/lr 5.72e-02
[2022-03-20 10:22:36,932][INFO] [Epoch  95/200] trn/acc1 6.39e-01, trn/loss 3.01e+00, trn/loss_ce 1.31e+00, trn/loss_wd 3.39e+03, trn/lr 5.64e-02
[2022-03-20 10:22:40,448][INFO] [Epoch  96/200] trn/acc1 6.44e-01, trn/loss 2.98e+00, trn/loss_ce 1.29e+00, trn/loss_wd 3.38e+03, trn/lr 5.56e-02
[2022-03-20 10:22:43,961][INFO] [Epoch  97/200] trn/acc1 6.48e-01, trn/loss 2.95e+00, trn/loss_ce 1.26e+00, trn/loss_wd 3.37e+03, trn/lr 5.48e-02
[2022-03-20 10:22:47,535][INFO] [Epoch  98/200] trn/acc1 6.52e-01, trn/loss 2.93e+00, trn/loss_ce 1.26e+00, trn/loss_wd 3.35e+03, trn/lr 5.40e-02
[2022-03-20 10:22:51,045][INFO] [Epoch  99/200] trn/acc1 6.55e-01, trn/loss 2.91e+00, trn/loss_ce 1.23e+00, trn/loss_wd 3.34e+03, trn/lr 5.32e-02
[2022-03-20 10:22:54,562][INFO] [Epoch 100/200] trn/acc1 6.66e-01, trn/loss 2.85e+00, trn/loss_ce 1.19e+00, trn/loss_wd 3.33e+03, trn/lr 5.24e-02
[2022-03-20 10:22:54,657][INFO] [Epoch 100/200] Validation: val/acc1 0.5744, val/loss_ce 1.6760
[2022-03-20 10:22:58,486][INFO] [Epoch 101/200] trn/acc1 6.72e-01, trn/loss 2.82e+00, trn/loss_ce 1.16e+00, trn/loss_wd 3.31e+03, trn/lr 5.16e-02
[2022-03-20 10:23:02,002][INFO] [Epoch 102/200] trn/acc1 6.77e-01, trn/loss 2.80e+00, trn/loss_ce 1.15e+00, trn/loss_wd 3.30e+03, trn/lr 5.08e-02
[2022-03-20 10:23:05,525][INFO] [Epoch 103/200] trn/acc1 6.81e-01, trn/loss 2.77e+00, trn/loss_ce 1.13e+00, trn/loss_wd 3.28e+03, trn/lr 5.00e-02
[2022-03-20 10:23:09,037][INFO] [Epoch 104/200] trn/acc1 6.82e-01, trn/loss 2.75e+00, trn/loss_ce 1.11e+00, trn/loss_wd 3.27e+03, trn/lr 4.92e-02
[2022-03-20 10:23:12,548][INFO] [Epoch 105/200] trn/acc1 6.91e-01, trn/loss 2.72e+00, trn/loss_ce 1.09e+00, trn/loss_wd 3.26e+03, trn/lr 4.84e-02
[2022-03-20 10:23:16,062][INFO] [Epoch 106/200] trn/acc1 6.94e-01, trn/loss 2.70e+00, trn/loss_ce 1.07e+00, trn/loss_wd 3.26e+03, trn/lr 4.76e-02
[2022-03-20 10:23:19,579][INFO] [Epoch 107/200] trn/acc1 7.01e-01, trn/loss 2.67e+00, trn/loss_ce 1.04e+00, trn/loss_wd 3.25e+03, trn/lr 4.68e-02
[2022-03-20 10:23:23,094][INFO] [Epoch 108/200] trn/acc1 7.13e-01, trn/loss 2.62e+00, trn/loss_ce 1.00e+00, trn/loss_wd 3.23e+03, trn/lr 4.60e-02
[2022-03-20 10:23:26,619][INFO] [Epoch 109/200] trn/acc1 7.18e-01, trn/loss 2.59e+00, trn/loss_ce 9.89e-01, trn/loss_wd 3.21e+03, trn/lr 4.52e-02
[2022-03-20 10:23:30,123][INFO] [Epoch 110/200] trn/acc1 7.24e-01, trn/loss 2.56e+00, trn/loss_ce 9.62e-01, trn/loss_wd 3.19e+03, trn/lr 4.44e-02
[2022-03-20 10:23:33,638][INFO] [Epoch 111/200] trn/acc1 7.32e-01, trn/loss 2.52e+00, trn/loss_ce 9.30e-01, trn/loss_wd 3.18e+03, trn/lr 4.36e-02
[2022-03-20 10:23:37,154][INFO] [Epoch 112/200] trn/acc1 7.39e-01, trn/loss 2.49e+00, trn/loss_ce 9.05e-01, trn/loss_wd 3.16e+03, trn/lr 4.28e-02
[2022-03-20 10:23:40,664][INFO] [Epoch 113/200] trn/acc1 7.42e-01, trn/loss 2.46e+00, trn/loss_ce 8.82e-01, trn/loss_wd 3.15e+03, trn/lr 4.20e-02
[2022-03-20 10:23:44,178][INFO] [Epoch 114/200] trn/acc1 7.46e-01, trn/loss 2.43e+00, trn/loss_ce 8.63e-01, trn/loss_wd 3.13e+03, trn/lr 4.12e-02
[2022-03-20 10:23:47,691][INFO] [Epoch 115/200] trn/acc1 7.55e-01, trn/loss 2.39e+00, trn/loss_ce 8.32e-01, trn/loss_wd 3.12e+03, trn/lr 4.04e-02
[2022-03-20 10:23:51,213][INFO] [Epoch 116/200] trn/acc1 7.63e-01, trn/loss 2.35e+00, trn/loss_ce 8.03e-01, trn/loss_wd 3.10e+03, trn/lr 3.96e-02
[2022-03-20 10:23:54,727][INFO] [Epoch 117/200] trn/acc1 7.68e-01, trn/loss 2.33e+00, trn/loss_ce 7.84e-01, trn/loss_wd 3.08e+03, trn/lr 3.88e-02
[2022-03-20 10:23:58,246][INFO] [Epoch 118/200] trn/acc1 7.76e-01, trn/loss 2.28e+00, trn/loss_ce 7.50e-01, trn/loss_wd 3.07e+03, trn/lr 3.80e-02
[2022-03-20 10:24:01,764][INFO] [Epoch 119/200] trn/acc1 7.84e-01, trn/loss 2.26e+00, trn/loss_ce 7.32e-01, trn/loss_wd 3.05e+03, trn/lr 3.73e-02
[2022-03-20 10:24:05,304][INFO] [Epoch 120/200] trn/acc1 7.88e-01, trn/loss 2.23e+00, trn/loss_ce 7.09e-01, trn/loss_wd 3.04e+03, trn/lr 3.65e-02
[2022-03-20 10:24:05,398][INFO] [Epoch 120/200] Validation: val/acc1 0.5932, val/loss_ce 1.6260
[2022-03-20 10:24:09,316][INFO] [Epoch 121/200] trn/acc1 7.94e-01, trn/loss 2.20e+00, trn/loss_ce 6.87e-01, trn/loss_wd 3.02e+03, trn/lr 3.57e-02
[2022-03-20 10:24:12,813][INFO] [Epoch 122/200] trn/acc1 8.01e-01, trn/loss 2.16e+00, trn/loss_ce 6.62e-01, trn/loss_wd 3.00e+03, trn/lr 3.49e-02
[2022-03-20 10:24:16,316][INFO] [Epoch 123/200] trn/acc1 8.11e-01, trn/loss 2.12e+00, trn/loss_ce 6.33e-01, trn/loss_wd 2.98e+03, trn/lr 3.42e-02
[2022-03-20 10:24:19,908][INFO] [Epoch 124/200] trn/acc1 8.15e-01, trn/loss 2.08e+00, trn/loss_ce 6.07e-01, trn/loss_wd 2.95e+03, trn/lr 3.34e-02
[2022-03-20 10:24:23,418][INFO] [Epoch 125/200] trn/acc1 8.22e-01, trn/loss 2.04e+00, trn/loss_ce 5.78e-01, trn/loss_wd 2.93e+03, trn/lr 3.26e-02
[2022-03-20 10:24:26,923][INFO] [Epoch 126/200] trn/acc1 8.24e-01, trn/loss 2.03e+00, trn/loss_ce 5.74e-01, trn/loss_wd 2.91e+03, trn/lr 3.19e-02
[2022-03-20 10:24:30,429][INFO] [Epoch 127/200] trn/acc1 8.30e-01, trn/loss 2.00e+00, trn/loss_ce 5.53e-01, trn/loss_wd 2.89e+03, trn/lr 3.11e-02
[2022-03-20 10:24:33,941][INFO] [Epoch 128/200] trn/acc1 8.42e-01, trn/loss 1.95e+00, trn/loss_ce 5.14e-01, trn/loss_wd 2.87e+03, trn/lr 3.04e-02
[2022-03-20 10:24:37,438][INFO] [Epoch 129/200] trn/acc1 8.50e-01, trn/loss 1.90e+00, trn/loss_ce 4.83e-01, trn/loss_wd 2.84e+03, trn/lr 2.97e-02
[2022-03-20 10:24:40,939][INFO] [Epoch 130/200] trn/acc1 8.52e-01, trn/loss 1.88e+00, trn/loss_ce 4.73e-01, trn/loss_wd 2.81e+03, trn/lr 2.89e-02
[2022-03-20 10:24:44,433][INFO] [Epoch 131/200] trn/acc1 8.63e-01, trn/loss 1.83e+00, trn/loss_ce 4.43e-01, trn/loss_wd 2.78e+03, trn/lr 2.82e-02
[2022-03-20 10:24:47,930][INFO] [Epoch 132/200] trn/acc1 8.68e-01, trn/loss 1.80e+00, trn/loss_ce 4.22e-01, trn/loss_wd 2.75e+03, trn/lr 2.75e-02
[2022-03-20 10:24:51,443][INFO] [Epoch 133/200] trn/acc1 8.73e-01, trn/loss 1.76e+00, trn/loss_ce 3.99e-01, trn/loss_wd 2.72e+03, trn/lr 2.68e-02
[2022-03-20 10:24:54,966][INFO] [Epoch 134/200] trn/acc1 8.80e-01, trn/loss 1.72e+00, trn/loss_ce 3.79e-01, trn/loss_wd 2.69e+03, trn/lr 2.61e-02
[2022-03-20 10:24:58,489][INFO] [Epoch 135/200] trn/acc1 8.86e-01, trn/loss 1.69e+00, trn/loss_ce 3.62e-01, trn/loss_wd 2.65e+03, trn/lr 2.54e-02
[2022-03-20 10:25:02,004][INFO] [Epoch 136/200] trn/acc1 8.93e-01, trn/loss 1.65e+00, trn/loss_ce 3.41e-01, trn/loss_wd 2.62e+03, trn/lr 2.47e-02
[2022-03-20 10:25:05,512][INFO] [Epoch 137/200] trn/acc1 8.97e-01, trn/loss 1.62e+00, trn/loss_ce 3.29e-01, trn/loss_wd 2.58e+03, trn/lr 2.40e-02
[2022-03-20 10:25:09,013][INFO] [Epoch 138/200] trn/acc1 9.02e-01, trn/loss 1.58e+00, trn/loss_ce 3.05e-01, trn/loss_wd 2.55e+03, trn/lr 2.33e-02
[2022-03-20 10:25:12,525][INFO] [Epoch 139/200] trn/acc1 9.09e-01, trn/loss 1.54e+00, trn/loss_ce 2.89e-01, trn/loss_wd 2.51e+03, trn/lr 2.26e-02
[2022-03-20 10:25:16,035][INFO] [Epoch 140/200] trn/acc1 9.13e-01, trn/loss 1.51e+00, trn/loss_ce 2.71e-01, trn/loss_wd 2.47e+03, trn/lr 2.19e-02
[2022-03-20 10:25:16,128][INFO] [Epoch 140/200] Validation: val/acc1 0.6266, val/loss_ce 1.7391
[2022-03-20 10:25:19,857][INFO] [Epoch 141/200] trn/acc1 9.21e-01, trn/loss 1.46e+00, trn/loss_ce 2.44e-01, trn/loss_wd 2.42e+03, trn/lr 2.13e-02
[2022-03-20 10:25:23,360][INFO] [Epoch 142/200] trn/acc1 9.30e-01, trn/loss 1.41e+00, trn/loss_ce 2.22e-01, trn/loss_wd 2.38e+03, trn/lr 2.06e-02
[2022-03-20 10:25:26,867][INFO] [Epoch 143/200] trn/acc1 9.35e-01, trn/loss 1.37e+00, trn/loss_ce 2.08e-01, trn/loss_wd 2.33e+03, trn/lr 2.00e-02
[2022-03-20 10:25:30,376][INFO] [Epoch 144/200] trn/acc1 9.36e-01, trn/loss 1.34e+00, trn/loss_ce 1.97e-01, trn/loss_wd 2.28e+03, trn/lr 1.93e-02
[2022-03-20 10:25:33,888][INFO] [Epoch 145/200] trn/acc1 9.42e-01, trn/loss 1.30e+00, trn/loss_ce 1.79e-01, trn/loss_wd 2.23e+03, trn/lr 1.87e-02
[2022-03-20 10:25:37,396][INFO] [Epoch 146/200] trn/acc1 9.50e-01, trn/loss 1.25e+00, trn/loss_ce 1.59e-01, trn/loss_wd 2.18e+03, trn/lr 1.81e-02
[2022-03-20 10:25:40,900][INFO] [Epoch 147/200] trn/acc1 9.53e-01, trn/loss 1.22e+00, trn/loss_ce 1.49e-01, trn/loss_wd 2.13e+03, trn/lr 1.75e-02
[2022-03-20 10:25:44,425][INFO] [Epoch 148/200] trn/acc1 9.57e-01, trn/loss 1.18e+00, trn/loss_ce 1.35e-01, trn/loss_wd 2.08e+03, trn/lr 1.68e-02
[2022-03-20 10:25:48,020][INFO] [Epoch 149/200] trn/acc1 9.58e-01, trn/loss 1.15e+00, trn/loss_ce 1.33e-01, trn/loss_wd 2.04e+03, trn/lr 1.62e-02
[2022-03-20 10:25:51,525][INFO] [Epoch 150/200] trn/acc1 9.63e-01, trn/loss 1.11e+00, trn/loss_ce 1.16e-01, trn/loss_wd 1.99e+03, trn/lr 1.57e-02
[2022-03-20 10:25:55,034][INFO] [Epoch 151/200] trn/acc1 9.63e-01, trn/loss 1.09e+00, trn/loss_ce 1.13e-01, trn/loss_wd 1.95e+03, trn/lr 1.51e-02
[2022-03-20 10:25:58,545][INFO] [Epoch 152/200] trn/acc1 9.70e-01, trn/loss 1.05e+00, trn/loss_ce 9.60e-02, trn/loss_wd 1.90e+03, trn/lr 1.45e-02
[2022-03-20 10:26:02,060][INFO] [Epoch 153/200] trn/acc1 9.73e-01, trn/loss 1.01e+00, trn/loss_ce 8.47e-02, trn/loss_wd 1.86e+03, trn/lr 1.39e-02
[2022-03-20 10:26:05,568][INFO] [Epoch 154/200] trn/acc1 9.75e-01, trn/loss 9.85e-01, trn/loss_ce 7.92e-02, trn/loss_wd 1.81e+03, trn/lr 1.34e-02
[2022-03-20 10:26:09,079][INFO] [Epoch 155/200] trn/acc1 9.78e-01, trn/loss 9.54e-01, trn/loss_ce 7.07e-02, trn/loss_wd 1.77e+03, trn/lr 1.28e-02
[2022-03-20 10:26:12,593][INFO] [Epoch 156/200] trn/acc1 9.78e-01, trn/loss 9.33e-01, trn/loss_ce 6.94e-02, trn/loss_wd 1.73e+03, trn/lr 1.23e-02
[2022-03-20 10:26:16,102][INFO] [Epoch 157/200] trn/acc1 9.80e-01, trn/loss 9.07e-01, trn/loss_ce 6.31e-02, trn/loss_wd 1.69e+03, trn/lr 1.18e-02
[2022-03-20 10:26:19,619][INFO] [Epoch 158/200] trn/acc1 9.86e-01, trn/loss 8.71e-01, trn/loss_ce 4.73e-02, trn/loss_wd 1.65e+03, trn/lr 1.13e-02
[2022-03-20 10:26:23,131][INFO] [Epoch 159/200] trn/acc1 9.85e-01, trn/loss 8.55e-01, trn/loss_ce 5.01e-02, trn/loss_wd 1.61e+03, trn/lr 1.08e-02
[2022-03-20 10:26:26,649][INFO] [Epoch 160/200] trn/acc1 9.87e-01, trn/loss 8.31e-01, trn/loss_ce 4.46e-02, trn/loss_wd 1.57e+03, trn/lr 1.03e-02
[2022-03-20 10:26:26,743][INFO] [Epoch 160/200] Validation: val/acc1 0.6520, val/loss_ce 1.7653
[2022-03-20 10:26:30,483][INFO] [Epoch 161/200] trn/acc1 9.88e-01, trn/loss 8.11e-01, trn/loss_ce 4.23e-02, trn/loss_wd 1.54e+03, trn/lr 9.79e-03
[2022-03-20 10:26:33,995][INFO] [Epoch 162/200] trn/acc1 9.90e-01, trn/loss 7.89e-01, trn/loss_ce 3.67e-02, trn/loss_wd 1.51e+03, trn/lr 9.31e-03
[2022-03-20 10:26:37,511][INFO] [Epoch 163/200] trn/acc1 9.91e-01, trn/loss 7.70e-01, trn/loss_ce 3.31e-02, trn/loss_wd 1.47e+03, trn/lr 8.85e-03
[2022-03-20 10:26:41,033][INFO] [Epoch 164/200] trn/acc1 9.91e-01, trn/loss 7.53e-01, trn/loss_ce 3.12e-02, trn/loss_wd 1.44e+03, trn/lr 8.40e-03
[2022-03-20 10:26:44,563][INFO] [Epoch 165/200] trn/acc1 9.93e-01, trn/loss 7.33e-01, trn/loss_ce 2.55e-02, trn/loss_wd 1.41e+03, trn/lr 7.96e-03
[2022-03-20 10:26:48,094][INFO] [Epoch 166/200] trn/acc1 9.95e-01, trn/loss 7.16e-01, trn/loss_ce 2.23e-02, trn/loss_wd 1.39e+03, trn/lr 7.53e-03
[2022-03-20 10:26:51,617][INFO] [Epoch 167/200] trn/acc1 9.94e-01, trn/loss 7.03e-01, trn/loss_ce 2.21e-02, trn/loss_wd 1.36e+03, trn/lr 7.11e-03
[2022-03-20 10:26:55,136][INFO] [Epoch 168/200] trn/acc1 9.94e-01, trn/loss 6.91e-01, trn/loss_ce 2.18e-02, trn/loss_wd 1.34e+03, trn/lr 6.70e-03
[2022-03-20 10:26:58,657][INFO] [Epoch 169/200] trn/acc1 9.95e-01, trn/loss 6.78e-01, trn/loss_ce 2.03e-02, trn/loss_wd 1.32e+03, trn/lr 6.30e-03
[2022-03-20 10:27:02,171][INFO] [Epoch 170/200] trn/acc1 9.97e-01, trn/loss 6.62e-01, trn/loss_ce 1.51e-02, trn/loss_wd 1.29e+03, trn/lr 5.92e-03
[2022-03-20 10:27:05,693][INFO] [Epoch 171/200] trn/acc1 9.97e-01, trn/loss 6.51e-01, trn/loss_ce 1.41e-02, trn/loss_wd 1.27e+03, trn/lr 5.54e-03
[2022-03-20 10:27:09,213][INFO] [Epoch 172/200] trn/acc1 9.97e-01, trn/loss 6.43e-01, trn/loss_ce 1.47e-02, trn/loss_wd 1.26e+03, trn/lr 5.18e-03
[2022-03-20 10:27:12,734][INFO] [Epoch 173/200] trn/acc1 9.97e-01, trn/loss 6.31e-01, trn/loss_ce 1.17e-02, trn/loss_wd 1.24e+03, trn/lr 4.83e-03
[2022-03-20 10:27:16,262][INFO] [Epoch 174/200] trn/acc1 9.97e-01, trn/loss 6.24e-01, trn/loss_ce 1.31e-02, trn/loss_wd 1.22e+03, trn/lr 4.49e-03
[2022-03-20 10:27:19,781][INFO] [Epoch 175/200] trn/acc1 9.98e-01, trn/loss 6.15e-01, trn/loss_ce 1.10e-02, trn/loss_wd 1.21e+03, trn/lr 4.16e-03
[2022-03-20 10:27:23,295][INFO] [Epoch 176/200] trn/acc1 9.98e-01, trn/loss 6.06e-01, trn/loss_ce 9.13e-03, trn/loss_wd 1.19e+03, trn/lr 3.85e-03
[2022-03-20 10:27:26,812][INFO] [Epoch 177/200] trn/acc1 9.98e-01, trn/loss 6.01e-01, trn/loss_ce 1.04e-02, trn/loss_wd 1.18e+03, trn/lr 3.54e-03
[2022-03-20 10:27:30,415][INFO] [Epoch 178/200] trn/acc1 9.98e-01, trn/loss 5.95e-01, trn/loss_ce 9.53e-03, trn/loss_wd 1.17e+03, trn/lr 3.25e-03
[2022-03-20 10:27:33,940][INFO] [Epoch 179/200] trn/acc1 9.98e-01, trn/loss 5.89e-01, trn/loss_ce 8.96e-03, trn/loss_wd 1.16e+03, trn/lr 2.97e-03
[2022-03-20 10:27:37,470][INFO] [Epoch 180/200] trn/acc1 9.98e-01, trn/loss 5.84e-01, trn/loss_ce 8.37e-03, trn/loss_wd 1.15e+03, trn/lr 2.70e-03
[2022-03-20 10:27:37,565][INFO] [Epoch 180/200] Validation: val/acc1 0.6608, val/loss_ce 1.8271
[2022-03-20 10:27:41,292][INFO] [Epoch 181/200] trn/acc1 9.99e-01, trn/loss 5.78e-01, trn/loss_ce 7.45e-03, trn/loss_wd 1.14e+03, trn/lr 2.45e-03
[2022-03-20 10:27:41,387][INFO] [Epoch 181/200] Validation: val/acc1 0.6612, val/loss_ce 1.8844
[2022-03-20 10:27:45,149][INFO] [Epoch 182/200] trn/acc1 9.98e-01, trn/loss 5.75e-01, trn/loss_ce 7.81e-03, trn/loss_wd 1.13e+03, trn/lr 2.21e-03
[2022-03-20 10:27:45,243][INFO] [Epoch 182/200] Validation: val/acc1 0.6596, val/loss_ce 1.8903
[2022-03-20 10:27:48,896][INFO] [Epoch 183/200] trn/acc1 9.99e-01, trn/loss 5.70e-01, trn/loss_ce 6.72e-03, trn/loss_wd 1.13e+03, trn/lr 1.97e-03
[2022-03-20 10:27:48,992][INFO] [Epoch 183/200] Validation: val/acc1 0.6608, val/loss_ce 1.9057
[2022-03-20 10:27:52,654][INFO] [Epoch 184/200] trn/acc1 9.99e-01, trn/loss 5.67e-01, trn/loss_ce 6.98e-03, trn/loss_wd 1.12e+03, trn/lr 1.76e-03
[2022-03-20 10:27:52,749][INFO] [Epoch 184/200] Validation: val/acc1 0.6596, val/loss_ce 1.9021
[2022-03-20 10:27:56,385][INFO] [Epoch 185/200] trn/acc1 9.99e-01, trn/loss 5.64e-01, trn/loss_ce 6.45e-03, trn/loss_wd 1.12e+03, trn/lr 1.55e-03
[2022-03-20 10:27:56,479][INFO] [Epoch 185/200] Validation: val/acc1 0.6654, val/loss_ce 1.8902
[2022-03-20 10:28:00,214][INFO] [Epoch 186/200] trn/acc1 9.99e-01, trn/loss 5.61e-01, trn/loss_ce 6.08e-03, trn/loss_wd 1.11e+03, trn/lr 1.36e-03
[2022-03-20 10:28:00,308][INFO] [Epoch 186/200] Validation: val/acc1 0.6614, val/loss_ce 1.8974
[2022-03-20 10:28:03,941][INFO] [Epoch 187/200] trn/acc1 9.99e-01, trn/loss 5.60e-01, trn/loss_ce 6.30e-03, trn/loss_wd 1.11e+03, trn/lr 1.18e-03
[2022-03-20 10:28:04,035][INFO] [Epoch 187/200] Validation: val/acc1 0.6634, val/loss_ce 1.9026
[2022-03-20 10:28:07,676][INFO] [Epoch 188/200] trn/acc1 9.99e-01, trn/loss 5.57e-01, trn/loss_ce 5.97e-03, trn/loss_wd 1.10e+03, trn/lr 1.01e-03
[2022-03-20 10:28:07,770][INFO] [Epoch 188/200] Validation: val/acc1 0.6624, val/loss_ce 1.8983
[2022-03-20 10:28:11,415][INFO] [Epoch 189/200] trn/acc1 9.99e-01, trn/loss 5.55e-01, trn/loss_ce 5.56e-03, trn/loss_wd 1.10e+03, trn/lr 8.56e-04
[2022-03-20 10:28:11,508][INFO] [Epoch 189/200] Validation: val/acc1 0.6630, val/loss_ce 1.9143
[2022-03-20 10:28:15,143][INFO] [Epoch 190/200] trn/acc1 9.99e-01, trn/loss 5.54e-01, trn/loss_ce 5.61e-03, trn/loss_wd 1.10e+03, trn/lr 7.14e-04
[2022-03-20 10:28:15,236][INFO] [Epoch 190/200] Validation: val/acc1 0.6612, val/loss_ce 1.9149
[2022-03-20 10:28:18,875][INFO] [Epoch 191/200] trn/acc1 9.99e-01, trn/loss 5.53e-01, trn/loss_ce 5.38e-03, trn/loss_wd 1.10e+03, trn/lr 5.85e-04
[2022-03-20 10:28:18,969][INFO] [Epoch 191/200] Validation: val/acc1 0.6598, val/loss_ce 1.9212
[2022-03-20 10:28:22,604][INFO] [Epoch 192/200] trn/acc1 9.99e-01, trn/loss 5.52e-01, trn/loss_ce 4.92e-03, trn/loss_wd 1.09e+03, trn/lr 4.69e-04
[2022-03-20 10:28:22,698][INFO] [Epoch 192/200] Validation: val/acc1 0.6588, val/loss_ce 1.9270
[2022-03-20 10:28:26,339][INFO] [Epoch 193/200] trn/acc1 9.99e-01, trn/loss 5.51e-01, trn/loss_ce 5.40e-03, trn/loss_wd 1.09e+03, trn/lr 3.65e-04
[2022-03-20 10:28:26,433][INFO] [Epoch 193/200] Validation: val/acc1 0.6630, val/loss_ce 1.9278
[2022-03-20 10:28:30,054][INFO] [Epoch 194/200] trn/acc1 9.99e-01, trn/loss 5.50e-01, trn/loss_ce 5.01e-03, trn/loss_wd 1.09e+03, trn/lr 2.75e-04
[2022-03-20 10:28:30,148][INFO] [Epoch 194/200] Validation: val/acc1 0.6628, val/loss_ce 1.9324
[2022-03-20 10:28:33,779][INFO] [Epoch 195/200] trn/acc1 9.99e-01, trn/loss 5.50e-01, trn/loss_ce 5.26e-03, trn/loss_wd 1.09e+03, trn/lr 1.97e-04
[2022-03-20 10:28:33,872][INFO] [Epoch 195/200] Validation: val/acc1 0.6632, val/loss_ce 1.9231
[2022-03-20 10:28:37,495][INFO] [Epoch 196/200] trn/acc1 9.99e-01, trn/loss 5.50e-01, trn/loss_ce 4.97e-03, trn/loss_wd 1.09e+03, trn/lr 1.32e-04
[2022-03-20 10:28:37,589][INFO] [Epoch 196/200] Validation: val/acc1 0.6646, val/loss_ce 1.9202
[2022-03-20 10:28:41,219][INFO] [Epoch 197/200] trn/acc1 9.99e-01, trn/loss 5.50e-01, trn/loss_ce 5.18e-03, trn/loss_wd 1.09e+03, trn/lr 8.01e-05
[2022-03-20 10:28:41,313][INFO] [Epoch 197/200] Validation: val/acc1 0.6636, val/loss_ce 1.9243
[2022-03-20 10:28:44,947][INFO] [Epoch 198/200] trn/acc1 1.00e+00, trn/loss 5.49e-01, trn/loss_ce 4.58e-03, trn/loss_wd 1.09e+03, trn/lr 4.11e-05
[2022-03-20 10:28:45,042][INFO] [Epoch 198/200] Validation: val/acc1 0.6644, val/loss_ce 1.9253
[2022-03-20 10:28:48,679][INFO] [Epoch 199/200] trn/acc1 9.99e-01, trn/loss 5.49e-01, trn/loss_ce 4.80e-03, trn/loss_wd 1.09e+03, trn/lr 1.52e-05
[2022-03-20 10:28:48,772][INFO] [Epoch 199/200] Validation: val/acc1 0.6638, val/loss_ce 1.9259
[2022-03-20 10:28:52,409][INFO] [Epoch 200/200] trn/acc1 9.99e-01, trn/loss 5.49e-01, trn/loss_ce 4.66e-03, trn/loss_wd 1.09e+03, trn/lr 2.17e-06
[2022-03-20 10:28:52,503][INFO] [Epoch 200/200] Validation: val/acc1 0.6640, val/loss_ce 1.9259
