[2022-02-07 15:52:41,033][INFO] Environments:
------------  ---------------------------------------------------------------------------
sys.platform  linux
Python        3.7.11 (default, Nov 23 2021, 05:29:02) [GCC 7.5.0]
JAX           0.2.27 @/mnt/data1/giung/venvs/jax0.2.27/lib/python3.7/site-packages/jax
jaxlib        0.1.75 @/mnt/data1/giung/venvs/jax0.2.27/lib/python3.7/site-packages/jaxlib
Flax          0.4.0 @/mnt/data1/giung/venvs/jax0.2.27/lib/python3.7/site-packages/flax
Optax         0.1.0 @/mnt/data1/giung/venvs/jax0.2.27/lib/python3.7/site-packages/optax
------------  ---------------------------------------------------------------------------

[2022-02-07 15:52:41,033][INFO] Command line arguments:
Namespace(batch_size=128, config_file='./configs/C100_VGG19-BN-ReLU_SGD.yaml', keep_every_n_checkpoints=None, learning_rate=0.05, num_epochs=200, num_warmup_epochs=5, opts=[], output_dir='./outputs/C100_VGG19-BN-ReLU/SGD/s42_e200_wd5e-4/', seed=42, weight_decay=0.0005)

[2022-02-07 15:52:41,033][INFO] Using a random seed 42

[2022-02-07 15:52:41,067][INFO] Unable to initialize backend 'tpu_driver': NOT_FOUND: Unable to find driver in registry given worker: 
[2022-02-07 15:52:41,262][INFO] Unable to initialize backend 'tpu': INVALID_ARGUMENT: TpuPlatform is not available.
[2022-02-07 15:54:04,018][INFO] Found no checkpoint files in outputs/C100_VGG19-BN-ReLU/SGD/s42_e200_wd5e-4
[2022-02-07 15:54:23,419][INFO] [Epoch   1/200] trn/acc1 7.54e-02, trn/loss 8.84e+00, trn/loss_ce 4.17e+00, trn/loss_wd 9.34e+03, trn/lr 4.99e-03
[2022-02-07 15:54:25,662][INFO] [Epoch   1/200] Validation: val/acc1 0.1134, val/loss_ce 3.8521
[2022-02-07 15:54:39,727][INFO] [Epoch   2/200] trn/acc1 1.59e-01, trn/loss 8.00e+00, trn/loss_ce 3.47e+00, trn/loss_wd 9.05e+03, trn/lr 1.50e-02
[2022-02-07 15:54:46,201][INFO] [Epoch   3/200] trn/acc1 2.24e-01, trn/loss 7.34e+00, trn/loss_ce 3.08e+00, trn/loss_wd 8.52e+03, trn/lr 2.50e-02
[2022-02-07 15:54:52,671][INFO] [Epoch   4/200] trn/acc1 2.83e-01, trn/loss 6.68e+00, trn/loss_ce 2.78e+00, trn/loss_wd 7.80e+03, trn/lr 3.50e-02
[2022-02-07 15:54:59,164][INFO] [Epoch   5/200] trn/acc1 3.26e-01, trn/loss 6.04e+00, trn/loss_ce 2.56e+00, trn/loss_wd 6.96e+03, trn/lr 4.50e-02
[2022-02-07 15:55:05,657][INFO] [Epoch   6/200] trn/acc1 3.65e-01, trn/loss 5.44e+00, trn/loss_ce 2.39e+00, trn/loss_wd 6.10e+03, trn/lr 5.00e-02
[2022-02-07 15:55:12,155][INFO] [Epoch   7/200] trn/acc1 4.08e-01, trn/loss 4.87e+00, trn/loss_ce 2.19e+00, trn/loss_wd 5.35e+03, trn/lr 5.00e-02
[2022-02-07 15:55:18,683][INFO] [Epoch   8/200] trn/acc1 4.38e-01, trn/loss 4.42e+00, trn/loss_ce 2.06e+00, trn/loss_wd 4.71e+03, trn/lr 5.00e-02
[2022-02-07 15:55:25,191][INFO] [Epoch   9/200] trn/acc1 4.64e-01, trn/loss 4.04e+00, trn/loss_ce 1.95e+00, trn/loss_wd 4.19e+03, trn/lr 5.00e-02
[2022-02-07 15:55:31,730][INFO] [Epoch  10/200] trn/acc1 4.86e-01, trn/loss 3.74e+00, trn/loss_ce 1.87e+00, trn/loss_wd 3.75e+03, trn/lr 4.99e-02
[2022-02-07 15:55:38,242][INFO] [Epoch  11/200] trn/acc1 5.04e-01, trn/loss 3.49e+00, trn/loss_ce 1.79e+00, trn/loss_wd 3.39e+03, trn/lr 4.99e-02
[2022-02-07 15:55:44,770][INFO] [Epoch  12/200] trn/acc1 5.21e-01, trn/loss 3.28e+00, trn/loss_ce 1.73e+00, trn/loss_wd 3.10e+03, trn/lr 4.99e-02
[2022-02-07 15:55:51,296][INFO] [Epoch  13/200] trn/acc1 5.29e-01, trn/loss 3.12e+00, trn/loss_ce 1.69e+00, trn/loss_wd 2.86e+03, trn/lr 4.98e-02
[2022-02-07 15:55:58,004][INFO] [Epoch  14/200] trn/acc1 5.44e-01, trn/loss 2.97e+00, trn/loss_ce 1.64e+00, trn/loss_wd 2.67e+03, trn/lr 4.98e-02
[2022-02-07 15:56:04,525][INFO] [Epoch  15/200] trn/acc1 5.50e-01, trn/loss 2.86e+00, trn/loss_ce 1.61e+00, trn/loss_wd 2.51e+03, trn/lr 4.97e-02
[2022-02-07 15:56:11,030][INFO] [Epoch  16/200] trn/acc1 5.64e-01, trn/loss 2.75e+00, trn/loss_ce 1.55e+00, trn/loss_wd 2.40e+03, trn/lr 4.96e-02
[2022-02-07 15:56:17,546][INFO] [Epoch  17/200] trn/acc1 5.70e-01, trn/loss 2.69e+00, trn/loss_ce 1.54e+00, trn/loss_wd 2.31e+03, trn/lr 4.96e-02
[2022-02-07 15:56:24,074][INFO] [Epoch  18/200] trn/acc1 5.80e-01, trn/loss 2.62e+00, trn/loss_ce 1.50e+00, trn/loss_wd 2.23e+03, trn/lr 4.95e-02
[2022-02-07 15:56:30,616][INFO] [Epoch  19/200] trn/acc1 5.87e-01, trn/loss 2.56e+00, trn/loss_ce 1.47e+00, trn/loss_wd 2.18e+03, trn/lr 4.94e-02
[2022-02-07 15:56:37,161][INFO] [Epoch  20/200] trn/acc1 5.92e-01, trn/loss 2.52e+00, trn/loss_ce 1.45e+00, trn/loss_wd 2.14e+03, trn/lr 4.93e-02
[2022-02-07 15:56:37,327][INFO] [Epoch  20/200] Validation: val/acc1 0.5044, val/loss_ce 1.8905
[2022-02-07 15:56:51,267][INFO] [Epoch  21/200] trn/acc1 5.99e-01, trn/loss 2.49e+00, trn/loss_ce 1.43e+00, trn/loss_wd 2.12e+03, trn/lr 4.92e-02
[2022-02-07 15:56:57,793][INFO] [Epoch  22/200] trn/acc1 6.01e-01, trn/loss 2.46e+00, trn/loss_ce 1.41e+00, trn/loss_wd 2.10e+03, trn/lr 4.91e-02
[2022-02-07 15:57:04,320][INFO] [Epoch  23/200] trn/acc1 6.11e-01, trn/loss 2.44e+00, trn/loss_ce 1.39e+00, trn/loss_wd 2.10e+03, trn/lr 4.90e-02
[2022-02-07 15:57:10,835][INFO] [Epoch  24/200] trn/acc1 6.20e-01, trn/loss 2.41e+00, trn/loss_ce 1.37e+00, trn/loss_wd 2.10e+03, trn/lr 4.89e-02
[2022-02-07 15:57:17,369][INFO] [Epoch  25/200] trn/acc1 6.23e-01, trn/loss 2.39e+00, trn/loss_ce 1.35e+00, trn/loss_wd 2.09e+03, trn/lr 4.88e-02
[2022-02-07 15:57:23,924][INFO] [Epoch  26/200] trn/acc1 6.31e-01, trn/loss 2.37e+00, trn/loss_ce 1.33e+00, trn/loss_wd 2.10e+03, trn/lr 4.86e-02
[2022-02-07 15:57:30,534][INFO] [Epoch  27/200] trn/acc1 6.33e-01, trn/loss 2.37e+00, trn/loss_ce 1.32e+00, trn/loss_wd 2.11e+03, trn/lr 4.85e-02
[2022-02-07 15:57:41,400][INFO] [Epoch  28/200] trn/acc1 6.34e-01, trn/loss 2.36e+00, trn/loss_ce 1.30e+00, trn/loss_wd 2.13e+03, trn/lr 4.84e-02
[2022-02-07 15:57:47,913][INFO] [Epoch  29/200] trn/acc1 6.43e-01, trn/loss 2.35e+00, trn/loss_ce 1.28e+00, trn/loss_wd 2.14e+03, trn/lr 4.82e-02
[2022-02-07 15:57:54,441][INFO] [Epoch  30/200] trn/acc1 6.46e-01, trn/loss 2.34e+00, trn/loss_ce 1.26e+00, trn/loss_wd 2.15e+03, trn/lr 4.81e-02
[2022-02-07 15:58:00,954][INFO] [Epoch  31/200] trn/acc1 6.51e-01, trn/loss 2.33e+00, trn/loss_ce 1.24e+00, trn/loss_wd 2.16e+03, trn/lr 4.79e-02
[2022-02-07 15:58:07,467][INFO] [Epoch  32/200] trn/acc1 6.55e-01, trn/loss 2.32e+00, trn/loss_ce 1.23e+00, trn/loss_wd 2.18e+03, trn/lr 4.78e-02
[2022-02-07 15:58:13,972][INFO] [Epoch  33/200] trn/acc1 6.60e-01, trn/loss 2.31e+00, trn/loss_ce 1.21e+00, trn/loss_wd 2.19e+03, trn/lr 4.76e-02
[2022-02-07 15:58:20,490][INFO] [Epoch  34/200] trn/acc1 6.65e-01, trn/loss 2.30e+00, trn/loss_ce 1.20e+00, trn/loss_wd 2.21e+03, trn/lr 4.74e-02
[2022-02-07 15:58:27,011][INFO] [Epoch  35/200] trn/acc1 6.65e-01, trn/loss 2.31e+00, trn/loss_ce 1.19e+00, trn/loss_wd 2.23e+03, trn/lr 4.72e-02
[2022-02-07 15:58:33,533][INFO] [Epoch  36/200] trn/acc1 6.71e-01, trn/loss 2.30e+00, trn/loss_ce 1.18e+00, trn/loss_wd 2.24e+03, trn/lr 4.70e-02
[2022-02-07 15:58:40,044][INFO] [Epoch  37/200] trn/acc1 6.77e-01, trn/loss 2.28e+00, trn/loss_ce 1.15e+00, trn/loss_wd 2.26e+03, trn/lr 4.68e-02
[2022-02-07 15:58:46,569][INFO] [Epoch  38/200] trn/acc1 6.78e-01, trn/loss 2.28e+00, trn/loss_ce 1.14e+00, trn/loss_wd 2.28e+03, trn/lr 4.67e-02
[2022-02-07 15:58:53,101][INFO] [Epoch  39/200] trn/acc1 6.82e-01, trn/loss 2.28e+00, trn/loss_ce 1.13e+00, trn/loss_wd 2.30e+03, trn/lr 4.64e-02
[2022-02-07 15:58:59,637][INFO] [Epoch  40/200] trn/acc1 6.83e-01, trn/loss 2.29e+00, trn/loss_ce 1.13e+00, trn/loss_wd 2.32e+03, trn/lr 4.62e-02
[2022-02-07 15:58:59,804][INFO] [Epoch  40/200] Validation: val/acc1 0.5754, val/loss_ce 1.6579
[2022-02-07 15:59:31,826][INFO] [Epoch  41/200] trn/acc1 6.87e-01, trn/loss 2.28e+00, trn/loss_ce 1.12e+00, trn/loss_wd 2.33e+03, trn/lr 4.60e-02
[2022-02-07 15:59:38,316][INFO] [Epoch  42/200] trn/acc1 6.87e-01, trn/loss 2.28e+00, trn/loss_ce 1.11e+00, trn/loss_wd 2.35e+03, trn/lr 4.58e-02
[2022-02-07 15:59:49,010][INFO] [Epoch  43/200] trn/acc1 6.91e-01, trn/loss 2.27e+00, trn/loss_ce 1.09e+00, trn/loss_wd 2.36e+03, trn/lr 4.56e-02
[2022-02-07 15:59:55,520][INFO] [Epoch  44/200] trn/acc1 6.91e-01, trn/loss 2.28e+00, trn/loss_ce 1.10e+00, trn/loss_wd 2.37e+03, trn/lr 4.53e-02
[2022-02-07 16:00:02,029][INFO] [Epoch  45/200] trn/acc1 7.00e-01, trn/loss 2.26e+00, trn/loss_ce 1.07e+00, trn/loss_wd 2.38e+03, trn/lr 4.51e-02
[2022-02-07 16:00:08,544][INFO] [Epoch  46/200] trn/acc1 6.98e-01, trn/loss 2.26e+00, trn/loss_ce 1.06e+00, trn/loss_wd 2.39e+03, trn/lr 4.49e-02
[2022-02-07 16:00:15,069][INFO] [Epoch  47/200] trn/acc1 7.01e-01, trn/loss 2.25e+00, trn/loss_ce 1.05e+00, trn/loss_wd 2.41e+03, trn/lr 4.46e-02
[2022-02-07 16:00:21,612][INFO] [Epoch  48/200] trn/acc1 7.06e-01, trn/loss 2.25e+00, trn/loss_ce 1.04e+00, trn/loss_wd 2.42e+03, trn/lr 4.44e-02
[2022-02-07 16:00:28,130][INFO] [Epoch  49/200] trn/acc1 7.13e-01, trn/loss 2.24e+00, trn/loss_ce 1.03e+00, trn/loss_wd 2.43e+03, trn/lr 4.41e-02
[2022-02-07 16:00:34,671][INFO] [Epoch  50/200] trn/acc1 7.11e-01, trn/loss 2.24e+00, trn/loss_ce 1.02e+00, trn/loss_wd 2.44e+03, trn/lr 4.38e-02
[2022-02-07 16:00:41,195][INFO] [Epoch  51/200] trn/acc1 7.10e-01, trn/loss 2.25e+00, trn/loss_ce 1.03e+00, trn/loss_wd 2.45e+03, trn/lr 4.36e-02
[2022-02-07 16:00:47,738][INFO] [Epoch  52/200] trn/acc1 7.15e-01, trn/loss 2.24e+00, trn/loss_ce 1.01e+00, trn/loss_wd 2.47e+03, trn/lr 4.33e-02
[2022-02-07 16:00:54,276][INFO] [Epoch  53/200] trn/acc1 7.21e-01, trn/loss 2.22e+00, trn/loss_ce 9.89e-01, trn/loss_wd 2.47e+03, trn/lr 4.30e-02
[2022-02-07 16:01:00,816][INFO] [Epoch  54/200] trn/acc1 7.24e-01, trn/loss 2.22e+00, trn/loss_ce 9.77e-01, trn/loss_wd 2.48e+03, trn/lr 4.27e-02
[2022-02-07 16:01:07,485][INFO] [Epoch  55/200] trn/acc1 7.24e-01, trn/loss 2.22e+00, trn/loss_ce 9.78e-01, trn/loss_wd 2.48e+03, trn/lr 4.25e-02
[2022-02-07 16:01:14,046][INFO] [Epoch  56/200] trn/acc1 7.23e-01, trn/loss 2.23e+00, trn/loss_ce 9.83e-01, trn/loss_wd 2.50e+03, trn/lr 4.22e-02
[2022-02-07 16:01:22,128][INFO] [Epoch  57/200] trn/acc1 7.28e-01, trn/loss 2.22e+00, trn/loss_ce 9.61e-01, trn/loss_wd 2.51e+03, trn/lr 4.19e-02
[2022-02-07 16:01:28,666][INFO] [Epoch  58/200] trn/acc1 7.34e-01, trn/loss 2.20e+00, trn/loss_ce 9.45e-01, trn/loss_wd 2.51e+03, trn/lr 4.16e-02
[2022-02-07 16:01:35,208][INFO] [Epoch  59/200] trn/acc1 7.30e-01, trn/loss 2.21e+00, trn/loss_ce 9.47e-01, trn/loss_wd 2.53e+03, trn/lr 4.13e-02
[2022-02-07 16:01:41,761][INFO] [Epoch  60/200] trn/acc1 7.35e-01, trn/loss 2.20e+00, trn/loss_ce 9.36e-01, trn/loss_wd 2.53e+03, trn/lr 4.10e-02
[2022-02-07 16:01:41,926][INFO] [Epoch  60/200] Validation: val/acc1 0.5864, val/loss_ce 1.6370
[2022-02-07 16:02:27,357][INFO] [Epoch  61/200] trn/acc1 7.41e-01, trn/loss 2.18e+00, trn/loss_ce 9.14e-01, trn/loss_wd 2.54e+03, trn/lr 4.07e-02
[2022-02-07 16:02:33,833][INFO] [Epoch  62/200] trn/acc1 7.42e-01, trn/loss 2.19e+00, trn/loss_ce 9.17e-01, trn/loss_wd 2.55e+03, trn/lr 4.03e-02
[2022-02-07 16:02:40,335][INFO] [Epoch  63/200] trn/acc1 7.47e-01, trn/loss 2.18e+00, trn/loss_ce 9.03e-01, trn/loss_wd 2.55e+03, trn/lr 4.00e-02
[2022-02-07 16:02:46,810][INFO] [Epoch  64/200] trn/acc1 7.48e-01, trn/loss 2.18e+00, trn/loss_ce 8.99e-01, trn/loss_wd 2.55e+03, trn/lr 3.97e-02
[2022-02-07 16:02:53,329][INFO] [Epoch  65/200] trn/acc1 7.50e-01, trn/loss 2.17e+00, trn/loss_ce 8.88e-01, trn/loss_wd 2.56e+03, trn/lr 3.94e-02
[2022-02-07 16:02:59,841][INFO] [Epoch  66/200] trn/acc1 7.49e-01, trn/loss 2.17e+00, trn/loss_ce 8.85e-01, trn/loss_wd 2.56e+03, trn/lr 3.90e-02
[2022-02-07 16:03:06,394][INFO] [Epoch  67/200] trn/acc1 7.51e-01, trn/loss 2.16e+00, trn/loss_ce 8.78e-01, trn/loss_wd 2.57e+03, trn/lr 3.87e-02
[2022-02-07 16:03:14,068][INFO] [Epoch  68/200] trn/acc1 7.55e-01, trn/loss 2.15e+00, trn/loss_ce 8.62e-01, trn/loss_wd 2.57e+03, trn/lr 3.84e-02
[2022-02-07 16:03:22,602][INFO] [Epoch  69/200] trn/acc1 7.60e-01, trn/loss 2.13e+00, trn/loss_ce 8.43e-01, trn/loss_wd 2.57e+03, trn/lr 3.80e-02
[2022-02-07 16:03:34,170][INFO] [Epoch  70/200] trn/acc1 7.60e-01, trn/loss 2.13e+00, trn/loss_ce 8.42e-01, trn/loss_wd 2.57e+03, trn/lr 3.77e-02
[2022-02-07 16:03:40,704][INFO] [Epoch  71/200] trn/acc1 7.63e-01, trn/loss 2.12e+00, trn/loss_ce 8.35e-01, trn/loss_wd 2.58e+03, trn/lr 3.73e-02
[2022-02-07 16:03:47,208][INFO] [Epoch  72/200] trn/acc1 7.66e-01, trn/loss 2.11e+00, trn/loss_ce 8.21e-01, trn/loss_wd 2.58e+03, trn/lr 3.70e-02
[2022-02-07 16:03:53,740][INFO] [Epoch  73/200] trn/acc1 7.71e-01, trn/loss 2.09e+00, trn/loss_ce 8.05e-01, trn/loss_wd 2.58e+03, trn/lr 3.66e-02
[2022-02-07 16:04:00,269][INFO] [Epoch  74/200] trn/acc1 7.68e-01, trn/loss 2.11e+00, trn/loss_ce 8.17e-01, trn/loss_wd 2.58e+03, trn/lr 3.63e-02
[2022-02-07 16:04:06,785][INFO] [Epoch  75/200] trn/acc1 7.69e-01, trn/loss 2.10e+00, trn/loss_ce 8.05e-01, trn/loss_wd 2.59e+03, trn/lr 3.59e-02
[2022-02-07 16:04:13,318][INFO] [Epoch  76/200] trn/acc1 7.77e-01, trn/loss 2.09e+00, trn/loss_ce 7.90e-01, trn/loss_wd 2.59e+03, trn/lr 3.55e-02
[2022-02-07 16:04:19,840][INFO] [Epoch  77/200] trn/acc1 7.76e-01, trn/loss 2.08e+00, trn/loss_ce 7.80e-01, trn/loss_wd 2.59e+03, trn/lr 3.52e-02
[2022-02-07 16:04:26,380][INFO] [Epoch  78/200] trn/acc1 7.81e-01, trn/loss 2.05e+00, trn/loss_ce 7.59e-01, trn/loss_wd 2.59e+03, trn/lr 3.48e-02
[2022-02-07 16:04:32,908][INFO] [Epoch  79/200] trn/acc1 7.80e-01, trn/loss 2.06e+00, trn/loss_ce 7.67e-01, trn/loss_wd 2.59e+03, trn/lr 3.44e-02
[2022-02-07 16:04:39,488][INFO] [Epoch  80/200] trn/acc1 7.82e-01, trn/loss 2.05e+00, trn/loss_ce 7.58e-01, trn/loss_wd 2.59e+03, trn/lr 3.41e-02
[2022-02-07 16:04:39,653][INFO] [Epoch  80/200] Validation: val/acc1 0.5858, val/loss_ce 1.7641
[2022-02-07 16:04:50,509][INFO] [Epoch  81/200] trn/acc1 7.87e-01, trn/loss 2.04e+00, trn/loss_ce 7.45e-01, trn/loss_wd 2.59e+03, trn/lr 3.37e-02
[2022-02-07 16:04:57,037][INFO] [Epoch  82/200] trn/acc1 7.89e-01, trn/loss 2.03e+00, trn/loss_ce 7.34e-01, trn/loss_wd 2.60e+03, trn/lr 3.33e-02
[2022-02-07 16:05:03,550][INFO] [Epoch  83/200] trn/acc1 7.91e-01, trn/loss 2.02e+00, trn/loss_ce 7.22e-01, trn/loss_wd 2.60e+03, trn/lr 3.29e-02
[2022-02-07 16:05:10,087][INFO] [Epoch  84/200] trn/acc1 7.94e-01, trn/loss 2.02e+00, trn/loss_ce 7.17e-01, trn/loss_wd 2.60e+03, trn/lr 3.25e-02
[2022-02-07 16:05:16,637][INFO] [Epoch  85/200] trn/acc1 7.96e-01, trn/loss 2.00e+00, trn/loss_ce 7.03e-01, trn/loss_wd 2.60e+03, trn/lr 3.21e-02
[2022-02-07 16:05:23,172][INFO] [Epoch  86/200] trn/acc1 7.98e-01, trn/loss 2.00e+00, trn/loss_ce 6.98e-01, trn/loss_wd 2.60e+03, trn/lr 3.18e-02
[2022-02-07 16:05:29,812][INFO] [Epoch  87/200] trn/acc1 8.02e-01, trn/loss 1.98e+00, trn/loss_ce 6.84e-01, trn/loss_wd 2.60e+03, trn/lr 3.14e-02
[2022-02-07 16:05:36,349][INFO] [Epoch  88/200] trn/acc1 8.08e-01, trn/loss 1.97e+00, trn/loss_ce 6.70e-01, trn/loss_wd 2.60e+03, trn/lr 3.10e-02
[2022-02-07 16:05:42,890][INFO] [Epoch  89/200] trn/acc1 8.07e-01, trn/loss 1.96e+00, trn/loss_ce 6.63e-01, trn/loss_wd 2.59e+03, trn/lr 3.06e-02
[2022-02-07 16:05:49,435][INFO] [Epoch  90/200] trn/acc1 8.12e-01, trn/loss 1.95e+00, trn/loss_ce 6.54e-01, trn/loss_wd 2.59e+03, trn/lr 3.02e-02
[2022-02-07 16:05:55,992][INFO] [Epoch  91/200] trn/acc1 8.11e-01, trn/loss 1.95e+00, trn/loss_ce 6.54e-01, trn/loss_wd 2.58e+03, trn/lr 2.98e-02
[2022-02-07 16:06:02,550][INFO] [Epoch  92/200] trn/acc1 8.16e-01, trn/loss 1.92e+00, trn/loss_ce 6.36e-01, trn/loss_wd 2.58e+03, trn/lr 2.94e-02
[2022-02-07 16:06:09,112][INFO] [Epoch  93/200] trn/acc1 8.14e-01, trn/loss 1.93e+00, trn/loss_ce 6.39e-01, trn/loss_wd 2.57e+03, trn/lr 2.90e-02
[2022-02-07 16:06:15,672][INFO] [Epoch  94/200] trn/acc1 8.18e-01, trn/loss 1.91e+00, trn/loss_ce 6.23e-01, trn/loss_wd 2.57e+03, trn/lr 2.86e-02
[2022-02-07 16:06:22,238][INFO] [Epoch  95/200] trn/acc1 8.25e-01, trn/loss 1.89e+00, trn/loss_ce 5.99e-01, trn/loss_wd 2.57e+03, trn/lr 2.82e-02
[2022-02-07 16:06:28,795][INFO] [Epoch  96/200] trn/acc1 8.30e-01, trn/loss 1.87e+00, trn/loss_ce 5.86e-01, trn/loss_wd 2.57e+03, trn/lr 2.78e-02
[2022-02-07 16:06:35,367][INFO] [Epoch  97/200] trn/acc1 8.26e-01, trn/loss 1.87e+00, trn/loss_ce 5.89e-01, trn/loss_wd 2.56e+03, trn/lr 2.74e-02
[2022-02-07 16:06:41,914][INFO] [Epoch  98/200] trn/acc1 8.30e-01, trn/loss 1.86e+00, trn/loss_ce 5.84e-01, trn/loss_wd 2.56e+03, trn/lr 2.70e-02
[2022-02-07 16:06:49,492][INFO] [Epoch  99/200] trn/acc1 8.36e-01, trn/loss 1.83e+00, trn/loss_ce 5.59e-01, trn/loss_wd 2.55e+03, trn/lr 2.66e-02
[2022-02-07 16:06:56,034][INFO] [Epoch 100/200] trn/acc1 8.39e-01, trn/loss 1.82e+00, trn/loss_ce 5.53e-01, trn/loss_wd 2.54e+03, trn/lr 2.62e-02
[2022-02-07 16:06:56,201][INFO] [Epoch 100/200] Validation: val/acc1 0.6436, val/loss_ce 1.5186
[2022-02-07 16:07:21,626][INFO] [Epoch 101/200] trn/acc1 8.39e-01, trn/loss 1.82e+00, trn/loss_ce 5.50e-01, trn/loss_wd 2.53e+03, trn/lr 2.58e-02
[2022-02-07 16:07:28,137][INFO] [Epoch 102/200] trn/acc1 8.42e-01, trn/loss 1.80e+00, trn/loss_ce 5.38e-01, trn/loss_wd 2.52e+03, trn/lr 2.54e-02
[2022-02-07 16:07:34,646][INFO] [Epoch 103/200] trn/acc1 8.49e-01, trn/loss 1.78e+00, trn/loss_ce 5.20e-01, trn/loss_wd 2.52e+03, trn/lr 2.50e-02
[2022-02-07 16:07:41,178][INFO] [Epoch 104/200] trn/acc1 8.49e-01, trn/loss 1.77e+00, trn/loss_ce 5.16e-01, trn/loss_wd 2.51e+03, trn/lr 2.46e-02
[2022-02-07 16:07:47,707][INFO] [Epoch 105/200] trn/acc1 8.53e-01, trn/loss 1.75e+00, trn/loss_ce 4.99e-01, trn/loss_wd 2.50e+03, trn/lr 2.42e-02
[2022-02-07 16:07:54,252][INFO] [Epoch 106/200] trn/acc1 8.52e-01, trn/loss 1.75e+00, trn/loss_ce 5.00e-01, trn/loss_wd 2.49e+03, trn/lr 2.38e-02
[2022-02-07 16:08:00,803][INFO] [Epoch 107/200] trn/acc1 8.53e-01, trn/loss 1.74e+00, trn/loss_ce 4.99e-01, trn/loss_wd 2.48e+03, trn/lr 2.34e-02
[2022-02-07 16:08:07,322][INFO] [Epoch 108/200] trn/acc1 8.62e-01, trn/loss 1.71e+00, trn/loss_ce 4.70e-01, trn/loss_wd 2.47e+03, trn/lr 2.30e-02
[2022-02-07 16:08:13,847][INFO] [Epoch 109/200] trn/acc1 8.63e-01, trn/loss 1.69e+00, trn/loss_ce 4.62e-01, trn/loss_wd 2.46e+03, trn/lr 2.26e-02
[2022-02-07 16:08:20,403][INFO] [Epoch 110/200] trn/acc1 8.66e-01, trn/loss 1.68e+00, trn/loss_ce 4.56e-01, trn/loss_wd 2.45e+03, trn/lr 2.22e-02
[2022-02-07 16:08:26,957][INFO] [Epoch 111/200] trn/acc1 8.69e-01, trn/loss 1.66e+00, trn/loss_ce 4.40e-01, trn/loss_wd 2.44e+03, trn/lr 2.18e-02
[2022-02-07 16:08:34,858][INFO] [Epoch 112/200] trn/acc1 8.73e-01, trn/loss 1.64e+00, trn/loss_ce 4.32e-01, trn/loss_wd 2.43e+03, trn/lr 2.14e-02
[2022-02-07 16:08:41,416][INFO] [Epoch 113/200] trn/acc1 8.71e-01, trn/loss 1.63e+00, trn/loss_ce 4.26e-01, trn/loss_wd 2.41e+03, trn/lr 2.10e-02
[2022-02-07 16:08:47,972][INFO] [Epoch 114/200] trn/acc1 8.75e-01, trn/loss 1.62e+00, trn/loss_ce 4.17e-01, trn/loss_wd 2.40e+03, trn/lr 2.06e-02
[2022-02-07 16:08:54,516][INFO] [Epoch 115/200] trn/acc1 8.78e-01, trn/loss 1.60e+00, trn/loss_ce 4.11e-01, trn/loss_wd 2.39e+03, trn/lr 2.02e-02
[2022-02-07 16:09:01,051][INFO] [Epoch 116/200] trn/acc1 8.81e-01, trn/loss 1.59e+00, trn/loss_ce 4.02e-01, trn/loss_wd 2.38e+03, trn/lr 1.98e-02
[2022-02-07 16:09:07,578][INFO] [Epoch 117/200] trn/acc1 8.88e-01, trn/loss 1.56e+00, trn/loss_ce 3.78e-01, trn/loss_wd 2.36e+03, trn/lr 1.94e-02
[2022-02-07 16:09:14,122][INFO] [Epoch 118/200] trn/acc1 8.89e-01, trn/loss 1.54e+00, trn/loss_ce 3.73e-01, trn/loss_wd 2.34e+03, trn/lr 1.90e-02
[2022-02-07 16:09:20,780][INFO] [Epoch 119/200] trn/acc1 8.91e-01, trn/loss 1.53e+00, trn/loss_ce 3.65e-01, trn/loss_wd 2.33e+03, trn/lr 1.86e-02
[2022-02-07 16:09:27,324][INFO] [Epoch 120/200] trn/acc1 8.95e-01, trn/loss 1.50e+00, trn/loss_ce 3.50e-01, trn/loss_wd 2.31e+03, trn/lr 1.82e-02
[2022-02-07 16:09:27,491][INFO] [Epoch 120/200] Validation: val/acc1 0.6508, val/loss_ce 1.6539
[2022-02-07 16:09:45,326][INFO] [Epoch 121/200] trn/acc1 8.95e-01, trn/loss 1.50e+00, trn/loss_ce 3.51e-01, trn/loss_wd 2.29e+03, trn/lr 1.79e-02
[2022-02-07 16:09:51,855][INFO] [Epoch 122/200] trn/acc1 9.00e-01, trn/loss 1.47e+00, trn/loss_ce 3.30e-01, trn/loss_wd 2.28e+03, trn/lr 1.75e-02
[2022-02-07 16:09:58,365][INFO] [Epoch 123/200] trn/acc1 9.01e-01, trn/loss 1.45e+00, trn/loss_ce 3.22e-01, trn/loss_wd 2.26e+03, trn/lr 1.71e-02
[2022-02-07 16:10:04,889][INFO] [Epoch 124/200] trn/acc1 9.02e-01, trn/loss 1.45e+00, trn/loss_ce 3.27e-01, trn/loss_wd 2.25e+03, trn/lr 1.67e-02
[2022-02-07 16:10:15,415][INFO] [Epoch 125/200] trn/acc1 9.10e-01, trn/loss 1.41e+00, trn/loss_ce 2.98e-01, trn/loss_wd 2.23e+03, trn/lr 1.63e-02
[2022-02-07 16:10:21,937][INFO] [Epoch 126/200] trn/acc1 9.09e-01, trn/loss 1.40e+00, trn/loss_ce 2.99e-01, trn/loss_wd 2.21e+03, trn/lr 1.59e-02
[2022-02-07 16:10:28,526][INFO] [Epoch 127/200] trn/acc1 9.13e-01, trn/loss 1.38e+00, trn/loss_ce 2.86e-01, trn/loss_wd 2.19e+03, trn/lr 1.56e-02
[2022-02-07 16:10:36,240][INFO] [Epoch 128/200] trn/acc1 9.18e-01, trn/loss 1.36e+00, trn/loss_ce 2.77e-01, trn/loss_wd 2.17e+03, trn/lr 1.52e-02
[2022-02-07 16:10:46,043][INFO] [Epoch 129/200] trn/acc1 9.20e-01, trn/loss 1.34e+00, trn/loss_ce 2.62e-01, trn/loss_wd 2.15e+03, trn/lr 1.48e-02
[2022-02-07 16:10:53,428][INFO] [Epoch 130/200] trn/acc1 9.22e-01, trn/loss 1.32e+00, trn/loss_ce 2.58e-01, trn/loss_wd 2.13e+03, trn/lr 1.45e-02
[2022-02-07 16:10:59,941][INFO] [Epoch 131/200] trn/acc1 9.25e-01, trn/loss 1.30e+00, trn/loss_ce 2.45e-01, trn/loss_wd 2.11e+03, trn/lr 1.41e-02
[2022-02-07 16:11:07,553][INFO] [Epoch 132/200] trn/acc1 9.29e-01, trn/loss 1.28e+00, trn/loss_ce 2.35e-01, trn/loss_wd 2.09e+03, trn/lr 1.37e-02
[2022-02-07 16:11:15,258][INFO] [Epoch 133/200] trn/acc1 9.31e-01, trn/loss 1.26e+00, trn/loss_ce 2.29e-01, trn/loss_wd 2.07e+03, trn/lr 1.34e-02
[2022-02-07 16:11:21,791][INFO] [Epoch 134/200] trn/acc1 9.31e-01, trn/loss 1.25e+00, trn/loss_ce 2.25e-01, trn/loss_wd 2.05e+03, trn/lr 1.30e-02
[2022-02-07 16:11:28,300][INFO] [Epoch 135/200] trn/acc1 9.38e-01, trn/loss 1.21e+00, trn/loss_ce 2.03e-01, trn/loss_wd 2.02e+03, trn/lr 1.27e-02
[2022-02-07 16:11:34,803][INFO] [Epoch 136/200] trn/acc1 9.39e-01, trn/loss 1.20e+00, trn/loss_ce 2.00e-01, trn/loss_wd 2.00e+03, trn/lr 1.23e-02
[2022-02-07 16:11:41,308][INFO] [Epoch 137/200] trn/acc1 9.40e-01, trn/loss 1.18e+00, trn/loss_ce 1.93e-01, trn/loss_wd 1.98e+03, trn/lr 1.20e-02
[2022-02-07 16:11:49,379][INFO] [Epoch 138/200] trn/acc1 9.45e-01, trn/loss 1.16e+00, trn/loss_ce 1.84e-01, trn/loss_wd 1.95e+03, trn/lr 1.16e-02
[2022-02-07 16:11:55,893][INFO] [Epoch 139/200] trn/acc1 9.45e-01, trn/loss 1.14e+00, trn/loss_ce 1.78e-01, trn/loss_wd 1.93e+03, trn/lr 1.13e-02
[2022-02-07 16:12:02,412][INFO] [Epoch 140/200] trn/acc1 9.46e-01, trn/loss 1.13e+00, trn/loss_ce 1.78e-01, trn/loss_wd 1.91e+03, trn/lr 1.10e-02
[2022-02-07 16:12:02,576][INFO] [Epoch 140/200] Validation: val/acc1 0.6666, val/loss_ce 1.7405
[2022-02-07 16:12:48,887][INFO] [Epoch 141/200] trn/acc1 9.52e-01, trn/loss 1.10e+00, trn/loss_ce 1.58e-01, trn/loss_wd 1.89e+03, trn/lr 1.06e-02
[2022-02-07 16:12:57,236][INFO] [Epoch 142/200] trn/acc1 9.53e-01, trn/loss 1.08e+00, trn/loss_ce 1.54e-01, trn/loss_wd 1.86e+03, trn/lr 1.03e-02
[2022-02-07 16:13:07,311][INFO] [Epoch 143/200] trn/acc1 9.57e-01, trn/loss 1.06e+00, trn/loss_ce 1.43e-01, trn/loss_wd 1.84e+03, trn/lr 9.98e-03
[2022-02-07 16:13:13,806][INFO] [Epoch 144/200] trn/acc1 9.59e-01, trn/loss 1.04e+00, trn/loss_ce 1.31e-01, trn/loss_wd 1.81e+03, trn/lr 9.66e-03
[2022-02-07 16:13:22,121][INFO] [Epoch 145/200] trn/acc1 9.62e-01, trn/loss 1.02e+00, trn/loss_ce 1.26e-01, trn/loss_wd 1.79e+03, trn/lr 9.35e-03
[2022-02-07 16:13:28,638][INFO] [Epoch 146/200] trn/acc1 9.66e-01, trn/loss 9.94e-01, trn/loss_ce 1.13e-01, trn/loss_wd 1.76e+03, trn/lr 9.03e-03
[2022-02-07 16:13:35,142][INFO] [Epoch 147/200] trn/acc1 9.68e-01, trn/loss 9.72e-01, trn/loss_ce 1.04e-01, trn/loss_wd 1.74e+03, trn/lr 8.73e-03
[2022-02-07 16:13:42,663][INFO] [Epoch 148/200] trn/acc1 9.69e-01, trn/loss 9.58e-01, trn/loss_ce 1.02e-01, trn/loss_wd 1.71e+03, trn/lr 8.42e-03
[2022-02-07 16:13:49,167][INFO] [Epoch 149/200] trn/acc1 9.72e-01, trn/loss 9.34e-01, trn/loss_ce 9.10e-02, trn/loss_wd 1.69e+03, trn/lr 8.12e-03
[2022-02-07 16:13:55,766][INFO] [Epoch 150/200] trn/acc1 9.73e-01, trn/loss 9.19e-01, trn/loss_ce 8.79e-02, trn/loss_wd 1.66e+03, trn/lr 7.83e-03
[2022-02-07 16:14:02,296][INFO] [Epoch 151/200] trn/acc1 9.75e-01, trn/loss 8.98e-01, trn/loss_ce 7.97e-02, trn/loss_wd 1.64e+03, trn/lr 7.54e-03
[2022-02-07 16:14:09,900][INFO] [Epoch 152/200] trn/acc1 9.81e-01, trn/loss 8.70e-01, trn/loss_ce 6.42e-02, trn/loss_wd 1.61e+03, trn/lr 7.25e-03
[2022-02-07 16:14:18,644][INFO] [Epoch 153/200] trn/acc1 9.79e-01, trn/loss 8.64e-01, trn/loss_ce 6.98e-02, trn/loss_wd 1.59e+03, trn/lr 6.97e-03
[2022-02-07 16:14:25,156][INFO] [Epoch 154/200] trn/acc1 9.80e-01, trn/loss 8.49e-01, trn/loss_ce 6.67e-02, trn/loss_wd 1.57e+03, trn/lr 6.69e-03
[2022-02-07 16:14:33,293][INFO] [Epoch 155/200] trn/acc1 9.82e-01, trn/loss 8.31e-01, trn/loss_ce 5.93e-02, trn/loss_wd 1.54e+03, trn/lr 6.42e-03
[2022-02-07 16:14:41,251][INFO] [Epoch 156/200] trn/acc1 9.86e-01, trn/loss 8.06e-01, trn/loss_ce 4.57e-02, trn/loss_wd 1.52e+03, trn/lr 6.15e-03
[2022-02-07 16:14:47,765][INFO] [Epoch 157/200] trn/acc1 9.87e-01, trn/loss 7.95e-01, trn/loss_ce 4.60e-02, trn/loss_wd 1.50e+03, trn/lr 5.89e-03
[2022-02-07 16:14:54,293][INFO] [Epoch 158/200] trn/acc1 9.87e-01, trn/loss 7.82e-01, trn/loss_ce 4.37e-02, trn/loss_wd 1.48e+03, trn/lr 5.64e-03
[2022-02-07 16:15:00,850][INFO] [Epoch 159/200] trn/acc1 9.90e-01, trn/loss 7.62e-01, trn/loss_ce 3.45e-02, trn/loss_wd 1.46e+03, trn/lr 5.38e-03
[2022-02-07 16:15:07,388][INFO] [Epoch 160/200] trn/acc1 9.91e-01, trn/loss 7.47e-01, trn/loss_ce 2.94e-02, trn/loss_wd 1.43e+03, trn/lr 5.14e-03
[2022-02-07 16:15:07,554][INFO] [Epoch 160/200] Validation: val/acc1 0.6988, val/loss_ce 1.8009
[2022-02-07 16:15:58,399][INFO] [Epoch 161/200] trn/acc1 9.91e-01, trn/loss 7.37e-01, trn/loss_ce 2.93e-02, trn/loss_wd 1.42e+03, trn/lr 4.89e-03
[2022-02-07 16:16:04,906][INFO] [Epoch 162/200] trn/acc1 9.93e-01, trn/loss 7.22e-01, trn/loss_ce 2.41e-02, trn/loss_wd 1.40e+03, trn/lr 4.66e-03
[2022-02-07 16:16:11,437][INFO] [Epoch 163/200] trn/acc1 9.95e-01, trn/loss 7.08e-01, trn/loss_ce 1.90e-02, trn/loss_wd 1.38e+03, trn/lr 4.43e-03
[2022-02-07 16:16:17,978][INFO] [Epoch 164/200] trn/acc1 9.95e-01, trn/loss 6.97e-01, trn/loss_ce 1.72e-02, trn/loss_wd 1.36e+03, trn/lr 4.20e-03
[2022-02-07 16:16:24,516][INFO] [Epoch 165/200] trn/acc1 9.95e-01, trn/loss 6.89e-01, trn/loss_ce 1.72e-02, trn/loss_wd 1.34e+03, trn/lr 3.98e-03
[2022-02-07 16:16:31,036][INFO] [Epoch 166/200] trn/acc1 9.97e-01, trn/loss 6.77e-01, trn/loss_ce 1.36e-02, trn/loss_wd 1.33e+03, trn/lr 3.76e-03
[2022-02-07 16:16:37,568][INFO] [Epoch 167/200] trn/acc1 9.96e-01, trn/loss 6.70e-01, trn/loss_ce 1.43e-02, trn/loss_wd 1.31e+03, trn/lr 3.55e-03
[2022-02-07 16:16:44,087][INFO] [Epoch 168/200] trn/acc1 9.98e-01, trn/loss 6.59e-01, trn/loss_ce 1.03e-02, trn/loss_wd 1.30e+03, trn/lr 3.35e-03
[2022-02-07 16:16:50,627][INFO] [Epoch 169/200] trn/acc1 9.97e-01, trn/loss 6.52e-01, trn/loss_ce 9.87e-03, trn/loss_wd 1.28e+03, trn/lr 3.15e-03
[2022-02-07 16:16:57,179][INFO] [Epoch 170/200] trn/acc1 9.98e-01, trn/loss 6.45e-01, trn/loss_ce 8.97e-03, trn/loss_wd 1.27e+03, trn/lr 2.96e-03
[2022-02-07 16:17:03,709][INFO] [Epoch 171/200] trn/acc1 9.98e-01, trn/loss 6.38e-01, trn/loss_ce 8.03e-03, trn/loss_wd 1.26e+03, trn/lr 2.77e-03
[2022-02-07 16:17:10,253][INFO] [Epoch 172/200] trn/acc1 9.98e-01, trn/loss 6.32e-01, trn/loss_ce 7.20e-03, trn/loss_wd 1.25e+03, trn/lr 2.59e-03
[2022-02-07 16:17:16,827][INFO] [Epoch 173/200] trn/acc1 9.99e-01, trn/loss 6.26e-01, trn/loss_ce 6.55e-03, trn/loss_wd 1.24e+03, trn/lr 2.41e-03
[2022-02-07 16:17:23,407][INFO] [Epoch 174/200] trn/acc1 9.99e-01, trn/loss 6.21e-01, trn/loss_ce 6.17e-03, trn/loss_wd 1.23e+03, trn/lr 2.24e-03
[2022-02-07 16:17:29,979][INFO] [Epoch 175/200] trn/acc1 9.99e-01, trn/loss 6.16e-01, trn/loss_ce 5.08e-03, trn/loss_wd 1.22e+03, trn/lr 2.08e-03
[2022-02-07 16:17:36,541][INFO] [Epoch 176/200] trn/acc1 9.99e-01, trn/loss 6.12e-01, trn/loss_ce 4.91e-03, trn/loss_wd 1.21e+03, trn/lr 1.92e-03
[2022-02-07 16:17:43,109][INFO] [Epoch 177/200] trn/acc1 9.99e-01, trn/loss 6.08e-01, trn/loss_ce 4.75e-03, trn/loss_wd 1.21e+03, trn/lr 1.77e-03
[2022-02-07 16:17:49,791][INFO] [Epoch 178/200] trn/acc1 9.99e-01, trn/loss 6.05e-01, trn/loss_ce 4.67e-03, trn/loss_wd 1.20e+03, trn/lr 1.63e-03
[2022-02-07 16:17:56,347][INFO] [Epoch 179/200] trn/acc1 9.99e-01, trn/loss 6.01e-01, trn/loss_ce 4.40e-03, trn/loss_wd 1.19e+03, trn/lr 1.49e-03
[2022-02-07 16:18:02,888][INFO] [Epoch 180/200] trn/acc1 9.99e-01, trn/loss 5.99e-01, trn/loss_ce 4.63e-03, trn/loss_wd 1.19e+03, trn/lr 1.35e-03
[2022-02-07 16:18:03,054][INFO] [Epoch 180/200] Validation: val/acc1 0.7184, val/loss_ce 1.6885
[2022-02-07 16:18:26,573][INFO] [Epoch 181/200] trn/acc1 9.99e-01, trn/loss 5.96e-01, trn/loss_ce 4.19e-03, trn/loss_wd 1.18e+03, trn/lr 1.22e-03
[2022-02-07 16:18:26,737][INFO] [Epoch 181/200] Validation: val/acc1 0.7150, val/loss_ce 1.6824
[2022-02-07 16:18:38,582][INFO] [Epoch 182/200] trn/acc1 9.99e-01, trn/loss 5.93e-01, trn/loss_ce 4.06e-03, trn/loss_wd 1.18e+03, trn/lr 1.10e-03
[2022-02-07 16:18:38,746][INFO] [Epoch 182/200] Validation: val/acc1 0.7202, val/loss_ce 1.6810
[2022-02-07 16:18:58,586][INFO] [Epoch 183/200] trn/acc1 9.99e-01, trn/loss 5.91e-01, trn/loss_ce 3.90e-03, trn/loss_wd 1.17e+03, trn/lr 9.87e-04
[2022-02-07 16:18:58,750][INFO] [Epoch 183/200] Validation: val/acc1 0.7196, val/loss_ce 1.6801
[2022-02-07 16:19:12,485][INFO] [Epoch 184/200] trn/acc1 9.99e-01, trn/loss 5.89e-01, trn/loss_ce 3.96e-03, trn/loss_wd 1.17e+03, trn/lr 8.79e-04
[2022-02-07 16:19:12,649][INFO] [Epoch 184/200] Validation: val/acc1 0.7196, val/loss_ce 1.6782
[2022-02-07 16:19:27,294][INFO] [Epoch 185/200] trn/acc1 9.99e-01, trn/loss 5.88e-01, trn/loss_ce 3.85e-03, trn/loss_wd 1.17e+03, trn/lr 7.76e-04
[2022-02-07 16:19:27,461][INFO] [Epoch 185/200] Validation: val/acc1 0.7190, val/loss_ce 1.6690
[2022-02-07 16:19:40,328][INFO] [Epoch 186/200] trn/acc1 9.99e-01, trn/loss 5.86e-01, trn/loss_ce 3.69e-03, trn/loss_wd 1.16e+03, trn/lr 6.79e-04
[2022-02-07 16:19:40,493][INFO] [Epoch 186/200] Validation: val/acc1 0.7188, val/loss_ce 1.6691
[2022-02-07 16:19:51,529][INFO] [Epoch 187/200] trn/acc1 9.99e-01, trn/loss 5.85e-01, trn/loss_ce 3.82e-03, trn/loss_wd 1.16e+03, trn/lr 5.89e-04
[2022-02-07 16:19:51,692][INFO] [Epoch 187/200] Validation: val/acc1 0.7168, val/loss_ce 1.6673
[2022-02-07 16:20:03,926][INFO] [Epoch 188/200] trn/acc1 1.00e+00, trn/loss 5.84e-01, trn/loss_ce 3.61e-03, trn/loss_wd 1.16e+03, trn/lr 5.06e-04
[2022-02-07 16:20:04,090][INFO] [Epoch 188/200] Validation: val/acc1 0.7204, val/loss_ce 1.6610
[2022-02-07 16:20:21,336][INFO] [Epoch 189/200] trn/acc1 1.00e+00, trn/loss 5.83e-01, trn/loss_ce 3.41e-03, trn/loss_wd 1.16e+03, trn/lr 4.28e-04
[2022-02-07 16:20:21,501][INFO] [Epoch 189/200] Validation: val/acc1 0.7192, val/loss_ce 1.6634
[2022-02-07 16:20:32,915][INFO] [Epoch 190/200] trn/acc1 9.99e-01, trn/loss 5.82e-01, trn/loss_ce 3.47e-03, trn/loss_wd 1.16e+03, trn/lr 3.57e-04
[2022-02-07 16:20:33,078][INFO] [Epoch 190/200] Validation: val/acc1 0.7190, val/loss_ce 1.6640
[2022-02-07 16:20:44,261][INFO] [Epoch 191/200] trn/acc1 1.00e+00, trn/loss 5.81e-01, trn/loss_ce 3.41e-03, trn/loss_wd 1.16e+03, trn/lr 2.93e-04
[2022-02-07 16:20:44,426][INFO] [Epoch 191/200] Validation: val/acc1 0.7186, val/loss_ce 1.6589
[2022-02-07 16:20:54,811][INFO] [Epoch 192/200] trn/acc1 9.99e-01, trn/loss 5.81e-01, trn/loss_ce 3.81e-03, trn/loss_wd 1.15e+03, trn/lr 2.34e-04
[2022-02-07 16:20:54,976][INFO] [Epoch 192/200] Validation: val/acc1 0.7178, val/loss_ce 1.6638
[2022-02-07 16:21:06,188][INFO] [Epoch 193/200] trn/acc1 1.00e+00, trn/loss 5.80e-01, trn/loss_ce 3.20e-03, trn/loss_wd 1.15e+03, trn/lr 1.83e-04
[2022-02-07 16:21:06,355][INFO] [Epoch 193/200] Validation: val/acc1 0.7188, val/loss_ce 1.6594
[2022-02-07 16:21:19,481][INFO] [Epoch 194/200] trn/acc1 1.00e+00, trn/loss 5.80e-01, trn/loss_ce 3.35e-03, trn/loss_wd 1.15e+03, trn/lr 1.37e-04
[2022-02-07 16:21:19,791][INFO] [Epoch 194/200] Validation: val/acc1 0.7196, val/loss_ce 1.6543
[2022-02-07 16:21:31,915][INFO] [Epoch 195/200] trn/acc1 1.00e+00, trn/loss 5.80e-01, trn/loss_ce 3.53e-03, trn/loss_wd 1.15e+03, trn/lr 9.84e-05
[2022-02-07 16:21:32,081][INFO] [Epoch 195/200] Validation: val/acc1 0.7214, val/loss_ce 1.6550
[2022-02-07 16:21:43,573][INFO] [Epoch 196/200] trn/acc1 9.99e-01, trn/loss 5.80e-01, trn/loss_ce 3.70e-03, trn/loss_wd 1.15e+03, trn/lr 6.60e-05
[2022-02-07 16:21:43,738][INFO] [Epoch 196/200] Validation: val/acc1 0.7200, val/loss_ce 1.6582
[2022-02-07 16:21:52,105][INFO] [Epoch 197/200] trn/acc1 9.99e-01, trn/loss 5.80e-01, trn/loss_ce 3.72e-03, trn/loss_wd 1.15e+03, trn/lr 4.00e-05
[2022-02-07 16:21:52,269][INFO] [Epoch 197/200] Validation: val/acc1 0.7194, val/loss_ce 1.6591
[2022-02-07 16:22:00,408][INFO] [Epoch 198/200] trn/acc1 9.99e-01, trn/loss 5.80e-01, trn/loss_ce 3.74e-03, trn/loss_wd 1.15e+03, trn/lr 2.06e-05
[2022-02-07 16:22:00,572][INFO] [Epoch 198/200] Validation: val/acc1 0.7212, val/loss_ce 1.6587
[2022-02-07 16:22:08,716][INFO] [Epoch 199/200] trn/acc1 1.00e+00, trn/loss 5.79e-01, trn/loss_ce 3.32e-03, trn/loss_wd 1.15e+03, trn/lr 7.58e-06
[2022-02-07 16:22:08,880][INFO] [Epoch 199/200] Validation: val/acc1 0.7206, val/loss_ce 1.6582
[2022-02-07 16:22:17,041][INFO] [Epoch 200/200] trn/acc1 9.99e-01, trn/loss 5.80e-01, trn/loss_ce 3.44e-03, trn/loss_wd 1.15e+03, trn/lr 1.09e-06
[2022-02-07 16:22:17,206][INFO] [Epoch 200/200] Validation: val/acc1 0.7192, val/loss_ce 1.6639
