[2022-03-20 10:19:39,649][INFO] Environments:
------------  ---------------------------------------------------------------------------
sys.platform  linux
Python        3.7.11 (default, Nov 23 2021, 05:29:02) [GCC 7.5.0]
JAX           0.2.27 @/mnt/data1/giung/venvs/jax0.2.27/lib/python3.7/site-packages/jax
jaxlib        0.1.75 @/mnt/data1/giung/venvs/jax0.2.27/lib/python3.7/site-packages/jaxlib
Flax          0.4.0 @/mnt/data1/giung/venvs/jax0.2.27/lib/python3.7/site-packages/flax
Optax         0.1.0 @/mnt/data1/giung/venvs/jax0.2.27/lib/python3.7/site-packages/optax
------------  ---------------------------------------------------------------------------

[2022-03-20 10:19:39,649][INFO] Command line arguments:
Namespace(batch_size=128, config_file='./configs/C100_VGG16-ReLU.yaml', keep_every_n_checkpoints=None, learning_rate=0.1, num_epochs=200, num_warmup_epochs=5, opts=['DATASETS.ROOT', '/home/vessl/datasets/'], output_dir='/home/vessl/Baseline-CIFAR/outputs/C100_VGG16-ReLU/SGD/s42_e200_wd5e-4_lr1e-1/', seed=42, weight_decay=0.0005)

[2022-03-20 10:19:39,649][INFO] Using a random seed 42

[2022-03-20 10:19:39,708][INFO] Unable to initialize backend 'tpu_driver': NOT_FOUND: Unable to find driver in registry given worker: 
[2022-03-20 10:19:39,948][INFO] Unable to initialize backend 'tpu': INVALID_ARGUMENT: TpuPlatform is not available.
[2022-03-20 10:19:43,614][INFO] Found no checkpoint files in /home/vessl/Baseline-CIFAR/outputs/C100_VGG16-ReLU/SGD/s42_e200_wd5e-4_lr1e-1
[2022-03-20 10:19:57,628][INFO] [Epoch   1/200] trn/acc1 4.75e-02, trn/loss 6.42e+00, trn/loss_ce 4.28e+00, trn/loss_wd 4.28e+03, trn/lr 9.97e-03
[2022-03-20 10:19:59,143][INFO] [Epoch   1/200] Validation: val/acc1 0.0836, val/loss_ce 3.9488
[2022-03-20 10:20:03,857][INFO] [Epoch   2/200] trn/acc1 9.65e-02, trn/loss 5.90e+00, trn/loss_ce 3.88e+00, trn/loss_wd 4.03e+03, trn/lr 3.00e-02
[2022-03-20 10:20:08,199][INFO] [Epoch   3/200] trn/acc1 1.35e-01, trn/loss 5.48e+00, trn/loss_ce 3.67e+00, trn/loss_wd 3.61e+03, trn/lr 5.00e-02
[2022-03-20 10:20:12,534][INFO] [Epoch   4/200] trn/acc1 1.61e-01, trn/loss 5.09e+00, trn/loss_ce 3.53e+00, trn/loss_wd 3.12e+03, trn/lr 7.00e-02
[2022-03-20 10:20:16,851][INFO] [Epoch   5/200] trn/acc1 1.70e-01, trn/loss 4.82e+00, trn/loss_ce 3.49e+00, trn/loss_wd 2.67e+03, trn/lr 9.00e-02
[2022-03-20 10:20:21,175][INFO] [Epoch   6/200] trn/acc1 1.81e-01, trn/loss 4.57e+00, trn/loss_ce 3.41e+00, trn/loss_wd 2.32e+03, trn/lr 1.00e-01
[2022-03-20 10:20:25,523][INFO] [Epoch   7/200] trn/acc1 2.11e-01, trn/loss 4.31e+00, trn/loss_ce 3.26e+00, trn/loss_wd 2.10e+03, trn/lr 1.00e-01
[2022-03-20 10:20:29,880][INFO] [Epoch   8/200] trn/acc1 2.35e-01, trn/loss 4.11e+00, trn/loss_ce 3.12e+00, trn/loss_wd 1.99e+03, trn/lr 1.00e-01
[2022-03-20 10:20:34,226][INFO] [Epoch   9/200] trn/acc1 2.57e-01, trn/loss 3.97e+00, trn/loss_ce 3.00e+00, trn/loss_wd 1.95e+03, trn/lr 9.99e-02
[2022-03-20 10:20:38,567][INFO] [Epoch  10/200] trn/acc1 2.74e-01, trn/loss 3.91e+00, trn/loss_ce 2.92e+00, trn/loss_wd 1.98e+03, trn/lr 9.99e-02
[2022-03-20 10:20:42,908][INFO] [Epoch  11/200] trn/acc1 2.87e-01, trn/loss 3.88e+00, trn/loss_ce 2.86e+00, trn/loss_wd 2.03e+03, trn/lr 9.98e-02
[2022-03-20 10:20:47,253][INFO] [Epoch  12/200] trn/acc1 3.04e-01, trn/loss 3.83e+00, trn/loss_ce 2.78e+00, trn/loss_wd 2.10e+03, trn/lr 9.97e-02
[2022-03-20 10:20:51,711][INFO] [Epoch  13/200] trn/acc1 3.09e-01, trn/loss 3.86e+00, trn/loss_ce 2.76e+00, trn/loss_wd 2.19e+03, trn/lr 9.96e-02
[2022-03-20 10:20:56,058][INFO] [Epoch  14/200] trn/acc1 3.18e-01, trn/loss 3.84e+00, trn/loss_ce 2.70e+00, trn/loss_wd 2.28e+03, trn/lr 9.95e-02
[2022-03-20 10:21:00,410][INFO] [Epoch  15/200] trn/acc1 3.26e-01, trn/loss 3.87e+00, trn/loss_ce 2.70e+00, trn/loss_wd 2.35e+03, trn/lr 9.94e-02
[2022-03-20 10:21:04,766][INFO] [Epoch  16/200] trn/acc1 3.34e-01, trn/loss 3.86e+00, trn/loss_ce 2.65e+00, trn/loss_wd 2.43e+03, trn/lr 9.93e-02
[2022-03-20 10:21:09,124][INFO] [Epoch  17/200] trn/acc1 3.39e-01, trn/loss 3.91e+00, trn/loss_ce 2.65e+00, trn/loss_wd 2.52e+03, trn/lr 9.91e-02
[2022-03-20 10:21:13,481][INFO] [Epoch  18/200] trn/acc1 3.49e-01, trn/loss 3.88e+00, trn/loss_ce 2.59e+00, trn/loss_wd 2.58e+03, trn/lr 9.90e-02
[2022-03-20 10:21:17,835][INFO] [Epoch  19/200] trn/acc1 3.48e-01, trn/loss 3.92e+00, trn/loss_ce 2.60e+00, trn/loss_wd 2.64e+03, trn/lr 9.88e-02
[2022-03-20 10:21:22,194][INFO] [Epoch  20/200] trn/acc1 3.56e-01, trn/loss 3.92e+00, trn/loss_ce 2.56e+00, trn/loss_wd 2.71e+03, trn/lr 9.86e-02
[2022-03-20 10:21:22,320][INFO] [Epoch  20/200] Validation: val/acc1 0.3366, val/loss_ce 2.7280
[2022-03-20 10:21:27,133][INFO] [Epoch  21/200] trn/acc1 3.64e-01, trn/loss 3.91e+00, trn/loss_ce 2.53e+00, trn/loss_wd 2.77e+03, trn/lr 9.84e-02
[2022-03-20 10:21:31,490][INFO] [Epoch  22/200] trn/acc1 3.65e-01, trn/loss 3.94e+00, trn/loss_ce 2.52e+00, trn/loss_wd 2.83e+03, trn/lr 9.82e-02
[2022-03-20 10:21:35,840][INFO] [Epoch  23/200] trn/acc1 3.68e-01, trn/loss 3.97e+00, trn/loss_ce 2.52e+00, trn/loss_wd 2.90e+03, trn/lr 9.80e-02
[2022-03-20 10:21:40,194][INFO] [Epoch  24/200] trn/acc1 3.73e-01, trn/loss 3.98e+00, trn/loss_ce 2.50e+00, trn/loss_wd 2.95e+03, trn/lr 9.78e-02
[2022-03-20 10:21:44,549][INFO] [Epoch  25/200] trn/acc1 3.75e-01, trn/loss 3.98e+00, trn/loss_ce 2.49e+00, trn/loss_wd 2.98e+03, trn/lr 9.76e-02
[2022-03-20 10:21:48,900][INFO] [Epoch  26/200] trn/acc1 3.76e-01, trn/loss 4.01e+00, trn/loss_ce 2.49e+00, trn/loss_wd 3.03e+03, trn/lr 9.73e-02
[2022-03-20 10:21:53,260][INFO] [Epoch  27/200] trn/acc1 3.82e-01, trn/loss 4.00e+00, trn/loss_ce 2.47e+00, trn/loss_wd 3.06e+03, trn/lr 9.70e-02
[2022-03-20 10:21:57,619][INFO] [Epoch  28/200] trn/acc1 3.81e-01, trn/loss 4.00e+00, trn/loss_ce 2.46e+00, trn/loss_wd 3.08e+03, trn/lr 9.68e-02
[2022-03-20 10:22:01,976][INFO] [Epoch  29/200] trn/acc1 3.88e-01, trn/loss 4.01e+00, trn/loss_ce 2.45e+00, trn/loss_wd 3.11e+03, trn/lr 9.65e-02
[2022-03-20 10:22:06,333][INFO] [Epoch  30/200] trn/acc1 3.91e-01, trn/loss 4.00e+00, trn/loss_ce 2.43e+00, trn/loss_wd 3.15e+03, trn/lr 9.62e-02
[2022-03-20 10:22:10,686][INFO] [Epoch  31/200] trn/acc1 3.95e-01, trn/loss 3.99e+00, trn/loss_ce 2.41e+00, trn/loss_wd 3.17e+03, trn/lr 9.58e-02
[2022-03-20 10:22:15,038][INFO] [Epoch  32/200] trn/acc1 4.00e-01, trn/loss 4.00e+00, trn/loss_ce 2.40e+00, trn/loss_wd 3.21e+03, trn/lr 9.55e-02
[2022-03-20 10:22:19,397][INFO] [Epoch  33/200] trn/acc1 4.04e-01, trn/loss 4.00e+00, trn/loss_ce 2.38e+00, trn/loss_wd 3.23e+03, trn/lr 9.52e-02
[2022-03-20 10:22:23,752][INFO] [Epoch  34/200] trn/acc1 4.05e-01, trn/loss 4.00e+00, trn/loss_ce 2.38e+00, trn/loss_wd 3.25e+03, trn/lr 9.48e-02
[2022-03-20 10:22:28,100][INFO] [Epoch  35/200] trn/acc1 4.05e-01, trn/loss 4.01e+00, trn/loss_ce 2.37e+00, trn/loss_wd 3.28e+03, trn/lr 9.45e-02
[2022-03-20 10:22:32,450][INFO] [Epoch  36/200] trn/acc1 4.08e-01, trn/loss 3.99e+00, trn/loss_ce 2.34e+00, trn/loss_wd 3.29e+03, trn/lr 9.41e-02
[2022-03-20 10:22:36,835][INFO] [Epoch  37/200] trn/acc1 4.14e-01, trn/loss 3.96e+00, trn/loss_ce 2.32e+00, trn/loss_wd 3.29e+03, trn/lr 9.37e-02
[2022-03-20 10:22:41,187][INFO] [Epoch  38/200] trn/acc1 4.18e-01, trn/loss 3.96e+00, trn/loss_ce 2.31e+00, trn/loss_wd 3.30e+03, trn/lr 9.33e-02
[2022-03-20 10:22:45,652][INFO] [Epoch  39/200] trn/acc1 4.19e-01, trn/loss 3.97e+00, trn/loss_ce 2.31e+00, trn/loss_wd 3.32e+03, trn/lr 9.29e-02
[2022-03-20 10:22:50,005][INFO] [Epoch  40/200] trn/acc1 4.22e-01, trn/loss 3.97e+00, trn/loss_ce 2.30e+00, trn/loss_wd 3.34e+03, trn/lr 9.25e-02
[2022-03-20 10:22:50,129][INFO] [Epoch  40/200] Validation: val/acc1 0.3944, val/loss_ce 2.4431
[2022-03-20 10:22:54,954][INFO] [Epoch  41/200] trn/acc1 4.28e-01, trn/loss 3.93e+00, trn/loss_ce 2.26e+00, trn/loss_wd 3.33e+03, trn/lr 9.20e-02
[2022-03-20 10:22:59,295][INFO] [Epoch  42/200] trn/acc1 4.21e-01, trn/loss 3.97e+00, trn/loss_ce 2.30e+00, trn/loss_wd 3.35e+03, trn/lr 9.16e-02
[2022-03-20 10:23:03,635][INFO] [Epoch  43/200] trn/acc1 4.31e-01, trn/loss 3.93e+00, trn/loss_ce 2.25e+00, trn/loss_wd 3.37e+03, trn/lr 9.11e-02
[2022-03-20 10:23:07,987][INFO] [Epoch  44/200] trn/acc1 4.32e-01, trn/loss 3.95e+00, trn/loss_ce 2.25e+00, trn/loss_wd 3.40e+03, trn/lr 9.07e-02
[2022-03-20 10:23:12,335][INFO] [Epoch  45/200] trn/acc1 4.38e-01, trn/loss 3.93e+00, trn/loss_ce 2.23e+00, trn/loss_wd 3.41e+03, trn/lr 9.02e-02
[2022-03-20 10:23:16,685][INFO] [Epoch  46/200] trn/acc1 4.42e-01, trn/loss 3.91e+00, trn/loss_ce 2.20e+00, trn/loss_wd 3.41e+03, trn/lr 8.97e-02
[2022-03-20 10:23:21,027][INFO] [Epoch  47/200] trn/acc1 4.37e-01, trn/loss 3.93e+00, trn/loss_ce 2.22e+00, trn/loss_wd 3.42e+03, trn/lr 8.92e-02
[2022-03-20 10:23:25,371][INFO] [Epoch  48/200] trn/acc1 4.41e-01, trn/loss 3.91e+00, trn/loss_ce 2.20e+00, trn/loss_wd 3.41e+03, trn/lr 8.87e-02
[2022-03-20 10:23:29,722][INFO] [Epoch  49/200] trn/acc1 4.49e-01, trn/loss 3.85e+00, trn/loss_ce 2.15e+00, trn/loss_wd 3.40e+03, trn/lr 8.82e-02
[2022-03-20 10:23:34,073][INFO] [Epoch  50/200] trn/acc1 4.52e-01, trn/loss 3.85e+00, trn/loss_ce 2.15e+00, trn/loss_wd 3.40e+03, trn/lr 8.77e-02
[2022-03-20 10:23:38,428][INFO] [Epoch  51/200] trn/acc1 4.50e-01, trn/loss 3.86e+00, trn/loss_ce 2.16e+00, trn/loss_wd 3.40e+03, trn/lr 8.72e-02
[2022-03-20 10:23:42,775][INFO] [Epoch  52/200] trn/acc1 4.51e-01, trn/loss 3.85e+00, trn/loss_ce 2.15e+00, trn/loss_wd 3.41e+03, trn/lr 8.66e-02
[2022-03-20 10:23:47,129][INFO] [Epoch  53/200] trn/acc1 4.61e-01, trn/loss 3.82e+00, trn/loss_ce 2.11e+00, trn/loss_wd 3.41e+03, trn/lr 8.61e-02
[2022-03-20 10:23:51,485][INFO] [Epoch  54/200] trn/acc1 4.69e-01, trn/loss 3.79e+00, trn/loss_ce 2.08e+00, trn/loss_wd 3.42e+03, trn/lr 8.55e-02
[2022-03-20 10:23:55,834][INFO] [Epoch  55/200] trn/acc1 4.65e-01, trn/loss 3.80e+00, trn/loss_ce 2.09e+00, trn/loss_wd 3.42e+03, trn/lr 8.49e-02
[2022-03-20 10:24:00,183][INFO] [Epoch  56/200] trn/acc1 4.73e-01, trn/loss 3.78e+00, trn/loss_ce 2.06e+00, trn/loss_wd 3.43e+03, trn/lr 8.43e-02
[2022-03-20 10:24:04,538][INFO] [Epoch  57/200] trn/acc1 4.70e-01, trn/loss 3.78e+00, trn/loss_ce 2.07e+00, trn/loss_wd 3.43e+03, trn/lr 8.38e-02
[2022-03-20 10:24:08,891][INFO] [Epoch  58/200] trn/acc1 4.76e-01, trn/loss 3.74e+00, trn/loss_ce 2.04e+00, trn/loss_wd 3.42e+03, trn/lr 8.32e-02
[2022-03-20 10:24:13,234][INFO] [Epoch  59/200] trn/acc1 4.83e-01, trn/loss 3.73e+00, trn/loss_ce 2.02e+00, trn/loss_wd 3.41e+03, trn/lr 8.25e-02
[2022-03-20 10:24:17,581][INFO] [Epoch  60/200] trn/acc1 4.84e-01, trn/loss 3.73e+00, trn/loss_ce 2.02e+00, trn/loss_wd 3.41e+03, trn/lr 8.19e-02
[2022-03-20 10:24:17,704][INFO] [Epoch  60/200] Validation: val/acc1 0.4718, val/loss_ce 2.1740
[2022-03-20 10:24:22,547][INFO] [Epoch  61/200] trn/acc1 4.84e-01, trn/loss 3.73e+00, trn/loss_ce 2.02e+00, trn/loss_wd 3.42e+03, trn/lr 8.13e-02
[2022-03-20 10:24:26,908][INFO] [Epoch  62/200] trn/acc1 4.92e-01, trn/loss 3.70e+00, trn/loss_ce 1.99e+00, trn/loss_wd 3.41e+03, trn/lr 8.07e-02
[2022-03-20 10:24:31,262][INFO] [Epoch  63/200] trn/acc1 4.91e-01, trn/loss 3.69e+00, trn/loss_ce 1.98e+00, trn/loss_wd 3.41e+03, trn/lr 8.00e-02
[2022-03-20 10:24:35,602][INFO] [Epoch  64/200] trn/acc1 4.95e-01, trn/loss 3.68e+00, trn/loss_ce 1.97e+00, trn/loss_wd 3.42e+03, trn/lr 7.94e-02
[2022-03-20 10:24:39,945][INFO] [Epoch  65/200] trn/acc1 4.97e-01, trn/loss 3.66e+00, trn/loss_ce 1.96e+00, trn/loss_wd 3.41e+03, trn/lr 7.87e-02
[2022-03-20 10:24:44,390][INFO] [Epoch  66/200] trn/acc1 5.03e-01, trn/loss 3.64e+00, trn/loss_ce 1.94e+00, trn/loss_wd 3.40e+03, trn/lr 7.81e-02
[2022-03-20 10:24:48,744][INFO] [Epoch  67/200] trn/acc1 5.03e-01, trn/loss 3.62e+00, trn/loss_ce 1.92e+00, trn/loss_wd 3.39e+03, trn/lr 7.74e-02
[2022-03-20 10:24:53,106][INFO] [Epoch  68/200] trn/acc1 5.11e-01, trn/loss 3.59e+00, trn/loss_ce 1.90e+00, trn/loss_wd 3.39e+03, trn/lr 7.67e-02
[2022-03-20 10:24:57,458][INFO] [Epoch  69/200] trn/acc1 5.10e-01, trn/loss 3.57e+00, trn/loss_ce 1.88e+00, trn/loss_wd 3.37e+03, trn/lr 7.60e-02
[2022-03-20 10:25:01,815][INFO] [Epoch  70/200] trn/acc1 5.18e-01, trn/loss 3.54e+00, trn/loss_ce 1.86e+00, trn/loss_wd 3.36e+03, trn/lr 7.53e-02
[2022-03-20 10:25:06,160][INFO] [Epoch  71/200] trn/acc1 5.21e-01, trn/loss 3.51e+00, trn/loss_ce 1.84e+00, trn/loss_wd 3.34e+03, trn/lr 7.47e-02
[2022-03-20 10:25:10,507][INFO] [Epoch  72/200] trn/acc1 5.23e-01, trn/loss 3.50e+00, trn/loss_ce 1.83e+00, trn/loss_wd 3.33e+03, trn/lr 7.39e-02
[2022-03-20 10:25:14,861][INFO] [Epoch  73/200] trn/acc1 5.29e-01, trn/loss 3.48e+00, trn/loss_ce 1.82e+00, trn/loss_wd 3.32e+03, trn/lr 7.32e-02
[2022-03-20 10:25:19,221][INFO] [Epoch  74/200] trn/acc1 5.34e-01, trn/loss 3.45e+00, trn/loss_ce 1.79e+00, trn/loss_wd 3.31e+03, trn/lr 7.25e-02
[2022-03-20 10:25:23,579][INFO] [Epoch  75/200] trn/acc1 5.33e-01, trn/loss 3.44e+00, trn/loss_ce 1.78e+00, trn/loss_wd 3.31e+03, trn/lr 7.18e-02
[2022-03-20 10:25:27,927][INFO] [Epoch  76/200] trn/acc1 5.37e-01, trn/loss 3.42e+00, trn/loss_ce 1.77e+00, trn/loss_wd 3.30e+03, trn/lr 7.11e-02
[2022-03-20 10:25:32,274][INFO] [Epoch  77/200] trn/acc1 5.42e-01, trn/loss 3.40e+00, trn/loss_ce 1.75e+00, trn/loss_wd 3.29e+03, trn/lr 7.03e-02
[2022-03-20 10:25:36,644][INFO] [Epoch  78/200] trn/acc1 5.48e-01, trn/loss 3.37e+00, trn/loss_ce 1.73e+00, trn/loss_wd 3.28e+03, trn/lr 6.96e-02
[2022-03-20 10:25:41,004][INFO] [Epoch  79/200] trn/acc1 5.56e-01, trn/loss 3.32e+00, trn/loss_ce 1.69e+00, trn/loss_wd 3.26e+03, trn/lr 6.89e-02
[2022-03-20 10:25:45,364][INFO] [Epoch  80/200] trn/acc1 5.54e-01, trn/loss 3.32e+00, trn/loss_ce 1.70e+00, trn/loss_wd 3.25e+03, trn/lr 6.81e-02
[2022-03-20 10:25:45,488][INFO] [Epoch  80/200] Validation: val/acc1 0.5130, val/loss_ce 1.9816
[2022-03-20 10:25:50,322][INFO] [Epoch  81/200] trn/acc1 5.54e-01, trn/loss 3.31e+00, trn/loss_ce 1.69e+00, trn/loss_wd 3.24e+03, trn/lr 6.74e-02
[2022-03-20 10:25:54,676][INFO] [Epoch  82/200] trn/acc1 5.66e-01, trn/loss 3.28e+00, trn/loss_ce 1.66e+00, trn/loss_wd 3.24e+03, trn/lr 6.66e-02
[2022-03-20 10:25:59,030][INFO] [Epoch  83/200] trn/acc1 5.70e-01, trn/loss 3.25e+00, trn/loss_ce 1.64e+00, trn/loss_wd 3.23e+03, trn/lr 6.58e-02
[2022-03-20 10:26:03,385][INFO] [Epoch  84/200] trn/acc1 5.76e-01, trn/loss 3.22e+00, trn/loss_ce 1.61e+00, trn/loss_wd 3.21e+03, trn/lr 6.51e-02
[2022-03-20 10:26:07,748][INFO] [Epoch  85/200] trn/acc1 5.76e-01, trn/loss 3.20e+00, trn/loss_ce 1.60e+00, trn/loss_wd 3.19e+03, trn/lr 6.43e-02
[2022-03-20 10:26:12,096][INFO] [Epoch  86/200] trn/acc1 5.83e-01, trn/loss 3.16e+00, trn/loss_ce 1.57e+00, trn/loss_wd 3.18e+03, trn/lr 6.35e-02
[2022-03-20 10:26:16,452][INFO] [Epoch  87/200] trn/acc1 5.88e-01, trn/loss 3.13e+00, trn/loss_ce 1.55e+00, trn/loss_wd 3.16e+03, trn/lr 6.27e-02
[2022-03-20 10:26:20,802][INFO] [Epoch  88/200] trn/acc1 5.93e-01, trn/loss 3.10e+00, trn/loss_ce 1.53e+00, trn/loss_wd 3.14e+03, trn/lr 6.20e-02
[2022-03-20 10:26:25,140][INFO] [Epoch  89/200] trn/acc1 5.92e-01, trn/loss 3.10e+00, trn/loss_ce 1.53e+00, trn/loss_wd 3.14e+03, trn/lr 6.12e-02
[2022-03-20 10:26:29,491][INFO] [Epoch  90/200] trn/acc1 6.00e-01, trn/loss 3.05e+00, trn/loss_ce 1.49e+00, trn/loss_wd 3.13e+03, trn/lr 6.04e-02
[2022-03-20 10:26:33,896][INFO] [Epoch  91/200] trn/acc1 6.02e-01, trn/loss 3.04e+00, trn/loss_ce 1.49e+00, trn/loss_wd 3.11e+03, trn/lr 5.96e-02
[2022-03-20 10:26:38,242][INFO] [Epoch  92/200] trn/acc1 6.12e-01, trn/loss 3.00e+00, trn/loss_ce 1.45e+00, trn/loss_wd 3.09e+03, trn/lr 5.88e-02
[2022-03-20 10:26:42,598][INFO] [Epoch  93/200] trn/acc1 6.16e-01, trn/loss 2.97e+00, trn/loss_ce 1.44e+00, trn/loss_wd 3.07e+03, trn/lr 5.80e-02
[2022-03-20 10:26:46,949][INFO] [Epoch  94/200] trn/acc1 6.16e-01, trn/loss 2.95e+00, trn/loss_ce 1.43e+00, trn/loss_wd 3.05e+03, trn/lr 5.72e-02
[2022-03-20 10:26:51,295][INFO] [Epoch  95/200] trn/acc1 6.21e-01, trn/loss 2.92e+00, trn/loss_ce 1.41e+00, trn/loss_wd 3.04e+03, trn/lr 5.64e-02
[2022-03-20 10:26:55,644][INFO] [Epoch  96/200] trn/acc1 6.27e-01, trn/loss 2.89e+00, trn/loss_ce 1.38e+00, trn/loss_wd 3.02e+03, trn/lr 5.56e-02
[2022-03-20 10:27:00,000][INFO] [Epoch  97/200] trn/acc1 6.30e-01, trn/loss 2.87e+00, trn/loss_ce 1.37e+00, trn/loss_wd 3.00e+03, trn/lr 5.48e-02
[2022-03-20 10:27:04,348][INFO] [Epoch  98/200] trn/acc1 6.38e-01, trn/loss 2.84e+00, trn/loss_ce 1.34e+00, trn/loss_wd 2.99e+03, trn/lr 5.40e-02
[2022-03-20 10:27:08,705][INFO] [Epoch  99/200] trn/acc1 6.38e-01, trn/loss 2.83e+00, trn/loss_ce 1.33e+00, trn/loss_wd 2.99e+03, trn/lr 5.32e-02
[2022-03-20 10:27:13,062][INFO] [Epoch 100/200] trn/acc1 6.47e-01, trn/loss 2.78e+00, trn/loss_ce 1.29e+00, trn/loss_wd 2.97e+03, trn/lr 5.24e-02
[2022-03-20 10:27:13,186][INFO] [Epoch 100/200] Validation: val/acc1 0.5688, val/loss_ce 1.7056
[2022-03-20 10:27:18,029][INFO] [Epoch 101/200] trn/acc1 6.48e-01, trn/loss 2.76e+00, trn/loss_ce 1.28e+00, trn/loss_wd 2.95e+03, trn/lr 5.16e-02
[2022-03-20 10:27:22,380][INFO] [Epoch 102/200] trn/acc1 6.57e-01, trn/loss 2.72e+00, trn/loss_ce 1.25e+00, trn/loss_wd 2.94e+03, trn/lr 5.08e-02
[2022-03-20 10:27:26,729][INFO] [Epoch 103/200] trn/acc1 6.60e-01, trn/loss 2.71e+00, trn/loss_ce 1.24e+00, trn/loss_wd 2.93e+03, trn/lr 5.00e-02
[2022-03-20 10:27:31,088][INFO] [Epoch 104/200] trn/acc1 6.68e-01, trn/loss 2.65e+00, trn/loss_ce 1.20e+00, trn/loss_wd 2.91e+03, trn/lr 4.92e-02
[2022-03-20 10:27:35,441][INFO] [Epoch 105/200] trn/acc1 6.67e-01, trn/loss 2.64e+00, trn/loss_ce 1.20e+00, trn/loss_wd 2.89e+03, trn/lr 4.84e-02
[2022-03-20 10:27:39,790][INFO] [Epoch 106/200] trn/acc1 6.74e-01, trn/loss 2.61e+00, trn/loss_ce 1.18e+00, trn/loss_wd 2.87e+03, trn/lr 4.76e-02
[2022-03-20 10:27:44,148][INFO] [Epoch 107/200] trn/acc1 6.79e-01, trn/loss 2.57e+00, trn/loss_ce 1.14e+00, trn/loss_wd 2.86e+03, trn/lr 4.68e-02
[2022-03-20 10:27:48,504][INFO] [Epoch 108/200] trn/acc1 6.84e-01, trn/loss 2.55e+00, trn/loss_ce 1.13e+00, trn/loss_wd 2.84e+03, trn/lr 4.60e-02
[2022-03-20 10:27:52,859][INFO] [Epoch 109/200] trn/acc1 6.92e-01, trn/loss 2.52e+00, trn/loss_ce 1.10e+00, trn/loss_wd 2.82e+03, trn/lr 4.52e-02
[2022-03-20 10:27:57,213][INFO] [Epoch 110/200] trn/acc1 6.97e-01, trn/loss 2.48e+00, trn/loss_ce 1.08e+00, trn/loss_wd 2.80e+03, trn/lr 4.44e-02
[2022-03-20 10:28:01,574][INFO] [Epoch 111/200] trn/acc1 7.01e-01, trn/loss 2.45e+00, trn/loss_ce 1.06e+00, trn/loss_wd 2.78e+03, trn/lr 4.36e-02
[2022-03-20 10:28:05,937][INFO] [Epoch 112/200] trn/acc1 7.06e-01, trn/loss 2.43e+00, trn/loss_ce 1.04e+00, trn/loss_wd 2.77e+03, trn/lr 4.28e-02
[2022-03-20 10:28:10,308][INFO] [Epoch 113/200] trn/acc1 7.15e-01, trn/loss 2.39e+00, trn/loss_ce 1.01e+00, trn/loss_wd 2.76e+03, trn/lr 4.20e-02
[2022-03-20 10:28:14,657][INFO] [Epoch 114/200] trn/acc1 7.18e-01, trn/loss 2.36e+00, trn/loss_ce 9.91e-01, trn/loss_wd 2.74e+03, trn/lr 4.12e-02
[2022-03-20 10:28:19,001][INFO] [Epoch 115/200] trn/acc1 7.21e-01, trn/loss 2.34e+00, trn/loss_ce 9.82e-01, trn/loss_wd 2.72e+03, trn/lr 4.04e-02
[2022-03-20 10:28:23,346][INFO] [Epoch 116/200] trn/acc1 7.28e-01, trn/loss 2.30e+00, trn/loss_ce 9.50e-01, trn/loss_wd 2.71e+03, trn/lr 3.96e-02
[2022-03-20 10:28:27,739][INFO] [Epoch 117/200] trn/acc1 7.33e-01, trn/loss 2.28e+00, trn/loss_ce 9.31e-01, trn/loss_wd 2.69e+03, trn/lr 3.88e-02
[2022-03-20 10:28:32,086][INFO] [Epoch 118/200] trn/acc1 7.40e-01, trn/loss 2.24e+00, trn/loss_ce 9.03e-01, trn/loss_wd 2.67e+03, trn/lr 3.80e-02
[2022-03-20 10:28:36,435][INFO] [Epoch 119/200] trn/acc1 7.42e-01, trn/loss 2.22e+00, trn/loss_ce 8.93e-01, trn/loss_wd 2.66e+03, trn/lr 3.73e-02
[2022-03-20 10:28:40,791][INFO] [Epoch 120/200] trn/acc1 7.52e-01, trn/loss 2.17e+00, trn/loss_ce 8.53e-01, trn/loss_wd 2.64e+03, trn/lr 3.65e-02
[2022-03-20 10:28:40,914][INFO] [Epoch 120/200] Validation: val/acc1 0.6142, val/loss_ce 1.5224
[2022-03-20 10:28:45,706][INFO] [Epoch 121/200] trn/acc1 7.56e-01, trn/loss 2.15e+00, trn/loss_ce 8.36e-01, trn/loss_wd 2.62e+03, trn/lr 3.57e-02
[2022-03-20 10:28:50,058][INFO] [Epoch 122/200] trn/acc1 7.65e-01, trn/loss 2.10e+00, trn/loss_ce 8.07e-01, trn/loss_wd 2.59e+03, trn/lr 3.49e-02
[2022-03-20 10:28:54,412][INFO] [Epoch 123/200] trn/acc1 7.67e-01, trn/loss 2.08e+00, trn/loss_ce 7.97e-01, trn/loss_wd 2.57e+03, trn/lr 3.42e-02
[2022-03-20 10:28:58,767][INFO] [Epoch 124/200] trn/acc1 7.71e-01, trn/loss 2.05e+00, trn/loss_ce 7.73e-01, trn/loss_wd 2.56e+03, trn/lr 3.34e-02
[2022-03-20 10:29:03,117][INFO] [Epoch 125/200] trn/acc1 7.80e-01, trn/loss 2.02e+00, trn/loss_ce 7.47e-01, trn/loss_wd 2.54e+03, trn/lr 3.26e-02
[2022-03-20 10:29:07,471][INFO] [Epoch 126/200] trn/acc1 7.86e-01, trn/loss 1.99e+00, trn/loss_ce 7.30e-01, trn/loss_wd 2.53e+03, trn/lr 3.19e-02
[2022-03-20 10:29:11,825][INFO] [Epoch 127/200] trn/acc1 7.90e-01, trn/loss 1.96e+00, trn/loss_ce 7.06e-01, trn/loss_wd 2.51e+03, trn/lr 3.11e-02
[2022-03-20 10:29:16,182][INFO] [Epoch 128/200] trn/acc1 7.97e-01, trn/loss 1.93e+00, trn/loss_ce 6.85e-01, trn/loss_wd 2.49e+03, trn/lr 3.04e-02
[2022-03-20 10:29:20,536][INFO] [Epoch 129/200] trn/acc1 8.02e-01, trn/loss 1.90e+00, trn/loss_ce 6.61e-01, trn/loss_wd 2.47e+03, trn/lr 2.97e-02
[2022-03-20 10:29:24,889][INFO] [Epoch 130/200] trn/acc1 8.05e-01, trn/loss 1.88e+00, trn/loss_ce 6.50e-01, trn/loss_wd 2.46e+03, trn/lr 2.89e-02
[2022-03-20 10:29:29,242][INFO] [Epoch 131/200] trn/acc1 8.14e-01, trn/loss 1.84e+00, trn/loss_ce 6.23e-01, trn/loss_wd 2.44e+03, trn/lr 2.82e-02
[2022-03-20 10:29:33,586][INFO] [Epoch 132/200] trn/acc1 8.20e-01, trn/loss 1.81e+00, trn/loss_ce 5.99e-01, trn/loss_wd 2.42e+03, trn/lr 2.75e-02
[2022-03-20 10:29:37,944][INFO] [Epoch 133/200] trn/acc1 8.22e-01, trn/loss 1.78e+00, trn/loss_ce 5.85e-01, trn/loss_wd 2.40e+03, trn/lr 2.68e-02
[2022-03-20 10:29:42,304][INFO] [Epoch 134/200] trn/acc1 8.33e-01, trn/loss 1.74e+00, trn/loss_ce 5.54e-01, trn/loss_wd 2.38e+03, trn/lr 2.61e-02
[2022-03-20 10:29:46,661][INFO] [Epoch 135/200] trn/acc1 8.39e-01, trn/loss 1.71e+00, trn/loss_ce 5.29e-01, trn/loss_wd 2.36e+03, trn/lr 2.54e-02
[2022-03-20 10:29:51,018][INFO] [Epoch 136/200] trn/acc1 8.44e-01, trn/loss 1.67e+00, trn/loss_ce 5.01e-01, trn/loss_wd 2.34e+03, trn/lr 2.47e-02
[2022-03-20 10:29:55,377][INFO] [Epoch 137/200] trn/acc1 8.46e-01, trn/loss 1.65e+00, trn/loss_ce 4.97e-01, trn/loss_wd 2.32e+03, trn/lr 2.40e-02
[2022-03-20 10:29:59,724][INFO] [Epoch 138/200] trn/acc1 8.53e-01, trn/loss 1.62e+00, trn/loss_ce 4.76e-01, trn/loss_wd 2.30e+03, trn/lr 2.33e-02
[2022-03-20 10:30:04,083][INFO] [Epoch 139/200] trn/acc1 8.62e-01, trn/loss 1.58e+00, trn/loss_ce 4.45e-01, trn/loss_wd 2.27e+03, trn/lr 2.26e-02
[2022-03-20 10:30:08,436][INFO] [Epoch 140/200] trn/acc1 8.66e-01, trn/loss 1.56e+00, trn/loss_ce 4.33e-01, trn/loss_wd 2.25e+03, trn/lr 2.19e-02
[2022-03-20 10:30:08,560][INFO] [Epoch 140/200] Validation: val/acc1 0.6358, val/loss_ce 1.5387
[2022-03-20 10:30:13,251][INFO] [Epoch 141/200] trn/acc1 8.72e-01, trn/loss 1.52e+00, trn/loss_ce 4.07e-01, trn/loss_wd 2.22e+03, trn/lr 2.13e-02
[2022-03-20 10:30:17,606][INFO] [Epoch 142/200] trn/acc1 8.79e-01, trn/loss 1.48e+00, trn/loss_ce 3.85e-01, trn/loss_wd 2.20e+03, trn/lr 2.06e-02
[2022-03-20 10:30:22,056][INFO] [Epoch 143/200] trn/acc1 8.85e-01, trn/loss 1.45e+00, trn/loss_ce 3.63e-01, trn/loss_wd 2.17e+03, trn/lr 2.00e-02
[2022-03-20 10:30:26,411][INFO] [Epoch 144/200] trn/acc1 8.90e-01, trn/loss 1.42e+00, trn/loss_ce 3.48e-01, trn/loss_wd 2.15e+03, trn/lr 1.93e-02
[2022-03-20 10:30:30,782][INFO] [Epoch 145/200] trn/acc1 8.93e-01, trn/loss 1.40e+00, trn/loss_ce 3.40e-01, trn/loss_wd 2.13e+03, trn/lr 1.87e-02
[2022-03-20 10:30:35,151][INFO] [Epoch 146/200] trn/acc1 9.00e-01, trn/loss 1.36e+00, trn/loss_ce 3.14e-01, trn/loss_wd 2.10e+03, trn/lr 1.81e-02
[2022-03-20 10:30:39,528][INFO] [Epoch 147/200] trn/acc1 9.07e-01, trn/loss 1.33e+00, trn/loss_ce 2.92e-01, trn/loss_wd 2.07e+03, trn/lr 1.75e-02
[2022-03-20 10:30:43,902][INFO] [Epoch 148/200] trn/acc1 9.14e-01, trn/loss 1.29e+00, trn/loss_ce 2.70e-01, trn/loss_wd 2.05e+03, trn/lr 1.68e-02
[2022-03-20 10:30:48,276][INFO] [Epoch 149/200] trn/acc1 9.16e-01, trn/loss 1.27e+00, trn/loss_ce 2.65e-01, trn/loss_wd 2.02e+03, trn/lr 1.62e-02
[2022-03-20 10:30:52,654][INFO] [Epoch 150/200] trn/acc1 9.18e-01, trn/loss 1.25e+00, trn/loss_ce 2.55e-01, trn/loss_wd 1.99e+03, trn/lr 1.57e-02
[2022-03-20 10:30:57,023][INFO] [Epoch 151/200] trn/acc1 9.25e-01, trn/loss 1.22e+00, trn/loss_ce 2.32e-01, trn/loss_wd 1.97e+03, trn/lr 1.51e-02
[2022-03-20 10:31:01,395][INFO] [Epoch 152/200] trn/acc1 9.28e-01, trn/loss 1.19e+00, trn/loss_ce 2.19e-01, trn/loss_wd 1.94e+03, trn/lr 1.45e-02
[2022-03-20 10:31:05,764][INFO] [Epoch 153/200] trn/acc1 9.33e-01, trn/loss 1.16e+00, trn/loss_ce 2.01e-01, trn/loss_wd 1.91e+03, trn/lr 1.39e-02
[2022-03-20 10:31:10,143][INFO] [Epoch 154/200] trn/acc1 9.39e-01, trn/loss 1.13e+00, trn/loss_ce 1.91e-01, trn/loss_wd 1.89e+03, trn/lr 1.34e-02
[2022-03-20 10:31:14,523][INFO] [Epoch 155/200] trn/acc1 9.43e-01, trn/loss 1.10e+00, trn/loss_ce 1.73e-01, trn/loss_wd 1.86e+03, trn/lr 1.28e-02
[2022-03-20 10:31:18,904][INFO] [Epoch 156/200] trn/acc1 9.47e-01, trn/loss 1.08e+00, trn/loss_ce 1.62e-01, trn/loss_wd 1.83e+03, trn/lr 1.23e-02
[2022-03-20 10:31:23,287][INFO] [Epoch 157/200] trn/acc1 9.52e-01, trn/loss 1.05e+00, trn/loss_ce 1.51e-01, trn/loss_wd 1.80e+03, trn/lr 1.18e-02
[2022-03-20 10:31:27,673][INFO] [Epoch 158/200] trn/acc1 9.56e-01, trn/loss 1.02e+00, trn/loss_ce 1.36e-01, trn/loss_wd 1.78e+03, trn/lr 1.13e-02
[2022-03-20 10:31:32,056][INFO] [Epoch 159/200] trn/acc1 9.57e-01, trn/loss 1.01e+00, trn/loss_ce 1.36e-01, trn/loss_wd 1.75e+03, trn/lr 1.08e-02
[2022-03-20 10:31:36,436][INFO] [Epoch 160/200] trn/acc1 9.60e-01, trn/loss 9.84e-01, trn/loss_ce 1.21e-01, trn/loss_wd 1.73e+03, trn/lr 1.03e-02
[2022-03-20 10:31:36,560][INFO] [Epoch 160/200] Validation: val/acc1 0.6752, val/loss_ce 1.5290
[2022-03-20 10:31:41,265][INFO] [Epoch 161/200] trn/acc1 9.66e-01, trn/loss 9.58e-01, trn/loss_ce 1.08e-01, trn/loss_wd 1.70e+03, trn/lr 9.79e-03
[2022-03-20 10:31:45,632][INFO] [Epoch 162/200] trn/acc1 9.68e-01, trn/loss 9.37e-01, trn/loss_ce 1.00e-01, trn/loss_wd 1.67e+03, trn/lr 9.31e-03
[2022-03-20 10:31:50,022][INFO] [Epoch 163/200] trn/acc1 9.70e-01, trn/loss 9.16e-01, trn/loss_ce 9.17e-02, trn/loss_wd 1.65e+03, trn/lr 8.85e-03
[2022-03-20 10:31:54,404][INFO] [Epoch 164/200] trn/acc1 9.73e-01, trn/loss 8.96e-01, trn/loss_ce 8.32e-02, trn/loss_wd 1.62e+03, trn/lr 8.40e-03
[2022-03-20 10:31:58,788][INFO] [Epoch 165/200] trn/acc1 9.77e-01, trn/loss 8.73e-01, trn/loss_ce 7.30e-02, trn/loss_wd 1.60e+03, trn/lr 7.96e-03
[2022-03-20 10:32:03,165][INFO] [Epoch 166/200] trn/acc1 9.79e-01, trn/loss 8.54e-01, trn/loss_ce 6.57e-02, trn/loss_wd 1.58e+03, trn/lr 7.53e-03
[2022-03-20 10:32:07,540][INFO] [Epoch 167/200] trn/acc1 9.81e-01, trn/loss 8.37e-01, trn/loss_ce 6.02e-02, trn/loss_wd 1.55e+03, trn/lr 7.11e-03
[2022-03-20 10:32:12,008][INFO] [Epoch 168/200] trn/acc1 9.81e-01, trn/loss 8.25e-01, trn/loss_ce 5.92e-02, trn/loss_wd 1.53e+03, trn/lr 6.70e-03
[2022-03-20 10:32:16,392][INFO] [Epoch 169/200] trn/acc1 9.85e-01, trn/loss 8.04e-01, trn/loss_ce 4.81e-02, trn/loss_wd 1.51e+03, trn/lr 6.30e-03
[2022-03-20 10:32:20,771][INFO] [Epoch 170/200] trn/acc1 9.86e-01, trn/loss 7.92e-01, trn/loss_ce 4.65e-02, trn/loss_wd 1.49e+03, trn/lr 5.92e-03
[2022-03-20 10:32:25,145][INFO] [Epoch 171/200] trn/acc1 9.87e-01, trn/loss 7.76e-01, trn/loss_ce 4.03e-02, trn/loss_wd 1.47e+03, trn/lr 5.54e-03
[2022-03-20 10:32:29,536][INFO] [Epoch 172/200] trn/acc1 9.89e-01, trn/loss 7.62e-01, trn/loss_ce 3.48e-02, trn/loss_wd 1.45e+03, trn/lr 5.18e-03
[2022-03-20 10:32:33,916][INFO] [Epoch 173/200] trn/acc1 9.90e-01, trn/loss 7.52e-01, trn/loss_ce 3.34e-02, trn/loss_wd 1.44e+03, trn/lr 4.83e-03
[2022-03-20 10:32:38,303][INFO] [Epoch 174/200] trn/acc1 9.90e-01, trn/loss 7.42e-01, trn/loss_ce 3.22e-02, trn/loss_wd 1.42e+03, trn/lr 4.49e-03
[2022-03-20 10:32:42,680][INFO] [Epoch 175/200] trn/acc1 9.92e-01, trn/loss 7.29e-01, trn/loss_ce 2.67e-02, trn/loss_wd 1.41e+03, trn/lr 4.16e-03
[2022-03-20 10:32:47,065][INFO] [Epoch 176/200] trn/acc1 9.93e-01, trn/loss 7.19e-01, trn/loss_ce 2.37e-02, trn/loss_wd 1.39e+03, trn/lr 3.85e-03
[2022-03-20 10:32:51,445][INFO] [Epoch 177/200] trn/acc1 9.95e-01, trn/loss 7.09e-01, trn/loss_ce 2.02e-02, trn/loss_wd 1.38e+03, trn/lr 3.54e-03
[2022-03-20 10:32:55,839][INFO] [Epoch 178/200] trn/acc1 9.95e-01, trn/loss 7.03e-01, trn/loss_ce 2.04e-02, trn/loss_wd 1.37e+03, trn/lr 3.25e-03
[2022-03-20 10:33:00,219][INFO] [Epoch 179/200] trn/acc1 9.95e-01, trn/loss 6.95e-01, trn/loss_ce 1.80e-02, trn/loss_wd 1.35e+03, trn/lr 2.97e-03
[2022-03-20 10:33:04,607][INFO] [Epoch 180/200] trn/acc1 9.96e-01, trn/loss 6.88e-01, trn/loss_ce 1.67e-02, trn/loss_wd 1.34e+03, trn/lr 2.70e-03
[2022-03-20 10:33:04,731][INFO] [Epoch 180/200] Validation: val/acc1 0.6846, val/loss_ce 1.7457
[2022-03-20 10:33:09,428][INFO] [Epoch 181/200] trn/acc1 9.96e-01, trn/loss 6.82e-01, trn/loss_ce 1.52e-02, trn/loss_wd 1.33e+03, trn/lr 2.45e-03
[2022-03-20 10:33:09,552][INFO] [Epoch 181/200] Validation: val/acc1 0.6900, val/loss_ce 1.7685
[2022-03-20 10:33:14,257][INFO] [Epoch 182/200] trn/acc1 9.96e-01, trn/loss 6.78e-01, trn/loss_ce 1.58e-02, trn/loss_wd 1.33e+03, trn/lr 2.21e-03
[2022-03-20 10:33:14,381][INFO] [Epoch 182/200] Validation: val/acc1 0.6876, val/loss_ce 1.7502
[2022-03-20 10:33:18,944][INFO] [Epoch 183/200] trn/acc1 9.96e-01, trn/loss 6.72e-01, trn/loss_ce 1.30e-02, trn/loss_wd 1.32e+03, trn/lr 1.97e-03
[2022-03-20 10:33:19,069][INFO] [Epoch 183/200] Validation: val/acc1 0.6868, val/loss_ce 1.8276
[2022-03-20 10:33:23,622][INFO] [Epoch 184/200] trn/acc1 9.97e-01, trn/loss 6.67e-01, trn/loss_ce 1.19e-02, trn/loss_wd 1.31e+03, trn/lr 1.76e-03
[2022-03-20 10:33:23,747][INFO] [Epoch 184/200] Validation: val/acc1 0.6916, val/loss_ce 1.7858
[2022-03-20 10:33:28,440][INFO] [Epoch 185/200] trn/acc1 9.97e-01, trn/loss 6.64e-01, trn/loss_ce 1.18e-02, trn/loss_wd 1.30e+03, trn/lr 1.55e-03
[2022-03-20 10:33:28,565][INFO] [Epoch 185/200] Validation: val/acc1 0.6880, val/loss_ce 1.7850
[2022-03-20 10:33:33,125][INFO] [Epoch 186/200] trn/acc1 9.98e-01, trn/loss 6.60e-01, trn/loss_ce 1.06e-02, trn/loss_wd 1.30e+03, trn/lr 1.36e-03
[2022-03-20 10:33:33,248][INFO] [Epoch 186/200] Validation: val/acc1 0.6890, val/loss_ce 1.7938
[2022-03-20 10:33:37,813][INFO] [Epoch 187/200] trn/acc1 9.97e-01, trn/loss 6.57e-01, trn/loss_ce 1.02e-02, trn/loss_wd 1.29e+03, trn/lr 1.18e-03
[2022-03-20 10:33:37,938][INFO] [Epoch 187/200] Validation: val/acc1 0.6864, val/loss_ce 1.8316
[2022-03-20 10:33:42,493][INFO] [Epoch 188/200] trn/acc1 9.98e-01, trn/loss 6.54e-01, trn/loss_ce 8.91e-03, trn/loss_wd 1.29e+03, trn/lr 1.01e-03
[2022-03-20 10:33:42,618][INFO] [Epoch 188/200] Validation: val/acc1 0.6896, val/loss_ce 1.8368
[2022-03-20 10:33:47,177][INFO] [Epoch 189/200] trn/acc1 9.98e-01, trn/loss 6.52e-01, trn/loss_ce 8.68e-03, trn/loss_wd 1.29e+03, trn/lr 8.56e-04
[2022-03-20 10:33:47,301][INFO] [Epoch 189/200] Validation: val/acc1 0.6904, val/loss_ce 1.8607
[2022-03-20 10:33:51,864][INFO] [Epoch 190/200] trn/acc1 9.98e-01, trn/loss 6.51e-01, trn/loss_ce 8.98e-03, trn/loss_wd 1.28e+03, trn/lr 7.14e-04
[2022-03-20 10:33:51,987][INFO] [Epoch 190/200] Validation: val/acc1 0.6916, val/loss_ce 1.8295
[2022-03-20 10:33:56,567][INFO] [Epoch 191/200] trn/acc1 9.98e-01, trn/loss 6.49e-01, trn/loss_ce 8.77e-03, trn/loss_wd 1.28e+03, trn/lr 5.85e-04
[2022-03-20 10:33:56,692][INFO] [Epoch 191/200] Validation: val/acc1 0.6872, val/loss_ce 1.8236
[2022-03-20 10:34:01,247][INFO] [Epoch 192/200] trn/acc1 9.99e-01, trn/loss 6.47e-01, trn/loss_ce 7.49e-03, trn/loss_wd 1.28e+03, trn/lr 4.69e-04
[2022-03-20 10:34:01,371][INFO] [Epoch 192/200] Validation: val/acc1 0.6886, val/loss_ce 1.8434
[2022-03-20 10:34:05,939][INFO] [Epoch 193/200] trn/acc1 9.99e-01, trn/loss 6.46e-01, trn/loss_ce 7.50e-03, trn/loss_wd 1.28e+03, trn/lr 3.65e-04
[2022-03-20 10:34:06,063][INFO] [Epoch 193/200] Validation: val/acc1 0.6904, val/loss_ce 1.8574
[2022-03-20 10:34:10,629][INFO] [Epoch 194/200] trn/acc1 9.98e-01, trn/loss 6.45e-01, trn/loss_ce 7.11e-03, trn/loss_wd 1.28e+03, trn/lr 2.75e-04
[2022-03-20 10:34:10,754][INFO] [Epoch 194/200] Validation: val/acc1 0.6880, val/loss_ce 1.8605
[2022-03-20 10:34:15,315][INFO] [Epoch 195/200] trn/acc1 9.99e-01, trn/loss 6.45e-01, trn/loss_ce 7.23e-03, trn/loss_wd 1.28e+03, trn/lr 1.97e-04
[2022-03-20 10:34:15,439][INFO] [Epoch 195/200] Validation: val/acc1 0.6872, val/loss_ce 1.8599
[2022-03-20 10:34:20,004][INFO] [Epoch 196/200] trn/acc1 9.98e-01, trn/loss 6.45e-01, trn/loss_ce 7.63e-03, trn/loss_wd 1.27e+03, trn/lr 1.32e-04
[2022-03-20 10:34:20,129][INFO] [Epoch 196/200] Validation: val/acc1 0.6890, val/loss_ce 1.8574
[2022-03-20 10:34:24,783][INFO] [Epoch 197/200] trn/acc1 9.98e-01, trn/loss 6.44e-01, trn/loss_ce 6.92e-03, trn/loss_wd 1.27e+03, trn/lr 8.01e-05
[2022-03-20 10:34:24,907][INFO] [Epoch 197/200] Validation: val/acc1 0.6882, val/loss_ce 1.8594
[2022-03-20 10:34:29,460][INFO] [Epoch 198/200] trn/acc1 9.98e-01, trn/loss 6.44e-01, trn/loss_ce 7.23e-03, trn/loss_wd 1.27e+03, trn/lr 4.11e-05
[2022-03-20 10:34:29,584][INFO] [Epoch 198/200] Validation: val/acc1 0.6876, val/loss_ce 1.8621
[2022-03-20 10:34:34,136][INFO] [Epoch 199/200] trn/acc1 9.99e-01, trn/loss 6.44e-01, trn/loss_ce 6.71e-03, trn/loss_wd 1.27e+03, trn/lr 1.52e-05
[2022-03-20 10:34:34,260][INFO] [Epoch 199/200] Validation: val/acc1 0.6880, val/loss_ce 1.8618
[2022-03-20 10:34:38,822][INFO] [Epoch 200/200] trn/acc1 9.99e-01, trn/loss 6.44e-01, trn/loss_ce 7.04e-03, trn/loss_wd 1.27e+03, trn/lr 2.17e-06
[2022-03-20 10:34:38,947][INFO] [Epoch 200/200] Validation: val/acc1 0.6880, val/loss_ce 1.8618
