[2022-02-07 16:53:49,931][INFO] Environments:
------------  ---------------------------------------------------------------------------
sys.platform  linux
Python        3.7.11 (default, Nov 23 2021, 05:29:02) [GCC 7.5.0]
JAX           0.2.27 @/mnt/data1/giung/venvs/jax0.2.27/lib/python3.7/site-packages/jax
jaxlib        0.1.75 @/mnt/data1/giung/venvs/jax0.2.27/lib/python3.7/site-packages/jaxlib
Flax          0.4.0 @/mnt/data1/giung/venvs/jax0.2.27/lib/python3.7/site-packages/flax
Optax         0.1.0 @/mnt/data1/giung/venvs/jax0.2.27/lib/python3.7/site-packages/optax
------------  ---------------------------------------------------------------------------

[2022-02-07 16:53:49,932][INFO] Command line arguments:
Namespace(batch_size=128, config_file='./configs/C100_VGG13-ReLU_SGD.yaml', keep_every_n_checkpoints=None, learning_rate=0.05, num_epochs=200, num_warmup_epochs=5, opts=[], output_dir='./outputs/C100_VGG13-ReLU/SGD/s42_e200_wd5e-4/', seed=42, weight_decay=0.0005)

[2022-02-07 16:53:49,932][INFO] Using a random seed 42

[2022-02-07 16:53:49,964][INFO] Unable to initialize backend 'tpu_driver': NOT_FOUND: Unable to find driver in registry given worker: 
[2022-02-07 16:53:50,163][INFO] Unable to initialize backend 'tpu': INVALID_ARGUMENT: TpuPlatform is not available.
[2022-02-07 16:53:53,810][INFO] Found no checkpoint files in outputs/C100_VGG13-ReLU/SGD/s42_e200_wd5e-4
[2022-02-07 16:54:06,750][INFO] [Epoch   1/200] trn/acc1 4.98e-02, trn/loss 6.33e+00, trn/loss_ce 4.31e+00, trn/loss_wd 4.05e+03, trn/lr 4.99e-03
[2022-02-07 16:54:08,221][INFO] [Epoch   1/200] Validation: val/acc1 0.0870, val/loss_ce 3.9740
[2022-02-07 16:54:14,407][INFO] [Epoch   2/200] trn/acc1 1.13e-01, trn/loss 5.75e+00, trn/loss_ce 3.78e+00, trn/loss_wd 3.93e+03, trn/lr 1.50e-02
[2022-02-07 16:54:18,053][INFO] [Epoch   3/200] trn/acc1 1.69e-01, trn/loss 5.32e+00, trn/loss_ce 3.46e+00, trn/loss_wd 3.72e+03, trn/lr 2.50e-02
[2022-02-07 16:54:21,598][INFO] [Epoch   4/200] trn/acc1 2.13e-01, trn/loss 4.95e+00, trn/loss_ce 3.21e+00, trn/loss_wd 3.47e+03, trn/lr 3.50e-02
[2022-02-07 16:54:25,050][INFO] [Epoch   5/200] trn/acc1 2.31e-01, trn/loss 4.70e+00, trn/loss_ce 3.10e+00, trn/loss_wd 3.19e+03, trn/lr 4.50e-02
[2022-02-07 16:54:28,505][INFO] [Epoch   6/200] trn/acc1 2.84e-01, trn/loss 4.30e+00, trn/loss_ce 2.83e+00, trn/loss_wd 2.94e+03, trn/lr 5.00e-02
[2022-02-07 16:54:31,960][INFO] [Epoch   7/200] trn/acc1 3.32e-01, trn/loss 3.96e+00, trn/loss_ce 2.59e+00, trn/loss_wd 2.74e+03, trn/lr 5.00e-02
[2022-02-07 16:54:35,408][INFO] [Epoch   8/200] trn/acc1 3.61e-01, trn/loss 3.72e+00, trn/loss_ce 2.43e+00, trn/loss_wd 2.58e+03, trn/lr 5.00e-02
[2022-02-07 16:54:38,865][INFO] [Epoch   9/200] trn/acc1 3.93e-01, trn/loss 3.54e+00, trn/loss_ce 2.31e+00, trn/loss_wd 2.46e+03, trn/lr 5.00e-02
[2022-02-07 16:54:42,324][INFO] [Epoch  10/200] trn/acc1 4.14e-01, trn/loss 3.39e+00, trn/loss_ce 2.20e+00, trn/loss_wd 2.37e+03, trn/lr 4.99e-02
[2022-02-07 16:54:45,786][INFO] [Epoch  11/200] trn/acc1 4.38e-01, trn/loss 3.26e+00, trn/loss_ce 2.10e+00, trn/loss_wd 2.31e+03, trn/lr 4.99e-02
[2022-02-07 16:54:49,249][INFO] [Epoch  12/200] trn/acc1 4.56e-01, trn/loss 3.17e+00, trn/loss_ce 2.03e+00, trn/loss_wd 2.27e+03, trn/lr 4.99e-02
[2022-02-07 16:54:52,720][INFO] [Epoch  13/200] trn/acc1 4.71e-01, trn/loss 3.11e+00, trn/loss_ce 1.98e+00, trn/loss_wd 2.24e+03, trn/lr 4.98e-02
[2022-02-07 16:54:56,189][INFO] [Epoch  14/200] trn/acc1 4.86e-01, trn/loss 3.03e+00, trn/loss_ce 1.92e+00, trn/loss_wd 2.24e+03, trn/lr 4.98e-02
[2022-02-07 16:54:59,661][INFO] [Epoch  15/200] trn/acc1 4.97e-01, trn/loss 2.99e+00, trn/loss_ce 1.87e+00, trn/loss_wd 2.24e+03, trn/lr 4.97e-02
[2022-02-07 16:55:03,125][INFO] [Epoch  16/200] trn/acc1 5.10e-01, trn/loss 2.94e+00, trn/loss_ce 1.82e+00, trn/loss_wd 2.25e+03, trn/lr 4.96e-02
[2022-02-07 16:55:06,598][INFO] [Epoch  17/200] trn/acc1 5.15e-01, trn/loss 2.92e+00, trn/loss_ce 1.79e+00, trn/loss_wd 2.26e+03, trn/lr 4.96e-02
[2022-02-07 16:55:10,079][INFO] [Epoch  18/200] trn/acc1 5.27e-01, trn/loss 2.89e+00, trn/loss_ce 1.75e+00, trn/loss_wd 2.28e+03, trn/lr 4.95e-02
[2022-02-07 16:55:13,554][INFO] [Epoch  19/200] trn/acc1 5.33e-01, trn/loss 2.87e+00, trn/loss_ce 1.71e+00, trn/loss_wd 2.31e+03, trn/lr 4.94e-02
[2022-02-07 16:55:17,033][INFO] [Epoch  20/200] trn/acc1 5.42e-01, trn/loss 2.86e+00, trn/loss_ce 1.69e+00, trn/loss_wd 2.34e+03, trn/lr 4.93e-02
[2022-02-07 16:55:17,127][INFO] [Epoch  20/200] Validation: val/acc1 0.4994, val/loss_ce 1.9103
[2022-02-07 16:55:23,843][INFO] [Epoch  21/200] trn/acc1 5.49e-01, trn/loss 2.84e+00, trn/loss_ce 1.65e+00, trn/loss_wd 2.36e+03, trn/lr 4.92e-02
[2022-02-07 16:55:27,359][INFO] [Epoch  22/200] trn/acc1 5.57e-01, trn/loss 2.82e+00, trn/loss_ce 1.63e+00, trn/loss_wd 2.39e+03, trn/lr 4.91e-02
[2022-02-07 16:55:30,825][INFO] [Epoch  23/200] trn/acc1 5.64e-01, trn/loss 2.81e+00, trn/loss_ce 1.60e+00, trn/loss_wd 2.42e+03, trn/lr 4.90e-02
[2022-02-07 16:55:34,296][INFO] [Epoch  24/200] trn/acc1 5.73e-01, trn/loss 2.80e+00, trn/loss_ce 1.57e+00, trn/loss_wd 2.45e+03, trn/lr 4.89e-02
[2022-02-07 16:55:37,763][INFO] [Epoch  25/200] trn/acc1 5.76e-01, trn/loss 2.79e+00, trn/loss_ce 1.55e+00, trn/loss_wd 2.48e+03, trn/lr 4.88e-02
[2022-02-07 16:55:41,229][INFO] [Epoch  26/200] trn/acc1 5.79e-01, trn/loss 2.79e+00, trn/loss_ce 1.53e+00, trn/loss_wd 2.52e+03, trn/lr 4.86e-02
[2022-02-07 16:55:44,692][INFO] [Epoch  27/200] trn/acc1 5.83e-01, trn/loss 2.80e+00, trn/loss_ce 1.52e+00, trn/loss_wd 2.56e+03, trn/lr 4.85e-02
[2022-02-07 16:55:48,149][INFO] [Epoch  28/200] trn/acc1 5.94e-01, trn/loss 2.79e+00, trn/loss_ce 1.50e+00, trn/loss_wd 2.59e+03, trn/lr 4.84e-02
[2022-02-07 16:55:51,615][INFO] [Epoch  29/200] trn/acc1 5.97e-01, trn/loss 2.79e+00, trn/loss_ce 1.48e+00, trn/loss_wd 2.63e+03, trn/lr 4.82e-02
[2022-02-07 16:55:55,085][INFO] [Epoch  30/200] trn/acc1 6.00e-01, trn/loss 2.80e+00, trn/loss_ce 1.46e+00, trn/loss_wd 2.66e+03, trn/lr 4.81e-02
[2022-02-07 16:55:58,553][INFO] [Epoch  31/200] trn/acc1 6.07e-01, trn/loss 2.78e+00, trn/loss_ce 1.43e+00, trn/loss_wd 2.69e+03, trn/lr 4.79e-02
[2022-02-07 16:56:02,019][INFO] [Epoch  32/200] trn/acc1 6.09e-01, trn/loss 2.78e+00, trn/loss_ce 1.42e+00, trn/loss_wd 2.72e+03, trn/lr 4.78e-02
[2022-02-07 16:56:05,480][INFO] [Epoch  33/200] trn/acc1 6.16e-01, trn/loss 2.79e+00, trn/loss_ce 1.41e+00, trn/loss_wd 2.75e+03, trn/lr 4.76e-02
[2022-02-07 16:56:08,941][INFO] [Epoch  34/200] trn/acc1 6.22e-01, trn/loss 2.77e+00, trn/loss_ce 1.38e+00, trn/loss_wd 2.77e+03, trn/lr 4.74e-02
[2022-02-07 16:56:12,403][INFO] [Epoch  35/200] trn/acc1 6.20e-01, trn/loss 2.79e+00, trn/loss_ce 1.39e+00, trn/loss_wd 2.80e+03, trn/lr 4.72e-02
[2022-02-07 16:56:15,864][INFO] [Epoch  36/200] trn/acc1 6.24e-01, trn/loss 2.77e+00, trn/loss_ce 1.36e+00, trn/loss_wd 2.83e+03, trn/lr 4.70e-02
[2022-02-07 16:56:19,431][INFO] [Epoch  37/200] trn/acc1 6.30e-01, trn/loss 2.77e+00, trn/loss_ce 1.34e+00, trn/loss_wd 2.85e+03, trn/lr 4.68e-02
[2022-02-07 16:56:22,886][INFO] [Epoch  38/200] trn/acc1 6.33e-01, trn/loss 2.77e+00, trn/loss_ce 1.33e+00, trn/loss_wd 2.88e+03, trn/lr 4.67e-02
[2022-02-07 16:56:26,346][INFO] [Epoch  39/200] trn/acc1 6.37e-01, trn/loss 2.77e+00, trn/loss_ce 1.32e+00, trn/loss_wd 2.90e+03, trn/lr 4.64e-02
[2022-02-07 16:56:29,806][INFO] [Epoch  40/200] trn/acc1 6.36e-01, trn/loss 2.78e+00, trn/loss_ce 1.32e+00, trn/loss_wd 2.93e+03, trn/lr 4.62e-02
[2022-02-07 16:56:29,899][INFO] [Epoch  40/200] Validation: val/acc1 0.5488, val/loss_ce 1.7755
[2022-02-07 16:56:36,133][INFO] [Epoch  41/200] trn/acc1 6.44e-01, trn/loss 2.76e+00, trn/loss_ce 1.29e+00, trn/loss_wd 2.94e+03, trn/lr 4.60e-02
[2022-02-07 16:56:39,929][INFO] [Epoch  42/200] trn/acc1 6.49e-01, trn/loss 2.75e+00, trn/loss_ce 1.27e+00, trn/loss_wd 2.95e+03, trn/lr 4.58e-02
[2022-02-07 16:56:43,386][INFO] [Epoch  43/200] trn/acc1 6.53e-01, trn/loss 2.74e+00, trn/loss_ce 1.25e+00, trn/loss_wd 2.97e+03, trn/lr 4.56e-02
[2022-02-07 16:56:46,841][INFO] [Epoch  44/200] trn/acc1 6.56e-01, trn/loss 2.74e+00, trn/loss_ce 1.25e+00, trn/loss_wd 2.99e+03, trn/lr 4.53e-02
[2022-02-07 16:56:50,299][INFO] [Epoch  45/200] trn/acc1 6.61e-01, trn/loss 2.73e+00, trn/loss_ce 1.23e+00, trn/loss_wd 3.00e+03, trn/lr 4.51e-02
[2022-02-07 16:56:53,758][INFO] [Epoch  46/200] trn/acc1 6.64e-01, trn/loss 2.72e+00, trn/loss_ce 1.21e+00, trn/loss_wd 3.02e+03, trn/lr 4.49e-02
[2022-02-07 16:56:57,220][INFO] [Epoch  47/200] trn/acc1 6.66e-01, trn/loss 2.72e+00, trn/loss_ce 1.20e+00, trn/loss_wd 3.03e+03, trn/lr 4.46e-02
[2022-02-07 16:57:00,676][INFO] [Epoch  48/200] trn/acc1 6.70e-01, trn/loss 2.70e+00, trn/loss_ce 1.18e+00, trn/loss_wd 3.04e+03, trn/lr 4.44e-02
[2022-02-07 16:57:04,158][INFO] [Epoch  49/200] trn/acc1 6.72e-01, trn/loss 2.71e+00, trn/loss_ce 1.18e+00, trn/loss_wd 3.06e+03, trn/lr 4.41e-02
[2022-02-07 16:57:07,621][INFO] [Epoch  50/200] trn/acc1 6.76e-01, trn/loss 2.69e+00, trn/loss_ce 1.16e+00, trn/loss_wd 3.07e+03, trn/lr 4.38e-02
[2022-02-07 16:57:11,083][INFO] [Epoch  51/200] trn/acc1 6.81e-01, trn/loss 2.68e+00, trn/loss_ce 1.14e+00, trn/loss_wd 3.08e+03, trn/lr 4.36e-02
[2022-02-07 16:57:14,546][INFO] [Epoch  52/200] trn/acc1 6.84e-01, trn/loss 2.69e+00, trn/loss_ce 1.14e+00, trn/loss_wd 3.09e+03, trn/lr 4.33e-02
[2022-02-07 16:57:18,010][INFO] [Epoch  53/200] trn/acc1 6.85e-01, trn/loss 2.68e+00, trn/loss_ce 1.13e+00, trn/loss_wd 3.10e+03, trn/lr 4.30e-02
[2022-02-07 16:57:21,473][INFO] [Epoch  54/200] trn/acc1 6.89e-01, trn/loss 2.67e+00, trn/loss_ce 1.11e+00, trn/loss_wd 3.12e+03, trn/lr 4.27e-02
[2022-02-07 16:57:24,939][INFO] [Epoch  55/200] trn/acc1 6.90e-01, trn/loss 2.68e+00, trn/loss_ce 1.11e+00, trn/loss_wd 3.12e+03, trn/lr 4.25e-02
[2022-02-07 16:57:28,401][INFO] [Epoch  56/200] trn/acc1 6.94e-01, trn/loss 2.66e+00, trn/loss_ce 1.09e+00, trn/loss_wd 3.13e+03, trn/lr 4.22e-02
[2022-02-07 16:57:31,866][INFO] [Epoch  57/200] trn/acc1 6.98e-01, trn/loss 2.65e+00, trn/loss_ce 1.08e+00, trn/loss_wd 3.15e+03, trn/lr 4.19e-02
[2022-02-07 16:57:35,331][INFO] [Epoch  58/200] trn/acc1 7.03e-01, trn/loss 2.62e+00, trn/loss_ce 1.05e+00, trn/loss_wd 3.14e+03, trn/lr 4.16e-02
[2022-02-07 16:57:38,794][INFO] [Epoch  59/200] trn/acc1 7.06e-01, trn/loss 2.62e+00, trn/loss_ce 1.04e+00, trn/loss_wd 3.15e+03, trn/lr 4.13e-02
[2022-02-07 16:57:42,264][INFO] [Epoch  60/200] trn/acc1 7.03e-01, trn/loss 2.63e+00, trn/loss_ce 1.05e+00, trn/loss_wd 3.16e+03, trn/lr 4.10e-02
[2022-02-07 16:57:42,357][INFO] [Epoch  60/200] Validation: val/acc1 0.5820, val/loss_ce 1.6494
[2022-02-07 16:57:48,595][INFO] [Epoch  61/200] trn/acc1 7.12e-01, trn/loss 2.61e+00, trn/loss_ce 1.03e+00, trn/loss_wd 3.17e+03, trn/lr 4.07e-02
[2022-02-07 16:57:52,060][INFO] [Epoch  62/200] trn/acc1 7.18e-01, trn/loss 2.59e+00, trn/loss_ce 1.00e+00, trn/loss_wd 3.17e+03, trn/lr 4.03e-02
[2022-02-07 16:57:55,522][INFO] [Epoch  63/200] trn/acc1 7.21e-01, trn/loss 2.58e+00, trn/loss_ce 9.92e-01, trn/loss_wd 3.17e+03, trn/lr 4.00e-02
[2022-02-07 16:57:58,987][INFO] [Epoch  64/200] trn/acc1 7.25e-01, trn/loss 2.56e+00, trn/loss_ce 9.72e-01, trn/loss_wd 3.18e+03, trn/lr 3.97e-02
[2022-02-07 16:58:02,449][INFO] [Epoch  65/200] trn/acc1 7.23e-01, trn/loss 2.57e+00, trn/loss_ce 9.73e-01, trn/loss_wd 3.19e+03, trn/lr 3.94e-02
[2022-02-07 16:58:05,914][INFO] [Epoch  66/200] trn/acc1 7.27e-01, trn/loss 2.57e+00, trn/loss_ce 9.68e-01, trn/loss_wd 3.19e+03, trn/lr 3.90e-02
[2022-02-07 16:58:09,450][INFO] [Epoch  67/200] trn/acc1 7.31e-01, trn/loss 2.54e+00, trn/loss_ce 9.47e-01, trn/loss_wd 3.20e+03, trn/lr 3.87e-02
[2022-02-07 16:58:12,915][INFO] [Epoch  68/200] trn/acc1 7.36e-01, trn/loss 2.52e+00, trn/loss_ce 9.24e-01, trn/loss_wd 3.19e+03, trn/lr 3.84e-02
[2022-02-07 16:58:16,386][INFO] [Epoch  69/200] trn/acc1 7.40e-01, trn/loss 2.51e+00, trn/loss_ce 9.18e-01, trn/loss_wd 3.19e+03, trn/lr 3.80e-02
[2022-02-07 16:58:19,847][INFO] [Epoch  70/200] trn/acc1 7.39e-01, trn/loss 2.50e+00, trn/loss_ce 9.08e-01, trn/loss_wd 3.19e+03, trn/lr 3.77e-02
[2022-02-07 16:58:23,308][INFO] [Epoch  71/200] trn/acc1 7.45e-01, trn/loss 2.49e+00, trn/loss_ce 8.91e-01, trn/loss_wd 3.19e+03, trn/lr 3.73e-02
[2022-02-07 16:58:26,771][INFO] [Epoch  72/200] trn/acc1 7.50e-01, trn/loss 2.46e+00, trn/loss_ce 8.70e-01, trn/loss_wd 3.19e+03, trn/lr 3.70e-02
[2022-02-07 16:58:30,236][INFO] [Epoch  73/200] trn/acc1 7.53e-01, trn/loss 2.46e+00, trn/loss_ce 8.64e-01, trn/loss_wd 3.19e+03, trn/lr 3.66e-02
[2022-02-07 16:58:33,699][INFO] [Epoch  74/200] trn/acc1 7.57e-01, trn/loss 2.44e+00, trn/loss_ce 8.46e-01, trn/loss_wd 3.19e+03, trn/lr 3.63e-02
[2022-02-07 16:58:37,168][INFO] [Epoch  75/200] trn/acc1 7.63e-01, trn/loss 2.42e+00, trn/loss_ce 8.27e-01, trn/loss_wd 3.18e+03, trn/lr 3.59e-02
[2022-02-07 16:58:40,632][INFO] [Epoch  76/200] trn/acc1 7.65e-01, trn/loss 2.40e+00, trn/loss_ce 8.11e-01, trn/loss_wd 3.18e+03, trn/lr 3.55e-02
[2022-02-07 16:58:44,102][INFO] [Epoch  77/200] trn/acc1 7.65e-01, trn/loss 2.41e+00, trn/loss_ce 8.16e-01, trn/loss_wd 3.18e+03, trn/lr 3.52e-02
[2022-02-07 16:58:47,562][INFO] [Epoch  78/200] trn/acc1 7.67e-01, trn/loss 2.40e+00, trn/loss_ce 8.04e-01, trn/loss_wd 3.19e+03, trn/lr 3.48e-02
[2022-02-07 16:58:51,029][INFO] [Epoch  79/200] trn/acc1 7.72e-01, trn/loss 2.37e+00, trn/loss_ce 7.82e-01, trn/loss_wd 3.19e+03, trn/lr 3.44e-02
[2022-02-07 16:58:54,499][INFO] [Epoch  80/200] trn/acc1 7.79e-01, trn/loss 2.34e+00, trn/loss_ce 7.54e-01, trn/loss_wd 3.18e+03, trn/lr 3.41e-02
[2022-02-07 16:58:54,594][INFO] [Epoch  80/200] Validation: val/acc1 0.5982, val/loss_ce 1.7042
[2022-02-07 16:59:00,194][INFO] [Epoch  81/200] trn/acc1 7.82e-01, trn/loss 2.33e+00, trn/loss_ce 7.44e-01, trn/loss_wd 3.18e+03, trn/lr 3.37e-02
[2022-02-07 16:59:03,664][INFO] [Epoch  82/200] trn/acc1 7.87e-01, trn/loss 2.31e+00, trn/loss_ce 7.25e-01, trn/loss_wd 3.17e+03, trn/lr 3.33e-02
[2022-02-07 16:59:07,133][INFO] [Epoch  83/200] trn/acc1 7.89e-01, trn/loss 2.31e+00, trn/loss_ce 7.27e-01, trn/loss_wd 3.16e+03, trn/lr 3.29e-02
[2022-02-07 16:59:10,597][INFO] [Epoch  84/200] trn/acc1 7.94e-01, trn/loss 2.27e+00, trn/loss_ce 6.98e-01, trn/loss_wd 3.15e+03, trn/lr 3.25e-02
[2022-02-07 16:59:14,068][INFO] [Epoch  85/200] trn/acc1 7.98e-01, trn/loss 2.26e+00, trn/loss_ce 6.90e-01, trn/loss_wd 3.14e+03, trn/lr 3.21e-02
[2022-02-07 16:59:17,536][INFO] [Epoch  86/200] trn/acc1 8.03e-01, trn/loss 2.23e+00, trn/loss_ce 6.69e-01, trn/loss_wd 3.13e+03, trn/lr 3.18e-02
[2022-02-07 16:59:21,011][INFO] [Epoch  87/200] trn/acc1 8.09e-01, trn/loss 2.22e+00, trn/loss_ce 6.55e-01, trn/loss_wd 3.12e+03, trn/lr 3.14e-02
[2022-02-07 16:59:24,586][INFO] [Epoch  88/200] trn/acc1 8.11e-01, trn/loss 2.20e+00, trn/loss_ce 6.42e-01, trn/loss_wd 3.11e+03, trn/lr 3.10e-02
[2022-02-07 16:59:28,055][INFO] [Epoch  89/200] trn/acc1 8.15e-01, trn/loss 2.18e+00, trn/loss_ce 6.29e-01, trn/loss_wd 3.10e+03, trn/lr 3.06e-02
[2022-02-07 16:59:31,527][INFO] [Epoch  90/200] trn/acc1 8.16e-01, trn/loss 2.16e+00, trn/loss_ce 6.14e-01, trn/loss_wd 3.09e+03, trn/lr 3.02e-02
[2022-02-07 16:59:35,000][INFO] [Epoch  91/200] trn/acc1 8.18e-01, trn/loss 2.15e+00, trn/loss_ce 6.05e-01, trn/loss_wd 3.08e+03, trn/lr 2.98e-02
[2022-02-07 16:59:38,466][INFO] [Epoch  92/200] trn/acc1 8.22e-01, trn/loss 2.12e+00, trn/loss_ce 5.88e-01, trn/loss_wd 3.07e+03, trn/lr 2.94e-02
[2022-02-07 16:59:41,927][INFO] [Epoch  93/200] trn/acc1 8.25e-01, trn/loss 2.11e+00, trn/loss_ce 5.81e-01, trn/loss_wd 3.06e+03, trn/lr 2.90e-02
[2022-02-07 16:59:45,388][INFO] [Epoch  94/200] trn/acc1 8.31e-01, trn/loss 2.09e+00, trn/loss_ce 5.66e-01, trn/loss_wd 3.05e+03, trn/lr 2.86e-02
[2022-02-07 16:59:48,853][INFO] [Epoch  95/200] trn/acc1 8.36e-01, trn/loss 2.06e+00, trn/loss_ce 5.48e-01, trn/loss_wd 3.03e+03, trn/lr 2.82e-02
[2022-02-07 16:59:52,331][INFO] [Epoch  96/200] trn/acc1 8.43e-01, trn/loss 2.03e+00, trn/loss_ce 5.20e-01, trn/loss_wd 3.01e+03, trn/lr 2.78e-02
[2022-02-07 16:59:55,807][INFO] [Epoch  97/200] trn/acc1 8.43e-01, trn/loss 2.02e+00, trn/loss_ce 5.23e-01, trn/loss_wd 3.00e+03, trn/lr 2.74e-02
[2022-02-07 16:59:59,397][INFO] [Epoch  98/200] trn/acc1 8.51e-01, trn/loss 1.99e+00, trn/loss_ce 4.97e-01, trn/loss_wd 2.98e+03, trn/lr 2.70e-02
[2022-02-07 17:00:02,885][INFO] [Epoch  99/200] trn/acc1 8.56e-01, trn/loss 1.95e+00, trn/loss_ce 4.75e-01, trn/loss_wd 2.96e+03, trn/lr 2.66e-02
[2022-02-07 17:00:06,360][INFO] [Epoch 100/200] trn/acc1 8.56e-01, trn/loss 1.94e+00, trn/loss_ce 4.72e-01, trn/loss_wd 2.94e+03, trn/lr 2.62e-02
[2022-02-07 17:00:06,454][INFO] [Epoch 100/200] Validation: val/acc1 0.6332, val/loss_ce 1.6129
[2022-02-07 17:00:13,276][INFO] [Epoch 101/200] trn/acc1 8.64e-01, trn/loss 1.90e+00, trn/loss_ce 4.47e-01, trn/loss_wd 2.92e+03, trn/lr 2.58e-02
[2022-02-07 17:00:17,079][INFO] [Epoch 102/200] trn/acc1 8.67e-01, trn/loss 1.88e+00, trn/loss_ce 4.36e-01, trn/loss_wd 2.90e+03, trn/lr 2.54e-02
[2022-02-07 17:00:20,542][INFO] [Epoch 103/200] trn/acc1 8.71e-01, trn/loss 1.86e+00, trn/loss_ce 4.22e-01, trn/loss_wd 2.87e+03, trn/lr 2.50e-02
[2022-02-07 17:00:24,013][INFO] [Epoch 104/200] trn/acc1 8.74e-01, trn/loss 1.83e+00, trn/loss_ce 4.05e-01, trn/loss_wd 2.85e+03, trn/lr 2.46e-02
[2022-02-07 17:00:27,477][INFO] [Epoch 105/200] trn/acc1 8.78e-01, trn/loss 1.81e+00, trn/loss_ce 3.98e-01, trn/loss_wd 2.83e+03, trn/lr 2.42e-02
[2022-02-07 17:00:30,948][INFO] [Epoch 106/200] trn/acc1 8.82e-01, trn/loss 1.79e+00, trn/loss_ce 3.84e-01, trn/loss_wd 2.81e+03, trn/lr 2.38e-02
[2022-02-07 17:00:34,415][INFO] [Epoch 107/200] trn/acc1 8.90e-01, trn/loss 1.75e+00, trn/loss_ce 3.61e-01, trn/loss_wd 2.78e+03, trn/lr 2.34e-02
[2022-02-07 17:00:37,884][INFO] [Epoch 108/200] trn/acc1 8.92e-01, trn/loss 1.73e+00, trn/loss_ce 3.51e-01, trn/loss_wd 2.75e+03, trn/lr 2.30e-02
[2022-02-07 17:00:41,358][INFO] [Epoch 109/200] trn/acc1 8.95e-01, trn/loss 1.70e+00, trn/loss_ce 3.41e-01, trn/loss_wd 2.72e+03, trn/lr 2.26e-02
[2022-02-07 17:00:44,830][INFO] [Epoch 110/200] trn/acc1 8.97e-01, trn/loss 1.68e+00, trn/loss_ce 3.30e-01, trn/loss_wd 2.70e+03, trn/lr 2.22e-02
[2022-02-07 17:00:48,303][INFO] [Epoch 111/200] trn/acc1 9.05e-01, trn/loss 1.65e+00, trn/loss_ce 3.12e-01, trn/loss_wd 2.67e+03, trn/lr 2.18e-02
[2022-02-07 17:00:51,783][INFO] [Epoch 112/200] trn/acc1 9.02e-01, trn/loss 1.63e+00, trn/loss_ce 3.16e-01, trn/loss_wd 2.64e+03, trn/lr 2.14e-02
[2022-02-07 17:00:55,259][INFO] [Epoch 113/200] trn/acc1 9.08e-01, trn/loss 1.60e+00, trn/loss_ce 2.99e-01, trn/loss_wd 2.61e+03, trn/lr 2.10e-02
[2022-02-07 17:00:58,732][INFO] [Epoch 114/200] trn/acc1 9.10e-01, trn/loss 1.58e+00, trn/loss_ce 2.89e-01, trn/loss_wd 2.58e+03, trn/lr 2.06e-02
[2022-02-07 17:01:02,212][INFO] [Epoch 115/200] trn/acc1 9.16e-01, trn/loss 1.55e+00, trn/loss_ce 2.75e-01, trn/loss_wd 2.55e+03, trn/lr 2.02e-02
[2022-02-07 17:01:05,691][INFO] [Epoch 116/200] trn/acc1 9.17e-01, trn/loss 1.53e+00, trn/loss_ce 2.69e-01, trn/loss_wd 2.52e+03, trn/lr 1.98e-02
[2022-02-07 17:01:09,169][INFO] [Epoch 117/200] trn/acc1 9.24e-01, trn/loss 1.49e+00, trn/loss_ce 2.49e-01, trn/loss_wd 2.48e+03, trn/lr 1.94e-02
[2022-02-07 17:01:12,651][INFO] [Epoch 118/200] trn/acc1 9.25e-01, trn/loss 1.46e+00, trn/loss_ce 2.39e-01, trn/loss_wd 2.45e+03, trn/lr 1.90e-02
[2022-02-07 17:01:16,132][INFO] [Epoch 119/200] trn/acc1 9.33e-01, trn/loss 1.42e+00, trn/loss_ce 2.17e-01, trn/loss_wd 2.41e+03, trn/lr 1.86e-02
[2022-02-07 17:01:19,609][INFO] [Epoch 120/200] trn/acc1 9.33e-01, trn/loss 1.41e+00, trn/loss_ce 2.18e-01, trn/loss_wd 2.38e+03, trn/lr 1.82e-02
[2022-02-07 17:01:19,703][INFO] [Epoch 120/200] Validation: val/acc1 0.6382, val/loss_ce 1.8152
[2022-02-07 17:01:24,851][INFO] [Epoch 121/200] trn/acc1 9.37e-01, trn/loss 1.37e+00, trn/loss_ce 2.03e-01, trn/loss_wd 2.34e+03, trn/lr 1.79e-02
[2022-02-07 17:01:28,330][INFO] [Epoch 122/200] trn/acc1 9.37e-01, trn/loss 1.36e+00, trn/loss_ce 2.01e-01, trn/loss_wd 2.31e+03, trn/lr 1.75e-02
[2022-02-07 17:01:31,812][INFO] [Epoch 123/200] trn/acc1 9.42e-01, trn/loss 1.32e+00, trn/loss_ce 1.87e-01, trn/loss_wd 2.28e+03, trn/lr 1.71e-02
[2022-02-07 17:01:35,285][INFO] [Epoch 124/200] trn/acc1 9.46e-01, trn/loss 1.30e+00, trn/loss_ce 1.77e-01, trn/loss_wd 2.24e+03, trn/lr 1.67e-02
[2022-02-07 17:01:38,767][INFO] [Epoch 125/200] trn/acc1 9.48e-01, trn/loss 1.27e+00, trn/loss_ce 1.67e-01, trn/loss_wd 2.20e+03, trn/lr 1.63e-02
[2022-02-07 17:01:42,246][INFO] [Epoch 126/200] trn/acc1 9.49e-01, trn/loss 1.25e+00, trn/loss_ce 1.65e-01, trn/loss_wd 2.17e+03, trn/lr 1.59e-02
[2022-02-07 17:01:45,725][INFO] [Epoch 127/200] trn/acc1 9.50e-01, trn/loss 1.23e+00, trn/loss_ce 1.63e-01, trn/loss_wd 2.13e+03, trn/lr 1.56e-02
[2022-02-07 17:01:49,285][INFO] [Epoch 128/200] trn/acc1 9.52e-01, trn/loss 1.20e+00, trn/loss_ce 1.54e-01, trn/loss_wd 2.10e+03, trn/lr 1.52e-02
[2022-02-07 17:01:52,763][INFO] [Epoch 129/200] trn/acc1 9.57e-01, trn/loss 1.17e+00, trn/loss_ce 1.38e-01, trn/loss_wd 2.07e+03, trn/lr 1.48e-02
[2022-02-07 17:01:56,239][INFO] [Epoch 130/200] trn/acc1 9.58e-01, trn/loss 1.15e+00, trn/loss_ce 1.36e-01, trn/loss_wd 2.03e+03, trn/lr 1.45e-02
[2022-02-07 17:01:59,712][INFO] [Epoch 131/200] trn/acc1 9.62e-01, trn/loss 1.12e+00, trn/loss_ce 1.22e-01, trn/loss_wd 2.00e+03, trn/lr 1.41e-02
[2022-02-07 17:02:03,193][INFO] [Epoch 132/200] trn/acc1 9.63e-01, trn/loss 1.10e+00, trn/loss_ce 1.21e-01, trn/loss_wd 1.97e+03, trn/lr 1.37e-02
[2022-02-07 17:02:06,672][INFO] [Epoch 133/200] trn/acc1 9.65e-01, trn/loss 1.08e+00, trn/loss_ce 1.15e-01, trn/loss_wd 1.93e+03, trn/lr 1.34e-02
[2022-02-07 17:02:10,153][INFO] [Epoch 134/200] trn/acc1 9.67e-01, trn/loss 1.05e+00, trn/loss_ce 1.04e-01, trn/loss_wd 1.90e+03, trn/lr 1.30e-02
[2022-02-07 17:02:13,634][INFO] [Epoch 135/200] trn/acc1 9.70e-01, trn/loss 1.03e+00, trn/loss_ce 9.62e-02, trn/loss_wd 1.87e+03, trn/lr 1.27e-02
[2022-02-07 17:02:17,111][INFO] [Epoch 136/200] trn/acc1 9.70e-01, trn/loss 1.02e+00, trn/loss_ce 9.90e-02, trn/loss_wd 1.84e+03, trn/lr 1.23e-02
[2022-02-07 17:02:20,590][INFO] [Epoch 137/200] trn/acc1 9.72e-01, trn/loss 9.94e-01, trn/loss_ce 9.19e-02, trn/loss_wd 1.80e+03, trn/lr 1.20e-02
[2022-02-07 17:02:24,071][INFO] [Epoch 138/200] trn/acc1 9.72e-01, trn/loss 9.80e-01, trn/loss_ce 9.17e-02, trn/loss_wd 1.78e+03, trn/lr 1.16e-02
[2022-02-07 17:02:27,556][INFO] [Epoch 139/200] trn/acc1 9.77e-01, trn/loss 9.52e-01, trn/loss_ce 7.87e-02, trn/loss_wd 1.75e+03, trn/lr 1.13e-02
[2022-02-07 17:02:31,038][INFO] [Epoch 140/200] trn/acc1 9.77e-01, trn/loss 9.32e-01, trn/loss_ce 7.40e-02, trn/loss_wd 1.72e+03, trn/lr 1.10e-02
[2022-02-07 17:02:31,132][INFO] [Epoch 140/200] Validation: val/acc1 0.6580, val/loss_ce 1.9273
[2022-02-07 17:02:36,263][INFO] [Epoch 141/200] trn/acc1 9.77e-01, trn/loss 9.20e-01, trn/loss_ce 7.49e-02, trn/loss_wd 1.69e+03, trn/lr 1.06e-02
[2022-02-07 17:02:39,735][INFO] [Epoch 142/200] trn/acc1 9.81e-01, trn/loss 8.95e-01, trn/loss_ce 6.49e-02, trn/loss_wd 1.66e+03, trn/lr 1.03e-02
[2022-02-07 17:02:43,209][INFO] [Epoch 143/200] trn/acc1 9.81e-01, trn/loss 8.81e-01, trn/loss_ce 6.47e-02, trn/loss_wd 1.63e+03, trn/lr 9.98e-03
[2022-02-07 17:02:46,685][INFO] [Epoch 144/200] trn/acc1 9.83e-01, trn/loss 8.60e-01, trn/loss_ce 5.77e-02, trn/loss_wd 1.60e+03, trn/lr 9.66e-03
[2022-02-07 17:02:50,158][INFO] [Epoch 145/200] trn/acc1 9.84e-01, trn/loss 8.41e-01, trn/loss_ce 5.27e-02, trn/loss_wd 1.58e+03, trn/lr 9.35e-03
[2022-02-07 17:02:53,634][INFO] [Epoch 146/200] trn/acc1 9.85e-01, trn/loss 8.28e-01, trn/loss_ce 5.26e-02, trn/loss_wd 1.55e+03, trn/lr 9.03e-03
[2022-02-07 17:02:57,106][INFO] [Epoch 147/200] trn/acc1 9.86e-01, trn/loss 8.11e-01, trn/loss_ce 4.84e-02, trn/loss_wd 1.53e+03, trn/lr 8.73e-03
[2022-02-07 17:03:00,582][INFO] [Epoch 148/200] trn/acc1 9.88e-01, trn/loss 7.94e-01, trn/loss_ce 4.33e-02, trn/loss_wd 1.50e+03, trn/lr 8.42e-03
[2022-02-07 17:03:04,059][INFO] [Epoch 149/200] trn/acc1 9.88e-01, trn/loss 7.81e-01, trn/loss_ce 4.23e-02, trn/loss_wd 1.48e+03, trn/lr 8.12e-03
[2022-02-07 17:03:07,539][INFO] [Epoch 150/200] trn/acc1 9.90e-01, trn/loss 7.61e-01, trn/loss_ce 3.40e-02, trn/loss_wd 1.45e+03, trn/lr 7.83e-03
[2022-02-07 17:03:11,014][INFO] [Epoch 151/200] trn/acc1 9.89e-01, trn/loss 7.52e-01, trn/loss_ce 3.66e-02, trn/loss_wd 1.43e+03, trn/lr 7.54e-03
[2022-02-07 17:03:14,487][INFO] [Epoch 152/200] trn/acc1 9.91e-01, trn/loss 7.36e-01, trn/loss_ce 3.20e-02, trn/loss_wd 1.41e+03, trn/lr 7.25e-03
[2022-02-07 17:03:17,966][INFO] [Epoch 153/200] trn/acc1 9.94e-01, trn/loss 7.15e-01, trn/loss_ce 2.25e-02, trn/loss_wd 1.38e+03, trn/lr 6.97e-03
[2022-02-07 17:03:21,439][INFO] [Epoch 154/200] trn/acc1 9.93e-01, trn/loss 7.08e-01, trn/loss_ce 2.69e-02, trn/loss_wd 1.36e+03, trn/lr 6.69e-03
[2022-02-07 17:03:24,918][INFO] [Epoch 155/200] trn/acc1 9.93e-01, trn/loss 6.95e-01, trn/loss_ce 2.41e-02, trn/loss_wd 1.34e+03, trn/lr 6.42e-03
[2022-02-07 17:03:28,401][INFO] [Epoch 156/200] trn/acc1 9.94e-01, trn/loss 6.84e-01, trn/loss_ce 2.29e-02, trn/loss_wd 1.32e+03, trn/lr 6.15e-03
[2022-02-07 17:03:31,880][INFO] [Epoch 157/200] trn/acc1 9.94e-01, trn/loss 6.74e-01, trn/loss_ce 2.18e-02, trn/loss_wd 1.30e+03, trn/lr 5.89e-03
[2022-02-07 17:03:35,358][INFO] [Epoch 158/200] trn/acc1 9.94e-01, trn/loss 6.64e-01, trn/loss_ce 2.06e-02, trn/loss_wd 1.29e+03, trn/lr 5.64e-03
[2022-02-07 17:03:38,946][INFO] [Epoch 159/200] trn/acc1 9.95e-01, trn/loss 6.54e-01, trn/loss_ce 1.97e-02, trn/loss_wd 1.27e+03, trn/lr 5.38e-03
[2022-02-07 17:03:42,435][INFO] [Epoch 160/200] trn/acc1 9.96e-01, trn/loss 6.43e-01, trn/loss_ce 1.67e-02, trn/loss_wd 1.25e+03, trn/lr 5.14e-03
[2022-02-07 17:03:42,529][INFO] [Epoch 160/200] Validation: val/acc1 0.6638, val/loss_ce 2.0026
[2022-02-07 17:03:47,667][INFO] [Epoch 161/200] trn/acc1 9.96e-01, trn/loss 6.36e-01, trn/loss_ce 1.71e-02, trn/loss_wd 1.24e+03, trn/lr 4.89e-03
[2022-02-07 17:03:51,152][INFO] [Epoch 162/200] trn/acc1 9.97e-01, trn/loss 6.26e-01, trn/loss_ce 1.47e-02, trn/loss_wd 1.22e+03, trn/lr 4.66e-03
[2022-02-07 17:03:54,630][INFO] [Epoch 163/200] trn/acc1 9.97e-01, trn/loss 6.17e-01, trn/loss_ce 1.30e-02, trn/loss_wd 1.21e+03, trn/lr 4.43e-03
[2022-02-07 17:03:58,108][INFO] [Epoch 164/200] trn/acc1 9.97e-01, trn/loss 6.12e-01, trn/loss_ce 1.43e-02, trn/loss_wd 1.20e+03, trn/lr 4.20e-03
[2022-02-07 17:04:01,588][INFO] [Epoch 165/200] trn/acc1 9.97e-01, trn/loss 6.04e-01, trn/loss_ce 1.24e-02, trn/loss_wd 1.18e+03, trn/lr 3.98e-03
[2022-02-07 17:04:05,071][INFO] [Epoch 166/200] trn/acc1 9.97e-01, trn/loss 5.97e-01, trn/loss_ce 1.20e-02, trn/loss_wd 1.17e+03, trn/lr 3.76e-03
[2022-02-07 17:04:08,564][INFO] [Epoch 167/200] trn/acc1 9.98e-01, trn/loss 5.91e-01, trn/loss_ce 1.09e-02, trn/loss_wd 1.16e+03, trn/lr 3.55e-03
[2022-02-07 17:04:12,053][INFO] [Epoch 168/200] trn/acc1 9.98e-01, trn/loss 5.85e-01, trn/loss_ce 1.07e-02, trn/loss_wd 1.15e+03, trn/lr 3.35e-03
[2022-02-07 17:04:15,546][INFO] [Epoch 169/200] trn/acc1 9.98e-01, trn/loss 5.79e-01, trn/loss_ce 9.12e-03, trn/loss_wd 1.14e+03, trn/lr 3.15e-03
[2022-02-07 17:04:19,032][INFO] [Epoch 170/200] trn/acc1 9.98e-01, trn/loss 5.74e-01, trn/loss_ce 9.18e-03, trn/loss_wd 1.13e+03, trn/lr 2.96e-03
[2022-02-07 17:04:22,516][INFO] [Epoch 171/200] trn/acc1 9.99e-01, trn/loss 5.67e-01, trn/loss_ce 7.16e-03, trn/loss_wd 1.12e+03, trn/lr 2.77e-03
[2022-02-07 17:04:26,002][INFO] [Epoch 172/200] trn/acc1 9.98e-01, trn/loss 5.64e-01, trn/loss_ce 8.47e-03, trn/loss_wd 1.11e+03, trn/lr 2.59e-03
[2022-02-07 17:04:29,491][INFO] [Epoch 173/200] trn/acc1 9.99e-01, trn/loss 5.59e-01, trn/loss_ce 7.06e-03, trn/loss_wd 1.10e+03, trn/lr 2.41e-03
[2022-02-07 17:04:32,979][INFO] [Epoch 174/200] trn/acc1 9.98e-01, trn/loss 5.57e-01, trn/loss_ce 8.04e-03, trn/loss_wd 1.10e+03, trn/lr 2.24e-03
[2022-02-07 17:04:36,469][INFO] [Epoch 175/200] trn/acc1 9.99e-01, trn/loss 5.53e-01, trn/loss_ce 7.23e-03, trn/loss_wd 1.09e+03, trn/lr 2.08e-03
[2022-02-07 17:04:39,961][INFO] [Epoch 176/200] trn/acc1 9.99e-01, trn/loss 5.49e-01, trn/loss_ce 6.60e-03, trn/loss_wd 1.08e+03, trn/lr 1.92e-03
[2022-02-07 17:04:43,449][INFO] [Epoch 177/200] trn/acc1 9.99e-01, trn/loss 5.46e-01, trn/loss_ce 6.35e-03, trn/loss_wd 1.08e+03, trn/lr 1.77e-03
[2022-02-07 17:04:46,940][INFO] [Epoch 178/200] trn/acc1 9.98e-01, trn/loss 5.43e-01, trn/loss_ce 6.62e-03, trn/loss_wd 1.07e+03, trn/lr 1.63e-03
[2022-02-07 17:04:50,431][INFO] [Epoch 179/200] trn/acc1 9.99e-01, trn/loss 5.41e-01, trn/loss_ce 6.32e-03, trn/loss_wd 1.07e+03, trn/lr 1.49e-03
[2022-02-07 17:04:53,921][INFO] [Epoch 180/200] trn/acc1 9.99e-01, trn/loss 5.38e-01, trn/loss_ce 5.67e-03, trn/loss_wd 1.06e+03, trn/lr 1.35e-03
[2022-02-07 17:04:54,014][INFO] [Epoch 180/200] Validation: val/acc1 0.6780, val/loss_ce 2.0295
[2022-02-07 17:04:59,165][INFO] [Epoch 181/200] trn/acc1 9.99e-01, trn/loss 5.36e-01, trn/loss_ce 5.38e-03, trn/loss_wd 1.06e+03, trn/lr 1.22e-03
[2022-02-07 17:04:59,259][INFO] [Epoch 181/200] Validation: val/acc1 0.6726, val/loss_ce 2.0588
[2022-02-07 17:05:03,663][INFO] [Epoch 182/200] trn/acc1 9.99e-01, trn/loss 5.34e-01, trn/loss_ce 5.80e-03, trn/loss_wd 1.06e+03, trn/lr 1.10e-03
[2022-02-07 17:05:03,756][INFO] [Epoch 182/200] Validation: val/acc1 0.6722, val/loss_ce 2.0559
[2022-02-07 17:05:08,111][INFO] [Epoch 183/200] trn/acc1 9.99e-01, trn/loss 5.32e-01, trn/loss_ce 5.17e-03, trn/loss_wd 1.05e+03, trn/lr 9.87e-04
[2022-02-07 17:05:08,269][INFO] [Epoch 183/200] Validation: val/acc1 0.6738, val/loss_ce 2.0668
[2022-02-07 17:05:13,459][INFO] [Epoch 184/200] trn/acc1 9.99e-01, trn/loss 5.31e-01, trn/loss_ce 4.95e-03, trn/loss_wd 1.05e+03, trn/lr 8.79e-04
[2022-02-07 17:05:13,552][INFO] [Epoch 184/200] Validation: val/acc1 0.6772, val/loss_ce 2.0738
[2022-02-07 17:05:18,763][INFO] [Epoch 185/200] trn/acc1 9.99e-01, trn/loss 5.29e-01, trn/loss_ce 5.17e-03, trn/loss_wd 1.05e+03, trn/lr 7.76e-04
[2022-02-07 17:05:18,904][INFO] [Epoch 185/200] Validation: val/acc1 0.6760, val/loss_ce 2.0831
[2022-02-07 17:05:23,453][INFO] [Epoch 186/200] trn/acc1 9.99e-01, trn/loss 5.28e-01, trn/loss_ce 4.87e-03, trn/loss_wd 1.05e+03, trn/lr 6.79e-04
[2022-02-07 17:05:23,545][INFO] [Epoch 186/200] Validation: val/acc1 0.6756, val/loss_ce 2.0783
[2022-02-07 17:05:28,343][INFO] [Epoch 187/200] trn/acc1 9.99e-01, trn/loss 5.27e-01, trn/loss_ce 4.58e-03, trn/loss_wd 1.04e+03, trn/lr 5.89e-04
[2022-02-07 17:05:28,435][INFO] [Epoch 187/200] Validation: val/acc1 0.6722, val/loss_ce 2.0942
[2022-02-07 17:05:32,776][INFO] [Epoch 188/200] trn/acc1 9.99e-01, trn/loss 5.26e-01, trn/loss_ce 5.03e-03, trn/loss_wd 1.04e+03, trn/lr 5.06e-04
[2022-02-07 17:05:32,869][INFO] [Epoch 188/200] Validation: val/acc1 0.6724, val/loss_ce 2.0842
[2022-02-07 17:05:37,273][INFO] [Epoch 189/200] trn/acc1 9.99e-01, trn/loss 5.25e-01, trn/loss_ce 4.47e-03, trn/loss_wd 1.04e+03, trn/lr 4.28e-04
[2022-02-07 17:05:37,367][INFO] [Epoch 189/200] Validation: val/acc1 0.6736, val/loss_ce 2.0821
[2022-02-07 17:05:41,838][INFO] [Epoch 190/200] trn/acc1 9.99e-01, trn/loss 5.25e-01, trn/loss_ce 4.56e-03, trn/loss_wd 1.04e+03, trn/lr 3.57e-04
[2022-02-07 17:05:41,931][INFO] [Epoch 190/200] Validation: val/acc1 0.6720, val/loss_ce 2.0968
[2022-02-07 17:05:46,271][INFO] [Epoch 191/200] trn/acc1 1.00e+00, trn/loss 5.24e-01, trn/loss_ce 4.41e-03, trn/loss_wd 1.04e+03, trn/lr 2.93e-04
[2022-02-07 17:05:46,731][INFO] [Epoch 191/200] Validation: val/acc1 0.6714, val/loss_ce 2.0888
[2022-02-07 17:05:51,423][INFO] [Epoch 192/200] trn/acc1 1.00e+00, trn/loss 5.23e-01, trn/loss_ce 4.12e-03, trn/loss_wd 1.04e+03, trn/lr 2.34e-04
[2022-02-07 17:05:51,516][INFO] [Epoch 192/200] Validation: val/acc1 0.6748, val/loss_ce 2.0979
[2022-02-07 17:05:55,850][INFO] [Epoch 193/200] trn/acc1 9.99e-01, trn/loss 5.23e-01, trn/loss_ce 4.59e-03, trn/loss_wd 1.04e+03, trn/lr 1.83e-04
[2022-02-07 17:05:55,944][INFO] [Epoch 193/200] Validation: val/acc1 0.6734, val/loss_ce 2.1009
[2022-02-07 17:06:00,298][INFO] [Epoch 194/200] trn/acc1 9.99e-01, trn/loss 5.23e-01, trn/loss_ce 4.39e-03, trn/loss_wd 1.04e+03, trn/lr 1.37e-04
[2022-02-07 17:06:00,391][INFO] [Epoch 194/200] Validation: val/acc1 0.6762, val/loss_ce 2.0935
[2022-02-07 17:06:04,804][INFO] [Epoch 195/200] trn/acc1 9.99e-01, trn/loss 5.23e-01, trn/loss_ce 4.41e-03, trn/loss_wd 1.04e+03, trn/lr 9.84e-05
[2022-02-07 17:06:04,898][INFO] [Epoch 195/200] Validation: val/acc1 0.6744, val/loss_ce 2.0947
[2022-02-07 17:06:09,240][INFO] [Epoch 196/200] trn/acc1 9.99e-01, trn/loss 5.23e-01, trn/loss_ce 4.17e-03, trn/loss_wd 1.04e+03, trn/lr 6.60e-05
[2022-02-07 17:06:09,333][INFO] [Epoch 196/200] Validation: val/acc1 0.6738, val/loss_ce 2.0962
[2022-02-07 17:06:13,709][INFO] [Epoch 197/200] trn/acc1 9.99e-01, trn/loss 5.23e-01, trn/loss_ce 4.31e-03, trn/loss_wd 1.04e+03, trn/lr 4.00e-05
[2022-02-07 17:06:14,174][INFO] [Epoch 197/200] Validation: val/acc1 0.6732, val/loss_ce 2.0969
[2022-02-07 17:06:18,809][INFO] [Epoch 198/200] trn/acc1 9.99e-01, trn/loss 5.23e-01, trn/loss_ce 4.39e-03, trn/loss_wd 1.04e+03, trn/lr 2.06e-05
[2022-02-07 17:06:18,925][INFO] [Epoch 198/200] Validation: val/acc1 0.6734, val/loss_ce 2.0983
[2022-02-07 17:06:23,255][INFO] [Epoch 199/200] trn/acc1 9.99e-01, trn/loss 5.22e-01, trn/loss_ce 4.17e-03, trn/loss_wd 1.04e+03, trn/lr 7.58e-06
[2022-02-07 17:06:23,383][INFO] [Epoch 199/200] Validation: val/acc1 0.6734, val/loss_ce 2.0977
[2022-02-07 17:06:27,736][INFO] [Epoch 200/200] trn/acc1 1.00e+00, trn/loss 5.22e-01, trn/loss_ce 3.94e-03, trn/loss_wd 1.04e+03, trn/lr 1.09e-06
[2022-02-07 17:06:27,870][INFO] [Epoch 200/200] Validation: val/acc1 0.6734, val/loss_ce 2.0977
