[2022-02-22 14:42:59,812][INFO] Environments:
------------  ---------------------------------------------------------------------------
sys.platform  linux
Python        3.7.11 (default, Nov 23 2021, 05:29:02) [GCC 7.5.0]
JAX           0.2.27 @/mnt/data1/giung/venvs/jax0.2.27/lib/python3.7/site-packages/jax
jaxlib        0.1.75 @/mnt/data1/giung/venvs/jax0.2.27/lib/python3.7/site-packages/jaxlib
Flax          0.4.0 @/mnt/data1/giung/venvs/jax0.2.27/lib/python3.7/site-packages/flax
Optax         0.1.0 @/mnt/data1/giung/venvs/jax0.2.27/lib/python3.7/site-packages/optax
------------  ---------------------------------------------------------------------------

[2022-02-22 14:42:59,812][INFO] Command line arguments:
Namespace(batch_size=128, config_file='./configs/C100_R32x2-BN-ReLU_SGD.yaml', keep_every_n_checkpoints=None, learning_rate=0.1, num_epochs=200, num_warmup_epochs=5, opts=[], output_dir='./outputs/C100_R32x2-BN-ReLU/SGD/s42_e200_wd5e-4/', seed=42, weight_decay=0.0005)

[2022-02-22 14:42:59,813][INFO] Using a random seed 42

[2022-02-22 14:42:59,848][INFO] Unable to initialize backend 'tpu_driver': NOT_FOUND: Unable to find driver in registry given worker: 
[2022-02-22 14:43:00,172][INFO] Unable to initialize backend 'tpu': INVALID_ARGUMENT: TpuPlatform is not available.
[2022-02-22 14:44:28,916][INFO] Found no checkpoint files in outputs/C100_R32x2-BN-ReLU/SGD/s42_e200_wd5e-4
[2022-02-22 14:44:50,999][INFO] [Epoch   1/200] trn/acc1 8.03e-02, trn/loss 5.97e+00, trn/loss_ce 4.24e+00, trn/loss_wd 3.45e+03, trn/lr 9.97e-03
[2022-02-22 14:44:53,509][INFO] [Epoch   1/200] Validation: val/acc1 0.1224, val/loss_ce 3.8520
[2022-02-22 14:45:00,583][INFO] [Epoch   2/200] trn/acc1 1.93e-01, trn/loss 4.96e+00, trn/loss_ce 3.33e+00, trn/loss_wd 3.25e+03, trn/lr 3.00e-02
[2022-02-22 14:45:07,018][INFO] [Epoch   3/200] trn/acc1 2.87e-01, trn/loss 4.28e+00, trn/loss_ce 2.81e+00, trn/loss_wd 2.95e+03, trn/lr 5.00e-02
[2022-02-22 14:45:13,439][INFO] [Epoch   4/200] trn/acc1 3.60e-01, trn/loss 3.73e+00, trn/loss_ce 2.43e+00, trn/loss_wd 2.60e+03, trn/lr 7.00e-02
[2022-02-22 14:45:19,890][INFO] [Epoch   5/200] trn/acc1 4.13e-01, trn/loss 3.32e+00, trn/loss_ce 2.18e+00, trn/loss_wd 2.28e+03, trn/lr 9.00e-02
[2022-02-22 14:45:26,355][INFO] [Epoch   6/200] trn/acc1 4.56e-01, trn/loss 3.00e+00, trn/loss_ce 1.99e+00, trn/loss_wd 2.02e+03, trn/lr 1.00e-01
[2022-02-22 14:45:32,833][INFO] [Epoch   7/200] trn/acc1 4.94e-01, trn/loss 2.74e+00, trn/loss_ce 1.83e+00, trn/loss_wd 1.83e+03, trn/lr 1.00e-01
[2022-02-22 14:45:39,317][INFO] [Epoch   8/200] trn/acc1 5.21e-01, trn/loss 2.57e+00, trn/loss_ce 1.72e+00, trn/loss_wd 1.71e+03, trn/lr 1.00e-01
[2022-02-22 14:45:45,813][INFO] [Epoch   9/200] trn/acc1 5.37e-01, trn/loss 2.47e+00, trn/loss_ce 1.65e+00, trn/loss_wd 1.64e+03, trn/lr 9.99e-02
[2022-02-22 14:45:52,320][INFO] [Epoch  10/200] trn/acc1 5.56e-01, trn/loss 2.38e+00, trn/loss_ce 1.58e+00, trn/loss_wd 1.60e+03, trn/lr 9.99e-02
[2022-02-22 14:45:58,822][INFO] [Epoch  11/200] trn/acc1 5.64e-01, trn/loss 2.33e+00, trn/loss_ce 1.54e+00, trn/loss_wd 1.59e+03, trn/lr 9.98e-02
[2022-02-22 14:46:05,338][INFO] [Epoch  12/200] trn/acc1 5.75e-01, trn/loss 2.28e+00, trn/loss_ce 1.48e+00, trn/loss_wd 1.59e+03, trn/lr 9.97e-02
[2022-02-22 14:46:11,841][INFO] [Epoch  13/200] trn/acc1 5.87e-01, trn/loss 2.25e+00, trn/loss_ce 1.45e+00, trn/loss_wd 1.60e+03, trn/lr 9.96e-02
[2022-02-22 14:46:18,363][INFO] [Epoch  14/200] trn/acc1 5.98e-01, trn/loss 2.23e+00, trn/loss_ce 1.42e+00, trn/loss_wd 1.61e+03, trn/lr 9.95e-02
[2022-02-22 14:46:24,883][INFO] [Epoch  15/200] trn/acc1 6.05e-01, trn/loss 2.20e+00, trn/loss_ce 1.39e+00, trn/loss_wd 1.63e+03, trn/lr 9.94e-02
[2022-02-22 14:46:31,403][INFO] [Epoch  16/200] trn/acc1 6.12e-01, trn/loss 2.18e+00, trn/loss_ce 1.36e+00, trn/loss_wd 1.64e+03, trn/lr 9.93e-02
[2022-02-22 14:46:37,930][INFO] [Epoch  17/200] trn/acc1 6.14e-01, trn/loss 2.17e+00, trn/loss_ce 1.35e+00, trn/loss_wd 1.66e+03, trn/lr 9.91e-02
[2022-02-22 14:46:44,460][INFO] [Epoch  18/200] trn/acc1 6.20e-01, trn/loss 2.17e+00, trn/loss_ce 1.33e+00, trn/loss_wd 1.67e+03, trn/lr 9.90e-02
[2022-02-22 14:46:50,983][INFO] [Epoch  19/200] trn/acc1 6.26e-01, trn/loss 2.15e+00, trn/loss_ce 1.31e+00, trn/loss_wd 1.69e+03, trn/lr 9.88e-02
[2022-02-22 14:46:57,502][INFO] [Epoch  20/200] trn/acc1 6.26e-01, trn/loss 2.15e+00, trn/loss_ce 1.29e+00, trn/loss_wd 1.70e+03, trn/lr 9.86e-02
[2022-02-22 14:46:57,669][INFO] [Epoch  20/200] Validation: val/acc1 0.4978, val/loss_ce 1.9251
[2022-02-22 14:47:05,302][INFO] [Epoch  21/200] trn/acc1 6.30e-01, trn/loss 2.15e+00, trn/loss_ce 1.29e+00, trn/loss_wd 1.72e+03, trn/lr 9.84e-02
[2022-02-22 14:47:11,922][INFO] [Epoch  22/200] trn/acc1 6.35e-01, trn/loss 2.13e+00, trn/loss_ce 1.26e+00, trn/loss_wd 1.73e+03, trn/lr 9.82e-02
[2022-02-22 14:47:18,438][INFO] [Epoch  23/200] trn/acc1 6.38e-01, trn/loss 2.13e+00, trn/loss_ce 1.25e+00, trn/loss_wd 1.75e+03, trn/lr 9.80e-02
[2022-02-22 14:47:24,954][INFO] [Epoch  24/200] trn/acc1 6.42e-01, trn/loss 2.12e+00, trn/loss_ce 1.24e+00, trn/loss_wd 1.76e+03, trn/lr 9.78e-02
[2022-02-22 14:47:31,473][INFO] [Epoch  25/200] trn/acc1 6.47e-01, trn/loss 2.10e+00, trn/loss_ce 1.22e+00, trn/loss_wd 1.77e+03, trn/lr 9.76e-02
[2022-02-22 14:47:37,993][INFO] [Epoch  26/200] trn/acc1 6.49e-01, trn/loss 2.10e+00, trn/loss_ce 1.21e+00, trn/loss_wd 1.78e+03, trn/lr 9.73e-02
[2022-02-22 14:47:44,522][INFO] [Epoch  27/200] trn/acc1 6.49e-01, trn/loss 2.11e+00, trn/loss_ce 1.21e+00, trn/loss_wd 1.79e+03, trn/lr 9.70e-02
[2022-02-22 14:47:51,051][INFO] [Epoch  28/200] trn/acc1 6.58e-01, trn/loss 2.09e+00, trn/loss_ce 1.19e+00, trn/loss_wd 1.80e+03, trn/lr 9.68e-02
[2022-02-22 14:47:57,596][INFO] [Epoch  29/200] trn/acc1 6.57e-01, trn/loss 2.09e+00, trn/loss_ce 1.18e+00, trn/loss_wd 1.81e+03, trn/lr 9.65e-02
[2022-02-22 14:48:04,142][INFO] [Epoch  30/200] trn/acc1 6.59e-01, trn/loss 2.08e+00, trn/loss_ce 1.18e+00, trn/loss_wd 1.81e+03, trn/lr 9.62e-02
[2022-02-22 14:48:10,682][INFO] [Epoch  31/200] trn/acc1 6.58e-01, trn/loss 2.08e+00, trn/loss_ce 1.17e+00, trn/loss_wd 1.82e+03, trn/lr 9.58e-02
[2022-02-22 14:48:17,230][INFO] [Epoch  32/200] trn/acc1 6.63e-01, trn/loss 2.08e+00, trn/loss_ce 1.16e+00, trn/loss_wd 1.83e+03, trn/lr 9.55e-02
[2022-02-22 14:48:23,773][INFO] [Epoch  33/200] trn/acc1 6.63e-01, trn/loss 2.07e+00, trn/loss_ce 1.16e+00, trn/loss_wd 1.84e+03, trn/lr 9.52e-02
[2022-02-22 14:48:30,318][INFO] [Epoch  34/200] trn/acc1 6.65e-01, trn/loss 2.07e+00, trn/loss_ce 1.15e+00, trn/loss_wd 1.85e+03, trn/lr 9.48e-02
[2022-02-22 14:48:36,855][INFO] [Epoch  35/200] trn/acc1 6.68e-01, trn/loss 2.06e+00, trn/loss_ce 1.13e+00, trn/loss_wd 1.85e+03, trn/lr 9.45e-02
[2022-02-22 14:48:43,397][INFO] [Epoch  36/200] trn/acc1 6.67e-01, trn/loss 2.07e+00, trn/loss_ce 1.14e+00, trn/loss_wd 1.85e+03, trn/lr 9.41e-02
[2022-02-22 14:48:49,933][INFO] [Epoch  37/200] trn/acc1 6.72e-01, trn/loss 2.05e+00, trn/loss_ce 1.13e+00, trn/loss_wd 1.85e+03, trn/lr 9.37e-02
[2022-02-22 14:48:56,476][INFO] [Epoch  38/200] trn/acc1 6.72e-01, trn/loss 2.05e+00, trn/loss_ce 1.12e+00, trn/loss_wd 1.86e+03, trn/lr 9.33e-02
[2022-02-22 14:49:03,023][INFO] [Epoch  39/200] trn/acc1 6.75e-01, trn/loss 2.04e+00, trn/loss_ce 1.11e+00, trn/loss_wd 1.86e+03, trn/lr 9.29e-02
[2022-02-22 14:49:09,570][INFO] [Epoch  40/200] trn/acc1 6.74e-01, trn/loss 2.05e+00, trn/loss_ce 1.12e+00, trn/loss_wd 1.87e+03, trn/lr 9.25e-02
[2022-02-22 14:49:09,739][INFO] [Epoch  40/200] Validation: val/acc1 0.5514, val/loss_ce 1.7072
[2022-02-22 14:49:16,854][INFO] [Epoch  41/200] trn/acc1 6.76e-01, trn/loss 2.05e+00, trn/loss_ce 1.11e+00, trn/loss_wd 1.87e+03, trn/lr 9.20e-02
[2022-02-22 14:49:23,392][INFO] [Epoch  42/200] trn/acc1 6.78e-01, trn/loss 2.03e+00, trn/loss_ce 1.10e+00, trn/loss_wd 1.87e+03, trn/lr 9.16e-02
[2022-02-22 14:49:30,028][INFO] [Epoch  43/200] trn/acc1 6.81e-01, trn/loss 2.03e+00, trn/loss_ce 1.09e+00, trn/loss_wd 1.87e+03, trn/lr 9.11e-02
[2022-02-22 14:49:36,586][INFO] [Epoch  44/200] trn/acc1 6.80e-01, trn/loss 2.02e+00, trn/loss_ce 1.09e+00, trn/loss_wd 1.88e+03, trn/lr 9.07e-02
[2022-02-22 14:49:43,140][INFO] [Epoch  45/200] trn/acc1 6.86e-01, trn/loss 2.02e+00, trn/loss_ce 1.08e+00, trn/loss_wd 1.88e+03, trn/lr 9.02e-02
[2022-02-22 14:49:49,698][INFO] [Epoch  46/200] trn/acc1 6.86e-01, trn/loss 2.01e+00, trn/loss_ce 1.07e+00, trn/loss_wd 1.88e+03, trn/lr 8.97e-02
[2022-02-22 14:49:56,243][INFO] [Epoch  47/200] trn/acc1 6.87e-01, trn/loss 2.01e+00, trn/loss_ce 1.07e+00, trn/loss_wd 1.88e+03, trn/lr 8.92e-02
[2022-02-22 14:50:02,828][INFO] [Epoch  48/200] trn/acc1 6.85e-01, trn/loss 2.00e+00, trn/loss_ce 1.06e+00, trn/loss_wd 1.88e+03, trn/lr 8.87e-02
[2022-02-22 14:50:09,400][INFO] [Epoch  49/200] trn/acc1 6.89e-01, trn/loss 2.00e+00, trn/loss_ce 1.06e+00, trn/loss_wd 1.88e+03, trn/lr 8.82e-02
[2022-02-22 14:50:15,958][INFO] [Epoch  50/200] trn/acc1 6.93e-01, trn/loss 1.99e+00, trn/loss_ce 1.05e+00, trn/loss_wd 1.88e+03, trn/lr 8.77e-02
[2022-02-22 14:50:22,528][INFO] [Epoch  51/200] trn/acc1 6.92e-01, trn/loss 1.99e+00, trn/loss_ce 1.05e+00, trn/loss_wd 1.88e+03, trn/lr 8.72e-02
[2022-02-22 14:50:29,090][INFO] [Epoch  52/200] trn/acc1 6.95e-01, trn/loss 1.98e+00, trn/loss_ce 1.04e+00, trn/loss_wd 1.88e+03, trn/lr 8.66e-02
[2022-02-22 14:50:35,652][INFO] [Epoch  53/200] trn/acc1 6.96e-01, trn/loss 1.97e+00, trn/loss_ce 1.03e+00, trn/loss_wd 1.88e+03, trn/lr 8.61e-02
[2022-02-22 14:50:42,212][INFO] [Epoch  54/200] trn/acc1 6.94e-01, trn/loss 1.97e+00, trn/loss_ce 1.03e+00, trn/loss_wd 1.88e+03, trn/lr 8.55e-02
[2022-02-22 14:50:48,767][INFO] [Epoch  55/200] trn/acc1 6.98e-01, trn/loss 1.97e+00, trn/loss_ce 1.03e+00, trn/loss_wd 1.88e+03, trn/lr 8.49e-02
[2022-02-22 14:50:55,333][INFO] [Epoch  56/200] trn/acc1 7.00e-01, trn/loss 1.96e+00, trn/loss_ce 1.02e+00, trn/loss_wd 1.88e+03, trn/lr 8.43e-02
[2022-02-22 14:51:01,895][INFO] [Epoch  57/200] trn/acc1 7.05e-01, trn/loss 1.95e+00, trn/loss_ce 1.01e+00, trn/loss_wd 1.88e+03, trn/lr 8.38e-02
[2022-02-22 14:51:08,460][INFO] [Epoch  58/200] trn/acc1 7.04e-01, trn/loss 1.94e+00, trn/loss_ce 1.00e+00, trn/loss_wd 1.88e+03, trn/lr 8.32e-02
[2022-02-22 14:51:15,008][INFO] [Epoch  59/200] trn/acc1 7.03e-01, trn/loss 1.94e+00, trn/loss_ce 9.99e-01, trn/loss_wd 1.88e+03, trn/lr 8.25e-02
[2022-02-22 14:51:21,554][INFO] [Epoch  60/200] trn/acc1 7.07e-01, trn/loss 1.93e+00, trn/loss_ce 9.95e-01, trn/loss_wd 1.88e+03, trn/lr 8.19e-02
[2022-02-22 14:51:21,722][INFO] [Epoch  60/200] Validation: val/acc1 0.5828, val/loss_ce 1.5842
[2022-02-22 14:51:29,806][INFO] [Epoch  61/200] trn/acc1 7.10e-01, trn/loss 1.92e+00, trn/loss_ce 9.85e-01, trn/loss_wd 1.88e+03, trn/lr 8.13e-02
[2022-02-22 14:51:36,375][INFO] [Epoch  62/200] trn/acc1 7.12e-01, trn/loss 1.91e+00, trn/loss_ce 9.77e-01, trn/loss_wd 1.87e+03, trn/lr 8.07e-02
[2022-02-22 14:51:42,937][INFO] [Epoch  63/200] trn/acc1 7.11e-01, trn/loss 1.92e+00, trn/loss_ce 9.79e-01, trn/loss_wd 1.87e+03, trn/lr 8.00e-02
[2022-02-22 14:51:49,581][INFO] [Epoch  64/200] trn/acc1 7.12e-01, trn/loss 1.91e+00, trn/loss_ce 9.75e-01, trn/loss_wd 1.87e+03, trn/lr 7.94e-02
[2022-02-22 14:51:56,130][INFO] [Epoch  65/200] trn/acc1 7.16e-01, trn/loss 1.90e+00, trn/loss_ce 9.64e-01, trn/loss_wd 1.88e+03, trn/lr 7.87e-02
[2022-02-22 14:52:02,704][INFO] [Epoch  66/200] trn/acc1 7.13e-01, trn/loss 1.90e+00, trn/loss_ce 9.64e-01, trn/loss_wd 1.87e+03, trn/lr 7.81e-02
[2022-02-22 14:52:09,258][INFO] [Epoch  67/200] trn/acc1 7.19e-01, trn/loss 1.89e+00, trn/loss_ce 9.50e-01, trn/loss_wd 1.87e+03, trn/lr 7.74e-02
[2022-02-22 14:52:15,806][INFO] [Epoch  68/200] trn/acc1 7.19e-01, trn/loss 1.88e+00, trn/loss_ce 9.43e-01, trn/loss_wd 1.87e+03, trn/lr 7.67e-02
[2022-02-22 14:52:22,357][INFO] [Epoch  69/200] trn/acc1 7.24e-01, trn/loss 1.87e+00, trn/loss_ce 9.34e-01, trn/loss_wd 1.86e+03, trn/lr 7.60e-02
[2022-02-22 14:52:28,919][INFO] [Epoch  70/200] trn/acc1 7.20e-01, trn/loss 1.87e+00, trn/loss_ce 9.41e-01, trn/loss_wd 1.86e+03, trn/lr 7.53e-02
[2022-02-22 14:52:35,469][INFO] [Epoch  71/200] trn/acc1 7.23e-01, trn/loss 1.86e+00, trn/loss_ce 9.33e-01, trn/loss_wd 1.86e+03, trn/lr 7.47e-02
[2022-02-22 14:52:42,020][INFO] [Epoch  72/200] trn/acc1 7.27e-01, trn/loss 1.84e+00, trn/loss_ce 9.13e-01, trn/loss_wd 1.85e+03, trn/lr 7.39e-02
[2022-02-22 14:52:48,568][INFO] [Epoch  73/200] trn/acc1 7.29e-01, trn/loss 1.84e+00, trn/loss_ce 9.12e-01, trn/loss_wd 1.85e+03, trn/lr 7.32e-02
[2022-02-22 14:52:55,125][INFO] [Epoch  74/200] trn/acc1 7.29e-01, trn/loss 1.84e+00, trn/loss_ce 9.13e-01, trn/loss_wd 1.85e+03, trn/lr 7.25e-02
[2022-02-22 14:53:01,669][INFO] [Epoch  75/200] trn/acc1 7.32e-01, trn/loss 1.83e+00, trn/loss_ce 9.05e-01, trn/loss_wd 1.85e+03, trn/lr 7.18e-02
[2022-02-22 14:53:08,217][INFO] [Epoch  76/200] trn/acc1 7.35e-01, trn/loss 1.82e+00, trn/loss_ce 8.90e-01, trn/loss_wd 1.86e+03, trn/lr 7.11e-02
[2022-02-22 14:53:14,766][INFO] [Epoch  77/200] trn/acc1 7.33e-01, trn/loss 1.82e+00, trn/loss_ce 8.92e-01, trn/loss_wd 1.85e+03, trn/lr 7.03e-02
[2022-02-22 14:53:21,319][INFO] [Epoch  78/200] trn/acc1 7.37e-01, trn/loss 1.80e+00, trn/loss_ce 8.80e-01, trn/loss_wd 1.84e+03, trn/lr 6.96e-02
[2022-02-22 14:53:27,855][INFO] [Epoch  79/200] trn/acc1 7.38e-01, trn/loss 1.80e+00, trn/loss_ce 8.82e-01, trn/loss_wd 1.84e+03, trn/lr 6.89e-02
[2022-02-22 14:53:34,399][INFO] [Epoch  80/200] trn/acc1 7.40e-01, trn/loss 1.79e+00, trn/loss_ce 8.69e-01, trn/loss_wd 1.84e+03, trn/lr 6.81e-02
[2022-02-22 14:53:34,568][INFO] [Epoch  80/200] Validation: val/acc1 0.5958, val/loss_ce 1.5778
[2022-02-22 14:53:42,007][INFO] [Epoch  81/200] trn/acc1 7.42e-01, trn/loss 1.78e+00, trn/loss_ce 8.64e-01, trn/loss_wd 1.84e+03, trn/lr 6.74e-02
[2022-02-22 14:53:48,542][INFO] [Epoch  82/200] trn/acc1 7.46e-01, trn/loss 1.77e+00, trn/loss_ce 8.54e-01, trn/loss_wd 1.84e+03, trn/lr 6.66e-02
[2022-02-22 14:53:55,087][INFO] [Epoch  83/200] trn/acc1 7.45e-01, trn/loss 1.76e+00, trn/loss_ce 8.47e-01, trn/loss_wd 1.83e+03, trn/lr 6.58e-02
[2022-02-22 14:54:01,636][INFO] [Epoch  84/200] trn/acc1 7.48e-01, trn/loss 1.76e+00, trn/loss_ce 8.43e-01, trn/loss_wd 1.83e+03, trn/lr 6.51e-02
[2022-02-22 14:54:08,277][INFO] [Epoch  85/200] trn/acc1 7.48e-01, trn/loss 1.75e+00, trn/loss_ce 8.34e-01, trn/loss_wd 1.82e+03, trn/lr 6.43e-02
[2022-02-22 14:54:14,827][INFO] [Epoch  86/200] trn/acc1 7.52e-01, trn/loss 1.74e+00, trn/loss_ce 8.30e-01, trn/loss_wd 1.82e+03, trn/lr 6.35e-02
[2022-02-22 14:54:21,368][INFO] [Epoch  87/200] trn/acc1 7.54e-01, trn/loss 1.74e+00, trn/loss_ce 8.29e-01, trn/loss_wd 1.82e+03, trn/lr 6.27e-02
[2022-02-22 14:54:27,908][INFO] [Epoch  88/200] trn/acc1 7.56e-01, trn/loss 1.72e+00, trn/loss_ce 8.16e-01, trn/loss_wd 1.82e+03, trn/lr 6.20e-02
[2022-02-22 14:54:34,440][INFO] [Epoch  89/200] trn/acc1 7.58e-01, trn/loss 1.71e+00, trn/loss_ce 8.05e-01, trn/loss_wd 1.81e+03, trn/lr 6.12e-02
[2022-02-22 14:54:40,981][INFO] [Epoch  90/200] trn/acc1 7.61e-01, trn/loss 1.70e+00, trn/loss_ce 7.98e-01, trn/loss_wd 1.80e+03, trn/lr 6.04e-02
[2022-02-22 14:54:47,534][INFO] [Epoch  91/200] trn/acc1 7.59e-01, trn/loss 1.70e+00, trn/loss_ce 7.99e-01, trn/loss_wd 1.80e+03, trn/lr 5.96e-02
[2022-02-22 14:54:54,075][INFO] [Epoch  92/200] trn/acc1 7.61e-01, trn/loss 1.69e+00, trn/loss_ce 7.89e-01, trn/loss_wd 1.80e+03, trn/lr 5.88e-02
[2022-02-22 14:55:00,612][INFO] [Epoch  93/200] trn/acc1 7.68e-01, trn/loss 1.67e+00, trn/loss_ce 7.72e-01, trn/loss_wd 1.79e+03, trn/lr 5.80e-02
[2022-02-22 14:55:07,146][INFO] [Epoch  94/200] trn/acc1 7.67e-01, trn/loss 1.66e+00, trn/loss_ce 7.70e-01, trn/loss_wd 1.78e+03, trn/lr 5.72e-02
[2022-02-22 14:55:13,687][INFO] [Epoch  95/200] trn/acc1 7.70e-01, trn/loss 1.65e+00, trn/loss_ce 7.61e-01, trn/loss_wd 1.78e+03, trn/lr 5.64e-02
[2022-02-22 14:55:20,231][INFO] [Epoch  96/200] trn/acc1 7.71e-01, trn/loss 1.65e+00, trn/loss_ce 7.59e-01, trn/loss_wd 1.78e+03, trn/lr 5.56e-02
[2022-02-22 14:55:26,762][INFO] [Epoch  97/200] trn/acc1 7.74e-01, trn/loss 1.64e+00, trn/loss_ce 7.48e-01, trn/loss_wd 1.77e+03, trn/lr 5.48e-02
[2022-02-22 14:55:33,306][INFO] [Epoch  98/200] trn/acc1 7.79e-01, trn/loss 1.62e+00, trn/loss_ce 7.35e-01, trn/loss_wd 1.77e+03, trn/lr 5.40e-02
[2022-02-22 14:55:39,851][INFO] [Epoch  99/200] trn/acc1 7.82e-01, trn/loss 1.60e+00, trn/loss_ce 7.21e-01, trn/loss_wd 1.76e+03, trn/lr 5.32e-02
[2022-02-22 14:55:46,395][INFO] [Epoch 100/200] trn/acc1 7.82e-01, trn/loss 1.60e+00, trn/loss_ce 7.21e-01, trn/loss_wd 1.76e+03, trn/lr 5.24e-02
[2022-02-22 14:55:46,562][INFO] [Epoch 100/200] Validation: val/acc1 0.6204, val/loss_ce 1.4797
[2022-02-22 14:55:53,993][INFO] [Epoch 101/200] trn/acc1 7.83e-01, trn/loss 1.59e+00, trn/loss_ce 7.17e-01, trn/loss_wd 1.75e+03, trn/lr 5.16e-02
[2022-02-22 14:56:00,538][INFO] [Epoch 102/200] trn/acc1 7.85e-01, trn/loss 1.58e+00, trn/loss_ce 7.09e-01, trn/loss_wd 1.75e+03, trn/lr 5.08e-02
[2022-02-22 14:56:07,081][INFO] [Epoch 103/200] trn/acc1 7.92e-01, trn/loss 1.56e+00, trn/loss_ce 6.91e-01, trn/loss_wd 1.74e+03, trn/lr 5.00e-02
[2022-02-22 14:56:13,624][INFO] [Epoch 104/200] trn/acc1 7.90e-01, trn/loss 1.56e+00, trn/loss_ce 6.91e-01, trn/loss_wd 1.74e+03, trn/lr 4.92e-02
[2022-02-22 14:56:20,162][INFO] [Epoch 105/200] trn/acc1 7.96e-01, trn/loss 1.54e+00, trn/loss_ce 6.76e-01, trn/loss_wd 1.73e+03, trn/lr 4.84e-02
[2022-02-22 14:56:26,813][INFO] [Epoch 106/200] trn/acc1 7.95e-01, trn/loss 1.54e+00, trn/loss_ce 6.73e-01, trn/loss_wd 1.73e+03, trn/lr 4.76e-02
[2022-02-22 14:56:33,361][INFO] [Epoch 107/200] trn/acc1 7.98e-01, trn/loss 1.52e+00, trn/loss_ce 6.62e-01, trn/loss_wd 1.73e+03, trn/lr 4.68e-02
[2022-02-22 14:56:39,907][INFO] [Epoch 108/200] trn/acc1 8.02e-01, trn/loss 1.51e+00, trn/loss_ce 6.52e-01, trn/loss_wd 1.72e+03, trn/lr 4.60e-02
[2022-02-22 14:56:46,454][INFO] [Epoch 109/200] trn/acc1 8.08e-01, trn/loss 1.49e+00, trn/loss_ce 6.33e-01, trn/loss_wd 1.71e+03, trn/lr 4.52e-02
[2022-02-22 14:56:53,001][INFO] [Epoch 110/200] trn/acc1 8.07e-01, trn/loss 1.49e+00, trn/loss_ce 6.37e-01, trn/loss_wd 1.70e+03, trn/lr 4.44e-02
[2022-02-22 14:56:59,558][INFO] [Epoch 111/200] trn/acc1 8.11e-01, trn/loss 1.47e+00, trn/loss_ce 6.18e-01, trn/loss_wd 1.70e+03, trn/lr 4.36e-02
[2022-02-22 14:57:06,103][INFO] [Epoch 112/200] trn/acc1 8.12e-01, trn/loss 1.46e+00, trn/loss_ce 6.13e-01, trn/loss_wd 1.69e+03, trn/lr 4.28e-02
[2022-02-22 14:57:12,648][INFO] [Epoch 113/200] trn/acc1 8.13e-01, trn/loss 1.45e+00, trn/loss_ce 6.05e-01, trn/loss_wd 1.68e+03, trn/lr 4.20e-02
[2022-02-22 14:57:19,198][INFO] [Epoch 114/200] trn/acc1 8.18e-01, trn/loss 1.43e+00, trn/loss_ce 5.93e-01, trn/loss_wd 1.68e+03, trn/lr 4.12e-02
[2022-02-22 14:57:25,755][INFO] [Epoch 115/200] trn/acc1 8.20e-01, trn/loss 1.42e+00, trn/loss_ce 5.82e-01, trn/loss_wd 1.67e+03, trn/lr 4.04e-02
[2022-02-22 14:57:32,316][INFO] [Epoch 116/200] trn/acc1 8.22e-01, trn/loss 1.41e+00, trn/loss_ce 5.80e-01, trn/loss_wd 1.67e+03, trn/lr 3.96e-02
[2022-02-22 14:57:38,855][INFO] [Epoch 117/200] trn/acc1 8.24e-01, trn/loss 1.40e+00, trn/loss_ce 5.74e-01, trn/loss_wd 1.66e+03, trn/lr 3.88e-02
[2022-02-22 14:57:45,401][INFO] [Epoch 118/200] trn/acc1 8.30e-01, trn/loss 1.38e+00, trn/loss_ce 5.53e-01, trn/loss_wd 1.65e+03, trn/lr 3.80e-02
[2022-02-22 14:57:51,946][INFO] [Epoch 119/200] trn/acc1 8.33e-01, trn/loss 1.37e+00, trn/loss_ce 5.50e-01, trn/loss_wd 1.64e+03, trn/lr 3.73e-02
[2022-02-22 14:57:58,496][INFO] [Epoch 120/200] trn/acc1 8.34e-01, trn/loss 1.36e+00, trn/loss_ce 5.38e-01, trn/loss_wd 1.64e+03, trn/lr 3.65e-02
[2022-02-22 14:57:58,664][INFO] [Epoch 120/200] Validation: val/acc1 0.6594, val/loss_ce 1.3381
[2022-02-22 14:58:06,154][INFO] [Epoch 121/200] trn/acc1 8.37e-01, trn/loss 1.34e+00, trn/loss_ce 5.28e-01, trn/loss_wd 1.63e+03, trn/lr 3.57e-02
[2022-02-22 14:58:12,702][INFO] [Epoch 122/200] trn/acc1 8.42e-01, trn/loss 1.32e+00, trn/loss_ce 5.07e-01, trn/loss_wd 1.62e+03, trn/lr 3.49e-02
[2022-02-22 14:58:19,249][INFO] [Epoch 123/200] trn/acc1 8.44e-01, trn/loss 1.31e+00, trn/loss_ce 5.04e-01, trn/loss_wd 1.61e+03, trn/lr 3.42e-02
[2022-02-22 14:58:25,813][INFO] [Epoch 124/200] trn/acc1 8.46e-01, trn/loss 1.29e+00, trn/loss_ce 4.91e-01, trn/loss_wd 1.60e+03, trn/lr 3.34e-02
[2022-02-22 14:58:32,357][INFO] [Epoch 125/200] trn/acc1 8.51e-01, trn/loss 1.28e+00, trn/loss_ce 4.87e-01, trn/loss_wd 1.59e+03, trn/lr 3.26e-02
[2022-02-22 14:58:38,999][INFO] [Epoch 126/200] trn/acc1 8.55e-01, trn/loss 1.26e+00, trn/loss_ce 4.68e-01, trn/loss_wd 1.58e+03, trn/lr 3.19e-02
[2022-02-22 14:58:45,554][INFO] [Epoch 127/200] trn/acc1 8.58e-01, trn/loss 1.25e+00, trn/loss_ce 4.61e-01, trn/loss_wd 1.57e+03, trn/lr 3.11e-02
[2022-02-22 14:58:52,102][INFO] [Epoch 128/200] trn/acc1 8.61e-01, trn/loss 1.22e+00, trn/loss_ce 4.45e-01, trn/loss_wd 1.56e+03, trn/lr 3.04e-02
[2022-02-22 14:58:58,658][INFO] [Epoch 129/200] trn/acc1 8.62e-01, trn/loss 1.22e+00, trn/loss_ce 4.42e-01, trn/loss_wd 1.55e+03, trn/lr 2.97e-02
[2022-02-22 14:59:05,213][INFO] [Epoch 130/200] trn/acc1 8.70e-01, trn/loss 1.19e+00, trn/loss_ce 4.25e-01, trn/loss_wd 1.54e+03, trn/lr 2.89e-02
[2022-02-22 14:59:11,764][INFO] [Epoch 131/200] trn/acc1 8.71e-01, trn/loss 1.18e+00, trn/loss_ce 4.15e-01, trn/loss_wd 1.53e+03, trn/lr 2.82e-02
[2022-02-22 14:59:18,306][INFO] [Epoch 132/200] trn/acc1 8.74e-01, trn/loss 1.17e+00, trn/loss_ce 4.10e-01, trn/loss_wd 1.51e+03, trn/lr 2.75e-02
[2022-02-22 14:59:24,856][INFO] [Epoch 133/200] trn/acc1 8.75e-01, trn/loss 1.15e+00, trn/loss_ce 4.01e-01, trn/loss_wd 1.51e+03, trn/lr 2.68e-02
[2022-02-22 14:59:31,417][INFO] [Epoch 134/200] trn/acc1 8.83e-01, trn/loss 1.13e+00, trn/loss_ce 3.84e-01, trn/loss_wd 1.49e+03, trn/lr 2.61e-02
[2022-02-22 14:59:37,963][INFO] [Epoch 135/200] trn/acc1 8.86e-01, trn/loss 1.11e+00, trn/loss_ce 3.71e-01, trn/loss_wd 1.48e+03, trn/lr 2.54e-02
[2022-02-22 14:59:44,503][INFO] [Epoch 136/200] trn/acc1 8.87e-01, trn/loss 1.10e+00, trn/loss_ce 3.64e-01, trn/loss_wd 1.47e+03, trn/lr 2.47e-02
[2022-02-22 14:59:51,039][INFO] [Epoch 137/200] trn/acc1 8.95e-01, trn/loss 1.07e+00, trn/loss_ce 3.44e-01, trn/loss_wd 1.46e+03, trn/lr 2.40e-02
[2022-02-22 14:59:57,583][INFO] [Epoch 138/200] trn/acc1 8.94e-01, trn/loss 1.06e+00, trn/loss_ce 3.38e-01, trn/loss_wd 1.44e+03, trn/lr 2.33e-02
[2022-02-22 15:00:04,129][INFO] [Epoch 139/200] trn/acc1 9.01e-01, trn/loss 1.04e+00, trn/loss_ce 3.25e-01, trn/loss_wd 1.43e+03, trn/lr 2.26e-02
[2022-02-22 15:00:10,670][INFO] [Epoch 140/200] trn/acc1 9.05e-01, trn/loss 1.02e+00, trn/loss_ce 3.11e-01, trn/loss_wd 1.41e+03, trn/lr 2.19e-02
[2022-02-22 15:00:10,838][INFO] [Epoch 140/200] Validation: val/acc1 0.6736, val/loss_ce 1.3143
[2022-02-22 15:00:17,939][INFO] [Epoch 141/200] trn/acc1 9.06e-01, trn/loss 1.01e+00, trn/loss_ce 3.08e-01, trn/loss_wd 1.40e+03, trn/lr 2.13e-02
[2022-02-22 15:00:24,513][INFO] [Epoch 142/200] trn/acc1 9.12e-01, trn/loss 9.83e-01, trn/loss_ce 2.91e-01, trn/loss_wd 1.38e+03, trn/lr 2.06e-02
[2022-02-22 15:00:31,059][INFO] [Epoch 143/200] trn/acc1 9.17e-01, trn/loss 9.57e-01, trn/loss_ce 2.73e-01, trn/loss_wd 1.37e+03, trn/lr 2.00e-02
[2022-02-22 15:00:37,605][INFO] [Epoch 144/200] trn/acc1 9.16e-01, trn/loss 9.54e-01, trn/loss_ce 2.77e-01, trn/loss_wd 1.35e+03, trn/lr 1.93e-02
[2022-02-22 15:00:44,155][INFO] [Epoch 145/200] trn/acc1 9.23e-01, trn/loss 9.28e-01, trn/loss_ce 2.58e-01, trn/loss_wd 1.34e+03, trn/lr 1.87e-02
[2022-02-22 15:00:51,002][INFO] [Epoch 146/200] trn/acc1 9.23e-01, trn/loss 9.14e-01, trn/loss_ce 2.52e-01, trn/loss_wd 1.32e+03, trn/lr 1.81e-02
[2022-02-22 15:00:57,548][INFO] [Epoch 147/200] trn/acc1 9.29e-01, trn/loss 8.87e-01, trn/loss_ce 2.32e-01, trn/loss_wd 1.31e+03, trn/lr 1.75e-02
[2022-02-22 15:01:04,096][INFO] [Epoch 148/200] trn/acc1 9.33e-01, trn/loss 8.72e-01, trn/loss_ce 2.25e-01, trn/loss_wd 1.29e+03, trn/lr 1.68e-02
[2022-02-22 15:01:10,642][INFO] [Epoch 149/200] trn/acc1 9.36e-01, trn/loss 8.56e-01, trn/loss_ce 2.18e-01, trn/loss_wd 1.28e+03, trn/lr 1.62e-02
[2022-02-22 15:01:17,195][INFO] [Epoch 150/200] trn/acc1 9.41e-01, trn/loss 8.33e-01, trn/loss_ce 2.03e-01, trn/loss_wd 1.26e+03, trn/lr 1.57e-02
[2022-02-22 15:01:23,755][INFO] [Epoch 151/200] trn/acc1 9.45e-01, trn/loss 8.11e-01, trn/loss_ce 1.90e-01, trn/loss_wd 1.24e+03, trn/lr 1.51e-02
[2022-02-22 15:01:30,297][INFO] [Epoch 152/200] trn/acc1 9.50e-01, trn/loss 7.89e-01, trn/loss_ce 1.77e-01, trn/loss_wd 1.22e+03, trn/lr 1.45e-02
[2022-02-22 15:01:36,839][INFO] [Epoch 153/200] trn/acc1 9.54e-01, trn/loss 7.66e-01, trn/loss_ce 1.62e-01, trn/loss_wd 1.21e+03, trn/lr 1.39e-02
[2022-02-22 15:01:43,390][INFO] [Epoch 154/200] trn/acc1 9.59e-01, trn/loss 7.45e-01, trn/loss_ce 1.51e-01, trn/loss_wd 1.19e+03, trn/lr 1.34e-02
[2022-02-22 15:01:49,940][INFO] [Epoch 155/200] trn/acc1 9.61e-01, trn/loss 7.26e-01, trn/loss_ce 1.43e-01, trn/loss_wd 1.17e+03, trn/lr 1.28e-02
[2022-02-22 15:01:56,484][INFO] [Epoch 156/200] trn/acc1 9.65e-01, trn/loss 7.05e-01, trn/loss_ce 1.31e-01, trn/loss_wd 1.15e+03, trn/lr 1.23e-02
[2022-02-22 15:02:03,031][INFO] [Epoch 157/200] trn/acc1 9.68e-01, trn/loss 6.84e-01, trn/loss_ce 1.19e-01, trn/loss_wd 1.13e+03, trn/lr 1.18e-02
[2022-02-22 15:02:09,609][INFO] [Epoch 158/200] trn/acc1 9.69e-01, trn/loss 6.75e-01, trn/loss_ce 1.20e-01, trn/loss_wd 1.11e+03, trn/lr 1.13e-02
[2022-02-22 15:02:16,151][INFO] [Epoch 159/200] trn/acc1 9.74e-01, trn/loss 6.53e-01, trn/loss_ce 1.07e-01, trn/loss_wd 1.09e+03, trn/lr 1.08e-02
[2022-02-22 15:02:22,715][INFO] [Epoch 160/200] trn/acc1 9.80e-01, trn/loss 6.23e-01, trn/loss_ce 8.65e-02, trn/loss_wd 1.07e+03, trn/lr 1.03e-02
[2022-02-22 15:02:22,883][INFO] [Epoch 160/200] Validation: val/acc1 0.7154, val/loss_ce 1.2317
[2022-02-22 15:02:30,401][INFO] [Epoch 161/200] trn/acc1 9.80e-01, trn/loss 6.13e-01, trn/loss_ce 8.58e-02, trn/loss_wd 1.05e+03, trn/lr 9.79e-03
[2022-02-22 15:02:36,948][INFO] [Epoch 162/200] trn/acc1 9.83e-01, trn/loss 5.94e-01, trn/loss_ce 7.71e-02, trn/loss_wd 1.03e+03, trn/lr 9.31e-03
[2022-02-22 15:02:43,501][INFO] [Epoch 163/200] trn/acc1 9.86e-01, trn/loss 5.76e-01, trn/loss_ce 6.77e-02, trn/loss_wd 1.02e+03, trn/lr 8.85e-03
[2022-02-22 15:02:50,050][INFO] [Epoch 164/200] trn/acc1 9.89e-01, trn/loss 5.58e-01, trn/loss_ce 5.88e-02, trn/loss_wd 9.98e+02, trn/lr 8.40e-03
[2022-02-22 15:02:56,591][INFO] [Epoch 165/200] trn/acc1 9.90e-01, trn/loss 5.43e-01, trn/loss_ce 5.29e-02, trn/loss_wd 9.80e+02, trn/lr 7.96e-03
[2022-02-22 15:03:03,130][INFO] [Epoch 166/200] trn/acc1 9.93e-01, trn/loss 5.27e-01, trn/loss_ce 4.55e-02, trn/loss_wd 9.63e+02, trn/lr 7.53e-03
[2022-02-22 15:03:09,767][INFO] [Epoch 167/200] trn/acc1 9.92e-01, trn/loss 5.18e-01, trn/loss_ce 4.53e-02, trn/loss_wd 9.46e+02, trn/lr 7.11e-03
[2022-02-22 15:03:16,315][INFO] [Epoch 168/200] trn/acc1 9.94e-01, trn/loss 5.06e-01, trn/loss_ce 4.08e-02, trn/loss_wd 9.30e+02, trn/lr 6.70e-03
[2022-02-22 15:03:22,866][INFO] [Epoch 169/200] trn/acc1 9.95e-01, trn/loss 4.95e-01, trn/loss_ce 3.67e-02, trn/loss_wd 9.16e+02, trn/lr 6.30e-03
[2022-02-22 15:03:29,404][INFO] [Epoch 170/200] trn/acc1 9.96e-01, trn/loss 4.84e-01, trn/loss_ce 3.31e-02, trn/loss_wd 9.02e+02, trn/lr 5.92e-03
[2022-02-22 15:03:35,944][INFO] [Epoch 171/200] trn/acc1 9.97e-01, trn/loss 4.73e-01, trn/loss_ce 2.87e-02, trn/loss_wd 8.88e+02, trn/lr 5.54e-03
[2022-02-22 15:03:42,502][INFO] [Epoch 172/200] trn/acc1 9.97e-01, trn/loss 4.65e-01, trn/loss_ce 2.69e-02, trn/loss_wd 8.76e+02, trn/lr 5.18e-03
[2022-02-22 15:03:49,058][INFO] [Epoch 173/200] trn/acc1 9.98e-01, trn/loss 4.57e-01, trn/loss_ce 2.49e-02, trn/loss_wd 8.64e+02, trn/lr 4.83e-03
[2022-02-22 15:03:55,602][INFO] [Epoch 174/200] trn/acc1 9.98e-01, trn/loss 4.49e-01, trn/loss_ce 2.31e-02, trn/loss_wd 8.53e+02, trn/lr 4.49e-03
[2022-02-22 15:04:02,151][INFO] [Epoch 175/200] trn/acc1 9.98e-01, trn/loss 4.43e-01, trn/loss_ce 2.19e-02, trn/loss_wd 8.42e+02, trn/lr 4.16e-03
[2022-02-22 15:04:08,700][INFO] [Epoch 176/200] trn/acc1 9.98e-01, trn/loss 4.37e-01, trn/loss_ce 2.06e-02, trn/loss_wd 8.33e+02, trn/lr 3.85e-03
[2022-02-22 15:04:15,247][INFO] [Epoch 177/200] trn/acc1 9.99e-01, trn/loss 4.32e-01, trn/loss_ce 1.97e-02, trn/loss_wd 8.24e+02, trn/lr 3.54e-03
[2022-02-22 15:04:21,791][INFO] [Epoch 178/200] trn/acc1 9.99e-01, trn/loss 4.27e-01, trn/loss_ce 1.83e-02, trn/loss_wd 8.17e+02, trn/lr 3.25e-03
[2022-02-22 15:04:28,347][INFO] [Epoch 179/200] trn/acc1 9.99e-01, trn/loss 4.22e-01, trn/loss_ce 1.73e-02, trn/loss_wd 8.09e+02, trn/lr 2.97e-03
[2022-02-22 15:04:34,906][INFO] [Epoch 180/200] trn/acc1 9.99e-01, trn/loss 4.18e-01, trn/loss_ce 1.67e-02, trn/loss_wd 8.03e+02, trn/lr 2.70e-03
[2022-02-22 15:04:35,074][INFO] [Epoch 180/200] Validation: val/acc1 0.7424, val/loss_ce 1.1036
[2022-02-22 15:04:42,543][INFO] [Epoch 181/200] trn/acc1 9.99e-01, trn/loss 4.15e-01, trn/loss_ce 1.69e-02, trn/loss_wd 7.97e+02, trn/lr 2.45e-03
[2022-02-22 15:04:42,711][INFO] [Epoch 181/200] Validation: val/acc1 0.7406, val/loss_ce 1.1117
[2022-02-22 15:04:49,428][INFO] [Epoch 182/200] trn/acc1 9.99e-01, trn/loss 4.12e-01, trn/loss_ce 1.65e-02, trn/loss_wd 7.92e+02, trn/lr 2.21e-03
[2022-02-22 15:04:49,595][INFO] [Epoch 182/200] Validation: val/acc1 0.7440, val/loss_ce 1.0999
[2022-02-22 15:04:56,844][INFO] [Epoch 183/200] trn/acc1 9.99e-01, trn/loss 4.09e-01, trn/loss_ce 1.57e-02, trn/loss_wd 7.87e+02, trn/lr 1.97e-03
[2022-02-22 15:04:57,014][INFO] [Epoch 183/200] Validation: val/acc1 0.7446, val/loss_ce 1.0959
[2022-02-22 15:05:04,241][INFO] [Epoch 184/200] trn/acc1 9.99e-01, trn/loss 4.06e-01, trn/loss_ce 1.51e-02, trn/loss_wd 7.82e+02, trn/lr 1.76e-03
[2022-02-22 15:05:04,408][INFO] [Epoch 184/200] Validation: val/acc1 0.7430, val/loss_ce 1.0971
[2022-02-22 15:05:11,341][INFO] [Epoch 185/200] trn/acc1 9.99e-01, trn/loss 4.05e-01, trn/loss_ce 1.55e-02, trn/loss_wd 7.79e+02, trn/lr 1.55e-03
[2022-02-22 15:05:11,510][INFO] [Epoch 185/200] Validation: val/acc1 0.7440, val/loss_ce 1.0911
[2022-02-22 15:05:18,496][INFO] [Epoch 186/200] trn/acc1 9.99e-01, trn/loss 4.03e-01, trn/loss_ce 1.51e-02, trn/loss_wd 7.75e+02, trn/lr 1.36e-03
[2022-02-22 15:05:18,666][INFO] [Epoch 186/200] Validation: val/acc1 0.7466, val/loss_ce 1.0947
[2022-02-22 15:05:25,821][INFO] [Epoch 187/200] trn/acc1 9.99e-01, trn/loss 4.01e-01, trn/loss_ce 1.48e-02, trn/loss_wd 7.73e+02, trn/lr 1.18e-03
[2022-02-22 15:05:25,991][INFO] [Epoch 187/200] Validation: val/acc1 0.7436, val/loss_ce 1.0888
[2022-02-22 15:05:33,067][INFO] [Epoch 188/200] trn/acc1 1.00e+00, trn/loss 3.99e-01, trn/loss_ce 1.40e-02, trn/loss_wd 7.70e+02, trn/lr 1.01e-03
[2022-02-22 15:05:33,234][INFO] [Epoch 188/200] Validation: val/acc1 0.7428, val/loss_ce 1.0958
[2022-02-22 15:05:39,943][INFO] [Epoch 189/200] trn/acc1 9.99e-01, trn/loss 3.98e-01, trn/loss_ce 1.43e-02, trn/loss_wd 7.68e+02, trn/lr 8.56e-04
[2022-02-22 15:05:40,111][INFO] [Epoch 189/200] Validation: val/acc1 0.7436, val/loss_ce 1.0952
[2022-02-22 15:05:46,823][INFO] [Epoch 190/200] trn/acc1 9.99e-01, trn/loss 3.97e-01, trn/loss_ce 1.40e-02, trn/loss_wd 7.66e+02, trn/lr 7.14e-04
[2022-02-22 15:05:46,990][INFO] [Epoch 190/200] Validation: val/acc1 0.7452, val/loss_ce 1.0972
[2022-02-22 15:05:53,691][INFO] [Epoch 191/200] trn/acc1 1.00e+00, trn/loss 3.97e-01, trn/loss_ce 1.42e-02, trn/loss_wd 7.65e+02, trn/lr 5.85e-04
[2022-02-22 15:05:53,859][INFO] [Epoch 191/200] Validation: val/acc1 0.7454, val/loss_ce 1.0875
[2022-02-22 15:06:01,110][INFO] [Epoch 192/200] trn/acc1 9.99e-01, trn/loss 3.95e-01, trn/loss_ce 1.35e-02, trn/loss_wd 7.64e+02, trn/lr 4.69e-04
[2022-02-22 15:06:01,278][INFO] [Epoch 192/200] Validation: val/acc1 0.7446, val/loss_ce 1.0936
[2022-02-22 15:06:07,987][INFO] [Epoch 193/200] trn/acc1 9.99e-01, trn/loss 3.95e-01, trn/loss_ce 1.33e-02, trn/loss_wd 7.63e+02, trn/lr 3.65e-04
[2022-02-22 15:06:08,154][INFO] [Epoch 193/200] Validation: val/acc1 0.7428, val/loss_ce 1.0946
[2022-02-22 15:06:14,869][INFO] [Epoch 194/200] trn/acc1 1.00e+00, trn/loss 3.95e-01, trn/loss_ce 1.37e-02, trn/loss_wd 7.62e+02, trn/lr 2.75e-04
[2022-02-22 15:06:15,038][INFO] [Epoch 194/200] Validation: val/acc1 0.7444, val/loss_ce 1.0885
[2022-02-22 15:06:21,755][INFO] [Epoch 195/200] trn/acc1 9.99e-01, trn/loss 3.95e-01, trn/loss_ce 1.40e-02, trn/loss_wd 7.61e+02, trn/lr 1.97e-04
[2022-02-22 15:06:21,924][INFO] [Epoch 195/200] Validation: val/acc1 0.7440, val/loss_ce 1.0876
[2022-02-22 15:06:28,837][INFO] [Epoch 196/200] trn/acc1 9.99e-01, trn/loss 3.94e-01, trn/loss_ce 1.37e-02, trn/loss_wd 7.61e+02, trn/lr 1.32e-04
[2022-02-22 15:06:29,005][INFO] [Epoch 196/200] Validation: val/acc1 0.7444, val/loss_ce 1.0847
[2022-02-22 15:06:35,848][INFO] [Epoch 197/200] trn/acc1 1.00e+00, trn/loss 3.94e-01, trn/loss_ce 1.32e-02, trn/loss_wd 7.61e+02, trn/lr 8.01e-05
[2022-02-22 15:06:36,016][INFO] [Epoch 197/200] Validation: val/acc1 0.7446, val/loss_ce 1.0841
[2022-02-22 15:06:43,000][INFO] [Epoch 198/200] trn/acc1 1.00e+00, trn/loss 3.94e-01, trn/loss_ce 1.34e-02, trn/loss_wd 7.61e+02, trn/lr 4.11e-05
[2022-02-22 15:06:43,169][INFO] [Epoch 198/200] Validation: val/acc1 0.7460, val/loss_ce 1.0911
[2022-02-22 15:06:49,879][INFO] [Epoch 199/200] trn/acc1 1.00e+00, trn/loss 3.94e-01, trn/loss_ce 1.33e-02, trn/loss_wd 7.61e+02, trn/lr 1.52e-05
[2022-02-22 15:06:50,048][INFO] [Epoch 199/200] Validation: val/acc1 0.7442, val/loss_ce 1.0858
[2022-02-22 15:06:56,754][INFO] [Epoch 200/200] trn/acc1 9.99e-01, trn/loss 3.94e-01, trn/loss_ce 1.34e-02, trn/loss_wd 7.61e+02, trn/lr 2.17e-06
[2022-02-22 15:06:56,921][INFO] [Epoch 200/200] Validation: val/acc1 0.7428, val/loss_ce 1.0892
