[2022-02-05 02:44:28,614][INFO] Environments:
------------  ---------------------------------------------------------------------------
sys.platform  linux
Python        3.7.11 (default, Nov 23 2021, 05:29:02) [GCC 7.5.0]
JAX           0.2.27 @/mnt/data1/giung/venvs/jax0.2.27/lib/python3.7/site-packages/jax
jaxlib        0.1.75 @/mnt/data1/giung/venvs/jax0.2.27/lib/python3.7/site-packages/jaxlib
Flax          0.4.0 @/mnt/data1/giung/venvs/jax0.2.27/lib/python3.7/site-packages/flax
Optax         0.1.0 @/mnt/data1/giung/venvs/jax0.2.27/lib/python3.7/site-packages/optax
------------  ---------------------------------------------------------------------------

[2022-02-05 02:44:28,615][INFO] Command line arguments:
Namespace(batch_size=128, config_file='./configs/C100_R32-BN-ReLU_SGD.yaml', keep_every_n_checkpoints=None, learning_rate=0.1, num_epochs=200, num_warmup_epochs=5, opts=[], output_dir='./outputs/C100_R32-BN-ReLU/SGD/s42_e200_wd5e-4/', seed=42, weight_decay=0.0005)

[2022-02-05 02:44:28,615][INFO] Using a random seed 42

[2022-02-05 02:44:28,652][INFO] Unable to initialize backend 'tpu_driver': NOT_FOUND: Unable to find driver in registry given worker: 
[2022-02-05 02:44:28,988][INFO] Unable to initialize backend 'tpu': INVALID_ARGUMENT: TpuPlatform is not available.
[2022-02-05 02:44:38,069][INFO] Found no checkpoint files in outputs/C100_R32-BN-ReLU/SGD/s42_e200_wd5e-4
[2022-02-05 02:44:58,227][INFO] [Epoch   1/200] trn/acc1 5.27e-02, trn/loss 5.38e+00, trn/loss_ce 4.49e+00, trn/loss_wd 1.78e+03, trn/lr 9.97e-03
[2022-02-05 02:45:00,875][INFO] [Epoch   1/200] Validation: val/acc1 0.0932, val/loss_ce 3.9322
[2022-02-05 02:45:04,752][INFO] [Epoch   2/200] trn/acc1 1.46e-01, trn/loss 4.43e+00, trn/loss_ce 3.59e+00, trn/loss_wd 1.69e+03, trn/lr 3.00e-02
[2022-02-05 02:45:08,311][INFO] [Epoch   3/200] trn/acc1 2.25e-01, trn/loss 3.89e+00, trn/loss_ce 3.11e+00, trn/loss_wd 1.55e+03, trn/lr 5.00e-02
[2022-02-05 02:45:11,898][INFO] [Epoch   4/200] trn/acc1 2.87e-01, trn/loss 3.48e+00, trn/loss_ce 2.77e+00, trn/loss_wd 1.42e+03, trn/lr 7.00e-02
[2022-02-05 02:45:15,454][INFO] [Epoch   5/200] trn/acc1 3.36e-01, trn/loss 3.18e+00, trn/loss_ce 2.53e+00, trn/loss_wd 1.32e+03, trn/lr 9.00e-02
[2022-02-05 02:45:19,022][INFO] [Epoch   6/200] trn/acc1 3.81e-01, trn/loss 2.96e+00, trn/loss_ce 2.33e+00, trn/loss_wd 1.25e+03, trn/lr 1.00e-01
[2022-02-05 02:45:22,619][INFO] [Epoch   7/200] trn/acc1 4.16e-01, trn/loss 2.77e+00, trn/loss_ce 2.16e+00, trn/loss_wd 1.22e+03, trn/lr 1.00e-01
[2022-02-05 02:45:26,206][INFO] [Epoch   8/200] trn/acc1 4.40e-01, trn/loss 2.66e+00, trn/loss_ce 2.06e+00, trn/loss_wd 1.20e+03, trn/lr 1.00e-01
[2022-02-05 02:45:29,768][INFO] [Epoch   9/200] trn/acc1 4.60e-01, trn/loss 2.57e+00, trn/loss_ce 1.97e+00, trn/loss_wd 1.21e+03, trn/lr 9.99e-02
[2022-02-05 02:45:33,346][INFO] [Epoch  10/200] trn/acc1 4.78e-01, trn/loss 2.51e+00, trn/loss_ce 1.90e+00, trn/loss_wd 1.22e+03, trn/lr 9.99e-02
[2022-02-05 02:45:36,893][INFO] [Epoch  11/200] trn/acc1 4.86e-01, trn/loss 2.47e+00, trn/loss_ce 1.85e+00, trn/loss_wd 1.24e+03, trn/lr 9.98e-02
[2022-02-05 02:45:40,463][INFO] [Epoch  12/200] trn/acc1 5.03e-01, trn/loss 2.42e+00, trn/loss_ce 1.79e+00, trn/loss_wd 1.25e+03, trn/lr 9.97e-02
[2022-02-05 02:45:44,015][INFO] [Epoch  13/200] trn/acc1 5.09e-01, trn/loss 2.39e+00, trn/loss_ce 1.76e+00, trn/loss_wd 1.27e+03, trn/lr 9.96e-02
[2022-02-05 02:45:47,567][INFO] [Epoch  14/200] trn/acc1 5.21e-01, trn/loss 2.37e+00, trn/loss_ce 1.73e+00, trn/loss_wd 1.29e+03, trn/lr 9.95e-02
[2022-02-05 02:45:51,123][INFO] [Epoch  15/200] trn/acc1 5.28e-01, trn/loss 2.35e+00, trn/loss_ce 1.69e+00, trn/loss_wd 1.31e+03, trn/lr 9.94e-02
[2022-02-05 02:45:54,678][INFO] [Epoch  16/200] trn/acc1 5.31e-01, trn/loss 2.34e+00, trn/loss_ce 1.67e+00, trn/loss_wd 1.33e+03, trn/lr 9.93e-02
[2022-02-05 02:45:58,235][INFO] [Epoch  17/200] trn/acc1 5.34e-01, trn/loss 2.32e+00, trn/loss_ce 1.65e+00, trn/loss_wd 1.35e+03, trn/lr 9.91e-02
[2022-02-05 02:46:01,785][INFO] [Epoch  18/200] trn/acc1 5.44e-01, trn/loss 2.30e+00, trn/loss_ce 1.62e+00, trn/loss_wd 1.36e+03, trn/lr 9.90e-02
[2022-02-05 02:46:05,344][INFO] [Epoch  19/200] trn/acc1 5.48e-01, trn/loss 2.29e+00, trn/loss_ce 1.60e+00, trn/loss_wd 1.38e+03, trn/lr 9.88e-02
[2022-02-05 02:46:08,908][INFO] [Epoch  20/200] trn/acc1 5.54e-01, trn/loss 2.28e+00, trn/loss_ce 1.58e+00, trn/loss_wd 1.39e+03, trn/lr 9.86e-02
[2022-02-05 02:46:09,076][INFO] [Epoch  20/200] Validation: val/acc1 0.4104, val/loss_ce 2.4245
[2022-02-05 02:46:13,006][INFO] [Epoch  21/200] trn/acc1 5.57e-01, trn/loss 2.28e+00, trn/loss_ce 1.58e+00, trn/loss_wd 1.40e+03, trn/lr 9.84e-02
[2022-02-05 02:46:16,660][INFO] [Epoch  22/200] trn/acc1 5.62e-01, trn/loss 2.26e+00, trn/loss_ce 1.55e+00, trn/loss_wd 1.41e+03, trn/lr 9.82e-02
[2022-02-05 02:46:20,217][INFO] [Epoch  23/200] trn/acc1 5.63e-01, trn/loss 2.25e+00, trn/loss_ce 1.54e+00, trn/loss_wd 1.42e+03, trn/lr 9.80e-02
[2022-02-05 02:46:23,779][INFO] [Epoch  24/200] trn/acc1 5.70e-01, trn/loss 2.25e+00, trn/loss_ce 1.53e+00, trn/loss_wd 1.43e+03, trn/lr 9.78e-02
[2022-02-05 02:46:27,338][INFO] [Epoch  25/200] trn/acc1 5.71e-01, trn/loss 2.23e+00, trn/loss_ce 1.52e+00, trn/loss_wd 1.44e+03, trn/lr 9.76e-02
[2022-02-05 02:46:30,896][INFO] [Epoch  26/200] trn/acc1 5.74e-01, trn/loss 2.23e+00, trn/loss_ce 1.51e+00, trn/loss_wd 1.45e+03, trn/lr 9.73e-02
[2022-02-05 02:46:34,466][INFO] [Epoch  27/200] trn/acc1 5.74e-01, trn/loss 2.22e+00, trn/loss_ce 1.50e+00, trn/loss_wd 1.45e+03, trn/lr 9.70e-02
[2022-02-05 02:46:38,030][INFO] [Epoch  28/200] trn/acc1 5.78e-01, trn/loss 2.22e+00, trn/loss_ce 1.49e+00, trn/loss_wd 1.46e+03, trn/lr 9.68e-02
[2022-02-05 02:46:41,591][INFO] [Epoch  29/200] trn/acc1 5.79e-01, trn/loss 2.22e+00, trn/loss_ce 1.48e+00, trn/loss_wd 1.47e+03, trn/lr 9.65e-02
[2022-02-05 02:46:45,161][INFO] [Epoch  30/200] trn/acc1 5.82e-01, trn/loss 2.21e+00, trn/loss_ce 1.47e+00, trn/loss_wd 1.48e+03, trn/lr 9.62e-02
[2022-02-05 02:46:48,734][INFO] [Epoch  31/200] trn/acc1 5.85e-01, trn/loss 2.20e+00, trn/loss_ce 1.46e+00, trn/loss_wd 1.48e+03, trn/lr 9.58e-02
[2022-02-05 02:46:52,294][INFO] [Epoch  32/200] trn/acc1 5.87e-01, trn/loss 2.20e+00, trn/loss_ce 1.46e+00, trn/loss_wd 1.49e+03, trn/lr 9.55e-02
[2022-02-05 02:46:55,860][INFO] [Epoch  33/200] trn/acc1 5.88e-01, trn/loss 2.19e+00, trn/loss_ce 1.44e+00, trn/loss_wd 1.49e+03, trn/lr 9.52e-02
[2022-02-05 02:46:59,423][INFO] [Epoch  34/200] trn/acc1 5.89e-01, trn/loss 2.19e+00, trn/loss_ce 1.44e+00, trn/loss_wd 1.49e+03, trn/lr 9.48e-02
[2022-02-05 02:47:02,992][INFO] [Epoch  35/200] trn/acc1 5.91e-01, trn/loss 2.18e+00, trn/loss_ce 1.43e+00, trn/loss_wd 1.50e+03, trn/lr 9.45e-02
[2022-02-05 02:47:06,554][INFO] [Epoch  36/200] trn/acc1 5.92e-01, trn/loss 2.18e+00, trn/loss_ce 1.43e+00, trn/loss_wd 1.50e+03, trn/lr 9.41e-02
[2022-02-05 02:47:10,121][INFO] [Epoch  37/200] trn/acc1 5.96e-01, trn/loss 2.17e+00, trn/loss_ce 1.42e+00, trn/loss_wd 1.50e+03, trn/lr 9.37e-02
[2022-02-05 02:47:13,686][INFO] [Epoch  38/200] trn/acc1 5.96e-01, trn/loss 2.17e+00, trn/loss_ce 1.41e+00, trn/loss_wd 1.50e+03, trn/lr 9.33e-02
[2022-02-05 02:47:17,256][INFO] [Epoch  39/200] trn/acc1 6.00e-01, trn/loss 2.16e+00, trn/loss_ce 1.41e+00, trn/loss_wd 1.51e+03, trn/lr 9.29e-02
[2022-02-05 02:47:20,834][INFO] [Epoch  40/200] trn/acc1 5.95e-01, trn/loss 2.17e+00, trn/loss_ce 1.41e+00, trn/loss_wd 1.51e+03, trn/lr 9.25e-02
[2022-02-05 02:47:21,014][INFO] [Epoch  40/200] Validation: val/acc1 0.4942, val/loss_ce 1.9214
[2022-02-05 02:47:24,758][INFO] [Epoch  41/200] trn/acc1 5.96e-01, trn/loss 2.17e+00, trn/loss_ce 1.41e+00, trn/loss_wd 1.51e+03, trn/lr 9.20e-02
[2022-02-05 02:47:28,411][INFO] [Epoch  42/200] trn/acc1 6.01e-01, trn/loss 2.15e+00, trn/loss_ce 1.39e+00, trn/loss_wd 1.52e+03, trn/lr 9.16e-02
[2022-02-05 02:47:31,973][INFO] [Epoch  43/200] trn/acc1 6.06e-01, trn/loss 2.15e+00, trn/loss_ce 1.38e+00, trn/loss_wd 1.52e+03, trn/lr 9.11e-02
[2022-02-05 02:47:35,570][INFO] [Epoch  44/200] trn/acc1 6.02e-01, trn/loss 2.15e+00, trn/loss_ce 1.39e+00, trn/loss_wd 1.52e+03, trn/lr 9.07e-02
[2022-02-05 02:47:39,129][INFO] [Epoch  45/200] trn/acc1 6.10e-01, trn/loss 2.13e+00, trn/loss_ce 1.37e+00, trn/loss_wd 1.52e+03, trn/lr 9.02e-02
[2022-02-05 02:47:42,699][INFO] [Epoch  46/200] trn/acc1 6.06e-01, trn/loss 2.13e+00, trn/loss_ce 1.37e+00, trn/loss_wd 1.52e+03, trn/lr 8.97e-02
[2022-02-05 02:47:46,266][INFO] [Epoch  47/200] trn/acc1 6.08e-01, trn/loss 2.13e+00, trn/loss_ce 1.37e+00, trn/loss_wd 1.52e+03, trn/lr 8.92e-02
[2022-02-05 02:47:49,832][INFO] [Epoch  48/200] trn/acc1 6.09e-01, trn/loss 2.12e+00, trn/loss_ce 1.36e+00, trn/loss_wd 1.51e+03, trn/lr 8.87e-02
[2022-02-05 02:47:53,395][INFO] [Epoch  49/200] trn/acc1 6.10e-01, trn/loss 2.12e+00, trn/loss_ce 1.36e+00, trn/loss_wd 1.52e+03, trn/lr 8.82e-02
[2022-02-05 02:47:56,963][INFO] [Epoch  50/200] trn/acc1 6.17e-01, trn/loss 2.11e+00, trn/loss_ce 1.35e+00, trn/loss_wd 1.52e+03, trn/lr 8.77e-02
[2022-02-05 02:48:00,532][INFO] [Epoch  51/200] trn/acc1 6.14e-01, trn/loss 2.10e+00, trn/loss_ce 1.34e+00, trn/loss_wd 1.51e+03, trn/lr 8.72e-02
[2022-02-05 02:48:04,096][INFO] [Epoch  52/200] trn/acc1 6.15e-01, trn/loss 2.10e+00, trn/loss_ce 1.34e+00, trn/loss_wd 1.51e+03, trn/lr 8.66e-02
[2022-02-05 02:48:07,663][INFO] [Epoch  53/200] trn/acc1 6.18e-01, trn/loss 2.09e+00, trn/loss_ce 1.33e+00, trn/loss_wd 1.51e+03, trn/lr 8.61e-02
[2022-02-05 02:48:11,224][INFO] [Epoch  54/200] trn/acc1 6.16e-01, trn/loss 2.09e+00, trn/loss_ce 1.33e+00, trn/loss_wd 1.51e+03, trn/lr 8.55e-02
[2022-02-05 02:48:14,783][INFO] [Epoch  55/200] trn/acc1 6.19e-01, trn/loss 2.09e+00, trn/loss_ce 1.33e+00, trn/loss_wd 1.51e+03, trn/lr 8.49e-02
[2022-02-05 02:48:18,350][INFO] [Epoch  56/200] trn/acc1 6.20e-01, trn/loss 2.08e+00, trn/loss_ce 1.33e+00, trn/loss_wd 1.51e+03, trn/lr 8.43e-02
[2022-02-05 02:48:21,920][INFO] [Epoch  57/200] trn/acc1 6.19e-01, trn/loss 2.08e+00, trn/loss_ce 1.32e+00, trn/loss_wd 1.51e+03, trn/lr 8.38e-02
[2022-02-05 02:48:25,482][INFO] [Epoch  58/200] trn/acc1 6.24e-01, trn/loss 2.07e+00, trn/loss_ce 1.31e+00, trn/loss_wd 1.51e+03, trn/lr 8.32e-02
[2022-02-05 02:48:29,060][INFO] [Epoch  59/200] trn/acc1 6.22e-01, trn/loss 2.07e+00, trn/loss_ce 1.31e+00, trn/loss_wd 1.51e+03, trn/lr 8.25e-02
[2022-02-05 02:48:32,631][INFO] [Epoch  60/200] trn/acc1 6.26e-01, trn/loss 2.05e+00, trn/loss_ce 1.30e+00, trn/loss_wd 1.50e+03, trn/lr 8.19e-02
[2022-02-05 02:48:32,805][INFO] [Epoch  60/200] Validation: val/acc1 0.5158, val/loss_ce 1.8328
[2022-02-05 02:48:36,523][INFO] [Epoch  61/200] trn/acc1 6.28e-01, trn/loss 2.05e+00, trn/loss_ce 1.30e+00, trn/loss_wd 1.50e+03, trn/lr 8.13e-02
[2022-02-05 02:48:40,173][INFO] [Epoch  62/200] trn/acc1 6.29e-01, trn/loss 2.04e+00, trn/loss_ce 1.29e+00, trn/loss_wd 1.50e+03, trn/lr 8.07e-02
[2022-02-05 02:48:43,726][INFO] [Epoch  63/200] trn/acc1 6.29e-01, trn/loss 2.03e+00, trn/loss_ce 1.28e+00, trn/loss_wd 1.50e+03, trn/lr 8.00e-02
[2022-02-05 02:48:47,303][INFO] [Epoch  64/200] trn/acc1 6.29e-01, trn/loss 2.04e+00, trn/loss_ce 1.29e+00, trn/loss_wd 1.50e+03, trn/lr 7.94e-02
[2022-02-05 02:48:50,881][INFO] [Epoch  65/200] trn/acc1 6.33e-01, trn/loss 2.03e+00, trn/loss_ce 1.28e+00, trn/loss_wd 1.50e+03, trn/lr 7.87e-02
[2022-02-05 02:48:54,459][INFO] [Epoch  66/200] trn/acc1 6.31e-01, trn/loss 2.03e+00, trn/loss_ce 1.28e+00, trn/loss_wd 1.50e+03, trn/lr 7.81e-02
[2022-02-05 02:48:58,029][INFO] [Epoch  67/200] trn/acc1 6.33e-01, trn/loss 2.02e+00, trn/loss_ce 1.27e+00, trn/loss_wd 1.50e+03, trn/lr 7.74e-02
[2022-02-05 02:49:01,597][INFO] [Epoch  68/200] trn/acc1 6.35e-01, trn/loss 2.02e+00, trn/loss_ce 1.27e+00, trn/loss_wd 1.50e+03, trn/lr 7.67e-02
[2022-02-05 02:49:05,161][INFO] [Epoch  69/200] trn/acc1 6.37e-01, trn/loss 2.01e+00, trn/loss_ce 1.26e+00, trn/loss_wd 1.50e+03, trn/lr 7.60e-02
[2022-02-05 02:49:08,717][INFO] [Epoch  70/200] trn/acc1 6.35e-01, trn/loss 2.01e+00, trn/loss_ce 1.26e+00, trn/loss_wd 1.49e+03, trn/lr 7.53e-02
[2022-02-05 02:49:12,276][INFO] [Epoch  71/200] trn/acc1 6.37e-01, trn/loss 2.00e+00, trn/loss_ce 1.25e+00, trn/loss_wd 1.49e+03, trn/lr 7.47e-02
[2022-02-05 02:49:15,838][INFO] [Epoch  72/200] trn/acc1 6.45e-01, trn/loss 1.98e+00, trn/loss_ce 1.23e+00, trn/loss_wd 1.49e+03, trn/lr 7.39e-02
[2022-02-05 02:49:19,411][INFO] [Epoch  73/200] trn/acc1 6.39e-01, trn/loss 1.98e+00, trn/loss_ce 1.24e+00, trn/loss_wd 1.49e+03, trn/lr 7.32e-02
[2022-02-05 02:49:22,982][INFO] [Epoch  74/200] trn/acc1 6.42e-01, trn/loss 1.98e+00, trn/loss_ce 1.24e+00, trn/loss_wd 1.49e+03, trn/lr 7.25e-02
[2022-02-05 02:49:26,553][INFO] [Epoch  75/200] trn/acc1 6.43e-01, trn/loss 1.97e+00, trn/loss_ce 1.23e+00, trn/loss_wd 1.48e+03, trn/lr 7.18e-02
[2022-02-05 02:49:30,118][INFO] [Epoch  76/200] trn/acc1 6.46e-01, trn/loss 1.96e+00, trn/loss_ce 1.22e+00, trn/loss_wd 1.48e+03, trn/lr 7.11e-02
[2022-02-05 02:49:33,679][INFO] [Epoch  77/200] trn/acc1 6.46e-01, trn/loss 1.96e+00, trn/loss_ce 1.22e+00, trn/loss_wd 1.47e+03, trn/lr 7.03e-02
[2022-02-05 02:49:37,257][INFO] [Epoch  78/200] trn/acc1 6.45e-01, trn/loss 1.95e+00, trn/loss_ce 1.22e+00, trn/loss_wd 1.48e+03, trn/lr 6.96e-02
[2022-02-05 02:49:40,820][INFO] [Epoch  79/200] trn/acc1 6.48e-01, trn/loss 1.95e+00, trn/loss_ce 1.21e+00, trn/loss_wd 1.48e+03, trn/lr 6.89e-02
[2022-02-05 02:49:44,385][INFO] [Epoch  80/200] trn/acc1 6.46e-01, trn/loss 1.94e+00, trn/loss_ce 1.21e+00, trn/loss_wd 1.47e+03, trn/lr 6.81e-02
[2022-02-05 02:49:44,553][INFO] [Epoch  80/200] Validation: val/acc1 0.4954, val/loss_ce 2.0019
[2022-02-05 02:49:48,183][INFO] [Epoch  81/200] trn/acc1 6.55e-01, trn/loss 1.93e+00, trn/loss_ce 1.19e+00, trn/loss_wd 1.47e+03, trn/lr 6.74e-02
[2022-02-05 02:49:51,840][INFO] [Epoch  82/200] trn/acc1 6.55e-01, trn/loss 1.92e+00, trn/loss_ce 1.18e+00, trn/loss_wd 1.47e+03, trn/lr 6.66e-02
[2022-02-05 02:49:55,408][INFO] [Epoch  83/200] trn/acc1 6.53e-01, trn/loss 1.92e+00, trn/loss_ce 1.18e+00, trn/loss_wd 1.47e+03, trn/lr 6.58e-02
[2022-02-05 02:49:58,979][INFO] [Epoch  84/200] trn/acc1 6.58e-01, trn/loss 1.91e+00, trn/loss_ce 1.18e+00, trn/loss_wd 1.47e+03, trn/lr 6.51e-02
[2022-02-05 02:50:02,555][INFO] [Epoch  85/200] trn/acc1 6.60e-01, trn/loss 1.90e+00, trn/loss_ce 1.17e+00, trn/loss_wd 1.46e+03, trn/lr 6.43e-02
[2022-02-05 02:50:06,114][INFO] [Epoch  86/200] trn/acc1 6.58e-01, trn/loss 1.90e+00, trn/loss_ce 1.17e+00, trn/loss_wd 1.46e+03, trn/lr 6.35e-02
[2022-02-05 02:50:09,678][INFO] [Epoch  87/200] trn/acc1 6.61e-01, trn/loss 1.89e+00, trn/loss_ce 1.16e+00, trn/loss_wd 1.45e+03, trn/lr 6.27e-02
[2022-02-05 02:50:13,243][INFO] [Epoch  88/200] trn/acc1 6.63e-01, trn/loss 1.87e+00, trn/loss_ce 1.15e+00, trn/loss_wd 1.45e+03, trn/lr 6.20e-02
[2022-02-05 02:50:16,808][INFO] [Epoch  89/200] trn/acc1 6.65e-01, trn/loss 1.88e+00, trn/loss_ce 1.15e+00, trn/loss_wd 1.45e+03, trn/lr 6.12e-02
[2022-02-05 02:50:20,380][INFO] [Epoch  90/200] trn/acc1 6.68e-01, trn/loss 1.86e+00, trn/loss_ce 1.14e+00, trn/loss_wd 1.44e+03, trn/lr 6.04e-02
[2022-02-05 02:50:23,943][INFO] [Epoch  91/200] trn/acc1 6.66e-01, trn/loss 1.86e+00, trn/loss_ce 1.14e+00, trn/loss_wd 1.44e+03, trn/lr 5.96e-02
[2022-02-05 02:50:27,506][INFO] [Epoch  92/200] trn/acc1 6.69e-01, trn/loss 1.85e+00, trn/loss_ce 1.13e+00, trn/loss_wd 1.44e+03, trn/lr 5.88e-02
[2022-02-05 02:50:31,065][INFO] [Epoch  93/200] trn/acc1 6.70e-01, trn/loss 1.84e+00, trn/loss_ce 1.12e+00, trn/loss_wd 1.43e+03, trn/lr 5.80e-02
[2022-02-05 02:50:34,626][INFO] [Epoch  94/200] trn/acc1 6.73e-01, trn/loss 1.83e+00, trn/loss_ce 1.12e+00, trn/loss_wd 1.43e+03, trn/lr 5.72e-02
[2022-02-05 02:50:38,183][INFO] [Epoch  95/200] trn/acc1 6.78e-01, trn/loss 1.82e+00, trn/loss_ce 1.11e+00, trn/loss_wd 1.42e+03, trn/lr 5.64e-02
[2022-02-05 02:50:41,749][INFO] [Epoch  96/200] trn/acc1 6.78e-01, trn/loss 1.81e+00, trn/loss_ce 1.10e+00, trn/loss_wd 1.42e+03, trn/lr 5.56e-02
[2022-02-05 02:50:45,300][INFO] [Epoch  97/200] trn/acc1 6.78e-01, trn/loss 1.81e+00, trn/loss_ce 1.10e+00, trn/loss_wd 1.42e+03, trn/lr 5.48e-02
[2022-02-05 02:50:48,863][INFO] [Epoch  98/200] trn/acc1 6.80e-01, trn/loss 1.80e+00, trn/loss_ce 1.09e+00, trn/loss_wd 1.42e+03, trn/lr 5.40e-02
[2022-02-05 02:50:52,429][INFO] [Epoch  99/200] trn/acc1 6.83e-01, trn/loss 1.79e+00, trn/loss_ce 1.08e+00, trn/loss_wd 1.41e+03, trn/lr 5.32e-02
[2022-02-05 02:50:55,993][INFO] [Epoch 100/200] trn/acc1 6.84e-01, trn/loss 1.78e+00, trn/loss_ce 1.07e+00, trn/loss_wd 1.41e+03, trn/lr 5.24e-02
[2022-02-05 02:50:56,171][INFO] [Epoch 100/200] Validation: val/acc1 0.5634, val/loss_ce 1.6383
[2022-02-05 02:50:59,900][INFO] [Epoch 101/200] trn/acc1 6.83e-01, trn/loss 1.78e+00, trn/loss_ce 1.07e+00, trn/loss_wd 1.41e+03, trn/lr 5.16e-02
[2022-02-05 02:51:03,597][INFO] [Epoch 102/200] trn/acc1 6.86e-01, trn/loss 1.77e+00, trn/loss_ce 1.07e+00, trn/loss_wd 1.40e+03, trn/lr 5.08e-02
[2022-02-05 02:51:07,164][INFO] [Epoch 103/200] trn/acc1 6.89e-01, trn/loss 1.75e+00, trn/loss_ce 1.05e+00, trn/loss_wd 1.40e+03, trn/lr 5.00e-02
[2022-02-05 02:51:10,715][INFO] [Epoch 104/200] trn/acc1 6.89e-01, trn/loss 1.75e+00, trn/loss_ce 1.05e+00, trn/loss_wd 1.39e+03, trn/lr 4.92e-02
[2022-02-05 02:51:14,283][INFO] [Epoch 105/200] trn/acc1 6.95e-01, trn/loss 1.73e+00, trn/loss_ce 1.04e+00, trn/loss_wd 1.39e+03, trn/lr 4.84e-02
[2022-02-05 02:51:17,841][INFO] [Epoch 106/200] trn/acc1 6.96e-01, trn/loss 1.72e+00, trn/loss_ce 1.03e+00, trn/loss_wd 1.39e+03, trn/lr 4.76e-02
[2022-02-05 02:51:21,415][INFO] [Epoch 107/200] trn/acc1 6.97e-01, trn/loss 1.72e+00, trn/loss_ce 1.03e+00, trn/loss_wd 1.38e+03, trn/lr 4.68e-02
[2022-02-05 02:51:24,985][INFO] [Epoch 108/200] trn/acc1 6.96e-01, trn/loss 1.72e+00, trn/loss_ce 1.03e+00, trn/loss_wd 1.38e+03, trn/lr 4.60e-02
[2022-02-05 02:51:28,559][INFO] [Epoch 109/200] trn/acc1 7.06e-01, trn/loss 1.69e+00, trn/loss_ce 1.00e+00, trn/loss_wd 1.37e+03, trn/lr 4.52e-02
[2022-02-05 02:51:32,130][INFO] [Epoch 110/200] trn/acc1 7.03e-01, trn/loss 1.70e+00, trn/loss_ce 1.01e+00, trn/loss_wd 1.37e+03, trn/lr 4.44e-02
[2022-02-05 02:51:35,706][INFO] [Epoch 111/200] trn/acc1 7.08e-01, trn/loss 1.67e+00, trn/loss_ce 9.87e-01, trn/loss_wd 1.36e+03, trn/lr 4.36e-02
[2022-02-05 02:51:39,276][INFO] [Epoch 112/200] trn/acc1 7.08e-01, trn/loss 1.66e+00, trn/loss_ce 9.84e-01, trn/loss_wd 1.36e+03, trn/lr 4.28e-02
[2022-02-05 02:51:42,853][INFO] [Epoch 113/200] trn/acc1 7.09e-01, trn/loss 1.66e+00, trn/loss_ce 9.82e-01, trn/loss_wd 1.36e+03, trn/lr 4.20e-02
[2022-02-05 02:51:46,419][INFO] [Epoch 114/200] trn/acc1 7.13e-01, trn/loss 1.64e+00, trn/loss_ce 9.67e-01, trn/loss_wd 1.35e+03, trn/lr 4.12e-02
[2022-02-05 02:51:49,988][INFO] [Epoch 115/200] trn/acc1 7.15e-01, trn/loss 1.64e+00, trn/loss_ce 9.62e-01, trn/loss_wd 1.35e+03, trn/lr 4.04e-02
[2022-02-05 02:51:53,563][INFO] [Epoch 116/200] trn/acc1 7.14e-01, trn/loss 1.63e+00, trn/loss_ce 9.62e-01, trn/loss_wd 1.34e+03, trn/lr 3.96e-02
[2022-02-05 02:51:57,136][INFO] [Epoch 117/200] trn/acc1 7.19e-01, trn/loss 1.61e+00, trn/loss_ce 9.45e-01, trn/loss_wd 1.34e+03, trn/lr 3.88e-02
[2022-02-05 02:52:00,699][INFO] [Epoch 118/200] trn/acc1 7.21e-01, trn/loss 1.60e+00, trn/loss_ce 9.34e-01, trn/loss_wd 1.33e+03, trn/lr 3.80e-02
[2022-02-05 02:52:04,254][INFO] [Epoch 119/200] trn/acc1 7.21e-01, trn/loss 1.60e+00, trn/loss_ce 9.33e-01, trn/loss_wd 1.33e+03, trn/lr 3.73e-02
[2022-02-05 02:52:07,814][INFO] [Epoch 120/200] trn/acc1 7.25e-01, trn/loss 1.59e+00, trn/loss_ce 9.24e-01, trn/loss_wd 1.32e+03, trn/lr 3.65e-02
[2022-02-05 02:52:07,985][INFO] [Epoch 120/200] Validation: val/acc1 0.6008, val/loss_ce 1.4819
[2022-02-05 02:52:11,723][INFO] [Epoch 121/200] trn/acc1 7.27e-01, trn/loss 1.57e+00, trn/loss_ce 9.15e-01, trn/loss_wd 1.32e+03, trn/lr 3.57e-02
[2022-02-05 02:52:15,373][INFO] [Epoch 122/200] trn/acc1 7.29e-01, trn/loss 1.56e+00, trn/loss_ce 9.07e-01, trn/loss_wd 1.32e+03, trn/lr 3.49e-02
[2022-02-05 02:52:18,945][INFO] [Epoch 123/200] trn/acc1 7.35e-01, trn/loss 1.55e+00, trn/loss_ce 8.93e-01, trn/loss_wd 1.31e+03, trn/lr 3.42e-02
[2022-02-05 02:52:22,513][INFO] [Epoch 124/200] trn/acc1 7.37e-01, trn/loss 1.54e+00, trn/loss_ce 8.83e-01, trn/loss_wd 1.31e+03, trn/lr 3.34e-02
[2022-02-05 02:52:26,074][INFO] [Epoch 125/200] trn/acc1 7.40e-01, trn/loss 1.52e+00, trn/loss_ce 8.73e-01, trn/loss_wd 1.30e+03, trn/lr 3.26e-02
[2022-02-05 02:52:29,628][INFO] [Epoch 126/200] trn/acc1 7.40e-01, trn/loss 1.51e+00, trn/loss_ce 8.65e-01, trn/loss_wd 1.29e+03, trn/lr 3.19e-02
[2022-02-05 02:52:33,205][INFO] [Epoch 127/200] trn/acc1 7.43e-01, trn/loss 1.50e+00, trn/loss_ce 8.57e-01, trn/loss_wd 1.29e+03, trn/lr 3.11e-02
[2022-02-05 02:52:36,774][INFO] [Epoch 128/200] trn/acc1 7.47e-01, trn/loss 1.48e+00, trn/loss_ce 8.41e-01, trn/loss_wd 1.28e+03, trn/lr 3.04e-02
[2022-02-05 02:52:40,335][INFO] [Epoch 129/200] trn/acc1 7.50e-01, trn/loss 1.48e+00, trn/loss_ce 8.42e-01, trn/loss_wd 1.28e+03, trn/lr 2.97e-02
[2022-02-05 02:52:43,900][INFO] [Epoch 130/200] trn/acc1 7.50e-01, trn/loss 1.46e+00, trn/loss_ce 8.23e-01, trn/loss_wd 1.27e+03, trn/lr 2.89e-02
[2022-02-05 02:52:47,468][INFO] [Epoch 131/200] trn/acc1 7.49e-01, trn/loss 1.46e+00, trn/loss_ce 8.25e-01, trn/loss_wd 1.27e+03, trn/lr 2.82e-02
[2022-02-05 02:52:51,039][INFO] [Epoch 132/200] trn/acc1 7.57e-01, trn/loss 1.44e+00, trn/loss_ce 8.06e-01, trn/loss_wd 1.26e+03, trn/lr 2.75e-02
[2022-02-05 02:52:54,611][INFO] [Epoch 133/200] trn/acc1 7.59e-01, trn/loss 1.42e+00, trn/loss_ce 7.95e-01, trn/loss_wd 1.26e+03, trn/lr 2.68e-02
[2022-02-05 02:52:58,165][INFO] [Epoch 134/200] trn/acc1 7.62e-01, trn/loss 1.42e+00, trn/loss_ce 7.94e-01, trn/loss_wd 1.25e+03, trn/lr 2.61e-02
[2022-02-05 02:53:01,726][INFO] [Epoch 135/200] trn/acc1 7.65e-01, trn/loss 1.40e+00, trn/loss_ce 7.73e-01, trn/loss_wd 1.24e+03, trn/lr 2.54e-02
[2022-02-05 02:53:05,294][INFO] [Epoch 136/200] trn/acc1 7.66e-01, trn/loss 1.39e+00, trn/loss_ce 7.75e-01, trn/loss_wd 1.24e+03, trn/lr 2.47e-02
[2022-02-05 02:53:08,862][INFO] [Epoch 137/200] trn/acc1 7.71e-01, trn/loss 1.37e+00, trn/loss_ce 7.55e-01, trn/loss_wd 1.23e+03, trn/lr 2.40e-02
[2022-02-05 02:53:12,426][INFO] [Epoch 138/200] trn/acc1 7.75e-01, trn/loss 1.36e+00, trn/loss_ce 7.45e-01, trn/loss_wd 1.23e+03, trn/lr 2.33e-02
[2022-02-05 02:53:15,988][INFO] [Epoch 139/200] trn/acc1 7.75e-01, trn/loss 1.35e+00, trn/loss_ce 7.37e-01, trn/loss_wd 1.22e+03, trn/lr 2.26e-02
[2022-02-05 02:53:19,553][INFO] [Epoch 140/200] trn/acc1 7.83e-01, trn/loss 1.32e+00, trn/loss_ce 7.15e-01, trn/loss_wd 1.22e+03, trn/lr 2.19e-02
[2022-02-05 02:53:19,724][INFO] [Epoch 140/200] Validation: val/acc1 0.6234, val/loss_ce 1.4730
[2022-02-05 02:53:23,456][INFO] [Epoch 141/200] trn/acc1 7.83e-01, trn/loss 1.32e+00, trn/loss_ce 7.16e-01, trn/loss_wd 1.21e+03, trn/lr 2.13e-02
[2022-02-05 02:53:27,137][INFO] [Epoch 142/200] trn/acc1 7.88e-01, trn/loss 1.30e+00, trn/loss_ce 6.98e-01, trn/loss_wd 1.20e+03, trn/lr 2.06e-02
[2022-02-05 02:53:30,699][INFO] [Epoch 143/200] trn/acc1 7.88e-01, trn/loss 1.29e+00, trn/loss_ce 6.93e-01, trn/loss_wd 1.20e+03, trn/lr 2.00e-02
[2022-02-05 02:53:34,254][INFO] [Epoch 144/200] trn/acc1 7.91e-01, trn/loss 1.28e+00, trn/loss_ce 6.86e-01, trn/loss_wd 1.19e+03, trn/lr 1.93e-02
[2022-02-05 02:53:37,818][INFO] [Epoch 145/200] trn/acc1 7.94e-01, trn/loss 1.27e+00, trn/loss_ce 6.72e-01, trn/loss_wd 1.19e+03, trn/lr 1.87e-02
[2022-02-05 02:53:41,383][INFO] [Epoch 146/200] trn/acc1 8.00e-01, trn/loss 1.25e+00, trn/loss_ce 6.55e-01, trn/loss_wd 1.18e+03, trn/lr 1.81e-02
[2022-02-05 02:53:44,951][INFO] [Epoch 147/200] trn/acc1 8.03e-01, trn/loss 1.23e+00, trn/loss_ce 6.47e-01, trn/loss_wd 1.17e+03, trn/lr 1.75e-02
[2022-02-05 02:53:48,509][INFO] [Epoch 148/200] trn/acc1 8.05e-01, trn/loss 1.22e+00, trn/loss_ce 6.34e-01, trn/loss_wd 1.17e+03, trn/lr 1.68e-02
[2022-02-05 02:53:52,070][INFO] [Epoch 149/200] trn/acc1 8.11e-01, trn/loss 1.20e+00, trn/loss_ce 6.15e-01, trn/loss_wd 1.16e+03, trn/lr 1.62e-02
[2022-02-05 02:53:55,629][INFO] [Epoch 150/200] trn/acc1 8.15e-01, trn/loss 1.19e+00, trn/loss_ce 6.09e-01, trn/loss_wd 1.15e+03, trn/lr 1.57e-02
[2022-02-05 02:53:59,192][INFO] [Epoch 151/200] trn/acc1 8.17e-01, trn/loss 1.17e+00, trn/loss_ce 5.94e-01, trn/loss_wd 1.15e+03, trn/lr 1.51e-02
[2022-02-05 02:54:02,749][INFO] [Epoch 152/200] trn/acc1 8.23e-01, trn/loss 1.15e+00, trn/loss_ce 5.80e-01, trn/loss_wd 1.14e+03, trn/lr 1.45e-02
[2022-02-05 02:54:06,306][INFO] [Epoch 153/200] trn/acc1 8.26e-01, trn/loss 1.14e+00, trn/loss_ce 5.70e-01, trn/loss_wd 1.13e+03, trn/lr 1.39e-02
[2022-02-05 02:54:09,867][INFO] [Epoch 154/200] trn/acc1 8.28e-01, trn/loss 1.12e+00, trn/loss_ce 5.59e-01, trn/loss_wd 1.13e+03, trn/lr 1.34e-02
[2022-02-05 02:54:13,420][INFO] [Epoch 155/200] trn/acc1 8.34e-01, trn/loss 1.10e+00, trn/loss_ce 5.42e-01, trn/loss_wd 1.12e+03, trn/lr 1.28e-02
[2022-02-05 02:54:16,985][INFO] [Epoch 156/200] trn/acc1 8.39e-01, trn/loss 1.08e+00, trn/loss_ce 5.27e-01, trn/loss_wd 1.11e+03, trn/lr 1.23e-02
[2022-02-05 02:54:20,558][INFO] [Epoch 157/200] trn/acc1 8.43e-01, trn/loss 1.07e+00, trn/loss_ce 5.11e-01, trn/loss_wd 1.11e+03, trn/lr 1.18e-02
[2022-02-05 02:54:24,123][INFO] [Epoch 158/200] trn/acc1 8.47e-01, trn/loss 1.05e+00, trn/loss_ce 5.04e-01, trn/loss_wd 1.10e+03, trn/lr 1.13e-02
[2022-02-05 02:54:27,681][INFO] [Epoch 159/200] trn/acc1 8.52e-01, trn/loss 1.03e+00, trn/loss_ce 4.85e-01, trn/loss_wd 1.09e+03, trn/lr 1.08e-02
[2022-02-05 02:54:31,241][INFO] [Epoch 160/200] trn/acc1 8.57e-01, trn/loss 1.01e+00, trn/loss_ce 4.70e-01, trn/loss_wd 1.09e+03, trn/lr 1.03e-02
[2022-02-05 02:54:31,410][INFO] [Epoch 160/200] Validation: val/acc1 0.6484, val/loss_ce 1.3403
[2022-02-05 02:54:35,142][INFO] [Epoch 161/200] trn/acc1 8.59e-01, trn/loss 1.00e+00, trn/loss_ce 4.60e-01, trn/loss_wd 1.08e+03, trn/lr 9.79e-03
[2022-02-05 02:54:38,825][INFO] [Epoch 162/200] trn/acc1 8.65e-01, trn/loss 9.83e-01, trn/loss_ce 4.46e-01, trn/loss_wd 1.07e+03, trn/lr 9.31e-03
[2022-02-05 02:54:42,389][INFO] [Epoch 163/200] trn/acc1 8.70e-01, trn/loss 9.62e-01, trn/loss_ce 4.28e-01, trn/loss_wd 1.07e+03, trn/lr 8.85e-03
[2022-02-05 02:54:45,959][INFO] [Epoch 164/200] trn/acc1 8.71e-01, trn/loss 9.51e-01, trn/loss_ce 4.20e-01, trn/loss_wd 1.06e+03, trn/lr 8.40e-03
[2022-02-05 02:54:49,520][INFO] [Epoch 165/200] trn/acc1 8.78e-01, trn/loss 9.33e-01, trn/loss_ce 4.05e-01, trn/loss_wd 1.05e+03, trn/lr 7.96e-03
[2022-02-05 02:54:53,090][INFO] [Epoch 166/200] trn/acc1 8.81e-01, trn/loss 9.16e-01, trn/loss_ce 3.92e-01, trn/loss_wd 1.05e+03, trn/lr 7.53e-03
[2022-02-05 02:54:56,662][INFO] [Epoch 167/200] trn/acc1 8.88e-01, trn/loss 8.97e-01, trn/loss_ce 3.76e-01, trn/loss_wd 1.04e+03, trn/lr 7.11e-03
[2022-02-05 02:55:00,223][INFO] [Epoch 168/200] trn/acc1 8.91e-01, trn/loss 8.78e-01, trn/loss_ce 3.61e-01, trn/loss_wd 1.03e+03, trn/lr 6.70e-03
[2022-02-05 02:55:03,784][INFO] [Epoch 169/200] trn/acc1 8.94e-01, trn/loss 8.66e-01, trn/loss_ce 3.52e-01, trn/loss_wd 1.03e+03, trn/lr 6.30e-03
[2022-02-05 02:55:07,354][INFO] [Epoch 170/200] trn/acc1 9.03e-01, trn/loss 8.40e-01, trn/loss_ce 3.29e-01, trn/loss_wd 1.02e+03, trn/lr 5.92e-03
[2022-02-05 02:55:10,917][INFO] [Epoch 171/200] trn/acc1 9.05e-01, trn/loss 8.30e-01, trn/loss_ce 3.22e-01, trn/loss_wd 1.02e+03, trn/lr 5.54e-03
[2022-02-05 02:55:14,479][INFO] [Epoch 172/200] trn/acc1 9.11e-01, trn/loss 8.12e-01, trn/loss_ce 3.07e-01, trn/loss_wd 1.01e+03, trn/lr 5.18e-03
[2022-02-05 02:55:18,043][INFO] [Epoch 173/200] trn/acc1 9.15e-01, trn/loss 7.97e-01, trn/loss_ce 2.95e-01, trn/loss_wd 1.00e+03, trn/lr 4.83e-03
[2022-02-05 02:55:21,608][INFO] [Epoch 174/200] trn/acc1 9.18e-01, trn/loss 7.82e-01, trn/loss_ce 2.83e-01, trn/loss_wd 9.99e+02, trn/lr 4.49e-03
[2022-02-05 02:55:25,163][INFO] [Epoch 175/200] trn/acc1 9.24e-01, trn/loss 7.67e-01, trn/loss_ce 2.70e-01, trn/loss_wd 9.93e+02, trn/lr 4.16e-03
[2022-02-05 02:55:28,736][INFO] [Epoch 176/200] trn/acc1 9.26e-01, trn/loss 7.54e-01, trn/loss_ce 2.60e-01, trn/loss_wd 9.88e+02, trn/lr 3.85e-03
[2022-02-05 02:55:32,300][INFO] [Epoch 177/200] trn/acc1 9.32e-01, trn/loss 7.39e-01, trn/loss_ce 2.47e-01, trn/loss_wd 9.83e+02, trn/lr 3.54e-03
[2022-02-05 02:55:35,862][INFO] [Epoch 178/200] trn/acc1 9.36e-01, trn/loss 7.24e-01, trn/loss_ce 2.35e-01, trn/loss_wd 9.79e+02, trn/lr 3.25e-03
[2022-02-05 02:55:39,421][INFO] [Epoch 179/200] trn/acc1 9.40e-01, trn/loss 7.11e-01, trn/loss_ce 2.24e-01, trn/loss_wd 9.74e+02, trn/lr 2.97e-03
[2022-02-05 02:55:42,991][INFO] [Epoch 180/200] trn/acc1 9.42e-01, trn/loss 7.02e-01, trn/loss_ce 2.17e-01, trn/loss_wd 9.70e+02, trn/lr 2.70e-03
[2022-02-05 02:55:43,168][INFO] [Epoch 180/200] Validation: val/acc1 0.6914, val/loss_ce 1.2566
[2022-02-05 02:55:46,904][INFO] [Epoch 181/200] trn/acc1 9.45e-01, trn/loss 6.91e-01, trn/loss_ce 2.08e-01, trn/loss_wd 9.66e+02, trn/lr 2.45e-03
[2022-02-05 02:55:47,073][INFO] [Epoch 181/200] Validation: val/acc1 0.6956, val/loss_ce 1.2814
[2022-02-05 02:55:50,878][INFO] [Epoch 182/200] trn/acc1 9.48e-01, trn/loss 6.83e-01, trn/loss_ce 2.02e-01, trn/loss_wd 9.62e+02, trn/lr 2.21e-03
[2022-02-05 02:55:51,052][INFO] [Epoch 182/200] Validation: val/acc1 0.6928, val/loss_ce 1.2737
[2022-02-05 02:55:54,673][INFO] [Epoch 183/200] trn/acc1 9.52e-01, trn/loss 6.72e-01, trn/loss_ce 1.92e-01, trn/loss_wd 9.59e+02, trn/lr 1.97e-03
[2022-02-05 02:55:54,846][INFO] [Epoch 183/200] Validation: val/acc1 0.6960, val/loss_ce 1.2535
[2022-02-05 02:55:58,644][INFO] [Epoch 184/200] trn/acc1 9.55e-01, trn/loss 6.64e-01, trn/loss_ce 1.86e-01, trn/loss_wd 9.56e+02, trn/lr 1.76e-03
[2022-02-05 02:55:58,819][INFO] [Epoch 184/200] Validation: val/acc1 0.7006, val/loss_ce 1.2516
[2022-02-05 02:56:02,583][INFO] [Epoch 185/200] trn/acc1 9.56e-01, trn/loss 6.59e-01, trn/loss_ce 1.82e-01, trn/loss_wd 9.53e+02, trn/lr 1.55e-03
[2022-02-05 02:56:02,800][INFO] [Epoch 185/200] Validation: val/acc1 0.6984, val/loss_ce 1.2435
[2022-02-05 02:56:06,458][INFO] [Epoch 186/200] trn/acc1 9.58e-01, trn/loss 6.51e-01, trn/loss_ce 1.76e-01, trn/loss_wd 9.51e+02, trn/lr 1.36e-03
[2022-02-05 02:56:06,733][INFO] [Epoch 186/200] Validation: val/acc1 0.7012, val/loss_ce 1.2477
[2022-02-05 02:56:10,446][INFO] [Epoch 187/200] trn/acc1 9.59e-01, trn/loss 6.45e-01, trn/loss_ce 1.70e-01, trn/loss_wd 9.49e+02, trn/lr 1.18e-03
[2022-02-05 02:56:10,614][INFO] [Epoch 187/200] Validation: val/acc1 0.6978, val/loss_ce 1.2537
[2022-02-05 02:56:14,241][INFO] [Epoch 188/200] trn/acc1 9.62e-01, trn/loss 6.37e-01, trn/loss_ce 1.64e-01, trn/loss_wd 9.47e+02, trn/lr 1.01e-03
[2022-02-05 02:56:14,407][INFO] [Epoch 188/200] Validation: val/acc1 0.6998, val/loss_ce 1.2581
[2022-02-05 02:56:18,039][INFO] [Epoch 189/200] trn/acc1 9.65e-01, trn/loss 6.31e-01, trn/loss_ce 1.58e-01, trn/loss_wd 9.45e+02, trn/lr 8.56e-04
[2022-02-05 02:56:18,207][INFO] [Epoch 189/200] Validation: val/acc1 0.6994, val/loss_ce 1.2570
[2022-02-05 02:56:21,830][INFO] [Epoch 190/200] trn/acc1 9.64e-01, trn/loss 6.29e-01, trn/loss_ce 1.57e-01, trn/loss_wd 9.44e+02, trn/lr 7.14e-04
[2022-02-05 02:56:21,999][INFO] [Epoch 190/200] Validation: val/acc1 0.6966, val/loss_ce 1.2535
[2022-02-05 02:56:25,611][INFO] [Epoch 191/200] trn/acc1 9.66e-01, trn/loss 6.26e-01, trn/loss_ce 1.54e-01, trn/loss_wd 9.43e+02, trn/lr 5.85e-04
[2022-02-05 02:56:25,793][INFO] [Epoch 191/200] Validation: val/acc1 0.6980, val/loss_ce 1.2591
[2022-02-05 02:56:29,408][INFO] [Epoch 192/200] trn/acc1 9.66e-01, trn/loss 6.23e-01, trn/loss_ce 1.52e-01, trn/loss_wd 9.42e+02, trn/lr 4.69e-04
[2022-02-05 02:56:29,575][INFO] [Epoch 192/200] Validation: val/acc1 0.7000, val/loss_ce 1.2543
[2022-02-05 02:56:33,206][INFO] [Epoch 193/200] trn/acc1 9.67e-01, trn/loss 6.20e-01, trn/loss_ce 1.49e-01, trn/loss_wd 9.41e+02, trn/lr 3.65e-04
[2022-02-05 02:56:33,391][INFO] [Epoch 193/200] Validation: val/acc1 0.7020, val/loss_ce 1.2556
[2022-02-05 02:56:37,055][INFO] [Epoch 194/200] trn/acc1 9.68e-01, trn/loss 6.18e-01, trn/loss_ce 1.48e-01, trn/loss_wd 9.40e+02, trn/lr 2.75e-04
[2022-02-05 02:56:37,226][INFO] [Epoch 194/200] Validation: val/acc1 0.7046, val/loss_ce 1.2558
[2022-02-05 02:56:40,892][INFO] [Epoch 195/200] trn/acc1 9.68e-01, trn/loss 6.16e-01, trn/loss_ce 1.46e-01, trn/loss_wd 9.40e+02, trn/lr 1.97e-04
[2022-02-05 02:56:41,061][INFO] [Epoch 195/200] Validation: val/acc1 0.7014, val/loss_ce 1.2572
[2022-02-05 02:56:44,683][INFO] [Epoch 196/200] trn/acc1 9.70e-01, trn/loss 6.14e-01, trn/loss_ce 1.44e-01, trn/loss_wd 9.39e+02, trn/lr 1.32e-04
[2022-02-05 02:56:44,850][INFO] [Epoch 196/200] Validation: val/acc1 0.7008, val/loss_ce 1.2566
[2022-02-05 02:56:48,475][INFO] [Epoch 197/200] trn/acc1 9.70e-01, trn/loss 6.13e-01, trn/loss_ce 1.44e-01, trn/loss_wd 9.39e+02, trn/lr 8.01e-05
[2022-02-05 02:56:48,643][INFO] [Epoch 197/200] Validation: val/acc1 0.7010, val/loss_ce 1.2619
[2022-02-05 02:56:52,264][INFO] [Epoch 198/200] trn/acc1 9.70e-01, trn/loss 6.13e-01, trn/loss_ce 1.44e-01, trn/loss_wd 9.39e+02, trn/lr 4.11e-05
[2022-02-05 02:56:52,432][INFO] [Epoch 198/200] Validation: val/acc1 0.6998, val/loss_ce 1.2583
[2022-02-05 02:56:56,063][INFO] [Epoch 199/200] trn/acc1 9.71e-01, trn/loss 6.10e-01, trn/loss_ce 1.41e-01, trn/loss_wd 9.39e+02, trn/lr 1.52e-05
[2022-02-05 02:56:56,230][INFO] [Epoch 199/200] Validation: val/acc1 0.6976, val/loss_ce 1.2598
[2022-02-05 02:56:59,846][INFO] [Epoch 200/200] trn/acc1 9.70e-01, trn/loss 6.11e-01, trn/loss_ce 1.41e-01, trn/loss_wd 9.39e+02, trn/lr 2.17e-06
[2022-02-05 02:57:00,013][INFO] [Epoch 200/200] Validation: val/acc1 0.7008, val/loss_ce 1.2571
