[2022-02-07 15:38:36,808][INFO] Environments:
------------  ---------------------------------------------------------------------------
sys.platform  linux
Python        3.7.11 (default, Nov 23 2021, 05:29:02) [GCC 7.5.0]
JAX           0.2.27 @/mnt/data1/giung/venvs/jax0.2.27/lib/python3.7/site-packages/jax
jaxlib        0.1.75 @/mnt/data1/giung/venvs/jax0.2.27/lib/python3.7/site-packages/jaxlib
Flax          0.4.0 @/mnt/data1/giung/venvs/jax0.2.27/lib/python3.7/site-packages/flax
Optax         0.1.0 @/mnt/data1/giung/venvs/jax0.2.27/lib/python3.7/site-packages/optax
------------  ---------------------------------------------------------------------------

[2022-02-07 15:38:36,808][INFO] Command line arguments:
Namespace(batch_size=128, config_file='./configs/C100_VGG19-ReLU_SGD.yaml', keep_every_n_checkpoints=None, learning_rate=0.05, num_epochs=200, num_warmup_epochs=5, opts=[], output_dir='./outputs/C100_VGG19-ReLU/SGD/s42_e200_wd5e-4/', seed=42, weight_decay=0.0005)

[2022-02-07 15:38:36,808][INFO] Using a random seed 42

[2022-02-07 15:38:36,844][INFO] Unable to initialize backend 'tpu_driver': NOT_FOUND: Unable to find driver in registry given worker: 
[2022-02-07 15:38:37,047][INFO] Unable to initialize backend 'tpu': INVALID_ARGUMENT: TpuPlatform is not available.
[2022-02-07 15:40:07,703][INFO] Found no checkpoint files in outputs/C100_VGG19-ReLU/SGD/s42_e200_wd5e-4
[2022-02-07 15:40:27,401][INFO] [Epoch   1/200] trn/acc1 3.53e-02, trn/loss 7.67e+00, trn/loss_ce 4.37e+00, trn/loss_wd 6.59e+03, trn/lr 4.99e-03
[2022-02-07 15:40:29,121][INFO] [Epoch   1/200] Validation: val/acc1 0.0596, val/loss_ce 4.1130
[2022-02-07 15:40:51,103][INFO] [Epoch   2/200] trn/acc1 6.94e-02, trn/loss 7.23e+00, trn/loss_ce 4.04e+00, trn/loss_wd 6.38e+03, trn/lr 1.50e-02
[2022-02-07 15:40:57,499][INFO] [Epoch   3/200] trn/acc1 9.46e-02, trn/loss 6.84e+00, trn/loss_ce 3.85e+00, trn/loss_wd 5.98e+03, trn/lr 2.50e-02
[2022-02-07 15:41:04,333][INFO] [Epoch   4/200] trn/acc1 1.19e-01, trn/loss 6.43e+00, trn/loss_ce 3.71e+00, trn/loss_wd 5.45e+03, trn/lr 3.50e-02
[2022-02-07 15:41:10,101][INFO] [Epoch   5/200] trn/acc1 1.47e-01, trn/loss 5.95e+00, trn/loss_ce 3.53e+00, trn/loss_wd 4.84e+03, trn/lr 4.50e-02
[2022-02-07 15:41:16,825][INFO] [Epoch   6/200] trn/acc1 1.73e-01, trn/loss 5.47e+00, trn/loss_ce 3.36e+00, trn/loss_wd 4.24e+03, trn/lr 5.00e-02
[2022-02-07 15:41:26,377][INFO] [Epoch   7/200] trn/acc1 2.04e-01, trn/loss 5.06e+00, trn/loss_ce 3.20e+00, trn/loss_wd 3.73e+03, trn/lr 5.00e-02
[2022-02-07 15:41:32,161][INFO] [Epoch   8/200] trn/acc1 2.43e-01, trn/loss 4.65e+00, trn/loss_ce 2.99e+00, trn/loss_wd 3.33e+03, trn/lr 5.00e-02
[2022-02-07 15:41:37,930][INFO] [Epoch   9/200] trn/acc1 2.70e-01, trn/loss 4.36e+00, trn/loss_ce 2.85e+00, trn/loss_wd 3.01e+03, trn/lr 5.00e-02
[2022-02-07 15:41:43,705][INFO] [Epoch  10/200] trn/acc1 2.99e-01, trn/loss 4.08e+00, trn/loss_ce 2.70e+00, trn/loss_wd 2.75e+03, trn/lr 4.99e-02
[2022-02-07 15:41:49,483][INFO] [Epoch  11/200] trn/acc1 3.23e-01, trn/loss 3.85e+00, trn/loss_ce 2.58e+00, trn/loss_wd 2.54e+03, trn/lr 4.99e-02
[2022-02-07 15:41:55,265][INFO] [Epoch  12/200] trn/acc1 3.47e-01, trn/loss 3.69e+00, trn/loss_ce 2.50e+00, trn/loss_wd 2.38e+03, trn/lr 4.99e-02
[2022-02-07 15:42:01,050][INFO] [Epoch  13/200] trn/acc1 3.64e-01, trn/loss 3.55e+00, trn/loss_ce 2.42e+00, trn/loss_wd 2.26e+03, trn/lr 4.98e-02
[2022-02-07 15:42:06,836][INFO] [Epoch  14/200] trn/acc1 3.80e-01, trn/loss 3.44e+00, trn/loss_ce 2.35e+00, trn/loss_wd 2.17e+03, trn/lr 4.98e-02
[2022-02-07 15:42:12,628][INFO] [Epoch  15/200] trn/acc1 3.93e-01, trn/loss 3.35e+00, trn/loss_ce 2.30e+00, trn/loss_wd 2.10e+03, trn/lr 4.97e-02
[2022-02-07 15:42:18,432][INFO] [Epoch  16/200] trn/acc1 4.10e-01, trn/loss 3.26e+00, trn/loss_ce 2.23e+00, trn/loss_wd 2.05e+03, trn/lr 4.96e-02
[2022-02-07 15:42:24,229][INFO] [Epoch  17/200] trn/acc1 4.24e-01, trn/loss 3.19e+00, trn/loss_ce 2.19e+00, trn/loss_wd 2.01e+03, trn/lr 4.96e-02
[2022-02-07 15:42:30,151][INFO] [Epoch  18/200] trn/acc1 4.36e-01, trn/loss 3.14e+00, trn/loss_ce 2.14e+00, trn/loss_wd 1.99e+03, trn/lr 4.95e-02
[2022-02-07 15:42:35,945][INFO] [Epoch  19/200] trn/acc1 4.44e-01, trn/loss 3.10e+00, trn/loss_ce 2.10e+00, trn/loss_wd 1.99e+03, trn/lr 4.94e-02
[2022-02-07 15:42:41,748][INFO] [Epoch  20/200] trn/acc1 4.54e-01, trn/loss 3.05e+00, trn/loss_ce 2.06e+00, trn/loss_wd 1.99e+03, trn/lr 4.93e-02
[2022-02-07 15:42:41,898][INFO] [Epoch  20/200] Validation: val/acc1 0.4360, val/loss_ce 2.1819
[2022-02-07 15:42:57,071][INFO] [Epoch  21/200] trn/acc1 4.69e-01, trn/loss 3.00e+00, trn/loss_ce 2.01e+00, trn/loss_wd 1.99e+03, trn/lr 4.92e-02
[2022-02-07 15:43:02,850][INFO] [Epoch  22/200] trn/acc1 4.72e-01, trn/loss 2.98e+00, trn/loss_ce 1.98e+00, trn/loss_wd 1.99e+03, trn/lr 4.91e-02
[2022-02-07 15:43:08,636][INFO] [Epoch  23/200] trn/acc1 4.79e-01, trn/loss 2.96e+00, trn/loss_ce 1.96e+00, trn/loss_wd 2.01e+03, trn/lr 4.90e-02
[2022-02-07 15:43:14,427][INFO] [Epoch  24/200] trn/acc1 4.90e-01, trn/loss 2.94e+00, trn/loss_ce 1.92e+00, trn/loss_wd 2.03e+03, trn/lr 4.89e-02
[2022-02-07 15:43:20,219][INFO] [Epoch  25/200] trn/acc1 4.98e-01, trn/loss 2.92e+00, trn/loss_ce 1.89e+00, trn/loss_wd 2.05e+03, trn/lr 4.88e-02
[2022-02-07 15:43:26,008][INFO] [Epoch  26/200] trn/acc1 5.02e-01, trn/loss 2.91e+00, trn/loss_ce 1.88e+00, trn/loss_wd 2.07e+03, trn/lr 4.86e-02
[2022-02-07 15:43:31,794][INFO] [Epoch  27/200] trn/acc1 5.10e-01, trn/loss 2.90e+00, trn/loss_ce 1.86e+00, trn/loss_wd 2.09e+03, trn/lr 4.85e-02
[2022-02-07 15:43:37,607][INFO] [Epoch  28/200] trn/acc1 5.14e-01, trn/loss 2.89e+00, trn/loss_ce 1.83e+00, trn/loss_wd 2.12e+03, trn/lr 4.84e-02
[2022-02-07 15:43:43,412][INFO] [Epoch  29/200] trn/acc1 5.20e-01, trn/loss 2.87e+00, trn/loss_ce 1.80e+00, trn/loss_wd 2.14e+03, trn/lr 4.82e-02
[2022-02-07 15:43:49,214][INFO] [Epoch  30/200] trn/acc1 5.28e-01, trn/loss 2.87e+00, trn/loss_ce 1.78e+00, trn/loss_wd 2.16e+03, trn/lr 4.81e-02
[2022-02-07 15:43:55,017][INFO] [Epoch  31/200] trn/acc1 5.35e-01, trn/loss 2.86e+00, trn/loss_ce 1.76e+00, trn/loss_wd 2.19e+03, trn/lr 4.79e-02
[2022-02-07 15:44:00,825][INFO] [Epoch  32/200] trn/acc1 5.40e-01, trn/loss 2.85e+00, trn/loss_ce 1.74e+00, trn/loss_wd 2.21e+03, trn/lr 4.78e-02
[2022-02-07 15:44:06,627][INFO] [Epoch  33/200] trn/acc1 5.44e-01, trn/loss 2.85e+00, trn/loss_ce 1.74e+00, trn/loss_wd 2.23e+03, trn/lr 4.76e-02
[2022-02-07 15:44:12,441][INFO] [Epoch  34/200] trn/acc1 5.52e-01, trn/loss 2.83e+00, trn/loss_ce 1.70e+00, trn/loss_wd 2.25e+03, trn/lr 4.74e-02
[2022-02-07 15:44:18,270][INFO] [Epoch  35/200] trn/acc1 5.52e-01, trn/loss 2.84e+00, trn/loss_ce 1.70e+00, trn/loss_wd 2.28e+03, trn/lr 4.72e-02
[2022-02-07 15:44:24,094][INFO] [Epoch  36/200] trn/acc1 5.54e-01, trn/loss 2.85e+00, trn/loss_ce 1.69e+00, trn/loss_wd 2.31e+03, trn/lr 4.70e-02
[2022-02-07 15:44:29,923][INFO] [Epoch  37/200] trn/acc1 5.58e-01, trn/loss 2.84e+00, trn/loss_ce 1.67e+00, trn/loss_wd 2.33e+03, trn/lr 4.68e-02
[2022-02-07 15:44:35,738][INFO] [Epoch  38/200] trn/acc1 5.67e-01, trn/loss 2.81e+00, trn/loss_ce 1.64e+00, trn/loss_wd 2.36e+03, trn/lr 4.67e-02
[2022-02-07 15:44:41,559][INFO] [Epoch  39/200] trn/acc1 5.70e-01, trn/loss 2.82e+00, trn/loss_ce 1.63e+00, trn/loss_wd 2.37e+03, trn/lr 4.64e-02
[2022-02-07 15:44:47,383][INFO] [Epoch  40/200] trn/acc1 5.70e-01, trn/loss 2.83e+00, trn/loss_ce 1.63e+00, trn/loss_wd 2.40e+03, trn/lr 4.62e-02
[2022-02-07 15:44:47,535][INFO] [Epoch  40/200] Validation: val/acc1 0.5170, val/loss_ce 1.8821
[2022-02-07 15:45:00,833][INFO] [Epoch  41/200] trn/acc1 5.69e-01, trn/loss 2.83e+00, trn/loss_ce 1.62e+00, trn/loss_wd 2.42e+03, trn/lr 4.60e-02
[2022-02-07 15:45:06,632][INFO] [Epoch  42/200] trn/acc1 5.79e-01, trn/loss 2.82e+00, trn/loss_ce 1.60e+00, trn/loss_wd 2.44e+03, trn/lr 4.58e-02
[2022-02-07 15:45:12,439][INFO] [Epoch  43/200] trn/acc1 5.85e-01, trn/loss 2.80e+00, trn/loss_ce 1.58e+00, trn/loss_wd 2.45e+03, trn/lr 4.56e-02
[2022-02-07 15:45:18,237][INFO] [Epoch  44/200] trn/acc1 5.85e-01, trn/loss 2.81e+00, trn/loss_ce 1.58e+00, trn/loss_wd 2.47e+03, trn/lr 4.53e-02
[2022-02-07 15:45:24,037][INFO] [Epoch  45/200] trn/acc1 5.88e-01, trn/loss 2.81e+00, trn/loss_ce 1.56e+00, trn/loss_wd 2.48e+03, trn/lr 4.51e-02
[2022-02-07 15:45:29,847][INFO] [Epoch  46/200] trn/acc1 5.95e-01, trn/loss 2.78e+00, trn/loss_ce 1.53e+00, trn/loss_wd 2.50e+03, trn/lr 4.49e-02
[2022-02-07 15:45:35,711][INFO] [Epoch  47/200] trn/acc1 5.96e-01, trn/loss 2.78e+00, trn/loss_ce 1.53e+00, trn/loss_wd 2.51e+03, trn/lr 4.46e-02
[2022-02-07 15:45:41,520][INFO] [Epoch  48/200] trn/acc1 5.98e-01, trn/loss 2.77e+00, trn/loss_ce 1.52e+00, trn/loss_wd 2.51e+03, trn/lr 4.44e-02
[2022-02-07 15:45:47,328][INFO] [Epoch  49/200] trn/acc1 6.03e-01, trn/loss 2.76e+00, trn/loss_ce 1.49e+00, trn/loss_wd 2.53e+03, trn/lr 4.41e-02
[2022-02-07 15:45:53,135][INFO] [Epoch  50/200] trn/acc1 6.07e-01, trn/loss 2.76e+00, trn/loss_ce 1.49e+00, trn/loss_wd 2.54e+03, trn/lr 4.38e-02
[2022-02-07 15:45:58,949][INFO] [Epoch  51/200] trn/acc1 6.06e-01, trn/loss 2.77e+00, trn/loss_ce 1.49e+00, trn/loss_wd 2.55e+03, trn/lr 4.36e-02
[2022-02-07 15:46:04,747][INFO] [Epoch  52/200] trn/acc1 6.08e-01, trn/loss 2.76e+00, trn/loss_ce 1.48e+00, trn/loss_wd 2.57e+03, trn/lr 4.33e-02
[2022-02-07 15:46:10,552][INFO] [Epoch  53/200] trn/acc1 6.15e-01, trn/loss 2.75e+00, trn/loss_ce 1.46e+00, trn/loss_wd 2.58e+03, trn/lr 4.30e-02
[2022-02-07 15:46:16,352][INFO] [Epoch  54/200] trn/acc1 6.19e-01, trn/loss 2.73e+00, trn/loss_ce 1.43e+00, trn/loss_wd 2.59e+03, trn/lr 4.27e-02
[2022-02-07 15:46:22,177][INFO] [Epoch  55/200] trn/acc1 6.26e-01, trn/loss 2.71e+00, trn/loss_ce 1.41e+00, trn/loss_wd 2.59e+03, trn/lr 4.25e-02
[2022-02-07 15:46:27,990][INFO] [Epoch  56/200] trn/acc1 6.21e-01, trn/loss 2.72e+00, trn/loss_ce 1.42e+00, trn/loss_wd 2.60e+03, trn/lr 4.22e-02
[2022-02-07 15:46:33,806][INFO] [Epoch  57/200] trn/acc1 6.24e-01, trn/loss 2.72e+00, trn/loss_ce 1.42e+00, trn/loss_wd 2.61e+03, trn/lr 4.19e-02
[2022-02-07 15:46:39,613][INFO] [Epoch  58/200] trn/acc1 6.33e-01, trn/loss 2.70e+00, trn/loss_ce 1.39e+00, trn/loss_wd 2.62e+03, trn/lr 4.16e-02
[2022-02-07 15:46:45,424][INFO] [Epoch  59/200] trn/acc1 6.35e-01, trn/loss 2.69e+00, trn/loss_ce 1.38e+00, trn/loss_wd 2.62e+03, trn/lr 4.13e-02
[2022-02-07 15:46:51,239][INFO] [Epoch  60/200] trn/acc1 6.35e-01, trn/loss 2.69e+00, trn/loss_ce 1.38e+00, trn/loss_wd 2.63e+03, trn/lr 4.10e-02
[2022-02-07 15:46:51,390][INFO] [Epoch  60/200] Validation: val/acc1 0.5686, val/loss_ce 1.7070
[2022-02-07 15:47:06,506][INFO] [Epoch  61/200] trn/acc1 6.40e-01, trn/loss 2.67e+00, trn/loss_ce 1.35e+00, trn/loss_wd 2.64e+03, trn/lr 4.07e-02
[2022-02-07 15:47:12,301][INFO] [Epoch  62/200] trn/acc1 6.41e-01, trn/loss 2.67e+00, trn/loss_ce 1.35e+00, trn/loss_wd 2.65e+03, trn/lr 4.03e-02
[2022-02-07 15:47:18,098][INFO] [Epoch  63/200] trn/acc1 6.49e-01, trn/loss 2.65e+00, trn/loss_ce 1.33e+00, trn/loss_wd 2.65e+03, trn/lr 4.00e-02
[2022-02-07 15:47:23,888][INFO] [Epoch  64/200] trn/acc1 6.51e-01, trn/loss 2.64e+00, trn/loss_ce 1.31e+00, trn/loss_wd 2.67e+03, trn/lr 3.97e-02
[2022-02-07 15:47:29,691][INFO] [Epoch  65/200] trn/acc1 6.53e-01, trn/loss 2.63e+00, trn/loss_ce 1.30e+00, trn/loss_wd 2.67e+03, trn/lr 3.94e-02
[2022-02-07 15:47:35,489][INFO] [Epoch  66/200] trn/acc1 6.60e-01, trn/loss 2.61e+00, trn/loss_ce 1.27e+00, trn/loss_wd 2.67e+03, trn/lr 3.90e-02
[2022-02-07 15:47:41,285][INFO] [Epoch  67/200] trn/acc1 6.56e-01, trn/loss 2.62e+00, trn/loss_ce 1.29e+00, trn/loss_wd 2.67e+03, trn/lr 3.87e-02
[2022-02-07 15:47:47,079][INFO] [Epoch  68/200] trn/acc1 6.64e-01, trn/loss 2.60e+00, trn/loss_ce 1.26e+00, trn/loss_wd 2.67e+03, trn/lr 3.84e-02
[2022-02-07 15:47:52,878][INFO] [Epoch  69/200] trn/acc1 6.63e-01, trn/loss 2.60e+00, trn/loss_ce 1.26e+00, trn/loss_wd 2.68e+03, trn/lr 3.80e-02
[2022-02-07 15:47:58,684][INFO] [Epoch  70/200] trn/acc1 6.69e-01, trn/loss 2.58e+00, trn/loss_ce 1.24e+00, trn/loss_wd 2.68e+03, trn/lr 3.77e-02
[2022-02-07 15:48:04,491][INFO] [Epoch  71/200] trn/acc1 6.70e-01, trn/loss 2.56e+00, trn/loss_ce 1.22e+00, trn/loss_wd 2.68e+03, trn/lr 3.73e-02
[2022-02-07 15:48:10,297][INFO] [Epoch  72/200] trn/acc1 6.75e-01, trn/loss 2.56e+00, trn/loss_ce 1.22e+00, trn/loss_wd 2.68e+03, trn/lr 3.70e-02
[2022-02-07 15:48:16,112][INFO] [Epoch  73/200] trn/acc1 6.80e-01, trn/loss 2.53e+00, trn/loss_ce 1.19e+00, trn/loss_wd 2.68e+03, trn/lr 3.66e-02
[2022-02-07 15:48:21,925][INFO] [Epoch  74/200] trn/acc1 6.80e-01, trn/loss 2.53e+00, trn/loss_ce 1.19e+00, trn/loss_wd 2.68e+03, trn/lr 3.63e-02
[2022-02-07 15:48:27,737][INFO] [Epoch  75/200] trn/acc1 6.82e-01, trn/loss 2.53e+00, trn/loss_ce 1.19e+00, trn/loss_wd 2.69e+03, trn/lr 3.59e-02
[2022-02-07 15:48:33,535][INFO] [Epoch  76/200] trn/acc1 6.88e-01, trn/loss 2.50e+00, trn/loss_ce 1.16e+00, trn/loss_wd 2.69e+03, trn/lr 3.55e-02
[2022-02-07 15:48:39,356][INFO] [Epoch  77/200] trn/acc1 6.91e-01, trn/loss 2.50e+00, trn/loss_ce 1.16e+00, trn/loss_wd 2.68e+03, trn/lr 3.52e-02
[2022-02-07 15:48:45,288][INFO] [Epoch  78/200] trn/acc1 6.94e-01, trn/loss 2.48e+00, trn/loss_ce 1.14e+00, trn/loss_wd 2.68e+03, trn/lr 3.48e-02
[2022-02-07 15:48:51,096][INFO] [Epoch  79/200] trn/acc1 6.97e-01, trn/loss 2.47e+00, trn/loss_ce 1.13e+00, trn/loss_wd 2.68e+03, trn/lr 3.44e-02
[2022-02-07 15:48:56,912][INFO] [Epoch  80/200] trn/acc1 6.97e-01, trn/loss 2.48e+00, trn/loss_ce 1.13e+00, trn/loss_wd 2.69e+03, trn/lr 3.41e-02
[2022-02-07 15:48:57,062][INFO] [Epoch  80/200] Validation: val/acc1 0.5916, val/loss_ce 1.6689
[2022-02-07 15:49:10,729][INFO] [Epoch  81/200] trn/acc1 7.08e-01, trn/loss 2.43e+00, trn/loss_ce 1.09e+00, trn/loss_wd 2.69e+03, trn/lr 3.37e-02
[2022-02-07 15:49:16,520][INFO] [Epoch  82/200] trn/acc1 7.09e-01, trn/loss 2.42e+00, trn/loss_ce 1.08e+00, trn/loss_wd 2.68e+03, trn/lr 3.33e-02
[2022-02-07 15:49:22,317][INFO] [Epoch  83/200] trn/acc1 7.06e-01, trn/loss 2.43e+00, trn/loss_ce 1.09e+00, trn/loss_wd 2.68e+03, trn/lr 3.29e-02
[2022-02-07 15:49:28,122][INFO] [Epoch  84/200] trn/acc1 7.13e-01, trn/loss 2.40e+00, trn/loss_ce 1.06e+00, trn/loss_wd 2.68e+03, trn/lr 3.25e-02
[2022-02-07 15:49:33,933][INFO] [Epoch  85/200] trn/acc1 7.15e-01, trn/loss 2.38e+00, trn/loss_ce 1.05e+00, trn/loss_wd 2.67e+03, trn/lr 3.21e-02
[2022-02-07 15:49:39,739][INFO] [Epoch  86/200] trn/acc1 7.21e-01, trn/loss 2.36e+00, trn/loss_ce 1.03e+00, trn/loss_wd 2.66e+03, trn/lr 3.18e-02
[2022-02-07 15:49:45,534][INFO] [Epoch  87/200] trn/acc1 7.19e-01, trn/loss 2.36e+00, trn/loss_ce 1.03e+00, trn/loss_wd 2.66e+03, trn/lr 3.14e-02
[2022-02-07 15:49:51,331][INFO] [Epoch  88/200] trn/acc1 7.21e-01, trn/loss 2.36e+00, trn/loss_ce 1.02e+00, trn/loss_wd 2.67e+03, trn/lr 3.10e-02
[2022-02-07 15:49:57,144][INFO] [Epoch  89/200] trn/acc1 7.28e-01, trn/loss 2.33e+00, trn/loss_ce 9.99e-01, trn/loss_wd 2.66e+03, trn/lr 3.06e-02
[2022-02-07 15:50:02,954][INFO] [Epoch  90/200] trn/acc1 7.32e-01, trn/loss 2.31e+00, trn/loss_ce 9.80e-01, trn/loss_wd 2.66e+03, trn/lr 3.02e-02
[2022-02-07 15:50:08,756][INFO] [Epoch  91/200] trn/acc1 7.38e-01, trn/loss 2.29e+00, trn/loss_ce 9.66e-01, trn/loss_wd 2.65e+03, trn/lr 2.98e-02
[2022-02-07 15:50:14,556][INFO] [Epoch  92/200] trn/acc1 7.43e-01, trn/loss 2.26e+00, trn/loss_ce 9.43e-01, trn/loss_wd 2.64e+03, trn/lr 2.94e-02
[2022-02-07 15:50:20,360][INFO] [Epoch  93/200] trn/acc1 7.43e-01, trn/loss 2.25e+00, trn/loss_ce 9.34e-01, trn/loss_wd 2.63e+03, trn/lr 2.90e-02
[2022-02-07 15:50:26,155][INFO] [Epoch  94/200] trn/acc1 7.43e-01, trn/loss 2.25e+00, trn/loss_ce 9.34e-01, trn/loss_wd 2.63e+03, trn/lr 2.86e-02
[2022-02-07 15:50:31,959][INFO] [Epoch  95/200] trn/acc1 7.50e-01, trn/loss 2.22e+00, trn/loss_ce 9.12e-01, trn/loss_wd 2.62e+03, trn/lr 2.82e-02
[2022-02-07 15:50:37,759][INFO] [Epoch  96/200] trn/acc1 7.55e-01, trn/loss 2.19e+00, trn/loss_ce 8.86e-01, trn/loss_wd 2.61e+03, trn/lr 2.78e-02
[2022-02-07 15:50:43,550][INFO] [Epoch  97/200] trn/acc1 7.56e-01, trn/loss 2.19e+00, trn/loss_ce 8.87e-01, trn/loss_wd 2.60e+03, trn/lr 2.74e-02
[2022-02-07 15:50:49,345][INFO] [Epoch  98/200] trn/acc1 7.58e-01, trn/loss 2.18e+00, trn/loss_ce 8.76e-01, trn/loss_wd 2.60e+03, trn/lr 2.70e-02
[2022-02-07 15:50:55,146][INFO] [Epoch  99/200] trn/acc1 7.62e-01, trn/loss 2.16e+00, trn/loss_ce 8.65e-01, trn/loss_wd 2.60e+03, trn/lr 2.66e-02
[2022-02-07 15:51:00,943][INFO] [Epoch 100/200] trn/acc1 7.65e-01, trn/loss 2.14e+00, trn/loss_ce 8.46e-01, trn/loss_wd 2.60e+03, trn/lr 2.62e-02
[2022-02-07 15:51:01,094][INFO] [Epoch 100/200] Validation: val/acc1 0.6222, val/loss_ce 1.5412
[2022-02-07 15:51:14,753][INFO] [Epoch 101/200] trn/acc1 7.72e-01, trn/loss 2.11e+00, trn/loss_ce 8.19e-01, trn/loss_wd 2.59e+03, trn/lr 2.58e-02
[2022-02-07 15:51:20,541][INFO] [Epoch 102/200] trn/acc1 7.74e-01, trn/loss 2.10e+00, trn/loss_ce 8.09e-01, trn/loss_wd 2.58e+03, trn/lr 2.54e-02
[2022-02-07 15:51:26,339][INFO] [Epoch 103/200] trn/acc1 7.78e-01, trn/loss 2.08e+00, trn/loss_ce 7.97e-01, trn/loss_wd 2.57e+03, trn/lr 2.50e-02
[2022-02-07 15:51:32,129][INFO] [Epoch 104/200] trn/acc1 7.80e-01, trn/loss 2.07e+00, trn/loss_ce 7.84e-01, trn/loss_wd 2.57e+03, trn/lr 2.46e-02
[2022-02-07 15:51:37,922][INFO] [Epoch 105/200] trn/acc1 7.85e-01, trn/loss 2.05e+00, trn/loss_ce 7.67e-01, trn/loss_wd 2.56e+03, trn/lr 2.42e-02
[2022-02-07 15:51:43,715][INFO] [Epoch 106/200] trn/acc1 7.93e-01, trn/loss 2.02e+00, trn/loss_ce 7.42e-01, trn/loss_wd 2.55e+03, trn/lr 2.38e-02
[2022-02-07 15:51:49,521][INFO] [Epoch 107/200] trn/acc1 7.90e-01, trn/loss 2.02e+00, trn/loss_ce 7.46e-01, trn/loss_wd 2.54e+03, trn/lr 2.34e-02
[2022-02-07 15:51:55,377][INFO] [Epoch 108/200] trn/acc1 7.97e-01, trn/loss 1.99e+00, trn/loss_ce 7.24e-01, trn/loss_wd 2.53e+03, trn/lr 2.30e-02
[2022-02-07 15:52:01,172][INFO] [Epoch 109/200] trn/acc1 7.98e-01, trn/loss 1.98e+00, trn/loss_ce 7.12e-01, trn/loss_wd 2.53e+03, trn/lr 2.26e-02
[2022-02-07 15:52:06,964][INFO] [Epoch 110/200] trn/acc1 8.10e-01, trn/loss 1.93e+00, trn/loss_ce 6.75e-01, trn/loss_wd 2.51e+03, trn/lr 2.22e-02
[2022-02-07 15:52:12,766][INFO] [Epoch 111/200] trn/acc1 8.09e-01, trn/loss 1.93e+00, trn/loss_ce 6.77e-01, trn/loss_wd 2.50e+03, trn/lr 2.18e-02
[2022-02-07 15:52:18,568][INFO] [Epoch 112/200] trn/acc1 8.12e-01, trn/loss 1.91e+00, trn/loss_ce 6.65e-01, trn/loss_wd 2.50e+03, trn/lr 2.14e-02
[2022-02-07 15:52:24,374][INFO] [Epoch 113/200] trn/acc1 8.12e-01, trn/loss 1.90e+00, trn/loss_ce 6.53e-01, trn/loss_wd 2.49e+03, trn/lr 2.10e-02
[2022-02-07 15:52:30,184][INFO] [Epoch 114/200] trn/acc1 8.18e-01, trn/loss 1.88e+00, trn/loss_ce 6.35e-01, trn/loss_wd 2.48e+03, trn/lr 2.06e-02
[2022-02-07 15:52:35,983][INFO] [Epoch 115/200] trn/acc1 8.23e-01, trn/loss 1.86e+00, trn/loss_ce 6.21e-01, trn/loss_wd 2.47e+03, trn/lr 2.02e-02
[2022-02-07 15:52:41,785][INFO] [Epoch 116/200] trn/acc1 8.24e-01, trn/loss 1.84e+00, trn/loss_ce 6.13e-01, trn/loss_wd 2.46e+03, trn/lr 1.98e-02
[2022-02-07 15:52:47,593][INFO] [Epoch 117/200] trn/acc1 8.31e-01, trn/loss 1.81e+00, trn/loss_ce 5.84e-01, trn/loss_wd 2.45e+03, trn/lr 1.94e-02
[2022-02-07 15:52:53,412][INFO] [Epoch 118/200] trn/acc1 8.39e-01, trn/loss 1.78e+00, trn/loss_ce 5.59e-01, trn/loss_wd 2.43e+03, trn/lr 1.90e-02
[2022-02-07 15:52:59,239][INFO] [Epoch 119/200] trn/acc1 8.39e-01, trn/loss 1.78e+00, trn/loss_ce 5.67e-01, trn/loss_wd 2.43e+03, trn/lr 1.86e-02
[2022-02-07 15:53:05,068][INFO] [Epoch 120/200] trn/acc1 8.41e-01, trn/loss 1.76e+00, trn/loss_ce 5.55e-01, trn/loss_wd 2.42e+03, trn/lr 1.82e-02
[2022-02-07 15:53:05,220][INFO] [Epoch 120/200] Validation: val/acc1 0.6294, val/loss_ce 1.6375
[2022-02-07 15:53:16,245][INFO] [Epoch 121/200] trn/acc1 8.49e-01, trn/loss 1.73e+00, trn/loss_ce 5.29e-01, trn/loss_wd 2.41e+03, trn/lr 1.79e-02
[2022-02-07 15:53:22,048][INFO] [Epoch 122/200] trn/acc1 8.54e-01, trn/loss 1.70e+00, trn/loss_ce 5.07e-01, trn/loss_wd 2.39e+03, trn/lr 1.75e-02
[2022-02-07 15:53:27,862][INFO] [Epoch 123/200] trn/acc1 8.57e-01, trn/loss 1.68e+00, trn/loss_ce 4.90e-01, trn/loss_wd 2.38e+03, trn/lr 1.71e-02
[2022-02-07 15:53:33,668][INFO] [Epoch 124/200] trn/acc1 8.62e-01, trn/loss 1.66e+00, trn/loss_ce 4.77e-01, trn/loss_wd 2.36e+03, trn/lr 1.67e-02
[2022-02-07 15:53:39,485][INFO] [Epoch 125/200] trn/acc1 8.65e-01, trn/loss 1.63e+00, trn/loss_ce 4.60e-01, trn/loss_wd 2.35e+03, trn/lr 1.63e-02
[2022-02-07 15:53:45,325][INFO] [Epoch 126/200] trn/acc1 8.69e-01, trn/loss 1.61e+00, trn/loss_ce 4.47e-01, trn/loss_wd 2.33e+03, trn/lr 1.59e-02
[2022-02-07 15:53:51,159][INFO] [Epoch 127/200] trn/acc1 8.74e-01, trn/loss 1.59e+00, trn/loss_ce 4.30e-01, trn/loss_wd 2.32e+03, trn/lr 1.56e-02
[2022-02-07 15:53:57,008][INFO] [Epoch 128/200] trn/acc1 8.75e-01, trn/loss 1.58e+00, trn/loss_ce 4.27e-01, trn/loss_wd 2.30e+03, trn/lr 1.52e-02
[2022-02-07 15:54:02,864][INFO] [Epoch 129/200] trn/acc1 8.81e-01, trn/loss 1.55e+00, trn/loss_ce 4.08e-01, trn/loss_wd 2.29e+03, trn/lr 1.48e-02
[2022-02-07 15:54:08,705][INFO] [Epoch 130/200] trn/acc1 8.83e-01, trn/loss 1.54e+00, trn/loss_ce 3.99e-01, trn/loss_wd 2.27e+03, trn/lr 1.45e-02
[2022-02-07 15:54:14,546][INFO] [Epoch 131/200] trn/acc1 8.91e-01, trn/loss 1.49e+00, trn/loss_ce 3.66e-01, trn/loss_wd 2.26e+03, trn/lr 1.41e-02
[2022-02-07 15:54:20,413][INFO] [Epoch 132/200] trn/acc1 8.93e-01, trn/loss 1.48e+00, trn/loss_ce 3.64e-01, trn/loss_wd 2.24e+03, trn/lr 1.37e-02
[2022-02-07 15:54:26,249][INFO] [Epoch 133/200] trn/acc1 8.98e-01, trn/loss 1.45e+00, trn/loss_ce 3.42e-01, trn/loss_wd 2.22e+03, trn/lr 1.34e-02
[2022-02-07 15:54:32,080][INFO] [Epoch 134/200] trn/acc1 9.03e-01, trn/loss 1.43e+00, trn/loss_ce 3.28e-01, trn/loss_wd 2.20e+03, trn/lr 1.30e-02
[2022-02-07 15:54:37,924][INFO] [Epoch 135/200] trn/acc1 9.07e-01, trn/loss 1.40e+00, trn/loss_ce 3.15e-01, trn/loss_wd 2.18e+03, trn/lr 1.27e-02
[2022-02-07 15:54:43,767][INFO] [Epoch 136/200] trn/acc1 9.09e-01, trn/loss 1.38e+00, trn/loss_ce 3.02e-01, trn/loss_wd 2.16e+03, trn/lr 1.23e-02
[2022-02-07 15:54:49,611][INFO] [Epoch 137/200] trn/acc1 9.14e-01, trn/loss 1.36e+00, trn/loss_ce 2.90e-01, trn/loss_wd 2.14e+03, trn/lr 1.20e-02
[2022-02-07 15:54:55,431][INFO] [Epoch 138/200] trn/acc1 9.20e-01, trn/loss 1.33e+00, trn/loss_ce 2.70e-01, trn/loss_wd 2.12e+03, trn/lr 1.16e-02
[2022-02-07 15:55:01,520][INFO] [Epoch 139/200] trn/acc1 9.20e-01, trn/loss 1.32e+00, trn/loss_ce 2.67e-01, trn/loss_wd 2.10e+03, trn/lr 1.13e-02
[2022-02-07 15:55:07,359][INFO] [Epoch 140/200] trn/acc1 9.28e-01, trn/loss 1.28e+00, trn/loss_ce 2.43e-01, trn/loss_wd 2.08e+03, trn/lr 1.10e-02
[2022-02-07 15:55:07,510][INFO] [Epoch 140/200] Validation: val/acc1 0.6570, val/loss_ce 1.6896
[2022-02-07 15:55:19,753][INFO] [Epoch 141/200] trn/acc1 9.28e-01, trn/loss 1.27e+00, trn/loss_ce 2.38e-01, trn/loss_wd 2.06e+03, trn/lr 1.06e-02
[2022-02-07 15:55:25,563][INFO] [Epoch 142/200] trn/acc1 9.33e-01, trn/loss 1.24e+00, trn/loss_ce 2.23e-01, trn/loss_wd 2.04e+03, trn/lr 1.03e-02
[2022-02-07 15:55:31,389][INFO] [Epoch 143/200] trn/acc1 9.38e-01, trn/loss 1.22e+00, trn/loss_ce 2.06e-01, trn/loss_wd 2.02e+03, trn/lr 9.98e-03
[2022-02-07 15:55:37,203][INFO] [Epoch 144/200] trn/acc1 9.41e-01, trn/loss 1.19e+00, trn/loss_ce 1.95e-01, trn/loss_wd 2.00e+03, trn/lr 9.66e-03
[2022-02-07 15:55:43,022][INFO] [Epoch 145/200] trn/acc1 9.44e-01, trn/loss 1.17e+00, trn/loss_ce 1.85e-01, trn/loss_wd 1.98e+03, trn/lr 9.35e-03
[2022-02-07 15:55:48,845][INFO] [Epoch 146/200] trn/acc1 9.46e-01, trn/loss 1.16e+00, trn/loss_ce 1.80e-01, trn/loss_wd 1.95e+03, trn/lr 9.03e-03
[2022-02-07 15:55:54,663][INFO] [Epoch 147/200] trn/acc1 9.50e-01, trn/loss 1.13e+00, trn/loss_ce 1.64e-01, trn/loss_wd 1.93e+03, trn/lr 8.73e-03
[2022-02-07 15:56:00,489][INFO] [Epoch 148/200] trn/acc1 9.52e-01, trn/loss 1.11e+00, trn/loss_ce 1.57e-01, trn/loss_wd 1.91e+03, trn/lr 8.42e-03
[2022-02-07 15:56:06,304][INFO] [Epoch 149/200] trn/acc1 9.53e-01, trn/loss 1.10e+00, trn/loss_ce 1.54e-01, trn/loss_wd 1.89e+03, trn/lr 8.12e-03
[2022-02-07 15:56:12,274][INFO] [Epoch 150/200] trn/acc1 9.58e-01, trn/loss 1.08e+00, trn/loss_ce 1.42e-01, trn/loss_wd 1.87e+03, trn/lr 7.83e-03
[2022-02-07 15:56:18,105][INFO] [Epoch 151/200] trn/acc1 9.63e-01, trn/loss 1.05e+00, trn/loss_ce 1.23e-01, trn/loss_wd 1.85e+03, trn/lr 7.54e-03
[2022-02-07 15:56:23,933][INFO] [Epoch 152/200] trn/acc1 9.67e-01, trn/loss 1.03e+00, trn/loss_ce 1.13e-01, trn/loss_wd 1.82e+03, trn/lr 7.25e-03
[2022-02-07 15:56:29,759][INFO] [Epoch 153/200] trn/acc1 9.66e-01, trn/loss 1.01e+00, trn/loss_ce 1.11e-01, trn/loss_wd 1.80e+03, trn/lr 6.97e-03
[2022-02-07 15:56:35,568][INFO] [Epoch 154/200] trn/acc1 9.69e-01, trn/loss 9.94e-01, trn/loss_ce 1.04e-01, trn/loss_wd 1.78e+03, trn/lr 6.69e-03
[2022-02-07 15:56:41,611][INFO] [Epoch 155/200] trn/acc1 9.74e-01, trn/loss 9.66e-01, trn/loss_ce 8.69e-02, trn/loss_wd 1.76e+03, trn/lr 6.42e-03
[2022-02-07 15:56:47,425][INFO] [Epoch 156/200] trn/acc1 9.75e-01, trn/loss 9.49e-01, trn/loss_ce 8.02e-02, trn/loss_wd 1.74e+03, trn/lr 6.15e-03
[2022-02-07 15:56:53,242][INFO] [Epoch 157/200] trn/acc1 9.77e-01, trn/loss 9.34e-01, trn/loss_ce 7.59e-02, trn/loss_wd 1.72e+03, trn/lr 5.89e-03
[2022-02-07 15:56:59,057][INFO] [Epoch 158/200] trn/acc1 9.79e-01, trn/loss 9.16e-01, trn/loss_ce 6.83e-02, trn/loss_wd 1.70e+03, trn/lr 5.64e-03
[2022-02-07 15:57:04,872][INFO] [Epoch 159/200] trn/acc1 9.80e-01, trn/loss 9.03e-01, trn/loss_ce 6.49e-02, trn/loss_wd 1.68e+03, trn/lr 5.38e-03
[2022-02-07 15:57:10,692][INFO] [Epoch 160/200] trn/acc1 9.82e-01, trn/loss 8.87e-01, trn/loss_ce 5.85e-02, trn/loss_wd 1.66e+03, trn/lr 5.14e-03
[2022-02-07 15:57:10,843][INFO] [Epoch 160/200] Validation: val/acc1 0.6808, val/loss_ce 1.9697
[2022-02-07 15:57:21,214][INFO] [Epoch 161/200] trn/acc1 9.84e-01, trn/loss 8.73e-01, trn/loss_ce 5.39e-02, trn/loss_wd 1.64e+03, trn/lr 4.89e-03
[2022-02-07 15:57:27,020][INFO] [Epoch 162/200] trn/acc1 9.84e-01, trn/loss 8.63e-01, trn/loss_ce 5.21e-02, trn/loss_wd 1.62e+03, trn/lr 4.66e-03
[2022-02-07 15:57:32,824][INFO] [Epoch 163/200] trn/acc1 9.87e-01, trn/loss 8.47e-01, trn/loss_ce 4.47e-02, trn/loss_wd 1.60e+03, trn/lr 4.43e-03
[2022-02-07 15:57:38,639][INFO] [Epoch 164/200] trn/acc1 9.87e-01, trn/loss 8.39e-01, trn/loss_ce 4.53e-02, trn/loss_wd 1.59e+03, trn/lr 4.20e-03
[2022-02-07 15:57:44,449][INFO] [Epoch 165/200] trn/acc1 9.89e-01, trn/loss 8.21e-01, trn/loss_ce 3.58e-02, trn/loss_wd 1.57e+03, trn/lr 3.98e-03
[2022-02-07 15:57:50,257][INFO] [Epoch 166/200] trn/acc1 9.91e-01, trn/loss 8.08e-01, trn/loss_ce 3.00e-02, trn/loss_wd 1.56e+03, trn/lr 3.76e-03
[2022-02-07 15:57:56,071][INFO] [Epoch 167/200] trn/acc1 9.93e-01, trn/loss 7.97e-01, trn/loss_ce 2.62e-02, trn/loss_wd 1.54e+03, trn/lr 3.55e-03
[2022-02-07 15:58:02,188][INFO] [Epoch 168/200] trn/acc1 9.93e-01, trn/loss 7.86e-01, trn/loss_ce 2.30e-02, trn/loss_wd 1.53e+03, trn/lr 3.35e-03
[2022-02-07 15:58:08,005][INFO] [Epoch 169/200] trn/acc1 9.94e-01, trn/loss 7.75e-01, trn/loss_ce 1.89e-02, trn/loss_wd 1.51e+03, trn/lr 3.15e-03
[2022-02-07 15:58:13,818][INFO] [Epoch 170/200] trn/acc1 9.94e-01, trn/loss 7.72e-01, trn/loss_ce 2.17e-02, trn/loss_wd 1.50e+03, trn/lr 2.96e-03
[2022-02-07 15:58:19,628][INFO] [Epoch 171/200] trn/acc1 9.95e-01, trn/loss 7.62e-01, trn/loss_ce 1.80e-02, trn/loss_wd 1.49e+03, trn/lr 2.77e-03
[2022-02-07 15:58:25,558][INFO] [Epoch 172/200] trn/acc1 9.96e-01, trn/loss 7.54e-01, trn/loss_ce 1.58e-02, trn/loss_wd 1.48e+03, trn/lr 2.59e-03
[2022-02-07 15:58:31,387][INFO] [Epoch 173/200] trn/acc1 9.96e-01, trn/loss 7.47e-01, trn/loss_ce 1.41e-02, trn/loss_wd 1.47e+03, trn/lr 2.41e-03
[2022-02-07 15:58:37,198][INFO] [Epoch 174/200] trn/acc1 9.96e-01, trn/loss 7.41e-01, trn/loss_ce 1.31e-02, trn/loss_wd 1.46e+03, trn/lr 2.24e-03
[2022-02-07 15:58:43,022][INFO] [Epoch 175/200] trn/acc1 9.97e-01, trn/loss 7.34e-01, trn/loss_ce 1.09e-02, trn/loss_wd 1.45e+03, trn/lr 2.08e-03
[2022-02-07 15:58:48,850][INFO] [Epoch 176/200] trn/acc1 9.97e-01, trn/loss 7.32e-01, trn/loss_ce 1.24e-02, trn/loss_wd 1.44e+03, trn/lr 1.92e-03
[2022-02-07 15:58:54,672][INFO] [Epoch 177/200] trn/acc1 9.98e-01, trn/loss 7.24e-01, trn/loss_ce 8.91e-03, trn/loss_wd 1.43e+03, trn/lr 1.77e-03
[2022-02-07 15:59:00,480][INFO] [Epoch 178/200] trn/acc1 9.98e-01, trn/loss 7.20e-01, trn/loss_ce 8.57e-03, trn/loss_wd 1.42e+03, trn/lr 1.63e-03
[2022-02-07 15:59:06,311][INFO] [Epoch 179/200] trn/acc1 9.98e-01, trn/loss 7.16e-01, trn/loss_ce 7.99e-03, trn/loss_wd 1.42e+03, trn/lr 1.49e-03
[2022-02-07 15:59:12,144][INFO] [Epoch 180/200] trn/acc1 9.98e-01, trn/loss 7.13e-01, trn/loss_ce 8.09e-03, trn/loss_wd 1.41e+03, trn/lr 1.35e-03
[2022-02-07 15:59:12,295][INFO] [Epoch 180/200] Validation: val/acc1 0.6924, val/loss_ce 2.2531
[2022-02-07 15:59:25,982][INFO] [Epoch 181/200] trn/acc1 9.98e-01, trn/loss 7.10e-01, trn/loss_ce 7.82e-03, trn/loss_wd 1.40e+03, trn/lr 1.22e-03
[2022-02-07 15:59:26,132][INFO] [Epoch 181/200] Validation: val/acc1 0.6916, val/loss_ce 2.2557
[2022-02-07 15:59:34,462][INFO] [Epoch 182/200] trn/acc1 9.98e-01, trn/loss 7.07e-01, trn/loss_ce 7.34e-03, trn/loss_wd 1.40e+03, trn/lr 1.10e-03
[2022-02-07 15:59:34,623][INFO] [Epoch 182/200] Validation: val/acc1 0.6928, val/loss_ce 2.2617
[2022-02-07 15:59:50,346][INFO] [Epoch 183/200] trn/acc1 9.98e-01, trn/loss 7.04e-01, trn/loss_ce 6.07e-03, trn/loss_wd 1.40e+03, trn/lr 9.87e-04
[2022-02-07 15:59:50,512][INFO] [Epoch 183/200] Validation: val/acc1 0.6962, val/loss_ce 2.2449
[2022-02-07 16:00:04,055][INFO] [Epoch 184/200] trn/acc1 9.99e-01, trn/loss 7.01e-01, trn/loss_ce 5.65e-03, trn/loss_wd 1.39e+03, trn/lr 8.79e-04
[2022-02-07 16:00:04,211][INFO] [Epoch 184/200] Validation: val/acc1 0.6972, val/loss_ce 2.2693
[2022-02-07 16:00:14,737][INFO] [Epoch 185/200] trn/acc1 9.98e-01, trn/loss 7.00e-01, trn/loss_ce 6.23e-03, trn/loss_wd 1.39e+03, trn/lr 7.76e-04
[2022-02-07 16:00:14,887][INFO] [Epoch 185/200] Validation: val/acc1 0.6966, val/loss_ce 2.2229
[2022-02-07 16:00:22,344][INFO] [Epoch 186/200] trn/acc1 9.99e-01, trn/loss 6.98e-01, trn/loss_ce 5.75e-03, trn/loss_wd 1.38e+03, trn/lr 6.79e-04
[2022-02-07 16:00:22,495][INFO] [Epoch 186/200] Validation: val/acc1 0.6966, val/loss_ce 2.2337
[2022-02-07 16:00:30,184][INFO] [Epoch 187/200] trn/acc1 9.99e-01, trn/loss 6.96e-01, trn/loss_ce 5.51e-03, trn/loss_wd 1.38e+03, trn/lr 5.89e-04
[2022-02-07 16:00:30,334][INFO] [Epoch 187/200] Validation: val/acc1 0.6960, val/loss_ce 2.2710
[2022-02-07 16:00:38,641][INFO] [Epoch 188/200] trn/acc1 9.99e-01, trn/loss 6.95e-01, trn/loss_ce 5.06e-03, trn/loss_wd 1.38e+03, trn/lr 5.06e-04
[2022-02-07 16:00:38,791][INFO] [Epoch 188/200] Validation: val/acc1 0.6990, val/loss_ce 2.2725
[2022-02-07 16:00:51,350][INFO] [Epoch 189/200] trn/acc1 9.99e-01, trn/loss 6.93e-01, trn/loss_ce 4.85e-03, trn/loss_wd 1.38e+03, trn/lr 4.28e-04
[2022-02-07 16:00:51,501][INFO] [Epoch 189/200] Validation: val/acc1 0.6972, val/loss_ce 2.2622
[2022-02-07 16:00:59,171][INFO] [Epoch 190/200] trn/acc1 9.99e-01, trn/loss 6.93e-01, trn/loss_ce 5.66e-03, trn/loss_wd 1.38e+03, trn/lr 3.57e-04
[2022-02-07 16:00:59,321][INFO] [Epoch 190/200] Validation: val/acc1 0.6974, val/loss_ce 2.2866
[2022-02-07 16:01:06,765][INFO] [Epoch 191/200] trn/acc1 9.99e-01, trn/loss 6.92e-01, trn/loss_ce 5.19e-03, trn/loss_wd 1.37e+03, trn/lr 2.93e-04
[2022-02-07 16:01:06,915][INFO] [Epoch 191/200] Validation: val/acc1 0.6952, val/loss_ce 2.2720
[2022-02-07 16:01:14,364][INFO] [Epoch 192/200] trn/acc1 9.99e-01, trn/loss 6.91e-01, trn/loss_ce 4.25e-03, trn/loss_wd 1.37e+03, trn/lr 2.34e-04
[2022-02-07 16:01:14,513][INFO] [Epoch 192/200] Validation: val/acc1 0.6948, val/loss_ce 2.2953
[2022-02-07 16:01:24,811][INFO] [Epoch 193/200] trn/acc1 9.99e-01, trn/loss 6.90e-01, trn/loss_ce 4.19e-03, trn/loss_wd 1.37e+03, trn/lr 1.83e-04
[2022-02-07 16:01:24,961][INFO] [Epoch 193/200] Validation: val/acc1 0.6946, val/loss_ce 2.2971
[2022-02-07 16:01:32,428][INFO] [Epoch 194/200] trn/acc1 9.99e-01, trn/loss 6.90e-01, trn/loss_ce 4.18e-03, trn/loss_wd 1.37e+03, trn/lr 1.37e-04
[2022-02-07 16:01:32,578][INFO] [Epoch 194/200] Validation: val/acc1 0.6948, val/loss_ce 2.3070
[2022-02-07 16:01:40,050][INFO] [Epoch 195/200] trn/acc1 9.99e-01, trn/loss 6.90e-01, trn/loss_ce 4.08e-03, trn/loss_wd 1.37e+03, trn/lr 9.84e-05
[2022-02-07 16:01:40,200][INFO] [Epoch 195/200] Validation: val/acc1 0.6966, val/loss_ce 2.3064
[2022-02-07 16:01:50,922][INFO] [Epoch 196/200] trn/acc1 9.99e-01, trn/loss 6.90e-01, trn/loss_ce 4.33e-03, trn/loss_wd 1.37e+03, trn/lr 6.60e-05
[2022-02-07 16:01:51,140][INFO] [Epoch 196/200] Validation: val/acc1 0.6974, val/loss_ce 2.3084
[2022-02-07 16:02:02,288][INFO] [Epoch 197/200] trn/acc1 9.99e-01, trn/loss 6.89e-01, trn/loss_ce 4.00e-03, trn/loss_wd 1.37e+03, trn/lr 4.00e-05
[2022-02-07 16:02:02,438][INFO] [Epoch 197/200] Validation: val/acc1 0.6984, val/loss_ce 2.3056
[2022-02-07 16:02:25,668][INFO] [Epoch 198/200] trn/acc1 9.99e-01, trn/loss 6.89e-01, trn/loss_ce 3.89e-03, trn/loss_wd 1.37e+03, trn/lr 2.06e-05
[2022-02-07 16:02:25,817][INFO] [Epoch 198/200] Validation: val/acc1 0.6980, val/loss_ce 2.3060
[2022-02-07 16:02:36,523][INFO] [Epoch 199/200] trn/acc1 9.99e-01, trn/loss 6.89e-01, trn/loss_ce 4.07e-03, trn/loss_wd 1.37e+03, trn/lr 7.58e-06
[2022-02-07 16:02:36,672][INFO] [Epoch 199/200] Validation: val/acc1 0.6978, val/loss_ce 2.3051
[2022-02-07 16:02:47,578][INFO] [Epoch 200/200] trn/acc1 9.99e-01, trn/loss 6.89e-01, trn/loss_ce 3.81e-03, trn/loss_wd 1.37e+03, trn/lr 1.09e-06
[2022-02-07 16:02:47,727][INFO] [Epoch 200/200] Validation: val/acc1 0.6980, val/loss_ce 2.3051
