[2022-02-05 12:03:45,438][INFO] Environments:
------------  ---------------------------------------------------------------------------
sys.platform  linux
Python        3.7.11 (default, Nov 23 2021, 05:29:02) [GCC 7.5.0]
JAX           0.2.27 @/mnt/data1/giung/venvs/jax0.2.27/lib/python3.7/site-packages/jax
jaxlib        0.1.75 @/mnt/data1/giung/venvs/jax0.2.27/lib/python3.7/site-packages/jaxlib
Flax          0.4.0 @/mnt/data1/giung/venvs/jax0.2.27/lib/python3.7/site-packages/flax
Optax         0.1.0 @/mnt/data1/giung/venvs/jax0.2.27/lib/python3.7/site-packages/optax
------------  ---------------------------------------------------------------------------

[2022-02-05 12:03:45,438][INFO] Command line arguments:
Namespace(batch_size=128, config_file='./configs/C100_WRN28x5-BN-ReLU_SGD.yaml', keep_every_n_checkpoints=None, learning_rate=0.1, num_epochs=200, num_warmup_epochs=5, opts=[], output_dir='./outputs/C100_WRN28x5-BN-ReLU/SGD/s42_e200_wd5e-4_4GPU/', seed=42, weight_decay=0.0005)

[2022-02-05 12:03:45,438][INFO] Using a random seed 42

[2022-02-05 12:03:45,470][INFO] Unable to initialize backend 'tpu_driver': NOT_FOUND: Unable to find driver in registry given worker: 
[2022-02-05 12:03:46,093][INFO] Unable to initialize backend 'tpu': INVALID_ARGUMENT: TpuPlatform is not available.
[2022-02-05 12:05:10,414][INFO] Found no checkpoint files in outputs/C100_WRN28x5-BN-ReLU/SGD/s42_e200_wd5e-4_4GPU
[2022-02-05 12:05:39,158][INFO] [Epoch   1/200] trn/acc1 6.64e-02, trn/loss 7.89e+00, trn/loss_ce 4.23e+00, trn/loss_wd 7.32e+03, trn/lr 9.97e-03
[2022-02-05 12:05:41,659][INFO] [Epoch   1/200] Validation: val/acc1 0.1172, val/loss_ce 3.8406
[2022-02-05 12:05:55,343][INFO] [Epoch   2/200] trn/acc1 1.60e-01, trn/loss 6.97e+00, trn/loss_ce 3.53e+00, trn/loss_wd 6.86e+03, trn/lr 3.00e-02
[2022-02-05 12:06:04,395][INFO] [Epoch   3/200] trn/acc1 2.49e-01, trn/loss 6.04e+00, trn/loss_ce 3.00e+00, trn/loss_wd 6.07e+03, trn/lr 5.00e-02
[2022-02-05 12:06:13,465][INFO] [Epoch   4/200] trn/acc1 3.17e-01, trn/loss 5.19e+00, trn/loss_ce 2.63e+00, trn/loss_wd 5.11e+03, trn/lr 7.00e-02
[2022-02-05 12:06:22,527][INFO] [Epoch   5/200] trn/acc1 3.73e-01, trn/loss 4.44e+00, trn/loss_ce 2.36e+00, trn/loss_wd 4.15e+03, trn/lr 9.00e-02
[2022-02-05 12:06:31,608][INFO] [Epoch   6/200] trn/acc1 4.20e-01, trn/loss 3.81e+00, trn/loss_ce 2.15e+00, trn/loss_wd 3.33e+03, trn/lr 1.00e-01
[2022-02-05 12:06:40,733][INFO] [Epoch   7/200] trn/acc1 4.63e-01, trn/loss 3.33e+00, trn/loss_ce 1.96e+00, trn/loss_wd 2.74e+03, trn/lr 1.00e-01
[2022-02-05 12:06:49,851][INFO] [Epoch   8/200] trn/acc1 4.92e-01, trn/loss 3.01e+00, trn/loss_ce 1.83e+00, trn/loss_wd 2.35e+03, trn/lr 1.00e-01
[2022-02-05 12:06:58,957][INFO] [Epoch   9/200] trn/acc1 5.21e-01, trn/loss 2.77e+00, trn/loss_ce 1.73e+00, trn/loss_wd 2.09e+03, trn/lr 9.99e-02
[2022-02-05 12:07:08,083][INFO] [Epoch  10/200] trn/acc1 5.41e-01, trn/loss 2.60e+00, trn/loss_ce 1.64e+00, trn/loss_wd 1.92e+03, trn/lr 9.99e-02
[2022-02-05 12:07:17,224][INFO] [Epoch  11/200] trn/acc1 5.52e-01, trn/loss 2.51e+00, trn/loss_ce 1.59e+00, trn/loss_wd 1.83e+03, trn/lr 9.98e-02
[2022-02-05 12:07:26,372][INFO] [Epoch  12/200] trn/acc1 5.71e-01, trn/loss 2.41e+00, trn/loss_ce 1.52e+00, trn/loss_wd 1.78e+03, trn/lr 9.97e-02
[2022-02-05 12:07:35,536][INFO] [Epoch  13/200] trn/acc1 5.80e-01, trn/loss 2.37e+00, trn/loss_ce 1.49e+00, trn/loss_wd 1.76e+03, trn/lr 9.96e-02
[2022-02-05 12:07:44,670][INFO] [Epoch  14/200] trn/acc1 5.91e-01, trn/loss 2.32e+00, trn/loss_ce 1.44e+00, trn/loss_wd 1.76e+03, trn/lr 9.95e-02
[2022-02-05 12:07:53,837][INFO] [Epoch  15/200] trn/acc1 5.98e-01, trn/loss 2.29e+00, trn/loss_ce 1.41e+00, trn/loss_wd 1.77e+03, trn/lr 9.94e-02
[2022-02-05 12:08:03,014][INFO] [Epoch  16/200] trn/acc1 6.09e-01, trn/loss 2.27e+00, trn/loss_ce 1.38e+00, trn/loss_wd 1.79e+03, trn/lr 9.93e-02
[2022-02-05 12:08:12,210][INFO] [Epoch  17/200] trn/acc1 6.15e-01, trn/loss 2.25e+00, trn/loss_ce 1.35e+00, trn/loss_wd 1.81e+03, trn/lr 9.91e-02
[2022-02-05 12:08:21,398][INFO] [Epoch  18/200] trn/acc1 6.24e-01, trn/loss 2.23e+00, trn/loss_ce 1.32e+00, trn/loss_wd 1.83e+03, trn/lr 9.90e-02
[2022-02-05 12:08:30,559][INFO] [Epoch  19/200] trn/acc1 6.31e-01, trn/loss 2.22e+00, trn/loss_ce 1.30e+00, trn/loss_wd 1.85e+03, trn/lr 9.88e-02
[2022-02-05 12:08:39,761][INFO] [Epoch  20/200] trn/acc1 6.33e-01, trn/loss 2.22e+00, trn/loss_ce 1.28e+00, trn/loss_wd 1.88e+03, trn/lr 9.86e-02
[2022-02-05 12:08:39,973][INFO] [Epoch  20/200] Validation: val/acc1 0.5434, val/loss_ce 1.7377
[2022-02-05 12:08:51,973][INFO] [Epoch  21/200] trn/acc1 6.39e-01, trn/loss 2.21e+00, trn/loss_ce 1.26e+00, trn/loss_wd 1.90e+03, trn/lr 9.84e-02
[2022-02-05 12:09:01,221][INFO] [Epoch  22/200] trn/acc1 6.42e-01, trn/loss 2.20e+00, trn/loss_ce 1.24e+00, trn/loss_wd 1.93e+03, trn/lr 9.82e-02
[2022-02-05 12:09:10,406][INFO] [Epoch  23/200] trn/acc1 6.48e-01, trn/loss 2.20e+00, trn/loss_ce 1.23e+00, trn/loss_wd 1.95e+03, trn/lr 9.80e-02
[2022-02-05 12:09:19,626][INFO] [Epoch  24/200] trn/acc1 6.53e-01, trn/loss 2.20e+00, trn/loss_ce 1.21e+00, trn/loss_wd 1.97e+03, trn/lr 9.78e-02
[2022-02-05 12:09:28,846][INFO] [Epoch  25/200] trn/acc1 6.61e-01, trn/loss 2.17e+00, trn/loss_ce 1.18e+00, trn/loss_wd 1.99e+03, trn/lr 9.76e-02
[2022-02-05 12:09:38,071][INFO] [Epoch  26/200] trn/acc1 6.62e-01, trn/loss 2.18e+00, trn/loss_ce 1.17e+00, trn/loss_wd 2.01e+03, trn/lr 9.73e-02
[2022-02-05 12:09:47,277][INFO] [Epoch  27/200] trn/acc1 6.64e-01, trn/loss 2.18e+00, trn/loss_ce 1.17e+00, trn/loss_wd 2.02e+03, trn/lr 9.70e-02
[2022-02-05 12:09:56,495][INFO] [Epoch  28/200] trn/acc1 6.68e-01, trn/loss 2.17e+00, trn/loss_ce 1.15e+00, trn/loss_wd 2.05e+03, trn/lr 9.68e-02
[2022-02-05 12:10:05,700][INFO] [Epoch  29/200] trn/acc1 6.72e-01, trn/loss 2.17e+00, trn/loss_ce 1.14e+00, trn/loss_wd 2.06e+03, trn/lr 9.65e-02
[2022-02-05 12:10:14,927][INFO] [Epoch  30/200] trn/acc1 6.71e-01, trn/loss 2.17e+00, trn/loss_ce 1.13e+00, trn/loss_wd 2.08e+03, trn/lr 9.62e-02
[2022-02-05 12:10:24,148][INFO] [Epoch  31/200] trn/acc1 6.80e-01, trn/loss 2.15e+00, trn/loss_ce 1.11e+00, trn/loss_wd 2.09e+03, trn/lr 9.58e-02
[2022-02-05 12:10:33,302][INFO] [Epoch  32/200] trn/acc1 6.82e-01, trn/loss 2.15e+00, trn/loss_ce 1.10e+00, trn/loss_wd 2.10e+03, trn/lr 9.55e-02
[2022-02-05 12:10:42,470][INFO] [Epoch  33/200] trn/acc1 6.81e-01, trn/loss 2.16e+00, trn/loss_ce 1.10e+00, trn/loss_wd 2.11e+03, trn/lr 9.52e-02
[2022-02-05 12:10:51,653][INFO] [Epoch  34/200] trn/acc1 6.84e-01, trn/loss 2.14e+00, trn/loss_ce 1.08e+00, trn/loss_wd 2.13e+03, trn/lr 9.48e-02
[2022-02-05 12:11:00,827][INFO] [Epoch  35/200] trn/acc1 6.90e-01, trn/loss 2.14e+00, trn/loss_ce 1.07e+00, trn/loss_wd 2.14e+03, trn/lr 9.45e-02
[2022-02-05 12:11:10,025][INFO] [Epoch  36/200] trn/acc1 6.91e-01, trn/loss 2.14e+00, trn/loss_ce 1.06e+00, trn/loss_wd 2.15e+03, trn/lr 9.41e-02
[2022-02-05 12:11:19,156][INFO] [Epoch  37/200] trn/acc1 6.96e-01, trn/loss 2.14e+00, trn/loss_ce 1.05e+00, trn/loss_wd 2.16e+03, trn/lr 9.37e-02
[2022-02-05 12:11:28,314][INFO] [Epoch  38/200] trn/acc1 6.99e-01, trn/loss 2.13e+00, trn/loss_ce 1.04e+00, trn/loss_wd 2.17e+03, trn/lr 9.33e-02
[2022-02-05 12:11:37,436][INFO] [Epoch  39/200] trn/acc1 6.99e-01, trn/loss 2.12e+00, trn/loss_ce 1.03e+00, trn/loss_wd 2.18e+03, trn/lr 9.29e-02
[2022-02-05 12:11:46,604][INFO] [Epoch  40/200] trn/acc1 7.00e-01, trn/loss 2.12e+00, trn/loss_ce 1.02e+00, trn/loss_wd 2.18e+03, trn/lr 9.25e-02
[2022-02-05 12:11:46,816][INFO] [Epoch  40/200] Validation: val/acc1 0.5472, val/loss_ce 1.7874
[2022-02-05 12:11:58,868][INFO] [Epoch  41/200] trn/acc1 6.99e-01, trn/loss 2.13e+00, trn/loss_ce 1.03e+00, trn/loss_wd 2.20e+03, trn/lr 9.20e-02
[2022-02-05 12:12:08,003][INFO] [Epoch  42/200] trn/acc1 7.04e-01, trn/loss 2.11e+00, trn/loss_ce 1.01e+00, trn/loss_wd 2.21e+03, trn/lr 9.16e-02
[2022-02-05 12:12:17,258][INFO] [Epoch  43/200] trn/acc1 7.08e-01, trn/loss 2.12e+00, trn/loss_ce 1.01e+00, trn/loss_wd 2.21e+03, trn/lr 9.11e-02
[2022-02-05 12:12:26,411][INFO] [Epoch  44/200] trn/acc1 7.09e-01, trn/loss 2.11e+00, trn/loss_ce 1.00e+00, trn/loss_wd 2.21e+03, trn/lr 9.07e-02
[2022-02-05 12:12:35,553][INFO] [Epoch  45/200] trn/acc1 7.11e-01, trn/loss 2.10e+00, trn/loss_ce 9.96e-01, trn/loss_wd 2.21e+03, trn/lr 9.02e-02
[2022-02-05 12:12:44,693][INFO] [Epoch  46/200] trn/acc1 7.13e-01, trn/loss 2.10e+00, trn/loss_ce 9.85e-01, trn/loss_wd 2.22e+03, trn/lr 8.97e-02
[2022-02-05 12:12:53,848][INFO] [Epoch  47/200] trn/acc1 7.14e-01, trn/loss 2.09e+00, trn/loss_ce 9.81e-01, trn/loss_wd 2.22e+03, trn/lr 8.92e-02
[2022-02-05 12:13:03,046][INFO] [Epoch  48/200] trn/acc1 7.14e-01, trn/loss 2.08e+00, trn/loss_ce 9.73e-01, trn/loss_wd 2.22e+03, trn/lr 8.87e-02
[2022-02-05 12:13:12,213][INFO] [Epoch  49/200] trn/acc1 7.18e-01, trn/loss 2.08e+00, trn/loss_ce 9.68e-01, trn/loss_wd 2.23e+03, trn/lr 8.82e-02
[2022-02-05 12:13:21,393][INFO] [Epoch  50/200] trn/acc1 7.17e-01, trn/loss 2.07e+00, trn/loss_ce 9.58e-01, trn/loss_wd 2.23e+03, trn/lr 8.77e-02
[2022-02-05 12:13:30,556][INFO] [Epoch  51/200] trn/acc1 7.20e-01, trn/loss 2.07e+00, trn/loss_ce 9.56e-01, trn/loss_wd 2.23e+03, trn/lr 8.72e-02
[2022-02-05 12:13:39,758][INFO] [Epoch  52/200] trn/acc1 7.23e-01, trn/loss 2.07e+00, trn/loss_ce 9.46e-01, trn/loss_wd 2.24e+03, trn/lr 8.66e-02
[2022-02-05 12:13:48,959][INFO] [Epoch  53/200] trn/acc1 7.26e-01, trn/loss 2.06e+00, trn/loss_ce 9.40e-01, trn/loss_wd 2.25e+03, trn/lr 8.61e-02
[2022-02-05 12:13:58,175][INFO] [Epoch  54/200] trn/acc1 7.27e-01, trn/loss 2.05e+00, trn/loss_ce 9.23e-01, trn/loss_wd 2.25e+03, trn/lr 8.55e-02
[2022-02-05 12:14:07,391][INFO] [Epoch  55/200] trn/acc1 7.29e-01, trn/loss 2.05e+00, trn/loss_ce 9.19e-01, trn/loss_wd 2.25e+03, trn/lr 8.49e-02
[2022-02-05 12:14:16,608][INFO] [Epoch  56/200] trn/acc1 7.31e-01, trn/loss 2.06e+00, trn/loss_ce 9.24e-01, trn/loss_wd 2.26e+03, trn/lr 8.43e-02
[2022-02-05 12:14:25,814][INFO] [Epoch  57/200] trn/acc1 7.33e-01, trn/loss 2.04e+00, trn/loss_ce 9.12e-01, trn/loss_wd 2.27e+03, trn/lr 8.38e-02
[2022-02-05 12:14:35,008][INFO] [Epoch  58/200] trn/acc1 7.37e-01, trn/loss 2.03e+00, trn/loss_ce 8.96e-01, trn/loss_wd 2.26e+03, trn/lr 8.32e-02
[2022-02-05 12:14:44,218][INFO] [Epoch  59/200] trn/acc1 7.34e-01, trn/loss 2.03e+00, trn/loss_ce 9.01e-01, trn/loss_wd 2.26e+03, trn/lr 8.25e-02
[2022-02-05 12:14:53,451][INFO] [Epoch  60/200] trn/acc1 7.40e-01, trn/loss 2.02e+00, trn/loss_ce 8.85e-01, trn/loss_wd 2.26e+03, trn/lr 8.19e-02
[2022-02-05 12:14:53,676][INFO] [Epoch  60/200] Validation: val/acc1 0.6164, val/loss_ce 1.4570
[2022-02-05 12:15:06,331][INFO] [Epoch  61/200] trn/acc1 7.39e-01, trn/loss 2.02e+00, trn/loss_ce 8.88e-01, trn/loss_wd 2.26e+03, trn/lr 8.13e-02
[2022-02-05 12:15:15,480][INFO] [Epoch  62/200] trn/acc1 7.42e-01, trn/loss 2.00e+00, trn/loss_ce 8.68e-01, trn/loss_wd 2.27e+03, trn/lr 8.07e-02
[2022-02-05 12:15:24,668][INFO] [Epoch  63/200] trn/acc1 7.44e-01, trn/loss 2.00e+00, trn/loss_ce 8.67e-01, trn/loss_wd 2.27e+03, trn/lr 8.00e-02
[2022-02-05 12:15:33,849][INFO] [Epoch  64/200] trn/acc1 7.45e-01, trn/loss 1.99e+00, trn/loss_ce 8.60e-01, trn/loss_wd 2.27e+03, trn/lr 7.94e-02
[2022-02-05 12:15:43,023][INFO] [Epoch  65/200] trn/acc1 7.47e-01, trn/loss 1.99e+00, trn/loss_ce 8.55e-01, trn/loss_wd 2.27e+03, trn/lr 7.87e-02
[2022-02-05 12:15:52,306][INFO] [Epoch  66/200] trn/acc1 7.51e-01, trn/loss 1.98e+00, trn/loss_ce 8.48e-01, trn/loss_wd 2.27e+03, trn/lr 7.81e-02
[2022-02-05 12:16:01,459][INFO] [Epoch  67/200] trn/acc1 7.51e-01, trn/loss 1.98e+00, trn/loss_ce 8.40e-01, trn/loss_wd 2.27e+03, trn/lr 7.74e-02
[2022-02-05 12:16:10,669][INFO] [Epoch  68/200] trn/acc1 7.54e-01, trn/loss 1.96e+00, trn/loss_ce 8.29e-01, trn/loss_wd 2.27e+03, trn/lr 7.67e-02
[2022-02-05 12:16:19,844][INFO] [Epoch  69/200] trn/acc1 7.56e-01, trn/loss 1.96e+00, trn/loss_ce 8.26e-01, trn/loss_wd 2.27e+03, trn/lr 7.60e-02
[2022-02-05 12:16:29,022][INFO] [Epoch  70/200] trn/acc1 7.57e-01, trn/loss 1.96e+00, trn/loss_ce 8.20e-01, trn/loss_wd 2.27e+03, trn/lr 7.53e-02
[2022-02-05 12:16:38,213][INFO] [Epoch  71/200] trn/acc1 7.61e-01, trn/loss 1.95e+00, trn/loss_ce 8.09e-01, trn/loss_wd 2.27e+03, trn/lr 7.47e-02
[2022-02-05 12:16:47,398][INFO] [Epoch  72/200] trn/acc1 7.64e-01, trn/loss 1.93e+00, trn/loss_ce 8.00e-01, trn/loss_wd 2.27e+03, trn/lr 7.39e-02
[2022-02-05 12:16:56,580][INFO] [Epoch  73/200] trn/acc1 7.63e-01, trn/loss 1.93e+00, trn/loss_ce 7.92e-01, trn/loss_wd 2.27e+03, trn/lr 7.32e-02
[2022-02-05 12:17:05,764][INFO] [Epoch  74/200] trn/acc1 7.67e-01, trn/loss 1.93e+00, trn/loss_ce 7.93e-01, trn/loss_wd 2.26e+03, trn/lr 7.25e-02
[2022-02-05 12:17:14,921][INFO] [Epoch  75/200] trn/acc1 7.71e-01, trn/loss 1.91e+00, trn/loss_ce 7.76e-01, trn/loss_wd 2.26e+03, trn/lr 7.18e-02
[2022-02-05 12:17:24,109][INFO] [Epoch  76/200] trn/acc1 7.71e-01, trn/loss 1.90e+00, trn/loss_ce 7.66e-01, trn/loss_wd 2.26e+03, trn/lr 7.11e-02
[2022-02-05 12:17:33,238][INFO] [Epoch  77/200] trn/acc1 7.72e-01, trn/loss 1.90e+00, trn/loss_ce 7.66e-01, trn/loss_wd 2.26e+03, trn/lr 7.03e-02
[2022-02-05 12:17:42,451][INFO] [Epoch  78/200] trn/acc1 7.78e-01, trn/loss 1.87e+00, trn/loss_ce 7.45e-01, trn/loss_wd 2.26e+03, trn/lr 6.96e-02
[2022-02-05 12:17:51,639][INFO] [Epoch  79/200] trn/acc1 7.78e-01, trn/loss 1.87e+00, trn/loss_ce 7.46e-01, trn/loss_wd 2.25e+03, trn/lr 6.89e-02
[2022-02-05 12:18:00,861][INFO] [Epoch  80/200] trn/acc1 7.80e-01, trn/loss 1.87e+00, trn/loss_ce 7.41e-01, trn/loss_wd 2.26e+03, trn/lr 6.81e-02
[2022-02-05 12:18:01,083][INFO] [Epoch  80/200] Validation: val/acc1 0.6346, val/loss_ce 1.3691
[2022-02-05 12:18:13,342][INFO] [Epoch  81/200] trn/acc1 7.83e-01, trn/loss 1.85e+00, trn/loss_ce 7.26e-01, trn/loss_wd 2.26e+03, trn/lr 6.74e-02
[2022-02-05 12:18:22,539][INFO] [Epoch  82/200] trn/acc1 7.85e-01, trn/loss 1.85e+00, trn/loss_ce 7.23e-01, trn/loss_wd 2.25e+03, trn/lr 6.66e-02
[2022-02-05 12:18:31,724][INFO] [Epoch  83/200] trn/acc1 7.87e-01, trn/loss 1.83e+00, trn/loss_ce 7.09e-01, trn/loss_wd 2.25e+03, trn/lr 6.58e-02
[2022-02-05 12:18:40,917][INFO] [Epoch  84/200] trn/acc1 7.88e-01, trn/loss 1.83e+00, trn/loss_ce 7.07e-01, trn/loss_wd 2.24e+03, trn/lr 6.51e-02
[2022-02-05 12:18:50,109][INFO] [Epoch  85/200] trn/acc1 7.94e-01, trn/loss 1.81e+00, trn/loss_ce 6.92e-01, trn/loss_wd 2.24e+03, trn/lr 6.43e-02
[2022-02-05 12:18:59,288][INFO] [Epoch  86/200] trn/acc1 7.91e-01, trn/loss 1.82e+00, trn/loss_ce 6.99e-01, trn/loss_wd 2.24e+03, trn/lr 6.35e-02
[2022-02-05 12:19:08,479][INFO] [Epoch  87/200] trn/acc1 7.97e-01, trn/loss 1.80e+00, trn/loss_ce 6.79e-01, trn/loss_wd 2.24e+03, trn/lr 6.27e-02
[2022-02-05 12:19:17,690][INFO] [Epoch  88/200] trn/acc1 7.99e-01, trn/loss 1.79e+00, trn/loss_ce 6.72e-01, trn/loss_wd 2.23e+03, trn/lr 6.20e-02
[2022-02-05 12:19:26,859][INFO] [Epoch  89/200] trn/acc1 8.00e-01, trn/loss 1.78e+00, trn/loss_ce 6.63e-01, trn/loss_wd 2.23e+03, trn/lr 6.12e-02
[2022-02-05 12:19:36,028][INFO] [Epoch  90/200] trn/acc1 8.01e-01, trn/loss 1.76e+00, trn/loss_ce 6.53e-01, trn/loss_wd 2.22e+03, trn/lr 6.04e-02
[2022-02-05 12:19:45,195][INFO] [Epoch  91/200] trn/acc1 8.04e-01, trn/loss 1.76e+00, trn/loss_ce 6.53e-01, trn/loss_wd 2.22e+03, trn/lr 5.96e-02
[2022-02-05 12:19:54,390][INFO] [Epoch  92/200] trn/acc1 8.07e-01, trn/loss 1.75e+00, trn/loss_ce 6.41e-01, trn/loss_wd 2.22e+03, trn/lr 5.88e-02
[2022-02-05 12:20:03,545][INFO] [Epoch  93/200] trn/acc1 8.13e-01, trn/loss 1.73e+00, trn/loss_ce 6.27e-01, trn/loss_wd 2.21e+03, trn/lr 5.80e-02
[2022-02-05 12:20:12,723][INFO] [Epoch  94/200] trn/acc1 8.14e-01, trn/loss 1.72e+00, trn/loss_ce 6.18e-01, trn/loss_wd 2.21e+03, trn/lr 5.72e-02
[2022-02-05 12:20:21,906][INFO] [Epoch  95/200] trn/acc1 8.20e-01, trn/loss 1.70e+00, trn/loss_ce 6.01e-01, trn/loss_wd 2.20e+03, trn/lr 5.64e-02
[2022-02-05 12:20:31,041][INFO] [Epoch  96/200] trn/acc1 8.21e-01, trn/loss 1.70e+00, trn/loss_ce 5.99e-01, trn/loss_wd 2.20e+03, trn/lr 5.56e-02
[2022-02-05 12:20:40,232][INFO] [Epoch  97/200] trn/acc1 8.20e-01, trn/loss 1.69e+00, trn/loss_ce 5.94e-01, trn/loss_wd 2.19e+03, trn/lr 5.48e-02
[2022-02-05 12:20:49,420][INFO] [Epoch  98/200] trn/acc1 8.26e-01, trn/loss 1.67e+00, trn/loss_ce 5.78e-01, trn/loss_wd 2.19e+03, trn/lr 5.40e-02
[2022-02-05 12:20:58,607][INFO] [Epoch  99/200] trn/acc1 8.30e-01, trn/loss 1.65e+00, trn/loss_ce 5.63e-01, trn/loss_wd 2.18e+03, trn/lr 5.32e-02
[2022-02-05 12:21:07,803][INFO] [Epoch 100/200] trn/acc1 8.27e-01, trn/loss 1.66e+00, trn/loss_ce 5.74e-01, trn/loss_wd 2.17e+03, trn/lr 5.24e-02
[2022-02-05 12:21:08,019][INFO] [Epoch 100/200] Validation: val/acc1 0.6704, val/loss_ce 1.2625
[2022-02-05 12:21:19,988][INFO] [Epoch 101/200] trn/acc1 8.32e-01, trn/loss 1.64e+00, trn/loss_ce 5.56e-01, trn/loss_wd 2.17e+03, trn/lr 5.16e-02
[2022-02-05 12:21:29,171][INFO] [Epoch 102/200] trn/acc1 8.37e-01, trn/loss 1.62e+00, trn/loss_ce 5.41e-01, trn/loss_wd 2.16e+03, trn/lr 5.08e-02
[2022-02-05 12:21:38,380][INFO] [Epoch 103/200] trn/acc1 8.40e-01, trn/loss 1.61e+00, trn/loss_ce 5.31e-01, trn/loss_wd 2.15e+03, trn/lr 5.00e-02
[2022-02-05 12:21:47,614][INFO] [Epoch 104/200] trn/acc1 8.40e-01, trn/loss 1.60e+00, trn/loss_ce 5.28e-01, trn/loss_wd 2.14e+03, trn/lr 4.92e-02
[2022-02-05 12:21:56,804][INFO] [Epoch 105/200] trn/acc1 8.44e-01, trn/loss 1.59e+00, trn/loss_ce 5.18e-01, trn/loss_wd 2.14e+03, trn/lr 4.84e-02
[2022-02-05 12:22:06,020][INFO] [Epoch 106/200] trn/acc1 8.51e-01, trn/loss 1.56e+00, trn/loss_ce 4.97e-01, trn/loss_wd 2.13e+03, trn/lr 4.76e-02
[2022-02-05 12:22:15,185][INFO] [Epoch 107/200] trn/acc1 8.51e-01, trn/loss 1.55e+00, trn/loss_ce 4.88e-01, trn/loss_wd 2.12e+03, trn/lr 4.68e-02
[2022-02-05 12:22:24,405][INFO] [Epoch 108/200] trn/acc1 8.52e-01, trn/loss 1.54e+00, trn/loss_ce 4.89e-01, trn/loss_wd 2.11e+03, trn/lr 4.60e-02
[2022-02-05 12:22:33,587][INFO] [Epoch 109/200] trn/acc1 8.55e-01, trn/loss 1.53e+00, trn/loss_ce 4.77e-01, trn/loss_wd 2.10e+03, trn/lr 4.52e-02
[2022-02-05 12:22:42,906][INFO] [Epoch 110/200] trn/acc1 8.58e-01, trn/loss 1.51e+00, trn/loss_ce 4.62e-01, trn/loss_wd 2.09e+03, trn/lr 4.44e-02
[2022-02-05 12:22:52,069][INFO] [Epoch 111/200] trn/acc1 8.67e-01, trn/loss 1.48e+00, trn/loss_ce 4.42e-01, trn/loss_wd 2.07e+03, trn/lr 4.36e-02
[2022-02-05 12:23:01,248][INFO] [Epoch 112/200] trn/acc1 8.68e-01, trn/loss 1.47e+00, trn/loss_ce 4.35e-01, trn/loss_wd 2.06e+03, trn/lr 4.28e-02
[2022-02-05 12:23:10,440][INFO] [Epoch 113/200] trn/acc1 8.72e-01, trn/loss 1.45e+00, trn/loss_ce 4.28e-01, trn/loss_wd 2.05e+03, trn/lr 4.20e-02
[2022-02-05 12:23:19,618][INFO] [Epoch 114/200] trn/acc1 8.74e-01, trn/loss 1.44e+00, trn/loss_ce 4.19e-01, trn/loss_wd 2.04e+03, trn/lr 4.12e-02
[2022-02-05 12:23:28,820][INFO] [Epoch 115/200] trn/acc1 8.75e-01, trn/loss 1.42e+00, trn/loss_ce 4.08e-01, trn/loss_wd 2.03e+03, trn/lr 4.04e-02
[2022-02-05 12:23:37,996][INFO] [Epoch 116/200] trn/acc1 8.81e-01, trn/loss 1.40e+00, trn/loss_ce 3.97e-01, trn/loss_wd 2.01e+03, trn/lr 3.96e-02
[2022-02-05 12:23:47,186][INFO] [Epoch 117/200] trn/acc1 8.84e-01, trn/loss 1.38e+00, trn/loss_ce 3.81e-01, trn/loss_wd 2.00e+03, trn/lr 3.88e-02
[2022-02-05 12:23:56,406][INFO] [Epoch 118/200] trn/acc1 8.83e-01, trn/loss 1.38e+00, trn/loss_ce 3.85e-01, trn/loss_wd 1.98e+03, trn/lr 3.80e-02
[2022-02-05 12:24:05,587][INFO] [Epoch 119/200] trn/acc1 8.88e-01, trn/loss 1.35e+00, trn/loss_ce 3.64e-01, trn/loss_wd 1.97e+03, trn/lr 3.73e-02
[2022-02-05 12:24:14,759][INFO] [Epoch 120/200] trn/acc1 8.94e-01, trn/loss 1.33e+00, trn/loss_ce 3.55e-01, trn/loss_wd 1.95e+03, trn/lr 3.65e-02
[2022-02-05 12:24:14,969][INFO] [Epoch 120/200] Validation: val/acc1 0.6718, val/loss_ce 1.3841
[2022-02-05 12:24:26,270][INFO] [Epoch 121/200] trn/acc1 8.92e-01, trn/loss 1.32e+00, trn/loss_ce 3.56e-01, trn/loss_wd 1.94e+03, trn/lr 3.57e-02
[2022-02-05 12:24:35,466][INFO] [Epoch 122/200] trn/acc1 9.01e-01, trn/loss 1.29e+00, trn/loss_ce 3.31e-01, trn/loss_wd 1.92e+03, trn/lr 3.49e-02
[2022-02-05 12:24:44,615][INFO] [Epoch 123/200] trn/acc1 9.01e-01, trn/loss 1.28e+00, trn/loss_ce 3.33e-01, trn/loss_wd 1.90e+03, trn/lr 3.42e-02
[2022-02-05 12:24:53,806][INFO] [Epoch 124/200] trn/acc1 9.08e-01, trn/loss 1.25e+00, trn/loss_ce 3.10e-01, trn/loss_wd 1.88e+03, trn/lr 3.34e-02
[2022-02-05 12:25:02,979][INFO] [Epoch 125/200] trn/acc1 9.11e-01, trn/loss 1.23e+00, trn/loss_ce 3.02e-01, trn/loss_wd 1.86e+03, trn/lr 3.26e-02
[2022-02-05 12:25:12,141][INFO] [Epoch 126/200] trn/acc1 9.15e-01, trn/loss 1.21e+00, trn/loss_ce 2.86e-01, trn/loss_wd 1.84e+03, trn/lr 3.19e-02
[2022-02-05 12:25:21,318][INFO] [Epoch 127/200] trn/acc1 9.14e-01, trn/loss 1.20e+00, trn/loss_ce 2.86e-01, trn/loss_wd 1.82e+03, trn/lr 3.11e-02
[2022-02-05 12:25:30,495][INFO] [Epoch 128/200] trn/acc1 9.19e-01, trn/loss 1.18e+00, trn/loss_ce 2.75e-01, trn/loss_wd 1.80e+03, trn/lr 3.04e-02
[2022-02-05 12:25:39,694][INFO] [Epoch 129/200] trn/acc1 9.22e-01, trn/loss 1.15e+00, trn/loss_ce 2.63e-01, trn/loss_wd 1.78e+03, trn/lr 2.97e-02
[2022-02-05 12:25:48,874][INFO] [Epoch 130/200] trn/acc1 9.24e-01, trn/loss 1.14e+00, trn/loss_ce 2.63e-01, trn/loss_wd 1.76e+03, trn/lr 2.89e-02
[2022-02-05 12:25:58,051][INFO] [Epoch 131/200] trn/acc1 9.31e-01, trn/loss 1.11e+00, trn/loss_ce 2.41e-01, trn/loss_wd 1.74e+03, trn/lr 2.82e-02
[2022-02-05 12:26:07,244][INFO] [Epoch 132/200] trn/acc1 9.29e-01, trn/loss 1.10e+00, trn/loss_ce 2.42e-01, trn/loss_wd 1.72e+03, trn/lr 2.75e-02
[2022-02-05 12:26:16,489][INFO] [Epoch 133/200] trn/acc1 9.35e-01, trn/loss 1.07e+00, trn/loss_ce 2.25e-01, trn/loss_wd 1.70e+03, trn/lr 2.68e-02
[2022-02-05 12:26:25,660][INFO] [Epoch 134/200] trn/acc1 9.39e-01, trn/loss 1.05e+00, trn/loss_ce 2.16e-01, trn/loss_wd 1.68e+03, trn/lr 2.61e-02
[2022-02-05 12:26:34,842][INFO] [Epoch 135/200] trn/acc1 9.39e-01, trn/loss 1.04e+00, trn/loss_ce 2.15e-01, trn/loss_wd 1.65e+03, trn/lr 2.54e-02
[2022-02-05 12:26:44,052][INFO] [Epoch 136/200] trn/acc1 9.43e-01, trn/loss 1.01e+00, trn/loss_ce 2.00e-01, trn/loss_wd 1.63e+03, trn/lr 2.47e-02
[2022-02-05 12:26:53,240][INFO] [Epoch 137/200] trn/acc1 9.51e-01, trn/loss 9.77e-01, trn/loss_ce 1.77e-01, trn/loss_wd 1.60e+03, trn/lr 2.40e-02
[2022-02-05 12:27:02,462][INFO] [Epoch 138/200] trn/acc1 9.50e-01, trn/loss 9.66e-01, trn/loss_ce 1.80e-01, trn/loss_wd 1.57e+03, trn/lr 2.33e-02
[2022-02-05 12:27:11,678][INFO] [Epoch 139/200] trn/acc1 9.54e-01, trn/loss 9.44e-01, trn/loss_ce 1.70e-01, trn/loss_wd 1.55e+03, trn/lr 2.26e-02
[2022-02-05 12:27:20,899][INFO] [Epoch 140/200] trn/acc1 9.60e-01, trn/loss 9.07e-01, trn/loss_ce 1.49e-01, trn/loss_wd 1.52e+03, trn/lr 2.19e-02
[2022-02-05 12:27:21,113][INFO] [Epoch 140/200] Validation: val/acc1 0.6976, val/loss_ce 1.3388
[2022-02-05 12:27:31,782][INFO] [Epoch 141/200] trn/acc1 9.58e-01, trn/loss 8.96e-01, trn/loss_ce 1.52e-01, trn/loss_wd 1.49e+03, trn/lr 2.13e-02
[2022-02-05 12:27:40,958][INFO] [Epoch 142/200] trn/acc1 9.61e-01, trn/loss 8.78e-01, trn/loss_ce 1.46e-01, trn/loss_wd 1.46e+03, trn/lr 2.06e-02
[2022-02-05 12:27:50,154][INFO] [Epoch 143/200] trn/acc1 9.66e-01, trn/loss 8.49e-01, trn/loss_ce 1.32e-01, trn/loss_wd 1.43e+03, trn/lr 2.00e-02
[2022-02-05 12:27:59,346][INFO] [Epoch 144/200] trn/acc1 9.68e-01, trn/loss 8.24e-01, trn/loss_ce 1.22e-01, trn/loss_wd 1.40e+03, trn/lr 1.93e-02
[2022-02-05 12:28:08,526][INFO] [Epoch 145/200] trn/acc1 9.67e-01, trn/loss 8.15e-01, trn/loss_ce 1.26e-01, trn/loss_wd 1.38e+03, trn/lr 1.87e-02
[2022-02-05 12:28:17,708][INFO] [Epoch 146/200] trn/acc1 9.71e-01, trn/loss 7.93e-01, trn/loss_ce 1.17e-01, trn/loss_wd 1.35e+03, trn/lr 1.81e-02
[2022-02-05 12:28:26,906][INFO] [Epoch 147/200] trn/acc1 9.72e-01, trn/loss 7.74e-01, trn/loss_ce 1.11e-01, trn/loss_wd 1.33e+03, trn/lr 1.75e-02
[2022-02-05 12:28:36,111][INFO] [Epoch 148/200] trn/acc1 9.73e-01, trn/loss 7.59e-01, trn/loss_ce 1.08e-01, trn/loss_wd 1.30e+03, trn/lr 1.68e-02
[2022-02-05 12:28:45,258][INFO] [Epoch 149/200] trn/acc1 9.79e-01, trn/loss 7.24e-01, trn/loss_ce 8.65e-02, trn/loss_wd 1.27e+03, trn/lr 1.62e-02
[2022-02-05 12:28:54,443][INFO] [Epoch 150/200] trn/acc1 9.79e-01, trn/loss 7.11e-01, trn/loss_ce 8.79e-02, trn/loss_wd 1.25e+03, trn/lr 1.57e-02
[2022-02-05 12:29:03,604][INFO] [Epoch 151/200] trn/acc1 9.81e-01, trn/loss 6.90e-01, trn/loss_ce 8.09e-02, trn/loss_wd 1.22e+03, trn/lr 1.51e-02
[2022-02-05 12:29:12,771][INFO] [Epoch 152/200] trn/acc1 9.85e-01, trn/loss 6.64e-01, trn/loss_ce 6.82e-02, trn/loss_wd 1.19e+03, trn/lr 1.45e-02
[2022-02-05 12:29:21,923][INFO] [Epoch 153/200] trn/acc1 9.87e-01, trn/loss 6.43e-01, trn/loss_ce 6.18e-02, trn/loss_wd 1.16e+03, trn/lr 1.39e-02
[2022-02-05 12:29:31,084][INFO] [Epoch 154/200] trn/acc1 9.88e-01, trn/loss 6.26e-01, trn/loss_ce 5.90e-02, trn/loss_wd 1.13e+03, trn/lr 1.34e-02
[2022-02-05 12:29:40,269][INFO] [Epoch 155/200] trn/acc1 9.90e-01, trn/loss 6.03e-01, trn/loss_ce 5.03e-02, trn/loss_wd 1.10e+03, trn/lr 1.28e-02
[2022-02-05 12:29:49,546][INFO] [Epoch 156/200] trn/acc1 9.92e-01, trn/loss 5.84e-01, trn/loss_ce 4.53e-02, trn/loss_wd 1.08e+03, trn/lr 1.23e-02
[2022-02-05 12:29:58,718][INFO] [Epoch 157/200] trn/acc1 9.93e-01, trn/loss 5.66e-01, trn/loss_ce 4.10e-02, trn/loss_wd 1.05e+03, trn/lr 1.18e-02
[2022-02-05 12:30:07,924][INFO] [Epoch 158/200] trn/acc1 9.94e-01, trn/loss 5.47e-01, trn/loss_ce 3.59e-02, trn/loss_wd 1.02e+03, trn/lr 1.13e-02
[2022-02-05 12:30:17,068][INFO] [Epoch 159/200] trn/acc1 9.95e-01, trn/loss 5.32e-01, trn/loss_ce 3.36e-02, trn/loss_wd 9.97e+02, trn/lr 1.08e-02
[2022-02-05 12:30:26,243][INFO] [Epoch 160/200] trn/acc1 9.96e-01, trn/loss 5.12e-01, trn/loss_ce 2.64e-02, trn/loss_wd 9.72e+02, trn/lr 1.03e-02
[2022-02-05 12:30:26,456][INFO] [Epoch 160/200] Validation: val/acc1 0.7638, val/loss_ce 1.0299
[2022-02-05 12:30:38,786][INFO] [Epoch 161/200] trn/acc1 9.97e-01, trn/loss 4.99e-01, trn/loss_ce 2.56e-02, trn/loss_wd 9.47e+02, trn/lr 9.79e-03
[2022-02-05 12:30:47,927][INFO] [Epoch 162/200] trn/acc1 9.98e-01, trn/loss 4.83e-01, trn/loss_ce 2.12e-02, trn/loss_wd 9.24e+02, trn/lr 9.31e-03
[2022-02-05 12:30:57,140][INFO] [Epoch 163/200] trn/acc1 9.98e-01, trn/loss 4.70e-01, trn/loss_ce 1.87e-02, trn/loss_wd 9.02e+02, trn/lr 8.85e-03
[2022-02-05 12:31:06,355][INFO] [Epoch 164/200] trn/acc1 9.98e-01, trn/loss 4.57e-01, trn/loss_ce 1.66e-02, trn/loss_wd 8.81e+02, trn/lr 8.40e-03
[2022-02-05 12:31:15,549][INFO] [Epoch 165/200] trn/acc1 9.99e-01, trn/loss 4.47e-01, trn/loss_ce 1.62e-02, trn/loss_wd 8.61e+02, trn/lr 7.96e-03
[2022-02-05 12:31:24,708][INFO] [Epoch 166/200] trn/acc1 9.99e-01, trn/loss 4.36e-01, trn/loss_ce 1.49e-02, trn/loss_wd 8.42e+02, trn/lr 7.53e-03
[2022-02-05 12:31:33,853][INFO] [Epoch 167/200] trn/acc1 9.99e-01, trn/loss 4.25e-01, trn/loss_ce 1.30e-02, trn/loss_wd 8.25e+02, trn/lr 7.11e-03
[2022-02-05 12:31:42,992][INFO] [Epoch 168/200] trn/acc1 9.99e-01, trn/loss 4.17e-01, trn/loss_ce 1.31e-02, trn/loss_wd 8.08e+02, trn/lr 6.70e-03
[2022-02-05 12:31:52,169][INFO] [Epoch 169/200] trn/acc1 9.99e-01, trn/loss 4.10e-01, trn/loss_ce 1.30e-02, trn/loss_wd 7.93e+02, trn/lr 6.30e-03
[2022-02-05 12:32:01,299][INFO] [Epoch 170/200] trn/acc1 9.99e-01, trn/loss 4.01e-01, trn/loss_ce 1.14e-02, trn/loss_wd 7.79e+02, trn/lr 5.92e-03
[2022-02-05 12:32:10,445][INFO] [Epoch 171/200] trn/acc1 1.00e+00, trn/loss 3.94e-01, trn/loss_ce 1.08e-02, trn/loss_wd 7.66e+02, trn/lr 5.54e-03
[2022-02-05 12:32:19,627][INFO] [Epoch 172/200] trn/acc1 1.00e+00, trn/loss 3.88e-01, trn/loss_ce 1.03e-02, trn/loss_wd 7.54e+02, trn/lr 5.18e-03
[2022-02-05 12:32:28,828][INFO] [Epoch 173/200] trn/acc1 1.00e+00, trn/loss 3.82e-01, trn/loss_ce 1.02e-02, trn/loss_wd 7.43e+02, trn/lr 4.83e-03
[2022-02-05 12:32:38,006][INFO] [Epoch 174/200] trn/acc1 1.00e+00, trn/loss 3.77e-01, trn/loss_ce 9.98e-03, trn/loss_wd 7.33e+02, trn/lr 4.49e-03
[2022-02-05 12:32:47,169][INFO] [Epoch 175/200] trn/acc1 1.00e+00, trn/loss 3.72e-01, trn/loss_ce 1.00e-02, trn/loss_wd 7.24e+02, trn/lr 4.16e-03
[2022-02-05 12:32:56,367][INFO] [Epoch 176/200] trn/acc1 1.00e+00, trn/loss 3.67e-01, trn/loss_ce 9.61e-03, trn/loss_wd 7.16e+02, trn/lr 3.85e-03
[2022-02-05 12:33:05,536][INFO] [Epoch 177/200] trn/acc1 1.00e+00, trn/loss 3.63e-01, trn/loss_ce 9.32e-03, trn/loss_wd 7.08e+02, trn/lr 3.54e-03
[2022-02-05 12:33:14,726][INFO] [Epoch 178/200] trn/acc1 1.00e+00, trn/loss 3.60e-01, trn/loss_ce 9.22e-03, trn/loss_wd 7.01e+02, trn/lr 3.25e-03
[2022-02-05 12:33:23,908][INFO] [Epoch 179/200] trn/acc1 1.00e+00, trn/loss 3.57e-01, trn/loss_ce 9.46e-03, trn/loss_wd 6.94e+02, trn/lr 2.97e-03
[2022-02-05 12:33:33,178][INFO] [Epoch 180/200] trn/acc1 1.00e+00, trn/loss 3.53e-01, trn/loss_ce 9.09e-03, trn/loss_wd 6.89e+02, trn/lr 2.70e-03
[2022-02-05 12:33:33,388][INFO] [Epoch 180/200] Validation: val/acc1 0.7868, val/loss_ce 0.9124
[2022-02-05 12:33:45,949][INFO] [Epoch 181/200] trn/acc1 1.00e+00, trn/loss 3.51e-01, trn/loss_ce 9.33e-03, trn/loss_wd 6.83e+02, trn/lr 2.45e-03
[2022-02-05 12:33:46,180][INFO] [Epoch 181/200] Validation: val/acc1 0.7906, val/loss_ce 0.9017
[2022-02-05 12:33:58,758][INFO] [Epoch 182/200] trn/acc1 1.00e+00, trn/loss 3.48e-01, trn/loss_ce 9.06e-03, trn/loss_wd 6.79e+02, trn/lr 2.21e-03
[2022-02-05 12:33:58,971][INFO] [Epoch 182/200] Validation: val/acc1 0.7900, val/loss_ce 0.9052
[2022-02-05 12:34:08,941][INFO] [Epoch 183/200] trn/acc1 1.00e+00, trn/loss 3.46e-01, trn/loss_ce 8.69e-03, trn/loss_wd 6.75e+02, trn/lr 1.97e-03
[2022-02-05 12:34:09,157][INFO] [Epoch 183/200] Validation: val/acc1 0.7898, val/loss_ce 0.8992
[2022-02-05 12:34:20,008][INFO] [Epoch 184/200] trn/acc1 1.00e+00, trn/loss 3.44e-01, trn/loss_ce 8.91e-03, trn/loss_wd 6.71e+02, trn/lr 1.76e-03
[2022-02-05 12:34:20,217][INFO] [Epoch 184/200] Validation: val/acc1 0.7918, val/loss_ce 0.9044
[2022-02-05 12:34:31,672][INFO] [Epoch 185/200] trn/acc1 1.00e+00, trn/loss 3.43e-01, trn/loss_ce 8.93e-03, trn/loss_wd 6.68e+02, trn/lr 1.55e-03
[2022-02-05 12:34:31,886][INFO] [Epoch 185/200] Validation: val/acc1 0.7906, val/loss_ce 0.9017
[2022-02-05 12:34:41,800][INFO] [Epoch 186/200] trn/acc1 1.00e+00, trn/loss 3.41e-01, trn/loss_ce 8.44e-03, trn/loss_wd 6.65e+02, trn/lr 1.36e-03
[2022-02-05 12:34:42,010][INFO] [Epoch 186/200] Validation: val/acc1 0.7870, val/loss_ce 0.9046
[2022-02-05 12:34:51,961][INFO] [Epoch 187/200] trn/acc1 1.00e+00, trn/loss 3.40e-01, trn/loss_ce 8.66e-03, trn/loss_wd 6.62e+02, trn/lr 1.18e-03
[2022-02-05 12:34:52,170][INFO] [Epoch 187/200] Validation: val/acc1 0.7886, val/loss_ce 0.9061
[2022-02-05 12:35:02,089][INFO] [Epoch 188/200] trn/acc1 1.00e+00, trn/loss 3.39e-01, trn/loss_ce 8.50e-03, trn/loss_wd 6.60e+02, trn/lr 1.01e-03
[2022-02-05 12:35:02,298][INFO] [Epoch 188/200] Validation: val/acc1 0.7894, val/loss_ce 0.9042
[2022-02-05 12:35:12,226][INFO] [Epoch 189/200] trn/acc1 1.00e+00, trn/loss 3.38e-01, trn/loss_ce 8.40e-03, trn/loss_wd 6.58e+02, trn/lr 8.56e-04
[2022-02-05 12:35:12,436][INFO] [Epoch 189/200] Validation: val/acc1 0.7898, val/loss_ce 0.8999
[2022-02-05 12:35:22,381][INFO] [Epoch 190/200] trn/acc1 1.00e+00, trn/loss 3.37e-01, trn/loss_ce 8.59e-03, trn/loss_wd 6.57e+02, trn/lr 7.14e-04
[2022-02-05 12:35:22,592][INFO] [Epoch 190/200] Validation: val/acc1 0.7910, val/loss_ce 0.9001
[2022-02-05 12:35:32,520][INFO] [Epoch 191/200] trn/acc1 1.00e+00, trn/loss 3.36e-01, trn/loss_ce 8.19e-03, trn/loss_wd 6.56e+02, trn/lr 5.85e-04
[2022-02-05 12:35:32,732][INFO] [Epoch 191/200] Validation: val/acc1 0.7910, val/loss_ce 0.8986
[2022-02-05 12:35:44,640][INFO] [Epoch 192/200] trn/acc1 1.00e+00, trn/loss 3.35e-01, trn/loss_ce 7.93e-03, trn/loss_wd 6.55e+02, trn/lr 4.69e-04
[2022-02-05 12:35:44,854][INFO] [Epoch 192/200] Validation: val/acc1 0.7912, val/loss_ce 0.9008
[2022-02-05 12:35:55,000][INFO] [Epoch 193/200] trn/acc1 1.00e+00, trn/loss 3.35e-01, trn/loss_ce 8.06e-03, trn/loss_wd 6.54e+02, trn/lr 3.65e-04
[2022-02-05 12:35:55,209][INFO] [Epoch 193/200] Validation: val/acc1 0.7904, val/loss_ce 0.9004
[2022-02-05 12:36:05,769][INFO] [Epoch 194/200] trn/acc1 1.00e+00, trn/loss 3.35e-01, trn/loss_ce 8.34e-03, trn/loss_wd 6.53e+02, trn/lr 2.75e-04
[2022-02-05 12:36:05,980][INFO] [Epoch 194/200] Validation: val/acc1 0.7912, val/loss_ce 0.8970
[2022-02-05 12:36:22,446][INFO] [Epoch 195/200] trn/acc1 1.00e+00, trn/loss 3.35e-01, trn/loss_ce 8.28e-03, trn/loss_wd 6.53e+02, trn/lr 1.97e-04
[2022-02-05 12:36:22,659][INFO] [Epoch 195/200] Validation: val/acc1 0.7898, val/loss_ce 0.8959
[2022-02-05 12:36:34,123][INFO] [Epoch 196/200] trn/acc1 1.00e+00, trn/loss 3.34e-01, trn/loss_ce 8.23e-03, trn/loss_wd 6.52e+02, trn/lr 1.32e-04
[2022-02-05 12:36:34,333][INFO] [Epoch 196/200] Validation: val/acc1 0.7920, val/loss_ce 0.8962
[2022-02-05 12:36:45,550][INFO] [Epoch 197/200] trn/acc1 1.00e+00, trn/loss 3.34e-01, trn/loss_ce 8.20e-03, trn/loss_wd 6.52e+02, trn/lr 8.01e-05
[2022-02-05 12:36:45,760][INFO] [Epoch 197/200] Validation: val/acc1 0.7904, val/loss_ce 0.8968
[2022-02-05 12:36:55,699][INFO] [Epoch 198/200] trn/acc1 1.00e+00, trn/loss 3.34e-01, trn/loss_ce 8.14e-03, trn/loss_wd 6.52e+02, trn/lr 4.11e-05
[2022-02-05 12:36:55,911][INFO] [Epoch 198/200] Validation: val/acc1 0.7904, val/loss_ce 0.8989
[2022-02-05 12:37:05,823][INFO] [Epoch 199/200] trn/acc1 1.00e+00, trn/loss 3.34e-01, trn/loss_ce 8.12e-03, trn/loss_wd 6.52e+02, trn/lr 1.52e-05
[2022-02-05 12:37:06,044][INFO] [Epoch 199/200] Validation: val/acc1 0.7932, val/loss_ce 0.8973
[2022-02-05 12:37:16,789][INFO] [Epoch 200/200] trn/acc1 1.00e+00, trn/loss 3.34e-01, trn/loss_ce 8.12e-03, trn/loss_wd 6.52e+02, trn/lr 2.17e-06
[2022-02-05 12:37:17,002][INFO] [Epoch 200/200] Validation: val/acc1 0.7906, val/loss_ce 0.8988
