[2022-02-05 12:11:49,797][INFO] Environments:
------------  ---------------------------------------------------------------------------
sys.platform  linux
Python        3.7.11 (default, Nov 23 2021, 05:29:02) [GCC 7.5.0]
JAX           0.2.27 @/mnt/data1/giung/venvs/jax0.2.27/lib/python3.7/site-packages/jax
jaxlib        0.1.75 @/mnt/data1/giung/venvs/jax0.2.27/lib/python3.7/site-packages/jaxlib
Flax          0.4.0 @/mnt/data1/giung/venvs/jax0.2.27/lib/python3.7/site-packages/flax
Optax         0.1.0 @/mnt/data1/giung/venvs/jax0.2.27/lib/python3.7/site-packages/optax
------------  ---------------------------------------------------------------------------

[2022-02-05 12:11:49,798][INFO] Command line arguments:
Namespace(batch_size=128, config_file='./configs/C100_WRN28x10-BN-ReLU_SGD.yaml', keep_every_n_checkpoints=None, learning_rate=0.1, num_epochs=200, num_warmup_epochs=5, opts=[], output_dir='./outputs/C100_WRN28x10-BN-ReLU/SGD/s42_e200_wd5e-4_1GPU/', seed=42, weight_decay=0.0005)

[2022-02-05 12:11:49,798][INFO] Using a random seed 42

[2022-02-05 12:11:50,082][INFO] Unable to initialize backend 'tpu_driver': NOT_FOUND: Unable to find driver in registry given worker: 
[2022-02-05 12:11:50,414][INFO] Unable to initialize backend 'tpu': INVALID_ARGUMENT: TpuPlatform is not available.
[2022-02-05 12:13:16,968][INFO] Found no checkpoint files in outputs/C100_WRN28x10-BN-ReLU/SGD/s42_e200_wd5e-4_1GPU
[2022-02-05 12:14:17,161][INFO] [Epoch   1/200] trn/acc1 8.36e-02, trn/loss 1.14e+01, trn/loss_ce 4.09e+00, trn/loss_wd 1.45e+04, trn/lr 9.97e-03
[2022-02-05 12:14:21,300][INFO] [Epoch   1/200] Validation: val/acc1 0.1360, val/loss_ce 3.7208
[2022-02-05 12:15:21,500][INFO] [Epoch   2/200] trn/acc1 1.97e-01, trn/loss 1.01e+01, trn/loss_ce 3.29e+00, trn/loss_wd 1.36e+04, trn/lr 3.00e-02
[2022-02-05 12:16:07,636][INFO] [Epoch   3/200] trn/acc1 2.95e-01, trn/loss 8.72e+00, trn/loss_ce 2.76e+00, trn/loss_wd 1.19e+04, trn/lr 5.00e-02
[2022-02-05 12:16:53,825][INFO] [Epoch   4/200] trn/acc1 3.66e-01, trn/loss 7.34e+00, trn/loss_ce 2.40e+00, trn/loss_wd 9.87e+03, trn/lr 7.00e-02
[2022-02-05 12:17:40,033][INFO] [Epoch   5/200] trn/acc1 4.21e-01, trn/loss 6.02e+00, trn/loss_ce 2.14e+00, trn/loss_wd 7.77e+03, trn/lr 9.00e-02
[2022-02-05 12:18:26,226][INFO] [Epoch   6/200] trn/acc1 4.68e-01, trn/loss 4.90e+00, trn/loss_ce 1.93e+00, trn/loss_wd 5.93e+03, trn/lr 1.00e-01
[2022-02-05 12:19:12,428][INFO] [Epoch   7/200] trn/acc1 5.10e-01, trn/loss 4.05e+00, trn/loss_ce 1.75e+00, trn/loss_wd 4.59e+03, trn/lr 1.00e-01
[2022-02-05 12:19:58,609][INFO] [Epoch   8/200] trn/acc1 5.41e-01, trn/loss 3.46e+00, trn/loss_ce 1.63e+00, trn/loss_wd 3.67e+03, trn/lr 1.00e-01
[2022-02-05 12:20:44,762][INFO] [Epoch   9/200] trn/acc1 5.61e-01, trn/loss 3.05e+00, trn/loss_ce 1.53e+00, trn/loss_wd 3.04e+03, trn/lr 9.99e-02
[2022-02-05 12:21:30,894][INFO] [Epoch  10/200] trn/acc1 5.87e-01, trn/loss 2.75e+00, trn/loss_ce 1.45e+00, trn/loss_wd 2.61e+03, trn/lr 9.99e-02
[2022-02-05 12:22:17,007][INFO] [Epoch  11/200] trn/acc1 5.99e-01, trn/loss 2.57e+00, trn/loss_ce 1.40e+00, trn/loss_wd 2.33e+03, trn/lr 9.98e-02
[2022-02-05 12:23:03,100][INFO] [Epoch  12/200] trn/acc1 6.15e-01, trn/loss 2.41e+00, trn/loss_ce 1.34e+00, trn/loss_wd 2.16e+03, trn/lr 9.97e-02
[2022-02-05 12:23:49,196][INFO] [Epoch  13/200] trn/acc1 6.23e-01, trn/loss 2.33e+00, trn/loss_ce 1.30e+00, trn/loss_wd 2.05e+03, trn/lr 9.96e-02
[2022-02-05 12:24:35,271][INFO] [Epoch  14/200] trn/acc1 6.34e-01, trn/loss 2.26e+00, trn/loss_ce 1.27e+00, trn/loss_wd 1.99e+03, trn/lr 9.95e-02
[2022-02-05 12:25:21,349][INFO] [Epoch  15/200] trn/acc1 6.45e-01, trn/loss 2.21e+00, trn/loss_ce 1.23e+00, trn/loss_wd 1.97e+03, trn/lr 9.94e-02
[2022-02-05 12:26:07,406][INFO] [Epoch  16/200] trn/acc1 6.53e-01, trn/loss 2.18e+00, trn/loss_ce 1.20e+00, trn/loss_wd 1.96e+03, trn/lr 9.93e-02
[2022-02-05 12:26:53,473][INFO] [Epoch  17/200] trn/acc1 6.61e-01, trn/loss 2.15e+00, trn/loss_ce 1.16e+00, trn/loss_wd 1.97e+03, trn/lr 9.91e-02
[2022-02-05 12:27:39,541][INFO] [Epoch  18/200] trn/acc1 6.66e-01, trn/loss 2.14e+00, trn/loss_ce 1.15e+00, trn/loss_wd 1.98e+03, trn/lr 9.90e-02
[2022-02-05 12:28:25,597][INFO] [Epoch  19/200] trn/acc1 6.75e-01, trn/loss 2.12e+00, trn/loss_ce 1.12e+00, trn/loss_wd 2.00e+03, trn/lr 9.88e-02
[2022-02-05 12:29:11,679][INFO] [Epoch  20/200] trn/acc1 6.81e-01, trn/loss 2.11e+00, trn/loss_ce 1.10e+00, trn/loss_wd 2.02e+03, trn/lr 9.86e-02
[2022-02-05 12:29:13,336][INFO] [Epoch  20/200] Validation: val/acc1 0.5372, val/loss_ce 1.7562
[2022-02-05 12:30:25,552][INFO] [Epoch  21/200] trn/acc1 6.86e-01, trn/loss 2.10e+00, trn/loss_ce 1.08e+00, trn/loss_wd 2.05e+03, trn/lr 9.84e-02
[2022-02-05 12:31:11,658][INFO] [Epoch  22/200] trn/acc1 6.86e-01, trn/loss 2.10e+00, trn/loss_ce 1.07e+00, trn/loss_wd 2.07e+03, trn/lr 9.82e-02
[2022-02-05 12:31:57,838][INFO] [Epoch  23/200] trn/acc1 6.94e-01, trn/loss 2.09e+00, trn/loss_ce 1.05e+00, trn/loss_wd 2.10e+03, trn/lr 9.80e-02
[2022-02-05 12:32:44,007][INFO] [Epoch  24/200] trn/acc1 7.00e-01, trn/loss 2.08e+00, trn/loss_ce 1.03e+00, trn/loss_wd 2.12e+03, trn/lr 9.78e-02
[2022-02-05 12:33:30,192][INFO] [Epoch  25/200] trn/acc1 7.06e-01, trn/loss 2.07e+00, trn/loss_ce 1.00e+00, trn/loss_wd 2.13e+03, trn/lr 9.76e-02
[2022-02-05 12:34:16,347][INFO] [Epoch  26/200] trn/acc1 7.07e-01, trn/loss 2.07e+00, trn/loss_ce 9.95e-01, trn/loss_wd 2.16e+03, trn/lr 9.73e-02
[2022-02-05 12:35:02,496][INFO] [Epoch  27/200] trn/acc1 7.12e-01, trn/loss 2.07e+00, trn/loss_ce 9.82e-01, trn/loss_wd 2.18e+03, trn/lr 9.70e-02
[2022-02-05 12:35:48,625][INFO] [Epoch  28/200] trn/acc1 7.13e-01, trn/loss 2.07e+00, trn/loss_ce 9.65e-01, trn/loss_wd 2.21e+03, trn/lr 9.68e-02
[2022-02-05 12:36:34,750][INFO] [Epoch  29/200] trn/acc1 7.21e-01, trn/loss 2.07e+00, trn/loss_ce 9.50e-01, trn/loss_wd 2.23e+03, trn/lr 9.65e-02
[2022-02-05 12:37:20,859][INFO] [Epoch  30/200] trn/acc1 7.25e-01, trn/loss 2.06e+00, trn/loss_ce 9.38e-01, trn/loss_wd 2.25e+03, trn/lr 9.62e-02
[2022-02-05 12:38:06,951][INFO] [Epoch  31/200] trn/acc1 7.26e-01, trn/loss 2.06e+00, trn/loss_ce 9.31e-01, trn/loss_wd 2.27e+03, trn/lr 9.58e-02
[2022-02-05 12:38:53,038][INFO] [Epoch  32/200] trn/acc1 7.27e-01, trn/loss 2.06e+00, trn/loss_ce 9.20e-01, trn/loss_wd 2.28e+03, trn/lr 9.55e-02
[2022-02-05 12:39:39,104][INFO] [Epoch  33/200] trn/acc1 7.30e-01, trn/loss 2.06e+00, trn/loss_ce 9.16e-01, trn/loss_wd 2.29e+03, trn/lr 9.52e-02
[2022-02-05 12:40:25,182][INFO] [Epoch  34/200] trn/acc1 7.31e-01, trn/loss 2.06e+00, trn/loss_ce 9.02e-01, trn/loss_wd 2.31e+03, trn/lr 9.48e-02
[2022-02-05 12:41:11,276][INFO] [Epoch  35/200] trn/acc1 7.36e-01, trn/loss 2.05e+00, trn/loss_ce 8.89e-01, trn/loss_wd 2.33e+03, trn/lr 9.45e-02
[2022-02-05 12:41:57,366][INFO] [Epoch  36/200] trn/acc1 7.38e-01, trn/loss 2.06e+00, trn/loss_ce 8.82e-01, trn/loss_wd 2.35e+03, trn/lr 9.41e-02
[2022-02-05 12:42:43,450][INFO] [Epoch  37/200] trn/acc1 7.40e-01, trn/loss 2.05e+00, trn/loss_ce 8.72e-01, trn/loss_wd 2.36e+03, trn/lr 9.37e-02
[2022-02-05 12:43:29,537][INFO] [Epoch  38/200] trn/acc1 7.43e-01, trn/loss 2.05e+00, trn/loss_ce 8.62e-01, trn/loss_wd 2.37e+03, trn/lr 9.33e-02
[2022-02-05 12:44:15,633][INFO] [Epoch  39/200] trn/acc1 7.48e-01, trn/loss 2.04e+00, trn/loss_ce 8.52e-01, trn/loss_wd 2.38e+03, trn/lr 9.29e-02
[2022-02-05 12:45:01,704][INFO] [Epoch  40/200] trn/acc1 7.53e-01, trn/loss 2.03e+00, trn/loss_ce 8.35e-01, trn/loss_wd 2.39e+03, trn/lr 9.25e-02
[2022-02-05 12:45:03,360][INFO] [Epoch  40/200] Validation: val/acc1 0.5596, val/loss_ce 1.8494
[2022-02-05 12:45:58,896][INFO] [Epoch  41/200] trn/acc1 7.48e-01, trn/loss 2.05e+00, trn/loss_ce 8.47e-01, trn/loss_wd 2.40e+03, trn/lr 9.20e-02
[2022-02-05 12:46:44,878][INFO] [Epoch  42/200] trn/acc1 7.54e-01, trn/loss 2.03e+00, trn/loss_ce 8.31e-01, trn/loss_wd 2.41e+03, trn/lr 9.16e-02
[2022-02-05 12:47:30,922][INFO] [Epoch  43/200] trn/acc1 7.55e-01, trn/loss 2.03e+00, trn/loss_ce 8.21e-01, trn/loss_wd 2.42e+03, trn/lr 9.11e-02
[2022-02-05 12:48:16,976][INFO] [Epoch  44/200] trn/acc1 7.59e-01, trn/loss 2.03e+00, trn/loss_ce 8.19e-01, trn/loss_wd 2.42e+03, trn/lr 9.07e-02
[2022-02-05 12:49:03,054][INFO] [Epoch  45/200] trn/acc1 7.63e-01, trn/loss 2.01e+00, trn/loss_ce 7.99e-01, trn/loss_wd 2.43e+03, trn/lr 9.02e-02
[2022-02-05 12:49:49,139][INFO] [Epoch  46/200] trn/acc1 7.61e-01, trn/loss 2.02e+00, trn/loss_ce 7.97e-01, trn/loss_wd 2.44e+03, trn/lr 8.97e-02
[2022-02-05 12:50:35,185][INFO] [Epoch  47/200] trn/acc1 7.64e-01, trn/loss 2.02e+00, trn/loss_ce 7.97e-01, trn/loss_wd 2.45e+03, trn/lr 8.92e-02
[2022-02-05 12:51:21,234][INFO] [Epoch  48/200] trn/acc1 7.68e-01, trn/loss 2.01e+00, trn/loss_ce 7.82e-01, trn/loss_wd 2.45e+03, trn/lr 8.87e-02
[2022-02-05 12:52:07,275][INFO] [Epoch  49/200] trn/acc1 7.69e-01, trn/loss 2.00e+00, trn/loss_ce 7.73e-01, trn/loss_wd 2.46e+03, trn/lr 8.82e-02
[2022-02-05 12:52:53,334][INFO] [Epoch  50/200] trn/acc1 7.71e-01, trn/loss 1.99e+00, trn/loss_ce 7.60e-01, trn/loss_wd 2.46e+03, trn/lr 8.77e-02
[2022-02-05 12:53:39,357][INFO] [Epoch  51/200] trn/acc1 7.72e-01, trn/loss 2.00e+00, trn/loss_ce 7.67e-01, trn/loss_wd 2.47e+03, trn/lr 8.72e-02
[2022-02-05 12:54:25,394][INFO] [Epoch  52/200] trn/acc1 7.73e-01, trn/loss 2.00e+00, trn/loss_ce 7.56e-01, trn/loss_wd 2.48e+03, trn/lr 8.66e-02
[2022-02-05 12:55:11,473][INFO] [Epoch  53/200] trn/acc1 7.80e-01, trn/loss 1.97e+00, trn/loss_ce 7.34e-01, trn/loss_wd 2.48e+03, trn/lr 8.61e-02
[2022-02-05 12:55:57,581][INFO] [Epoch  54/200] trn/acc1 7.79e-01, trn/loss 1.98e+00, trn/loss_ce 7.32e-01, trn/loss_wd 2.49e+03, trn/lr 8.55e-02
[2022-02-05 12:56:43,732][INFO] [Epoch  55/200] trn/acc1 7.81e-01, trn/loss 1.98e+00, trn/loss_ce 7.29e-01, trn/loss_wd 2.49e+03, trn/lr 8.49e-02
[2022-02-05 12:57:29,857][INFO] [Epoch  56/200] trn/acc1 7.80e-01, trn/loss 1.98e+00, trn/loss_ce 7.32e-01, trn/loss_wd 2.50e+03, trn/lr 8.43e-02
[2022-02-05 12:58:15,962][INFO] [Epoch  57/200] trn/acc1 7.83e-01, trn/loss 1.97e+00, trn/loss_ce 7.21e-01, trn/loss_wd 2.50e+03, trn/lr 8.38e-02
[2022-02-05 12:59:02,040][INFO] [Epoch  58/200] trn/acc1 7.88e-01, trn/loss 1.95e+00, trn/loss_ce 7.05e-01, trn/loss_wd 2.50e+03, trn/lr 8.32e-02
[2022-02-05 12:59:48,124][INFO] [Epoch  59/200] trn/acc1 7.90e-01, trn/loss 1.95e+00, trn/loss_ce 7.01e-01, trn/loss_wd 2.50e+03, trn/lr 8.25e-02
[2022-02-05 13:00:34,184][INFO] [Epoch  60/200] trn/acc1 7.91e-01, trn/loss 1.95e+00, trn/loss_ce 6.92e-01, trn/loss_wd 2.51e+03, trn/lr 8.19e-02
[2022-02-05 13:00:35,839][INFO] [Epoch  60/200] Validation: val/acc1 0.6020, val/loss_ce 1.5444
[2022-02-05 13:01:45,790][INFO] [Epoch  61/200] trn/acc1 7.92e-01, trn/loss 1.94e+00, trn/loss_ce 6.83e-01, trn/loss_wd 2.51e+03, trn/lr 8.13e-02
[2022-02-05 13:02:31,808][INFO] [Epoch  62/200] trn/acc1 7.96e-01, trn/loss 1.93e+00, trn/loss_ce 6.72e-01, trn/loss_wd 2.52e+03, trn/lr 8.07e-02
[2022-02-05 13:03:17,879][INFO] [Epoch  63/200] trn/acc1 7.98e-01, trn/loss 1.93e+00, trn/loss_ce 6.70e-01, trn/loss_wd 2.52e+03, trn/lr 8.00e-02
[2022-02-05 13:04:03,955][INFO] [Epoch  64/200] trn/acc1 7.98e-01, trn/loss 1.93e+00, trn/loss_ce 6.66e-01, trn/loss_wd 2.52e+03, trn/lr 7.94e-02
[2022-02-05 13:04:50,017][INFO] [Epoch  65/200] trn/acc1 8.04e-01, trn/loss 1.90e+00, trn/loss_ce 6.45e-01, trn/loss_wd 2.51e+03, trn/lr 7.87e-02
[2022-02-05 13:05:36,081][INFO] [Epoch  66/200] trn/acc1 8.04e-01, trn/loss 1.90e+00, trn/loss_ce 6.44e-01, trn/loss_wd 2.51e+03, trn/lr 7.81e-02
[2022-02-05 13:06:22,134][INFO] [Epoch  67/200] trn/acc1 8.06e-01, trn/loss 1.90e+00, trn/loss_ce 6.37e-01, trn/loss_wd 2.52e+03, trn/lr 7.74e-02
[2022-02-05 13:07:08,194][INFO] [Epoch  68/200] trn/acc1 8.10e-01, trn/loss 1.89e+00, trn/loss_ce 6.30e-01, trn/loss_wd 2.51e+03, trn/lr 7.67e-02
[2022-02-05 13:07:54,251][INFO] [Epoch  69/200] trn/acc1 8.11e-01, trn/loss 1.88e+00, trn/loss_ce 6.23e-01, trn/loss_wd 2.51e+03, trn/lr 7.60e-02
[2022-02-05 13:08:40,311][INFO] [Epoch  70/200] trn/acc1 8.16e-01, trn/loss 1.86e+00, trn/loss_ce 6.08e-01, trn/loss_wd 2.51e+03, trn/lr 7.53e-02
[2022-02-05 13:09:26,367][INFO] [Epoch  71/200] trn/acc1 8.16e-01, trn/loss 1.86e+00, trn/loss_ce 6.04e-01, trn/loss_wd 2.51e+03, trn/lr 7.47e-02
[2022-02-05 13:10:12,409][INFO] [Epoch  72/200] trn/acc1 8.17e-01, trn/loss 1.85e+00, trn/loss_ce 5.96e-01, trn/loss_wd 2.51e+03, trn/lr 7.39e-02
[2022-02-05 13:10:58,463][INFO] [Epoch  73/200] trn/acc1 8.21e-01, trn/loss 1.84e+00, trn/loss_ce 5.86e-01, trn/loss_wd 2.51e+03, trn/lr 7.32e-02
[2022-02-05 13:11:44,541][INFO] [Epoch  74/200] trn/acc1 8.20e-01, trn/loss 1.84e+00, trn/loss_ce 5.88e-01, trn/loss_wd 2.51e+03, trn/lr 7.25e-02
[2022-02-05 13:12:30,660][INFO] [Epoch  75/200] trn/acc1 8.25e-01, trn/loss 1.83e+00, trn/loss_ce 5.74e-01, trn/loss_wd 2.51e+03, trn/lr 7.18e-02
[2022-02-05 13:13:16,825][INFO] [Epoch  76/200] trn/acc1 8.31e-01, trn/loss 1.81e+00, trn/loss_ce 5.59e-01, trn/loss_wd 2.50e+03, trn/lr 7.11e-02
[2022-02-05 13:14:03,008][INFO] [Epoch  77/200] trn/acc1 8.29e-01, trn/loss 1.81e+00, trn/loss_ce 5.63e-01, trn/loss_wd 2.50e+03, trn/lr 7.03e-02
[2022-02-05 13:14:49,221][INFO] [Epoch  78/200] trn/acc1 8.36e-01, trn/loss 1.78e+00, trn/loss_ce 5.41e-01, trn/loss_wd 2.49e+03, trn/lr 6.96e-02
[2022-02-05 13:15:35,421][INFO] [Epoch  79/200] trn/acc1 8.33e-01, trn/loss 1.79e+00, trn/loss_ce 5.44e-01, trn/loss_wd 2.49e+03, trn/lr 6.89e-02
[2022-02-05 13:16:21,579][INFO] [Epoch  80/200] trn/acc1 8.39e-01, trn/loss 1.77e+00, trn/loss_ce 5.29e-01, trn/loss_wd 2.48e+03, trn/lr 6.81e-02
[2022-02-05 13:16:23,237][INFO] [Epoch  80/200] Validation: val/acc1 0.6206, val/loss_ce 1.4944
[2022-02-05 13:17:29,572][INFO] [Epoch  81/200] trn/acc1 8.39e-01, trn/loss 1.77e+00, trn/loss_ce 5.29e-01, trn/loss_wd 2.48e+03, trn/lr 6.74e-02
[2022-02-05 13:18:15,616][INFO] [Epoch  82/200] trn/acc1 8.45e-01, trn/loss 1.74e+00, trn/loss_ce 5.09e-01, trn/loss_wd 2.47e+03, trn/lr 6.66e-02
[2022-02-05 13:19:01,716][INFO] [Epoch  83/200] trn/acc1 8.44e-01, trn/loss 1.74e+00, trn/loss_ce 5.11e-01, trn/loss_wd 2.46e+03, trn/lr 6.58e-02
[2022-02-05 13:19:47,833][INFO] [Epoch  84/200] trn/acc1 8.48e-01, trn/loss 1.73e+00, trn/loss_ce 5.03e-01, trn/loss_wd 2.46e+03, trn/lr 6.51e-02
[2022-02-05 13:20:33,932][INFO] [Epoch  85/200] trn/acc1 8.50e-01, trn/loss 1.72e+00, trn/loss_ce 4.88e-01, trn/loss_wd 2.45e+03, trn/lr 6.43e-02
[2022-02-05 13:21:20,009][INFO] [Epoch  86/200] trn/acc1 8.51e-01, trn/loss 1.71e+00, trn/loss_ce 4.87e-01, trn/loss_wd 2.45e+03, trn/lr 6.35e-02
[2022-02-05 13:22:06,062][INFO] [Epoch  87/200] trn/acc1 8.52e-01, trn/loss 1.70e+00, trn/loss_ce 4.82e-01, trn/loss_wd 2.44e+03, trn/lr 6.27e-02
[2022-02-05 13:22:52,104][INFO] [Epoch  88/200] trn/acc1 8.58e-01, trn/loss 1.68e+00, trn/loss_ce 4.63e-01, trn/loss_wd 2.44e+03, trn/lr 6.20e-02
[2022-02-05 13:23:38,149][INFO] [Epoch  89/200] trn/acc1 8.58e-01, trn/loss 1.67e+00, trn/loss_ce 4.61e-01, trn/loss_wd 2.43e+03, trn/lr 6.12e-02
[2022-02-05 13:24:24,190][INFO] [Epoch  90/200] trn/acc1 8.66e-01, trn/loss 1.65e+00, trn/loss_ce 4.40e-01, trn/loss_wd 2.41e+03, trn/lr 6.04e-02
[2022-02-05 13:25:10,230][INFO] [Epoch  91/200] trn/acc1 8.67e-01, trn/loss 1.63e+00, trn/loss_ce 4.36e-01, trn/loss_wd 2.40e+03, trn/lr 5.96e-02
[2022-02-05 13:25:56,278][INFO] [Epoch  92/200] trn/acc1 8.63e-01, trn/loss 1.65e+00, trn/loss_ce 4.51e-01, trn/loss_wd 2.40e+03, trn/lr 5.88e-02
[2022-02-05 13:26:42,327][INFO] [Epoch  93/200] trn/acc1 8.71e-01, trn/loss 1.62e+00, trn/loss_ce 4.23e-01, trn/loss_wd 2.39e+03, trn/lr 5.80e-02
[2022-02-05 13:27:28,386][INFO] [Epoch  94/200] trn/acc1 8.71e-01, trn/loss 1.61e+00, trn/loss_ce 4.24e-01, trn/loss_wd 2.38e+03, trn/lr 5.72e-02
[2022-02-05 13:28:14,428][INFO] [Epoch  95/200] trn/acc1 8.76e-01, trn/loss 1.59e+00, trn/loss_ce 4.05e-01, trn/loss_wd 2.36e+03, trn/lr 5.64e-02
[2022-02-05 13:29:00,469][INFO] [Epoch  96/200] trn/acc1 8.82e-01, trn/loss 1.56e+00, trn/loss_ce 3.92e-01, trn/loss_wd 2.35e+03, trn/lr 5.56e-02
[2022-02-05 13:29:46,500][INFO] [Epoch  97/200] trn/acc1 8.82e-01, trn/loss 1.55e+00, trn/loss_ce 3.87e-01, trn/loss_wd 2.33e+03, trn/lr 5.48e-02
[2022-02-05 13:30:32,527][INFO] [Epoch  98/200] trn/acc1 8.85e-01, trn/loss 1.54e+00, trn/loss_ce 3.80e-01, trn/loss_wd 2.32e+03, trn/lr 5.40e-02
[2022-02-05 13:31:18,555][INFO] [Epoch  99/200] trn/acc1 8.88e-01, trn/loss 1.52e+00, trn/loss_ce 3.67e-01, trn/loss_wd 2.30e+03, trn/lr 5.32e-02
[2022-02-05 13:32:04,622][INFO] [Epoch 100/200] trn/acc1 8.88e-01, trn/loss 1.51e+00, trn/loss_ce 3.66e-01, trn/loss_wd 2.29e+03, trn/lr 5.24e-02
[2022-02-05 13:32:06,276][INFO] [Epoch 100/200] Validation: val/acc1 0.6632, val/loss_ce 1.4113
[2022-02-05 13:33:06,260][INFO] [Epoch 101/200] trn/acc1 8.91e-01, trn/loss 1.49e+00, trn/loss_ce 3.53e-01, trn/loss_wd 2.28e+03, trn/lr 5.16e-02
[2022-02-05 13:33:52,378][INFO] [Epoch 102/200] trn/acc1 8.91e-01, trn/loss 1.49e+00, trn/loss_ce 3.57e-01, trn/loss_wd 2.26e+03, trn/lr 5.08e-02
[2022-02-05 13:34:38,530][INFO] [Epoch 103/200] trn/acc1 8.96e-01, trn/loss 1.47e+00, trn/loss_ce 3.40e-01, trn/loss_wd 2.25e+03, trn/lr 5.00e-02
[2022-02-05 13:35:24,659][INFO] [Epoch 104/200] trn/acc1 8.98e-01, trn/loss 1.45e+00, trn/loss_ce 3.34e-01, trn/loss_wd 2.24e+03, trn/lr 4.92e-02
[2022-02-05 13:36:10,759][INFO] [Epoch 105/200] trn/acc1 8.97e-01, trn/loss 1.45e+00, trn/loss_ce 3.35e-01, trn/loss_wd 2.22e+03, trn/lr 4.84e-02
[2022-02-05 13:36:56,798][INFO] [Epoch 106/200] trn/acc1 9.04e-01, trn/loss 1.42e+00, trn/loss_ce 3.16e-01, trn/loss_wd 2.21e+03, trn/lr 4.76e-02
[2022-02-05 13:37:42,829][INFO] [Epoch 107/200] trn/acc1 9.07e-01, trn/loss 1.40e+00, trn/loss_ce 3.03e-01, trn/loss_wd 2.19e+03, trn/lr 4.68e-02
[2022-02-05 13:38:28,829][INFO] [Epoch 108/200] trn/acc1 9.09e-01, trn/loss 1.39e+00, trn/loss_ce 3.03e-01, trn/loss_wd 2.17e+03, trn/lr 4.60e-02
[2022-02-05 13:39:14,839][INFO] [Epoch 109/200] trn/acc1 9.14e-01, trn/loss 1.36e+00, trn/loss_ce 2.84e-01, trn/loss_wd 2.15e+03, trn/lr 4.52e-02
[2022-02-05 13:40:00,840][INFO] [Epoch 110/200] trn/acc1 9.12e-01, trn/loss 1.35e+00, trn/loss_ce 2.89e-01, trn/loss_wd 2.13e+03, trn/lr 4.44e-02
[2022-02-05 13:40:46,847][INFO] [Epoch 111/200] trn/acc1 9.21e-01, trn/loss 1.32e+00, trn/loss_ce 2.67e-01, trn/loss_wd 2.10e+03, trn/lr 4.36e-02
[2022-02-05 13:41:32,881][INFO] [Epoch 112/200] trn/acc1 9.19e-01, trn/loss 1.30e+00, trn/loss_ce 2.65e-01, trn/loss_wd 2.08e+03, trn/lr 4.28e-02
[2022-02-05 13:42:18,911][INFO] [Epoch 113/200] trn/acc1 9.21e-01, trn/loss 1.29e+00, trn/loss_ce 2.63e-01, trn/loss_wd 2.06e+03, trn/lr 4.20e-02
[2022-02-05 13:43:04,946][INFO] [Epoch 114/200] trn/acc1 9.26e-01, trn/loss 1.27e+00, trn/loss_ce 2.49e-01, trn/loss_wd 2.04e+03, trn/lr 4.12e-02
[2022-02-05 13:43:50,978][INFO] [Epoch 115/200] trn/acc1 9.27e-01, trn/loss 1.25e+00, trn/loss_ce 2.47e-01, trn/loss_wd 2.01e+03, trn/lr 4.04e-02
[2022-02-05 13:44:36,997][INFO] [Epoch 116/200] trn/acc1 9.30e-01, trn/loss 1.23e+00, trn/loss_ce 2.38e-01, trn/loss_wd 1.99e+03, trn/lr 3.96e-02
[2022-02-05 13:45:23,034][INFO] [Epoch 117/200] trn/acc1 9.28e-01, trn/loss 1.22e+00, trn/loss_ce 2.35e-01, trn/loss_wd 1.97e+03, trn/lr 3.88e-02
[2022-02-05 13:46:09,078][INFO] [Epoch 118/200] trn/acc1 9.36e-01, trn/loss 1.19e+00, trn/loss_ce 2.16e-01, trn/loss_wd 1.94e+03, trn/lr 3.80e-02
[2022-02-05 13:46:55,107][INFO] [Epoch 119/200] trn/acc1 9.38e-01, trn/loss 1.17e+00, trn/loss_ce 2.09e-01, trn/loss_wd 1.91e+03, trn/lr 3.73e-02
[2022-02-05 13:47:41,151][INFO] [Epoch 120/200] trn/acc1 9.40e-01, trn/loss 1.15e+00, trn/loss_ce 2.06e-01, trn/loss_wd 1.88e+03, trn/lr 3.65e-02
[2022-02-05 13:47:42,808][INFO] [Epoch 120/200] Validation: val/acc1 0.6750, val/loss_ce 1.3862
[2022-02-05 13:48:42,714][INFO] [Epoch 121/200] trn/acc1 9.42e-01, trn/loss 1.13e+00, trn/loss_ce 1.98e-01, trn/loss_wd 1.86e+03, trn/lr 3.57e-02
[2022-02-05 13:49:28,695][INFO] [Epoch 122/200] trn/acc1 9.43e-01, trn/loss 1.11e+00, trn/loss_ce 1.92e-01, trn/loss_wd 1.84e+03, trn/lr 3.49e-02
[2022-02-05 13:50:14,730][INFO] [Epoch 123/200] trn/acc1 9.42e-01, trn/loss 1.11e+00, trn/loss_ce 1.98e-01, trn/loss_wd 1.81e+03, trn/lr 3.42e-02
[2022-02-05 13:51:00,774][INFO] [Epoch 124/200] trn/acc1 9.48e-01, trn/loss 1.08e+00, trn/loss_ce 1.83e-01, trn/loss_wd 1.79e+03, trn/lr 3.34e-02
[2022-02-05 13:51:46,802][INFO] [Epoch 125/200] trn/acc1 9.49e-01, trn/loss 1.06e+00, trn/loss_ce 1.75e-01, trn/loss_wd 1.76e+03, trn/lr 3.26e-02
[2022-02-05 13:52:32,833][INFO] [Epoch 126/200] trn/acc1 9.53e-01, trn/loss 1.03e+00, trn/loss_ce 1.64e-01, trn/loss_wd 1.73e+03, trn/lr 3.19e-02
[2022-02-05 13:53:18,841][INFO] [Epoch 127/200] trn/acc1 9.55e-01, trn/loss 1.01e+00, trn/loss_ce 1.58e-01, trn/loss_wd 1.70e+03, trn/lr 3.11e-02
[2022-02-05 13:54:04,860][INFO] [Epoch 128/200] trn/acc1 9.60e-01, trn/loss 9.77e-01, trn/loss_ce 1.42e-01, trn/loss_wd 1.67e+03, trn/lr 3.04e-02
[2022-02-05 13:54:50,879][INFO] [Epoch 129/200] trn/acc1 9.60e-01, trn/loss 9.65e-01, trn/loss_ce 1.47e-01, trn/loss_wd 1.64e+03, trn/lr 2.97e-02
[2022-02-05 13:55:36,899][INFO] [Epoch 130/200] trn/acc1 9.61e-01, trn/loss 9.49e-01, trn/loss_ce 1.44e-01, trn/loss_wd 1.61e+03, trn/lr 2.89e-02
[2022-02-05 13:56:22,925][INFO] [Epoch 131/200] trn/acc1 9.62e-01, trn/loss 9.35e-01, trn/loss_ce 1.40e-01, trn/loss_wd 1.59e+03, trn/lr 2.82e-02
[2022-02-05 13:57:08,961][INFO] [Epoch 132/200] trn/acc1 9.63e-01, trn/loss 9.14e-01, trn/loss_ce 1.33e-01, trn/loss_wd 1.56e+03, trn/lr 2.75e-02
[2022-02-05 13:57:55,044][INFO] [Epoch 133/200] trn/acc1 9.63e-01, trn/loss 9.04e-01, trn/loss_ce 1.35e-01, trn/loss_wd 1.54e+03, trn/lr 2.68e-02
[2022-02-05 13:58:41,145][INFO] [Epoch 134/200] trn/acc1 9.66e-01, trn/loss 8.85e-01, trn/loss_ce 1.27e-01, trn/loss_wd 1.52e+03, trn/lr 2.61e-02
[2022-02-05 13:59:27,265][INFO] [Epoch 135/200] trn/acc1 9.74e-01, trn/loss 8.45e-01, trn/loss_ce 1.02e-01, trn/loss_wd 1.49e+03, trn/lr 2.54e-02
[2022-02-05 14:00:13,387][INFO] [Epoch 136/200] trn/acc1 9.73e-01, trn/loss 8.22e-01, trn/loss_ce 9.91e-02, trn/loss_wd 1.44e+03, trn/lr 2.47e-02
[2022-02-05 14:00:59,475][INFO] [Epoch 137/200] trn/acc1 9.76e-01, trn/loss 7.95e-01, trn/loss_ce 9.17e-02, trn/loss_wd 1.41e+03, trn/lr 2.40e-02
[2022-02-05 14:01:45,539][INFO] [Epoch 138/200] trn/acc1 9.75e-01, trn/loss 7.86e-01, trn/loss_ce 9.70e-02, trn/loss_wd 1.38e+03, trn/lr 2.33e-02
[2022-02-05 14:02:31,587][INFO] [Epoch 139/200] trn/acc1 9.77e-01, trn/loss 7.65e-01, trn/loss_ce 9.07e-02, trn/loss_wd 1.35e+03, trn/lr 2.26e-02
[2022-02-05 14:03:17,638][INFO] [Epoch 140/200] trn/acc1 9.78e-01, trn/loss 7.46e-01, trn/loss_ce 8.57e-02, trn/loss_wd 1.32e+03, trn/lr 2.19e-02
[2022-02-05 14:03:19,292][INFO] [Epoch 140/200] Validation: val/acc1 0.7182, val/loss_ce 1.2154
[2022-02-05 14:04:23,632][INFO] [Epoch 141/200] trn/acc1 9.81e-01, trn/loss 7.22e-01, trn/loss_ce 7.89e-02, trn/loss_wd 1.29e+03, trn/lr 2.13e-02
[2022-02-05 14:05:09,664][INFO] [Epoch 142/200] trn/acc1 9.86e-01, trn/loss 6.89e-01, trn/loss_ce 6.19e-02, trn/loss_wd 1.25e+03, trn/lr 2.06e-02
[2022-02-05 14:05:55,729][INFO] [Epoch 143/200] trn/acc1 9.84e-01, trn/loss 6.77e-01, trn/loss_ce 6.85e-02, trn/loss_wd 1.22e+03, trn/lr 2.00e-02
[2022-02-05 14:06:41,784][INFO] [Epoch 144/200] trn/acc1 9.86e-01, trn/loss 6.56e-01, trn/loss_ce 6.15e-02, trn/loss_wd 1.19e+03, trn/lr 1.93e-02
[2022-02-05 14:07:27,851][INFO] [Epoch 145/200] trn/acc1 9.90e-01, trn/loss 6.26e-01, trn/loss_ce 4.89e-02, trn/loss_wd 1.15e+03, trn/lr 1.87e-02
[2022-02-05 14:08:13,899][INFO] [Epoch 146/200] trn/acc1 9.92e-01, trn/loss 6.00e-01, trn/loss_ce 4.21e-02, trn/loss_wd 1.12e+03, trn/lr 1.81e-02
[2022-02-05 14:08:59,936][INFO] [Epoch 147/200] trn/acc1 9.93e-01, trn/loss 5.75e-01, trn/loss_ce 3.61e-02, trn/loss_wd 1.08e+03, trn/lr 1.75e-02
[2022-02-05 14:09:45,946][INFO] [Epoch 148/200] trn/acc1 9.90e-01, trn/loss 5.68e-01, trn/loss_ce 4.61e-02, trn/loss_wd 1.04e+03, trn/lr 1.68e-02
[2022-02-05 14:10:31,946][INFO] [Epoch 149/200] trn/acc1 9.92e-01, trn/loss 5.49e-01, trn/loss_ce 4.11e-02, trn/loss_wd 1.02e+03, trn/lr 1.62e-02
[2022-02-05 14:11:17,957][INFO] [Epoch 150/200] trn/acc1 9.92e-01, trn/loss 5.33e-01, trn/loss_ce 3.89e-02, trn/loss_wd 9.87e+02, trn/lr 1.57e-02
[2022-02-05 14:12:04,002][INFO] [Epoch 151/200] trn/acc1 9.94e-01, trn/loss 5.12e-01, trn/loss_ce 3.26e-02, trn/loss_wd 9.60e+02, trn/lr 1.51e-02
[2022-02-05 14:12:50,091][INFO] [Epoch 152/200] trn/acc1 9.96e-01, trn/loss 4.91e-01, trn/loss_ce 2.60e-02, trn/loss_wd 9.30e+02, trn/lr 1.45e-02
[2022-02-05 14:13:36,198][INFO] [Epoch 153/200] trn/acc1 9.97e-01, trn/loss 4.72e-01, trn/loss_ce 2.21e-02, trn/loss_wd 8.99e+02, trn/lr 1.39e-02
[2022-02-05 14:14:22,310][INFO] [Epoch 154/200] trn/acc1 9.98e-01, trn/loss 4.52e-01, trn/loss_ce 1.76e-02, trn/loss_wd 8.69e+02, trn/lr 1.34e-02
[2022-02-05 14:15:08,380][INFO] [Epoch 155/200] trn/acc1 9.97e-01, trn/loss 4.40e-01, trn/loss_ce 2.00e-02, trn/loss_wd 8.41e+02, trn/lr 1.28e-02
[2022-02-05 14:15:54,431][INFO] [Epoch 156/200] trn/acc1 9.99e-01, trn/loss 4.20e-01, trn/loss_ce 1.34e-02, trn/loss_wd 8.14e+02, trn/lr 1.23e-02
[2022-02-05 14:16:40,478][INFO] [Epoch 157/200] trn/acc1 9.99e-01, trn/loss 4.02e-01, trn/loss_ce 8.67e-03, trn/loss_wd 7.86e+02, trn/lr 1.18e-02
[2022-02-05 14:17:26,505][INFO] [Epoch 158/200] trn/acc1 9.99e-01, trn/loss 3.88e-01, trn/loss_ce 7.91e-03, trn/loss_wd 7.60e+02, trn/lr 1.13e-02
[2022-02-05 14:18:12,553][INFO] [Epoch 159/200] trn/acc1 1.00e+00, trn/loss 3.74e-01, trn/loss_ce 7.15e-03, trn/loss_wd 7.34e+02, trn/lr 1.08e-02
[2022-02-05 14:18:58,585][INFO] [Epoch 160/200] trn/acc1 1.00e+00, trn/loss 3.62e-01, trn/loss_ce 6.78e-03, trn/loss_wd 7.11e+02, trn/lr 1.03e-02
[2022-02-05 14:19:00,239][INFO] [Epoch 160/200] Validation: val/acc1 0.7982, val/loss_ce 0.8220
[2022-02-05 14:20:02,293][INFO] [Epoch 161/200] trn/acc1 1.00e+00, trn/loss 3.51e-01, trn/loss_ce 6.41e-03, trn/loss_wd 6.90e+02, trn/lr 9.79e-03
[2022-02-05 14:20:48,280][INFO] [Epoch 162/200] trn/acc1 1.00e+00, trn/loss 3.42e-01, trn/loss_ce 7.33e-03, trn/loss_wd 6.70e+02, trn/lr 9.31e-03
[2022-02-05 14:21:34,331][INFO] [Epoch 163/200] trn/acc1 1.00e+00, trn/loss 3.32e-01, trn/loss_ce 6.31e-03, trn/loss_wd 6.52e+02, trn/lr 8.85e-03
[2022-02-05 14:22:20,383][INFO] [Epoch 164/200] trn/acc1 1.00e+00, trn/loss 3.25e-01, trn/loss_ce 7.03e-03, trn/loss_wd 6.35e+02, trn/lr 8.40e-03
[2022-02-05 14:23:06,431][INFO] [Epoch 165/200] trn/acc1 1.00e+00, trn/loss 3.17e-01, trn/loss_ce 7.07e-03, trn/loss_wd 6.20e+02, trn/lr 7.96e-03
[2022-02-05 14:23:52,464][INFO] [Epoch 166/200] trn/acc1 1.00e+00, trn/loss 3.09e-01, trn/loss_ce 6.58e-03, trn/loss_wd 6.06e+02, trn/lr 7.53e-03
[2022-02-05 14:24:38,478][INFO] [Epoch 167/200] trn/acc1 1.00e+00, trn/loss 3.03e-01, trn/loss_ce 6.71e-03, trn/loss_wd 5.93e+02, trn/lr 7.11e-03
[2022-02-05 14:25:24,471][INFO] [Epoch 168/200] trn/acc1 1.00e+00, trn/loss 2.97e-01, trn/loss_ce 6.40e-03, trn/loss_wd 5.81e+02, trn/lr 6.70e-03
[2022-02-05 14:26:10,475][INFO] [Epoch 169/200] trn/acc1 1.00e+00, trn/loss 2.92e-01, trn/loss_ce 6.64e-03, trn/loss_wd 5.70e+02, trn/lr 6.30e-03
[2022-02-05 14:26:56,478][INFO] [Epoch 170/200] trn/acc1 1.00e+00, trn/loss 2.87e-01, trn/loss_ce 6.63e-03, trn/loss_wd 5.60e+02, trn/lr 5.92e-03
[2022-02-05 14:27:42,474][INFO] [Epoch 171/200] trn/acc1 1.00e+00, trn/loss 2.82e-01, trn/loss_ce 6.68e-03, trn/loss_wd 5.51e+02, trn/lr 5.54e-03
[2022-02-05 14:28:28,472][INFO] [Epoch 172/200] trn/acc1 1.00e+00, trn/loss 2.78e-01, trn/loss_ce 6.54e-03, trn/loss_wd 5.42e+02, trn/lr 5.18e-03
[2022-02-05 14:29:14,466][INFO] [Epoch 173/200] trn/acc1 1.00e+00, trn/loss 2.74e-01, trn/loss_ce 6.86e-03, trn/loss_wd 5.35e+02, trn/lr 4.83e-03
[2022-02-05 14:30:00,468][INFO] [Epoch 174/200] trn/acc1 1.00e+00, trn/loss 2.71e-01, trn/loss_ce 6.96e-03, trn/loss_wd 5.28e+02, trn/lr 4.49e-03
[2022-02-05 14:30:46,441][INFO] [Epoch 175/200] trn/acc1 1.00e+00, trn/loss 2.67e-01, trn/loss_ce 6.76e-03, trn/loss_wd 5.21e+02, trn/lr 4.16e-03
[2022-02-05 14:31:32,421][INFO] [Epoch 176/200] trn/acc1 1.00e+00, trn/loss 2.64e-01, trn/loss_ce 6.54e-03, trn/loss_wd 5.15e+02, trn/lr 3.85e-03
[2022-02-05 14:32:18,422][INFO] [Epoch 177/200] trn/acc1 1.00e+00, trn/loss 2.61e-01, trn/loss_ce 6.44e-03, trn/loss_wd 5.10e+02, trn/lr 3.54e-03
[2022-02-05 14:33:04,459][INFO] [Epoch 178/200] trn/acc1 1.00e+00, trn/loss 2.59e-01, trn/loss_ce 6.48e-03, trn/loss_wd 5.05e+02, trn/lr 3.25e-03
[2022-02-05 14:33:50,539][INFO] [Epoch 179/200] trn/acc1 1.00e+00, trn/loss 2.57e-01, trn/loss_ce 6.54e-03, trn/loss_wd 5.01e+02, trn/lr 2.97e-03
[2022-02-05 14:34:36,632][INFO] [Epoch 180/200] trn/acc1 1.00e+00, trn/loss 2.55e-01, trn/loss_ce 6.31e-03, trn/loss_wd 4.97e+02, trn/lr 2.70e-03
[2022-02-05 14:34:38,290][INFO] [Epoch 180/200] Validation: val/acc1 0.8050, val/loss_ce 0.8066
[2022-02-05 14:35:38,777][INFO] [Epoch 181/200] trn/acc1 1.00e+00, trn/loss 2.53e-01, trn/loss_ce 6.53e-03, trn/loss_wd 4.93e+02, trn/lr 2.45e-03
[2022-02-05 14:35:40,430][INFO] [Epoch 181/200] Validation: val/acc1 0.8058, val/loss_ce 0.8044
[2022-02-05 14:36:44,467][INFO] [Epoch 182/200] trn/acc1 1.00e+00, trn/loss 2.52e-01, trn/loss_ce 6.61e-03, trn/loss_wd 4.90e+02, trn/lr 2.21e-03
[2022-02-05 14:36:46,121][INFO] [Epoch 182/200] Validation: val/acc1 0.8036, val/loss_ce 0.8102
[2022-02-05 14:37:40,133][INFO] [Epoch 183/200] trn/acc1 1.00e+00, trn/loss 2.50e-01, trn/loss_ce 6.35e-03, trn/loss_wd 4.87e+02, trn/lr 1.97e-03
[2022-02-05 14:37:41,787][INFO] [Epoch 183/200] Validation: val/acc1 0.8028, val/loss_ce 0.8095
[2022-02-05 14:38:36,739][INFO] [Epoch 184/200] trn/acc1 1.00e+00, trn/loss 2.48e-01, trn/loss_ce 6.28e-03, trn/loss_wd 4.84e+02, trn/lr 1.76e-03
[2022-02-05 14:38:38,394][INFO] [Epoch 184/200] Validation: val/acc1 0.8048, val/loss_ce 0.8077
[2022-02-05 14:39:52,355][INFO] [Epoch 185/200] trn/acc1 1.00e+00, trn/loss 2.48e-01, trn/loss_ce 6.46e-03, trn/loss_wd 4.82e+02, trn/lr 1.55e-03
[2022-02-05 14:39:54,002][INFO] [Epoch 185/200] Validation: val/acc1 0.8064, val/loss_ce 0.8036
[2022-02-05 14:41:15,783][INFO] [Epoch 186/200] trn/acc1 1.00e+00, trn/loss 2.46e-01, trn/loss_ce 6.35e-03, trn/loss_wd 4.80e+02, trn/lr 1.36e-03
[2022-02-05 14:41:17,430][INFO] [Epoch 186/200] Validation: val/acc1 0.8054, val/loss_ce 0.8097
[2022-02-05 14:42:06,322][INFO] [Epoch 187/200] trn/acc1 1.00e+00, trn/loss 2.46e-01, trn/loss_ce 6.29e-03, trn/loss_wd 4.79e+02, trn/lr 1.18e-03
[2022-02-05 14:42:07,975][INFO] [Epoch 187/200] Validation: val/acc1 0.8054, val/loss_ce 0.8068
[2022-02-05 14:42:57,816][INFO] [Epoch 188/200] trn/acc1 1.00e+00, trn/loss 2.45e-01, trn/loss_ce 6.27e-03, trn/loss_wd 4.77e+02, trn/lr 1.01e-03
[2022-02-05 14:42:59,470][INFO] [Epoch 188/200] Validation: val/acc1 0.8050, val/loss_ce 0.8104
[2022-02-05 14:43:49,362][INFO] [Epoch 189/200] trn/acc1 1.00e+00, trn/loss 2.44e-01, trn/loss_ce 6.24e-03, trn/loss_wd 4.76e+02, trn/lr 8.56e-04
[2022-02-05 14:43:51,017][INFO] [Epoch 189/200] Validation: val/acc1 0.8062, val/loss_ce 0.8062
[2022-02-05 14:44:40,281][INFO] [Epoch 190/200] trn/acc1 1.00e+00, trn/loss 2.44e-01, trn/loss_ce 6.23e-03, trn/loss_wd 4.75e+02, trn/lr 7.14e-04
[2022-02-05 14:44:41,938][INFO] [Epoch 190/200] Validation: val/acc1 0.8066, val/loss_ce 0.8097
[2022-02-05 14:45:37,142][INFO] [Epoch 191/200] trn/acc1 1.00e+00, trn/loss 2.43e-01, trn/loss_ce 6.27e-03, trn/loss_wd 4.74e+02, trn/lr 5.85e-04
[2022-02-05 14:45:38,797][INFO] [Epoch 191/200] Validation: val/acc1 0.8054, val/loss_ce 0.8073
[2022-02-05 14:46:28,267][INFO] [Epoch 192/200] trn/acc1 1.00e+00, trn/loss 2.43e-01, trn/loss_ce 6.14e-03, trn/loss_wd 4.73e+02, trn/lr 4.69e-04
[2022-02-05 14:46:29,923][INFO] [Epoch 192/200] Validation: val/acc1 0.8040, val/loss_ce 0.8091
[2022-02-05 14:47:21,130][INFO] [Epoch 193/200] trn/acc1 1.00e+00, trn/loss 2.43e-01, trn/loss_ce 6.23e-03, trn/loss_wd 4.73e+02, trn/lr 3.65e-04
[2022-02-05 14:47:22,788][INFO] [Epoch 193/200] Validation: val/acc1 0.8066, val/loss_ce 0.8077
[2022-02-05 14:48:13,526][INFO] [Epoch 194/200] trn/acc1 1.00e+00, trn/loss 2.42e-01, trn/loss_ce 6.19e-03, trn/loss_wd 4.72e+02, trn/lr 2.75e-04
[2022-02-05 14:48:15,180][INFO] [Epoch 194/200] Validation: val/acc1 0.8074, val/loss_ce 0.8067
[2022-02-05 14:49:13,736][INFO] [Epoch 195/200] trn/acc1 1.00e+00, trn/loss 2.42e-01, trn/loss_ce 6.18e-03, trn/loss_wd 4.72e+02, trn/lr 1.97e-04
[2022-02-05 14:49:15,389][INFO] [Epoch 195/200] Validation: val/acc1 0.8046, val/loss_ce 0.8042
[2022-02-05 14:50:09,656][INFO] [Epoch 196/200] trn/acc1 1.00e+00, trn/loss 2.42e-01, trn/loss_ce 6.29e-03, trn/loss_wd 4.72e+02, trn/lr 1.32e-04
[2022-02-05 14:50:11,311][INFO] [Epoch 196/200] Validation: val/acc1 0.8066, val/loss_ce 0.8046
[2022-02-05 14:51:00,334][INFO] [Epoch 197/200] trn/acc1 1.00e+00, trn/loss 2.42e-01, trn/loss_ce 6.20e-03, trn/loss_wd 4.72e+02, trn/lr 8.01e-05
[2022-02-05 14:51:01,989][INFO] [Epoch 197/200] Validation: val/acc1 0.8054, val/loss_ce 0.8077
[2022-02-05 14:51:51,421][INFO] [Epoch 198/200] trn/acc1 1.00e+00, trn/loss 2.42e-01, trn/loss_ce 6.16e-03, trn/loss_wd 4.72e+02, trn/lr 4.11e-05
[2022-02-05 14:51:53,073][INFO] [Epoch 198/200] Validation: val/acc1 0.8062, val/loss_ce 0.8068
[2022-02-05 14:52:42,290][INFO] [Epoch 199/200] trn/acc1 1.00e+00, trn/loss 2.42e-01, trn/loss_ce 6.11e-03, trn/loss_wd 4.71e+02, trn/lr 1.52e-05
[2022-02-05 14:52:43,943][INFO] [Epoch 199/200] Validation: val/acc1 0.8066, val/loss_ce 0.8055
[2022-02-05 14:53:37,686][INFO] [Epoch 200/200] trn/acc1 1.00e+00, trn/loss 2.42e-01, trn/loss_ce 6.19e-03, trn/loss_wd 4.71e+02, trn/lr 2.17e-06
[2022-02-05 14:53:39,338][INFO] [Epoch 200/200] Validation: val/acc1 0.8050, val/loss_ce 0.8094
