[2022-02-05 04:38:42,187][INFO] Environments:
------------  ---------------------------------------------------------------------------
sys.platform  linux
Python        3.7.11 (default, Nov 23 2021, 05:29:02) [GCC 7.5.0]
JAX           0.2.27 @/mnt/data1/giung/venvs/jax0.2.27/lib/python3.7/site-packages/jax
jaxlib        0.1.75 @/mnt/data1/giung/venvs/jax0.2.27/lib/python3.7/site-packages/jaxlib
Flax          0.4.0 @/mnt/data1/giung/venvs/jax0.2.27/lib/python3.7/site-packages/flax
Optax         0.1.0 @/mnt/data1/giung/venvs/jax0.2.27/lib/python3.7/site-packages/optax
------------  ---------------------------------------------------------------------------

[2022-02-05 04:38:42,187][INFO] Command line arguments:
Namespace(batch_size=128, config_file='./configs/C100_WRN28x10-BN-ReLU_SGD.yaml', keep_every_n_checkpoints=None, learning_rate=0.1, num_epochs=200, num_warmup_epochs=5, opts=[], output_dir='./outputs/C100_WRN28x10-BN-ReLU/SGD/s42_e200_wd5e-4_4GPU/', seed=42, weight_decay=0.0005)

[2022-02-05 04:38:42,187][INFO] Using a random seed 42

[2022-02-05 04:38:42,219][INFO] Unable to initialize backend 'tpu_driver': NOT_FOUND: Unable to find driver in registry given worker: 
[2022-02-05 04:38:42,891][INFO] Unable to initialize backend 'tpu': INVALID_ARGUMENT: TpuPlatform is not available.
[2022-02-05 04:40:09,103][INFO] Found no checkpoint files in outputs/C100_WRN28x10-BN-ReLU/SGD/s42_e200_wd5e-4_4GPU
[2022-02-05 04:40:56,045][INFO] [Epoch   1/200] trn/acc1 8.02e-02, trn/loss 1.14e+01, trn/loss_ce 4.12e+00, trn/loss_wd 1.45e+04, trn/lr 9.97e-03
[2022-02-05 04:40:58,997][INFO] [Epoch   1/200] Validation: val/acc1 0.1344, val/loss_ce 3.6895
[2022-02-05 04:41:53,172][INFO] [Epoch   2/200] trn/acc1 1.88e-01, trn/loss 1.01e+01, trn/loss_ce 3.35e+00, trn/loss_wd 1.36e+04, trn/lr 3.00e-02
[2022-02-05 04:42:20,771][INFO] [Epoch   3/200] trn/acc1 2.82e-01, trn/loss 8.79e+00, trn/loss_ce 2.83e+00, trn/loss_wd 1.19e+04, trn/lr 5.00e-02
[2022-02-05 04:42:48,404][INFO] [Epoch   4/200] trn/acc1 3.56e-01, trn/loss 7.40e+00, trn/loss_ce 2.47e+00, trn/loss_wd 9.87e+03, trn/lr 7.00e-02
[2022-02-05 04:43:16,064][INFO] [Epoch   5/200] trn/acc1 4.08e-01, trn/loss 6.09e+00, trn/loss_ce 2.21e+00, trn/loss_wd 7.77e+03, trn/lr 9.00e-02
[2022-02-05 04:43:43,752][INFO] [Epoch   6/200] trn/acc1 4.54e-01, trn/loss 4.97e+00, trn/loss_ce 2.00e+00, trn/loss_wd 5.93e+03, trn/lr 1.00e-01
[2022-02-05 04:44:11,474][INFO] [Epoch   7/200] trn/acc1 4.96e-01, trn/loss 4.12e+00, trn/loss_ce 1.82e+00, trn/loss_wd 4.60e+03, trn/lr 1.00e-01
[2022-02-05 04:44:39,231][INFO] [Epoch   8/200] trn/acc1 5.28e-01, trn/loss 3.53e+00, trn/loss_ce 1.69e+00, trn/loss_wd 3.68e+03, trn/lr 1.00e-01
[2022-02-05 04:45:06,976][INFO] [Epoch   9/200] trn/acc1 5.53e-01, trn/loss 3.12e+00, trn/loss_ce 1.60e+00, trn/loss_wd 3.05e+03, trn/lr 9.99e-02
[2022-02-05 04:45:34,721][INFO] [Epoch  10/200] trn/acc1 5.73e-01, trn/loss 2.83e+00, trn/loss_ce 1.52e+00, trn/loss_wd 2.62e+03, trn/lr 9.99e-02
[2022-02-05 04:46:02,462][INFO] [Epoch  11/200] trn/acc1 5.86e-01, trn/loss 2.64e+00, trn/loss_ce 1.47e+00, trn/loss_wd 2.35e+03, trn/lr 9.98e-02
[2022-02-05 04:46:30,201][INFO] [Epoch  12/200] trn/acc1 5.99e-01, trn/loss 2.49e+00, trn/loss_ce 1.40e+00, trn/loss_wd 2.18e+03, trn/lr 9.97e-02
[2022-02-05 04:46:57,942][INFO] [Epoch  13/200] trn/acc1 6.11e-01, trn/loss 2.41e+00, trn/loss_ce 1.37e+00, trn/loss_wd 2.07e+03, trn/lr 9.96e-02
[2022-02-05 04:47:25,727][INFO] [Epoch  14/200] trn/acc1 6.19e-01, trn/loss 2.34e+00, trn/loss_ce 1.33e+00, trn/loss_wd 2.02e+03, trn/lr 9.95e-02
[2022-02-05 04:47:53,474][INFO] [Epoch  15/200] trn/acc1 6.29e-01, trn/loss 2.30e+00, trn/loss_ce 1.30e+00, trn/loss_wd 2.00e+03, trn/lr 9.94e-02
[2022-02-05 04:48:21,219][INFO] [Epoch  16/200] trn/acc1 6.36e-01, trn/loss 2.26e+00, trn/loss_ce 1.26e+00, trn/loss_wd 1.99e+03, trn/lr 9.93e-02
[2022-02-05 04:48:48,954][INFO] [Epoch  17/200] trn/acc1 6.46e-01, trn/loss 2.23e+00, trn/loss_ce 1.23e+00, trn/loss_wd 2.00e+03, trn/lr 9.91e-02
[2022-02-05 04:49:16,699][INFO] [Epoch  18/200] trn/acc1 6.53e-01, trn/loss 2.21e+00, trn/loss_ce 1.21e+00, trn/loss_wd 2.02e+03, trn/lr 9.90e-02
[2022-02-05 04:49:44,408][INFO] [Epoch  19/200] trn/acc1 6.59e-01, trn/loss 2.21e+00, trn/loss_ce 1.19e+00, trn/loss_wd 2.04e+03, trn/lr 9.88e-02
[2022-02-05 04:50:12,137][INFO] [Epoch  20/200] trn/acc1 6.63e-01, trn/loss 2.20e+00, trn/loss_ce 1.17e+00, trn/loss_wd 2.07e+03, trn/lr 9.86e-02
[2022-02-05 04:50:12,691][INFO] [Epoch  20/200] Validation: val/acc1 0.5864, val/loss_ce 1.5685
[2022-02-05 04:51:04,369][INFO] [Epoch  21/200] trn/acc1 6.71e-01, trn/loss 2.19e+00, trn/loss_ce 1.14e+00, trn/loss_wd 2.09e+03, trn/lr 9.84e-02
[2022-02-05 04:51:32,031][INFO] [Epoch  22/200] trn/acc1 6.72e-01, trn/loss 2.19e+00, trn/loss_ce 1.13e+00, trn/loss_wd 2.12e+03, trn/lr 9.82e-02
[2022-02-05 04:51:59,708][INFO] [Epoch  23/200] trn/acc1 6.77e-01, trn/loss 2.19e+00, trn/loss_ce 1.11e+00, trn/loss_wd 2.15e+03, trn/lr 9.80e-02
[2022-02-05 04:52:27,436][INFO] [Epoch  24/200] trn/acc1 6.83e-01, trn/loss 2.19e+00, trn/loss_ce 1.10e+00, trn/loss_wd 2.18e+03, trn/lr 9.78e-02
[2022-02-05 04:52:55,152][INFO] [Epoch  25/200] trn/acc1 6.90e-01, trn/loss 2.17e+00, trn/loss_ce 1.07e+00, trn/loss_wd 2.20e+03, trn/lr 9.76e-02
[2022-02-05 04:53:22,917][INFO] [Epoch  26/200] trn/acc1 6.95e-01, trn/loss 2.16e+00, trn/loss_ce 1.06e+00, trn/loss_wd 2.21e+03, trn/lr 9.73e-02
[2022-02-05 04:53:50,671][INFO] [Epoch  27/200] trn/acc1 6.93e-01, trn/loss 2.18e+00, trn/loss_ce 1.06e+00, trn/loss_wd 2.24e+03, trn/lr 9.70e-02
[2022-02-05 04:54:18,468][INFO] [Epoch  28/200] trn/acc1 7.00e-01, trn/loss 2.16e+00, trn/loss_ce 1.03e+00, trn/loss_wd 2.26e+03, trn/lr 9.68e-02
[2022-02-05 04:54:46,216][INFO] [Epoch  29/200] trn/acc1 7.03e-01, trn/loss 2.16e+00, trn/loss_ce 1.02e+00, trn/loss_wd 2.28e+03, trn/lr 9.65e-02
[2022-02-05 04:55:13,974][INFO] [Epoch  30/200] trn/acc1 7.04e-01, trn/loss 2.16e+00, trn/loss_ce 1.01e+00, trn/loss_wd 2.30e+03, trn/lr 9.62e-02
[2022-02-05 04:55:41,704][INFO] [Epoch  31/200] trn/acc1 7.07e-01, trn/loss 2.16e+00, trn/loss_ce 9.96e-01, trn/loss_wd 2.32e+03, trn/lr 9.58e-02
[2022-02-05 04:56:09,447][INFO] [Epoch  32/200] trn/acc1 7.11e-01, trn/loss 2.15e+00, trn/loss_ce 9.85e-01, trn/loss_wd 2.34e+03, trn/lr 9.55e-02
[2022-02-05 04:56:37,156][INFO] [Epoch  33/200] trn/acc1 7.16e-01, trn/loss 2.16e+00, trn/loss_ce 9.81e-01, trn/loss_wd 2.36e+03, trn/lr 9.52e-02
[2022-02-05 04:57:04,874][INFO] [Epoch  34/200] trn/acc1 7.16e-01, trn/loss 2.15e+00, trn/loss_ce 9.65e-01, trn/loss_wd 2.37e+03, trn/lr 9.48e-02
[2022-02-05 04:57:32,610][INFO] [Epoch  35/200] trn/acc1 7.21e-01, trn/loss 2.15e+00, trn/loss_ce 9.53e-01, trn/loss_wd 2.39e+03, trn/lr 9.45e-02
[2022-02-05 04:58:00,350][INFO] [Epoch  36/200] trn/acc1 7.21e-01, trn/loss 2.15e+00, trn/loss_ce 9.49e-01, trn/loss_wd 2.41e+03, trn/lr 9.41e-02
[2022-02-05 04:58:28,075][INFO] [Epoch  37/200] trn/acc1 7.27e-01, trn/loss 2.14e+00, trn/loss_ce 9.33e-01, trn/loss_wd 2.42e+03, trn/lr 9.37e-02
[2022-02-05 04:58:55,846][INFO] [Epoch  38/200] trn/acc1 7.26e-01, trn/loss 2.14e+00, trn/loss_ce 9.27e-01, trn/loss_wd 2.43e+03, trn/lr 9.33e-02
[2022-02-05 04:59:23,603][INFO] [Epoch  39/200] trn/acc1 7.31e-01, trn/loss 2.13e+00, trn/loss_ce 9.13e-01, trn/loss_wd 2.44e+03, trn/lr 9.29e-02
[2022-02-05 04:59:51,387][INFO] [Epoch  40/200] trn/acc1 7.34e-01, trn/loss 2.12e+00, trn/loss_ce 9.02e-01, trn/loss_wd 2.45e+03, trn/lr 9.25e-02
[2022-02-05 04:59:51,941][INFO] [Epoch  40/200] Validation: val/acc1 0.6088, val/loss_ce 1.5793
[2022-02-05 05:00:28,823][INFO] [Epoch  41/200] trn/acc1 7.32e-01, trn/loss 2.14e+00, trn/loss_ce 9.12e-01, trn/loss_wd 2.46e+03, trn/lr 9.20e-02
[2022-02-05 05:00:56,576][INFO] [Epoch  42/200] trn/acc1 7.36e-01, trn/loss 2.13e+00, trn/loss_ce 8.96e-01, trn/loss_wd 2.47e+03, trn/lr 9.16e-02
[2022-02-05 05:01:24,365][INFO] [Epoch  43/200] trn/acc1 7.38e-01, trn/loss 2.13e+00, trn/loss_ce 8.86e-01, trn/loss_wd 2.48e+03, trn/lr 9.11e-02
[2022-02-05 05:01:52,108][INFO] [Epoch  44/200] trn/acc1 7.40e-01, trn/loss 2.12e+00, trn/loss_ce 8.80e-01, trn/loss_wd 2.49e+03, trn/lr 9.07e-02
[2022-02-05 05:02:19,838][INFO] [Epoch  45/200] trn/acc1 7.42e-01, trn/loss 2.12e+00, trn/loss_ce 8.72e-01, trn/loss_wd 2.50e+03, trn/lr 9.02e-02
[2022-02-05 05:02:47,585][INFO] [Epoch  46/200] trn/acc1 7.47e-01, trn/loss 2.11e+00, trn/loss_ce 8.59e-01, trn/loss_wd 2.51e+03, trn/lr 8.97e-02
[2022-02-05 05:03:15,318][INFO] [Epoch  47/200] trn/acc1 7.48e-01, trn/loss 2.11e+00, trn/loss_ce 8.50e-01, trn/loss_wd 2.51e+03, trn/lr 8.92e-02
[2022-02-05 05:03:43,067][INFO] [Epoch  48/200] trn/acc1 7.49e-01, trn/loss 2.10e+00, trn/loss_ce 8.42e-01, trn/loss_wd 2.52e+03, trn/lr 8.87e-02
[2022-02-05 05:04:10,811][INFO] [Epoch  49/200] trn/acc1 7.49e-01, trn/loss 2.11e+00, trn/loss_ce 8.42e-01, trn/loss_wd 2.53e+03, trn/lr 8.82e-02
[2022-02-05 05:04:38,544][INFO] [Epoch  50/200] trn/acc1 7.54e-01, trn/loss 2.10e+00, trn/loss_ce 8.30e-01, trn/loss_wd 2.54e+03, trn/lr 8.77e-02
[2022-02-05 05:05:06,256][INFO] [Epoch  51/200] trn/acc1 7.55e-01, trn/loss 2.10e+00, trn/loss_ce 8.30e-01, trn/loss_wd 2.54e+03, trn/lr 8.72e-02
[2022-02-05 05:05:34,001][INFO] [Epoch  52/200] trn/acc1 7.57e-01, trn/loss 2.10e+00, trn/loss_ce 8.20e-01, trn/loss_wd 2.55e+03, trn/lr 8.66e-02
[2022-02-05 05:06:01,726][INFO] [Epoch  53/200] trn/acc1 7.64e-01, trn/loss 2.08e+00, trn/loss_ce 8.01e-01, trn/loss_wd 2.55e+03, trn/lr 8.61e-02
[2022-02-05 05:06:29,465][INFO] [Epoch  54/200] trn/acc1 7.61e-01, trn/loss 2.08e+00, trn/loss_ce 8.01e-01, trn/loss_wd 2.56e+03, trn/lr 8.55e-02
[2022-02-05 05:06:57,204][INFO] [Epoch  55/200] trn/acc1 7.64e-01, trn/loss 2.08e+00, trn/loss_ce 7.91e-01, trn/loss_wd 2.57e+03, trn/lr 8.49e-02
[2022-02-05 05:07:24,938][INFO] [Epoch  56/200] trn/acc1 7.69e-01, trn/loss 2.07e+00, trn/loss_ce 7.82e-01, trn/loss_wd 2.57e+03, trn/lr 8.43e-02
[2022-02-05 05:07:52,653][INFO] [Epoch  57/200] trn/acc1 7.69e-01, trn/loss 2.07e+00, trn/loss_ce 7.78e-01, trn/loss_wd 2.58e+03, trn/lr 8.38e-02
[2022-02-05 05:08:20,382][INFO] [Epoch  58/200] trn/acc1 7.73e-01, trn/loss 2.05e+00, trn/loss_ce 7.67e-01, trn/loss_wd 2.57e+03, trn/lr 8.32e-02
[2022-02-05 05:08:48,105][INFO] [Epoch  59/200] trn/acc1 7.72e-01, trn/loss 2.06e+00, trn/loss_ce 7.68e-01, trn/loss_wd 2.58e+03, trn/lr 8.25e-02
[2022-02-05 05:09:15,853][INFO] [Epoch  60/200] trn/acc1 7.73e-01, trn/loss 2.05e+00, trn/loss_ce 7.61e-01, trn/loss_wd 2.58e+03, trn/lr 8.19e-02
[2022-02-05 05:09:16,408][INFO] [Epoch  60/200] Validation: val/acc1 0.6384, val/loss_ce 1.4161
[2022-02-05 05:09:58,609][INFO] [Epoch  61/200] trn/acc1 7.78e-01, trn/loss 2.04e+00, trn/loss_ce 7.52e-01, trn/loss_wd 2.58e+03, trn/lr 8.13e-02
[2022-02-05 05:10:26,297][INFO] [Epoch  62/200] trn/acc1 7.80e-01, trn/loss 2.03e+00, trn/loss_ce 7.35e-01, trn/loss_wd 2.59e+03, trn/lr 8.07e-02
[2022-02-05 05:10:53,971][INFO] [Epoch  63/200] trn/acc1 7.82e-01, trn/loss 2.02e+00, trn/loss_ce 7.28e-01, trn/loss_wd 2.59e+03, trn/lr 8.00e-02
[2022-02-05 05:11:21,654][INFO] [Epoch  64/200] trn/acc1 7.84e-01, trn/loss 2.02e+00, trn/loss_ce 7.22e-01, trn/loss_wd 2.60e+03, trn/lr 7.94e-02
[2022-02-05 05:11:49,333][INFO] [Epoch  65/200] trn/acc1 7.87e-01, trn/loss 2.01e+00, trn/loss_ce 7.13e-01, trn/loss_wd 2.60e+03, trn/lr 7.87e-02
[2022-02-05 05:12:17,055][INFO] [Epoch  66/200] trn/acc1 7.88e-01, trn/loss 2.01e+00, trn/loss_ce 7.06e-01, trn/loss_wd 2.60e+03, trn/lr 7.81e-02
[2022-02-05 05:12:44,741][INFO] [Epoch  67/200] trn/acc1 7.88e-01, trn/loss 2.01e+00, trn/loss_ce 7.06e-01, trn/loss_wd 2.61e+03, trn/lr 7.74e-02
[2022-02-05 05:13:12,494][INFO] [Epoch  68/200] trn/acc1 7.95e-01, trn/loss 1.99e+00, trn/loss_ce 6.89e-01, trn/loss_wd 2.60e+03, trn/lr 7.67e-02
[2022-02-05 05:13:40,212][INFO] [Epoch  69/200] trn/acc1 7.94e-01, trn/loss 1.99e+00, trn/loss_ce 6.85e-01, trn/loss_wd 2.60e+03, trn/lr 7.60e-02
[2022-02-05 05:14:07,946][INFO] [Epoch  70/200] trn/acc1 7.96e-01, trn/loss 1.99e+00, trn/loss_ce 6.83e-01, trn/loss_wd 2.61e+03, trn/lr 7.53e-02
[2022-02-05 05:14:35,676][INFO] [Epoch  71/200] trn/acc1 8.02e-01, trn/loss 1.97e+00, trn/loss_ce 6.67e-01, trn/loss_wd 2.60e+03, trn/lr 7.47e-02
[2022-02-05 05:15:03,436][INFO] [Epoch  72/200] trn/acc1 8.03e-01, trn/loss 1.96e+00, trn/loss_ce 6.57e-01, trn/loss_wd 2.60e+03, trn/lr 7.39e-02
[2022-02-05 05:15:31,152][INFO] [Epoch  73/200] trn/acc1 8.03e-01, trn/loss 1.95e+00, trn/loss_ce 6.49e-01, trn/loss_wd 2.60e+03, trn/lr 7.32e-02
[2022-02-05 05:15:58,892][INFO] [Epoch  74/200] trn/acc1 8.05e-01, trn/loss 1.95e+00, trn/loss_ce 6.51e-01, trn/loss_wd 2.60e+03, trn/lr 7.25e-02
[2022-02-05 05:16:26,586][INFO] [Epoch  75/200] trn/acc1 8.10e-01, trn/loss 1.93e+00, trn/loss_ce 6.29e-01, trn/loss_wd 2.60e+03, trn/lr 7.18e-02
[2022-02-05 05:16:54,278][INFO] [Epoch  76/200] trn/acc1 8.13e-01, trn/loss 1.92e+00, trn/loss_ce 6.19e-01, trn/loss_wd 2.59e+03, trn/lr 7.11e-02
[2022-02-05 05:17:21,950][INFO] [Epoch  77/200] trn/acc1 8.12e-01, trn/loss 1.92e+00, trn/loss_ce 6.21e-01, trn/loss_wd 2.59e+03, trn/lr 7.03e-02
[2022-02-05 05:17:49,630][INFO] [Epoch  78/200] trn/acc1 8.17e-01, trn/loss 1.90e+00, trn/loss_ce 6.06e-01, trn/loss_wd 2.59e+03, trn/lr 6.96e-02
[2022-02-05 05:18:17,312][INFO] [Epoch  79/200] trn/acc1 8.19e-01, trn/loss 1.89e+00, trn/loss_ce 6.00e-01, trn/loss_wd 2.58e+03, trn/lr 6.89e-02
[2022-02-05 05:18:45,021][INFO] [Epoch  80/200] trn/acc1 8.22e-01, trn/loss 1.89e+00, trn/loss_ce 5.95e-01, trn/loss_wd 2.59e+03, trn/lr 6.81e-02
[2022-02-05 05:18:45,574][INFO] [Epoch  80/200] Validation: val/acc1 0.6088, val/loss_ce 1.6206
[2022-02-05 05:19:16,516][INFO] [Epoch  81/200] trn/acc1 8.28e-01, trn/loss 1.87e+00, trn/loss_ce 5.78e-01, trn/loss_wd 2.59e+03, trn/lr 6.74e-02
[2022-02-05 05:19:44,181][INFO] [Epoch  82/200] trn/acc1 8.27e-01, trn/loss 1.86e+00, trn/loss_ce 5.74e-01, trn/loss_wd 2.58e+03, trn/lr 6.66e-02
[2022-02-05 05:20:11,826][INFO] [Epoch  83/200] trn/acc1 8.26e-01, trn/loss 1.87e+00, trn/loss_ce 5.75e-01, trn/loss_wd 2.59e+03, trn/lr 6.58e-02
[2022-02-05 05:20:39,506][INFO] [Epoch  84/200] trn/acc1 8.34e-01, trn/loss 1.84e+00, trn/loss_ce 5.52e-01, trn/loss_wd 2.58e+03, trn/lr 6.51e-02
[2022-02-05 05:21:07,221][INFO] [Epoch  85/200] trn/acc1 8.37e-01, trn/loss 1.83e+00, trn/loss_ce 5.44e-01, trn/loss_wd 2.57e+03, trn/lr 6.43e-02
[2022-02-05 05:21:34,926][INFO] [Epoch  86/200] trn/acc1 8.34e-01, trn/loss 1.83e+00, trn/loss_ce 5.45e-01, trn/loss_wd 2.57e+03, trn/lr 6.35e-02
[2022-02-05 05:22:02,675][INFO] [Epoch  87/200] trn/acc1 8.41e-01, trn/loss 1.81e+00, trn/loss_ce 5.27e-01, trn/loss_wd 2.56e+03, trn/lr 6.27e-02
[2022-02-05 05:22:30,422][INFO] [Epoch  88/200] trn/acc1 8.43e-01, trn/loss 1.79e+00, trn/loss_ce 5.18e-01, trn/loss_wd 2.55e+03, trn/lr 6.20e-02
[2022-02-05 05:22:58,132][INFO] [Epoch  89/200] trn/acc1 8.47e-01, trn/loss 1.78e+00, trn/loss_ce 5.14e-01, trn/loss_wd 2.54e+03, trn/lr 6.12e-02
[2022-02-05 05:23:25,858][INFO] [Epoch  90/200] trn/acc1 8.47e-01, trn/loss 1.77e+00, trn/loss_ce 5.03e-01, trn/loss_wd 2.53e+03, trn/lr 6.04e-02
[2022-02-05 05:23:53,605][INFO] [Epoch  91/200] trn/acc1 8.50e-01, trn/loss 1.76e+00, trn/loss_ce 4.91e-01, trn/loss_wd 2.53e+03, trn/lr 5.96e-02
[2022-02-05 05:24:21,367][INFO] [Epoch  92/200] trn/acc1 8.52e-01, trn/loss 1.75e+00, trn/loss_ce 4.90e-01, trn/loss_wd 2.53e+03, trn/lr 5.88e-02
[2022-02-05 05:24:49,131][INFO] [Epoch  93/200] trn/acc1 8.57e-01, trn/loss 1.73e+00, trn/loss_ce 4.76e-01, trn/loss_wd 2.51e+03, trn/lr 5.80e-02
[2022-02-05 05:25:16,913][INFO] [Epoch  94/200] trn/acc1 8.60e-01, trn/loss 1.72e+00, trn/loss_ce 4.64e-01, trn/loss_wd 2.50e+03, trn/lr 5.72e-02
[2022-02-05 05:25:44,666][INFO] [Epoch  95/200] trn/acc1 8.59e-01, trn/loss 1.71e+00, trn/loss_ce 4.64e-01, trn/loss_wd 2.50e+03, trn/lr 5.64e-02
[2022-02-05 05:26:12,435][INFO] [Epoch  96/200] trn/acc1 8.65e-01, trn/loss 1.69e+00, trn/loss_ce 4.43e-01, trn/loss_wd 2.49e+03, trn/lr 5.56e-02
[2022-02-05 05:26:40,186][INFO] [Epoch  97/200] trn/acc1 8.63e-01, trn/loss 1.69e+00, trn/loss_ce 4.52e-01, trn/loss_wd 2.48e+03, trn/lr 5.48e-02
[2022-02-05 05:27:07,940][INFO] [Epoch  98/200] trn/acc1 8.72e-01, trn/loss 1.66e+00, trn/loss_ce 4.25e-01, trn/loss_wd 2.47e+03, trn/lr 5.40e-02
[2022-02-05 05:27:35,657][INFO] [Epoch  99/200] trn/acc1 8.76e-01, trn/loss 1.64e+00, trn/loss_ce 4.17e-01, trn/loss_wd 2.45e+03, trn/lr 5.32e-02
[2022-02-05 05:28:03,384][INFO] [Epoch 100/200] trn/acc1 8.70e-01, trn/loss 1.64e+00, trn/loss_ce 4.18e-01, trn/loss_wd 2.44e+03, trn/lr 5.24e-02
[2022-02-05 05:28:03,940][INFO] [Epoch 100/200] Validation: val/acc1 0.6640, val/loss_ce 1.3753
[2022-02-05 05:28:46,322][INFO] [Epoch 101/200] trn/acc1 8.78e-01, trn/loss 1.62e+00, trn/loss_ce 4.06e-01, trn/loss_wd 2.43e+03, trn/lr 5.16e-02
[2022-02-05 05:29:13,950][INFO] [Epoch 102/200] trn/acc1 8.81e-01, trn/loss 1.60e+00, trn/loss_ce 3.93e-01, trn/loss_wd 2.42e+03, trn/lr 5.08e-02
[2022-02-05 05:29:41,588][INFO] [Epoch 103/200] trn/acc1 8.83e-01, trn/loss 1.59e+00, trn/loss_ce 3.91e-01, trn/loss_wd 2.40e+03, trn/lr 5.00e-02
[2022-02-05 05:30:09,241][INFO] [Epoch 104/200] trn/acc1 8.84e-01, trn/loss 1.58e+00, trn/loss_ce 3.87e-01, trn/loss_wd 2.39e+03, trn/lr 4.92e-02
[2022-02-05 05:30:36,912][INFO] [Epoch 105/200] trn/acc1 8.90e-01, trn/loss 1.55e+00, trn/loss_ce 3.66e-01, trn/loss_wd 2.38e+03, trn/lr 4.84e-02
[2022-02-05 05:31:04,620][INFO] [Epoch 106/200] trn/acc1 8.90e-01, trn/loss 1.54e+00, trn/loss_ce 3.63e-01, trn/loss_wd 2.36e+03, trn/lr 4.76e-02
[2022-02-05 05:31:32,317][INFO] [Epoch 107/200] trn/acc1 8.94e-01, trn/loss 1.53e+00, trn/loss_ce 3.55e-01, trn/loss_wd 2.34e+03, trn/lr 4.68e-02
[2022-02-05 05:32:00,027][INFO] [Epoch 108/200] trn/acc1 9.01e-01, trn/loss 1.49e+00, trn/loss_ce 3.29e-01, trn/loss_wd 2.32e+03, trn/lr 4.60e-02
[2022-02-05 05:32:27,734][INFO] [Epoch 109/200] trn/acc1 9.01e-01, trn/loss 1.48e+00, trn/loss_ce 3.27e-01, trn/loss_wd 2.30e+03, trn/lr 4.52e-02
[2022-02-05 05:32:55,497][INFO] [Epoch 110/200] trn/acc1 9.00e-01, trn/loss 1.47e+00, trn/loss_ce 3.31e-01, trn/loss_wd 2.29e+03, trn/lr 4.44e-02
[2022-02-05 05:33:23,202][INFO] [Epoch 111/200] trn/acc1 9.06e-01, trn/loss 1.45e+00, trn/loss_ce 3.15e-01, trn/loss_wd 2.27e+03, trn/lr 4.36e-02
[2022-02-05 05:33:50,944][INFO] [Epoch 112/200] trn/acc1 9.09e-01, trn/loss 1.43e+00, trn/loss_ce 3.07e-01, trn/loss_wd 2.25e+03, trn/lr 4.28e-02
[2022-02-05 05:34:18,671][INFO] [Epoch 113/200] trn/acc1 9.15e-01, trn/loss 1.40e+00, trn/loss_ce 2.88e-01, trn/loss_wd 2.23e+03, trn/lr 4.20e-02
[2022-02-05 05:34:46,391][INFO] [Epoch 114/200] trn/acc1 9.18e-01, trn/loss 1.38e+00, trn/loss_ce 2.80e-01, trn/loss_wd 2.20e+03, trn/lr 4.12e-02
[2022-02-05 05:35:14,090][INFO] [Epoch 115/200] trn/acc1 9.14e-01, trn/loss 1.38e+00, trn/loss_ce 2.91e-01, trn/loss_wd 2.18e+03, trn/lr 4.04e-02
[2022-02-05 05:35:41,806][INFO] [Epoch 116/200] trn/acc1 9.23e-01, trn/loss 1.34e+00, trn/loss_ce 2.64e-01, trn/loss_wd 2.15e+03, trn/lr 3.96e-02
[2022-02-05 05:36:09,530][INFO] [Epoch 117/200] trn/acc1 9.23e-01, trn/loss 1.33e+00, trn/loss_ce 2.66e-01, trn/loss_wd 2.13e+03, trn/lr 3.88e-02
[2022-02-05 05:36:37,266][INFO] [Epoch 118/200] trn/acc1 9.25e-01, trn/loss 1.31e+00, trn/loss_ce 2.55e-01, trn/loss_wd 2.11e+03, trn/lr 3.80e-02
[2022-02-05 05:37:04,974][INFO] [Epoch 119/200] trn/acc1 9.26e-01, trn/loss 1.29e+00, trn/loss_ce 2.49e-01, trn/loss_wd 2.09e+03, trn/lr 3.73e-02
[2022-02-05 05:37:32,688][INFO] [Epoch 120/200] trn/acc1 9.28e-01, trn/loss 1.28e+00, trn/loss_ce 2.48e-01, trn/loss_wd 2.07e+03, trn/lr 3.65e-02
[2022-02-05 05:37:33,238][INFO] [Epoch 120/200] Validation: val/acc1 0.6904, val/loss_ce 1.3504
[2022-02-05 05:38:17,636][INFO] [Epoch 121/200] trn/acc1 9.33e-01, trn/loss 1.25e+00, trn/loss_ce 2.30e-01, trn/loss_wd 2.05e+03, trn/lr 3.57e-02
[2022-02-05 05:38:45,331][INFO] [Epoch 122/200] trn/acc1 9.33e-01, trn/loss 1.24e+00, trn/loss_ce 2.29e-01, trn/loss_wd 2.03e+03, trn/lr 3.49e-02
[2022-02-05 05:39:13,030][INFO] [Epoch 123/200] trn/acc1 9.36e-01, trn/loss 1.22e+00, trn/loss_ce 2.20e-01, trn/loss_wd 2.00e+03, trn/lr 3.42e-02
[2022-02-05 05:39:40,722][INFO] [Epoch 124/200] trn/acc1 9.43e-01, trn/loss 1.18e+00, trn/loss_ce 1.99e-01, trn/loss_wd 1.97e+03, trn/lr 3.34e-02
[2022-02-05 05:40:08,450][INFO] [Epoch 125/200] trn/acc1 9.43e-01, trn/loss 1.17e+00, trn/loss_ce 2.03e-01, trn/loss_wd 1.94e+03, trn/lr 3.26e-02
[2022-02-05 05:40:36,190][INFO] [Epoch 126/200] trn/acc1 9.49e-01, trn/loss 1.13e+00, trn/loss_ce 1.81e-01, trn/loss_wd 1.91e+03, trn/lr 3.19e-02
[2022-02-05 05:41:03,927][INFO] [Epoch 127/200] trn/acc1 9.48e-01, trn/loss 1.12e+00, trn/loss_ce 1.84e-01, trn/loss_wd 1.87e+03, trn/lr 3.11e-02
[2022-02-05 05:41:31,694][INFO] [Epoch 128/200] trn/acc1 9.50e-01, trn/loss 1.10e+00, trn/loss_ce 1.76e-01, trn/loss_wd 1.84e+03, trn/lr 3.04e-02
[2022-02-05 05:41:59,441][INFO] [Epoch 129/200] trn/acc1 9.52e-01, trn/loss 1.08e+00, trn/loss_ce 1.73e-01, trn/loss_wd 1.82e+03, trn/lr 2.97e-02
[2022-02-05 05:42:27,181][INFO] [Epoch 130/200] trn/acc1 9.59e-01, trn/loss 1.05e+00, trn/loss_ce 1.55e-01, trn/loss_wd 1.79e+03, trn/lr 2.89e-02
[2022-02-05 05:42:54,903][INFO] [Epoch 131/200] trn/acc1 9.54e-01, trn/loss 1.04e+00, trn/loss_ce 1.63e-01, trn/loss_wd 1.76e+03, trn/lr 2.82e-02
[2022-02-05 05:43:22,655][INFO] [Epoch 132/200] trn/acc1 9.58e-01, trn/loss 1.02e+00, trn/loss_ce 1.53e-01, trn/loss_wd 1.73e+03, trn/lr 2.75e-02
[2022-02-05 05:43:50,395][INFO] [Epoch 133/200] trn/acc1 9.63e-01, trn/loss 9.90e-01, trn/loss_ce 1.40e-01, trn/loss_wd 1.70e+03, trn/lr 2.68e-02
[2022-02-05 05:44:18,161][INFO] [Epoch 134/200] trn/acc1 9.61e-01, trn/loss 9.77e-01, trn/loss_ce 1.42e-01, trn/loss_wd 1.67e+03, trn/lr 2.61e-02
[2022-02-05 05:44:45,883][INFO] [Epoch 135/200] trn/acc1 9.65e-01, trn/loss 9.51e-01, trn/loss_ce 1.31e-01, trn/loss_wd 1.64e+03, trn/lr 2.54e-02
[2022-02-05 05:45:13,633][INFO] [Epoch 136/200] trn/acc1 9.70e-01, trn/loss 9.20e-01, trn/loss_ce 1.17e-01, trn/loss_wd 1.61e+03, trn/lr 2.47e-02
[2022-02-05 05:45:41,342][INFO] [Epoch 137/200] trn/acc1 9.68e-01, trn/loss 9.07e-01, trn/loss_ce 1.21e-01, trn/loss_wd 1.57e+03, trn/lr 2.40e-02
[2022-02-05 05:46:09,046][INFO] [Epoch 138/200] trn/acc1 9.70e-01, trn/loss 8.86e-01, trn/loss_ce 1.15e-01, trn/loss_wd 1.54e+03, trn/lr 2.33e-02
[2022-02-05 05:46:36,798][INFO] [Epoch 139/200] trn/acc1 9.75e-01, trn/loss 8.53e-01, trn/loss_ce 9.89e-02, trn/loss_wd 1.51e+03, trn/lr 2.26e-02
[2022-02-05 05:47:04,552][INFO] [Epoch 140/200] trn/acc1 9.77e-01, trn/loss 8.30e-01, trn/loss_ce 9.33e-02, trn/loss_wd 1.47e+03, trn/lr 2.19e-02
[2022-02-05 05:47:05,106][INFO] [Epoch 140/200] Validation: val/acc1 0.7376, val/loss_ce 1.1723
[2022-02-05 05:47:46,884][INFO] [Epoch 141/200] trn/acc1 9.78e-01, trn/loss 8.10e-01, trn/loss_ce 9.07e-02, trn/loss_wd 1.44e+03, trn/lr 2.13e-02
[2022-02-05 05:48:14,579][INFO] [Epoch 142/200] trn/acc1 9.81e-01, trn/loss 7.85e-01, trn/loss_ce 8.32e-02, trn/loss_wd 1.40e+03, trn/lr 2.06e-02
[2022-02-05 05:48:42,274][INFO] [Epoch 143/200] trn/acc1 9.81e-01, trn/loss 7.68e-01, trn/loss_ce 8.11e-02, trn/loss_wd 1.37e+03, trn/lr 2.00e-02
[2022-02-05 05:49:09,994][INFO] [Epoch 144/200] trn/acc1 9.84e-01, trn/loss 7.38e-01, trn/loss_ce 6.92e-02, trn/loss_wd 1.34e+03, trn/lr 1.93e-02
[2022-02-05 05:49:37,721][INFO] [Epoch 145/200] trn/acc1 9.84e-01, trn/loss 7.23e-01, trn/loss_ce 7.09e-02, trn/loss_wd 1.30e+03, trn/lr 1.87e-02
[2022-02-05 05:50:05,462][INFO] [Epoch 146/200] trn/acc1 9.86e-01, trn/loss 7.03e-01, trn/loss_ce 6.70e-02, trn/loss_wd 1.27e+03, trn/lr 1.81e-02
[2022-02-05 05:50:33,217][INFO] [Epoch 147/200] trn/acc1 9.86e-01, trn/loss 6.84e-01, trn/loss_ce 6.35e-02, trn/loss_wd 1.24e+03, trn/lr 1.75e-02
[2022-02-05 05:51:00,953][INFO] [Epoch 148/200] trn/acc1 9.87e-01, trn/loss 6.64e-01, trn/loss_ce 5.89e-02, trn/loss_wd 1.21e+03, trn/lr 1.68e-02
[2022-02-05 05:51:28,660][INFO] [Epoch 149/200] trn/acc1 9.89e-01, trn/loss 6.42e-01, trn/loss_ce 5.19e-02, trn/loss_wd 1.18e+03, trn/lr 1.62e-02
[2022-02-05 05:51:56,382][INFO] [Epoch 150/200] trn/acc1 9.89e-01, trn/loss 6.27e-01, trn/loss_ce 5.19e-02, trn/loss_wd 1.15e+03, trn/lr 1.57e-02
[2022-02-05 05:52:24,095][INFO] [Epoch 151/200] trn/acc1 9.91e-01, trn/loss 6.06e-01, trn/loss_ce 4.47e-02, trn/loss_wd 1.12e+03, trn/lr 1.51e-02
[2022-02-05 05:52:51,821][INFO] [Epoch 152/200] trn/acc1 9.94e-01, trn/loss 5.80e-01, trn/loss_ce 3.49e-02, trn/loss_wd 1.09e+03, trn/lr 1.45e-02
[2022-02-05 05:53:19,515][INFO] [Epoch 153/200] trn/acc1 9.92e-01, trn/loss 5.69e-01, trn/loss_ce 3.95e-02, trn/loss_wd 1.06e+03, trn/lr 1.39e-02
[2022-02-05 05:53:47,247][INFO] [Epoch 154/200] trn/acc1 9.94e-01, trn/loss 5.48e-01, trn/loss_ce 3.23e-02, trn/loss_wd 1.03e+03, trn/lr 1.34e-02
[2022-02-05 05:54:14,975][INFO] [Epoch 155/200] trn/acc1 9.97e-01, trn/loss 5.22e-01, trn/loss_ce 2.21e-02, trn/loss_wd 1.00e+03, trn/lr 1.28e-02
[2022-02-05 05:54:42,709][INFO] [Epoch 156/200] trn/acc1 9.95e-01, trn/loss 5.12e-01, trn/loss_ce 2.61e-02, trn/loss_wd 9.71e+02, trn/lr 1.23e-02
[2022-02-05 05:55:10,421][INFO] [Epoch 157/200] trn/acc1 9.96e-01, trn/loss 4.96e-01, trn/loss_ce 2.39e-02, trn/loss_wd 9.45e+02, trn/lr 1.18e-02
[2022-02-05 05:55:38,142][INFO] [Epoch 158/200] trn/acc1 9.98e-01, trn/loss 4.76e-01, trn/loss_ce 1.66e-02, trn/loss_wd 9.18e+02, trn/lr 1.13e-02
[2022-02-05 05:56:05,848][INFO] [Epoch 159/200] trn/acc1 9.98e-01, trn/loss 4.62e-01, trn/loss_ce 1.70e-02, trn/loss_wd 8.91e+02, trn/lr 1.08e-02
[2022-02-05 05:56:33,569][INFO] [Epoch 160/200] trn/acc1 9.99e-01, trn/loss 4.45e-01, trn/loss_ce 1.25e-02, trn/loss_wd 8.66e+02, trn/lr 1.03e-02
[2022-02-05 05:56:34,122][INFO] [Epoch 160/200] Validation: val/acc1 0.7848, val/loss_ce 0.8956
[2022-02-05 05:57:17,256][INFO] [Epoch 161/200] trn/acc1 9.99e-01, trn/loss 4.34e-01, trn/loss_ce 1.32e-02, trn/loss_wd 8.41e+02, trn/lr 9.79e-03
[2022-02-05 05:57:44,934][INFO] [Epoch 162/200] trn/acc1 9.99e-01, trn/loss 4.22e-01, trn/loss_ce 1.26e-02, trn/loss_wd 8.19e+02, trn/lr 9.31e-03
[2022-02-05 05:58:12,628][INFO] [Epoch 163/200] trn/acc1 9.99e-01, trn/loss 4.11e-01, trn/loss_ce 1.14e-02, trn/loss_wd 7.98e+02, trn/lr 8.85e-03
[2022-02-05 05:58:40,365][INFO] [Epoch 164/200] trn/acc1 9.99e-01, trn/loss 4.00e-01, trn/loss_ce 1.01e-02, trn/loss_wd 7.79e+02, trn/lr 8.40e-03
[2022-02-05 05:59:08,099][INFO] [Epoch 165/200] trn/acc1 9.99e-01, trn/loss 3.90e-01, trn/loss_ce 9.63e-03, trn/loss_wd 7.60e+02, trn/lr 7.96e-03
[2022-02-05 05:59:35,840][INFO] [Epoch 166/200] trn/acc1 9.99e-01, trn/loss 3.81e-01, trn/loss_ce 9.01e-03, trn/loss_wd 7.43e+02, trn/lr 7.53e-03
[2022-02-05 06:00:03,550][INFO] [Epoch 167/200] trn/acc1 9.99e-01, trn/loss 3.72e-01, trn/loss_ce 8.10e-03, trn/loss_wd 7.28e+02, trn/lr 7.11e-03
[2022-02-05 06:00:31,278][INFO] [Epoch 168/200] trn/acc1 1.00e+00, trn/loss 3.64e-01, trn/loss_ce 8.14e-03, trn/loss_wd 7.13e+02, trn/lr 6.70e-03
[2022-02-05 06:00:58,977][INFO] [Epoch 169/200] trn/acc1 1.00e+00, trn/loss 3.57e-01, trn/loss_ce 7.72e-03, trn/loss_wd 6.99e+02, trn/lr 6.30e-03
[2022-02-05 06:01:26,694][INFO] [Epoch 170/200] trn/acc1 1.00e+00, trn/loss 3.51e-01, trn/loss_ce 7.37e-03, trn/loss_wd 6.86e+02, trn/lr 5.92e-03
[2022-02-05 06:01:54,375][INFO] [Epoch 171/200] trn/acc1 1.00e+00, trn/loss 3.44e-01, trn/loss_ce 6.86e-03, trn/loss_wd 6.75e+02, trn/lr 5.54e-03
[2022-02-05 06:02:22,091][INFO] [Epoch 172/200] trn/acc1 1.00e+00, trn/loss 3.39e-01, trn/loss_ce 6.96e-03, trn/loss_wd 6.64e+02, trn/lr 5.18e-03
[2022-02-05 06:02:49,777][INFO] [Epoch 173/200] trn/acc1 1.00e+00, trn/loss 3.34e-01, trn/loss_ce 7.08e-03, trn/loss_wd 6.54e+02, trn/lr 4.83e-03
[2022-02-05 06:03:17,482][INFO] [Epoch 174/200] trn/acc1 1.00e+00, trn/loss 3.29e-01, trn/loss_ce 6.60e-03, trn/loss_wd 6.45e+02, trn/lr 4.49e-03
[2022-02-05 06:03:45,179][INFO] [Epoch 175/200] trn/acc1 1.00e+00, trn/loss 3.26e-01, trn/loss_ce 7.12e-03, trn/loss_wd 6.37e+02, trn/lr 4.16e-03
[2022-02-05 06:04:12,884][INFO] [Epoch 176/200] trn/acc1 1.00e+00, trn/loss 3.22e-01, trn/loss_ce 6.87e-03, trn/loss_wd 6.29e+02, trn/lr 3.85e-03
[2022-02-05 06:04:40,580][INFO] [Epoch 177/200] trn/acc1 1.00e+00, trn/loss 3.18e-01, trn/loss_ce 6.91e-03, trn/loss_wd 6.23e+02, trn/lr 3.54e-03
[2022-02-05 06:05:08,277][INFO] [Epoch 178/200] trn/acc1 1.00e+00, trn/loss 3.15e-01, trn/loss_ce 6.77e-03, trn/loss_wd 6.16e+02, trn/lr 3.25e-03
[2022-02-05 06:05:35,988][INFO] [Epoch 179/200] trn/acc1 1.00e+00, trn/loss 3.12e-01, trn/loss_ce 6.99e-03, trn/loss_wd 6.11e+02, trn/lr 2.97e-03
[2022-02-05 06:06:03,718][INFO] [Epoch 180/200] trn/acc1 1.00e+00, trn/loss 3.10e-01, trn/loss_ce 6.83e-03, trn/loss_wd 6.06e+02, trn/lr 2.70e-03
[2022-02-05 06:06:04,271][INFO] [Epoch 180/200] Validation: val/acc1 0.8176, val/loss_ce 0.7915
[2022-02-05 06:06:46,218][INFO] [Epoch 181/200] trn/acc1 1.00e+00, trn/loss 3.08e-01, trn/loss_ce 7.38e-03, trn/loss_wd 6.01e+02, trn/lr 2.45e-03
[2022-02-05 06:06:46,767][INFO] [Epoch 181/200] Validation: val/acc1 0.8136, val/loss_ce 0.7977
[2022-02-05 06:07:17,898][INFO] [Epoch 182/200] trn/acc1 1.00e+00, trn/loss 3.05e-01, trn/loss_ce 6.78e-03, trn/loss_wd 5.97e+02, trn/lr 2.21e-03
[2022-02-05 06:07:18,451][INFO] [Epoch 182/200] Validation: val/acc1 0.8160, val/loss_ce 0.7974
[2022-02-05 06:07:49,558][INFO] [Epoch 183/200] trn/acc1 1.00e+00, trn/loss 3.03e-01, trn/loss_ce 6.65e-03, trn/loss_wd 5.93e+02, trn/lr 1.97e-03
[2022-02-05 06:07:50,109][INFO] [Epoch 183/200] Validation: val/acc1 0.8192, val/loss_ce 0.7966
[2022-02-05 06:08:27,694][INFO] [Epoch 184/200] trn/acc1 1.00e+00, trn/loss 3.02e-01, trn/loss_ce 6.63e-03, trn/loss_wd 5.90e+02, trn/lr 1.76e-03
[2022-02-05 06:08:28,244][INFO] [Epoch 184/200] Validation: val/acc1 0.8128, val/loss_ce 0.7981
[2022-02-05 06:08:59,535][INFO] [Epoch 185/200] trn/acc1 1.00e+00, trn/loss 3.00e-01, trn/loss_ce 6.74e-03, trn/loss_wd 5.87e+02, trn/lr 1.55e-03
[2022-02-05 06:09:00,086][INFO] [Epoch 185/200] Validation: val/acc1 0.8128, val/loss_ce 0.7981
[2022-02-05 06:09:30,986][INFO] [Epoch 186/200] trn/acc1 1.00e+00, trn/loss 2.99e-01, trn/loss_ce 6.69e-03, trn/loss_wd 5.85e+02, trn/lr 1.36e-03
[2022-02-05 06:09:31,542][INFO] [Epoch 186/200] Validation: val/acc1 0.8072, val/loss_ce 0.8064
[2022-02-05 06:10:02,194][INFO] [Epoch 187/200] trn/acc1 1.00e+00, trn/loss 2.98e-01, trn/loss_ce 6.59e-03, trn/loss_wd 5.83e+02, trn/lr 1.18e-03
[2022-02-05 06:10:02,750][INFO] [Epoch 187/200] Validation: val/acc1 0.8112, val/loss_ce 0.7998
[2022-02-05 06:10:34,158][INFO] [Epoch 188/200] trn/acc1 1.00e+00, trn/loss 2.97e-01, trn/loss_ce 6.55e-03, trn/loss_wd 5.81e+02, trn/lr 1.01e-03
[2022-02-05 06:10:34,708][INFO] [Epoch 188/200] Validation: val/acc1 0.8136, val/loss_ce 0.7964
[2022-02-05 06:11:05,927][INFO] [Epoch 189/200] trn/acc1 1.00e+00, trn/loss 2.96e-01, trn/loss_ce 6.51e-03, trn/loss_wd 5.79e+02, trn/lr 8.56e-04
[2022-02-05 06:11:06,478][INFO] [Epoch 189/200] Validation: val/acc1 0.8128, val/loss_ce 0.7954
[2022-02-05 06:11:37,876][INFO] [Epoch 190/200] trn/acc1 1.00e+00, trn/loss 2.96e-01, trn/loss_ce 6.62e-03, trn/loss_wd 5.78e+02, trn/lr 7.14e-04
[2022-02-05 06:11:38,429][INFO] [Epoch 190/200] Validation: val/acc1 0.8128, val/loss_ce 0.7929
[2022-02-05 06:12:09,573][INFO] [Epoch 191/200] trn/acc1 1.00e+00, trn/loss 2.95e-01, trn/loss_ce 6.39e-03, trn/loss_wd 5.77e+02, trn/lr 5.85e-04
[2022-02-05 06:12:10,126][INFO] [Epoch 191/200] Validation: val/acc1 0.8144, val/loss_ce 0.7942
[2022-02-05 06:12:41,208][INFO] [Epoch 192/200] trn/acc1 1.00e+00, trn/loss 2.94e-01, trn/loss_ce 6.33e-03, trn/loss_wd 5.76e+02, trn/lr 4.69e-04
[2022-02-05 06:12:41,758][INFO] [Epoch 192/200] Validation: val/acc1 0.8120, val/loss_ce 0.7939
[2022-02-05 06:13:12,639][INFO] [Epoch 193/200] trn/acc1 1.00e+00, trn/loss 2.94e-01, trn/loss_ce 6.41e-03, trn/loss_wd 5.75e+02, trn/lr 3.65e-04
[2022-02-05 06:13:13,191][INFO] [Epoch 193/200] Validation: val/acc1 0.8128, val/loss_ce 0.7967
[2022-02-05 06:13:44,953][INFO] [Epoch 194/200] trn/acc1 1.00e+00, trn/loss 2.94e-01, trn/loss_ce 6.39e-03, trn/loss_wd 5.75e+02, trn/lr 2.75e-04
[2022-02-05 06:13:45,508][INFO] [Epoch 194/200] Validation: val/acc1 0.8120, val/loss_ce 0.7949
[2022-02-05 06:14:16,400][INFO] [Epoch 195/200] trn/acc1 1.00e+00, trn/loss 2.94e-01, trn/loss_ce 6.45e-03, trn/loss_wd 5.74e+02, trn/lr 1.97e-04
[2022-02-05 06:14:16,952][INFO] [Epoch 195/200] Validation: val/acc1 0.8168, val/loss_ce 0.7939
[2022-02-05 06:14:47,861][INFO] [Epoch 196/200] trn/acc1 1.00e+00, trn/loss 2.93e-01, trn/loss_ce 6.45e-03, trn/loss_wd 5.74e+02, trn/lr 1.32e-04
[2022-02-05 06:14:48,413][INFO] [Epoch 196/200] Validation: val/acc1 0.8120, val/loss_ce 0.7963
[2022-02-05 06:15:19,136][INFO] [Epoch 197/200] trn/acc1 1.00e+00, trn/loss 2.93e-01, trn/loss_ce 6.35e-03, trn/loss_wd 5.74e+02, trn/lr 8.01e-05
[2022-02-05 06:15:19,687][INFO] [Epoch 197/200] Validation: val/acc1 0.8152, val/loss_ce 0.7954
[2022-02-05 06:15:50,417][INFO] [Epoch 198/200] trn/acc1 1.00e+00, trn/loss 2.93e-01, trn/loss_ce 6.37e-03, trn/loss_wd 5.74e+02, trn/lr 4.11e-05
[2022-02-05 06:15:50,968][INFO] [Epoch 198/200] Validation: val/acc1 0.8120, val/loss_ce 0.7985
[2022-02-05 06:16:25,629][INFO] [Epoch 199/200] trn/acc1 1.00e+00, trn/loss 2.93e-01, trn/loss_ce 6.49e-03, trn/loss_wd 5.74e+02, trn/lr 1.52e-05
[2022-02-05 06:16:26,182][INFO] [Epoch 199/200] Validation: val/acc1 0.8120, val/loss_ce 0.7970
[2022-02-05 06:16:57,004][INFO] [Epoch 200/200] trn/acc1 1.00e+00, trn/loss 2.93e-01, trn/loss_ce 6.37e-03, trn/loss_wd 5.74e+02, trn/lr 2.17e-06
[2022-02-05 06:16:57,559][INFO] [Epoch 200/200] Validation: val/acc1 0.8144, val/loss_ce 0.7985
