[2022-02-05 08:26:40,653][INFO] Environments:
------------  ---------------------------------------------------------------------------
sys.platform  linux
Python        3.7.11 (default, Nov 23 2021, 05:29:02) [GCC 7.5.0]
JAX           0.2.27 @/mnt/data1/giung/venvs/jax0.2.27/lib/python3.7/site-packages/jax
jaxlib        0.1.75 @/mnt/data1/giung/venvs/jax0.2.27/lib/python3.7/site-packages/jaxlib
Flax          0.4.0 @/mnt/data1/giung/venvs/jax0.2.27/lib/python3.7/site-packages/flax
Optax         0.1.0 @/mnt/data1/giung/venvs/jax0.2.27/lib/python3.7/site-packages/optax
------------  ---------------------------------------------------------------------------

[2022-02-05 08:26:40,653][INFO] Command line arguments:
Namespace(batch_size=128, config_file='./configs/C100_WRN28x5-BN-ReLU_SGD.yaml', keep_every_n_checkpoints=None, learning_rate=0.1, num_epochs=200, num_warmup_epochs=5, opts=[], output_dir='./outputs/C100_WRN28x5-BN-ReLU/SGD/s42_e200_wd5e-4_1GPU/', seed=42, weight_decay=0.0005)

[2022-02-05 08:26:40,653][INFO] Using a random seed 42

[2022-02-05 08:26:40,691][INFO] Unable to initialize backend 'tpu_driver': NOT_FOUND: Unable to find driver in registry given worker: 
[2022-02-05 08:26:41,080][INFO] Unable to initialize backend 'tpu': INVALID_ARGUMENT: TpuPlatform is not available.
[2022-02-05 08:26:49,011][INFO] Found no checkpoint files in outputs/C100_WRN28x5-BN-ReLU/SGD/s42_e200_wd5e-4_1GPU
[2022-02-05 08:27:21,740][INFO] [Epoch   1/200] trn/acc1 6.96e-02, trn/loss 7.87e+00, trn/loss_ce 4.21e+00, trn/loss_wd 7.32e+03, trn/lr 9.97e-03
[2022-02-05 08:27:24,473][INFO] [Epoch   1/200] Validation: val/acc1 0.1190, val/loss_ce 3.8232
[2022-02-05 08:27:46,422][INFO] [Epoch   2/200] trn/acc1 1.67e-01, trn/loss 6.91e+00, trn/loss_ce 3.48e+00, trn/loss_wd 6.86e+03, trn/lr 3.00e-02
[2022-02-05 08:28:04,512][INFO] [Epoch   3/200] trn/acc1 2.61e-01, trn/loss 5.96e+00, trn/loss_ce 2.93e+00, trn/loss_wd 6.08e+03, trn/lr 5.00e-02
[2022-02-05 08:28:22,637][INFO] [Epoch   4/200] trn/acc1 3.31e-01, trn/loss 5.12e+00, trn/loss_ce 2.56e+00, trn/loss_wd 5.12e+03, trn/lr 7.00e-02
[2022-02-05 08:28:40,776][INFO] [Epoch   5/200] trn/acc1 3.86e-01, trn/loss 4.36e+00, trn/loss_ce 2.28e+00, trn/loss_wd 4.16e+03, trn/lr 9.00e-02
[2022-02-05 08:28:58,951][INFO] [Epoch   6/200] trn/acc1 4.35e-01, trn/loss 3.73e+00, trn/loss_ce 2.06e+00, trn/loss_wd 3.34e+03, trn/lr 1.00e-01
[2022-02-05 08:29:17,152][INFO] [Epoch   7/200] trn/acc1 4.78e-01, trn/loss 3.26e+00, trn/loss_ce 1.88e+00, trn/loss_wd 2.75e+03, trn/lr 1.00e-01
[2022-02-05 08:29:35,378][INFO] [Epoch   8/200] trn/acc1 5.08e-01, trn/loss 2.93e+00, trn/loss_ce 1.75e+00, trn/loss_wd 2.35e+03, trn/lr 1.00e-01
[2022-02-05 08:29:53,592][INFO] [Epoch   9/200] trn/acc1 5.34e-01, trn/loss 2.70e+00, trn/loss_ce 1.65e+00, trn/loss_wd 2.09e+03, trn/lr 9.99e-02
[2022-02-05 08:30:11,818][INFO] [Epoch  10/200] trn/acc1 5.57e-01, trn/loss 2.53e+00, trn/loss_ce 1.57e+00, trn/loss_wd 1.92e+03, trn/lr 9.99e-02
[2022-02-05 08:30:30,043][INFO] [Epoch  11/200] trn/acc1 5.73e-01, trn/loss 2.43e+00, trn/loss_ce 1.51e+00, trn/loss_wd 1.82e+03, trn/lr 9.98e-02
[2022-02-05 08:30:48,261][INFO] [Epoch  12/200] trn/acc1 5.87e-01, trn/loss 2.34e+00, trn/loss_ce 1.45e+00, trn/loss_wd 1.78e+03, trn/lr 9.97e-02
[2022-02-05 08:31:06,493][INFO] [Epoch  13/200] trn/acc1 5.94e-01, trn/loss 2.29e+00, trn/loss_ce 1.42e+00, trn/loss_wd 1.75e+03, trn/lr 9.96e-02
[2022-02-05 08:31:24,730][INFO] [Epoch  14/200] trn/acc1 6.04e-01, trn/loss 2.25e+00, trn/loss_ce 1.37e+00, trn/loss_wd 1.75e+03, trn/lr 9.95e-02
[2022-02-05 08:31:42,966][INFO] [Epoch  15/200] trn/acc1 6.15e-01, trn/loss 2.22e+00, trn/loss_ce 1.34e+00, trn/loss_wd 1.76e+03, trn/lr 9.94e-02
[2022-02-05 08:32:01,194][INFO] [Epoch  16/200] trn/acc1 6.24e-01, trn/loss 2.19e+00, trn/loss_ce 1.30e+00, trn/loss_wd 1.77e+03, trn/lr 9.93e-02
[2022-02-05 08:32:19,421][INFO] [Epoch  17/200] trn/acc1 6.32e-01, trn/loss 2.17e+00, trn/loss_ce 1.27e+00, trn/loss_wd 1.79e+03, trn/lr 9.91e-02
[2022-02-05 08:32:37,654][INFO] [Epoch  18/200] trn/acc1 6.39e-01, trn/loss 2.15e+00, trn/loss_ce 1.24e+00, trn/loss_wd 1.81e+03, trn/lr 9.90e-02
[2022-02-05 08:32:55,883][INFO] [Epoch  19/200] trn/acc1 6.45e-01, trn/loss 2.14e+00, trn/loss_ce 1.23e+00, trn/loss_wd 1.84e+03, trn/lr 9.88e-02
[2022-02-05 08:33:14,107][INFO] [Epoch  20/200] trn/acc1 6.52e-01, trn/loss 2.13e+00, trn/loss_ce 1.20e+00, trn/loss_wd 1.86e+03, trn/lr 9.86e-02
[2022-02-05 08:33:14,695][INFO] [Epoch  20/200] Validation: val/acc1 0.5098, val/loss_ce 1.8581
[2022-02-05 08:33:35,390][INFO] [Epoch  21/200] trn/acc1 6.56e-01, trn/loss 2.12e+00, trn/loss_ce 1.18e+00, trn/loss_wd 1.88e+03, trn/lr 9.84e-02
[2022-02-05 08:33:53,620][INFO] [Epoch  22/200] trn/acc1 6.61e-01, trn/loss 2.12e+00, trn/loss_ce 1.17e+00, trn/loss_wd 1.90e+03, trn/lr 9.82e-02
[2022-02-05 08:34:11,845][INFO] [Epoch  23/200] trn/acc1 6.66e-01, trn/loss 2.11e+00, trn/loss_ce 1.15e+00, trn/loss_wd 1.93e+03, trn/lr 9.80e-02
[2022-02-05 08:34:30,071][INFO] [Epoch  24/200] trn/acc1 6.72e-01, trn/loss 2.10e+00, trn/loss_ce 1.13e+00, trn/loss_wd 1.94e+03, trn/lr 9.78e-02
[2022-02-05 08:34:48,289][INFO] [Epoch  25/200] trn/acc1 6.76e-01, trn/loss 2.09e+00, trn/loss_ce 1.11e+00, trn/loss_wd 1.96e+03, trn/lr 9.76e-02
[2022-02-05 08:35:06,516][INFO] [Epoch  26/200] trn/acc1 6.79e-01, trn/loss 2.09e+00, trn/loss_ce 1.10e+00, trn/loss_wd 1.98e+03, trn/lr 9.73e-02
[2022-02-05 08:35:24,747][INFO] [Epoch  27/200] trn/acc1 6.80e-01, trn/loss 2.09e+00, trn/loss_ce 1.09e+00, trn/loss_wd 2.00e+03, trn/lr 9.70e-02
[2022-02-05 08:35:42,974][INFO] [Epoch  28/200] trn/acc1 6.87e-01, trn/loss 2.08e+00, trn/loss_ce 1.07e+00, trn/loss_wd 2.02e+03, trn/lr 9.68e-02
[2022-02-05 08:36:01,189][INFO] [Epoch  29/200] trn/acc1 6.88e-01, trn/loss 2.08e+00, trn/loss_ce 1.06e+00, trn/loss_wd 2.04e+03, trn/lr 9.65e-02
[2022-02-05 08:36:19,407][INFO] [Epoch  30/200] trn/acc1 6.91e-01, trn/loss 2.08e+00, trn/loss_ce 1.06e+00, trn/loss_wd 2.05e+03, trn/lr 9.62e-02
[2022-02-05 08:36:37,635][INFO] [Epoch  31/200] trn/acc1 6.92e-01, trn/loss 2.08e+00, trn/loss_ce 1.05e+00, trn/loss_wd 2.06e+03, trn/lr 9.58e-02
[2022-02-05 08:36:55,867][INFO] [Epoch  32/200] trn/acc1 6.98e-01, trn/loss 2.07e+00, trn/loss_ce 1.04e+00, trn/loss_wd 2.07e+03, trn/lr 9.55e-02
[2022-02-05 08:37:14,092][INFO] [Epoch  33/200] trn/acc1 7.01e-01, trn/loss 2.06e+00, trn/loss_ce 1.02e+00, trn/loss_wd 2.08e+03, trn/lr 9.52e-02
[2022-02-05 08:37:32,307][INFO] [Epoch  34/200] trn/acc1 7.04e-01, trn/loss 2.05e+00, trn/loss_ce 1.01e+00, trn/loss_wd 2.09e+03, trn/lr 9.48e-02
[2022-02-05 08:37:50,530][INFO] [Epoch  35/200] trn/acc1 7.05e-01, trn/loss 2.05e+00, trn/loss_ce 1.00e+00, trn/loss_wd 2.10e+03, trn/lr 9.45e-02
[2022-02-05 08:38:08,756][INFO] [Epoch  36/200] trn/acc1 7.05e-01, trn/loss 2.05e+00, trn/loss_ce 9.96e-01, trn/loss_wd 2.11e+03, trn/lr 9.41e-02
[2022-02-05 08:38:26,961][INFO] [Epoch  37/200] trn/acc1 7.08e-01, trn/loss 2.05e+00, trn/loss_ce 9.87e-01, trn/loss_wd 2.13e+03, trn/lr 9.37e-02
[2022-02-05 08:38:45,178][INFO] [Epoch  38/200] trn/acc1 7.13e-01, trn/loss 2.04e+00, trn/loss_ce 9.77e-01, trn/loss_wd 2.13e+03, trn/lr 9.33e-02
[2022-02-05 08:39:03,394][INFO] [Epoch  39/200] trn/acc1 7.15e-01, trn/loss 2.04e+00, trn/loss_ce 9.66e-01, trn/loss_wd 2.14e+03, trn/lr 9.29e-02
[2022-02-05 08:39:21,621][INFO] [Epoch  40/200] trn/acc1 7.17e-01, trn/loss 2.03e+00, trn/loss_ce 9.62e-01, trn/loss_wd 2.14e+03, trn/lr 9.25e-02
[2022-02-05 08:39:22,209][INFO] [Epoch  40/200] Validation: val/acc1 0.5700, val/loss_ce 1.6344
[2022-02-05 08:39:42,811][INFO] [Epoch  41/200] trn/acc1 7.19e-01, trn/loss 2.03e+00, trn/loss_ce 9.57e-01, trn/loss_wd 2.15e+03, trn/lr 9.20e-02
[2022-02-05 08:40:01,021][INFO] [Epoch  42/200] trn/acc1 7.18e-01, trn/loss 2.03e+00, trn/loss_ce 9.51e-01, trn/loss_wd 2.16e+03, trn/lr 9.16e-02
[2022-02-05 08:40:19,240][INFO] [Epoch  43/200] trn/acc1 7.22e-01, trn/loss 2.02e+00, trn/loss_ce 9.43e-01, trn/loss_wd 2.16e+03, trn/lr 9.11e-02
[2022-02-05 08:40:37,519][INFO] [Epoch  44/200] trn/acc1 7.24e-01, trn/loss 2.02e+00, trn/loss_ce 9.37e-01, trn/loss_wd 2.17e+03, trn/lr 9.07e-02
[2022-02-05 08:40:55,744][INFO] [Epoch  45/200] trn/acc1 7.27e-01, trn/loss 2.00e+00, trn/loss_ce 9.16e-01, trn/loss_wd 2.18e+03, trn/lr 9.02e-02
[2022-02-05 08:41:13,970][INFO] [Epoch  46/200] trn/acc1 7.34e-01, trn/loss 2.00e+00, trn/loss_ce 9.12e-01, trn/loss_wd 2.18e+03, trn/lr 8.97e-02
[2022-02-05 08:41:32,213][INFO] [Epoch  47/200] trn/acc1 7.30e-01, trn/loss 2.01e+00, trn/loss_ce 9.14e-01, trn/loss_wd 2.19e+03, trn/lr 8.92e-02
[2022-02-05 08:41:50,440][INFO] [Epoch  48/200] trn/acc1 7.34e-01, trn/loss 1.99e+00, trn/loss_ce 8.98e-01, trn/loss_wd 2.19e+03, trn/lr 8.87e-02
[2022-02-05 08:42:08,677][INFO] [Epoch  49/200] trn/acc1 7.33e-01, trn/loss 2.00e+00, trn/loss_ce 9.02e-01, trn/loss_wd 2.20e+03, trn/lr 8.82e-02
[2022-02-05 08:42:26,907][INFO] [Epoch  50/200] trn/acc1 7.40e-01, trn/loss 1.98e+00, trn/loss_ce 8.82e-01, trn/loss_wd 2.19e+03, trn/lr 8.77e-02
[2022-02-05 08:42:45,125][INFO] [Epoch  51/200] trn/acc1 7.39e-01, trn/loss 1.98e+00, trn/loss_ce 8.83e-01, trn/loss_wd 2.20e+03, trn/lr 8.72e-02
[2022-02-05 08:43:03,351][INFO] [Epoch  52/200] trn/acc1 7.43e-01, trn/loss 1.97e+00, trn/loss_ce 8.68e-01, trn/loss_wd 2.20e+03, trn/lr 8.66e-02
[2022-02-05 08:43:21,582][INFO] [Epoch  53/200] trn/acc1 7.45e-01, trn/loss 1.96e+00, trn/loss_ce 8.62e-01, trn/loss_wd 2.21e+03, trn/lr 8.61e-02
[2022-02-05 08:43:39,800][INFO] [Epoch  54/200] trn/acc1 7.47e-01, trn/loss 1.95e+00, trn/loss_ce 8.49e-01, trn/loss_wd 2.21e+03, trn/lr 8.55e-02
[2022-02-05 08:43:58,017][INFO] [Epoch  55/200] trn/acc1 7.45e-01, trn/loss 1.97e+00, trn/loss_ce 8.59e-01, trn/loss_wd 2.21e+03, trn/lr 8.49e-02
[2022-02-05 08:44:16,248][INFO] [Epoch  56/200] trn/acc1 7.45e-01, trn/loss 1.96e+00, trn/loss_ce 8.52e-01, trn/loss_wd 2.22e+03, trn/lr 8.43e-02
[2022-02-05 08:44:34,468][INFO] [Epoch  57/200] trn/acc1 7.49e-01, trn/loss 1.95e+00, trn/loss_ce 8.34e-01, trn/loss_wd 2.22e+03, trn/lr 8.38e-02
[2022-02-05 08:44:52,689][INFO] [Epoch  58/200] trn/acc1 7.56e-01, trn/loss 1.93e+00, trn/loss_ce 8.23e-01, trn/loss_wd 2.22e+03, trn/lr 8.32e-02
[2022-02-05 08:45:10,915][INFO] [Epoch  59/200] trn/acc1 7.55e-01, trn/loss 1.93e+00, trn/loss_ce 8.24e-01, trn/loss_wd 2.22e+03, trn/lr 8.25e-02
[2022-02-05 08:45:29,134][INFO] [Epoch  60/200] trn/acc1 7.54e-01, trn/loss 1.93e+00, trn/loss_ce 8.21e-01, trn/loss_wd 2.22e+03, trn/lr 8.19e-02
[2022-02-05 08:45:29,722][INFO] [Epoch  60/200] Validation: val/acc1 0.5988, val/loss_ce 1.4980
[2022-02-05 08:45:50,767][INFO] [Epoch  61/200] trn/acc1 7.59e-01, trn/loss 1.92e+00, trn/loss_ce 8.07e-01, trn/loss_wd 2.22e+03, trn/lr 8.13e-02
[2022-02-05 08:46:08,953][INFO] [Epoch  62/200] trn/acc1 7.58e-01, trn/loss 1.92e+00, trn/loss_ce 8.05e-01, trn/loss_wd 2.22e+03, trn/lr 8.07e-02
[2022-02-05 08:46:27,140][INFO] [Epoch  63/200] trn/acc1 7.63e-01, trn/loss 1.90e+00, trn/loss_ce 7.92e-01, trn/loss_wd 2.22e+03, trn/lr 8.00e-02
[2022-02-05 08:46:45,327][INFO] [Epoch  64/200] trn/acc1 7.65e-01, trn/loss 1.90e+00, trn/loss_ce 7.86e-01, trn/loss_wd 2.22e+03, trn/lr 7.94e-02
[2022-02-05 08:47:03,522][INFO] [Epoch  65/200] trn/acc1 7.65e-01, trn/loss 1.89e+00, trn/loss_ce 7.79e-01, trn/loss_wd 2.23e+03, trn/lr 7.87e-02
[2022-02-05 08:47:21,745][INFO] [Epoch  66/200] trn/acc1 7.69e-01, trn/loss 1.89e+00, trn/loss_ce 7.73e-01, trn/loss_wd 2.22e+03, trn/lr 7.81e-02
[2022-02-05 08:47:39,998][INFO] [Epoch  67/200] trn/acc1 7.71e-01, trn/loss 1.88e+00, trn/loss_ce 7.63e-01, trn/loss_wd 2.23e+03, trn/lr 7.74e-02
[2022-02-05 08:47:58,226][INFO] [Epoch  68/200] trn/acc1 7.72e-01, trn/loss 1.88e+00, trn/loss_ce 7.64e-01, trn/loss_wd 2.22e+03, trn/lr 7.67e-02
[2022-02-05 08:48:16,443][INFO] [Epoch  69/200] trn/acc1 7.76e-01, trn/loss 1.85e+00, trn/loss_ce 7.47e-01, trn/loss_wd 2.21e+03, trn/lr 7.60e-02
[2022-02-05 08:48:34,656][INFO] [Epoch  70/200] trn/acc1 7.75e-01, trn/loss 1.85e+00, trn/loss_ce 7.40e-01, trn/loss_wd 2.21e+03, trn/lr 7.53e-02
[2022-02-05 08:48:52,875][INFO] [Epoch  71/200] trn/acc1 7.78e-01, trn/loss 1.85e+00, trn/loss_ce 7.42e-01, trn/loss_wd 2.21e+03, trn/lr 7.47e-02
[2022-02-05 08:49:11,088][INFO] [Epoch  72/200] trn/acc1 7.82e-01, trn/loss 1.83e+00, trn/loss_ce 7.20e-01, trn/loss_wd 2.21e+03, trn/lr 7.39e-02
[2022-02-05 08:49:29,318][INFO] [Epoch  73/200] trn/acc1 7.85e-01, trn/loss 1.82e+00, trn/loss_ce 7.12e-01, trn/loss_wd 2.21e+03, trn/lr 7.32e-02
[2022-02-05 08:49:47,545][INFO] [Epoch  74/200] trn/acc1 7.82e-01, trn/loss 1.83e+00, trn/loss_ce 7.25e-01, trn/loss_wd 2.21e+03, trn/lr 7.25e-02
[2022-02-05 08:50:05,758][INFO] [Epoch  75/200] trn/acc1 7.87e-01, trn/loss 1.81e+00, trn/loss_ce 7.07e-01, trn/loss_wd 2.21e+03, trn/lr 7.18e-02
[2022-02-05 08:50:23,971][INFO] [Epoch  76/200] trn/acc1 7.90e-01, trn/loss 1.80e+00, trn/loss_ce 6.94e-01, trn/loss_wd 2.21e+03, trn/lr 7.11e-02
[2022-02-05 08:50:42,188][INFO] [Epoch  77/200] trn/acc1 7.89e-01, trn/loss 1.80e+00, trn/loss_ce 6.95e-01, trn/loss_wd 2.21e+03, trn/lr 7.03e-02
[2022-02-05 08:51:00,403][INFO] [Epoch  78/200] trn/acc1 7.95e-01, trn/loss 1.79e+00, trn/loss_ce 6.82e-01, trn/loss_wd 2.21e+03, trn/lr 6.96e-02
[2022-02-05 08:51:18,619][INFO] [Epoch  79/200] trn/acc1 7.95e-01, trn/loss 1.78e+00, trn/loss_ce 6.73e-01, trn/loss_wd 2.20e+03, trn/lr 6.89e-02
[2022-02-05 08:51:36,827][INFO] [Epoch  80/200] trn/acc1 7.98e-01, trn/loss 1.76e+00, trn/loss_ce 6.65e-01, trn/loss_wd 2.20e+03, trn/lr 6.81e-02
[2022-02-05 08:51:37,415][INFO] [Epoch  80/200] Validation: val/acc1 0.6178, val/loss_ce 1.4534
[2022-02-05 08:52:00,620][INFO] [Epoch  81/200] trn/acc1 8.00e-01, trn/loss 1.76e+00, trn/loss_ce 6.61e-01, trn/loss_wd 2.19e+03, trn/lr 6.74e-02
[2022-02-05 08:52:18,944][INFO] [Epoch  82/200] trn/acc1 8.05e-01, trn/loss 1.74e+00, trn/loss_ce 6.43e-01, trn/loss_wd 2.19e+03, trn/lr 6.66e-02
[2022-02-05 08:52:37,086][INFO] [Epoch  83/200] trn/acc1 8.05e-01, trn/loss 1.73e+00, trn/loss_ce 6.41e-01, trn/loss_wd 2.19e+03, trn/lr 6.58e-02
[2022-02-05 08:52:55,250][INFO] [Epoch  84/200] trn/acc1 8.07e-01, trn/loss 1.72e+00, trn/loss_ce 6.31e-01, trn/loss_wd 2.19e+03, trn/lr 6.51e-02
[2022-02-05 08:53:13,417][INFO] [Epoch  85/200] trn/acc1 8.11e-01, trn/loss 1.72e+00, trn/loss_ce 6.28e-01, trn/loss_wd 2.18e+03, trn/lr 6.43e-02
[2022-02-05 08:53:31,593][INFO] [Epoch  86/200] trn/acc1 8.15e-01, trn/loss 1.70e+00, trn/loss_ce 6.12e-01, trn/loss_wd 2.18e+03, trn/lr 6.35e-02
[2022-02-05 08:53:49,774][INFO] [Epoch  87/200] trn/acc1 8.17e-01, trn/loss 1.69e+00, trn/loss_ce 6.03e-01, trn/loss_wd 2.17e+03, trn/lr 6.27e-02
[2022-02-05 08:54:08,029][INFO] [Epoch  88/200] trn/acc1 8.17e-01, trn/loss 1.68e+00, trn/loss_ce 5.95e-01, trn/loss_wd 2.17e+03, trn/lr 6.20e-02
[2022-02-05 08:54:26,212][INFO] [Epoch  89/200] trn/acc1 8.20e-01, trn/loss 1.67e+00, trn/loss_ce 5.91e-01, trn/loss_wd 2.16e+03, trn/lr 6.12e-02
[2022-02-05 08:54:44,421][INFO] [Epoch  90/200] trn/acc1 8.21e-01, trn/loss 1.67e+00, trn/loss_ce 5.89e-01, trn/loss_wd 2.16e+03, trn/lr 6.04e-02
[2022-02-05 08:55:02,637][INFO] [Epoch  91/200] trn/acc1 8.26e-01, trn/loss 1.65e+00, trn/loss_ce 5.72e-01, trn/loss_wd 2.15e+03, trn/lr 5.96e-02
[2022-02-05 08:55:20,861][INFO] [Epoch  92/200] trn/acc1 8.26e-01, trn/loss 1.65e+00, trn/loss_ce 5.72e-01, trn/loss_wd 2.15e+03, trn/lr 5.88e-02
[2022-02-05 08:55:39,093][INFO] [Epoch  93/200] trn/acc1 8.31e-01, trn/loss 1.63e+00, trn/loss_ce 5.59e-01, trn/loss_wd 2.14e+03, trn/lr 5.80e-02
[2022-02-05 08:55:57,320][INFO] [Epoch  94/200] trn/acc1 8.33e-01, trn/loss 1.61e+00, trn/loss_ce 5.47e-01, trn/loss_wd 2.13e+03, trn/lr 5.72e-02
[2022-02-05 08:56:15,567][INFO] [Epoch  95/200] trn/acc1 8.35e-01, trn/loss 1.60e+00, trn/loss_ce 5.41e-01, trn/loss_wd 2.13e+03, trn/lr 5.64e-02
[2022-02-05 08:56:33,809][INFO] [Epoch  96/200] trn/acc1 8.36e-01, trn/loss 1.59e+00, trn/loss_ce 5.32e-01, trn/loss_wd 2.12e+03, trn/lr 5.56e-02
[2022-02-05 08:56:52,049][INFO] [Epoch  97/200] trn/acc1 8.40e-01, trn/loss 1.58e+00, trn/loss_ce 5.20e-01, trn/loss_wd 2.11e+03, trn/lr 5.48e-02
[2022-02-05 08:57:10,293][INFO] [Epoch  98/200] trn/acc1 8.46e-01, trn/loss 1.56e+00, trn/loss_ce 5.08e-01, trn/loss_wd 2.10e+03, trn/lr 5.40e-02
[2022-02-05 08:57:28,537][INFO] [Epoch  99/200] trn/acc1 8.48e-01, trn/loss 1.55e+00, trn/loss_ce 5.01e-01, trn/loss_wd 2.09e+03, trn/lr 5.32e-02
[2022-02-05 08:57:46,779][INFO] [Epoch 100/200] trn/acc1 8.51e-01, trn/loss 1.53e+00, trn/loss_ce 4.89e-01, trn/loss_wd 2.09e+03, trn/lr 5.24e-02
[2022-02-05 08:57:47,371][INFO] [Epoch 100/200] Validation: val/acc1 0.6492, val/loss_ce 1.3804
[2022-02-05 08:58:08,176][INFO] [Epoch 101/200] trn/acc1 8.54e-01, trn/loss 1.52e+00, trn/loss_ce 4.78e-01, trn/loss_wd 2.08e+03, trn/lr 5.16e-02
[2022-02-05 08:58:26,383][INFO] [Epoch 102/200] trn/acc1 8.56e-01, trn/loss 1.50e+00, trn/loss_ce 4.69e-01, trn/loss_wd 2.07e+03, trn/lr 5.08e-02
[2022-02-05 08:58:44,590][INFO] [Epoch 103/200] trn/acc1 8.56e-01, trn/loss 1.50e+00, trn/loss_ce 4.70e-01, trn/loss_wd 2.06e+03, trn/lr 5.00e-02
[2022-02-05 08:59:02,799][INFO] [Epoch 104/200] trn/acc1 8.61e-01, trn/loss 1.48e+00, trn/loss_ce 4.56e-01, trn/loss_wd 2.05e+03, trn/lr 4.92e-02
[2022-02-05 08:59:21,015][INFO] [Epoch 105/200] trn/acc1 8.64e-01, trn/loss 1.47e+00, trn/loss_ce 4.45e-01, trn/loss_wd 2.05e+03, trn/lr 4.84e-02
[2022-02-05 08:59:39,214][INFO] [Epoch 106/200] trn/acc1 8.65e-01, trn/loss 1.45e+00, trn/loss_ce 4.37e-01, trn/loss_wd 2.03e+03, trn/lr 4.76e-02
[2022-02-05 08:59:57,434][INFO] [Epoch 107/200] trn/acc1 8.73e-01, trn/loss 1.43e+00, trn/loss_ce 4.21e-01, trn/loss_wd 2.02e+03, trn/lr 4.68e-02
[2022-02-05 09:00:15,638][INFO] [Epoch 108/200] trn/acc1 8.73e-01, trn/loss 1.42e+00, trn/loss_ce 4.16e-01, trn/loss_wd 2.01e+03, trn/lr 4.60e-02
[2022-02-05 09:00:33,845][INFO] [Epoch 109/200] trn/acc1 8.78e-01, trn/loss 1.40e+00, trn/loss_ce 4.02e-01, trn/loss_wd 1.99e+03, trn/lr 4.52e-02
[2022-02-05 09:00:52,056][INFO] [Epoch 110/200] trn/acc1 8.79e-01, trn/loss 1.38e+00, trn/loss_ce 3.92e-01, trn/loss_wd 1.98e+03, trn/lr 4.44e-02
[2022-02-05 09:01:10,318][INFO] [Epoch 111/200] trn/acc1 8.83e-01, trn/loss 1.37e+00, trn/loss_ce 3.83e-01, trn/loss_wd 1.96e+03, trn/lr 4.36e-02
[2022-02-05 09:01:28,523][INFO] [Epoch 112/200] trn/acc1 8.86e-01, trn/loss 1.35e+00, trn/loss_ce 3.74e-01, trn/loss_wd 1.95e+03, trn/lr 4.28e-02
[2022-02-05 09:01:46,732][INFO] [Epoch 113/200] trn/acc1 8.88e-01, trn/loss 1.34e+00, trn/loss_ce 3.70e-01, trn/loss_wd 1.94e+03, trn/lr 4.20e-02
[2022-02-05 09:02:04,925][INFO] [Epoch 114/200] trn/acc1 8.92e-01, trn/loss 1.31e+00, trn/loss_ce 3.49e-01, trn/loss_wd 1.92e+03, trn/lr 4.12e-02
[2022-02-05 09:02:23,137][INFO] [Epoch 115/200] trn/acc1 8.92e-01, trn/loss 1.31e+00, trn/loss_ce 3.55e-01, trn/loss_wd 1.91e+03, trn/lr 4.04e-02
[2022-02-05 09:02:41,369][INFO] [Epoch 116/200] trn/acc1 8.98e-01, trn/loss 1.29e+00, trn/loss_ce 3.39e-01, trn/loss_wd 1.90e+03, trn/lr 3.96e-02
[2022-02-05 09:02:59,579][INFO] [Epoch 117/200] trn/acc1 8.99e-01, trn/loss 1.27e+00, trn/loss_ce 3.31e-01, trn/loss_wd 1.88e+03, trn/lr 3.88e-02
[2022-02-05 09:03:17,782][INFO] [Epoch 118/200] trn/acc1 9.02e-01, trn/loss 1.26e+00, trn/loss_ce 3.23e-01, trn/loss_wd 1.86e+03, trn/lr 3.80e-02
[2022-02-05 09:03:35,993][INFO] [Epoch 119/200] trn/acc1 9.04e-01, trn/loss 1.24e+00, trn/loss_ce 3.11e-01, trn/loss_wd 1.85e+03, trn/lr 3.73e-02
[2022-02-05 09:03:54,192][INFO] [Epoch 120/200] trn/acc1 9.09e-01, trn/loss 1.22e+00, trn/loss_ce 3.01e-01, trn/loss_wd 1.83e+03, trn/lr 3.65e-02
[2022-02-05 09:03:54,778][INFO] [Epoch 120/200] Validation: val/acc1 0.6654, val/loss_ce 1.3549
[2022-02-05 09:04:15,655][INFO] [Epoch 121/200] trn/acc1 9.09e-01, trn/loss 1.20e+00, trn/loss_ce 2.99e-01, trn/loss_wd 1.81e+03, trn/lr 3.57e-02
[2022-02-05 09:04:33,811][INFO] [Epoch 122/200] trn/acc1 9.17e-01, trn/loss 1.18e+00, trn/loss_ce 2.82e-01, trn/loss_wd 1.79e+03, trn/lr 3.49e-02
[2022-02-05 09:04:51,962][INFO] [Epoch 123/200] trn/acc1 9.15e-01, trn/loss 1.17e+00, trn/loss_ce 2.81e-01, trn/loss_wd 1.78e+03, trn/lr 3.42e-02
[2022-02-05 09:05:10,117][INFO] [Epoch 124/200] trn/acc1 9.22e-01, trn/loss 1.14e+00, trn/loss_ce 2.59e-01, trn/loss_wd 1.75e+03, trn/lr 3.34e-02
[2022-02-05 09:05:28,294][INFO] [Epoch 125/200] trn/acc1 9.24e-01, trn/loss 1.12e+00, trn/loss_ce 2.53e-01, trn/loss_wd 1.73e+03, trn/lr 3.26e-02
[2022-02-05 09:05:46,511][INFO] [Epoch 126/200] trn/acc1 9.26e-01, trn/loss 1.10e+00, trn/loss_ce 2.47e-01, trn/loss_wd 1.71e+03, trn/lr 3.19e-02
[2022-02-05 09:06:04,711][INFO] [Epoch 127/200] trn/acc1 9.27e-01, trn/loss 1.09e+00, trn/loss_ce 2.43e-01, trn/loss_wd 1.69e+03, trn/lr 3.11e-02
[2022-02-05 09:06:22,922][INFO] [Epoch 128/200] trn/acc1 9.32e-01, trn/loss 1.07e+00, trn/loss_ce 2.32e-01, trn/loss_wd 1.67e+03, trn/lr 3.04e-02
[2022-02-05 09:06:41,122][INFO] [Epoch 129/200] trn/acc1 9.37e-01, trn/loss 1.04e+00, trn/loss_ce 2.16e-01, trn/loss_wd 1.65e+03, trn/lr 2.97e-02
[2022-02-05 09:06:59,334][INFO] [Epoch 130/200] trn/acc1 9.40e-01, trn/loss 1.02e+00, trn/loss_ce 2.08e-01, trn/loss_wd 1.62e+03, trn/lr 2.89e-02
[2022-02-05 09:07:17,538][INFO] [Epoch 131/200] trn/acc1 9.43e-01, trn/loss 9.94e-01, trn/loss_ce 1.97e-01, trn/loss_wd 1.59e+03, trn/lr 2.82e-02
[2022-02-05 09:07:35,784][INFO] [Epoch 132/200] trn/acc1 9.46e-01, trn/loss 9.72e-01, trn/loss_ce 1.87e-01, trn/loss_wd 1.57e+03, trn/lr 2.75e-02
[2022-02-05 09:07:53,991][INFO] [Epoch 133/200] trn/acc1 9.48e-01, trn/loss 9.56e-01, trn/loss_ce 1.83e-01, trn/loss_wd 1.55e+03, trn/lr 2.68e-02
[2022-02-05 09:08:12,194][INFO] [Epoch 134/200] trn/acc1 9.49e-01, trn/loss 9.41e-01, trn/loss_ce 1.79e-01, trn/loss_wd 1.52e+03, trn/lr 2.61e-02
[2022-02-05 09:08:30,409][INFO] [Epoch 135/200] trn/acc1 9.52e-01, trn/loss 9.18e-01, trn/loss_ce 1.70e-01, trn/loss_wd 1.50e+03, trn/lr 2.54e-02
[2022-02-05 09:08:48,633][INFO] [Epoch 136/200] trn/acc1 9.52e-01, trn/loss 9.09e-01, trn/loss_ce 1.71e-01, trn/loss_wd 1.48e+03, trn/lr 2.47e-02
[2022-02-05 09:09:06,855][INFO] [Epoch 137/200] trn/acc1 9.61e-01, trn/loss 8.67e-01, trn/loss_ce 1.42e-01, trn/loss_wd 1.45e+03, trn/lr 2.40e-02
[2022-02-05 09:09:25,078][INFO] [Epoch 138/200] trn/acc1 9.64e-01, trn/loss 8.43e-01, trn/loss_ce 1.34e-01, trn/loss_wd 1.42e+03, trn/lr 2.33e-02
[2022-02-05 09:09:43,316][INFO] [Epoch 139/200] trn/acc1 9.63e-01, trn/loss 8.32e-01, trn/loss_ce 1.37e-01, trn/loss_wd 1.39e+03, trn/lr 2.26e-02
[2022-02-05 09:10:01,534][INFO] [Epoch 140/200] trn/acc1 9.69e-01, trn/loss 8.00e-01, trn/loss_ce 1.19e-01, trn/loss_wd 1.36e+03, trn/lr 2.19e-02
[2022-02-05 09:10:02,122][INFO] [Epoch 140/200] Validation: val/acc1 0.6962, val/loss_ce 1.2829
[2022-02-05 09:10:23,436][INFO] [Epoch 141/200] trn/acc1 9.67e-01, trn/loss 7.92e-01, trn/loss_ce 1.24e-01, trn/loss_wd 1.34e+03, trn/lr 2.13e-02
[2022-02-05 09:10:41,653][INFO] [Epoch 142/200] trn/acc1 9.70e-01, trn/loss 7.72e-01, trn/loss_ce 1.16e-01, trn/loss_wd 1.31e+03, trn/lr 2.06e-02
[2022-02-05 09:10:59,871][INFO] [Epoch 143/200] trn/acc1 9.67e-01, trn/loss 7.64e-01, trn/loss_ce 1.21e-01, trn/loss_wd 1.29e+03, trn/lr 2.00e-02
[2022-02-05 09:11:18,087][INFO] [Epoch 144/200] trn/acc1 9.75e-01, trn/loss 7.29e-01, trn/loss_ce 9.81e-02, trn/loss_wd 1.26e+03, trn/lr 1.93e-02
[2022-02-05 09:11:36,296][INFO] [Epoch 145/200] trn/acc1 9.76e-01, trn/loss 7.17e-01, trn/loss_ce 9.92e-02, trn/loss_wd 1.24e+03, trn/lr 1.87e-02
[2022-02-05 09:11:54,525][INFO] [Epoch 146/200] trn/acc1 9.79e-01, trn/loss 6.90e-01, trn/loss_ce 8.58e-02, trn/loss_wd 1.21e+03, trn/lr 1.81e-02
[2022-02-05 09:12:12,733][INFO] [Epoch 147/200] trn/acc1 9.84e-01, trn/loss 6.59e-01, trn/loss_ce 7.10e-02, trn/loss_wd 1.18e+03, trn/lr 1.75e-02
[2022-02-05 09:12:30,950][INFO] [Epoch 148/200] trn/acc1 9.86e-01, trn/loss 6.35e-01, trn/loss_ce 6.36e-02, trn/loss_wd 1.14e+03, trn/lr 1.68e-02
[2022-02-05 09:12:49,163][INFO] [Epoch 149/200] trn/acc1 9.89e-01, trn/loss 6.09e-01, trn/loss_ce 5.43e-02, trn/loss_wd 1.11e+03, trn/lr 1.62e-02
[2022-02-05 09:13:07,375][INFO] [Epoch 150/200] trn/acc1 9.90e-01, trn/loss 5.87e-01, trn/loss_ce 4.95e-02, trn/loss_wd 1.08e+03, trn/lr 1.57e-02
[2022-02-05 09:13:25,598][INFO] [Epoch 151/200] trn/acc1 9.91e-01, trn/loss 5.67e-01, trn/loss_ce 4.56e-02, trn/loss_wd 1.04e+03, trn/lr 1.51e-02
[2022-02-05 09:13:43,811][INFO] [Epoch 152/200] trn/acc1 9.93e-01, trn/loss 5.46e-01, trn/loss_ce 3.96e-02, trn/loss_wd 1.01e+03, trn/lr 1.45e-02
[2022-02-05 09:14:02,055][INFO] [Epoch 153/200] trn/acc1 9.94e-01, trn/loss 5.23e-01, trn/loss_ce 3.28e-02, trn/loss_wd 9.81e+02, trn/lr 1.39e-02
[2022-02-05 09:14:20,266][INFO] [Epoch 154/200] trn/acc1 9.94e-01, trn/loss 5.11e-01, trn/loss_ce 3.49e-02, trn/loss_wd 9.52e+02, trn/lr 1.34e-02
[2022-02-05 09:14:38,481][INFO] [Epoch 155/200] trn/acc1 9.96e-01, trn/loss 4.91e-01, trn/loss_ce 2.87e-02, trn/loss_wd 9.24e+02, trn/lr 1.28e-02
[2022-02-05 09:14:56,687][INFO] [Epoch 156/200] trn/acc1 9.97e-01, trn/loss 4.71e-01, trn/loss_ce 2.33e-02, trn/loss_wd 8.96e+02, trn/lr 1.23e-02
[2022-02-05 09:15:14,895][INFO] [Epoch 157/200] trn/acc1 9.98e-01, trn/loss 4.52e-01, trn/loss_ce 1.81e-02, trn/loss_wd 8.68e+02, trn/lr 1.18e-02
[2022-02-05 09:15:33,107][INFO] [Epoch 158/200] trn/acc1 9.97e-01, trn/loss 4.42e-01, trn/loss_ce 2.09e-02, trn/loss_wd 8.42e+02, trn/lr 1.13e-02
[2022-02-05 09:15:51,321][INFO] [Epoch 159/200] trn/acc1 9.98e-01, trn/loss 4.26e-01, trn/loss_ce 1.69e-02, trn/loss_wd 8.18e+02, trn/lr 1.08e-02
[2022-02-05 09:16:09,535][INFO] [Epoch 160/200] trn/acc1 9.99e-01, trn/loss 4.12e-01, trn/loss_ce 1.43e-02, trn/loss_wd 7.95e+02, trn/lr 1.03e-02
[2022-02-05 09:16:10,121][INFO] [Epoch 160/200] Validation: val/acc1 0.7626, val/loss_ce 0.9427
[2022-02-05 09:16:31,440][INFO] [Epoch 161/200] trn/acc1 9.99e-01, trn/loss 3.99e-01, trn/loss_ce 1.31e-02, trn/loss_wd 7.72e+02, trn/lr 9.79e-03
[2022-02-05 09:16:49,654][INFO] [Epoch 162/200] trn/acc1 9.99e-01, trn/loss 3.88e-01, trn/loss_ce 1.18e-02, trn/loss_wd 7.51e+02, trn/lr 9.31e-03
[2022-02-05 09:17:07,849][INFO] [Epoch 163/200] trn/acc1 9.99e-01, trn/loss 3.76e-01, trn/loss_ce 1.02e-02, trn/loss_wd 7.32e+02, trn/lr 8.85e-03
[2022-02-05 09:17:26,072][INFO] [Epoch 164/200] trn/acc1 1.00e+00, trn/loss 3.66e-01, trn/loss_ce 9.34e-03, trn/loss_wd 7.14e+02, trn/lr 8.40e-03
[2022-02-05 09:17:44,301][INFO] [Epoch 165/200] trn/acc1 9.99e-01, trn/loss 3.58e-01, trn/loss_ce 9.51e-03, trn/loss_wd 6.97e+02, trn/lr 7.96e-03
[2022-02-05 09:18:02,518][INFO] [Epoch 166/200] trn/acc1 1.00e+00, trn/loss 3.49e-01, trn/loss_ce 8.86e-03, trn/loss_wd 6.81e+02, trn/lr 7.53e-03
[2022-02-05 09:18:20,733][INFO] [Epoch 167/200] trn/acc1 1.00e+00, trn/loss 3.42e-01, trn/loss_ce 8.50e-03, trn/loss_wd 6.66e+02, trn/lr 7.11e-03
[2022-02-05 09:18:38,942][INFO] [Epoch 168/200] trn/acc1 1.00e+00, trn/loss 3.35e-01, trn/loss_ce 8.31e-03, trn/loss_wd 6.53e+02, trn/lr 6.70e-03
[2022-02-05 09:18:57,139][INFO] [Epoch 169/200] trn/acc1 1.00e+00, trn/loss 3.29e-01, trn/loss_ce 8.22e-03, trn/loss_wd 6.41e+02, trn/lr 6.30e-03
[2022-02-05 09:19:15,342][INFO] [Epoch 170/200] trn/acc1 1.00e+00, trn/loss 3.23e-01, trn/loss_ce 8.33e-03, trn/loss_wd 6.29e+02, trn/lr 5.92e-03
[2022-02-05 09:19:33,554][INFO] [Epoch 171/200] trn/acc1 1.00e+00, trn/loss 3.18e-01, trn/loss_ce 8.41e-03, trn/loss_wd 6.19e+02, trn/lr 5.54e-03
[2022-02-05 09:19:51,771][INFO] [Epoch 172/200] trn/acc1 1.00e+00, trn/loss 3.13e-01, trn/loss_ce 8.00e-03, trn/loss_wd 6.09e+02, trn/lr 5.18e-03
[2022-02-05 09:20:10,001][INFO] [Epoch 173/200] trn/acc1 1.00e+00, trn/loss 3.08e-01, trn/loss_ce 8.14e-03, trn/loss_wd 6.01e+02, trn/lr 4.83e-03
[2022-02-05 09:20:28,219][INFO] [Epoch 174/200] trn/acc1 1.00e+00, trn/loss 3.04e-01, trn/loss_ce 7.84e-03, trn/loss_wd 5.93e+02, trn/lr 4.49e-03
[2022-02-05 09:20:46,480][INFO] [Epoch 175/200] trn/acc1 1.00e+00, trn/loss 3.01e-01, trn/loss_ce 8.05e-03, trn/loss_wd 5.85e+02, trn/lr 4.16e-03
[2022-02-05 09:21:04,718][INFO] [Epoch 176/200] trn/acc1 1.00e+00, trn/loss 2.98e-01, trn/loss_ce 8.18e-03, trn/loss_wd 5.79e+02, trn/lr 3.85e-03
[2022-02-05 09:21:22,949][INFO] [Epoch 177/200] trn/acc1 1.00e+00, trn/loss 2.94e-01, trn/loss_ce 7.92e-03, trn/loss_wd 5.73e+02, trn/lr 3.54e-03
[2022-02-05 09:21:41,187][INFO] [Epoch 178/200] trn/acc1 1.00e+00, trn/loss 2.91e-01, trn/loss_ce 7.63e-03, trn/loss_wd 5.67e+02, trn/lr 3.25e-03
[2022-02-05 09:21:59,417][INFO] [Epoch 179/200] trn/acc1 1.00e+00, trn/loss 2.89e-01, trn/loss_ce 7.56e-03, trn/loss_wd 5.62e+02, trn/lr 2.97e-03
[2022-02-05 09:22:17,652][INFO] [Epoch 180/200] trn/acc1 1.00e+00, trn/loss 2.86e-01, trn/loss_ce 7.46e-03, trn/loss_wd 5.58e+02, trn/lr 2.70e-03
[2022-02-05 09:22:18,242][INFO] [Epoch 180/200] Validation: val/acc1 0.7804, val/loss_ce 0.8842
[2022-02-05 09:22:39,306][INFO] [Epoch 181/200] trn/acc1 1.00e+00, trn/loss 2.84e-01, trn/loss_ce 7.67e-03, trn/loss_wd 5.54e+02, trn/lr 2.45e-03
[2022-02-05 09:22:39,895][INFO] [Epoch 181/200] Validation: val/acc1 0.7824, val/loss_ce 0.8815
[2022-02-05 09:23:01,238][INFO] [Epoch 182/200] trn/acc1 1.00e+00, trn/loss 2.83e-01, trn/loss_ce 8.01e-03, trn/loss_wd 5.50e+02, trn/lr 2.21e-03
[2022-02-05 09:23:01,826][INFO] [Epoch 182/200] Validation: val/acc1 0.7782, val/loss_ce 0.8842
[2022-02-05 09:23:20,860][INFO] [Epoch 183/200] trn/acc1 1.00e+00, trn/loss 2.81e-01, trn/loss_ce 7.59e-03, trn/loss_wd 5.47e+02, trn/lr 1.97e-03
[2022-02-05 09:23:21,448][INFO] [Epoch 183/200] Validation: val/acc1 0.7820, val/loss_ce 0.8813
[2022-02-05 09:23:42,125][INFO] [Epoch 184/200] trn/acc1 1.00e+00, trn/loss 2.79e-01, trn/loss_ce 7.35e-03, trn/loss_wd 5.44e+02, trn/lr 1.76e-03
[2022-02-05 09:23:42,712][INFO] [Epoch 184/200] Validation: val/acc1 0.7816, val/loss_ce 0.8788
[2022-02-05 09:24:02,406][INFO] [Epoch 185/200] trn/acc1 1.00e+00, trn/loss 2.78e-01, trn/loss_ce 7.72e-03, trn/loss_wd 5.41e+02, trn/lr 1.55e-03
[2022-02-05 09:24:02,994][INFO] [Epoch 185/200] Validation: val/acc1 0.7784, val/loss_ce 0.8779
[2022-02-05 09:24:23,210][INFO] [Epoch 186/200] trn/acc1 1.00e+00, trn/loss 2.77e-01, trn/loss_ce 7.54e-03, trn/loss_wd 5.39e+02, trn/lr 1.36e-03
[2022-02-05 09:24:23,797][INFO] [Epoch 186/200] Validation: val/acc1 0.7800, val/loss_ce 0.8871
[2022-02-05 09:24:42,841][INFO] [Epoch 187/200] trn/acc1 1.00e+00, trn/loss 2.76e-01, trn/loss_ce 7.46e-03, trn/loss_wd 5.37e+02, trn/lr 1.18e-03
[2022-02-05 09:24:43,429][INFO] [Epoch 187/200] Validation: val/acc1 0.7830, val/loss_ce 0.8780
[2022-02-05 09:25:03,617][INFO] [Epoch 188/200] trn/acc1 1.00e+00, trn/loss 2.75e-01, trn/loss_ce 7.57e-03, trn/loss_wd 5.35e+02, trn/lr 1.01e-03
[2022-02-05 09:25:04,206][INFO] [Epoch 188/200] Validation: val/acc1 0.7808, val/loss_ce 0.8794
[2022-02-05 09:25:23,255][INFO] [Epoch 189/200] trn/acc1 1.00e+00, trn/loss 2.74e-01, trn/loss_ce 7.31e-03, trn/loss_wd 5.34e+02, trn/lr 8.56e-04
[2022-02-05 09:25:23,842][INFO] [Epoch 189/200] Validation: val/acc1 0.7822, val/loss_ce 0.8787
[2022-02-05 09:25:42,906][INFO] [Epoch 190/200] trn/acc1 1.00e+00, trn/loss 2.74e-01, trn/loss_ce 7.45e-03, trn/loss_wd 5.33e+02, trn/lr 7.14e-04
[2022-02-05 09:25:43,494][INFO] [Epoch 190/200] Validation: val/acc1 0.7822, val/loss_ce 0.8783
[2022-02-05 09:26:02,489][INFO] [Epoch 191/200] trn/acc1 1.00e+00, trn/loss 2.73e-01, trn/loss_ce 7.43e-03, trn/loss_wd 5.32e+02, trn/lr 5.85e-04
[2022-02-05 09:26:03,076][INFO] [Epoch 191/200] Validation: val/acc1 0.7814, val/loss_ce 0.8772
[2022-02-05 09:26:23,749][INFO] [Epoch 192/200] trn/acc1 1.00e+00, trn/loss 2.73e-01, trn/loss_ce 7.27e-03, trn/loss_wd 5.31e+02, trn/lr 4.69e-04
[2022-02-05 09:26:24,337][INFO] [Epoch 192/200] Validation: val/acc1 0.7832, val/loss_ce 0.8787
[2022-02-05 09:26:44,542][INFO] [Epoch 193/200] trn/acc1 1.00e+00, trn/loss 2.72e-01, trn/loss_ce 7.22e-03, trn/loss_wd 5.30e+02, trn/lr 3.65e-04
[2022-02-05 09:26:45,130][INFO] [Epoch 193/200] Validation: val/acc1 0.7862, val/loss_ce 0.8799
[2022-02-05 09:27:05,544][INFO] [Epoch 194/200] trn/acc1 1.00e+00, trn/loss 2.72e-01, trn/loss_ce 7.31e-03, trn/loss_wd 5.30e+02, trn/lr 2.75e-04
[2022-02-05 09:27:06,134][INFO] [Epoch 194/200] Validation: val/acc1 0.7836, val/loss_ce 0.8734
[2022-02-05 09:27:26,401][INFO] [Epoch 195/200] trn/acc1 1.00e+00, trn/loss 2.72e-01, trn/loss_ce 7.31e-03, trn/loss_wd 5.30e+02, trn/lr 1.97e-04
[2022-02-05 09:27:26,989][INFO] [Epoch 195/200] Validation: val/acc1 0.7828, val/loss_ce 0.8747
[2022-02-05 09:27:46,030][INFO] [Epoch 196/200] trn/acc1 1.00e+00, trn/loss 2.72e-01, trn/loss_ce 7.36e-03, trn/loss_wd 5.29e+02, trn/lr 1.32e-04
[2022-02-05 09:27:46,638][INFO] [Epoch 196/200] Validation: val/acc1 0.7846, val/loss_ce 0.8743
[2022-02-05 09:28:05,696][INFO] [Epoch 197/200] trn/acc1 1.00e+00, trn/loss 2.72e-01, trn/loss_ce 7.31e-03, trn/loss_wd 5.29e+02, trn/lr 8.01e-05
[2022-02-05 09:28:06,284][INFO] [Epoch 197/200] Validation: val/acc1 0.7844, val/loss_ce 0.8742
[2022-02-05 09:28:25,582][INFO] [Epoch 198/200] trn/acc1 1.00e+00, trn/loss 2.72e-01, trn/loss_ce 7.35e-03, trn/loss_wd 5.29e+02, trn/lr 4.11e-05
[2022-02-05 09:28:26,167][INFO] [Epoch 198/200] Validation: val/acc1 0.7818, val/loss_ce 0.8780
[2022-02-05 09:28:45,244][INFO] [Epoch 199/200] trn/acc1 1.00e+00, trn/loss 2.72e-01, trn/loss_ce 7.17e-03, trn/loss_wd 5.29e+02, trn/lr 1.52e-05
[2022-02-05 09:28:45,830][INFO] [Epoch 199/200] Validation: val/acc1 0.7834, val/loss_ce 0.8767
[2022-02-05 09:29:04,881][INFO] [Epoch 200/200] trn/acc1 1.00e+00, trn/loss 2.72e-01, trn/loss_ce 7.31e-03, trn/loss_wd 5.29e+02, trn/lr 2.17e-06
[2022-02-05 09:29:05,467][INFO] [Epoch 200/200] Validation: val/acc1 0.7842, val/loss_ce 0.8813
