[2022-02-04 19:47:00,738][INFO] Environments:
------------  ---------------------------------------------------------------------------
sys.platform  linux
Python        3.7.11 (default, Nov 23 2021, 05:29:02) [GCC 7.5.0]
JAX           0.2.27 @/mnt/data1/giung/venvs/jax0.2.27/lib/python3.7/site-packages/jax
jaxlib        0.1.75 @/mnt/data1/giung/venvs/jax0.2.27/lib/python3.7/site-packages/jaxlib
Flax          0.4.0 @/mnt/data1/giung/venvs/jax0.2.27/lib/python3.7/site-packages/flax
Optax         0.1.0 @/mnt/data1/giung/venvs/jax0.2.27/lib/python3.7/site-packages/optax
------------  ---------------------------------------------------------------------------

[2022-02-04 19:47:00,738][INFO] Command line arguments:
Namespace(batch_size=128, config_file='./configs/C100_WRN28x10-BN-ReLU_SGD.yaml', keep_every_n_checkpoints=None, learning_rate=0.1, num_epochs=200, num_warmup_epochs=5, opts=[], output_dir='./outputs/C100_WRN28x10-BN-ReLU/SGD/s42_e200_wd5e-4/', seed=42, weight_decay=0.0005)

[2022-02-04 19:47:00,738][INFO] Using a random seed 42

[2022-02-04 19:47:00,770][INFO] Unable to initialize backend 'tpu_driver': NOT_FOUND: Unable to find driver in registry given worker: 
[2022-02-04 19:47:01,157][INFO] Unable to initialize backend 'tpu': INVALID_ARGUMENT: TpuPlatform is not available.
[2022-02-04 19:47:09,665][INFO] Found no checkpoint files in outputs/C100_WRN28x10-BN-ReLU/SGD/s42_e200_wd5e-4
[2022-02-04 19:48:02,097][INFO] [Epoch   1/200] trn/acc1 8.20e-02, trn/loss 1.14e+01, trn/loss_ce 4.10e+00, trn/loss_wd 1.45e+04, trn/lr 9.97e-03
[2022-02-04 19:48:05,457][INFO] [Epoch   1/200] Validation: val/acc1 0.1352, val/loss_ce 3.7179
[2022-02-04 19:48:56,385][INFO] [Epoch   2/200] trn/acc1 1.93e-01, trn/loss 1.01e+01, trn/loss_ce 3.31e+00, trn/loss_wd 1.36e+04, trn/lr 3.00e-02
[2022-02-04 19:49:33,091][INFO] [Epoch   3/200] trn/acc1 2.89e-01, trn/loss 8.74e+00, trn/loss_ce 2.78e+00, trn/loss_wd 1.19e+04, trn/lr 5.00e-02
[2022-02-04 19:50:09,748][INFO] [Epoch   4/200] trn/acc1 3.61e-01, trn/loss 7.36e+00, trn/loss_ce 2.42e+00, trn/loss_wd 9.87e+03, trn/lr 7.00e-02
[2022-02-04 19:50:46,455][INFO] [Epoch   5/200] trn/acc1 4.18e-01, trn/loss 6.04e+00, trn/loss_ce 2.16e+00, trn/loss_wd 7.77e+03, trn/lr 9.00e-02
[2022-02-04 19:51:23,099][INFO] [Epoch   6/200] trn/acc1 4.62e-01, trn/loss 4.92e+00, trn/loss_ce 1.95e+00, trn/loss_wd 5.94e+03, trn/lr 1.00e-01
[2022-02-04 19:51:59,779][INFO] [Epoch   7/200] trn/acc1 5.04e-01, trn/loss 4.07e+00, trn/loss_ce 1.77e+00, trn/loss_wd 4.60e+03, trn/lr 1.00e-01
[2022-02-04 19:52:36,404][INFO] [Epoch   8/200] trn/acc1 5.36e-01, trn/loss 3.49e+00, trn/loss_ce 1.65e+00, trn/loss_wd 3.67e+03, trn/lr 1.00e-01
[2022-02-04 19:53:13,055][INFO] [Epoch   9/200] trn/acc1 5.59e-01, trn/loss 3.07e+00, trn/loss_ce 1.55e+00, trn/loss_wd 3.04e+03, trn/lr 9.99e-02
[2022-02-04 19:53:49,658][INFO] [Epoch  10/200] trn/acc1 5.81e-01, trn/loss 2.78e+00, trn/loss_ce 1.47e+00, trn/loss_wd 2.61e+03, trn/lr 9.99e-02
[2022-02-04 19:54:26,331][INFO] [Epoch  11/200] trn/acc1 5.98e-01, trn/loss 2.59e+00, trn/loss_ce 1.42e+00, trn/loss_wd 2.34e+03, trn/lr 9.98e-02
[2022-02-04 19:55:02,973][INFO] [Epoch  12/200] trn/acc1 6.09e-01, trn/loss 2.44e+00, trn/loss_ce 1.36e+00, trn/loss_wd 2.16e+03, trn/lr 9.97e-02
[2022-02-04 19:55:39,642][INFO] [Epoch  13/200] trn/acc1 6.20e-01, trn/loss 2.36e+00, trn/loss_ce 1.33e+00, trn/loss_wd 2.06e+03, trn/lr 9.96e-02
[2022-02-04 19:56:16,239][INFO] [Epoch  14/200] trn/acc1 6.30e-01, trn/loss 2.29e+00, trn/loss_ce 1.29e+00, trn/loss_wd 2.00e+03, trn/lr 9.95e-02
[2022-02-04 19:56:52,866][INFO] [Epoch  15/200] trn/acc1 6.38e-01, trn/loss 2.25e+00, trn/loss_ce 1.25e+00, trn/loss_wd 1.98e+03, trn/lr 9.94e-02
[2022-02-04 19:57:29,517][INFO] [Epoch  16/200] trn/acc1 6.47e-01, trn/loss 2.21e+00, trn/loss_ce 1.22e+00, trn/loss_wd 1.97e+03, trn/lr 9.93e-02
[2022-02-04 19:58:06,159][INFO] [Epoch  17/200] trn/acc1 6.56e-01, trn/loss 2.18e+00, trn/loss_ce 1.19e+00, trn/loss_wd 1.98e+03, trn/lr 9.91e-02
[2022-02-04 19:58:42,775][INFO] [Epoch  18/200] trn/acc1 6.61e-01, trn/loss 2.16e+00, trn/loss_ce 1.17e+00, trn/loss_wd 1.99e+03, trn/lr 9.90e-02
[2022-02-04 19:59:19,461][INFO] [Epoch  19/200] trn/acc1 6.68e-01, trn/loss 2.16e+00, trn/loss_ce 1.15e+00, trn/loss_wd 2.02e+03, trn/lr 9.88e-02
[2022-02-04 19:59:56,063][INFO] [Epoch  20/200] trn/acc1 6.74e-01, trn/loss 2.14e+00, trn/loss_ce 1.12e+00, trn/loss_wd 2.04e+03, trn/lr 9.86e-02
[2022-02-04 19:59:56,979][INFO] [Epoch  20/200] Validation: val/acc1 0.5780, val/loss_ce 1.4879
[2022-02-04 20:00:48,464][INFO] [Epoch  21/200] trn/acc1 6.80e-01, trn/loss 2.13e+00, trn/loss_ce 1.10e+00, trn/loss_wd 2.06e+03, trn/lr 9.84e-02
[2022-02-04 20:01:25,018][INFO] [Epoch  22/200] trn/acc1 6.83e-01, trn/loss 2.12e+00, trn/loss_ce 1.08e+00, trn/loss_wd 2.08e+03, trn/lr 9.82e-02
[2022-02-04 20:02:01,635][INFO] [Epoch  23/200] trn/acc1 6.88e-01, trn/loss 2.13e+00, trn/loss_ce 1.07e+00, trn/loss_wd 2.11e+03, trn/lr 9.80e-02
[2022-02-04 20:02:38,230][INFO] [Epoch  24/200] trn/acc1 6.96e-01, trn/loss 2.11e+00, trn/loss_ce 1.05e+00, trn/loss_wd 2.14e+03, trn/lr 9.78e-02
[2022-02-04 20:03:14,915][INFO] [Epoch  25/200] trn/acc1 6.98e-01, trn/loss 2.10e+00, trn/loss_ce 1.03e+00, trn/loss_wd 2.15e+03, trn/lr 9.76e-02
[2022-02-04 20:03:51,517][INFO] [Epoch  26/200] trn/acc1 7.02e-01, trn/loss 2.10e+00, trn/loss_ce 1.01e+00, trn/loss_wd 2.18e+03, trn/lr 9.73e-02
[2022-02-04 20:04:28,188][INFO] [Epoch  27/200] trn/acc1 7.03e-01, trn/loss 2.12e+00, trn/loss_ce 1.01e+00, trn/loss_wd 2.21e+03, trn/lr 9.70e-02
[2022-02-04 20:05:04,806][INFO] [Epoch  28/200] trn/acc1 7.07e-01, trn/loss 2.11e+00, trn/loss_ce 9.95e-01, trn/loss_wd 2.23e+03, trn/lr 9.68e-02
[2022-02-04 20:05:41,464][INFO] [Epoch  29/200] trn/acc1 7.11e-01, trn/loss 2.11e+00, trn/loss_ce 9.81e-01, trn/loss_wd 2.25e+03, trn/lr 9.65e-02
[2022-02-04 20:06:18,068][INFO] [Epoch  30/200] trn/acc1 7.17e-01, trn/loss 2.10e+00, trn/loss_ce 9.65e-01, trn/loss_wd 2.26e+03, trn/lr 9.62e-02
[2022-02-04 20:06:54,699][INFO] [Epoch  31/200] trn/acc1 7.19e-01, trn/loss 2.09e+00, trn/loss_ce 9.52e-01, trn/loss_wd 2.28e+03, trn/lr 9.58e-02
[2022-02-04 20:07:31,475][INFO] [Epoch  32/200] trn/acc1 7.22e-01, trn/loss 2.09e+00, trn/loss_ce 9.44e-01, trn/loss_wd 2.30e+03, trn/lr 9.55e-02
[2022-02-04 20:08:08,145][INFO] [Epoch  33/200] trn/acc1 7.26e-01, trn/loss 2.10e+00, trn/loss_ce 9.36e-01, trn/loss_wd 2.32e+03, trn/lr 9.52e-02
[2022-02-04 20:08:44,770][INFO] [Epoch  34/200] trn/acc1 7.27e-01, trn/loss 2.09e+00, trn/loss_ce 9.22e-01, trn/loss_wd 2.33e+03, trn/lr 9.48e-02
[2022-02-04 20:09:21,446][INFO] [Epoch  35/200] trn/acc1 7.28e-01, trn/loss 2.09e+00, trn/loss_ce 9.14e-01, trn/loss_wd 2.35e+03, trn/lr 9.45e-02
[2022-02-04 20:09:58,086][INFO] [Epoch  36/200] trn/acc1 7.33e-01, trn/loss 2.08e+00, trn/loss_ce 9.04e-01, trn/loss_wd 2.36e+03, trn/lr 9.41e-02
[2022-02-04 20:10:34,806][INFO] [Epoch  37/200] trn/acc1 7.37e-01, trn/loss 2.08e+00, trn/loss_ce 8.90e-01, trn/loss_wd 2.37e+03, trn/lr 9.37e-02
[2022-02-04 20:11:11,438][INFO] [Epoch  38/200] trn/acc1 7.37e-01, trn/loss 2.08e+00, trn/loss_ce 8.90e-01, trn/loss_wd 2.38e+03, trn/lr 9.33e-02
[2022-02-04 20:11:48,090][INFO] [Epoch  39/200] trn/acc1 7.41e-01, trn/loss 2.07e+00, trn/loss_ce 8.74e-01, trn/loss_wd 2.39e+03, trn/lr 9.29e-02
[2022-02-04 20:12:24,704][INFO] [Epoch  40/200] trn/acc1 7.42e-01, trn/loss 2.07e+00, trn/loss_ce 8.70e-01, trn/loss_wd 2.41e+03, trn/lr 9.25e-02
[2022-02-04 20:12:25,620][INFO] [Epoch  40/200] Validation: val/acc1 0.5984, val/loss_ce 1.4978
[2022-02-04 20:13:14,252][INFO] [Epoch  41/200] trn/acc1 7.42e-01, trn/loss 2.08e+00, trn/loss_ce 8.70e-01, trn/loss_wd 2.42e+03, trn/lr 9.20e-02
[2022-02-04 20:13:50,838][INFO] [Epoch  42/200] trn/acc1 7.47e-01, trn/loss 2.07e+00, trn/loss_ce 8.54e-01, trn/loss_wd 2.43e+03, trn/lr 9.16e-02
[2022-02-04 20:14:27,453][INFO] [Epoch  43/200] trn/acc1 7.50e-01, trn/loss 2.07e+00, trn/loss_ce 8.49e-01, trn/loss_wd 2.44e+03, trn/lr 9.11e-02
[2022-02-04 20:15:04,062][INFO] [Epoch  44/200] trn/acc1 7.51e-01, trn/loss 2.06e+00, trn/loss_ce 8.37e-01, trn/loss_wd 2.45e+03, trn/lr 9.07e-02
[2022-02-04 20:15:40,675][INFO] [Epoch  45/200] trn/acc1 7.55e-01, trn/loss 2.05e+00, trn/loss_ce 8.28e-01, trn/loss_wd 2.45e+03, trn/lr 9.02e-02
[2022-02-04 20:16:17,278][INFO] [Epoch  46/200] trn/acc1 7.56e-01, trn/loss 2.05e+00, trn/loss_ce 8.21e-01, trn/loss_wd 2.46e+03, trn/lr 8.97e-02
[2022-02-04 20:16:53,929][INFO] [Epoch  47/200] trn/acc1 7.57e-01, trn/loss 2.05e+00, trn/loss_ce 8.16e-01, trn/loss_wd 2.47e+03, trn/lr 8.92e-02
[2022-02-04 20:17:30,564][INFO] [Epoch  48/200] trn/acc1 7.61e-01, trn/loss 2.04e+00, trn/loss_ce 8.06e-01, trn/loss_wd 2.47e+03, trn/lr 8.87e-02
[2022-02-04 20:18:07,220][INFO] [Epoch  49/200] trn/acc1 7.61e-01, trn/loss 2.04e+00, trn/loss_ce 8.03e-01, trn/loss_wd 2.47e+03, trn/lr 8.82e-02
[2022-02-04 20:18:43,829][INFO] [Epoch  50/200] trn/acc1 7.64e-01, trn/loss 2.03e+00, trn/loss_ce 7.91e-01, trn/loss_wd 2.47e+03, trn/lr 8.77e-02
[2022-02-04 20:19:20,463][INFO] [Epoch  51/200] trn/acc1 7.67e-01, trn/loss 2.02e+00, trn/loss_ce 7.85e-01, trn/loss_wd 2.48e+03, trn/lr 8.72e-02
[2022-02-04 20:19:57,062][INFO] [Epoch  52/200] trn/acc1 7.68e-01, trn/loss 2.02e+00, trn/loss_ce 7.80e-01, trn/loss_wd 2.49e+03, trn/lr 8.66e-02
[2022-02-04 20:20:33,695][INFO] [Epoch  53/200] trn/acc1 7.71e-01, trn/loss 2.01e+00, trn/loss_ce 7.65e-01, trn/loss_wd 2.50e+03, trn/lr 8.61e-02
[2022-02-04 20:21:10,290][INFO] [Epoch  54/200] trn/acc1 7.73e-01, trn/loss 2.00e+00, trn/loss_ce 7.53e-01, trn/loss_wd 2.50e+03, trn/lr 8.55e-02
[2022-02-04 20:21:46,965][INFO] [Epoch  55/200] trn/acc1 7.73e-01, trn/loss 2.02e+00, trn/loss_ce 7.57e-01, trn/loss_wd 2.52e+03, trn/lr 8.49e-02
[2022-02-04 20:22:23,576][INFO] [Epoch  56/200] trn/acc1 7.77e-01, trn/loss 2.01e+00, trn/loss_ce 7.53e-01, trn/loss_wd 2.52e+03, trn/lr 8.43e-02
[2022-02-04 20:23:00,241][INFO] [Epoch  57/200] trn/acc1 7.81e-01, trn/loss 2.00e+00, trn/loss_ce 7.40e-01, trn/loss_wd 2.52e+03, trn/lr 8.38e-02
[2022-02-04 20:23:36,841][INFO] [Epoch  58/200] trn/acc1 7.82e-01, trn/loss 1.99e+00, trn/loss_ce 7.28e-01, trn/loss_wd 2.52e+03, trn/lr 8.32e-02
[2022-02-04 20:24:13,454][INFO] [Epoch  59/200] trn/acc1 7.78e-01, trn/loss 2.00e+00, trn/loss_ce 7.34e-01, trn/loss_wd 2.53e+03, trn/lr 8.25e-02
[2022-02-04 20:24:50,072][INFO] [Epoch  60/200] trn/acc1 7.87e-01, trn/loss 1.98e+00, trn/loss_ce 7.13e-01, trn/loss_wd 2.53e+03, trn/lr 8.19e-02
[2022-02-04 20:24:50,993][INFO] [Epoch  60/200] Validation: val/acc1 0.5992, val/loss_ce 1.5480
[2022-02-04 20:25:36,863][INFO] [Epoch  61/200] trn/acc1 7.84e-01, trn/loss 1.98e+00, trn/loss_ce 7.13e-01, trn/loss_wd 2.53e+03, trn/lr 8.13e-02
[2022-02-04 20:26:13,442][INFO] [Epoch  62/200] trn/acc1 7.89e-01, trn/loss 1.96e+00, trn/loss_ce 6.99e-01, trn/loss_wd 2.53e+03, trn/lr 8.07e-02
[2022-02-04 20:26:50,067][INFO] [Epoch  63/200] trn/acc1 7.93e-01, trn/loss 1.96e+00, trn/loss_ce 6.93e-01, trn/loss_wd 2.53e+03, trn/lr 8.00e-02
[2022-02-04 20:27:26,675][INFO] [Epoch  64/200] trn/acc1 7.90e-01, trn/loss 1.96e+00, trn/loss_ce 6.97e-01, trn/loss_wd 2.53e+03, trn/lr 7.94e-02
[2022-02-04 20:28:03,309][INFO] [Epoch  65/200] trn/acc1 7.96e-01, trn/loss 1.95e+00, trn/loss_ce 6.75e-01, trn/loss_wd 2.54e+03, trn/lr 7.87e-02
[2022-02-04 20:28:39,888][INFO] [Epoch  66/200] trn/acc1 7.98e-01, trn/loss 1.94e+00, trn/loss_ce 6.73e-01, trn/loss_wd 2.54e+03, trn/lr 7.81e-02
[2022-02-04 20:29:16,518][INFO] [Epoch  67/200] trn/acc1 8.01e-01, trn/loss 1.93e+00, trn/loss_ce 6.62e-01, trn/loss_wd 2.54e+03, trn/lr 7.74e-02
[2022-02-04 20:29:53,114][INFO] [Epoch  68/200] trn/acc1 8.06e-01, trn/loss 1.91e+00, trn/loss_ce 6.49e-01, trn/loss_wd 2.53e+03, trn/lr 7.67e-02
[2022-02-04 20:30:29,761][INFO] [Epoch  69/200] trn/acc1 8.00e-01, trn/loss 1.93e+00, trn/loss_ce 6.60e-01, trn/loss_wd 2.53e+03, trn/lr 7.60e-02
[2022-02-04 20:31:06,363][INFO] [Epoch  70/200] trn/acc1 8.06e-01, trn/loss 1.91e+00, trn/loss_ce 6.41e-01, trn/loss_wd 2.53e+03, trn/lr 7.53e-02
[2022-02-04 20:31:42,982][INFO] [Epoch  71/200] trn/acc1 8.09e-01, trn/loss 1.89e+00, trn/loss_ce 6.29e-01, trn/loss_wd 2.53e+03, trn/lr 7.47e-02
[2022-02-04 20:32:19,585][INFO] [Epoch  72/200] trn/acc1 8.10e-01, trn/loss 1.90e+00, trn/loss_ce 6.30e-01, trn/loss_wd 2.53e+03, trn/lr 7.39e-02
[2022-02-04 20:32:56,245][INFO] [Epoch  73/200] trn/acc1 8.16e-01, trn/loss 1.87e+00, trn/loss_ce 6.10e-01, trn/loss_wd 2.53e+03, trn/lr 7.32e-02
[2022-02-04 20:33:33,196][INFO] [Epoch  74/200] trn/acc1 8.17e-01, trn/loss 1.87e+00, trn/loss_ce 6.09e-01, trn/loss_wd 2.52e+03, trn/lr 7.25e-02
[2022-02-04 20:34:09,840][INFO] [Epoch  75/200] trn/acc1 8.19e-01, trn/loss 1.87e+00, trn/loss_ce 6.03e-01, trn/loss_wd 2.53e+03, trn/lr 7.18e-02
[2022-02-04 20:34:46,445][INFO] [Epoch  76/200] trn/acc1 8.22e-01, trn/loss 1.86e+00, trn/loss_ce 5.91e-01, trn/loss_wd 2.53e+03, trn/lr 7.11e-02
[2022-02-04 20:35:23,074][INFO] [Epoch  77/200] trn/acc1 8.20e-01, trn/loss 1.85e+00, trn/loss_ce 5.87e-01, trn/loss_wd 2.53e+03, trn/lr 7.03e-02
[2022-02-04 20:35:59,668][INFO] [Epoch  78/200] trn/acc1 8.27e-01, trn/loss 1.83e+00, trn/loss_ce 5.71e-01, trn/loss_wd 2.53e+03, trn/lr 6.96e-02
[2022-02-04 20:36:36,315][INFO] [Epoch  79/200] trn/acc1 8.26e-01, trn/loss 1.83e+00, trn/loss_ce 5.73e-01, trn/loss_wd 2.52e+03, trn/lr 6.89e-02
[2022-02-04 20:37:12,906][INFO] [Epoch  80/200] trn/acc1 8.31e-01, trn/loss 1.81e+00, trn/loss_ce 5.58e-01, trn/loss_wd 2.51e+03, trn/lr 6.81e-02
[2022-02-04 20:37:13,825][INFO] [Epoch  80/200] Validation: val/acc1 0.6228, val/loss_ce 1.4312
[2022-02-04 20:38:05,925][INFO] [Epoch  81/200] trn/acc1 8.33e-01, trn/loss 1.81e+00, trn/loss_ce 5.51e-01, trn/loss_wd 2.51e+03, trn/lr 6.74e-02
[2022-02-04 20:38:42,501][INFO] [Epoch  82/200] trn/acc1 8.35e-01, trn/loss 1.80e+00, trn/loss_ce 5.44e-01, trn/loss_wd 2.50e+03, trn/lr 6.66e-02
[2022-02-04 20:39:19,143][INFO] [Epoch  83/200] trn/acc1 8.36e-01, trn/loss 1.78e+00, trn/loss_ce 5.31e-01, trn/loss_wd 2.49e+03, trn/lr 6.58e-02
[2022-02-04 20:39:55,761][INFO] [Epoch  84/200] trn/acc1 8.40e-01, trn/loss 1.77e+00, trn/loss_ce 5.27e-01, trn/loss_wd 2.49e+03, trn/lr 6.51e-02
[2022-02-04 20:40:32,426][INFO] [Epoch  85/200] trn/acc1 8.42e-01, trn/loss 1.76e+00, trn/loss_ce 5.21e-01, trn/loss_wd 2.49e+03, trn/lr 6.43e-02
[2022-02-04 20:41:09,065][INFO] [Epoch  86/200] trn/acc1 8.44e-01, trn/loss 1.75e+00, trn/loss_ce 5.13e-01, trn/loss_wd 2.48e+03, trn/lr 6.35e-02
[2022-02-04 20:41:45,726][INFO] [Epoch  87/200] trn/acc1 8.47e-01, trn/loss 1.74e+00, trn/loss_ce 5.00e-01, trn/loss_wd 2.48e+03, trn/lr 6.27e-02
[2022-02-04 20:42:22,337][INFO] [Epoch  88/200] trn/acc1 8.49e-01, trn/loss 1.73e+00, trn/loss_ce 4.95e-01, trn/loss_wd 2.48e+03, trn/lr 6.20e-02
[2022-02-04 20:42:59,010][INFO] [Epoch  89/200] trn/acc1 8.52e-01, trn/loss 1.72e+00, trn/loss_ce 4.87e-01, trn/loss_wd 2.46e+03, trn/lr 6.12e-02
[2022-02-04 20:43:35,629][INFO] [Epoch  90/200] trn/acc1 8.59e-01, trn/loss 1.69e+00, trn/loss_ce 4.71e-01, trn/loss_wd 2.45e+03, trn/lr 6.04e-02
[2022-02-04 20:44:12,320][INFO] [Epoch  91/200] trn/acc1 8.59e-01, trn/loss 1.68e+00, trn/loss_ce 4.64e-01, trn/loss_wd 2.44e+03, trn/lr 5.96e-02
[2022-02-04 20:44:48,951][INFO] [Epoch  92/200] trn/acc1 8.60e-01, trn/loss 1.67e+00, trn/loss_ce 4.60e-01, trn/loss_wd 2.43e+03, trn/lr 5.88e-02
[2022-02-04 20:45:25,601][INFO] [Epoch  93/200] trn/acc1 8.65e-01, trn/loss 1.65e+00, trn/loss_ce 4.43e-01, trn/loss_wd 2.41e+03, trn/lr 5.80e-02
[2022-02-04 20:46:02,208][INFO] [Epoch  94/200] trn/acc1 8.68e-01, trn/loss 1.64e+00, trn/loss_ce 4.40e-01, trn/loss_wd 2.41e+03, trn/lr 5.72e-02
[2022-02-04 20:46:38,880][INFO] [Epoch  95/200] trn/acc1 8.69e-01, trn/loss 1.63e+00, trn/loss_ce 4.28e-01, trn/loss_wd 2.40e+03, trn/lr 5.64e-02
[2022-02-04 20:47:15,493][INFO] [Epoch  96/200] trn/acc1 8.72e-01, trn/loss 1.62e+00, trn/loss_ce 4.25e-01, trn/loss_wd 2.39e+03, trn/lr 5.56e-02
[2022-02-04 20:47:52,166][INFO] [Epoch  97/200] trn/acc1 8.76e-01, trn/loss 1.60e+00, trn/loss_ce 4.08e-01, trn/loss_wd 2.38e+03, trn/lr 5.48e-02
[2022-02-04 20:48:28,772][INFO] [Epoch  98/200] trn/acc1 8.78e-01, trn/loss 1.59e+00, trn/loss_ce 4.05e-01, trn/loss_wd 2.37e+03, trn/lr 5.40e-02
[2022-02-04 20:49:05,437][INFO] [Epoch  99/200] trn/acc1 8.80e-01, trn/loss 1.57e+00, trn/loss_ce 3.93e-01, trn/loss_wd 2.35e+03, trn/lr 5.32e-02
[2022-02-04 20:49:42,041][INFO] [Epoch 100/200] trn/acc1 8.80e-01, trn/loss 1.57e+00, trn/loss_ce 3.94e-01, trn/loss_wd 2.34e+03, trn/lr 5.24e-02
[2022-02-04 20:49:42,959][INFO] [Epoch 100/200] Validation: val/acc1 0.6428, val/loss_ce 1.4257
[2022-02-04 20:50:34,276][INFO] [Epoch 101/200] trn/acc1 8.85e-01, trn/loss 1.54e+00, trn/loss_ce 3.74e-01, trn/loss_wd 2.33e+03, trn/lr 5.16e-02
[2022-02-04 20:51:10,840][INFO] [Epoch 102/200] trn/acc1 8.86e-01, trn/loss 1.53e+00, trn/loss_ce 3.76e-01, trn/loss_wd 2.32e+03, trn/lr 5.08e-02
[2022-02-04 20:51:47,475][INFO] [Epoch 103/200] trn/acc1 8.92e-01, trn/loss 1.51e+00, trn/loss_ce 3.60e-01, trn/loss_wd 2.30e+03, trn/lr 5.00e-02
[2022-02-04 20:52:24,114][INFO] [Epoch 104/200] trn/acc1 8.94e-01, trn/loss 1.49e+00, trn/loss_ce 3.53e-01, trn/loss_wd 2.28e+03, trn/lr 4.92e-02
[2022-02-04 20:53:00,749][INFO] [Epoch 105/200] trn/acc1 8.92e-01, trn/loss 1.49e+00, trn/loss_ce 3.53e-01, trn/loss_wd 2.27e+03, trn/lr 4.84e-02
[2022-02-04 20:53:37,375][INFO] [Epoch 106/200] trn/acc1 9.00e-01, trn/loss 1.46e+00, trn/loss_ce 3.29e-01, trn/loss_wd 2.25e+03, trn/lr 4.76e-02
[2022-02-04 20:54:14,071][INFO] [Epoch 107/200] trn/acc1 9.02e-01, trn/loss 1.44e+00, trn/loss_ce 3.28e-01, trn/loss_wd 2.23e+03, trn/lr 4.68e-02
[2022-02-04 20:54:50,678][INFO] [Epoch 108/200] trn/acc1 9.05e-01, trn/loss 1.43e+00, trn/loss_ce 3.21e-01, trn/loss_wd 2.22e+03, trn/lr 4.60e-02
[2022-02-04 20:55:27,299][INFO] [Epoch 109/200] trn/acc1 9.08e-01, trn/loss 1.41e+00, trn/loss_ce 3.07e-01, trn/loss_wd 2.20e+03, trn/lr 4.52e-02
[2022-02-04 20:56:03,890][INFO] [Epoch 110/200] trn/acc1 9.10e-01, trn/loss 1.39e+00, trn/loss_ce 2.99e-01, trn/loss_wd 2.18e+03, trn/lr 4.44e-02
[2022-02-04 20:56:40,811][INFO] [Epoch 111/200] trn/acc1 9.10e-01, trn/loss 1.38e+00, trn/loss_ce 2.99e-01, trn/loss_wd 2.16e+03, trn/lr 4.36e-02
[2022-02-04 20:57:17,434][INFO] [Epoch 112/200] trn/acc1 9.12e-01, trn/loss 1.36e+00, trn/loss_ce 2.91e-01, trn/loss_wd 2.15e+03, trn/lr 4.28e-02
[2022-02-04 20:57:54,095][INFO] [Epoch 113/200] trn/acc1 9.18e-01, trn/loss 1.34e+00, trn/loss_ce 2.77e-01, trn/loss_wd 2.13e+03, trn/lr 4.20e-02
[2022-02-04 20:58:30,706][INFO] [Epoch 114/200] trn/acc1 9.20e-01, trn/loss 1.32e+00, trn/loss_ce 2.68e-01, trn/loss_wd 2.10e+03, trn/lr 4.12e-02
[2022-02-04 20:59:07,397][INFO] [Epoch 115/200] trn/acc1 9.25e-01, trn/loss 1.30e+00, trn/loss_ce 2.55e-01, trn/loss_wd 2.08e+03, trn/lr 4.04e-02
[2022-02-04 20:59:44,032][INFO] [Epoch 116/200] trn/acc1 9.25e-01, trn/loss 1.28e+00, trn/loss_ce 2.53e-01, trn/loss_wd 2.06e+03, trn/lr 3.96e-02
[2022-02-04 21:00:20,731][INFO] [Epoch 117/200] trn/acc1 9.29e-01, trn/loss 1.26e+00, trn/loss_ce 2.46e-01, trn/loss_wd 2.03e+03, trn/lr 3.88e-02
[2022-02-04 21:00:57,366][INFO] [Epoch 118/200] trn/acc1 9.30e-01, trn/loss 1.24e+00, trn/loss_ce 2.39e-01, trn/loss_wd 2.01e+03, trn/lr 3.80e-02
[2022-02-04 21:01:34,020][INFO] [Epoch 119/200] trn/acc1 9.33e-01, trn/loss 1.22e+00, trn/loss_ce 2.28e-01, trn/loss_wd 1.98e+03, trn/lr 3.73e-02
[2022-02-04 21:02:10,664][INFO] [Epoch 120/200] trn/acc1 9.36e-01, trn/loss 1.20e+00, trn/loss_ce 2.25e-01, trn/loss_wd 1.96e+03, trn/lr 3.65e-02
[2022-02-04 21:02:11,582][INFO] [Epoch 120/200] Validation: val/acc1 0.6632, val/loss_ce 1.4541
[2022-02-04 21:02:56,824][INFO] [Epoch 121/200] trn/acc1 9.41e-01, trn/loss 1.17e+00, trn/loss_ce 2.03e-01, trn/loss_wd 1.93e+03, trn/lr 3.57e-02
[2022-02-04 21:03:33,417][INFO] [Epoch 122/200] trn/acc1 9.36e-01, trn/loss 1.17e+00, trn/loss_ce 2.17e-01, trn/loss_wd 1.91e+03, trn/lr 3.49e-02
[2022-02-04 21:04:10,055][INFO] [Epoch 123/200] trn/acc1 9.41e-01, trn/loss 1.15e+00, trn/loss_ce 2.02e-01, trn/loss_wd 1.89e+03, trn/lr 3.42e-02
[2022-02-04 21:04:46,699][INFO] [Epoch 124/200] trn/acc1 9.44e-01, trn/loss 1.12e+00, trn/loss_ce 1.94e-01, trn/loss_wd 1.86e+03, trn/lr 3.34e-02
[2022-02-04 21:05:23,368][INFO] [Epoch 125/200] trn/acc1 9.46e-01, trn/loss 1.10e+00, trn/loss_ce 1.90e-01, trn/loss_wd 1.83e+03, trn/lr 3.26e-02
[2022-02-04 21:06:00,005][INFO] [Epoch 126/200] trn/acc1 9.51e-01, trn/loss 1.07e+00, trn/loss_ce 1.69e-01, trn/loss_wd 1.80e+03, trn/lr 3.19e-02
[2022-02-04 21:06:36,647][INFO] [Epoch 127/200] trn/acc1 9.53e-01, trn/loss 1.05e+00, trn/loss_ce 1.65e-01, trn/loss_wd 1.77e+03, trn/lr 3.11e-02
[2022-02-04 21:07:13,274][INFO] [Epoch 128/200] trn/acc1 9.54e-01, trn/loss 1.03e+00, trn/loss_ce 1.63e-01, trn/loss_wd 1.74e+03, trn/lr 3.04e-02
[2022-02-04 21:07:49,973][INFO] [Epoch 129/200] trn/acc1 9.58e-01, trn/loss 1.01e+00, trn/loss_ce 1.53e-01, trn/loss_wd 1.71e+03, trn/lr 2.97e-02
[2022-02-04 21:08:26,609][INFO] [Epoch 130/200] trn/acc1 9.58e-01, trn/loss 9.89e-01, trn/loss_ce 1.51e-01, trn/loss_wd 1.68e+03, trn/lr 2.89e-02
[2022-02-04 21:09:03,312][INFO] [Epoch 131/200] trn/acc1 9.62e-01, trn/loss 9.64e-01, trn/loss_ce 1.40e-01, trn/loss_wd 1.65e+03, trn/lr 2.82e-02
[2022-02-04 21:09:39,967][INFO] [Epoch 132/200] trn/acc1 9.59e-01, trn/loss 9.61e-01, trn/loss_ce 1.50e-01, trn/loss_wd 1.62e+03, trn/lr 2.75e-02
[2022-02-04 21:10:16,617][INFO] [Epoch 133/200] trn/acc1 9.65e-01, trn/loss 9.28e-01, trn/loss_ce 1.30e-01, trn/loss_wd 1.60e+03, trn/lr 2.68e-02
[2022-02-04 21:10:53,258][INFO] [Epoch 134/200] trn/acc1 9.65e-01, trn/loss 9.16e-01, trn/loss_ce 1.30e-01, trn/loss_wd 1.57e+03, trn/lr 2.61e-02
[2022-02-04 21:11:29,910][INFO] [Epoch 135/200] trn/acc1 9.65e-01, trn/loss 9.03e-01, trn/loss_ce 1.31e-01, trn/loss_wd 1.54e+03, trn/lr 2.54e-02
[2022-02-04 21:12:06,537][INFO] [Epoch 136/200] trn/acc1 9.68e-01, trn/loss 8.80e-01, trn/loss_ce 1.21e-01, trn/loss_wd 1.52e+03, trn/lr 2.47e-02
[2022-02-04 21:12:43,166][INFO] [Epoch 137/200] trn/acc1 9.71e-01, trn/loss 8.60e-01, trn/loss_ce 1.13e-01, trn/loss_wd 1.49e+03, trn/lr 2.40e-02
[2022-02-04 21:13:19,781][INFO] [Epoch 138/200] trn/acc1 9.75e-01, trn/loss 8.30e-01, trn/loss_ce 1.00e-01, trn/loss_wd 1.46e+03, trn/lr 2.33e-02
[2022-02-04 21:13:56,442][INFO] [Epoch 139/200] trn/acc1 9.80e-01, trn/loss 7.90e-01, trn/loss_ce 8.11e-02, trn/loss_wd 1.42e+03, trn/lr 2.26e-02
[2022-02-04 21:14:33,060][INFO] [Epoch 140/200] trn/acc1 9.81e-01, trn/loss 7.71e-01, trn/loss_ce 8.14e-02, trn/loss_wd 1.38e+03, trn/lr 2.19e-02
[2022-02-04 21:14:33,979][INFO] [Epoch 140/200] Validation: val/acc1 0.7164, val/loss_ce 1.2144
[2022-02-04 21:15:24,823][INFO] [Epoch 141/200] trn/acc1 9.82e-01, trn/loss 7.46e-01, trn/loss_ce 7.56e-02, trn/loss_wd 1.34e+03, trn/lr 2.13e-02
[2022-02-04 21:16:01,449][INFO] [Epoch 142/200] trn/acc1 9.83e-01, trn/loss 7.23e-01, trn/loss_ce 7.08e-02, trn/loss_wd 1.30e+03, trn/lr 2.06e-02
[2022-02-04 21:16:38,106][INFO] [Epoch 143/200] trn/acc1 9.83e-01, trn/loss 7.08e-01, trn/loss_ce 7.21e-02, trn/loss_wd 1.27e+03, trn/lr 2.00e-02
[2022-02-04 21:17:14,742][INFO] [Epoch 144/200] trn/acc1 9.87e-01, trn/loss 6.81e-01, trn/loss_ce 6.18e-02, trn/loss_wd 1.24e+03, trn/lr 1.93e-02
[2022-02-04 21:17:51,410][INFO] [Epoch 145/200] trn/acc1 9.85e-01, trn/loss 6.66e-01, trn/loss_ce 6.36e-02, trn/loss_wd 1.20e+03, trn/lr 1.87e-02
[2022-02-04 21:18:28,034][INFO] [Epoch 146/200] trn/acc1 9.87e-01, trn/loss 6.45e-01, trn/loss_ce 5.79e-02, trn/loss_wd 1.18e+03, trn/lr 1.81e-02
[2022-02-04 21:19:04,662][INFO] [Epoch 147/200] trn/acc1 9.89e-01, trn/loss 6.25e-01, trn/loss_ce 5.30e-02, trn/loss_wd 1.14e+03, trn/lr 1.75e-02
[2022-02-04 21:19:41,275][INFO] [Epoch 148/200] trn/acc1 9.88e-01, trn/loss 6.12e-01, trn/loss_ce 5.46e-02, trn/loss_wd 1.12e+03, trn/lr 1.68e-02
[2022-02-04 21:20:17,903][INFO] [Epoch 149/200] trn/acc1 9.90e-01, trn/loss 5.92e-01, trn/loss_ce 4.78e-02, trn/loss_wd 1.09e+03, trn/lr 1.62e-02
[2022-02-04 21:20:54,529][INFO] [Epoch 150/200] trn/acc1 9.91e-01, trn/loss 5.78e-01, trn/loss_ce 4.76e-02, trn/loss_wd 1.06e+03, trn/lr 1.57e-02
[2022-02-04 21:21:31,167][INFO] [Epoch 151/200] trn/acc1 9.93e-01, trn/loss 5.52e-01, trn/loss_ce 3.64e-02, trn/loss_wd 1.03e+03, trn/lr 1.51e-02
[2022-02-04 21:22:07,799][INFO] [Epoch 152/200] trn/acc1 9.94e-01, trn/loss 5.36e-01, trn/loss_ce 3.47e-02, trn/loss_wd 1.00e+03, trn/lr 1.45e-02
[2022-02-04 21:22:44,459][INFO] [Epoch 153/200] trn/acc1 9.97e-01, trn/loss 5.07e-01, trn/loss_ce 2.16e-02, trn/loss_wd 9.72e+02, trn/lr 1.39e-02
[2022-02-04 21:23:21,059][INFO] [Epoch 154/200] trn/acc1 9.95e-01, trn/loss 4.99e-01, trn/loss_ce 2.83e-02, trn/loss_wd 9.41e+02, trn/lr 1.34e-02
[2022-02-04 21:23:57,737][INFO] [Epoch 155/200] trn/acc1 9.96e-01, trn/loss 4.83e-01, trn/loss_ce 2.49e-02, trn/loss_wd 9.15e+02, trn/lr 1.28e-02
[2022-02-04 21:24:34,343][INFO] [Epoch 156/200] trn/acc1 9.97e-01, trn/loss 4.63e-01, trn/loss_ce 1.93e-02, trn/loss_wd 8.88e+02, trn/lr 1.23e-02
[2022-02-04 21:25:11,013][INFO] [Epoch 157/200] trn/acc1 9.97e-01, trn/loss 4.50e-01, trn/loss_ce 1.90e-02, trn/loss_wd 8.62e+02, trn/lr 1.18e-02
[2022-02-04 21:25:47,622][INFO] [Epoch 158/200] trn/acc1 9.99e-01, trn/loss 4.27e-01, trn/loss_ce 9.54e-03, trn/loss_wd 8.34e+02, trn/lr 1.13e-02
[2022-02-04 21:26:24,253][INFO] [Epoch 159/200] trn/acc1 9.99e-01, trn/loss 4.13e-01, trn/loss_ce 9.54e-03, trn/loss_wd 8.07e+02, trn/lr 1.08e-02
[2022-02-04 21:27:00,861][INFO] [Epoch 160/200] trn/acc1 9.99e-01, trn/loss 4.01e-01, trn/loss_ce 9.52e-03, trn/loss_wd 7.82e+02, trn/lr 1.03e-02
[2022-02-04 21:27:01,780][INFO] [Epoch 160/200] Validation: val/acc1 0.7960, val/loss_ce 0.8452
[2022-02-04 21:27:56,041][INFO] [Epoch 161/200] trn/acc1 1.00e+00, trn/loss 3.88e-01, trn/loss_ce 7.88e-03, trn/loss_wd 7.59e+02, trn/lr 9.79e-03
[2022-02-04 21:28:32,632][INFO] [Epoch 162/200] trn/acc1 9.99e-01, trn/loss 3.78e-01, trn/loss_ce 8.86e-03, trn/loss_wd 7.38e+02, trn/lr 9.31e-03
[2022-02-04 21:29:09,251][INFO] [Epoch 163/200] trn/acc1 1.00e+00, trn/loss 3.66e-01, trn/loss_ce 7.11e-03, trn/loss_wd 7.18e+02, trn/lr 8.85e-03
[2022-02-04 21:29:45,857][INFO] [Epoch 164/200] trn/acc1 1.00e+00, trn/loss 3.56e-01, trn/loss_ce 6.63e-03, trn/loss_wd 7.00e+02, trn/lr 8.40e-03
[2022-02-04 21:30:22,497][INFO] [Epoch 165/200] trn/acc1 1.00e+00, trn/loss 3.48e-01, trn/loss_ce 6.72e-03, trn/loss_wd 6.82e+02, trn/lr 7.96e-03
[2022-02-04 21:30:59,103][INFO] [Epoch 166/200] trn/acc1 1.00e+00, trn/loss 3.40e-01, trn/loss_ce 6.60e-03, trn/loss_wd 6.66e+02, trn/lr 7.53e-03
[2022-02-04 21:31:35,710][INFO] [Epoch 167/200] trn/acc1 1.00e+00, trn/loss 3.33e-01, trn/loss_ce 6.61e-03, trn/loss_wd 6.52e+02, trn/lr 7.11e-03
[2022-02-04 21:32:12,294][INFO] [Epoch 168/200] trn/acc1 1.00e+00, trn/loss 3.26e-01, trn/loss_ce 6.52e-03, trn/loss_wd 6.39e+02, trn/lr 6.70e-03
[2022-02-04 21:32:48,940][INFO] [Epoch 169/200] trn/acc1 1.00e+00, trn/loss 3.20e-01, trn/loss_ce 6.55e-03, trn/loss_wd 6.26e+02, trn/lr 6.30e-03
[2022-02-04 21:33:25,538][INFO] [Epoch 170/200] trn/acc1 1.00e+00, trn/loss 3.14e-01, trn/loss_ce 6.61e-03, trn/loss_wd 6.15e+02, trn/lr 5.92e-03
[2022-02-04 21:34:02,191][INFO] [Epoch 171/200] trn/acc1 1.00e+00, trn/loss 3.09e-01, trn/loss_ce 6.62e-03, trn/loss_wd 6.05e+02, trn/lr 5.54e-03
[2022-02-04 21:34:38,804][INFO] [Epoch 172/200] trn/acc1 1.00e+00, trn/loss 3.04e-01, trn/loss_ce 6.49e-03, trn/loss_wd 5.95e+02, trn/lr 5.18e-03
[2022-02-04 21:35:15,425][INFO] [Epoch 173/200] trn/acc1 1.00e+00, trn/loss 3.00e-01, trn/loss_ce 6.57e-03, trn/loss_wd 5.86e+02, trn/lr 4.83e-03
[2022-02-04 21:35:52,031][INFO] [Epoch 174/200] trn/acc1 1.00e+00, trn/loss 2.96e-01, trn/loss_ce 6.52e-03, trn/loss_wd 5.79e+02, trn/lr 4.49e-03
[2022-02-04 21:36:28,657][INFO] [Epoch 175/200] trn/acc1 1.00e+00, trn/loss 2.92e-01, trn/loss_ce 6.75e-03, trn/loss_wd 5.71e+02, trn/lr 4.16e-03
[2022-02-04 21:37:05,259][INFO] [Epoch 176/200] trn/acc1 1.00e+00, trn/loss 2.89e-01, trn/loss_ce 6.52e-03, trn/loss_wd 5.65e+02, trn/lr 3.85e-03
[2022-02-04 21:37:41,912][INFO] [Epoch 177/200] trn/acc1 1.00e+00, trn/loss 2.86e-01, trn/loss_ce 6.66e-03, trn/loss_wd 5.59e+02, trn/lr 3.54e-03
[2022-02-04 21:38:18,510][INFO] [Epoch 178/200] trn/acc1 1.00e+00, trn/loss 2.83e-01, trn/loss_ce 6.62e-03, trn/loss_wd 5.53e+02, trn/lr 3.25e-03
[2022-02-04 21:38:55,180][INFO] [Epoch 179/200] trn/acc1 1.00e+00, trn/loss 2.81e-01, trn/loss_ce 6.81e-03, trn/loss_wd 5.48e+02, trn/lr 2.97e-03
[2022-02-04 21:39:31,793][INFO] [Epoch 180/200] trn/acc1 1.00e+00, trn/loss 2.78e-01, trn/loss_ce 6.44e-03, trn/loss_wd 5.44e+02, trn/lr 2.70e-03
[2022-02-04 21:39:32,710][INFO] [Epoch 180/200] Validation: val/acc1 0.8092, val/loss_ce 0.7979
[2022-02-04 21:40:23,567][INFO] [Epoch 181/200] trn/acc1 1.00e+00, trn/loss 2.77e-01, trn/loss_ce 6.63e-03, trn/loss_wd 5.40e+02, trn/lr 2.45e-03
[2022-02-04 21:40:24,481][INFO] [Epoch 181/200] Validation: val/acc1 0.8080, val/loss_ce 0.7960
[2022-02-04 21:41:12,475][INFO] [Epoch 182/200] trn/acc1 1.00e+00, trn/loss 2.75e-01, trn/loss_ce 6.49e-03, trn/loss_wd 5.36e+02, trn/lr 2.21e-03
[2022-02-04 21:41:13,391][INFO] [Epoch 182/200] Validation: val/acc1 0.8084, val/loss_ce 0.7982
[2022-02-04 21:41:53,139][INFO] [Epoch 183/200] trn/acc1 1.00e+00, trn/loss 2.73e-01, trn/loss_ce 6.41e-03, trn/loss_wd 5.33e+02, trn/lr 1.97e-03
[2022-02-04 21:41:54,055][INFO] [Epoch 183/200] Validation: val/acc1 0.8056, val/loss_ce 0.7951
[2022-02-04 21:42:40,452][INFO] [Epoch 184/200] trn/acc1 1.00e+00, trn/loss 2.71e-01, trn/loss_ce 6.30e-03, trn/loss_wd 5.30e+02, trn/lr 1.76e-03
[2022-02-04 21:42:41,370][INFO] [Epoch 184/200] Validation: val/acc1 0.8060, val/loss_ce 0.7968
[2022-02-04 21:43:21,479][INFO] [Epoch 185/200] trn/acc1 1.00e+00, trn/loss 2.70e-01, trn/loss_ce 6.44e-03, trn/loss_wd 5.28e+02, trn/lr 1.55e-03
[2022-02-04 21:43:22,397][INFO] [Epoch 185/200] Validation: val/acc1 0.8088, val/loss_ce 0.7913
[2022-02-04 21:44:07,693][INFO] [Epoch 186/200] trn/acc1 1.00e+00, trn/loss 2.69e-01, trn/loss_ce 6.33e-03, trn/loss_wd 5.25e+02, trn/lr 1.36e-03
[2022-02-04 21:44:08,608][INFO] [Epoch 186/200] Validation: val/acc1 0.8076, val/loss_ce 0.7967
[2022-02-04 21:44:48,966][INFO] [Epoch 187/200] trn/acc1 1.00e+00, trn/loss 2.68e-01, trn/loss_ce 6.36e-03, trn/loss_wd 5.24e+02, trn/lr 1.18e-03
[2022-02-04 21:44:49,881][INFO] [Epoch 187/200] Validation: val/acc1 0.8060, val/loss_ce 0.7955
[2022-02-04 21:45:30,134][INFO] [Epoch 188/200] trn/acc1 1.00e+00, trn/loss 2.67e-01, trn/loss_ce 6.39e-03, trn/loss_wd 5.22e+02, trn/lr 1.01e-03
[2022-02-04 21:45:31,048][INFO] [Epoch 188/200] Validation: val/acc1 0.8068, val/loss_ce 0.7981
[2022-02-04 21:46:11,186][INFO] [Epoch 189/200] trn/acc1 1.00e+00, trn/loss 2.66e-01, trn/loss_ce 6.18e-03, trn/loss_wd 5.21e+02, trn/lr 8.56e-04
[2022-02-04 21:46:12,102][INFO] [Epoch 189/200] Validation: val/acc1 0.8072, val/loss_ce 0.7967
[2022-02-04 21:46:51,971][INFO] [Epoch 190/200] trn/acc1 1.00e+00, trn/loss 2.66e-01, trn/loss_ce 6.30e-03, trn/loss_wd 5.19e+02, trn/lr 7.14e-04
[2022-02-04 21:46:52,893][INFO] [Epoch 190/200] Validation: val/acc1 0.8060, val/loss_ce 0.7959
[2022-02-04 21:47:33,251][INFO] [Epoch 191/200] trn/acc1 1.00e+00, trn/loss 2.65e-01, trn/loss_ce 6.20e-03, trn/loss_wd 5.18e+02, trn/lr 5.85e-04
[2022-02-04 21:47:34,167][INFO] [Epoch 191/200] Validation: val/acc1 0.8068, val/loss_ce 0.7989
[2022-02-04 21:48:14,875][INFO] [Epoch 192/200] trn/acc1 1.00e+00, trn/loss 2.65e-01, trn/loss_ce 6.00e-03, trn/loss_wd 5.18e+02, trn/lr 4.69e-04
[2022-02-04 21:48:15,793][INFO] [Epoch 192/200] Validation: val/acc1 0.8060, val/loss_ce 0.8008
[2022-02-04 21:48:55,685][INFO] [Epoch 193/200] trn/acc1 1.00e+00, trn/loss 2.65e-01, trn/loss_ce 6.24e-03, trn/loss_wd 5.17e+02, trn/lr 3.65e-04
[2022-02-04 21:48:56,602][INFO] [Epoch 193/200] Validation: val/acc1 0.8064, val/loss_ce 0.7984
[2022-02-04 21:49:36,748][INFO] [Epoch 194/200] trn/acc1 1.00e+00, trn/loss 2.64e-01, trn/loss_ce 6.24e-03, trn/loss_wd 5.16e+02, trn/lr 2.75e-04
[2022-02-04 21:49:37,665][INFO] [Epoch 194/200] Validation: val/acc1 0.8092, val/loss_ce 0.7960
[2022-02-04 21:50:18,022][INFO] [Epoch 195/200] trn/acc1 1.00e+00, trn/loss 2.64e-01, trn/loss_ce 6.29e-03, trn/loss_wd 5.16e+02, trn/lr 1.97e-04
[2022-02-04 21:50:18,936][INFO] [Epoch 195/200] Validation: val/acc1 0.8080, val/loss_ce 0.7955
[2022-02-04 21:50:59,248][INFO] [Epoch 196/200] trn/acc1 1.00e+00, trn/loss 2.64e-01, trn/loss_ce 6.13e-03, trn/loss_wd 5.16e+02, trn/lr 1.32e-04
[2022-02-04 21:51:00,165][INFO] [Epoch 196/200] Validation: val/acc1 0.8096, val/loss_ce 0.7947
[2022-02-04 21:51:45,717][INFO] [Epoch 197/200] trn/acc1 1.00e+00, trn/loss 2.64e-01, trn/loss_ce 6.23e-03, trn/loss_wd 5.16e+02, trn/lr 8.01e-05
[2022-02-04 21:51:46,632][INFO] [Epoch 197/200] Validation: val/acc1 0.8060, val/loss_ce 0.7950
[2022-02-04 21:52:27,723][INFO] [Epoch 198/200] trn/acc1 1.00e+00, trn/loss 2.64e-01, trn/loss_ce 6.04e-03, trn/loss_wd 5.16e+02, trn/lr 4.11e-05
[2022-02-04 21:52:28,640][INFO] [Epoch 198/200] Validation: val/acc1 0.8080, val/loss_ce 0.7954
[2022-02-04 21:53:08,604][INFO] [Epoch 199/200] trn/acc1 1.00e+00, trn/loss 2.64e-01, trn/loss_ce 6.06e-03, trn/loss_wd 5.16e+02, trn/lr 1.52e-05
[2022-02-04 21:53:09,521][INFO] [Epoch 199/200] Validation: val/acc1 0.8060, val/loss_ce 0.7965
[2022-02-04 21:53:49,491][INFO] [Epoch 200/200] trn/acc1 1.00e+00, trn/loss 2.64e-01, trn/loss_ce 6.27e-03, trn/loss_wd 5.16e+02, trn/lr 2.17e-06
[2022-02-04 21:53:50,409][INFO] [Epoch 200/200] Validation: val/acc1 0.8088, val/loss_ce 0.7967
