[2022-02-05 12:04:24,154][INFO] Environments:
------------  ---------------------------------------------------------------------------
sys.platform  linux
Python        3.7.11 (default, Nov 23 2021, 05:29:02) [GCC 7.5.0]
JAX           0.2.27 @/mnt/data1/giung/venvs/jax0.2.27/lib/python3.7/site-packages/jax
jaxlib        0.1.75 @/mnt/data1/giung/venvs/jax0.2.27/lib/python3.7/site-packages/jaxlib
Flax          0.4.0 @/mnt/data1/giung/venvs/jax0.2.27/lib/python3.7/site-packages/flax
Optax         0.1.0 @/mnt/data1/giung/venvs/jax0.2.27/lib/python3.7/site-packages/optax
------------  ---------------------------------------------------------------------------

[2022-02-05 12:04:24,154][INFO] Command line arguments:
Namespace(batch_size=128, config_file='./configs/C100_WRN28x5-BN-ReLU_SGD.yaml', keep_every_n_checkpoints=None, learning_rate=0.1, num_epochs=200, num_warmup_epochs=5, opts=[], output_dir='./outputs/C100_WRN28x5-BN-ReLU/SGD/s42_e200_wd5e-4_2GPU/', seed=42, weight_decay=0.0005)

[2022-02-05 12:04:24,154][INFO] Using a random seed 42

[2022-02-05 12:04:24,272][INFO] Unable to initialize backend 'tpu_driver': NOT_FOUND: Unable to find driver in registry given worker: 
[2022-02-05 12:04:24,661][INFO] Unable to initialize backend 'tpu': INVALID_ARGUMENT: TpuPlatform is not available.
[2022-02-05 12:05:52,132][INFO] Found no checkpoint files in outputs/C100_WRN28x5-BN-ReLU/SGD/s42_e200_wd5e-4_2GPU
[2022-02-05 12:06:19,322][INFO] [Epoch   1/200] trn/acc1 6.87e-02, trn/loss 7.88e+00, trn/loss_ce 4.22e+00, trn/loss_wd 7.32e+03, trn/lr 9.97e-03
[2022-02-05 12:06:22,159][INFO] [Epoch   1/200] Validation: val/acc1 0.1178, val/loss_ce 3.8296
[2022-02-05 12:06:36,903][INFO] [Epoch   2/200] trn/acc1 1.66e-01, trn/loss 6.93e+00, trn/loss_ce 3.50e+00, trn/loss_wd 6.86e+03, trn/lr 3.00e-02
[2022-02-05 12:06:48,279][INFO] [Epoch   3/200] trn/acc1 2.55e-01, trn/loss 5.98e+00, trn/loss_ce 2.94e+00, trn/loss_wd 6.07e+03, trn/lr 5.00e-02
[2022-02-05 12:06:59,648][INFO] [Epoch   4/200] trn/acc1 3.27e-01, trn/loss 5.14e+00, trn/loss_ce 2.58e+00, trn/loss_wd 5.11e+03, trn/lr 7.00e-02
[2022-02-05 12:07:11,050][INFO] [Epoch   5/200] trn/acc1 3.82e-01, trn/loss 4.39e+00, trn/loss_ce 2.31e+00, trn/loss_wd 4.16e+03, trn/lr 9.00e-02
[2022-02-05 12:07:22,478][INFO] [Epoch   6/200] trn/acc1 4.32e-01, trn/loss 3.76e+00, trn/loss_ce 2.09e+00, trn/loss_wd 3.34e+03, trn/lr 1.00e-01
[2022-02-05 12:07:33,916][INFO] [Epoch   7/200] trn/acc1 4.73e-01, trn/loss 3.28e+00, trn/loss_ce 1.91e+00, trn/loss_wd 2.75e+03, trn/lr 1.00e-01
[2022-02-05 12:07:45,356][INFO] [Epoch   8/200] trn/acc1 5.03e-01, trn/loss 2.95e+00, trn/loss_ce 1.78e+00, trn/loss_wd 2.35e+03, trn/lr 1.00e-01
[2022-02-05 12:07:56,802][INFO] [Epoch   9/200] trn/acc1 5.28e-01, trn/loss 2.73e+00, trn/loss_ce 1.68e+00, trn/loss_wd 2.09e+03, trn/lr 9.99e-02
[2022-02-05 12:08:08,243][INFO] [Epoch  10/200] trn/acc1 5.50e-01, trn/loss 2.56e+00, trn/loss_ce 1.59e+00, trn/loss_wd 1.92e+03, trn/lr 9.99e-02
[2022-02-05 12:08:19,681][INFO] [Epoch  11/200] trn/acc1 5.67e-01, trn/loss 2.45e+00, trn/loss_ce 1.54e+00, trn/loss_wd 1.83e+03, trn/lr 9.98e-02
[2022-02-05 12:08:31,124][INFO] [Epoch  12/200] trn/acc1 5.82e-01, trn/loss 2.36e+00, trn/loss_ce 1.47e+00, trn/loss_wd 1.78e+03, trn/lr 9.97e-02
[2022-02-05 12:08:42,542][INFO] [Epoch  13/200] trn/acc1 5.89e-01, trn/loss 2.33e+00, trn/loss_ce 1.45e+00, trn/loss_wd 1.76e+03, trn/lr 9.96e-02
[2022-02-05 12:08:53,955][INFO] [Epoch  14/200] trn/acc1 6.04e-01, trn/loss 2.27e+00, trn/loss_ce 1.39e+00, trn/loss_wd 1.75e+03, trn/lr 9.95e-02
[2022-02-05 12:09:05,373][INFO] [Epoch  15/200] trn/acc1 6.13e-01, trn/loss 2.24e+00, trn/loss_ce 1.36e+00, trn/loss_wd 1.76e+03, trn/lr 9.94e-02
[2022-02-05 12:09:16,808][INFO] [Epoch  16/200] trn/acc1 6.20e-01, trn/loss 2.22e+00, trn/loss_ce 1.33e+00, trn/loss_wd 1.78e+03, trn/lr 9.93e-02
[2022-02-05 12:09:28,247][INFO] [Epoch  17/200] trn/acc1 6.27e-01, trn/loss 2.19e+00, trn/loss_ce 1.30e+00, trn/loss_wd 1.79e+03, trn/lr 9.91e-02
[2022-02-05 12:09:39,672][INFO] [Epoch  18/200] trn/acc1 6.33e-01, trn/loss 2.18e+00, trn/loss_ce 1.28e+00, trn/loss_wd 1.81e+03, trn/lr 9.90e-02
[2022-02-05 12:09:51,137][INFO] [Epoch  19/200] trn/acc1 6.39e-01, trn/loss 2.17e+00, trn/loss_ce 1.25e+00, trn/loss_wd 1.84e+03, trn/lr 9.88e-02
[2022-02-05 12:10:02,697][INFO] [Epoch  20/200] trn/acc1 6.46e-01, trn/loss 2.16e+00, trn/loss_ce 1.23e+00, trn/loss_wd 1.86e+03, trn/lr 9.86e-02
[2022-02-05 12:10:03,039][INFO] [Epoch  20/200] Validation: val/acc1 0.5216, val/loss_ce 1.8884
[2022-02-05 12:10:18,164][INFO] [Epoch  21/200] trn/acc1 6.52e-01, trn/loss 2.15e+00, trn/loss_ce 1.21e+00, trn/loss_wd 1.88e+03, trn/lr 9.84e-02
[2022-02-05 12:10:29,597][INFO] [Epoch  22/200] trn/acc1 6.52e-01, trn/loss 2.15e+00, trn/loss_ce 1.20e+00, trn/loss_wd 1.91e+03, trn/lr 9.82e-02
[2022-02-05 12:10:41,033][INFO] [Epoch  23/200] trn/acc1 6.56e-01, trn/loss 2.14e+00, trn/loss_ce 1.18e+00, trn/loss_wd 1.93e+03, trn/lr 9.80e-02
[2022-02-05 12:10:52,464][INFO] [Epoch  24/200] trn/acc1 6.65e-01, trn/loss 2.13e+00, trn/loss_ce 1.16e+00, trn/loss_wd 1.95e+03, trn/lr 9.78e-02
[2022-02-05 12:11:03,891][INFO] [Epoch  25/200] trn/acc1 6.71e-01, trn/loss 2.12e+00, trn/loss_ce 1.14e+00, trn/loss_wd 1.96e+03, trn/lr 9.76e-02
[2022-02-05 12:11:15,342][INFO] [Epoch  26/200] trn/acc1 6.73e-01, trn/loss 2.11e+00, trn/loss_ce 1.13e+00, trn/loss_wd 1.98e+03, trn/lr 9.73e-02
[2022-02-05 12:11:26,804][INFO] [Epoch  27/200] trn/acc1 6.74e-01, trn/loss 2.12e+00, trn/loss_ce 1.12e+00, trn/loss_wd 2.00e+03, trn/lr 9.70e-02
[2022-02-05 12:11:38,277][INFO] [Epoch  28/200] trn/acc1 6.79e-01, trn/loss 2.11e+00, trn/loss_ce 1.11e+00, trn/loss_wd 2.02e+03, trn/lr 9.68e-02
[2022-02-05 12:11:49,743][INFO] [Epoch  29/200] trn/acc1 6.85e-01, trn/loss 2.11e+00, trn/loss_ce 1.09e+00, trn/loss_wd 2.04e+03, trn/lr 9.65e-02
[2022-02-05 12:12:01,196][INFO] [Epoch  30/200] trn/acc1 6.81e-01, trn/loss 2.12e+00, trn/loss_ce 1.09e+00, trn/loss_wd 2.05e+03, trn/lr 9.62e-02
[2022-02-05 12:12:12,676][INFO] [Epoch  31/200] trn/acc1 6.89e-01, trn/loss 2.10e+00, trn/loss_ce 1.07e+00, trn/loss_wd 2.06e+03, trn/lr 9.58e-02
[2022-02-05 12:12:24,124][INFO] [Epoch  32/200] trn/acc1 6.90e-01, trn/loss 2.10e+00, trn/loss_ce 1.06e+00, trn/loss_wd 2.08e+03, trn/lr 9.55e-02
[2022-02-05 12:12:35,563][INFO] [Epoch  33/200] trn/acc1 6.92e-01, trn/loss 2.10e+00, trn/loss_ce 1.06e+00, trn/loss_wd 2.09e+03, trn/lr 9.52e-02
[2022-02-05 12:12:46,999][INFO] [Epoch  34/200] trn/acc1 6.96e-01, trn/loss 2.09e+00, trn/loss_ce 1.04e+00, trn/loss_wd 2.10e+03, trn/lr 9.48e-02
[2022-02-05 12:12:58,461][INFO] [Epoch  35/200] trn/acc1 6.99e-01, trn/loss 2.08e+00, trn/loss_ce 1.03e+00, trn/loss_wd 2.11e+03, trn/lr 9.45e-02
[2022-02-05 12:13:09,937][INFO] [Epoch  36/200] trn/acc1 7.02e-01, trn/loss 2.08e+00, trn/loss_ce 1.02e+00, trn/loss_wd 2.12e+03, trn/lr 9.41e-02
[2022-02-05 12:13:21,409][INFO] [Epoch  37/200] trn/acc1 7.06e-01, trn/loss 2.07e+00, trn/loss_ce 1.01e+00, trn/loss_wd 2.13e+03, trn/lr 9.37e-02
[2022-02-05 12:13:32,854][INFO] [Epoch  38/200] trn/acc1 7.06e-01, trn/loss 2.08e+00, trn/loss_ce 1.00e+00, trn/loss_wd 2.14e+03, trn/lr 9.33e-02
[2022-02-05 12:13:44,284][INFO] [Epoch  39/200] trn/acc1 7.09e-01, trn/loss 2.07e+00, trn/loss_ce 9.92e-01, trn/loss_wd 2.15e+03, trn/lr 9.29e-02
[2022-02-05 12:13:55,711][INFO] [Epoch  40/200] trn/acc1 7.10e-01, trn/loss 2.07e+00, trn/loss_ce 9.91e-01, trn/loss_wd 2.16e+03, trn/lr 9.25e-02
[2022-02-05 12:13:56,046][INFO] [Epoch  40/200] Validation: val/acc1 0.6128, val/loss_ce 1.4574
[2022-02-05 12:14:16,055][INFO] [Epoch  41/200] trn/acc1 7.13e-01, trn/loss 2.06e+00, trn/loss_ce 9.82e-01, trn/loss_wd 2.17e+03, trn/lr 9.20e-02
[2022-02-05 12:14:27,479][INFO] [Epoch  42/200] trn/acc1 7.13e-01, trn/loss 2.07e+00, trn/loss_ce 9.76e-01, trn/loss_wd 2.18e+03, trn/lr 9.16e-02
[2022-02-05 12:14:38,923][INFO] [Epoch  43/200] trn/acc1 7.16e-01, trn/loss 2.06e+00, trn/loss_ce 9.68e-01, trn/loss_wd 2.18e+03, trn/lr 9.11e-02
[2022-02-05 12:14:50,457][INFO] [Epoch  44/200] trn/acc1 7.18e-01, trn/loss 2.05e+00, trn/loss_ce 9.57e-01, trn/loss_wd 2.18e+03, trn/lr 9.07e-02
[2022-02-05 12:15:01,878][INFO] [Epoch  45/200] trn/acc1 7.18e-01, trn/loss 2.05e+00, trn/loss_ce 9.55e-01, trn/loss_wd 2.19e+03, trn/lr 9.02e-02
[2022-02-05 12:15:13,283][INFO] [Epoch  46/200] trn/acc1 7.24e-01, trn/loss 2.04e+00, trn/loss_ce 9.38e-01, trn/loss_wd 2.20e+03, trn/lr 8.97e-02
[2022-02-05 12:15:24,687][INFO] [Epoch  47/200] trn/acc1 7.23e-01, trn/loss 2.03e+00, trn/loss_ce 9.31e-01, trn/loss_wd 2.20e+03, trn/lr 8.92e-02
[2022-02-05 12:15:36,126][INFO] [Epoch  48/200] trn/acc1 7.28e-01, trn/loss 2.02e+00, trn/loss_ce 9.23e-01, trn/loss_wd 2.20e+03, trn/lr 8.87e-02
[2022-02-05 12:15:47,554][INFO] [Epoch  49/200] trn/acc1 7.26e-01, trn/loss 2.03e+00, trn/loss_ce 9.26e-01, trn/loss_wd 2.21e+03, trn/lr 8.82e-02
[2022-02-05 12:15:58,984][INFO] [Epoch  50/200] trn/acc1 7.32e-01, trn/loss 2.01e+00, trn/loss_ce 9.10e-01, trn/loss_wd 2.21e+03, trn/lr 8.77e-02
[2022-02-05 12:16:10,408][INFO] [Epoch  51/200] trn/acc1 7.33e-01, trn/loss 2.01e+00, trn/loss_ce 9.06e-01, trn/loss_wd 2.21e+03, trn/lr 8.72e-02
[2022-02-05 12:16:21,831][INFO] [Epoch  52/200] trn/acc1 7.33e-01, trn/loss 2.01e+00, trn/loss_ce 9.01e-01, trn/loss_wd 2.22e+03, trn/lr 8.66e-02
[2022-02-05 12:16:33,262][INFO] [Epoch  53/200] trn/acc1 7.37e-01, trn/loss 2.00e+00, trn/loss_ce 8.87e-01, trn/loss_wd 2.22e+03, trn/lr 8.61e-02
[2022-02-05 12:16:44,727][INFO] [Epoch  54/200] trn/acc1 7.38e-01, trn/loss 2.00e+00, trn/loss_ce 8.84e-01, trn/loss_wd 2.23e+03, trn/lr 8.55e-02
[2022-02-05 12:16:56,160][INFO] [Epoch  55/200] trn/acc1 7.41e-01, trn/loss 1.99e+00, trn/loss_ce 8.76e-01, trn/loss_wd 2.23e+03, trn/lr 8.49e-02
[2022-02-05 12:17:07,549][INFO] [Epoch  56/200] trn/acc1 7.42e-01, trn/loss 1.98e+00, trn/loss_ce 8.70e-01, trn/loss_wd 2.23e+03, trn/lr 8.43e-02
[2022-02-05 12:17:18,968][INFO] [Epoch  57/200] trn/acc1 7.43e-01, trn/loss 1.98e+00, trn/loss_ce 8.69e-01, trn/loss_wd 2.22e+03, trn/lr 8.38e-02
[2022-02-05 12:17:30,405][INFO] [Epoch  58/200] trn/acc1 7.48e-01, trn/loss 1.97e+00, trn/loss_ce 8.58e-01, trn/loss_wd 2.22e+03, trn/lr 8.32e-02
[2022-02-05 12:17:41,850][INFO] [Epoch  59/200] trn/acc1 7.48e-01, trn/loss 1.97e+00, trn/loss_ce 8.53e-01, trn/loss_wd 2.23e+03, trn/lr 8.25e-02
[2022-02-05 12:17:53,290][INFO] [Epoch  60/200] trn/acc1 7.49e-01, trn/loss 1.96e+00, trn/loss_ce 8.41e-01, trn/loss_wd 2.23e+03, trn/lr 8.19e-02
[2022-02-05 12:17:53,629][INFO] [Epoch  60/200] Validation: val/acc1 0.5686, val/loss_ce 1.7014
[2022-02-05 12:18:05,868][INFO] [Epoch  61/200] trn/acc1 7.51e-01, trn/loss 1.95e+00, trn/loss_ce 8.36e-01, trn/loss_wd 2.23e+03, trn/lr 8.13e-02
[2022-02-05 12:18:17,331][INFO] [Epoch  62/200] trn/acc1 7.54e-01, trn/loss 1.95e+00, trn/loss_ce 8.34e-01, trn/loss_wd 2.24e+03, trn/lr 8.07e-02
[2022-02-05 12:18:28,788][INFO] [Epoch  63/200] trn/acc1 7.55e-01, trn/loss 1.94e+00, trn/loss_ce 8.20e-01, trn/loss_wd 2.24e+03, trn/lr 8.00e-02
[2022-02-05 12:18:40,188][INFO] [Epoch  64/200] trn/acc1 7.55e-01, trn/loss 1.94e+00, trn/loss_ce 8.18e-01, trn/loss_wd 2.24e+03, trn/lr 7.94e-02
[2022-02-05 12:18:51,630][INFO] [Epoch  65/200] trn/acc1 7.57e-01, trn/loss 1.94e+00, trn/loss_ce 8.15e-01, trn/loss_wd 2.25e+03, trn/lr 7.87e-02
[2022-02-05 12:19:03,176][INFO] [Epoch  66/200] trn/acc1 7.63e-01, trn/loss 1.92e+00, trn/loss_ce 8.00e-01, trn/loss_wd 2.24e+03, trn/lr 7.81e-02
[2022-02-05 12:19:14,612][INFO] [Epoch  67/200] trn/acc1 7.61e-01, trn/loss 1.92e+00, trn/loss_ce 7.98e-01, trn/loss_wd 2.24e+03, trn/lr 7.74e-02
[2022-02-05 12:19:26,043][INFO] [Epoch  68/200] trn/acc1 7.69e-01, trn/loss 1.90e+00, trn/loss_ce 7.80e-01, trn/loss_wd 2.24e+03, trn/lr 7.67e-02
[2022-02-05 12:19:37,476][INFO] [Epoch  69/200] trn/acc1 7.68e-01, trn/loss 1.90e+00, trn/loss_ce 7.79e-01, trn/loss_wd 2.24e+03, trn/lr 7.60e-02
[2022-02-05 12:19:48,889][INFO] [Epoch  70/200] trn/acc1 7.70e-01, trn/loss 1.88e+00, trn/loss_ce 7.66e-01, trn/loss_wd 2.24e+03, trn/lr 7.53e-02
[2022-02-05 12:20:00,306][INFO] [Epoch  71/200] trn/acc1 7.72e-01, trn/loss 1.88e+00, trn/loss_ce 7.63e-01, trn/loss_wd 2.24e+03, trn/lr 7.47e-02
[2022-02-05 12:20:11,722][INFO] [Epoch  72/200] trn/acc1 7.75e-01, trn/loss 1.87e+00, trn/loss_ce 7.56e-01, trn/loss_wd 2.23e+03, trn/lr 7.39e-02
[2022-02-05 12:20:23,134][INFO] [Epoch  73/200] trn/acc1 7.76e-01, trn/loss 1.87e+00, trn/loss_ce 7.48e-01, trn/loss_wd 2.24e+03, trn/lr 7.32e-02
[2022-02-05 12:20:34,572][INFO] [Epoch  74/200] trn/acc1 7.77e-01, trn/loss 1.87e+00, trn/loss_ce 7.49e-01, trn/loss_wd 2.24e+03, trn/lr 7.25e-02
[2022-02-05 12:20:46,010][INFO] [Epoch  75/200] trn/acc1 7.80e-01, trn/loss 1.85e+00, trn/loss_ce 7.33e-01, trn/loss_wd 2.23e+03, trn/lr 7.18e-02
[2022-02-05 12:20:57,442][INFO] [Epoch  76/200] trn/acc1 7.83e-01, trn/loss 1.84e+00, trn/loss_ce 7.19e-01, trn/loss_wd 2.23e+03, trn/lr 7.11e-02
[2022-02-05 12:21:08,883][INFO] [Epoch  77/200] trn/acc1 7.84e-01, trn/loss 1.83e+00, trn/loss_ce 7.20e-01, trn/loss_wd 2.23e+03, trn/lr 7.03e-02
[2022-02-05 12:21:20,346][INFO] [Epoch  78/200] trn/acc1 7.88e-01, trn/loss 1.82e+00, trn/loss_ce 7.06e-01, trn/loss_wd 2.22e+03, trn/lr 6.96e-02
[2022-02-05 12:21:31,797][INFO] [Epoch  79/200] trn/acc1 7.90e-01, trn/loss 1.81e+00, trn/loss_ce 6.99e-01, trn/loss_wd 2.22e+03, trn/lr 6.89e-02
[2022-02-05 12:21:43,250][INFO] [Epoch  80/200] trn/acc1 7.89e-01, trn/loss 1.81e+00, trn/loss_ce 6.99e-01, trn/loss_wd 2.22e+03, trn/lr 6.81e-02
[2022-02-05 12:21:43,586][INFO] [Epoch  80/200] Validation: val/acc1 0.6218, val/loss_ce 1.4594
[2022-02-05 12:21:57,539][INFO] [Epoch  81/200] trn/acc1 7.96e-01, trn/loss 1.79e+00, trn/loss_ce 6.79e-01, trn/loss_wd 2.22e+03, trn/lr 6.74e-02
[2022-02-05 12:22:08,948][INFO] [Epoch  82/200] trn/acc1 7.97e-01, trn/loss 1.78e+00, trn/loss_ce 6.78e-01, trn/loss_wd 2.21e+03, trn/lr 6.66e-02
[2022-02-05 12:22:20,379][INFO] [Epoch  83/200] trn/acc1 7.97e-01, trn/loss 1.78e+00, trn/loss_ce 6.75e-01, trn/loss_wd 2.21e+03, trn/lr 6.58e-02
[2022-02-05 12:22:31,824][INFO] [Epoch  84/200] trn/acc1 8.01e-01, trn/loss 1.77e+00, trn/loss_ce 6.63e-01, trn/loss_wd 2.21e+03, trn/lr 6.51e-02
[2022-02-05 12:22:43,282][INFO] [Epoch  85/200] trn/acc1 8.05e-01, trn/loss 1.74e+00, trn/loss_ce 6.42e-01, trn/loss_wd 2.20e+03, trn/lr 6.43e-02
[2022-02-05 12:22:54,742][INFO] [Epoch  86/200] trn/acc1 8.00e-01, trn/loss 1.76e+00, trn/loss_ce 6.60e-01, trn/loss_wd 2.20e+03, trn/lr 6.35e-02
[2022-02-05 12:23:06,177][INFO] [Epoch  87/200] trn/acc1 8.11e-01, trn/loss 1.73e+00, trn/loss_ce 6.30e-01, trn/loss_wd 2.20e+03, trn/lr 6.27e-02
[2022-02-05 12:23:17,630][INFO] [Epoch  88/200] trn/acc1 8.15e-01, trn/loss 1.72e+00, trn/loss_ce 6.22e-01, trn/loss_wd 2.19e+03, trn/lr 6.20e-02
[2022-02-05 12:23:29,201][INFO] [Epoch  89/200] trn/acc1 8.11e-01, trn/loss 1.72e+00, trn/loss_ce 6.23e-01, trn/loss_wd 2.19e+03, trn/lr 6.12e-02
[2022-02-05 12:23:40,642][INFO] [Epoch  90/200] trn/acc1 8.19e-01, trn/loss 1.69e+00, trn/loss_ce 6.02e-01, trn/loss_wd 2.18e+03, trn/lr 6.04e-02
[2022-02-05 12:23:52,079][INFO] [Epoch  91/200] trn/acc1 8.20e-01, trn/loss 1.68e+00, trn/loss_ce 5.94e-01, trn/loss_wd 2.18e+03, trn/lr 5.96e-02
[2022-02-05 12:24:03,510][INFO] [Epoch  92/200] trn/acc1 8.18e-01, trn/loss 1.69e+00, trn/loss_ce 5.99e-01, trn/loss_wd 2.18e+03, trn/lr 5.88e-02
[2022-02-05 12:24:14,971][INFO] [Epoch  93/200] trn/acc1 8.24e-01, trn/loss 1.66e+00, trn/loss_ce 5.77e-01, trn/loss_wd 2.17e+03, trn/lr 5.80e-02
[2022-02-05 12:24:26,446][INFO] [Epoch  94/200] trn/acc1 8.24e-01, trn/loss 1.66e+00, trn/loss_ce 5.83e-01, trn/loss_wd 2.16e+03, trn/lr 5.72e-02
[2022-02-05 12:24:37,917][INFO] [Epoch  95/200] trn/acc1 8.29e-01, trn/loss 1.64e+00, trn/loss_ce 5.64e-01, trn/loss_wd 2.15e+03, trn/lr 5.64e-02
[2022-02-05 12:24:49,377][INFO] [Epoch  96/200] trn/acc1 8.32e-01, trn/loss 1.63e+00, trn/loss_ce 5.53e-01, trn/loss_wd 2.15e+03, trn/lr 5.56e-02
[2022-02-05 12:25:00,840][INFO] [Epoch  97/200] trn/acc1 8.35e-01, trn/loss 1.62e+00, trn/loss_ce 5.44e-01, trn/loss_wd 2.15e+03, trn/lr 5.48e-02
[2022-02-05 12:25:12,284][INFO] [Epoch  98/200] trn/acc1 8.35e-01, trn/loss 1.61e+00, trn/loss_ce 5.39e-01, trn/loss_wd 2.14e+03, trn/lr 5.40e-02
[2022-02-05 12:25:23,697][INFO] [Epoch  99/200] trn/acc1 8.39e-01, trn/loss 1.59e+00, trn/loss_ce 5.28e-01, trn/loss_wd 2.13e+03, trn/lr 5.32e-02
[2022-02-05 12:25:35,112][INFO] [Epoch 100/200] trn/acc1 8.44e-01, trn/loss 1.57e+00, trn/loss_ce 5.09e-01, trn/loss_wd 2.12e+03, trn/lr 5.24e-02
[2022-02-05 12:25:35,448][INFO] [Epoch 100/200] Validation: val/acc1 0.6642, val/loss_ce 1.3256
[2022-02-05 12:25:49,659][INFO] [Epoch 101/200] trn/acc1 8.45e-01, trn/loss 1.57e+00, trn/loss_ce 5.10e-01, trn/loss_wd 2.11e+03, trn/lr 5.16e-02
[2022-02-05 12:26:01,074][INFO] [Epoch 102/200] trn/acc1 8.48e-01, trn/loss 1.55e+00, trn/loss_ce 4.99e-01, trn/loss_wd 2.11e+03, trn/lr 5.08e-02
[2022-02-05 12:26:12,504][INFO] [Epoch 103/200] trn/acc1 8.47e-01, trn/loss 1.55e+00, trn/loss_ce 5.01e-01, trn/loss_wd 2.10e+03, trn/lr 5.00e-02
[2022-02-05 12:26:23,939][INFO] [Epoch 104/200] trn/acc1 8.53e-01, trn/loss 1.53e+00, trn/loss_ce 4.83e-01, trn/loss_wd 2.09e+03, trn/lr 4.92e-02
[2022-02-05 12:26:35,386][INFO] [Epoch 105/200] trn/acc1 8.59e-01, trn/loss 1.51e+00, trn/loss_ce 4.67e-01, trn/loss_wd 2.08e+03, trn/lr 4.84e-02
[2022-02-05 12:26:46,842][INFO] [Epoch 106/200] trn/acc1 8.60e-01, trn/loss 1.49e+00, trn/loss_ce 4.57e-01, trn/loss_wd 2.07e+03, trn/lr 4.76e-02
[2022-02-05 12:26:58,240][INFO] [Epoch 107/200] trn/acc1 8.63e-01, trn/loss 1.48e+00, trn/loss_ce 4.53e-01, trn/loss_wd 2.06e+03, trn/lr 4.68e-02
[2022-02-05 12:27:09,635][INFO] [Epoch 108/200] trn/acc1 8.62e-01, trn/loss 1.48e+00, trn/loss_ce 4.52e-01, trn/loss_wd 2.05e+03, trn/lr 4.60e-02
[2022-02-05 12:27:21,071][INFO] [Epoch 109/200] trn/acc1 8.71e-01, trn/loss 1.44e+00, trn/loss_ce 4.22e-01, trn/loss_wd 2.04e+03, trn/lr 4.52e-02
[2022-02-05 12:27:32,508][INFO] [Epoch 110/200] trn/acc1 8.74e-01, trn/loss 1.43e+00, trn/loss_ce 4.14e-01, trn/loss_wd 2.03e+03, trn/lr 4.44e-02
[2022-02-05 12:27:44,045][INFO] [Epoch 111/200] trn/acc1 8.75e-01, trn/loss 1.42e+00, trn/loss_ce 4.13e-01, trn/loss_wd 2.01e+03, trn/lr 4.36e-02
[2022-02-05 12:27:55,468][INFO] [Epoch 112/200] trn/acc1 8.80e-01, trn/loss 1.39e+00, trn/loss_ce 3.95e-01, trn/loss_wd 2.00e+03, trn/lr 4.28e-02
[2022-02-05 12:28:06,885][INFO] [Epoch 113/200] trn/acc1 8.81e-01, trn/loss 1.38e+00, trn/loss_ce 3.92e-01, trn/loss_wd 1.98e+03, trn/lr 4.20e-02
[2022-02-05 12:28:18,325][INFO] [Epoch 114/200] trn/acc1 8.86e-01, trn/loss 1.36e+00, trn/loss_ce 3.78e-01, trn/loss_wd 1.97e+03, trn/lr 4.12e-02
[2022-02-05 12:28:29,788][INFO] [Epoch 115/200] trn/acc1 8.86e-01, trn/loss 1.35e+00, trn/loss_ce 3.71e-01, trn/loss_wd 1.96e+03, trn/lr 4.04e-02
[2022-02-05 12:28:41,207][INFO] [Epoch 116/200] trn/acc1 8.90e-01, trn/loss 1.33e+00, trn/loss_ce 3.59e-01, trn/loss_wd 1.95e+03, trn/lr 3.96e-02
[2022-02-05 12:28:52,607][INFO] [Epoch 117/200] trn/acc1 8.90e-01, trn/loss 1.33e+00, trn/loss_ce 3.59e-01, trn/loss_wd 1.93e+03, trn/lr 3.88e-02
[2022-02-05 12:29:04,023][INFO] [Epoch 118/200] trn/acc1 8.98e-01, trn/loss 1.30e+00, trn/loss_ce 3.40e-01, trn/loss_wd 1.92e+03, trn/lr 3.80e-02
[2022-02-05 12:29:15,447][INFO] [Epoch 119/200] trn/acc1 8.99e-01, trn/loss 1.29e+00, trn/loss_ce 3.36e-01, trn/loss_wd 1.90e+03, trn/lr 3.73e-02
[2022-02-05 12:29:26,877][INFO] [Epoch 120/200] trn/acc1 9.04e-01, trn/loss 1.26e+00, trn/loss_ce 3.18e-01, trn/loss_wd 1.88e+03, trn/lr 3.65e-02
[2022-02-05 12:29:27,218][INFO] [Epoch 120/200] Validation: val/acc1 0.6586, val/loss_ce 1.4992
[2022-02-05 12:29:43,705][INFO] [Epoch 121/200] trn/acc1 9.08e-01, trn/loss 1.24e+00, trn/loss_ce 3.08e-01, trn/loss_wd 1.86e+03, trn/lr 3.57e-02
[2022-02-05 12:29:55,142][INFO] [Epoch 122/200] trn/acc1 9.11e-01, trn/loss 1.22e+00, trn/loss_ce 2.98e-01, trn/loss_wd 1.85e+03, trn/lr 3.49e-02
[2022-02-05 12:30:06,591][INFO] [Epoch 123/200] trn/acc1 9.09e-01, trn/loss 1.22e+00, trn/loss_ce 3.04e-01, trn/loss_wd 1.83e+03, trn/lr 3.42e-02
[2022-02-05 12:30:17,979][INFO] [Epoch 124/200] trn/acc1 9.14e-01, trn/loss 1.19e+00, trn/loss_ce 2.84e-01, trn/loss_wd 1.81e+03, trn/lr 3.34e-02
[2022-02-05 12:30:29,359][INFO] [Epoch 125/200] trn/acc1 9.19e-01, trn/loss 1.16e+00, trn/loss_ce 2.69e-01, trn/loss_wd 1.78e+03, trn/lr 3.26e-02
[2022-02-05 12:30:40,774][INFO] [Epoch 126/200] trn/acc1 9.23e-01, trn/loss 1.14e+00, trn/loss_ce 2.58e-01, trn/loss_wd 1.76e+03, trn/lr 3.19e-02
[2022-02-05 12:30:52,206][INFO] [Epoch 127/200] trn/acc1 9.25e-01, trn/loss 1.12e+00, trn/loss_ce 2.53e-01, trn/loss_wd 1.74e+03, trn/lr 3.11e-02
[2022-02-05 12:31:03,616][INFO] [Epoch 128/200] trn/acc1 9.29e-01, trn/loss 1.10e+00, trn/loss_ce 2.41e-01, trn/loss_wd 1.72e+03, trn/lr 3.04e-02
[2022-02-05 12:31:15,025][INFO] [Epoch 129/200] trn/acc1 9.29e-01, trn/loss 1.09e+00, trn/loss_ce 2.42e-01, trn/loss_wd 1.70e+03, trn/lr 2.97e-02
[2022-02-05 12:31:26,469][INFO] [Epoch 130/200] trn/acc1 9.32e-01, trn/loss 1.07e+00, trn/loss_ce 2.34e-01, trn/loss_wd 1.68e+03, trn/lr 2.89e-02
[2022-02-05 12:31:37,908][INFO] [Epoch 131/200] trn/acc1 9.40e-01, trn/loss 1.04e+00, trn/loss_ce 2.08e-01, trn/loss_wd 1.65e+03, trn/lr 2.82e-02
[2022-02-05 12:31:49,467][INFO] [Epoch 132/200] trn/acc1 9.41e-01, trn/loss 1.02e+00, trn/loss_ce 2.04e-01, trn/loss_wd 1.63e+03, trn/lr 2.75e-02
[2022-02-05 12:32:00,897][INFO] [Epoch 133/200] trn/acc1 9.40e-01, trn/loss 1.01e+00, trn/loss_ce 2.06e-01, trn/loss_wd 1.60e+03, trn/lr 2.68e-02
[2022-02-05 12:32:12,317][INFO] [Epoch 134/200] trn/acc1 9.44e-01, trn/loss 9.90e-01, trn/loss_ce 1.98e-01, trn/loss_wd 1.58e+03, trn/lr 2.61e-02
[2022-02-05 12:32:23,745][INFO] [Epoch 135/200] trn/acc1 9.50e-01, trn/loss 9.58e-01, trn/loss_ce 1.78e-01, trn/loss_wd 1.56e+03, trn/lr 2.54e-02
[2022-02-05 12:32:35,169][INFO] [Epoch 136/200] trn/acc1 9.51e-01, trn/loss 9.41e-01, trn/loss_ce 1.75e-01, trn/loss_wd 1.53e+03, trn/lr 2.47e-02
[2022-02-05 12:32:46,586][INFO] [Epoch 137/200] trn/acc1 9.52e-01, trn/loss 9.24e-01, trn/loss_ce 1.71e-01, trn/loss_wd 1.51e+03, trn/lr 2.40e-02
[2022-02-05 12:32:58,016][INFO] [Epoch 138/200] trn/acc1 9.59e-01, trn/loss 8.94e-01, trn/loss_ce 1.53e-01, trn/loss_wd 1.48e+03, trn/lr 2.33e-02
[2022-02-05 12:33:09,462][INFO] [Epoch 139/200] trn/acc1 9.59e-01, trn/loss 8.78e-01, trn/loss_ce 1.50e-01, trn/loss_wd 1.46e+03, trn/lr 2.26e-02
[2022-02-05 12:33:20,895][INFO] [Epoch 140/200] trn/acc1 9.62e-01, trn/loss 8.56e-01, trn/loss_ce 1.42e-01, trn/loss_wd 1.43e+03, trn/lr 2.19e-02
[2022-02-05 12:33:21,236][INFO] [Epoch 140/200] Validation: val/acc1 0.7026, val/loss_ce 1.2489
[2022-02-05 12:33:36,992][INFO] [Epoch 141/200] trn/acc1 9.68e-01, trn/loss 8.24e-01, trn/loss_ce 1.24e-01, trn/loss_wd 1.40e+03, trn/lr 2.13e-02
[2022-02-05 12:33:48,390][INFO] [Epoch 142/200] trn/acc1 9.69e-01, trn/loss 8.01e-01, trn/loss_ce 1.17e-01, trn/loss_wd 1.37e+03, trn/lr 2.06e-02
[2022-02-05 12:33:59,788][INFO] [Epoch 143/200] trn/acc1 9.71e-01, trn/loss 7.85e-01, trn/loss_ce 1.16e-01, trn/loss_wd 1.34e+03, trn/lr 2.00e-02
[2022-02-05 12:34:11,200][INFO] [Epoch 144/200] trn/acc1 9.71e-01, trn/loss 7.73e-01, trn/loss_ce 1.17e-01, trn/loss_wd 1.31e+03, trn/lr 1.93e-02
[2022-02-05 12:34:22,636][INFO] [Epoch 145/200] trn/acc1 9.75e-01, trn/loss 7.45e-01, trn/loss_ce 1.01e-01, trn/loss_wd 1.29e+03, trn/lr 1.87e-02
[2022-02-05 12:34:34,075][INFO] [Epoch 146/200] trn/acc1 9.79e-01, trn/loss 7.18e-01, trn/loss_ce 8.93e-02, trn/loss_wd 1.26e+03, trn/lr 1.81e-02
[2022-02-05 12:34:45,525][INFO] [Epoch 147/200] trn/acc1 9.79e-01, trn/loss 7.01e-01, trn/loss_ce 8.74e-02, trn/loss_wd 1.23e+03, trn/lr 1.75e-02
[2022-02-05 12:34:56,972][INFO] [Epoch 148/200] trn/acc1 9.83e-01, trn/loss 6.76e-01, trn/loss_ce 7.70e-02, trn/loss_wd 1.20e+03, trn/lr 1.68e-02
[2022-02-05 12:35:08,438][INFO] [Epoch 149/200] trn/acc1 9.85e-01, trn/loss 6.51e-01, trn/loss_ce 6.84e-02, trn/loss_wd 1.17e+03, trn/lr 1.62e-02
[2022-02-05 12:35:19,840][INFO] [Epoch 150/200] trn/acc1 9.86e-01, trn/loss 6.34e-01, trn/loss_ce 6.51e-02, trn/loss_wd 1.14e+03, trn/lr 1.57e-02
[2022-02-05 12:35:31,249][INFO] [Epoch 151/200] trn/acc1 9.88e-01, trn/loss 6.12e-01, trn/loss_ce 5.78e-02, trn/loss_wd 1.11e+03, trn/lr 1.51e-02
[2022-02-05 12:35:42,693][INFO] [Epoch 152/200] trn/acc1 9.91e-01, trn/loss 5.88e-01, trn/loss_ce 4.95e-02, trn/loss_wd 1.08e+03, trn/lr 1.45e-02
[2022-02-05 12:35:54,110][INFO] [Epoch 153/200] trn/acc1 9.92e-01, trn/loss 5.70e-01, trn/loss_ce 4.57e-02, trn/loss_wd 1.05e+03, trn/lr 1.39e-02
[2022-02-05 12:36:05,620][INFO] [Epoch 154/200] trn/acc1 9.92e-01, trn/loss 5.55e-01, trn/loss_ce 4.52e-02, trn/loss_wd 1.02e+03, trn/lr 1.34e-02
[2022-02-05 12:36:17,047][INFO] [Epoch 155/200] trn/acc1 9.94e-01, trn/loss 5.34e-01, trn/loss_ce 3.71e-02, trn/loss_wd 9.93e+02, trn/lr 1.28e-02
[2022-02-05 12:36:28,497][INFO] [Epoch 156/200] trn/acc1 9.95e-01, trn/loss 5.16e-01, trn/loss_ce 3.31e-02, trn/loss_wd 9.65e+02, trn/lr 1.23e-02
[2022-02-05 12:36:39,940][INFO] [Epoch 157/200] trn/acc1 9.95e-01, trn/loss 5.00e-01, trn/loss_ce 3.00e-02, trn/loss_wd 9.39e+02, trn/lr 1.18e-02
[2022-02-05 12:36:51,351][INFO] [Epoch 158/200] trn/acc1 9.97e-01, trn/loss 4.83e-01, trn/loss_ce 2.61e-02, trn/loss_wd 9.14e+02, trn/lr 1.13e-02
[2022-02-05 12:37:02,732][INFO] [Epoch 159/200] trn/acc1 9.97e-01, trn/loss 4.66e-01, trn/loss_ce 2.16e-02, trn/loss_wd 8.88e+02, trn/lr 1.08e-02
[2022-02-05 12:37:14,131][INFO] [Epoch 160/200] trn/acc1 9.98e-01, trn/loss 4.51e-01, trn/loss_ce 1.92e-02, trn/loss_wd 8.64e+02, trn/lr 1.03e-02
[2022-02-05 12:37:14,472][INFO] [Epoch 160/200] Validation: val/acc1 0.7746, val/loss_ce 0.9407
[2022-02-05 12:37:30,997][INFO] [Epoch 161/200] trn/acc1 9.99e-01, trn/loss 4.37e-01, trn/loss_ce 1.64e-02, trn/loss_wd 8.41e+02, trn/lr 9.79e-03
[2022-02-05 12:37:42,423][INFO] [Epoch 162/200] trn/acc1 9.98e-01, trn/loss 4.27e-01, trn/loss_ce 1.71e-02, trn/loss_wd 8.19e+02, trn/lr 9.31e-03
[2022-02-05 12:37:53,848][INFO] [Epoch 163/200] trn/acc1 9.99e-01, trn/loss 4.13e-01, trn/loss_ce 1.36e-02, trn/loss_wd 7.99e+02, trn/lr 8.85e-03
[2022-02-05 12:38:05,262][INFO] [Epoch 164/200] trn/acc1 9.99e-01, trn/loss 4.03e-01, trn/loss_ce 1.33e-02, trn/loss_wd 7.80e+02, trn/lr 8.40e-03
[2022-02-05 12:38:16,710][INFO] [Epoch 165/200] trn/acc1 9.99e-01, trn/loss 3.93e-01, trn/loss_ce 1.22e-02, trn/loss_wd 7.62e+02, trn/lr 7.96e-03
[2022-02-05 12:38:28,172][INFO] [Epoch 166/200] trn/acc1 1.00e+00, trn/loss 3.82e-01, trn/loss_ce 9.95e-03, trn/loss_wd 7.45e+02, trn/lr 7.53e-03
[2022-02-05 12:38:39,557][INFO] [Epoch 167/200] trn/acc1 9.99e-01, trn/loss 3.75e-01, trn/loss_ce 1.05e-02, trn/loss_wd 7.29e+02, trn/lr 7.11e-03
[2022-02-05 12:38:50,965][INFO] [Epoch 168/200] trn/acc1 1.00e+00, trn/loss 3.67e-01, trn/loss_ce 9.86e-03, trn/loss_wd 7.14e+02, trn/lr 6.70e-03
[2022-02-05 12:39:02,390][INFO] [Epoch 169/200] trn/acc1 1.00e+00, trn/loss 3.60e-01, trn/loss_ce 9.25e-03, trn/loss_wd 7.01e+02, trn/lr 6.30e-03
[2022-02-05 12:39:13,830][INFO] [Epoch 170/200] trn/acc1 1.00e+00, trn/loss 3.53e-01, trn/loss_ce 8.94e-03, trn/loss_wd 6.88e+02, trn/lr 5.92e-03
[2022-02-05 12:39:25,251][INFO] [Epoch 171/200] trn/acc1 1.00e+00, trn/loss 3.47e-01, trn/loss_ce 8.90e-03, trn/loss_wd 6.77e+02, trn/lr 5.54e-03
[2022-02-05 12:39:36,674][INFO] [Epoch 172/200] trn/acc1 1.00e+00, trn/loss 3.42e-01, trn/loss_ce 9.10e-03, trn/loss_wd 6.66e+02, trn/lr 5.18e-03
[2022-02-05 12:39:48,095][INFO] [Epoch 173/200] trn/acc1 1.00e+00, trn/loss 3.37e-01, trn/loss_ce 8.95e-03, trn/loss_wd 6.57e+02, trn/lr 4.83e-03
[2022-02-05 12:39:59,523][INFO] [Epoch 174/200] trn/acc1 1.00e+00, trn/loss 3.32e-01, trn/loss_ce 8.53e-03, trn/loss_wd 6.48e+02, trn/lr 4.49e-03
[2022-02-05 12:40:11,087][INFO] [Epoch 175/200] trn/acc1 1.00e+00, trn/loss 3.28e-01, trn/loss_ce 8.59e-03, trn/loss_wd 6.40e+02, trn/lr 4.16e-03
[2022-02-05 12:40:22,514][INFO] [Epoch 176/200] trn/acc1 1.00e+00, trn/loss 3.24e-01, trn/loss_ce 8.26e-03, trn/loss_wd 6.32e+02, trn/lr 3.85e-03
[2022-02-05 12:40:33,947][INFO] [Epoch 177/200] trn/acc1 1.00e+00, trn/loss 3.21e-01, trn/loss_ce 8.04e-03, trn/loss_wd 6.25e+02, trn/lr 3.54e-03
[2022-02-05 12:40:45,399][INFO] [Epoch 178/200] trn/acc1 1.00e+00, trn/loss 3.18e-01, trn/loss_ce 7.94e-03, trn/loss_wd 6.19e+02, trn/lr 3.25e-03
[2022-02-05 12:40:56,862][INFO] [Epoch 179/200] trn/acc1 1.00e+00, trn/loss 3.15e-01, trn/loss_ce 8.25e-03, trn/loss_wd 6.14e+02, trn/lr 2.97e-03
[2022-02-05 12:41:08,297][INFO] [Epoch 180/200] trn/acc1 1.00e+00, trn/loss 3.12e-01, trn/loss_ce 8.12e-03, trn/loss_wd 6.09e+02, trn/lr 2.70e-03
[2022-02-05 12:41:08,638][INFO] [Epoch 180/200] Validation: val/acc1 0.7890, val/loss_ce 0.8655
[2022-02-05 12:41:23,792][INFO] [Epoch 181/200] trn/acc1 1.00e+00, trn/loss 3.11e-01, trn/loss_ce 8.43e-03, trn/loss_wd 6.04e+02, trn/lr 2.45e-03
[2022-02-05 12:41:24,129][INFO] [Epoch 181/200] Validation: val/acc1 0.7882, val/loss_ce 0.8655
[2022-02-05 12:41:36,371][INFO] [Epoch 182/200] trn/acc1 1.00e+00, trn/loss 3.08e-01, trn/loss_ce 8.24e-03, trn/loss_wd 6.00e+02, trn/lr 2.21e-03
[2022-02-05 12:41:36,707][INFO] [Epoch 182/200] Validation: val/acc1 0.7916, val/loss_ce 0.8660
[2022-02-05 12:41:50,280][INFO] [Epoch 183/200] trn/acc1 1.00e+00, trn/loss 3.06e-01, trn/loss_ce 7.97e-03, trn/loss_wd 5.97e+02, trn/lr 1.97e-03
[2022-02-05 12:41:50,617][INFO] [Epoch 183/200] Validation: val/acc1 0.7876, val/loss_ce 0.8697
[2022-02-05 12:42:02,839][INFO] [Epoch 184/200] trn/acc1 1.00e+00, trn/loss 3.04e-01, trn/loss_ce 7.75e-03, trn/loss_wd 5.93e+02, trn/lr 1.76e-03
[2022-02-05 12:42:03,180][INFO] [Epoch 184/200] Validation: val/acc1 0.7896, val/loss_ce 0.8680
[2022-02-05 12:42:15,368][INFO] [Epoch 185/200] trn/acc1 1.00e+00, trn/loss 3.03e-01, trn/loss_ce 7.99e-03, trn/loss_wd 5.91e+02, trn/lr 1.55e-03
[2022-02-05 12:42:15,710][INFO] [Epoch 185/200] Validation: val/acc1 0.7898, val/loss_ce 0.8634
[2022-02-05 12:42:29,210][INFO] [Epoch 186/200] trn/acc1 1.00e+00, trn/loss 3.02e-01, trn/loss_ce 7.72e-03, trn/loss_wd 5.88e+02, trn/lr 1.36e-03
[2022-02-05 12:42:29,549][INFO] [Epoch 186/200] Validation: val/acc1 0.7894, val/loss_ce 0.8686
[2022-02-05 12:42:41,960][INFO] [Epoch 187/200] trn/acc1 1.00e+00, trn/loss 3.01e-01, trn/loss_ce 7.71e-03, trn/loss_wd 5.86e+02, trn/lr 1.18e-03
[2022-02-05 12:42:42,297][INFO] [Epoch 187/200] Validation: val/acc1 0.7880, val/loss_ce 0.8637
[2022-02-05 12:42:54,508][INFO] [Epoch 188/200] trn/acc1 1.00e+00, trn/loss 3.00e-01, trn/loss_ce 7.82e-03, trn/loss_wd 5.84e+02, trn/lr 1.01e-03
[2022-02-05 12:42:54,850][INFO] [Epoch 188/200] Validation: val/acc1 0.7888, val/loss_ce 0.8672
[2022-02-05 12:43:07,089][INFO] [Epoch 189/200] trn/acc1 1.00e+00, trn/loss 2.99e-01, trn/loss_ce 7.74e-03, trn/loss_wd 5.82e+02, trn/lr 8.56e-04
[2022-02-05 12:43:07,430][INFO] [Epoch 189/200] Validation: val/acc1 0.7888, val/loss_ce 0.8648
[2022-02-05 12:43:20,533][INFO] [Epoch 190/200] trn/acc1 1.00e+00, trn/loss 2.98e-01, trn/loss_ce 7.79e-03, trn/loss_wd 5.81e+02, trn/lr 7.14e-04
[2022-02-05 12:43:20,870][INFO] [Epoch 190/200] Validation: val/acc1 0.7856, val/loss_ce 0.8679
[2022-02-05 12:43:33,707][INFO] [Epoch 191/200] trn/acc1 1.00e+00, trn/loss 2.98e-01, trn/loss_ce 7.72e-03, trn/loss_wd 5.80e+02, trn/lr 5.85e-04
[2022-02-05 12:43:34,046][INFO] [Epoch 191/200] Validation: val/acc1 0.7900, val/loss_ce 0.8632
[2022-02-05 12:43:47,637][INFO] [Epoch 192/200] trn/acc1 1.00e+00, trn/loss 2.97e-01, trn/loss_ce 7.49e-03, trn/loss_wd 5.79e+02, trn/lr 4.69e-04
[2022-02-05 12:43:47,975][INFO] [Epoch 192/200] Validation: val/acc1 0.7862, val/loss_ce 0.8659
[2022-02-05 12:44:00,153][INFO] [Epoch 193/200] trn/acc1 1.00e+00, trn/loss 2.97e-01, trn/loss_ce 7.41e-03, trn/loss_wd 5.78e+02, trn/lr 3.65e-04
[2022-02-05 12:44:00,489][INFO] [Epoch 193/200] Validation: val/acc1 0.7874, val/loss_ce 0.8659
[2022-02-05 12:44:12,668][INFO] [Epoch 194/200] trn/acc1 1.00e+00, trn/loss 2.97e-01, trn/loss_ce 7.70e-03, trn/loss_wd 5.78e+02, trn/lr 2.75e-04
[2022-02-05 12:44:13,006][INFO] [Epoch 194/200] Validation: val/acc1 0.7882, val/loss_ce 0.8649
[2022-02-05 12:44:25,240][INFO] [Epoch 195/200] trn/acc1 1.00e+00, trn/loss 2.96e-01, trn/loss_ce 7.52e-03, trn/loss_wd 5.78e+02, trn/lr 1.97e-04
[2022-02-05 12:44:25,577][INFO] [Epoch 195/200] Validation: val/acc1 0.7902, val/loss_ce 0.8628
[2022-02-05 12:44:39,839][INFO] [Epoch 196/200] trn/acc1 1.00e+00, trn/loss 2.96e-01, trn/loss_ce 7.42e-03, trn/loss_wd 5.77e+02, trn/lr 1.32e-04
[2022-02-05 12:44:40,180][INFO] [Epoch 196/200] Validation: val/acc1 0.7880, val/loss_ce 0.8627
[2022-02-05 12:44:53,378][INFO] [Epoch 197/200] trn/acc1 1.00e+00, trn/loss 2.96e-01, trn/loss_ce 7.71e-03, trn/loss_wd 5.77e+02, trn/lr 8.01e-05
[2022-02-05 12:44:53,713][INFO] [Epoch 197/200] Validation: val/acc1 0.7880, val/loss_ce 0.8645
[2022-02-05 12:45:05,943][INFO] [Epoch 198/200] trn/acc1 1.00e+00, trn/loss 2.96e-01, trn/loss_ce 7.54e-03, trn/loss_wd 5.77e+02, trn/lr 4.11e-05
[2022-02-05 12:45:06,281][INFO] [Epoch 198/200] Validation: val/acc1 0.7882, val/loss_ce 0.8662
[2022-02-05 12:45:19,141][INFO] [Epoch 199/200] trn/acc1 1.00e+00, trn/loss 2.96e-01, trn/loss_ce 7.36e-03, trn/loss_wd 5.77e+02, trn/lr 1.52e-05
[2022-02-05 12:45:19,480][INFO] [Epoch 199/200] Validation: val/acc1 0.7874, val/loss_ce 0.8660
[2022-02-05 12:45:32,083][INFO] [Epoch 200/200] trn/acc1 1.00e+00, trn/loss 2.96e-01, trn/loss_ce 7.59e-03, trn/loss_wd 5.77e+02, trn/lr 2.17e-06
[2022-02-05 12:45:32,419][INFO] [Epoch 200/200] Validation: val/acc1 0.7876, val/loss_ce 0.8676
