[2022-03-20 10:13:22,494][INFO] Environments:
------------  ---------------------------------------------------------------------------
sys.platform  linux
Python        3.7.11 (default, Nov 23 2021, 05:29:02) [GCC 7.5.0]
JAX           0.2.27 @/mnt/data1/giung/venvs/jax0.2.27/lib/python3.7/site-packages/jax
jaxlib        0.1.75 @/mnt/data1/giung/venvs/jax0.2.27/lib/python3.7/site-packages/jaxlib
Flax          0.4.0 @/mnt/data1/giung/venvs/jax0.2.27/lib/python3.7/site-packages/flax
Optax         0.1.0 @/mnt/data1/giung/venvs/jax0.2.27/lib/python3.7/site-packages/optax
------------  ---------------------------------------------------------------------------

[2022-03-20 10:13:22,494][INFO] Command line arguments:
Namespace(batch_size=128, config_file='./configs/C100_VGG11-ReLU.yaml', keep_every_n_checkpoints=None, learning_rate=0.1, num_epochs=200, num_warmup_epochs=5, opts=['DATASETS.ROOT', '/home/vessl/datasets/'], output_dir='/home/vessl/Baseline-CIFAR/outputs/C100_VGG11-ReLU/SGD/s42_e200_wd5e-4_lr1e-1/', seed=42, weight_decay=0.0005)

[2022-03-20 10:13:22,494][INFO] Using a random seed 42

[2022-03-20 10:13:22,550][INFO] Unable to initialize backend 'tpu_driver': NOT_FOUND: Unable to find driver in registry given worker: 
[2022-03-20 10:13:22,750][INFO] Unable to initialize backend 'tpu': INVALID_ARGUMENT: TpuPlatform is not available.
[2022-03-20 10:13:25,411][INFO] Found no checkpoint files in /home/vessl/Baseline-CIFAR/outputs/C100_VGG11-ReLU/SGD/s42_e200_wd5e-4_lr1e-1
[2022-03-20 10:13:35,747][INFO] [Epoch   1/200] trn/acc1 7.35e-02, trn/loss 5.57e+00, trn/loss_ce 4.16e+00, trn/loss_wd 2.83e+03, trn/lr 9.97e-03
[2022-03-20 10:13:36,893][INFO] [Epoch   1/200] Validation: val/acc1 0.1272, val/loss_ce 3.7993
[2022-03-20 10:13:39,686][INFO] [Epoch   2/200] trn/acc1 1.63e-01, trn/loss 4.86e+00, trn/loss_ce 3.51e+00, trn/loss_wd 2.70e+03, trn/lr 3.00e-02
[2022-03-20 10:13:42,240][INFO] [Epoch   3/200] trn/acc1 2.17e-01, trn/loss 4.46e+00, trn/loss_ce 3.20e+00, trn/loss_wd 2.51e+03, trn/lr 5.00e-02
[2022-03-20 10:13:44,792][INFO] [Epoch   4/200] trn/acc1 2.48e-01, trn/loss 4.23e+00, trn/loss_ce 3.06e+00, trn/loss_wd 2.34e+03, trn/lr 7.00e-02
[2022-03-20 10:13:47,344][INFO] [Epoch   5/200] trn/acc1 2.53e-01, trn/loss 4.17e+00, trn/loss_ce 3.04e+00, trn/loss_wd 2.27e+03, trn/lr 9.00e-02
[2022-03-20 10:13:49,892][INFO] [Epoch   6/200] trn/acc1 2.67e-01, trn/loss 4.13e+00, trn/loss_ce 2.98e+00, trn/loss_wd 2.30e+03, trn/lr 1.00e-01
[2022-03-20 10:13:52,451][INFO] [Epoch   7/200] trn/acc1 2.91e-01, trn/loss 4.06e+00, trn/loss_ce 2.87e+00, trn/loss_wd 2.39e+03, trn/lr 1.00e-01
[2022-03-20 10:13:55,006][INFO] [Epoch   8/200] trn/acc1 3.06e-01, trn/loss 4.04e+00, trn/loss_ce 2.80e+00, trn/loss_wd 2.48e+03, trn/lr 1.00e-01
[2022-03-20 10:13:57,557][INFO] [Epoch   9/200] trn/acc1 3.15e-01, trn/loss 4.05e+00, trn/loss_ce 2.76e+00, trn/loss_wd 2.58e+03, trn/lr 9.99e-02
[2022-03-20 10:14:00,112][INFO] [Epoch  10/200] trn/acc1 3.27e-01, trn/loss 4.04e+00, trn/loss_ce 2.70e+00, trn/loss_wd 2.68e+03, trn/lr 9.99e-02
[2022-03-20 10:14:02,680][INFO] [Epoch  11/200] trn/acc1 3.32e-01, trn/loss 4.07e+00, trn/loss_ce 2.68e+00, trn/loss_wd 2.78e+03, trn/lr 9.98e-02
[2022-03-20 10:14:05,238][INFO] [Epoch  12/200] trn/acc1 3.39e-01, trn/loss 4.09e+00, trn/loss_ce 2.65e+00, trn/loss_wd 2.89e+03, trn/lr 9.97e-02
[2022-03-20 10:14:07,796][INFO] [Epoch  13/200] trn/acc1 3.45e-01, trn/loss 4.11e+00, trn/loss_ce 2.62e+00, trn/loss_wd 2.99e+03, trn/lr 9.96e-02
[2022-03-20 10:14:10,366][INFO] [Epoch  14/200] trn/acc1 3.51e-01, trn/loss 4.13e+00, trn/loss_ce 2.59e+00, trn/loss_wd 3.07e+03, trn/lr 9.95e-02
[2022-03-20 10:14:12,936][INFO] [Epoch  15/200] trn/acc1 3.60e-01, trn/loss 4.13e+00, trn/loss_ce 2.56e+00, trn/loss_wd 3.15e+03, trn/lr 9.94e-02
[2022-03-20 10:14:15,503][INFO] [Epoch  16/200] trn/acc1 3.58e-01, trn/loss 4.16e+00, trn/loss_ce 2.55e+00, trn/loss_wd 3.21e+03, trn/lr 9.93e-02
[2022-03-20 10:14:18,064][INFO] [Epoch  17/200] trn/acc1 3.59e-01, trn/loss 4.21e+00, trn/loss_ce 2.56e+00, trn/loss_wd 3.28e+03, trn/lr 9.91e-02
[2022-03-20 10:14:20,623][INFO] [Epoch  18/200] trn/acc1 3.67e-01, trn/loss 4.20e+00, trn/loss_ce 2.53e+00, trn/loss_wd 3.34e+03, trn/lr 9.90e-02
[2022-03-20 10:14:23,185][INFO] [Epoch  19/200] trn/acc1 3.72e-01, trn/loss 4.20e+00, trn/loss_ce 2.50e+00, trn/loss_wd 3.39e+03, trn/lr 9.88e-02
[2022-03-20 10:14:25,741][INFO] [Epoch  20/200] trn/acc1 3.73e-01, trn/loss 4.21e+00, trn/loss_ce 2.49e+00, trn/loss_wd 3.44e+03, trn/lr 9.86e-02
[2022-03-20 10:14:25,809][INFO] [Epoch  20/200] Validation: val/acc1 0.3762, val/loss_ce 2.5302
[2022-03-20 10:14:28,664][INFO] [Epoch  21/200] trn/acc1 3.79e-01, trn/loss 4.21e+00, trn/loss_ce 2.47e+00, trn/loss_wd 3.47e+03, trn/lr 9.84e-02
[2022-03-20 10:14:31,223][INFO] [Epoch  22/200] trn/acc1 3.82e-01, trn/loss 4.23e+00, trn/loss_ce 2.47e+00, trn/loss_wd 3.50e+03, trn/lr 9.82e-02
[2022-03-20 10:14:33,796][INFO] [Epoch  23/200] trn/acc1 3.82e-01, trn/loss 4.24e+00, trn/loss_ce 2.47e+00, trn/loss_wd 3.54e+03, trn/lr 9.80e-02
[2022-03-20 10:14:36,361][INFO] [Epoch  24/200] trn/acc1 3.89e-01, trn/loss 4.22e+00, trn/loss_ce 2.44e+00, trn/loss_wd 3.57e+03, trn/lr 9.78e-02
[2022-03-20 10:14:38,925][INFO] [Epoch  25/200] trn/acc1 3.91e-01, trn/loss 4.23e+00, trn/loss_ce 2.43e+00, trn/loss_wd 3.59e+03, trn/lr 9.76e-02
[2022-03-20 10:14:41,553][INFO] [Epoch  26/200] trn/acc1 3.93e-01, trn/loss 4.24e+00, trn/loss_ce 2.42e+00, trn/loss_wd 3.64e+03, trn/lr 9.73e-02
[2022-03-20 10:14:44,114][INFO] [Epoch  27/200] trn/acc1 3.91e-01, trn/loss 4.24e+00, trn/loss_ce 2.41e+00, trn/loss_wd 3.66e+03, trn/lr 9.70e-02
[2022-03-20 10:14:46,679][INFO] [Epoch  28/200] trn/acc1 3.94e-01, trn/loss 4.25e+00, trn/loss_ce 2.41e+00, trn/loss_wd 3.68e+03, trn/lr 9.68e-02
[2022-03-20 10:14:49,238][INFO] [Epoch  29/200] trn/acc1 4.01e-01, trn/loss 4.23e+00, trn/loss_ce 2.39e+00, trn/loss_wd 3.69e+03, trn/lr 9.65e-02
[2022-03-20 10:14:51,797][INFO] [Epoch  30/200] trn/acc1 4.04e-01, trn/loss 4.22e+00, trn/loss_ce 2.37e+00, trn/loss_wd 3.70e+03, trn/lr 9.62e-02
[2022-03-20 10:14:54,369][INFO] [Epoch  31/200] trn/acc1 4.02e-01, trn/loss 4.23e+00, trn/loss_ce 2.37e+00, trn/loss_wd 3.72e+03, trn/lr 9.58e-02
[2022-03-20 10:14:56,943][INFO] [Epoch  32/200] trn/acc1 4.09e-01, trn/loss 4.22e+00, trn/loss_ce 2.35e+00, trn/loss_wd 3.75e+03, trn/lr 9.55e-02
[2022-03-20 10:14:59,519][INFO] [Epoch  33/200] trn/acc1 4.15e-01, trn/loss 4.19e+00, trn/loss_ce 2.32e+00, trn/loss_wd 3.75e+03, trn/lr 9.52e-02
[2022-03-20 10:15:02,092][INFO] [Epoch  34/200] trn/acc1 4.15e-01, trn/loss 4.20e+00, trn/loss_ce 2.31e+00, trn/loss_wd 3.76e+03, trn/lr 9.48e-02
[2022-03-20 10:15:04,656][INFO] [Epoch  35/200] trn/acc1 4.12e-01, trn/loss 4.22e+00, trn/loss_ce 2.33e+00, trn/loss_wd 3.79e+03, trn/lr 9.45e-02
[2022-03-20 10:15:07,217][INFO] [Epoch  36/200] trn/acc1 4.17e-01, trn/loss 4.21e+00, trn/loss_ce 2.31e+00, trn/loss_wd 3.80e+03, trn/lr 9.41e-02
[2022-03-20 10:15:09,775][INFO] [Epoch  37/200] trn/acc1 4.22e-01, trn/loss 4.20e+00, trn/loss_ce 2.30e+00, trn/loss_wd 3.81e+03, trn/lr 9.37e-02
[2022-03-20 10:15:12,337][INFO] [Epoch  38/200] trn/acc1 4.14e-01, trn/loss 4.23e+00, trn/loss_ce 2.31e+00, trn/loss_wd 3.83e+03, trn/lr 9.33e-02
[2022-03-20 10:15:14,898][INFO] [Epoch  39/200] trn/acc1 4.25e-01, trn/loss 4.18e+00, trn/loss_ce 2.27e+00, trn/loss_wd 3.82e+03, trn/lr 9.29e-02
[2022-03-20 10:15:17,459][INFO] [Epoch  40/200] trn/acc1 4.26e-01, trn/loss 4.17e+00, trn/loss_ce 2.26e+00, trn/loss_wd 3.83e+03, trn/lr 9.25e-02
[2022-03-20 10:15:17,527][INFO] [Epoch  40/200] Validation: val/acc1 0.3634, val/loss_ce 2.6520
[2022-03-20 10:15:20,212][INFO] [Epoch  41/200] trn/acc1 4.30e-01, trn/loss 4.17e+00, trn/loss_ce 2.26e+00, trn/loss_wd 3.82e+03, trn/lr 9.20e-02
[2022-03-20 10:15:22,767][INFO] [Epoch  42/200] trn/acc1 4.33e-01, trn/loss 4.15e+00, trn/loss_ce 2.23e+00, trn/loss_wd 3.82e+03, trn/lr 9.16e-02
[2022-03-20 10:15:25,324][INFO] [Epoch  43/200] trn/acc1 4.39e-01, trn/loss 4.12e+00, trn/loss_ce 2.21e+00, trn/loss_wd 3.83e+03, trn/lr 9.11e-02
[2022-03-20 10:15:27,886][INFO] [Epoch  44/200] trn/acc1 4.39e-01, trn/loss 4.12e+00, trn/loss_ce 2.21e+00, trn/loss_wd 3.82e+03, trn/lr 9.07e-02
[2022-03-20 10:15:30,453][INFO] [Epoch  45/200] trn/acc1 4.44e-01, trn/loss 4.10e+00, trn/loss_ce 2.20e+00, trn/loss_wd 3.82e+03, trn/lr 9.02e-02
[2022-03-20 10:15:33,022][INFO] [Epoch  46/200] trn/acc1 4.46e-01, trn/loss 4.08e+00, trn/loss_ce 2.18e+00, trn/loss_wd 3.81e+03, trn/lr 8.97e-02
[2022-03-20 10:15:35,583][INFO] [Epoch  47/200] trn/acc1 4.47e-01, trn/loss 4.08e+00, trn/loss_ce 2.17e+00, trn/loss_wd 3.82e+03, trn/lr 8.92e-02
[2022-03-20 10:15:38,142][INFO] [Epoch  48/200] trn/acc1 4.48e-01, trn/loss 4.09e+00, trn/loss_ce 2.17e+00, trn/loss_wd 3.84e+03, trn/lr 8.87e-02
[2022-03-20 10:15:40,700][INFO] [Epoch  49/200] trn/acc1 4.57e-01, trn/loss 4.03e+00, trn/loss_ce 2.12e+00, trn/loss_wd 3.83e+03, trn/lr 8.82e-02
[2022-03-20 10:15:43,264][INFO] [Epoch  50/200] trn/acc1 4.57e-01, trn/loss 4.04e+00, trn/loss_ce 2.12e+00, trn/loss_wd 3.83e+03, trn/lr 8.77e-02
[2022-03-20 10:15:45,827][INFO] [Epoch  51/200] trn/acc1 4.58e-01, trn/loss 4.04e+00, trn/loss_ce 2.13e+00, trn/loss_wd 3.83e+03, trn/lr 8.72e-02
[2022-03-20 10:15:48,472][INFO] [Epoch  52/200] trn/acc1 4.64e-01, trn/loss 3.99e+00, trn/loss_ce 2.09e+00, trn/loss_wd 3.81e+03, trn/lr 8.66e-02
[2022-03-20 10:15:51,028][INFO] [Epoch  53/200] trn/acc1 4.67e-01, trn/loss 3.99e+00, trn/loss_ce 2.09e+00, trn/loss_wd 3.80e+03, trn/lr 8.61e-02
[2022-03-20 10:15:53,588][INFO] [Epoch  54/200] trn/acc1 4.70e-01, trn/loss 3.95e+00, trn/loss_ce 2.06e+00, trn/loss_wd 3.79e+03, trn/lr 8.55e-02
[2022-03-20 10:15:56,149][INFO] [Epoch  55/200] trn/acc1 4.71e-01, trn/loss 3.95e+00, trn/loss_ce 2.06e+00, trn/loss_wd 3.78e+03, trn/lr 8.49e-02
[2022-03-20 10:15:58,712][INFO] [Epoch  56/200] trn/acc1 4.74e-01, trn/loss 3.94e+00, trn/loss_ce 2.05e+00, trn/loss_wd 3.78e+03, trn/lr 8.43e-02
[2022-03-20 10:16:01,275][INFO] [Epoch  57/200] trn/acc1 4.79e-01, trn/loss 3.90e+00, trn/loss_ce 2.02e+00, trn/loss_wd 3.77e+03, trn/lr 8.38e-02
[2022-03-20 10:16:03,841][INFO] [Epoch  58/200] trn/acc1 4.79e-01, trn/loss 3.90e+00, trn/loss_ce 2.02e+00, trn/loss_wd 3.76e+03, trn/lr 8.32e-02
[2022-03-20 10:16:06,408][INFO] [Epoch  59/200] trn/acc1 4.79e-01, trn/loss 3.91e+00, trn/loss_ce 2.02e+00, trn/loss_wd 3.78e+03, trn/lr 8.25e-02
[2022-03-20 10:16:08,970][INFO] [Epoch  60/200] trn/acc1 4.85e-01, trn/loss 3.88e+00, trn/loss_ce 1.99e+00, trn/loss_wd 3.78e+03, trn/lr 8.19e-02
[2022-03-20 10:16:09,039][INFO] [Epoch  60/200] Validation: val/acc1 0.4442, val/loss_ce 2.2192
[2022-03-20 10:16:11,850][INFO] [Epoch  61/200] trn/acc1 4.88e-01, trn/loss 3.86e+00, trn/loss_ce 1.97e+00, trn/loss_wd 3.77e+03, trn/lr 8.13e-02
[2022-03-20 10:16:14,407][INFO] [Epoch  62/200] trn/acc1 4.96e-01, trn/loss 3.83e+00, trn/loss_ce 1.95e+00, trn/loss_wd 3.77e+03, trn/lr 8.07e-02
[2022-03-20 10:16:16,974][INFO] [Epoch  63/200] trn/acc1 4.98e-01, trn/loss 3.83e+00, trn/loss_ce 1.95e+00, trn/loss_wd 3.77e+03, trn/lr 8.00e-02
[2022-03-20 10:16:19,538][INFO] [Epoch  64/200] trn/acc1 4.98e-01, trn/loss 3.81e+00, trn/loss_ce 1.93e+00, trn/loss_wd 3.77e+03, trn/lr 7.94e-02
[2022-03-20 10:16:22,107][INFO] [Epoch  65/200] trn/acc1 5.05e-01, trn/loss 3.78e+00, trn/loss_ce 1.90e+00, trn/loss_wd 3.76e+03, trn/lr 7.87e-02
[2022-03-20 10:16:24,672][INFO] [Epoch  66/200] trn/acc1 5.04e-01, trn/loss 3.78e+00, trn/loss_ce 1.91e+00, trn/loss_wd 3.75e+03, trn/lr 7.81e-02
[2022-03-20 10:16:27,235][INFO] [Epoch  67/200] trn/acc1 5.10e-01, trn/loss 3.75e+00, trn/loss_ce 1.88e+00, trn/loss_wd 3.74e+03, trn/lr 7.74e-02
[2022-03-20 10:16:29,799][INFO] [Epoch  68/200] trn/acc1 5.17e-01, trn/loss 3.71e+00, trn/loss_ce 1.85e+00, trn/loss_wd 3.72e+03, trn/lr 7.67e-02
[2022-03-20 10:16:32,358][INFO] [Epoch  69/200] trn/acc1 5.21e-01, trn/loss 3.68e+00, trn/loss_ce 1.83e+00, trn/loss_wd 3.70e+03, trn/lr 7.60e-02
[2022-03-20 10:16:34,922][INFO] [Epoch  70/200] trn/acc1 5.18e-01, trn/loss 3.70e+00, trn/loss_ce 1.85e+00, trn/loss_wd 3.70e+03, trn/lr 7.53e-02
[2022-03-20 10:16:37,479][INFO] [Epoch  71/200] trn/acc1 5.24e-01, trn/loss 3.67e+00, trn/loss_ce 1.82e+00, trn/loss_wd 3.69e+03, trn/lr 7.47e-02
[2022-03-20 10:16:40,050][INFO] [Epoch  72/200] trn/acc1 5.31e-01, trn/loss 3.62e+00, trn/loss_ce 1.78e+00, trn/loss_wd 3.67e+03, trn/lr 7.39e-02
[2022-03-20 10:16:42,612][INFO] [Epoch  73/200] trn/acc1 5.36e-01, trn/loss 3.58e+00, trn/loss_ce 1.75e+00, trn/loss_wd 3.66e+03, trn/lr 7.32e-02
[2022-03-20 10:16:45,173][INFO] [Epoch  74/200] trn/acc1 5.40e-01, trn/loss 3.58e+00, trn/loss_ce 1.75e+00, trn/loss_wd 3.65e+03, trn/lr 7.25e-02
[2022-03-20 10:16:47,737][INFO] [Epoch  75/200] trn/acc1 5.43e-01, trn/loss 3.56e+00, trn/loss_ce 1.74e+00, trn/loss_wd 3.64e+03, trn/lr 7.18e-02
[2022-03-20 10:16:50,308][INFO] [Epoch  76/200] trn/acc1 5.44e-01, trn/loss 3.53e+00, trn/loss_ce 1.71e+00, trn/loss_wd 3.64e+03, trn/lr 7.11e-02
[2022-03-20 10:16:52,959][INFO] [Epoch  77/200] trn/acc1 5.49e-01, trn/loss 3.51e+00, trn/loss_ce 1.70e+00, trn/loss_wd 3.63e+03, trn/lr 7.03e-02
[2022-03-20 10:16:55,525][INFO] [Epoch  78/200] trn/acc1 5.57e-01, trn/loss 3.47e+00, trn/loss_ce 1.66e+00, trn/loss_wd 3.62e+03, trn/lr 6.96e-02
[2022-03-20 10:16:58,092][INFO] [Epoch  79/200] trn/acc1 5.57e-01, trn/loss 3.47e+00, trn/loss_ce 1.67e+00, trn/loss_wd 3.61e+03, trn/lr 6.89e-02
[2022-03-20 10:17:00,665][INFO] [Epoch  80/200] trn/acc1 5.60e-01, trn/loss 3.45e+00, trn/loss_ce 1.65e+00, trn/loss_wd 3.60e+03, trn/lr 6.81e-02
[2022-03-20 10:17:00,733][INFO] [Epoch  80/200] Validation: val/acc1 0.5014, val/loss_ce 2.0252
[2022-03-20 10:17:03,601][INFO] [Epoch  81/200] trn/acc1 5.71e-01, trn/loss 3.40e+00, trn/loss_ce 1.61e+00, trn/loss_wd 3.59e+03, trn/lr 6.74e-02
[2022-03-20 10:17:06,166][INFO] [Epoch  82/200] trn/acc1 5.76e-01, trn/loss 3.38e+00, trn/loss_ce 1.59e+00, trn/loss_wd 3.57e+03, trn/lr 6.66e-02
[2022-03-20 10:17:08,731][INFO] [Epoch  83/200] trn/acc1 5.78e-01, trn/loss 3.36e+00, trn/loss_ce 1.58e+00, trn/loss_wd 3.56e+03, trn/lr 6.58e-02
[2022-03-20 10:17:11,302][INFO] [Epoch  84/200] trn/acc1 5.83e-01, trn/loss 3.33e+00, trn/loss_ce 1.55e+00, trn/loss_wd 3.55e+03, trn/lr 6.51e-02
[2022-03-20 10:17:13,869][INFO] [Epoch  85/200] trn/acc1 5.86e-01, trn/loss 3.31e+00, trn/loss_ce 1.54e+00, trn/loss_wd 3.55e+03, trn/lr 6.43e-02
[2022-03-20 10:17:16,433][INFO] [Epoch  86/200] trn/acc1 5.91e-01, trn/loss 3.29e+00, trn/loss_ce 1.52e+00, trn/loss_wd 3.54e+03, trn/lr 6.35e-02
[2022-03-20 10:17:18,997][INFO] [Epoch  87/200] trn/acc1 5.97e-01, trn/loss 3.26e+00, trn/loss_ce 1.50e+00, trn/loss_wd 3.52e+03, trn/lr 6.27e-02
[2022-03-20 10:17:21,559][INFO] [Epoch  88/200] trn/acc1 5.96e-01, trn/loss 3.25e+00, trn/loss_ce 1.49e+00, trn/loss_wd 3.52e+03, trn/lr 6.20e-02
[2022-03-20 10:17:24,121][INFO] [Epoch  89/200] trn/acc1 6.04e-01, trn/loss 3.22e+00, trn/loss_ce 1.46e+00, trn/loss_wd 3.52e+03, trn/lr 6.12e-02
[2022-03-20 10:17:26,683][INFO] [Epoch  90/200] trn/acc1 6.08e-01, trn/loss 3.18e+00, trn/loss_ce 1.43e+00, trn/loss_wd 3.50e+03, trn/lr 6.04e-02
[2022-03-20 10:17:29,250][INFO] [Epoch  91/200] trn/acc1 6.11e-01, trn/loss 3.17e+00, trn/loss_ce 1.43e+00, trn/loss_wd 3.49e+03, trn/lr 5.96e-02
[2022-03-20 10:17:31,811][INFO] [Epoch  92/200] trn/acc1 6.22e-01, trn/loss 3.12e+00, trn/loss_ce 1.38e+00, trn/loss_wd 3.48e+03, trn/lr 5.88e-02
[2022-03-20 10:17:34,372][INFO] [Epoch  93/200] trn/acc1 6.18e-01, trn/loss 3.11e+00, trn/loss_ce 1.38e+00, trn/loss_wd 3.47e+03, trn/lr 5.80e-02
[2022-03-20 10:17:36,946][INFO] [Epoch  94/200] trn/acc1 6.31e-01, trn/loss 3.06e+00, trn/loss_ce 1.33e+00, trn/loss_wd 3.45e+03, trn/lr 5.72e-02
[2022-03-20 10:17:39,507][INFO] [Epoch  95/200] trn/acc1 6.38e-01, trn/loss 3.03e+00, trn/loss_ce 1.31e+00, trn/loss_wd 3.43e+03, trn/lr 5.64e-02
[2022-03-20 10:17:42,071][INFO] [Epoch  96/200] trn/acc1 6.43e-01, trn/loss 3.01e+00, trn/loss_ce 1.29e+00, trn/loss_wd 3.42e+03, trn/lr 5.56e-02
[2022-03-20 10:17:44,629][INFO] [Epoch  97/200] trn/acc1 6.44e-01, trn/loss 3.00e+00, trn/loss_ce 1.29e+00, trn/loss_wd 3.41e+03, trn/lr 5.48e-02
[2022-03-20 10:17:47,187][INFO] [Epoch  98/200] trn/acc1 6.54e-01, trn/loss 2.93e+00, trn/loss_ce 1.23e+00, trn/loss_wd 3.40e+03, trn/lr 5.40e-02
[2022-03-20 10:17:49,754][INFO] [Epoch  99/200] trn/acc1 6.61e-01, trn/loss 2.91e+00, trn/loss_ce 1.22e+00, trn/loss_wd 3.38e+03, trn/lr 5.32e-02
[2022-03-20 10:17:52,313][INFO] [Epoch 100/200] trn/acc1 6.64e-01, trn/loss 2.88e+00, trn/loss_ce 1.20e+00, trn/loss_wd 3.37e+03, trn/lr 5.24e-02
[2022-03-20 10:17:52,381][INFO] [Epoch 100/200] Validation: val/acc1 0.5426, val/loss_ce 1.8173
[2022-03-20 10:17:55,253][INFO] [Epoch 101/200] trn/acc1 6.70e-01, trn/loss 2.86e+00, trn/loss_ce 1.18e+00, trn/loss_wd 3.36e+03, trn/lr 5.16e-02
[2022-03-20 10:17:57,819][INFO] [Epoch 102/200] trn/acc1 6.71e-01, trn/loss 2.84e+00, trn/loss_ce 1.16e+00, trn/loss_wd 3.36e+03, trn/lr 5.08e-02
[2022-03-20 10:18:00,372][INFO] [Epoch 103/200] trn/acc1 6.79e-01, trn/loss 2.81e+00, trn/loss_ce 1.14e+00, trn/loss_wd 3.34e+03, trn/lr 5.00e-02
[2022-03-20 10:18:02,934][INFO] [Epoch 104/200] trn/acc1 6.85e-01, trn/loss 2.78e+00, trn/loss_ce 1.11e+00, trn/loss_wd 3.34e+03, trn/lr 4.92e-02
[2022-03-20 10:18:05,515][INFO] [Epoch 105/200] trn/acc1 6.89e-01, trn/loss 2.76e+00, trn/loss_ce 1.09e+00, trn/loss_wd 3.33e+03, trn/lr 4.84e-02
[2022-03-20 10:18:08,182][INFO] [Epoch 106/200] trn/acc1 6.97e-01, trn/loss 2.72e+00, trn/loss_ce 1.06e+00, trn/loss_wd 3.32e+03, trn/lr 4.76e-02
[2022-03-20 10:18:10,759][INFO] [Epoch 107/200] trn/acc1 7.01e-01, trn/loss 2.71e+00, trn/loss_ce 1.05e+00, trn/loss_wd 3.32e+03, trn/lr 4.68e-02
[2022-03-20 10:18:13,335][INFO] [Epoch 108/200] trn/acc1 7.08e-01, trn/loss 2.67e+00, trn/loss_ce 1.02e+00, trn/loss_wd 3.31e+03, trn/lr 4.60e-02
[2022-03-20 10:18:15,896][INFO] [Epoch 109/200] trn/acc1 7.18e-01, trn/loss 2.63e+00, trn/loss_ce 9.75e-01, trn/loss_wd 3.30e+03, trn/lr 4.52e-02
[2022-03-20 10:18:18,470][INFO] [Epoch 110/200] trn/acc1 7.27e-01, trn/loss 2.59e+00, trn/loss_ce 9.50e-01, trn/loss_wd 3.29e+03, trn/lr 4.44e-02
[2022-03-20 10:18:21,045][INFO] [Epoch 111/200] trn/acc1 7.27e-01, trn/loss 2.58e+00, trn/loss_ce 9.34e-01, trn/loss_wd 3.29e+03, trn/lr 4.36e-02
[2022-03-20 10:18:23,608][INFO] [Epoch 112/200] trn/acc1 7.34e-01, trn/loss 2.55e+00, trn/loss_ce 9.09e-01, trn/loss_wd 3.28e+03, trn/lr 4.28e-02
[2022-03-20 10:18:26,170][INFO] [Epoch 113/200] trn/acc1 7.38e-01, trn/loss 2.53e+00, trn/loss_ce 8.89e-01, trn/loss_wd 3.28e+03, trn/lr 4.20e-02
[2022-03-20 10:18:28,740][INFO] [Epoch 114/200] trn/acc1 7.46e-01, trn/loss 2.50e+00, trn/loss_ce 8.65e-01, trn/loss_wd 3.27e+03, trn/lr 4.12e-02
[2022-03-20 10:18:31,304][INFO] [Epoch 115/200] trn/acc1 7.52e-01, trn/loss 2.47e+00, trn/loss_ce 8.41e-01, trn/loss_wd 3.26e+03, trn/lr 4.04e-02
[2022-03-20 10:18:33,875][INFO] [Epoch 116/200] trn/acc1 7.66e-01, trn/loss 2.41e+00, trn/loss_ce 7.89e-01, trn/loss_wd 3.24e+03, trn/lr 3.96e-02
[2022-03-20 10:18:36,441][INFO] [Epoch 117/200] trn/acc1 7.70e-01, trn/loss 2.39e+00, trn/loss_ce 7.75e-01, trn/loss_wd 3.23e+03, trn/lr 3.88e-02
[2022-03-20 10:18:39,006][INFO] [Epoch 118/200] trn/acc1 7.75e-01, trn/loss 2.36e+00, trn/loss_ce 7.56e-01, trn/loss_wd 3.22e+03, trn/lr 3.80e-02
[2022-03-20 10:18:41,575][INFO] [Epoch 119/200] trn/acc1 7.84e-01, trn/loss 2.32e+00, trn/loss_ce 7.23e-01, trn/loss_wd 3.20e+03, trn/lr 3.73e-02
[2022-03-20 10:18:44,146][INFO] [Epoch 120/200] trn/acc1 7.92e-01, trn/loss 2.28e+00, trn/loss_ce 6.91e-01, trn/loss_wd 3.18e+03, trn/lr 3.65e-02
[2022-03-20 10:18:44,215][INFO] [Epoch 120/200] Validation: val/acc1 0.5790, val/loss_ce 1.8278
[2022-03-20 10:18:46,982][INFO] [Epoch 121/200] trn/acc1 7.96e-01, trn/loss 2.26e+00, trn/loss_ce 6.73e-01, trn/loss_wd 3.16e+03, trn/lr 3.57e-02
[2022-03-20 10:18:49,548][INFO] [Epoch 122/200] trn/acc1 8.05e-01, trn/loss 2.22e+00, trn/loss_ce 6.46e-01, trn/loss_wd 3.15e+03, trn/lr 3.49e-02
[2022-03-20 10:18:52,120][INFO] [Epoch 123/200] trn/acc1 8.12e-01, trn/loss 2.18e+00, trn/loss_ce 6.17e-01, trn/loss_wd 3.13e+03, trn/lr 3.42e-02
[2022-03-20 10:18:54,690][INFO] [Epoch 124/200] trn/acc1 8.24e-01, trn/loss 2.13e+00, trn/loss_ce 5.80e-01, trn/loss_wd 3.10e+03, trn/lr 3.34e-02
[2022-03-20 10:18:57,258][INFO] [Epoch 125/200] trn/acc1 8.30e-01, trn/loss 2.10e+00, trn/loss_ce 5.58e-01, trn/loss_wd 3.08e+03, trn/lr 3.26e-02
[2022-03-20 10:18:59,831][INFO] [Epoch 126/200] trn/acc1 8.40e-01, trn/loss 2.06e+00, trn/loss_ce 5.33e-01, trn/loss_wd 3.05e+03, trn/lr 3.19e-02
[2022-03-20 10:19:02,391][INFO] [Epoch 127/200] trn/acc1 8.45e-01, trn/loss 2.01e+00, trn/loss_ce 5.04e-01, trn/loss_wd 3.01e+03, trn/lr 3.11e-02
[2022-03-20 10:19:04,960][INFO] [Epoch 128/200] trn/acc1 8.53e-01, trn/loss 1.97e+00, trn/loss_ce 4.75e-01, trn/loss_wd 2.98e+03, trn/lr 3.04e-02
[2022-03-20 10:19:07,526][INFO] [Epoch 129/200] trn/acc1 8.57e-01, trn/loss 1.94e+00, trn/loss_ce 4.64e-01, trn/loss_wd 2.95e+03, trn/lr 2.97e-02
[2022-03-20 10:19:10,158][INFO] [Epoch 130/200] trn/acc1 8.63e-01, trn/loss 1.89e+00, trn/loss_ce 4.37e-01, trn/loss_wd 2.91e+03, trn/lr 2.89e-02
[2022-03-20 10:19:12,726][INFO] [Epoch 131/200] trn/acc1 8.67e-01, trn/loss 1.87e+00, trn/loss_ce 4.30e-01, trn/loss_wd 2.88e+03, trn/lr 2.82e-02
[2022-03-20 10:19:15,289][INFO] [Epoch 132/200] trn/acc1 8.79e-01, trn/loss 1.81e+00, trn/loss_ce 3.92e-01, trn/loss_wd 2.84e+03, trn/lr 2.75e-02
[2022-03-20 10:19:17,852][INFO] [Epoch 133/200] trn/acc1 8.85e-01, trn/loss 1.77e+00, trn/loss_ce 3.69e-01, trn/loss_wd 2.80e+03, trn/lr 2.68e-02
[2022-03-20 10:19:20,421][INFO] [Epoch 134/200] trn/acc1 8.97e-01, trn/loss 1.71e+00, trn/loss_ce 3.29e-01, trn/loss_wd 2.76e+03, trn/lr 2.61e-02
[2022-03-20 10:19:22,986][INFO] [Epoch 135/200] trn/acc1 9.01e-01, trn/loss 1.67e+00, trn/loss_ce 3.16e-01, trn/loss_wd 2.71e+03, trn/lr 2.54e-02
[2022-03-20 10:19:25,554][INFO] [Epoch 136/200] trn/acc1 9.08e-01, trn/loss 1.62e+00, trn/loss_ce 2.93e-01, trn/loss_wd 2.66e+03, trn/lr 2.47e-02
[2022-03-20 10:19:28,125][INFO] [Epoch 137/200] trn/acc1 9.15e-01, trn/loss 1.57e+00, trn/loss_ce 2.67e-01, trn/loss_wd 2.61e+03, trn/lr 2.40e-02
[2022-03-20 10:19:30,702][INFO] [Epoch 138/200] trn/acc1 9.19e-01, trn/loss 1.53e+00, trn/loss_ce 2.51e-01, trn/loss_wd 2.56e+03, trn/lr 2.33e-02
[2022-03-20 10:19:33,286][INFO] [Epoch 139/200] trn/acc1 9.26e-01, trn/loss 1.49e+00, trn/loss_ce 2.35e-01, trn/loss_wd 2.50e+03, trn/lr 2.26e-02
[2022-03-20 10:19:35,861][INFO] [Epoch 140/200] trn/acc1 9.32e-01, trn/loss 1.44e+00, trn/loss_ce 2.15e-01, trn/loss_wd 2.45e+03, trn/lr 2.19e-02
[2022-03-20 10:19:35,929][INFO] [Epoch 140/200] Validation: val/acc1 0.5934, val/loss_ce 1.9387
[2022-03-20 10:19:38,751][INFO] [Epoch 141/200] trn/acc1 9.36e-01, trn/loss 1.40e+00, trn/loss_ce 2.04e-01, trn/loss_wd 2.39e+03, trn/lr 2.13e-02
[2022-03-20 10:19:41,314][INFO] [Epoch 142/200] trn/acc1 9.41e-01, trn/loss 1.36e+00, trn/loss_ce 1.86e-01, trn/loss_wd 2.34e+03, trn/lr 2.06e-02
[2022-03-20 10:19:43,893][INFO] [Epoch 143/200] trn/acc1 9.46e-01, trn/loss 1.31e+00, trn/loss_ce 1.70e-01, trn/loss_wd 2.28e+03, trn/lr 2.00e-02
[2022-03-20 10:19:46,465][INFO] [Epoch 144/200] trn/acc1 9.51e-01, trn/loss 1.27e+00, trn/loss_ce 1.55e-01, trn/loss_wd 2.23e+03, trn/lr 1.93e-02
[2022-03-20 10:19:49,041][INFO] [Epoch 145/200] trn/acc1 9.59e-01, trn/loss 1.22e+00, trn/loss_ce 1.32e-01, trn/loss_wd 2.17e+03, trn/lr 1.87e-02
[2022-03-20 10:19:51,613][INFO] [Epoch 146/200] trn/acc1 9.62e-01, trn/loss 1.18e+00, trn/loss_ce 1.22e-01, trn/loss_wd 2.11e+03, trn/lr 1.81e-02
[2022-03-20 10:19:54,204][INFO] [Epoch 147/200] trn/acc1 9.65e-01, trn/loss 1.14e+00, trn/loss_ce 1.15e-01, trn/loss_wd 2.06e+03, trn/lr 1.75e-02
[2022-03-20 10:19:56,786][INFO] [Epoch 148/200] trn/acc1 9.64e-01, trn/loss 1.11e+00, trn/loss_ce 1.13e-01, trn/loss_wd 2.00e+03, trn/lr 1.68e-02
[2022-03-20 10:19:59,364][INFO] [Epoch 149/200] trn/acc1 9.69e-01, trn/loss 1.08e+00, trn/loss_ce 1.02e-01, trn/loss_wd 1.95e+03, trn/lr 1.62e-02
[2022-03-20 10:20:01,930][INFO] [Epoch 150/200] trn/acc1 9.73e-01, trn/loss 1.04e+00, trn/loss_ce 8.89e-02, trn/loss_wd 1.90e+03, trn/lr 1.57e-02
[2022-03-20 10:20:04,494][INFO] [Epoch 151/200] trn/acc1 9.75e-01, trn/loss 1.01e+00, trn/loss_ce 8.37e-02, trn/loss_wd 1.85e+03, trn/lr 1.51e-02
[2022-03-20 10:20:07,062][INFO] [Epoch 152/200] trn/acc1 9.76e-01, trn/loss 9.79e-01, trn/loss_ce 7.75e-02, trn/loss_wd 1.80e+03, trn/lr 1.45e-02
[2022-03-20 10:20:09,641][INFO] [Epoch 153/200] trn/acc1 9.80e-01, trn/loss 9.47e-01, trn/loss_ce 6.81e-02, trn/loss_wd 1.76e+03, trn/lr 1.39e-02
[2022-03-20 10:20:12,211][INFO] [Epoch 154/200] trn/acc1 9.81e-01, trn/loss 9.20e-01, trn/loss_ce 6.39e-02, trn/loss_wd 1.71e+03, trn/lr 1.34e-02
[2022-03-20 10:20:14,786][INFO] [Epoch 155/200] trn/acc1 9.84e-01, trn/loss 8.90e-01, trn/loss_ce 5.56e-02, trn/loss_wd 1.67e+03, trn/lr 1.28e-02
[2022-03-20 10:20:17,442][INFO] [Epoch 156/200] trn/acc1 9.86e-01, trn/loss 8.66e-01, trn/loss_ce 5.28e-02, trn/loss_wd 1.63e+03, trn/lr 1.23e-02
[2022-03-20 10:20:20,015][INFO] [Epoch 157/200] trn/acc1 9.85e-01, trn/loss 8.47e-01, trn/loss_ce 5.40e-02, trn/loss_wd 1.59e+03, trn/lr 1.18e-02
[2022-03-20 10:20:22,578][INFO] [Epoch 158/200] trn/acc1 9.88e-01, trn/loss 8.19e-01, trn/loss_ce 4.43e-02, trn/loss_wd 1.55e+03, trn/lr 1.13e-02
[2022-03-20 10:20:25,168][INFO] [Epoch 159/200] trn/acc1 9.90e-01, trn/loss 7.97e-01, trn/loss_ce 4.08e-02, trn/loss_wd 1.51e+03, trn/lr 1.08e-02
[2022-03-20 10:20:27,753][INFO] [Epoch 160/200] trn/acc1 9.90e-01, trn/loss 7.76e-01, trn/loss_ce 3.64e-02, trn/loss_wd 1.48e+03, trn/lr 1.03e-02
[2022-03-20 10:20:27,823][INFO] [Epoch 160/200] Validation: val/acc1 0.6176, val/loss_ce 1.9993
[2022-03-20 10:20:30,635][INFO] [Epoch 161/200] trn/acc1 9.91e-01, trn/loss 7.59e-01, trn/loss_ce 3.58e-02, trn/loss_wd 1.45e+03, trn/lr 9.79e-03
[2022-03-20 10:20:33,214][INFO] [Epoch 162/200] trn/acc1 9.91e-01, trn/loss 7.42e-01, trn/loss_ce 3.47e-02, trn/loss_wd 1.42e+03, trn/lr 9.31e-03
[2022-03-20 10:20:35,803][INFO] [Epoch 163/200] trn/acc1 9.92e-01, trn/loss 7.24e-01, trn/loss_ce 3.04e-02, trn/loss_wd 1.39e+03, trn/lr 8.85e-03
[2022-03-20 10:20:38,387][INFO] [Epoch 164/200] trn/acc1 9.93e-01, trn/loss 7.09e-01, trn/loss_ce 2.92e-02, trn/loss_wd 1.36e+03, trn/lr 8.40e-03
[2022-03-20 10:20:40,970][INFO] [Epoch 165/200] trn/acc1 9.94e-01, trn/loss 6.94e-01, trn/loss_ce 2.69e-02, trn/loss_wd 1.33e+03, trn/lr 7.96e-03
[2022-03-20 10:20:43,554][INFO] [Epoch 166/200] trn/acc1 9.95e-01, trn/loss 6.77e-01, trn/loss_ce 2.24e-02, trn/loss_wd 1.31e+03, trn/lr 7.53e-03
[2022-03-20 10:20:46,135][INFO] [Epoch 167/200] trn/acc1 9.96e-01, trn/loss 6.64e-01, trn/loss_ce 2.07e-02, trn/loss_wd 1.29e+03, trn/lr 7.11e-03
[2022-03-20 10:20:48,717][INFO] [Epoch 168/200] trn/acc1 9.96e-01, trn/loss 6.50e-01, trn/loss_ce 1.86e-02, trn/loss_wd 1.26e+03, trn/lr 6.70e-03
[2022-03-20 10:20:51,297][INFO] [Epoch 169/200] trn/acc1 9.97e-01, trn/loss 6.38e-01, trn/loss_ce 1.70e-02, trn/loss_wd 1.24e+03, trn/lr 6.30e-03
[2022-03-20 10:20:53,883][INFO] [Epoch 170/200] trn/acc1 9.97e-01, trn/loss 6.29e-01, trn/loss_ce 1.69e-02, trn/loss_wd 1.22e+03, trn/lr 5.92e-03
[2022-03-20 10:20:56,463][INFO] [Epoch 171/200] trn/acc1 9.97e-01, trn/loss 6.19e-01, trn/loss_ce 1.61e-02, trn/loss_wd 1.21e+03, trn/lr 5.54e-03
[2022-03-20 10:20:59,050][INFO] [Epoch 172/200] trn/acc1 9.97e-01, trn/loss 6.10e-01, trn/loss_ce 1.56e-02, trn/loss_wd 1.19e+03, trn/lr 5.18e-03
[2022-03-20 10:21:01,632][INFO] [Epoch 173/200] trn/acc1 9.97e-01, trn/loss 6.02e-01, trn/loss_ce 1.53e-02, trn/loss_wd 1.17e+03, trn/lr 4.83e-03
[2022-03-20 10:21:04,212][INFO] [Epoch 174/200] trn/acc1 9.98e-01, trn/loss 5.94e-01, trn/loss_ce 1.42e-02, trn/loss_wd 1.16e+03, trn/lr 4.49e-03
[2022-03-20 10:21:06,802][INFO] [Epoch 175/200] trn/acc1 9.98e-01, trn/loss 5.86e-01, trn/loss_ce 1.30e-02, trn/loss_wd 1.15e+03, trn/lr 4.16e-03
[2022-03-20 10:21:09,382][INFO] [Epoch 176/200] trn/acc1 9.98e-01, trn/loss 5.80e-01, trn/loss_ce 1.32e-02, trn/loss_wd 1.13e+03, trn/lr 3.85e-03
[2022-03-20 10:21:11,958][INFO] [Epoch 177/200] trn/acc1 9.98e-01, trn/loss 5.73e-01, trn/loss_ce 1.18e-02, trn/loss_wd 1.12e+03, trn/lr 3.54e-03
[2022-03-20 10:21:14,544][INFO] [Epoch 178/200] trn/acc1 9.98e-01, trn/loss 5.67e-01, trn/loss_ce 1.10e-02, trn/loss_wd 1.11e+03, trn/lr 3.25e-03
[2022-03-20 10:21:17,131][INFO] [Epoch 179/200] trn/acc1 9.99e-01, trn/loss 5.62e-01, trn/loss_ce 1.04e-02, trn/loss_wd 1.10e+03, trn/lr 2.97e-03
[2022-03-20 10:21:19,715][INFO] [Epoch 180/200] trn/acc1 9.98e-01, trn/loss 5.57e-01, trn/loss_ce 9.86e-03, trn/loss_wd 1.09e+03, trn/lr 2.70e-03
[2022-03-20 10:21:19,785][INFO] [Epoch 180/200] Validation: val/acc1 0.6166, val/loss_ce 2.0857
[2022-03-20 10:21:22,582][INFO] [Epoch 181/200] trn/acc1 9.99e-01, trn/loss 5.54e-01, trn/loss_ce 1.03e-02, trn/loss_wd 1.09e+03, trn/lr 2.45e-03
[2022-03-20 10:21:22,651][INFO] [Epoch 181/200] Validation: val/acc1 0.6212, val/loss_ce 2.1111
[2022-03-20 10:21:25,431][INFO] [Epoch 182/200] trn/acc1 9.98e-01, trn/loss 5.50e-01, trn/loss_ce 1.03e-02, trn/loss_wd 1.08e+03, trn/lr 2.21e-03
[2022-03-20 10:21:25,500][INFO] [Epoch 182/200] Validation: val/acc1 0.6126, val/loss_ce 2.1112
[2022-03-20 10:21:28,198][INFO] [Epoch 183/200] trn/acc1 9.99e-01, trn/loss 5.46e-01, trn/loss_ce 8.61e-03, trn/loss_wd 1.07e+03, trn/lr 1.97e-03
[2022-03-20 10:21:28,267][INFO] [Epoch 183/200] Validation: val/acc1 0.6184, val/loss_ce 2.1174
[2022-03-20 10:21:30,964][INFO] [Epoch 184/200] trn/acc1 9.99e-01, trn/loss 5.42e-01, trn/loss_ce 8.13e-03, trn/loss_wd 1.07e+03, trn/lr 1.76e-03
[2022-03-20 10:21:31,032][INFO] [Epoch 184/200] Validation: val/acc1 0.6182, val/loss_ce 2.1088
[2022-03-20 10:21:33,755][INFO] [Epoch 185/200] trn/acc1 9.99e-01, trn/loss 5.40e-01, trn/loss_ce 8.66e-03, trn/loss_wd 1.06e+03, trn/lr 1.55e-03
[2022-03-20 10:21:33,823][INFO] [Epoch 185/200] Validation: val/acc1 0.6158, val/loss_ce 2.1312
[2022-03-20 10:21:36,522][INFO] [Epoch 186/200] trn/acc1 9.99e-01, trn/loss 5.38e-01, trn/loss_ce 8.53e-03, trn/loss_wd 1.06e+03, trn/lr 1.36e-03
[2022-03-20 10:21:36,591][INFO] [Epoch 186/200] Validation: val/acc1 0.6174, val/loss_ce 2.1136
[2022-03-20 10:21:39,284][INFO] [Epoch 187/200] trn/acc1 9.99e-01, trn/loss 5.35e-01, trn/loss_ce 7.49e-03, trn/loss_wd 1.06e+03, trn/lr 1.18e-03
[2022-03-20 10:21:39,353][INFO] [Epoch 187/200] Validation: val/acc1 0.6194, val/loss_ce 2.1400
[2022-03-20 10:21:42,043][INFO] [Epoch 188/200] trn/acc1 9.99e-01, trn/loss 5.34e-01, trn/loss_ce 7.74e-03, trn/loss_wd 1.05e+03, trn/lr 1.01e-03
[2022-03-20 10:21:42,111][INFO] [Epoch 188/200] Validation: val/acc1 0.6166, val/loss_ce 2.1384
[2022-03-20 10:21:44,810][INFO] [Epoch 189/200] trn/acc1 9.99e-01, trn/loss 5.32e-01, trn/loss_ce 7.48e-03, trn/loss_wd 1.05e+03, trn/lr 8.56e-04
[2022-03-20 10:21:44,879][INFO] [Epoch 189/200] Validation: val/acc1 0.6172, val/loss_ce 2.1423
[2022-03-20 10:21:47,583][INFO] [Epoch 190/200] trn/acc1 9.99e-01, trn/loss 5.31e-01, trn/loss_ce 7.90e-03, trn/loss_wd 1.05e+03, trn/lr 7.14e-04
[2022-03-20 10:21:47,652][INFO] [Epoch 190/200] Validation: val/acc1 0.6142, val/loss_ce 2.1361
[2022-03-20 10:21:50,356][INFO] [Epoch 191/200] trn/acc1 9.99e-01, trn/loss 5.30e-01, trn/loss_ce 7.07e-03, trn/loss_wd 1.05e+03, trn/lr 5.85e-04
[2022-03-20 10:21:50,425][INFO] [Epoch 191/200] Validation: val/acc1 0.6178, val/loss_ce 2.1422
[2022-03-20 10:21:53,160][INFO] [Epoch 192/200] trn/acc1 9.99e-01, trn/loss 5.29e-01, trn/loss_ce 6.75e-03, trn/loss_wd 1.04e+03, trn/lr 4.69e-04
[2022-03-20 10:21:53,230][INFO] [Epoch 192/200] Validation: val/acc1 0.6168, val/loss_ce 2.1473
[2022-03-20 10:21:55,932][INFO] [Epoch 193/200] trn/acc1 9.99e-01, trn/loss 5.28e-01, trn/loss_ce 6.73e-03, trn/loss_wd 1.04e+03, trn/lr 3.65e-04
[2022-03-20 10:21:56,000][INFO] [Epoch 193/200] Validation: val/acc1 0.6172, val/loss_ce 2.1554
[2022-03-20 10:21:58,711][INFO] [Epoch 194/200] trn/acc1 9.99e-01, trn/loss 5.28e-01, trn/loss_ce 6.87e-03, trn/loss_wd 1.04e+03, trn/lr 2.75e-04
[2022-03-20 10:21:58,780][INFO] [Epoch 194/200] Validation: val/acc1 0.6174, val/loss_ce 2.1527
[2022-03-20 10:22:01,493][INFO] [Epoch 195/200] trn/acc1 9.99e-01, trn/loss 5.27e-01, trn/loss_ce 6.65e-03, trn/loss_wd 1.04e+03, trn/lr 1.97e-04
[2022-03-20 10:22:01,561][INFO] [Epoch 195/200] Validation: val/acc1 0.6154, val/loss_ce 2.1526
[2022-03-20 10:22:04,278][INFO] [Epoch 196/200] trn/acc1 9.99e-01, trn/loss 5.27e-01, trn/loss_ce 6.61e-03, trn/loss_wd 1.04e+03, trn/lr 1.32e-04
[2022-03-20 10:22:04,347][INFO] [Epoch 196/200] Validation: val/acc1 0.6158, val/loss_ce 2.1547
[2022-03-20 10:22:07,069][INFO] [Epoch 197/200] trn/acc1 9.99e-01, trn/loss 5.26e-01, trn/loss_ce 6.49e-03, trn/loss_wd 1.04e+03, trn/lr 8.01e-05
[2022-03-20 10:22:07,138][INFO] [Epoch 197/200] Validation: val/acc1 0.6178, val/loss_ce 2.1555
[2022-03-20 10:22:09,851][INFO] [Epoch 198/200] trn/acc1 9.99e-01, trn/loss 5.27e-01, trn/loss_ce 6.73e-03, trn/loss_wd 1.04e+03, trn/lr 4.11e-05
[2022-03-20 10:22:09,919][INFO] [Epoch 198/200] Validation: val/acc1 0.6174, val/loss_ce 2.1546
[2022-03-20 10:22:12,621][INFO] [Epoch 199/200] trn/acc1 9.99e-01, trn/loss 5.27e-01, trn/loss_ce 6.96e-03, trn/loss_wd 1.04e+03, trn/lr 1.52e-05
[2022-03-20 10:22:12,689][INFO] [Epoch 199/200] Validation: val/acc1 0.6170, val/loss_ce 2.1542
[2022-03-20 10:22:15,382][INFO] [Epoch 200/200] trn/acc1 9.99e-01, trn/loss 5.26e-01, trn/loss_ce 6.34e-03, trn/loss_wd 1.04e+03, trn/lr 2.17e-06
[2022-03-20 10:22:15,450][INFO] [Epoch 200/200] Validation: val/acc1 0.6170, val/loss_ce 2.1543
