[2022-03-20 10:22:20,093][INFO] Environments:
------------  ---------------------------------------------------------------------------
sys.platform  linux
Python        3.7.11 (default, Nov 23 2021, 05:29:02) [GCC 7.5.0]
JAX           0.2.27 @/mnt/data1/giung/venvs/jax0.2.27/lib/python3.7/site-packages/jax
jaxlib        0.1.75 @/mnt/data1/giung/venvs/jax0.2.27/lib/python3.7/site-packages/jaxlib
Flax          0.4.0 @/mnt/data1/giung/venvs/jax0.2.27/lib/python3.7/site-packages/flax
Optax         0.1.0 @/mnt/data1/giung/venvs/jax0.2.27/lib/python3.7/site-packages/optax
------------  ---------------------------------------------------------------------------

[2022-03-20 10:22:20,093][INFO] Command line arguments:
Namespace(batch_size=128, config_file='./configs/C100_VGG19-ReLU.yaml', keep_every_n_checkpoints=None, learning_rate=0.1, num_epochs=200, num_warmup_epochs=5, opts=['DATASETS.ROOT', '/home/vessl/datasets/'], output_dir='/home/vessl/Baseline-CIFAR/outputs/C100_VGG19-ReLU/SGD/s42_e200_wd5e-4_lr1e-1/', seed=42, weight_decay=0.0005)

[2022-03-20 10:22:20,093][INFO] Using a random seed 42

[2022-03-20 10:22:20,149][INFO] Unable to initialize backend 'tpu_driver': NOT_FOUND: Unable to find driver in registry given worker: 
[2022-03-20 10:22:20,363][INFO] Unable to initialize backend 'tpu': INVALID_ARGUMENT: TpuPlatform is not available.
[2022-03-20 10:22:24,494][INFO] Found no checkpoint files in /home/vessl/Baseline-CIFAR/outputs/C100_VGG19-ReLU/SGD/s42_e200_wd5e-4_lr1e-1
[2022-03-20 10:22:40,029][INFO] [Epoch   1/200] trn/acc1 3.57e-02, trn/loss 7.13e+00, trn/loss_ce 4.36e+00, trn/loss_wd 5.55e+03, trn/lr 9.97e-03
[2022-03-20 10:22:41,661][INFO] [Epoch   1/200] Validation: val/acc1 0.0486, val/loss_ce 4.1173
[2022-03-20 10:22:47,965][INFO] [Epoch   2/200] trn/acc1 6.31e-02, trn/loss 6.69e+00, trn/loss_ce 4.09e+00, trn/loss_wd 5.20e+03, trn/lr 3.00e-02
[2022-03-20 10:22:53,876][INFO] [Epoch   3/200] trn/acc1 8.46e-02, trn/loss 6.21e+00, trn/loss_ce 3.92e+00, trn/loss_wd 4.58e+03, trn/lr 5.00e-02
[2022-03-20 10:22:59,690][INFO] [Epoch   4/200] trn/acc1 1.02e-01, trn/loss 5.74e+00, trn/loss_ce 3.82e+00, trn/loss_wd 3.83e+03, trn/lr 7.00e-02
[2022-03-20 10:23:05,522][INFO] [Epoch   5/200] trn/acc1 1.11e-01, trn/loss 5.31e+00, trn/loss_ce 3.77e+00, trn/loss_wd 3.07e+03, trn/lr 9.00e-02
[2022-03-20 10:23:11,347][INFO] [Epoch   6/200] trn/acc1 1.27e-01, trn/loss 4.90e+00, trn/loss_ce 3.68e+00, trn/loss_wd 2.43e+03, trn/lr 1.00e-01
[2022-03-20 10:23:17,186][INFO] [Epoch   7/200] trn/acc1 1.37e-01, trn/loss 4.61e+00, trn/loss_ce 3.62e+00, trn/loss_wd 1.99e+03, trn/lr 1.00e-01
[2022-03-20 10:23:23,017][INFO] [Epoch   8/200] trn/acc1 1.53e-01, trn/loss 4.39e+00, trn/loss_ce 3.53e+00, trn/loss_wd 1.71e+03, trn/lr 1.00e-01
[2022-03-20 10:23:28,855][INFO] [Epoch   9/200] trn/acc1 1.72e-01, trn/loss 4.19e+00, trn/loss_ce 3.42e+00, trn/loss_wd 1.53e+03, trn/lr 9.99e-02
[2022-03-20 10:23:34,699][INFO] [Epoch  10/200] trn/acc1 1.93e-01, trn/loss 4.01e+00, trn/loss_ce 3.30e+00, trn/loss_wd 1.43e+03, trn/lr 9.99e-02
[2022-03-20 10:23:40,528][INFO] [Epoch  11/200] trn/acc1 1.98e-01, trn/loss 3.97e+00, trn/loss_ce 3.27e+00, trn/loss_wd 1.40e+03, trn/lr 9.98e-02
[2022-03-20 10:23:46,355][INFO] [Epoch  12/200] trn/acc1 2.17e-01, trn/loss 3.88e+00, trn/loss_ce 3.18e+00, trn/loss_wd 1.40e+03, trn/lr 9.97e-02
[2022-03-20 10:23:52,189][INFO] [Epoch  13/200] trn/acc1 2.33e-01, trn/loss 3.81e+00, trn/loss_ce 3.09e+00, trn/loss_wd 1.44e+03, trn/lr 9.96e-02
[2022-03-20 10:23:58,008][INFO] [Epoch  14/200] trn/acc1 2.43e-01, trn/loss 3.78e+00, trn/loss_ce 3.04e+00, trn/loss_wd 1.49e+03, trn/lr 9.95e-02
[2022-03-20 10:24:03,837][INFO] [Epoch  15/200] trn/acc1 2.60e-01, trn/loss 3.75e+00, trn/loss_ce 2.97e+00, trn/loss_wd 1.55e+03, trn/lr 9.94e-02
[2022-03-20 10:24:09,672][INFO] [Epoch  16/200] trn/acc1 2.67e-01, trn/loss 3.73e+00, trn/loss_ce 2.92e+00, trn/loss_wd 1.62e+03, trn/lr 9.93e-02
[2022-03-20 10:24:15,515][INFO] [Epoch  17/200] trn/acc1 2.82e-01, trn/loss 3.71e+00, trn/loss_ce 2.86e+00, trn/loss_wd 1.70e+03, trn/lr 9.91e-02
[2022-03-20 10:24:21,359][INFO] [Epoch  18/200] trn/acc1 2.86e-01, trn/loss 3.73e+00, trn/loss_ce 2.85e+00, trn/loss_wd 1.77e+03, trn/lr 9.90e-02
[2022-03-20 10:24:27,209][INFO] [Epoch  19/200] trn/acc1 2.87e-01, trn/loss 3.77e+00, trn/loss_ce 2.84e+00, trn/loss_wd 1.85e+03, trn/lr 9.88e-02
[2022-03-20 10:24:33,037][INFO] [Epoch  20/200] trn/acc1 3.02e-01, trn/loss 3.74e+00, trn/loss_ce 2.78e+00, trn/loss_wd 1.92e+03, trn/lr 9.86e-02
[2022-03-20 10:24:33,189][INFO] [Epoch  20/200] Validation: val/acc1 0.2608, val/loss_ce 3.0158
[2022-03-20 10:24:39,677][INFO] [Epoch  21/200] trn/acc1 3.10e-01, trn/loss 3.74e+00, trn/loss_ce 2.75e+00, trn/loss_wd 1.98e+03, trn/lr 9.84e-02
[2022-03-20 10:24:45,520][INFO] [Epoch  22/200] trn/acc1 3.16e-01, trn/loss 3.73e+00, trn/loss_ce 2.72e+00, trn/loss_wd 2.02e+03, trn/lr 9.82e-02
[2022-03-20 10:24:51,349][INFO] [Epoch  23/200] trn/acc1 3.11e-01, trn/loss 3.78e+00, trn/loss_ce 2.74e+00, trn/loss_wd 2.08e+03, trn/lr 9.80e-02
[2022-03-20 10:24:57,186][INFO] [Epoch  24/200] trn/acc1 3.25e-01, trn/loss 3.75e+00, trn/loss_ce 2.68e+00, trn/loss_wd 2.14e+03, trn/lr 9.78e-02
[2022-03-20 10:25:03,030][INFO] [Epoch  25/200] trn/acc1 3.34e-01, trn/loss 3.74e+00, trn/loss_ce 2.64e+00, trn/loss_wd 2.19e+03, trn/lr 9.76e-02
[2022-03-20 10:25:08,872][INFO] [Epoch  26/200] trn/acc1 3.31e-01, trn/loss 3.78e+00, trn/loss_ce 2.65e+00, trn/loss_wd 2.25e+03, trn/lr 9.73e-02
[2022-03-20 10:25:14,702][INFO] [Epoch  27/200] trn/acc1 3.44e-01, trn/loss 3.76e+00, trn/loss_ce 2.61e+00, trn/loss_wd 2.31e+03, trn/lr 9.70e-02
[2022-03-20 10:25:20,529][INFO] [Epoch  28/200] trn/acc1 3.49e-01, trn/loss 3.76e+00, trn/loss_ce 2.58e+00, trn/loss_wd 2.35e+03, trn/lr 9.68e-02
[2022-03-20 10:25:26,374][INFO] [Epoch  29/200] trn/acc1 3.54e-01, trn/loss 3.77e+00, trn/loss_ce 2.58e+00, trn/loss_wd 2.38e+03, trn/lr 9.65e-02
[2022-03-20 10:25:32,204][INFO] [Epoch  30/200] trn/acc1 3.64e-01, trn/loss 3.73e+00, trn/loss_ce 2.52e+00, trn/loss_wd 2.42e+03, trn/lr 9.62e-02
[2022-03-20 10:25:38,131][INFO] [Epoch  31/200] trn/acc1 3.48e-01, trn/loss 3.82e+00, trn/loss_ce 2.60e+00, trn/loss_wd 2.45e+03, trn/lr 9.58e-02
[2022-03-20 10:25:43,967][INFO] [Epoch  32/200] trn/acc1 3.68e-01, trn/loss 3.75e+00, trn/loss_ce 2.51e+00, trn/loss_wd 2.49e+03, trn/lr 9.55e-02
[2022-03-20 10:25:49,807][INFO] [Epoch  33/200] trn/acc1 3.66e-01, trn/loss 3.80e+00, trn/loss_ce 2.54e+00, trn/loss_wd 2.52e+03, trn/lr 9.52e-02
[2022-03-20 10:25:55,646][INFO] [Epoch  34/200] trn/acc1 3.73e-01, trn/loss 3.78e+00, trn/loss_ce 2.50e+00, trn/loss_wd 2.55e+03, trn/lr 9.48e-02
[2022-03-20 10:26:01,486][INFO] [Epoch  35/200] trn/acc1 3.70e-01, trn/loss 3.79e+00, trn/loss_ce 2.50e+00, trn/loss_wd 2.57e+03, trn/lr 9.45e-02
[2022-03-20 10:26:07,323][INFO] [Epoch  36/200] trn/acc1 3.81e-01, trn/loss 3.76e+00, trn/loss_ce 2.46e+00, trn/loss_wd 2.59e+03, trn/lr 9.41e-02
[2022-03-20 10:26:13,164][INFO] [Epoch  37/200] trn/acc1 3.78e-01, trn/loss 3.80e+00, trn/loss_ce 2.49e+00, trn/loss_wd 2.62e+03, trn/lr 9.37e-02
[2022-03-20 10:26:18,993][INFO] [Epoch  38/200] trn/acc1 3.71e-01, trn/loss 3.85e+00, trn/loss_ce 2.53e+00, trn/loss_wd 2.65e+03, trn/lr 9.33e-02
[2022-03-20 10:26:24,824][INFO] [Epoch  39/200] trn/acc1 3.84e-01, trn/loss 3.80e+00, trn/loss_ce 2.46e+00, trn/loss_wd 2.67e+03, trn/lr 9.29e-02
[2022-03-20 10:26:30,659][INFO] [Epoch  40/200] trn/acc1 3.97e-01, trn/loss 3.73e+00, trn/loss_ce 2.39e+00, trn/loss_wd 2.68e+03, trn/lr 9.25e-02
[2022-03-20 10:26:30,812][INFO] [Epoch  40/200] Validation: val/acc1 0.3670, val/loss_ce 2.5535
[2022-03-20 10:26:37,281][INFO] [Epoch  41/200] trn/acc1 3.99e-01, trn/loss 3.72e+00, trn/loss_ce 2.38e+00, trn/loss_wd 2.68e+03, trn/lr 9.20e-02
[2022-03-20 10:26:43,121][INFO] [Epoch  42/200] trn/acc1 3.99e-01, trn/loss 3.73e+00, trn/loss_ce 2.38e+00, trn/loss_wd 2.70e+03, trn/lr 9.16e-02
[2022-03-20 10:26:48,961][INFO] [Epoch  43/200] trn/acc1 3.96e-01, trn/loss 3.76e+00, trn/loss_ce 2.40e+00, trn/loss_wd 2.73e+03, trn/lr 9.11e-02
[2022-03-20 10:26:54,799][INFO] [Epoch  44/200] trn/acc1 4.03e-01, trn/loss 3.73e+00, trn/loss_ce 2.36e+00, trn/loss_wd 2.74e+03, trn/lr 9.07e-02
[2022-03-20 10:27:00,632][INFO] [Epoch  45/200] trn/acc1 4.09e-01, trn/loss 3.72e+00, trn/loss_ce 2.34e+00, trn/loss_wd 2.74e+03, trn/lr 9.02e-02
[2022-03-20 10:27:06,458][INFO] [Epoch  46/200] trn/acc1 4.16e-01, trn/loss 3.69e+00, trn/loss_ce 2.31e+00, trn/loss_wd 2.75e+03, trn/lr 8.97e-02
[2022-03-20 10:27:12,290][INFO] [Epoch  47/200] trn/acc1 4.21e-01, trn/loss 3.68e+00, trn/loss_ce 2.30e+00, trn/loss_wd 2.75e+03, trn/lr 8.92e-02
[2022-03-20 10:27:18,120][INFO] [Epoch  48/200] trn/acc1 4.19e-01, trn/loss 3.68e+00, trn/loss_ce 2.30e+00, trn/loss_wd 2.76e+03, trn/lr 8.87e-02
[2022-03-20 10:27:23,960][INFO] [Epoch  49/200] trn/acc1 4.23e-01, trn/loss 3.66e+00, trn/loss_ce 2.28e+00, trn/loss_wd 2.76e+03, trn/lr 8.82e-02
[2022-03-20 10:27:29,792][INFO] [Epoch  50/200] trn/acc1 4.30e-01, trn/loss 3.65e+00, trn/loss_ce 2.26e+00, trn/loss_wd 2.78e+03, trn/lr 8.77e-02
[2022-03-20 10:27:35,619][INFO] [Epoch  51/200] trn/acc1 4.30e-01, trn/loss 3.65e+00, trn/loss_ce 2.25e+00, trn/loss_wd 2.79e+03, trn/lr 8.72e-02
[2022-03-20 10:27:41,455][INFO] [Epoch  52/200] trn/acc1 4.33e-01, trn/loss 3.64e+00, trn/loss_ce 2.24e+00, trn/loss_wd 2.80e+03, trn/lr 8.66e-02
[2022-03-20 10:27:47,297][INFO] [Epoch  53/200] trn/acc1 4.39e-01, trn/loss 3.64e+00, trn/loss_ce 2.23e+00, trn/loss_wd 2.82e+03, trn/lr 8.61e-02
[2022-03-20 10:27:53,126][INFO] [Epoch  54/200] trn/acc1 4.44e-01, trn/loss 3.61e+00, trn/loss_ce 2.20e+00, trn/loss_wd 2.82e+03, trn/lr 8.55e-02
[2022-03-20 10:27:58,954][INFO] [Epoch  55/200] trn/acc1 4.41e-01, trn/loss 3.61e+00, trn/loss_ce 2.20e+00, trn/loss_wd 2.83e+03, trn/lr 8.49e-02
[2022-03-20 10:28:04,832][INFO] [Epoch  56/200] trn/acc1 4.43e-01, trn/loss 3.62e+00, trn/loss_ce 2.20e+00, trn/loss_wd 2.84e+03, trn/lr 8.43e-02
[2022-03-20 10:28:10,657][INFO] [Epoch  57/200] trn/acc1 4.43e-01, trn/loss 3.63e+00, trn/loss_ce 2.20e+00, trn/loss_wd 2.86e+03, trn/lr 8.38e-02
[2022-03-20 10:28:16,477][INFO] [Epoch  58/200] trn/acc1 4.55e-01, trn/loss 3.56e+00, trn/loss_ce 2.14e+00, trn/loss_wd 2.84e+03, trn/lr 8.32e-02
[2022-03-20 10:28:22,301][INFO] [Epoch  59/200] trn/acc1 4.54e-01, trn/loss 3.57e+00, trn/loss_ce 2.15e+00, trn/loss_wd 2.84e+03, trn/lr 8.25e-02
[2022-03-20 10:28:28,133][INFO] [Epoch  60/200] trn/acc1 4.54e-01, trn/loss 3.58e+00, trn/loss_ce 2.16e+00, trn/loss_wd 2.84e+03, trn/lr 8.19e-02
[2022-03-20 10:28:28,286][INFO] [Epoch  60/200] Validation: val/acc1 0.4518, val/loss_ce 2.2364
[2022-03-20 10:28:34,742][INFO] [Epoch  61/200] trn/acc1 4.61e-01, trn/loss 3.54e+00, trn/loss_ce 2.11e+00, trn/loss_wd 2.85e+03, trn/lr 8.13e-02
[2022-03-20 10:28:40,576][INFO] [Epoch  62/200] trn/acc1 4.68e-01, trn/loss 3.51e+00, trn/loss_ce 2.09e+00, trn/loss_wd 2.83e+03, trn/lr 8.07e-02
[2022-03-20 10:28:46,400][INFO] [Epoch  63/200] trn/acc1 4.67e-01, trn/loss 3.51e+00, trn/loss_ce 2.10e+00, trn/loss_wd 2.83e+03, trn/lr 8.00e-02
[2022-03-20 10:28:52,236][INFO] [Epoch  64/200] trn/acc1 4.73e-01, trn/loss 3.48e+00, trn/loss_ce 2.06e+00, trn/loss_wd 2.84e+03, trn/lr 7.94e-02
[2022-03-20 10:28:58,075][INFO] [Epoch  65/200] trn/acc1 4.70e-01, trn/loss 3.50e+00, trn/loss_ce 2.07e+00, trn/loss_wd 2.84e+03, trn/lr 7.87e-02
[2022-03-20 10:29:03,918][INFO] [Epoch  66/200] trn/acc1 4.77e-01, trn/loss 3.46e+00, trn/loss_ce 2.04e+00, trn/loss_wd 2.84e+03, trn/lr 7.81e-02
[2022-03-20 10:29:09,750][INFO] [Epoch  67/200] trn/acc1 4.79e-01, trn/loss 3.45e+00, trn/loss_ce 2.03e+00, trn/loss_wd 2.84e+03, trn/lr 7.74e-02
[2022-03-20 10:29:15,581][INFO] [Epoch  68/200] trn/acc1 4.82e-01, trn/loss 3.44e+00, trn/loss_ce 2.02e+00, trn/loss_wd 2.84e+03, trn/lr 7.67e-02
[2022-03-20 10:29:21,414][INFO] [Epoch  69/200] trn/acc1 4.88e-01, trn/loss 3.41e+00, trn/loss_ce 2.00e+00, trn/loss_wd 2.84e+03, trn/lr 7.60e-02
[2022-03-20 10:29:27,247][INFO] [Epoch  70/200] trn/acc1 4.95e-01, trn/loss 3.39e+00, trn/loss_ce 1.97e+00, trn/loss_wd 2.83e+03, trn/lr 7.53e-02
[2022-03-20 10:29:33,090][INFO] [Epoch  71/200] trn/acc1 5.01e-01, trn/loss 3.37e+00, trn/loss_ce 1.95e+00, trn/loss_wd 2.83e+03, trn/lr 7.47e-02
[2022-03-20 10:29:38,926][INFO] [Epoch  72/200] trn/acc1 5.08e-01, trn/loss 3.34e+00, trn/loss_ce 1.93e+00, trn/loss_wd 2.82e+03, trn/lr 7.39e-02
[2022-03-20 10:29:44,759][INFO] [Epoch  73/200] trn/acc1 5.04e-01, trn/loss 3.35e+00, trn/loss_ce 1.94e+00, trn/loss_wd 2.83e+03, trn/lr 7.32e-02
[2022-03-20 10:29:50,594][INFO] [Epoch  74/200] trn/acc1 5.09e-01, trn/loss 3.33e+00, trn/loss_ce 1.91e+00, trn/loss_wd 2.83e+03, trn/lr 7.25e-02
[2022-03-20 10:29:56,434][INFO] [Epoch  75/200] trn/acc1 5.12e-01, trn/loss 3.31e+00, trn/loss_ce 1.90e+00, trn/loss_wd 2.83e+03, trn/lr 7.18e-02
[2022-03-20 10:30:02,267][INFO] [Epoch  76/200] trn/acc1 5.13e-01, trn/loss 3.31e+00, trn/loss_ce 1.90e+00, trn/loss_wd 2.83e+03, trn/lr 7.11e-02
[2022-03-20 10:30:08,107][INFO] [Epoch  77/200] trn/acc1 5.19e-01, trn/loss 3.28e+00, trn/loss_ce 1.86e+00, trn/loss_wd 2.83e+03, trn/lr 7.03e-02
[2022-03-20 10:30:13,949][INFO] [Epoch  78/200] trn/acc1 5.20e-01, trn/loss 3.28e+00, trn/loss_ce 1.87e+00, trn/loss_wd 2.82e+03, trn/lr 6.96e-02
[2022-03-20 10:30:19,798][INFO] [Epoch  79/200] trn/acc1 5.23e-01, trn/loss 3.26e+00, trn/loss_ce 1.85e+00, trn/loss_wd 2.82e+03, trn/lr 6.89e-02
[2022-03-20 10:30:25,641][INFO] [Epoch  80/200] trn/acc1 5.29e-01, trn/loss 3.24e+00, trn/loss_ce 1.83e+00, trn/loss_wd 2.82e+03, trn/lr 6.81e-02
[2022-03-20 10:30:25,793][INFO] [Epoch  80/200] Validation: val/acc1 0.4988, val/loss_ce 2.1006
[2022-03-20 10:30:32,267][INFO] [Epoch  81/200] trn/acc1 5.36e-01, trn/loss 3.20e+00, trn/loss_ce 1.79e+00, trn/loss_wd 2.81e+03, trn/lr 6.74e-02
[2022-03-20 10:30:38,233][INFO] [Epoch  82/200] trn/acc1 5.43e-01, trn/loss 3.16e+00, trn/loss_ce 1.76e+00, trn/loss_wd 2.79e+03, trn/lr 6.66e-02
[2022-03-20 10:30:44,071][INFO] [Epoch  83/200] trn/acc1 5.48e-01, trn/loss 3.14e+00, trn/loss_ce 1.75e+00, trn/loss_wd 2.78e+03, trn/lr 6.58e-02
[2022-03-20 10:30:49,914][INFO] [Epoch  84/200] trn/acc1 5.47e-01, trn/loss 3.14e+00, trn/loss_ce 1.76e+00, trn/loss_wd 2.77e+03, trn/lr 6.51e-02
[2022-03-20 10:30:55,767][INFO] [Epoch  85/200] trn/acc1 5.52e-01, trn/loss 3.11e+00, trn/loss_ce 1.73e+00, trn/loss_wd 2.77e+03, trn/lr 6.43e-02
[2022-03-20 10:31:01,610][INFO] [Epoch  86/200] trn/acc1 5.49e-01, trn/loss 3.12e+00, trn/loss_ce 1.74e+00, trn/loss_wd 2.77e+03, trn/lr 6.35e-02
[2022-03-20 10:31:07,442][INFO] [Epoch  87/200] trn/acc1 5.55e-01, trn/loss 3.09e+00, trn/loss_ce 1.71e+00, trn/loss_wd 2.77e+03, trn/lr 6.27e-02
[2022-03-20 10:31:13,279][INFO] [Epoch  88/200] trn/acc1 5.62e-01, trn/loss 3.06e+00, trn/loss_ce 1.68e+00, trn/loss_wd 2.77e+03, trn/lr 6.20e-02
[2022-03-20 10:31:19,136][INFO] [Epoch  89/200] trn/acc1 5.69e-01, trn/loss 3.02e+00, trn/loss_ce 1.64e+00, trn/loss_wd 2.75e+03, trn/lr 6.12e-02
[2022-03-20 10:31:24,982][INFO] [Epoch  90/200] trn/acc1 5.66e-01, trn/loss 3.03e+00, trn/loss_ce 1.66e+00, trn/loss_wd 2.74e+03, trn/lr 6.04e-02
[2022-03-20 10:31:30,825][INFO] [Epoch  91/200] trn/acc1 5.74e-01, trn/loss 3.00e+00, trn/loss_ce 1.63e+00, trn/loss_wd 2.74e+03, trn/lr 5.96e-02
[2022-03-20 10:31:36,671][INFO] [Epoch  92/200] trn/acc1 5.74e-01, trn/loss 2.99e+00, trn/loss_ce 1.62e+00, trn/loss_wd 2.74e+03, trn/lr 5.88e-02
[2022-03-20 10:31:42,528][INFO] [Epoch  93/200] trn/acc1 5.82e-01, trn/loss 2.95e+00, trn/loss_ce 1.59e+00, trn/loss_wd 2.72e+03, trn/lr 5.80e-02
[2022-03-20 10:31:48,362][INFO] [Epoch  94/200] trn/acc1 5.87e-01, trn/loss 2.93e+00, trn/loss_ce 1.58e+00, trn/loss_wd 2.71e+03, trn/lr 5.72e-02
[2022-03-20 10:31:54,221][INFO] [Epoch  95/200] trn/acc1 5.88e-01, trn/loss 2.90e+00, trn/loss_ce 1.56e+00, trn/loss_wd 2.69e+03, trn/lr 5.64e-02
[2022-03-20 10:32:00,079][INFO] [Epoch  96/200] trn/acc1 5.95e-01, trn/loss 2.88e+00, trn/loss_ce 1.53e+00, trn/loss_wd 2.68e+03, trn/lr 5.56e-02
[2022-03-20 10:32:05,932][INFO] [Epoch  97/200] trn/acc1 5.98e-01, trn/loss 2.86e+00, trn/loss_ce 1.52e+00, trn/loss_wd 2.68e+03, trn/lr 5.48e-02
[2022-03-20 10:32:11,778][INFO] [Epoch  98/200] trn/acc1 6.04e-01, trn/loss 2.84e+00, trn/loss_ce 1.50e+00, trn/loss_wd 2.67e+03, trn/lr 5.40e-02
[2022-03-20 10:32:17,626][INFO] [Epoch  99/200] trn/acc1 6.06e-01, trn/loss 2.81e+00, trn/loss_ce 1.49e+00, trn/loss_wd 2.66e+03, trn/lr 5.32e-02
[2022-03-20 10:32:23,473][INFO] [Epoch 100/200] trn/acc1 6.10e-01, trn/loss 2.79e+00, trn/loss_ce 1.46e+00, trn/loss_wd 2.65e+03, trn/lr 5.24e-02
[2022-03-20 10:32:23,625][INFO] [Epoch 100/200] Validation: val/acc1 0.5456, val/loss_ce 1.7799
[2022-03-20 10:32:30,098][INFO] [Epoch 101/200] trn/acc1 6.19e-01, trn/loss 2.77e+00, trn/loss_ce 1.44e+00, trn/loss_wd 2.64e+03, trn/lr 5.16e-02
[2022-03-20 10:32:35,944][INFO] [Epoch 102/200] trn/acc1 6.19e-01, trn/loss 2.74e+00, trn/loss_ce 1.43e+00, trn/loss_wd 2.63e+03, trn/lr 5.08e-02
[2022-03-20 10:32:41,785][INFO] [Epoch 103/200] trn/acc1 6.27e-01, trn/loss 2.71e+00, trn/loss_ce 1.40e+00, trn/loss_wd 2.62e+03, trn/lr 5.00e-02
[2022-03-20 10:32:47,643][INFO] [Epoch 104/200] trn/acc1 6.27e-01, trn/loss 2.69e+00, trn/loss_ce 1.39e+00, trn/loss_wd 2.61e+03, trn/lr 4.92e-02
[2022-03-20 10:32:53,491][INFO] [Epoch 105/200] trn/acc1 6.35e-01, trn/loss 2.67e+00, trn/loss_ce 1.37e+00, trn/loss_wd 2.60e+03, trn/lr 4.84e-02
[2022-03-20 10:32:59,324][INFO] [Epoch 106/200] trn/acc1 6.37e-01, trn/loss 2.65e+00, trn/loss_ce 1.35e+00, trn/loss_wd 2.59e+03, trn/lr 4.76e-02
[2022-03-20 10:33:05,169][INFO] [Epoch 107/200] trn/acc1 6.44e-01, trn/loss 2.62e+00, trn/loss_ce 1.33e+00, trn/loss_wd 2.58e+03, trn/lr 4.68e-02
[2022-03-20 10:33:11,102][INFO] [Epoch 108/200] trn/acc1 6.48e-01, trn/loss 2.60e+00, trn/loss_ce 1.31e+00, trn/loss_wd 2.57e+03, trn/lr 4.60e-02
[2022-03-20 10:33:16,952][INFO] [Epoch 109/200] trn/acc1 6.52e-01, trn/loss 2.57e+00, trn/loss_ce 1.29e+00, trn/loss_wd 2.56e+03, trn/lr 4.52e-02
[2022-03-20 10:33:22,794][INFO] [Epoch 110/200] trn/acc1 6.54e-01, trn/loss 2.56e+00, trn/loss_ce 1.28e+00, trn/loss_wd 2.56e+03, trn/lr 4.44e-02
[2022-03-20 10:33:28,637][INFO] [Epoch 111/200] trn/acc1 6.61e-01, trn/loss 2.52e+00, trn/loss_ce 1.25e+00, trn/loss_wd 2.54e+03, trn/lr 4.36e-02
[2022-03-20 10:33:34,488][INFO] [Epoch 112/200] trn/acc1 6.60e-01, trn/loss 2.51e+00, trn/loss_ce 1.24e+00, trn/loss_wd 2.54e+03, trn/lr 4.28e-02
[2022-03-20 10:33:40,326][INFO] [Epoch 113/200] trn/acc1 6.71e-01, trn/loss 2.47e+00, trn/loss_ce 1.21e+00, trn/loss_wd 2.53e+03, trn/lr 4.20e-02
[2022-03-20 10:33:46,182][INFO] [Epoch 114/200] trn/acc1 6.72e-01, trn/loss 2.46e+00, trn/loss_ce 1.20e+00, trn/loss_wd 2.52e+03, trn/lr 4.12e-02
[2022-03-20 10:33:52,016][INFO] [Epoch 115/200] trn/acc1 6.81e-01, trn/loss 2.42e+00, trn/loss_ce 1.16e+00, trn/loss_wd 2.50e+03, trn/lr 4.04e-02
[2022-03-20 10:33:57,864][INFO] [Epoch 116/200] trn/acc1 6.84e-01, trn/loss 2.40e+00, trn/loss_ce 1.15e+00, trn/loss_wd 2.49e+03, trn/lr 3.96e-02
[2022-03-20 10:34:03,715][INFO] [Epoch 117/200] trn/acc1 6.91e-01, trn/loss 2.36e+00, trn/loss_ce 1.12e+00, trn/loss_wd 2.48e+03, trn/lr 3.88e-02
[2022-03-20 10:34:09,563][INFO] [Epoch 118/200] trn/acc1 6.95e-01, trn/loss 2.34e+00, trn/loss_ce 1.11e+00, trn/loss_wd 2.47e+03, trn/lr 3.80e-02
[2022-03-20 10:34:15,416][INFO] [Epoch 119/200] trn/acc1 7.00e-01, trn/loss 2.31e+00, trn/loss_ce 1.08e+00, trn/loss_wd 2.45e+03, trn/lr 3.73e-02
[2022-03-20 10:34:21,256][INFO] [Epoch 120/200] trn/acc1 7.06e-01, trn/loss 2.28e+00, trn/loss_ce 1.06e+00, trn/loss_wd 2.43e+03, trn/lr 3.65e-02
[2022-03-20 10:34:21,409][INFO] [Epoch 120/200] Validation: val/acc1 0.5994, val/loss_ce 1.5893
[2022-03-20 10:34:27,873][INFO] [Epoch 121/200] trn/acc1 7.10e-01, trn/loss 2.26e+00, trn/loss_ce 1.05e+00, trn/loss_wd 2.42e+03, trn/lr 3.57e-02
[2022-03-20 10:34:33,725][INFO] [Epoch 122/200] trn/acc1 7.14e-01, trn/loss 2.23e+00, trn/loss_ce 1.02e+00, trn/loss_wd 2.41e+03, trn/lr 3.49e-02
[2022-03-20 10:34:39,561][INFO] [Epoch 123/200] trn/acc1 7.19e-01, trn/loss 2.21e+00, trn/loss_ce 1.01e+00, trn/loss_wd 2.40e+03, trn/lr 3.42e-02
[2022-03-20 10:34:45,406][INFO] [Epoch 124/200] trn/acc1 7.27e-01, trn/loss 2.17e+00, trn/loss_ce 9.75e-01, trn/loss_wd 2.39e+03, trn/lr 3.34e-02
[2022-03-20 10:34:51,256][INFO] [Epoch 125/200] trn/acc1 7.34e-01, trn/loss 2.14e+00, trn/loss_ce 9.56e-01, trn/loss_wd 2.37e+03, trn/lr 3.26e-02
[2022-03-20 10:34:57,102][INFO] [Epoch 126/200] trn/acc1 7.33e-01, trn/loss 2.13e+00, trn/loss_ce 9.50e-01, trn/loss_wd 2.36e+03, trn/lr 3.19e-02
[2022-03-20 10:35:02,952][INFO] [Epoch 127/200] trn/acc1 7.37e-01, trn/loss 2.10e+00, trn/loss_ce 9.24e-01, trn/loss_wd 2.35e+03, trn/lr 3.11e-02
[2022-03-20 10:35:08,801][INFO] [Epoch 128/200] trn/acc1 7.46e-01, trn/loss 2.06e+00, trn/loss_ce 8.97e-01, trn/loss_wd 2.33e+03, trn/lr 3.04e-02
[2022-03-20 10:35:14,650][INFO] [Epoch 129/200] trn/acc1 7.51e-01, trn/loss 2.03e+00, trn/loss_ce 8.76e-01, trn/loss_wd 2.32e+03, trn/lr 2.97e-02
[2022-03-20 10:35:20,490][INFO] [Epoch 130/200] trn/acc1 7.55e-01, trn/loss 2.02e+00, trn/loss_ce 8.63e-01, trn/loss_wd 2.31e+03, trn/lr 2.89e-02
[2022-03-20 10:35:26,328][INFO] [Epoch 131/200] trn/acc1 7.59e-01, trn/loss 1.99e+00, trn/loss_ce 8.39e-01, trn/loss_wd 2.29e+03, trn/lr 2.82e-02
[2022-03-20 10:35:32,172][INFO] [Epoch 132/200] trn/acc1 7.68e-01, trn/loss 1.96e+00, trn/loss_ce 8.17e-01, trn/loss_wd 2.28e+03, trn/lr 2.75e-02
[2022-03-20 10:35:38,108][INFO] [Epoch 133/200] trn/acc1 7.71e-01, trn/loss 1.93e+00, trn/loss_ce 7.95e-01, trn/loss_wd 2.26e+03, trn/lr 2.68e-02
[2022-03-20 10:35:43,956][INFO] [Epoch 134/200] trn/acc1 7.77e-01, trn/loss 1.90e+00, trn/loss_ce 7.74e-01, trn/loss_wd 2.25e+03, trn/lr 2.61e-02
[2022-03-20 10:35:49,805][INFO] [Epoch 135/200] trn/acc1 7.81e-01, trn/loss 1.87e+00, trn/loss_ce 7.53e-01, trn/loss_wd 2.23e+03, trn/lr 2.54e-02
[2022-03-20 10:35:55,658][INFO] [Epoch 136/200] trn/acc1 7.87e-01, trn/loss 1.84e+00, trn/loss_ce 7.33e-01, trn/loss_wd 2.22e+03, trn/lr 2.47e-02
[2022-03-20 10:36:01,510][INFO] [Epoch 137/200] trn/acc1 7.94e-01, trn/loss 1.82e+00, trn/loss_ce 7.12e-01, trn/loss_wd 2.21e+03, trn/lr 2.40e-02
[2022-03-20 10:36:07,361][INFO] [Epoch 138/200] trn/acc1 7.96e-01, trn/loss 1.79e+00, trn/loss_ce 6.98e-01, trn/loss_wd 2.19e+03, trn/lr 2.33e-02
[2022-03-20 10:36:13,197][INFO] [Epoch 139/200] trn/acc1 8.04e-01, trn/loss 1.76e+00, trn/loss_ce 6.69e-01, trn/loss_wd 2.18e+03, trn/lr 2.26e-02
[2022-03-20 10:36:19,063][INFO] [Epoch 140/200] trn/acc1 8.12e-01, trn/loss 1.73e+00, trn/loss_ce 6.45e-01, trn/loss_wd 2.16e+03, trn/lr 2.19e-02
[2022-03-20 10:36:19,216][INFO] [Epoch 140/200] Validation: val/acc1 0.6294, val/loss_ce 1.4628
[2022-03-20 10:36:25,777][INFO] [Epoch 141/200] trn/acc1 8.16e-01, trn/loss 1.70e+00, trn/loss_ce 6.29e-01, trn/loss_wd 2.15e+03, trn/lr 2.13e-02
[2022-03-20 10:36:31,626][INFO] [Epoch 142/200] trn/acc1 8.20e-01, trn/loss 1.68e+00, trn/loss_ce 6.11e-01, trn/loss_wd 2.13e+03, trn/lr 2.06e-02
[2022-03-20 10:36:37,471][INFO] [Epoch 143/200] trn/acc1 8.29e-01, trn/loss 1.64e+00, trn/loss_ce 5.80e-01, trn/loss_wd 2.12e+03, trn/lr 2.00e-02
[2022-03-20 10:36:43,318][INFO] [Epoch 144/200] trn/acc1 8.32e-01, trn/loss 1.62e+00, trn/loss_ce 5.69e-01, trn/loss_wd 2.10e+03, trn/lr 1.93e-02
[2022-03-20 10:36:49,169][INFO] [Epoch 145/200] trn/acc1 8.37e-01, trn/loss 1.59e+00, trn/loss_ce 5.47e-01, trn/loss_wd 2.08e+03, trn/lr 1.87e-02
[2022-03-20 10:36:55,017][INFO] [Epoch 146/200] trn/acc1 8.45e-01, trn/loss 1.55e+00, trn/loss_ce 5.16e-01, trn/loss_wd 2.07e+03, trn/lr 1.81e-02
[2022-03-20 10:37:00,863][INFO] [Epoch 147/200] trn/acc1 8.50e-01, trn/loss 1.52e+00, trn/loss_ce 4.98e-01, trn/loss_wd 2.05e+03, trn/lr 1.75e-02
[2022-03-20 10:37:06,715][INFO] [Epoch 148/200] trn/acc1 8.56e-01, trn/loss 1.49e+00, trn/loss_ce 4.77e-01, trn/loss_wd 2.03e+03, trn/lr 1.68e-02
[2022-03-20 10:37:12,574][INFO] [Epoch 149/200] trn/acc1 8.59e-01, trn/loss 1.47e+00, trn/loss_ce 4.64e-01, trn/loss_wd 2.01e+03, trn/lr 1.62e-02
[2022-03-20 10:37:18,421][INFO] [Epoch 150/200] trn/acc1 8.70e-01, trn/loss 1.43e+00, trn/loss_ce 4.30e-01, trn/loss_wd 1.99e+03, trn/lr 1.57e-02
[2022-03-20 10:37:24,276][INFO] [Epoch 151/200] trn/acc1 8.74e-01, trn/loss 1.40e+00, trn/loss_ce 4.17e-01, trn/loss_wd 1.97e+03, trn/lr 1.51e-02
[2022-03-20 10:37:30,121][INFO] [Epoch 152/200] trn/acc1 8.77e-01, trn/loss 1.38e+00, trn/loss_ce 4.01e-01, trn/loss_wd 1.95e+03, trn/lr 1.45e-02
[2022-03-20 10:37:35,970][INFO] [Epoch 153/200] trn/acc1 8.84e-01, trn/loss 1.35e+00, trn/loss_ce 3.79e-01, trn/loss_wd 1.94e+03, trn/lr 1.39e-02
[2022-03-20 10:37:41,822][INFO] [Epoch 154/200] trn/acc1 8.89e-01, trn/loss 1.32e+00, trn/loss_ce 3.62e-01, trn/loss_wd 1.92e+03, trn/lr 1.34e-02
[2022-03-20 10:37:47,675][INFO] [Epoch 155/200] trn/acc1 8.97e-01, trn/loss 1.28e+00, trn/loss_ce 3.31e-01, trn/loss_wd 1.90e+03, trn/lr 1.28e-02
[2022-03-20 10:37:53,525][INFO] [Epoch 156/200] trn/acc1 9.02e-01, trn/loss 1.26e+00, trn/loss_ce 3.19e-01, trn/loss_wd 1.88e+03, trn/lr 1.23e-02
[2022-03-20 10:37:59,366][INFO] [Epoch 157/200] trn/acc1 9.05e-01, trn/loss 1.23e+00, trn/loss_ce 3.05e-01, trn/loss_wd 1.86e+03, trn/lr 1.18e-02
[2022-03-20 10:38:05,224][INFO] [Epoch 158/200] trn/acc1 9.10e-01, trn/loss 1.21e+00, trn/loss_ce 2.86e-01, trn/loss_wd 1.84e+03, trn/lr 1.13e-02
[2022-03-20 10:38:11,096][INFO] [Epoch 159/200] trn/acc1 9.16e-01, trn/loss 1.18e+00, trn/loss_ce 2.66e-01, trn/loss_wd 1.82e+03, trn/lr 1.08e-02
[2022-03-20 10:38:16,952][INFO] [Epoch 160/200] trn/acc1 9.22e-01, trn/loss 1.15e+00, trn/loss_ce 2.50e-01, trn/loss_wd 1.80e+03, trn/lr 1.03e-02
[2022-03-20 10:38:17,105][INFO] [Epoch 160/200] Validation: val/acc1 0.6650, val/loss_ce 1.4734
[2022-03-20 10:38:23,401][INFO] [Epoch 161/200] trn/acc1 9.26e-01, trn/loss 1.12e+00, trn/loss_ce 2.35e-01, trn/loss_wd 1.78e+03, trn/lr 9.79e-03
[2022-03-20 10:38:29,464][INFO] [Epoch 162/200] trn/acc1 9.33e-01, trn/loss 1.09e+00, trn/loss_ce 2.10e-01, trn/loss_wd 1.76e+03, trn/lr 9.31e-03
[2022-03-20 10:38:35,313][INFO] [Epoch 163/200] trn/acc1 9.37e-01, trn/loss 1.06e+00, trn/loss_ce 1.96e-01, trn/loss_wd 1.74e+03, trn/lr 8.85e-03
[2022-03-20 10:38:41,167][INFO] [Epoch 164/200] trn/acc1 9.42e-01, trn/loss 1.04e+00, trn/loss_ce 1.78e-01, trn/loss_wd 1.72e+03, trn/lr 8.40e-03
[2022-03-20 10:38:47,019][INFO] [Epoch 165/200] trn/acc1 9.48e-01, trn/loss 1.01e+00, trn/loss_ce 1.64e-01, trn/loss_wd 1.69e+03, trn/lr 7.96e-03
[2022-03-20 10:38:52,876][INFO] [Epoch 166/200] trn/acc1 9.51e-01, trn/loss 9.87e-01, trn/loss_ce 1.50e-01, trn/loss_wd 1.67e+03, trn/lr 7.53e-03
[2022-03-20 10:38:58,729][INFO] [Epoch 167/200] trn/acc1 9.57e-01, trn/loss 9.61e-01, trn/loss_ce 1.34e-01, trn/loss_wd 1.65e+03, trn/lr 7.11e-03
[2022-03-20 10:39:04,585][INFO] [Epoch 168/200] trn/acc1 9.61e-01, trn/loss 9.39e-01, trn/loss_ce 1.22e-01, trn/loss_wd 1.63e+03, trn/lr 6.70e-03
[2022-03-20 10:39:10,440][INFO] [Epoch 169/200] trn/acc1 9.65e-01, trn/loss 9.18e-01, trn/loss_ce 1.11e-01, trn/loss_wd 1.61e+03, trn/lr 6.30e-03
[2022-03-20 10:39:16,290][INFO] [Epoch 170/200] trn/acc1 9.69e-01, trn/loss 8.95e-01, trn/loss_ce 9.79e-02, trn/loss_wd 1.60e+03, trn/lr 5.92e-03
[2022-03-20 10:39:22,149][INFO] [Epoch 171/200] trn/acc1 9.73e-01, trn/loss 8.73e-01, trn/loss_ce 8.50e-02, trn/loss_wd 1.58e+03, trn/lr 5.54e-03
[2022-03-20 10:39:28,017][INFO] [Epoch 172/200] trn/acc1 9.75e-01, trn/loss 8.58e-01, trn/loss_ce 7.86e-02, trn/loss_wd 1.56e+03, trn/lr 5.18e-03
[2022-03-20 10:39:33,873][INFO] [Epoch 173/200] trn/acc1 9.76e-01, trn/loss 8.45e-01, trn/loss_ce 7.46e-02, trn/loss_wd 1.54e+03, trn/lr 4.83e-03
[2022-03-20 10:39:39,725][INFO] [Epoch 174/200] trn/acc1 9.81e-01, trn/loss 8.24e-01, trn/loss_ce 6.12e-02, trn/loss_wd 1.52e+03, trn/lr 4.49e-03
[2022-03-20 10:39:45,578][INFO] [Epoch 175/200] trn/acc1 9.82e-01, trn/loss 8.11e-01, trn/loss_ce 5.69e-02, trn/loss_wd 1.51e+03, trn/lr 4.16e-03
[2022-03-20 10:39:51,437][INFO] [Epoch 176/200] trn/acc1 9.86e-01, trn/loss 7.92e-01, trn/loss_ce 4.53e-02, trn/loss_wd 1.49e+03, trn/lr 3.85e-03
[2022-03-20 10:39:57,293][INFO] [Epoch 177/200] trn/acc1 9.85e-01, trn/loss 7.87e-01, trn/loss_ce 4.70e-02, trn/loss_wd 1.48e+03, trn/lr 3.54e-03
[2022-03-20 10:40:03,151][INFO] [Epoch 178/200] trn/acc1 9.89e-01, trn/loss 7.70e-01, trn/loss_ce 3.62e-02, trn/loss_wd 1.47e+03, trn/lr 3.25e-03
[2022-03-20 10:40:09,000][INFO] [Epoch 179/200] trn/acc1 9.90e-01, trn/loss 7.59e-01, trn/loss_ce 3.16e-02, trn/loss_wd 1.46e+03, trn/lr 2.97e-03
[2022-03-20 10:40:14,852][INFO] [Epoch 180/200] trn/acc1 9.92e-01, trn/loss 7.50e-01, trn/loss_ce 2.78e-02, trn/loss_wd 1.44e+03, trn/lr 2.70e-03
[2022-03-20 10:40:15,005][INFO] [Epoch 180/200] Validation: val/acc1 0.6888, val/loss_ce 1.9868
[2022-03-20 10:40:21,305][INFO] [Epoch 181/200] trn/acc1 9.92e-01, trn/loss 7.43e-01, trn/loss_ce 2.63e-02, trn/loss_wd 1.43e+03, trn/lr 2.45e-03
[2022-03-20 10:40:21,457][INFO] [Epoch 181/200] Validation: val/acc1 0.6864, val/loss_ce 2.0632
[2022-03-20 10:40:27,573][INFO] [Epoch 182/200] trn/acc1 9.93e-01, trn/loss 7.35e-01, trn/loss_ce 2.26e-02, trn/loss_wd 1.42e+03, trn/lr 2.21e-03
[2022-03-20 10:40:27,726][INFO] [Epoch 182/200] Validation: val/acc1 0.6846, val/loss_ce 2.1424
[2022-03-20 10:40:33,878][INFO] [Epoch 183/200] trn/acc1 9.94e-01, trn/loss 7.27e-01, trn/loss_ce 1.87e-02, trn/loss_wd 1.42e+03, trn/lr 1.97e-03
[2022-03-20 10:40:34,030][INFO] [Epoch 183/200] Validation: val/acc1 0.6874, val/loss_ce 2.1592
[2022-03-20 10:40:40,131][INFO] [Epoch 184/200] trn/acc1 9.94e-01, trn/loss 7.23e-01, trn/loss_ce 1.86e-02, trn/loss_wd 1.41e+03, trn/lr 1.76e-03
[2022-03-20 10:40:40,283][INFO] [Epoch 184/200] Validation: val/acc1 0.6922, val/loss_ce 2.1229
[2022-03-20 10:40:46,604][INFO] [Epoch 185/200] trn/acc1 9.95e-01, trn/loss 7.17e-01, trn/loss_ce 1.67e-02, trn/loss_wd 1.40e+03, trn/lr 1.55e-03
[2022-03-20 10:40:46,756][INFO] [Epoch 185/200] Validation: val/acc1 0.6898, val/loss_ce 2.1526
[2022-03-20 10:40:52,836][INFO] [Epoch 186/200] trn/acc1 9.96e-01, trn/loss 7.12e-01, trn/loss_ce 1.47e-02, trn/loss_wd 1.39e+03, trn/lr 1.36e-03
[2022-03-20 10:40:52,987][INFO] [Epoch 186/200] Validation: val/acc1 0.6900, val/loss_ce 2.1117
[2022-03-20 10:40:59,096][INFO] [Epoch 187/200] trn/acc1 9.96e-01, trn/loss 7.09e-01, trn/loss_ce 1.40e-02, trn/loss_wd 1.39e+03, trn/lr 1.18e-03
[2022-03-20 10:40:59,248][INFO] [Epoch 187/200] Validation: val/acc1 0.6894, val/loss_ce 2.1553
[2022-03-20 10:41:05,309][INFO] [Epoch 188/200] trn/acc1 9.97e-01, trn/loss 7.03e-01, trn/loss_ce 1.06e-02, trn/loss_wd 1.39e+03, trn/lr 1.01e-03
[2022-03-20 10:41:05,461][INFO] [Epoch 188/200] Validation: val/acc1 0.6926, val/loss_ce 2.2352
[2022-03-20 10:41:11,763][INFO] [Epoch 189/200] trn/acc1 9.97e-01, trn/loss 7.01e-01, trn/loss_ce 1.03e-02, trn/loss_wd 1.38e+03, trn/lr 8.56e-04
[2022-03-20 10:41:11,916][INFO] [Epoch 189/200] Validation: val/acc1 0.6918, val/loss_ce 2.2267
[2022-03-20 10:41:18,093][INFO] [Epoch 190/200] trn/acc1 9.97e-01, trn/loss 6.99e-01, trn/loss_ce 1.05e-02, trn/loss_wd 1.38e+03, trn/lr 7.14e-04
[2022-03-20 10:41:18,245][INFO] [Epoch 190/200] Validation: val/acc1 0.6912, val/loss_ce 2.1968
[2022-03-20 10:41:24,339][INFO] [Epoch 191/200] trn/acc1 9.97e-01, trn/loss 6.98e-01, trn/loss_ce 1.07e-02, trn/loss_wd 1.37e+03, trn/lr 5.85e-04
[2022-03-20 10:41:24,491][INFO] [Epoch 191/200] Validation: val/acc1 0.6924, val/loss_ce 2.1882
[2022-03-20 10:41:30,579][INFO] [Epoch 192/200] trn/acc1 9.98e-01, trn/loss 6.95e-01, trn/loss_ce 8.80e-03, trn/loss_wd 1.37e+03, trn/lr 4.69e-04
[2022-03-20 10:41:30,731][INFO] [Epoch 192/200] Validation: val/acc1 0.6928, val/loss_ce 2.2056
[2022-03-20 10:41:36,995][INFO] [Epoch 193/200] trn/acc1 9.98e-01, trn/loss 6.94e-01, trn/loss_ce 8.54e-03, trn/loss_wd 1.37e+03, trn/lr 3.65e-04
[2022-03-20 10:41:37,146][INFO] [Epoch 193/200] Validation: val/acc1 0.6938, val/loss_ce 2.2214
[2022-03-20 10:41:43,391][INFO] [Epoch 194/200] trn/acc1 9.98e-01, trn/loss 6.93e-01, trn/loss_ce 8.00e-03, trn/loss_wd 1.37e+03, trn/lr 2.75e-04
[2022-03-20 10:41:43,544][INFO] [Epoch 194/200] Validation: val/acc1 0.6916, val/loss_ce 2.2272
[2022-03-20 10:41:49,630][INFO] [Epoch 195/200] trn/acc1 9.98e-01, trn/loss 6.92e-01, trn/loss_ce 7.97e-03, trn/loss_wd 1.37e+03, trn/lr 1.97e-04
[2022-03-20 10:41:49,783][INFO] [Epoch 195/200] Validation: val/acc1 0.6930, val/loss_ce 2.2276
[2022-03-20 10:41:55,852][INFO] [Epoch 196/200] trn/acc1 9.98e-01, trn/loss 6.92e-01, trn/loss_ce 8.31e-03, trn/loss_wd 1.37e+03, trn/lr 1.32e-04
[2022-03-20 10:41:56,005][INFO] [Epoch 196/200] Validation: val/acc1 0.6926, val/loss_ce 2.2334
[2022-03-20 10:42:02,095][INFO] [Epoch 197/200] trn/acc1 9.98e-01, trn/loss 6.91e-01, trn/loss_ce 7.12e-03, trn/loss_wd 1.37e+03, trn/lr 8.01e-05
[2022-03-20 10:42:02,246][INFO] [Epoch 197/200] Validation: val/acc1 0.6918, val/loss_ce 2.2348
[2022-03-20 10:42:08,336][INFO] [Epoch 198/200] trn/acc1 9.98e-01, trn/loss 6.92e-01, trn/loss_ce 8.20e-03, trn/loss_wd 1.37e+03, trn/lr 4.11e-05
[2022-03-20 10:42:08,488][INFO] [Epoch 198/200] Validation: val/acc1 0.6918, val/loss_ce 2.2326
[2022-03-20 10:42:14,577][INFO] [Epoch 199/200] trn/acc1 9.98e-01, trn/loss 6.91e-01, trn/loss_ce 7.33e-03, trn/loss_wd 1.37e+03, trn/lr 1.52e-05
[2022-03-20 10:42:14,730][INFO] [Epoch 199/200] Validation: val/acc1 0.6928, val/loss_ce 2.2352
[2022-03-20 10:42:20,843][INFO] [Epoch 200/200] trn/acc1 9.98e-01, trn/loss 6.91e-01, trn/loss_ce 7.30e-03, trn/loss_wd 1.37e+03, trn/lr 2.17e-06
[2022-03-20 10:42:20,996][INFO] [Epoch 200/200] Validation: val/acc1 0.6922, val/loss_ce 2.2349
