[2022-02-07 15:52:34,332][INFO] Environments:
------------  ---------------------------------------------------------------------------
sys.platform  linux
Python        3.7.11 (default, Nov 23 2021, 05:29:02) [GCC 7.5.0]
JAX           0.2.27 @/mnt/data1/giung/venvs/jax0.2.27/lib/python3.7/site-packages/jax
jaxlib        0.1.75 @/mnt/data1/giung/venvs/jax0.2.27/lib/python3.7/site-packages/jaxlib
Flax          0.4.0 @/mnt/data1/giung/venvs/jax0.2.27/lib/python3.7/site-packages/flax
Optax         0.1.0 @/mnt/data1/giung/venvs/jax0.2.27/lib/python3.7/site-packages/optax
------------  ---------------------------------------------------------------------------

[2022-02-07 15:52:34,332][INFO] Command line arguments:
Namespace(batch_size=128, config_file='./configs/C100_VGG16-ReLU_SGD.yaml', keep_every_n_checkpoints=None, learning_rate=0.05, num_epochs=200, num_warmup_epochs=5, opts=[], output_dir='./outputs/C100_VGG16-ReLU/SGD/s42_e200_wd5e-4/', seed=42, weight_decay=0.0005)

[2022-02-07 15:52:34,332][INFO] Using a random seed 42

[2022-02-07 15:52:34,478][INFO] Unable to initialize backend 'tpu_driver': NOT_FOUND: Unable to find driver in registry given worker: 
[2022-02-07 15:52:34,681][INFO] Unable to initialize backend 'tpu': INVALID_ARGUMENT: TpuPlatform is not available.
[2022-02-07 15:53:57,801][INFO] Found no checkpoint files in outputs/C100_VGG16-ReLU/SGD/s42_e200_wd5e-4
[2022-02-07 15:54:13,568][INFO] [Epoch   1/200] trn/acc1 4.30e-02, trn/loss 6.99e+00, trn/loss_ce 4.33e+00, trn/loss_wd 5.32e+03, trn/lr 4.99e-03
[2022-02-07 15:54:15,279][INFO] [Epoch   1/200] Validation: val/acc1 0.0682, val/loss_ce 4.0398
[2022-02-07 15:54:25,318][INFO] [Epoch   2/200] trn/acc1 9.41e-02, trn/loss 6.47e+00, trn/loss_ce 3.89e+00, trn/loss_wd 5.16e+03, trn/lr 1.50e-02
[2022-02-07 15:54:29,739][INFO] [Epoch   3/200] trn/acc1 1.35e-01, trn/loss 6.08e+00, trn/loss_ce 3.66e+00, trn/loss_wd 4.85e+03, trn/lr 2.50e-02
[2022-02-07 15:54:34,150][INFO] [Epoch   4/200] trn/acc1 1.67e-01, trn/loss 5.68e+00, trn/loss_ce 3.45e+00, trn/loss_wd 4.46e+03, trn/lr 3.50e-02
[2022-02-07 15:54:38,551][INFO] [Epoch   5/200] trn/acc1 1.87e-01, trn/loss 5.35e+00, trn/loss_ce 3.34e+00, trn/loss_wd 4.02e+03, trn/lr 4.50e-02
[2022-02-07 15:54:42,961][INFO] [Epoch   6/200] trn/acc1 2.27e-01, trn/loss 4.90e+00, trn/loss_ce 3.10e+00, trn/loss_wd 3.60e+03, trn/lr 5.00e-02
[2022-02-07 15:54:47,393][INFO] [Epoch   7/200] trn/acc1 2.71e-01, trn/loss 4.49e+00, trn/loss_ce 2.87e+00, trn/loss_wd 3.25e+03, trn/lr 5.00e-02
[2022-02-07 15:54:51,818][INFO] [Epoch   8/200] trn/acc1 3.08e-01, trn/loss 4.16e+00, trn/loss_ce 2.68e+00, trn/loss_wd 2.97e+03, trn/lr 5.00e-02
[2022-02-07 15:54:56,252][INFO] [Epoch   9/200] trn/acc1 3.42e-01, trn/loss 3.91e+00, trn/loss_ce 2.53e+00, trn/loss_wd 2.75e+03, trn/lr 5.00e-02
[2022-02-07 15:55:00,713][INFO] [Epoch  10/200] trn/acc1 3.68e-01, trn/loss 3.70e+00, trn/loss_ce 2.41e+00, trn/loss_wd 2.58e+03, trn/lr 4.99e-02
[2022-02-07 15:55:05,159][INFO] [Epoch  11/200] trn/acc1 3.91e-01, trn/loss 3.53e+00, trn/loss_ce 2.31e+00, trn/loss_wd 2.45e+03, trn/lr 4.99e-02
[2022-02-07 15:55:09,604][INFO] [Epoch  12/200] trn/acc1 4.14e-01, trn/loss 3.39e+00, trn/loss_ce 2.22e+00, trn/loss_wd 2.35e+03, trn/lr 4.99e-02
[2022-02-07 15:55:14,056][INFO] [Epoch  13/200] trn/acc1 4.27e-01, trn/loss 3.30e+00, trn/loss_ce 2.16e+00, trn/loss_wd 2.27e+03, trn/lr 4.98e-02
[2022-02-07 15:55:18,508][INFO] [Epoch  14/200] trn/acc1 4.46e-01, trn/loss 3.20e+00, trn/loss_ce 2.09e+00, trn/loss_wd 2.22e+03, trn/lr 4.98e-02
[2022-02-07 15:55:22,964][INFO] [Epoch  15/200] trn/acc1 4.57e-01, trn/loss 3.13e+00, trn/loss_ce 2.04e+00, trn/loss_wd 2.18e+03, trn/lr 4.97e-02
[2022-02-07 15:55:27,423][INFO] [Epoch  16/200] trn/acc1 4.75e-01, trn/loss 3.07e+00, trn/loss_ce 1.99e+00, trn/loss_wd 2.16e+03, trn/lr 4.96e-02
[2022-02-07 15:55:31,887][INFO] [Epoch  17/200] trn/acc1 4.76e-01, trn/loss 3.03e+00, trn/loss_ce 1.96e+00, trn/loss_wd 2.15e+03, trn/lr 4.96e-02
[2022-02-07 15:55:36,347][INFO] [Epoch  18/200] trn/acc1 4.90e-01, trn/loss 2.98e+00, trn/loss_ce 1.91e+00, trn/loss_wd 2.15e+03, trn/lr 4.95e-02
[2022-02-07 15:55:40,813][INFO] [Epoch  19/200] trn/acc1 4.99e-01, trn/loss 2.95e+00, trn/loss_ce 1.87e+00, trn/loss_wd 2.16e+03, trn/lr 4.94e-02
[2022-02-07 15:55:45,284][INFO] [Epoch  20/200] trn/acc1 5.07e-01, trn/loss 2.92e+00, trn/loss_ce 1.84e+00, trn/loss_wd 2.17e+03, trn/lr 4.93e-02
[2022-02-07 15:55:45,408][INFO] [Epoch  20/200] Validation: val/acc1 0.4590, val/loss_ce 2.1143
[2022-02-07 15:55:56,568][INFO] [Epoch  21/200] trn/acc1 5.16e-01, trn/loss 2.89e+00, trn/loss_ce 1.80e+00, trn/loss_wd 2.18e+03, trn/lr 4.92e-02
[2022-02-07 15:56:01,033][INFO] [Epoch  22/200] trn/acc1 5.25e-01, trn/loss 2.87e+00, trn/loss_ce 1.78e+00, trn/loss_wd 2.19e+03, trn/lr 4.91e-02
[2022-02-07 15:56:05,492][INFO] [Epoch  23/200] trn/acc1 5.31e-01, trn/loss 2.85e+00, trn/loss_ce 1.75e+00, trn/loss_wd 2.21e+03, trn/lr 4.90e-02
[2022-02-07 15:56:09,946][INFO] [Epoch  24/200] trn/acc1 5.38e-01, trn/loss 2.84e+00, trn/loss_ce 1.72e+00, trn/loss_wd 2.23e+03, trn/lr 4.89e-02
[2022-02-07 15:56:14,409][INFO] [Epoch  25/200] trn/acc1 5.45e-01, trn/loss 2.82e+00, trn/loss_ce 1.69e+00, trn/loss_wd 2.25e+03, trn/lr 4.88e-02
[2022-02-07 15:56:18,976][INFO] [Epoch  26/200] trn/acc1 5.49e-01, trn/loss 2.83e+00, trn/loss_ce 1.69e+00, trn/loss_wd 2.29e+03, trn/lr 4.86e-02
[2022-02-07 15:56:23,433][INFO] [Epoch  27/200] trn/acc1 5.51e-01, trn/loss 2.83e+00, trn/loss_ce 1.67e+00, trn/loss_wd 2.32e+03, trn/lr 4.85e-02
[2022-02-07 15:56:27,893][INFO] [Epoch  28/200] trn/acc1 5.58e-01, trn/loss 2.81e+00, trn/loss_ce 1.64e+00, trn/loss_wd 2.34e+03, trn/lr 4.84e-02
[2022-02-07 15:56:32,355][INFO] [Epoch  29/200] trn/acc1 5.68e-01, trn/loss 2.80e+00, trn/loss_ce 1.61e+00, trn/loss_wd 2.37e+03, trn/lr 4.82e-02
[2022-02-07 15:56:36,812][INFO] [Epoch  30/200] trn/acc1 5.74e-01, trn/loss 2.79e+00, trn/loss_ce 1.59e+00, trn/loss_wd 2.40e+03, trn/lr 4.81e-02
[2022-02-07 15:56:41,277][INFO] [Epoch  31/200] trn/acc1 5.75e-01, trn/loss 2.80e+00, trn/loss_ce 1.58e+00, trn/loss_wd 2.42e+03, trn/lr 4.79e-02
[2022-02-07 15:56:45,921][INFO] [Epoch  32/200] trn/acc1 5.78e-01, trn/loss 2.79e+00, trn/loss_ce 1.57e+00, trn/loss_wd 2.45e+03, trn/lr 4.78e-02
[2022-02-07 15:56:50,401][INFO] [Epoch  33/200] trn/acc1 5.87e-01, trn/loss 2.77e+00, trn/loss_ce 1.54e+00, trn/loss_wd 2.47e+03, trn/lr 4.76e-02
[2022-02-07 15:56:54,890][INFO] [Epoch  34/200] trn/acc1 5.92e-01, trn/loss 2.77e+00, trn/loss_ce 1.52e+00, trn/loss_wd 2.49e+03, trn/lr 4.74e-02
[2022-02-07 15:56:59,381][INFO] [Epoch  35/200] trn/acc1 5.91e-01, trn/loss 2.78e+00, trn/loss_ce 1.52e+00, trn/loss_wd 2.52e+03, trn/lr 4.72e-02
[2022-02-07 15:57:03,865][INFO] [Epoch  36/200] trn/acc1 5.97e-01, trn/loss 2.78e+00, trn/loss_ce 1.50e+00, trn/loss_wd 2.55e+03, trn/lr 4.70e-02
[2022-02-07 15:57:08,473][INFO] [Epoch  37/200] trn/acc1 5.97e-01, trn/loss 2.78e+00, trn/loss_ce 1.50e+00, trn/loss_wd 2.57e+03, trn/lr 4.68e-02
[2022-02-07 15:57:12,949][INFO] [Epoch  38/200] trn/acc1 6.05e-01, trn/loss 2.77e+00, trn/loss_ce 1.47e+00, trn/loss_wd 2.59e+03, trn/lr 4.67e-02
[2022-02-07 15:57:17,429][INFO] [Epoch  39/200] trn/acc1 6.10e-01, trn/loss 2.76e+00, trn/loss_ce 1.45e+00, trn/loss_wd 2.61e+03, trn/lr 4.64e-02
[2022-02-07 15:57:21,908][INFO] [Epoch  40/200] trn/acc1 6.13e-01, trn/loss 2.75e+00, trn/loss_ce 1.43e+00, trn/loss_wd 2.64e+03, trn/lr 4.62e-02
[2022-02-07 15:57:22,032][INFO] [Epoch  40/200] Validation: val/acc1 0.5364, val/loss_ce 1.8335
[2022-02-07 15:57:41,984][INFO] [Epoch  41/200] trn/acc1 6.12e-01, trn/loss 2.77e+00, trn/loss_ce 1.44e+00, trn/loss_wd 2.66e+03, trn/lr 4.60e-02
[2022-02-07 15:57:46,440][INFO] [Epoch  42/200] trn/acc1 6.19e-01, trn/loss 2.76e+00, trn/loss_ce 1.42e+00, trn/loss_wd 2.67e+03, trn/lr 4.58e-02
[2022-02-07 15:57:50,892][INFO] [Epoch  43/200] trn/acc1 6.30e-01, trn/loss 2.73e+00, trn/loss_ce 1.39e+00, trn/loss_wd 2.69e+03, trn/lr 4.56e-02
[2022-02-07 15:57:55,350][INFO] [Epoch  44/200] trn/acc1 6.25e-01, trn/loss 2.75e+00, trn/loss_ce 1.40e+00, trn/loss_wd 2.70e+03, trn/lr 4.53e-02
[2022-02-07 15:57:59,806][INFO] [Epoch  45/200] trn/acc1 6.33e-01, trn/loss 2.73e+00, trn/loss_ce 1.37e+00, trn/loss_wd 2.72e+03, trn/lr 4.51e-02
[2022-02-07 15:58:04,262][INFO] [Epoch  46/200] trn/acc1 6.32e-01, trn/loss 2.73e+00, trn/loss_ce 1.36e+00, trn/loss_wd 2.73e+03, trn/lr 4.49e-02
[2022-02-07 15:58:08,721][INFO] [Epoch  47/200] trn/acc1 6.33e-01, trn/loss 2.74e+00, trn/loss_ce 1.36e+00, trn/loss_wd 2.75e+03, trn/lr 4.46e-02
[2022-02-07 15:58:13,184][INFO] [Epoch  48/200] trn/acc1 6.41e-01, trn/loss 2.71e+00, trn/loss_ce 1.33e+00, trn/loss_wd 2.76e+03, trn/lr 4.44e-02
[2022-02-07 15:58:17,648][INFO] [Epoch  49/200] trn/acc1 6.39e-01, trn/loss 2.71e+00, trn/loss_ce 1.33e+00, trn/loss_wd 2.77e+03, trn/lr 4.41e-02
[2022-02-07 15:58:22,114][INFO] [Epoch  50/200] trn/acc1 6.49e-01, trn/loss 2.69e+00, trn/loss_ce 1.30e+00, trn/loss_wd 2.79e+03, trn/lr 4.38e-02
[2022-02-07 15:58:26,575][INFO] [Epoch  51/200] trn/acc1 6.50e-01, trn/loss 2.69e+00, trn/loss_ce 1.29e+00, trn/loss_wd 2.79e+03, trn/lr 4.36e-02
[2022-02-07 15:58:31,043][INFO] [Epoch  52/200] trn/acc1 6.50e-01, trn/loss 2.69e+00, trn/loss_ce 1.29e+00, trn/loss_wd 2.81e+03, trn/lr 4.33e-02
[2022-02-07 15:58:35,516][INFO] [Epoch  53/200] trn/acc1 6.59e-01, trn/loss 2.67e+00, trn/loss_ce 1.26e+00, trn/loss_wd 2.82e+03, trn/lr 4.30e-02
[2022-02-07 15:58:39,993][INFO] [Epoch  54/200] trn/acc1 6.60e-01, trn/loss 2.66e+00, trn/loss_ce 1.25e+00, trn/loss_wd 2.83e+03, trn/lr 4.27e-02
[2022-02-07 15:58:44,482][INFO] [Epoch  55/200] trn/acc1 6.61e-01, trn/loss 2.67e+00, trn/loss_ce 1.26e+00, trn/loss_wd 2.83e+03, trn/lr 4.25e-02
[2022-02-07 15:58:48,956][INFO] [Epoch  56/200] trn/acc1 6.65e-01, trn/loss 2.66e+00, trn/loss_ce 1.24e+00, trn/loss_wd 2.84e+03, trn/lr 4.22e-02
[2022-02-07 15:58:53,433][INFO] [Epoch  57/200] trn/acc1 6.66e-01, trn/loss 2.65e+00, trn/loss_ce 1.23e+00, trn/loss_wd 2.85e+03, trn/lr 4.19e-02
[2022-02-07 15:58:57,913][INFO] [Epoch  58/200] trn/acc1 6.71e-01, trn/loss 2.64e+00, trn/loss_ce 1.21e+00, trn/loss_wd 2.86e+03, trn/lr 4.16e-02
[2022-02-07 15:59:02,395][INFO] [Epoch  59/200] trn/acc1 6.75e-01, trn/loss 2.63e+00, trn/loss_ce 1.20e+00, trn/loss_wd 2.86e+03, trn/lr 4.13e-02
[2022-02-07 15:59:06,987][INFO] [Epoch  60/200] trn/acc1 6.78e-01, trn/loss 2.62e+00, trn/loss_ce 1.18e+00, trn/loss_wd 2.87e+03, trn/lr 4.10e-02
[2022-02-07 15:59:07,909][INFO] [Epoch  60/200] Validation: val/acc1 0.5808, val/loss_ce 1.6328
[2022-02-07 15:59:46,953][INFO] [Epoch  61/200] trn/acc1 6.83e-01, trn/loss 2.60e+00, trn/loss_ce 1.16e+00, trn/loss_wd 2.87e+03, trn/lr 4.07e-02
[2022-02-07 15:59:51,371][INFO] [Epoch  62/200] trn/acc1 6.88e-01, trn/loss 2.58e+00, trn/loss_ce 1.14e+00, trn/loss_wd 2.87e+03, trn/lr 4.03e-02
[2022-02-07 15:59:55,798][INFO] [Epoch  63/200] trn/acc1 6.87e-01, trn/loss 2.58e+00, trn/loss_ce 1.14e+00, trn/loss_wd 2.87e+03, trn/lr 4.00e-02
[2022-02-07 16:00:00,227][INFO] [Epoch  64/200] trn/acc1 6.88e-01, trn/loss 2.58e+00, trn/loss_ce 1.14e+00, trn/loss_wd 2.87e+03, trn/lr 3.97e-02
[2022-02-07 16:00:04,658][INFO] [Epoch  65/200] trn/acc1 6.94e-01, trn/loss 2.55e+00, trn/loss_ce 1.12e+00, trn/loss_wd 2.87e+03, trn/lr 3.94e-02
[2022-02-07 16:00:09,096][INFO] [Epoch  66/200] trn/acc1 6.95e-01, trn/loss 2.55e+00, trn/loss_ce 1.12e+00, trn/loss_wd 2.87e+03, trn/lr 3.90e-02
[2022-02-07 16:00:13,539][INFO] [Epoch  67/200] trn/acc1 7.01e-01, trn/loss 2.54e+00, trn/loss_ce 1.10e+00, trn/loss_wd 2.88e+03, trn/lr 3.87e-02
[2022-02-07 16:00:17,989][INFO] [Epoch  68/200] trn/acc1 7.05e-01, trn/loss 2.52e+00, trn/loss_ce 1.09e+00, trn/loss_wd 2.87e+03, trn/lr 3.84e-02
[2022-02-07 16:00:22,449][INFO] [Epoch  69/200] trn/acc1 7.03e-01, trn/loss 2.52e+00, trn/loss_ce 1.08e+00, trn/loss_wd 2.87e+03, trn/lr 3.80e-02
[2022-02-07 16:00:26,910][INFO] [Epoch  70/200] trn/acc1 7.09e-01, trn/loss 2.50e+00, trn/loss_ce 1.06e+00, trn/loss_wd 2.87e+03, trn/lr 3.77e-02
[2022-02-07 16:00:31,367][INFO] [Epoch  71/200] trn/acc1 7.12e-01, trn/loss 2.48e+00, trn/loss_ce 1.05e+00, trn/loss_wd 2.87e+03, trn/lr 3.73e-02
[2022-02-07 16:00:35,833][INFO] [Epoch  72/200] trn/acc1 7.14e-01, trn/loss 2.47e+00, trn/loss_ce 1.03e+00, trn/loss_wd 2.88e+03, trn/lr 3.70e-02
[2022-02-07 16:00:40,307][INFO] [Epoch  73/200] trn/acc1 7.16e-01, trn/loss 2.47e+00, trn/loss_ce 1.03e+00, trn/loss_wd 2.88e+03, trn/lr 3.66e-02
[2022-02-07 16:00:44,776][INFO] [Epoch  74/200] trn/acc1 7.26e-01, trn/loss 2.43e+00, trn/loss_ce 9.98e-01, trn/loss_wd 2.87e+03, trn/lr 3.63e-02
[2022-02-07 16:00:49,250][INFO] [Epoch  75/200] trn/acc1 7.30e-01, trn/loss 2.42e+00, trn/loss_ce 9.85e-01, trn/loss_wd 2.87e+03, trn/lr 3.59e-02
[2022-02-07 16:00:53,718][INFO] [Epoch  76/200] trn/acc1 7.28e-01, trn/loss 2.41e+00, trn/loss_ce 9.76e-01, trn/loss_wd 2.87e+03, trn/lr 3.55e-02
[2022-02-07 16:00:58,187][INFO] [Epoch  77/200] trn/acc1 7.29e-01, trn/loss 2.41e+00, trn/loss_ce 9.75e-01, trn/loss_wd 2.86e+03, trn/lr 3.52e-02
[2022-02-07 16:01:02,674][INFO] [Epoch  78/200] trn/acc1 7.34e-01, trn/loss 2.39e+00, trn/loss_ce 9.54e-01, trn/loss_wd 2.86e+03, trn/lr 3.48e-02
[2022-02-07 16:01:07,151][INFO] [Epoch  79/200] trn/acc1 7.39e-01, trn/loss 2.37e+00, trn/loss_ce 9.40e-01, trn/loss_wd 2.86e+03, trn/lr 3.44e-02
[2022-02-07 16:01:11,631][INFO] [Epoch  80/200] trn/acc1 7.46e-01, trn/loss 2.35e+00, trn/loss_ce 9.22e-01, trn/loss_wd 2.85e+03, trn/lr 3.41e-02
[2022-02-07 16:01:11,755][INFO] [Epoch  80/200] Validation: val/acc1 0.5966, val/loss_ce 1.6667
[2022-02-07 16:01:28,488][INFO] [Epoch  81/200] trn/acc1 7.46e-01, trn/loss 2.33e+00, trn/loss_ce 9.12e-01, trn/loss_wd 2.84e+03, trn/lr 3.37e-02
[2022-02-07 16:01:32,941][INFO] [Epoch  82/200] trn/acc1 7.50e-01, trn/loss 2.31e+00, trn/loss_ce 8.96e-01, trn/loss_wd 2.84e+03, trn/lr 3.33e-02
[2022-02-07 16:01:37,397][INFO] [Epoch  83/200] trn/acc1 7.51e-01, trn/loss 2.31e+00, trn/loss_ce 8.89e-01, trn/loss_wd 2.84e+03, trn/lr 3.29e-02
[2022-02-07 16:01:41,852][INFO] [Epoch  84/200] trn/acc1 7.55e-01, trn/loss 2.29e+00, trn/loss_ce 8.73e-01, trn/loss_wd 2.84e+03, trn/lr 3.25e-02
[2022-02-07 16:01:46,309][INFO] [Epoch  85/200] trn/acc1 7.60e-01, trn/loss 2.28e+00, trn/loss_ce 8.63e-01, trn/loss_wd 2.84e+03, trn/lr 3.21e-02
[2022-02-07 16:01:53,670][INFO] [Epoch  86/200] trn/acc1 7.62e-01, trn/loss 2.26e+00, trn/loss_ce 8.48e-01, trn/loss_wd 2.83e+03, trn/lr 3.18e-02
[2022-02-07 16:01:58,131][INFO] [Epoch  87/200] trn/acc1 7.63e-01, trn/loss 2.25e+00, trn/loss_ce 8.37e-01, trn/loss_wd 2.83e+03, trn/lr 3.14e-02
[2022-02-07 16:02:02,598][INFO] [Epoch  88/200] trn/acc1 7.70e-01, trn/loss 2.22e+00, trn/loss_ce 8.12e-01, trn/loss_wd 2.82e+03, trn/lr 3.10e-02
[2022-02-07 16:02:08,729][INFO] [Epoch  89/200] trn/acc1 7.75e-01, trn/loss 2.20e+00, trn/loss_ce 7.92e-01, trn/loss_wd 2.82e+03, trn/lr 3.06e-02
[2022-02-07 16:02:15,485][INFO] [Epoch  90/200] trn/acc1 7.73e-01, trn/loss 2.20e+00, trn/loss_ce 7.99e-01, trn/loss_wd 2.81e+03, trn/lr 3.02e-02
[2022-02-07 16:02:22,069][INFO] [Epoch  91/200] trn/acc1 7.83e-01, trn/loss 2.18e+00, trn/loss_ce 7.76e-01, trn/loss_wd 2.80e+03, trn/lr 2.98e-02
[2022-02-07 16:02:26,533][INFO] [Epoch  92/200] trn/acc1 7.80e-01, trn/loss 2.16e+00, trn/loss_ce 7.67e-01, trn/loss_wd 2.79e+03, trn/lr 2.94e-02
[2022-02-07 16:02:30,995][INFO] [Epoch  93/200] trn/acc1 7.88e-01, trn/loss 2.14e+00, trn/loss_ce 7.44e-01, trn/loss_wd 2.78e+03, trn/lr 2.90e-02
[2022-02-07 16:02:35,461][INFO] [Epoch  94/200] trn/acc1 7.90e-01, trn/loss 2.12e+00, trn/loss_ce 7.36e-01, trn/loss_wd 2.77e+03, trn/lr 2.86e-02
[2022-02-07 16:02:39,938][INFO] [Epoch  95/200] trn/acc1 7.94e-01, trn/loss 2.11e+00, trn/loss_ce 7.25e-01, trn/loss_wd 2.77e+03, trn/lr 2.82e-02
[2022-02-07 16:02:44,415][INFO] [Epoch  96/200] trn/acc1 7.94e-01, trn/loss 2.10e+00, trn/loss_ce 7.14e-01, trn/loss_wd 2.77e+03, trn/lr 2.78e-02
[2022-02-07 16:02:48,895][INFO] [Epoch  97/200] trn/acc1 8.03e-01, trn/loss 2.06e+00, trn/loss_ce 6.85e-01, trn/loss_wd 2.76e+03, trn/lr 2.74e-02
[2022-02-07 16:02:53,374][INFO] [Epoch  98/200] trn/acc1 8.05e-01, trn/loss 2.05e+00, trn/loss_ce 6.77e-01, trn/loss_wd 2.74e+03, trn/lr 2.70e-02
[2022-02-07 16:02:57,847][INFO] [Epoch  99/200] trn/acc1 8.09e-01, trn/loss 2.03e+00, trn/loss_ce 6.63e-01, trn/loss_wd 2.74e+03, trn/lr 2.66e-02
[2022-02-07 16:03:02,332][INFO] [Epoch 100/200] trn/acc1 8.13e-01, trn/loss 2.01e+00, trn/loss_ce 6.46e-01, trn/loss_wd 2.72e+03, trn/lr 2.62e-02
[2022-02-07 16:03:02,456][INFO] [Epoch 100/200] Validation: val/acc1 0.6284, val/loss_ce 1.5454
[2022-02-07 16:03:32,094][INFO] [Epoch 101/200] trn/acc1 8.18e-01, trn/loss 1.99e+00, trn/loss_ce 6.31e-01, trn/loss_wd 2.71e+03, trn/lr 2.58e-02
[2022-02-07 16:03:36,540][INFO] [Epoch 102/200] trn/acc1 8.18e-01, trn/loss 1.98e+00, trn/loss_ce 6.30e-01, trn/loss_wd 2.70e+03, trn/lr 2.54e-02
[2022-02-07 16:03:40,980][INFO] [Epoch 103/200] trn/acc1 8.20e-01, trn/loss 1.97e+00, trn/loss_ce 6.20e-01, trn/loss_wd 2.69e+03, trn/lr 2.50e-02
[2022-02-07 16:03:45,417][INFO] [Epoch 104/200] trn/acc1 8.28e-01, trn/loss 1.94e+00, trn/loss_ce 5.97e-01, trn/loss_wd 2.68e+03, trn/lr 2.46e-02
[2022-02-07 16:03:49,857][INFO] [Epoch 105/200] trn/acc1 8.33e-01, trn/loss 1.91e+00, trn/loss_ce 5.75e-01, trn/loss_wd 2.67e+03, trn/lr 2.42e-02
[2022-02-07 16:03:54,312][INFO] [Epoch 106/200] trn/acc1 8.35e-01, trn/loss 1.89e+00, trn/loss_ce 5.65e-01, trn/loss_wd 2.66e+03, trn/lr 2.38e-02
[2022-02-07 16:03:58,779][INFO] [Epoch 107/200] trn/acc1 8.40e-01, trn/loss 1.88e+00, trn/loss_ce 5.55e-01, trn/loss_wd 2.64e+03, trn/lr 2.34e-02
[2022-02-07 16:04:03,238][INFO] [Epoch 108/200] trn/acc1 8.42e-01, trn/loss 1.85e+00, trn/loss_ce 5.33e-01, trn/loss_wd 2.63e+03, trn/lr 2.30e-02
[2022-02-07 16:04:07,703][INFO] [Epoch 109/200] trn/acc1 8.45e-01, trn/loss 1.84e+00, trn/loss_ce 5.26e-01, trn/loss_wd 2.62e+03, trn/lr 2.26e-02
[2022-02-07 16:04:12,179][INFO] [Epoch 110/200] trn/acc1 8.51e-01, trn/loss 1.80e+00, trn/loss_ce 5.01e-01, trn/loss_wd 2.61e+03, trn/lr 2.22e-02
[2022-02-07 16:04:16,647][INFO] [Epoch 111/200] trn/acc1 8.54e-01, trn/loss 1.79e+00, trn/loss_ce 4.96e-01, trn/loss_wd 2.59e+03, trn/lr 2.18e-02
[2022-02-07 16:04:21,124][INFO] [Epoch 112/200] trn/acc1 8.58e-01, trn/loss 1.76e+00, trn/loss_ce 4.75e-01, trn/loss_wd 2.58e+03, trn/lr 2.14e-02
[2022-02-07 16:04:25,602][INFO] [Epoch 113/200] trn/acc1 8.60e-01, trn/loss 1.76e+00, trn/loss_ce 4.74e-01, trn/loss_wd 2.56e+03, trn/lr 2.10e-02
[2022-02-07 16:04:30,082][INFO] [Epoch 114/200] trn/acc1 8.66e-01, trn/loss 1.72e+00, trn/loss_ce 4.49e-01, trn/loss_wd 2.55e+03, trn/lr 2.06e-02
[2022-02-07 16:04:34,563][INFO] [Epoch 115/200] trn/acc1 8.70e-01, trn/loss 1.70e+00, trn/loss_ce 4.35e-01, trn/loss_wd 2.53e+03, trn/lr 2.02e-02
[2022-02-07 16:04:39,042][INFO] [Epoch 116/200] trn/acc1 8.72e-01, trn/loss 1.68e+00, trn/loss_ce 4.21e-01, trn/loss_wd 2.51e+03, trn/lr 1.98e-02
[2022-02-07 16:04:43,514][INFO] [Epoch 117/200] trn/acc1 8.77e-01, trn/loss 1.66e+00, trn/loss_ce 4.14e-01, trn/loss_wd 2.49e+03, trn/lr 1.94e-02
[2022-02-07 16:04:47,994][INFO] [Epoch 118/200] trn/acc1 8.84e-01, trn/loss 1.63e+00, trn/loss_ce 3.87e-01, trn/loss_wd 2.48e+03, trn/lr 1.90e-02
[2022-02-07 16:04:52,471][INFO] [Epoch 119/200] trn/acc1 8.86e-01, trn/loss 1.61e+00, trn/loss_ce 3.79e-01, trn/loss_wd 2.46e+03, trn/lr 1.86e-02
[2022-02-07 16:04:56,945][INFO] [Epoch 120/200] trn/acc1 8.88e-01, trn/loss 1.59e+00, trn/loss_ce 3.70e-01, trn/loss_wd 2.44e+03, trn/lr 1.82e-02
[2022-02-07 16:04:57,069][INFO] [Epoch 120/200] Validation: val/acc1 0.6424, val/loss_ce 1.5901
[2022-02-07 16:05:14,119][INFO] [Epoch 121/200] trn/acc1 8.95e-01, trn/loss 1.56e+00, trn/loss_ce 3.51e-01, trn/loss_wd 2.42e+03, trn/lr 1.79e-02
[2022-02-07 16:05:18,573][INFO] [Epoch 122/200] trn/acc1 8.97e-01, trn/loss 1.53e+00, trn/loss_ce 3.36e-01, trn/loss_wd 2.40e+03, trn/lr 1.75e-02
[2022-02-07 16:05:23,032][INFO] [Epoch 123/200] trn/acc1 9.00e-01, trn/loss 1.52e+00, trn/loss_ce 3.32e-01, trn/loss_wd 2.38e+03, trn/lr 1.71e-02
[2022-02-07 16:05:27,489][INFO] [Epoch 124/200] trn/acc1 9.07e-01, trn/loss 1.49e+00, trn/loss_ce 3.12e-01, trn/loss_wd 2.36e+03, trn/lr 1.67e-02
[2022-02-07 16:05:31,962][INFO] [Epoch 125/200] trn/acc1 9.06e-01, trn/loss 1.47e+00, trn/loss_ce 3.07e-01, trn/loss_wd 2.33e+03, trn/lr 1.63e-02
[2022-02-07 16:05:36,421][INFO] [Epoch 126/200] trn/acc1 9.13e-01, trn/loss 1.44e+00, trn/loss_ce 2.83e-01, trn/loss_wd 2.31e+03, trn/lr 1.59e-02
[2022-02-07 16:05:40,880][INFO] [Epoch 127/200] trn/acc1 9.14e-01, trn/loss 1.43e+00, trn/loss_ce 2.84e-01, trn/loss_wd 2.29e+03, trn/lr 1.56e-02
[2022-02-07 16:05:45,359][INFO] [Epoch 128/200] trn/acc1 9.17e-01, trn/loss 1.41e+00, trn/loss_ce 2.75e-01, trn/loss_wd 2.27e+03, trn/lr 1.52e-02
[2022-02-07 16:05:49,841][INFO] [Epoch 129/200] trn/acc1 9.24e-01, trn/loss 1.37e+00, trn/loss_ce 2.47e-01, trn/loss_wd 2.24e+03, trn/lr 1.48e-02
[2022-02-07 16:05:54,320][INFO] [Epoch 130/200] trn/acc1 9.26e-01, trn/loss 1.35e+00, trn/loss_ce 2.44e-01, trn/loss_wd 2.22e+03, trn/lr 1.45e-02
[2022-02-07 16:05:58,797][INFO] [Epoch 131/200] trn/acc1 9.30e-01, trn/loss 1.33e+00, trn/loss_ce 2.29e-01, trn/loss_wd 2.19e+03, trn/lr 1.41e-02
[2022-02-07 16:06:03,274][INFO] [Epoch 132/200] trn/acc1 9.32e-01, trn/loss 1.31e+00, trn/loss_ce 2.22e-01, trn/loss_wd 2.17e+03, trn/lr 1.37e-02
[2022-02-07 16:06:07,754][INFO] [Epoch 133/200] trn/acc1 9.35e-01, trn/loss 1.28e+00, trn/loss_ce 2.09e-01, trn/loss_wd 2.14e+03, trn/lr 1.34e-02
[2022-02-07 16:06:12,236][INFO] [Epoch 134/200] trn/acc1 9.39e-01, trn/loss 1.26e+00, trn/loss_ce 1.97e-01, trn/loss_wd 2.12e+03, trn/lr 1.30e-02
[2022-02-07 16:06:16,720][INFO] [Epoch 135/200] trn/acc1 9.39e-01, trn/loss 1.24e+00, trn/loss_ce 1.97e-01, trn/loss_wd 2.09e+03, trn/lr 1.27e-02
[2022-02-07 16:06:21,202][INFO] [Epoch 136/200] trn/acc1 9.47e-01, trn/loss 1.21e+00, trn/loss_ce 1.75e-01, trn/loss_wd 2.06e+03, trn/lr 1.23e-02
[2022-02-07 16:06:25,690][INFO] [Epoch 137/200] trn/acc1 9.46e-01, trn/loss 1.19e+00, trn/loss_ce 1.72e-01, trn/loss_wd 2.04e+03, trn/lr 1.20e-02
[2022-02-07 16:06:30,165][INFO] [Epoch 138/200] trn/acc1 9.52e-01, trn/loss 1.16e+00, trn/loss_ce 1.58e-01, trn/loss_wd 2.01e+03, trn/lr 1.16e-02
[2022-02-07 16:06:34,644][INFO] [Epoch 139/200] trn/acc1 9.53e-01, trn/loss 1.14e+00, trn/loss_ce 1.52e-01, trn/loss_wd 1.99e+03, trn/lr 1.13e-02
[2022-02-07 16:06:39,124][INFO] [Epoch 140/200] trn/acc1 9.55e-01, trn/loss 1.13e+00, trn/loss_ce 1.45e-01, trn/loss_wd 1.96e+03, trn/lr 1.10e-02
[2022-02-07 16:06:39,249][INFO] [Epoch 140/200] Validation: val/acc1 0.6654, val/loss_ce 1.7807
[2022-02-07 16:06:53,492][INFO] [Epoch 141/200] trn/acc1 9.55e-01, trn/loss 1.12e+00, trn/loss_ce 1.49e-01, trn/loss_wd 1.94e+03, trn/lr 1.06e-02
[2022-02-07 16:06:57,954][INFO] [Epoch 142/200] trn/acc1 9.60e-01, trn/loss 1.08e+00, trn/loss_ce 1.28e-01, trn/loss_wd 1.91e+03, trn/lr 1.03e-02
[2022-02-07 16:07:02,418][INFO] [Epoch 143/200] trn/acc1 9.64e-01, trn/loss 1.06e+00, trn/loss_ce 1.15e-01, trn/loss_wd 1.89e+03, trn/lr 9.98e-03
[2022-02-07 16:07:06,884][INFO] [Epoch 144/200] trn/acc1 9.66e-01, trn/loss 1.04e+00, trn/loss_ce 1.13e-01, trn/loss_wd 1.86e+03, trn/lr 9.66e-03
[2022-02-07 16:07:11,363][INFO] [Epoch 145/200] trn/acc1 9.68e-01, trn/loss 1.02e+00, trn/loss_ce 1.06e-01, trn/loss_wd 1.83e+03, trn/lr 9.35e-03
[2022-02-07 16:07:16,740][INFO] [Epoch 146/200] trn/acc1 9.71e-01, trn/loss 1.00e+00, trn/loss_ce 9.55e-02, trn/loss_wd 1.81e+03, trn/lr 9.03e-03
[2022-02-07 16:07:21,217][INFO] [Epoch 147/200] trn/acc1 9.72e-01, trn/loss 9.82e-01, trn/loss_ce 9.08e-02, trn/loss_wd 1.78e+03, trn/lr 8.73e-03
[2022-02-07 16:07:25,703][INFO] [Epoch 148/200] trn/acc1 9.73e-01, trn/loss 9.66e-01, trn/loss_ce 8.73e-02, trn/loss_wd 1.76e+03, trn/lr 8.42e-03
[2022-02-07 16:07:30,197][INFO] [Epoch 149/200] trn/acc1 9.77e-01, trn/loss 9.41e-01, trn/loss_ce 7.50e-02, trn/loss_wd 1.73e+03, trn/lr 8.12e-03
[2022-02-07 16:07:34,686][INFO] [Epoch 150/200] trn/acc1 9.77e-01, trn/loss 9.28e-01, trn/loss_ce 7.43e-02, trn/loss_wd 1.71e+03, trn/lr 7.83e-03
[2022-02-07 16:07:39,236][INFO] [Epoch 151/200] trn/acc1 9.80e-01, trn/loss 9.07e-01, trn/loss_ce 6.56e-02, trn/loss_wd 1.68e+03, trn/lr 7.54e-03
[2022-02-07 16:07:43,731][INFO] [Epoch 152/200] trn/acc1 9.83e-01, trn/loss 8.87e-01, trn/loss_ce 5.74e-02, trn/loss_wd 1.66e+03, trn/lr 7.25e-03
[2022-02-07 16:07:48,228][INFO] [Epoch 153/200] trn/acc1 9.82e-01, trn/loss 8.77e-01, trn/loss_ce 5.89e-02, trn/loss_wd 1.64e+03, trn/lr 6.97e-03
[2022-02-07 16:07:52,717][INFO] [Epoch 154/200] trn/acc1 9.85e-01, trn/loss 8.57e-01, trn/loss_ce 4.93e-02, trn/loss_wd 1.61e+03, trn/lr 6.69e-03
[2022-02-07 16:07:57,208][INFO] [Epoch 155/200] trn/acc1 9.85e-01, trn/loss 8.44e-01, trn/loss_ce 4.77e-02, trn/loss_wd 1.59e+03, trn/lr 6.42e-03
[2022-02-07 16:08:01,699][INFO] [Epoch 156/200] trn/acc1 9.87e-01, trn/loss 8.30e-01, trn/loss_ce 4.47e-02, trn/loss_wd 1.57e+03, trn/lr 6.15e-03
[2022-02-07 16:08:06,201][INFO] [Epoch 157/200] trn/acc1 9.88e-01, trn/loss 8.17e-01, trn/loss_ce 4.17e-02, trn/loss_wd 1.55e+03, trn/lr 5.89e-03
[2022-02-07 16:08:10,690][INFO] [Epoch 158/200] trn/acc1 9.89e-01, trn/loss 8.04e-01, trn/loss_ce 3.82e-02, trn/loss_wd 1.53e+03, trn/lr 5.64e-03
[2022-02-07 16:08:15,186][INFO] [Epoch 159/200] trn/acc1 9.90e-01, trn/loss 7.89e-01, trn/loss_ce 3.30e-02, trn/loss_wd 1.51e+03, trn/lr 5.38e-03
[2022-02-07 16:08:19,691][INFO] [Epoch 160/200] trn/acc1 9.92e-01, trn/loss 7.76e-01, trn/loss_ce 2.98e-02, trn/loss_wd 1.49e+03, trn/lr 5.14e-03
[2022-02-07 16:08:19,815][INFO] [Epoch 160/200] Validation: val/acc1 0.6884, val/loss_ce 1.9363
[2022-02-07 16:08:33,513][INFO] [Epoch 161/200] trn/acc1 9.92e-01, trn/loss 7.67e-01, trn/loss_ce 2.97e-02, trn/loss_wd 1.47e+03, trn/lr 4.89e-03
[2022-02-07 16:08:37,990][INFO] [Epoch 162/200] trn/acc1 9.94e-01, trn/loss 7.51e-01, trn/loss_ce 2.30e-02, trn/loss_wd 1.46e+03, trn/lr 4.66e-03
[2022-02-07 16:08:42,469][INFO] [Epoch 163/200] trn/acc1 9.93e-01, trn/loss 7.42e-01, trn/loss_ce 2.23e-02, trn/loss_wd 1.44e+03, trn/lr 4.43e-03
[2022-02-07 16:08:46,950][INFO] [Epoch 164/200] trn/acc1 9.94e-01, trn/loss 7.35e-01, trn/loss_ce 2.27e-02, trn/loss_wd 1.42e+03, trn/lr 4.20e-03
[2022-02-07 16:08:51,446][INFO] [Epoch 165/200] trn/acc1 9.95e-01, trn/loss 7.22e-01, trn/loss_ce 1.77e-02, trn/loss_wd 1.41e+03, trn/lr 3.98e-03
[2022-02-07 16:08:55,939][INFO] [Epoch 166/200] trn/acc1 9.96e-01, trn/loss 7.13e-01, trn/loss_ce 1.61e-02, trn/loss_wd 1.39e+03, trn/lr 3.76e-03
[2022-02-07 16:09:00,435][INFO] [Epoch 167/200] trn/acc1 9.96e-01, trn/loss 7.06e-01, trn/loss_ce 1.56e-02, trn/loss_wd 1.38e+03, trn/lr 3.55e-03
[2022-02-07 16:09:04,934][INFO] [Epoch 168/200] trn/acc1 9.97e-01, trn/loss 6.97e-01, trn/loss_ce 1.30e-02, trn/loss_wd 1.37e+03, trn/lr 3.35e-03
[2022-02-07 16:09:09,431][INFO] [Epoch 169/200] trn/acc1 9.97e-01, trn/loss 6.89e-01, trn/loss_ce 1.15e-02, trn/loss_wd 1.36e+03, trn/lr 3.15e-03
[2022-02-07 16:09:13,927][INFO] [Epoch 170/200] trn/acc1 9.97e-01, trn/loss 6.85e-01, trn/loss_ce 1.27e-02, trn/loss_wd 1.34e+03, trn/lr 2.96e-03
[2022-02-07 16:09:18,426][INFO] [Epoch 171/200] trn/acc1 9.97e-01, trn/loss 6.77e-01, trn/loss_ce 1.09e-02, trn/loss_wd 1.33e+03, trn/lr 2.77e-03
[2022-02-07 16:09:22,929][INFO] [Epoch 172/200] trn/acc1 9.98e-01, trn/loss 6.70e-01, trn/loss_ce 9.14e-03, trn/loss_wd 1.32e+03, trn/lr 2.59e-03
[2022-02-07 16:09:27,426][INFO] [Epoch 173/200] trn/acc1 9.98e-01, trn/loss 6.65e-01, trn/loss_ce 8.31e-03, trn/loss_wd 1.31e+03, trn/lr 2.41e-03
[2022-02-07 16:09:31,929][INFO] [Epoch 174/200] trn/acc1 9.98e-01, trn/loss 6.60e-01, trn/loss_ce 8.24e-03, trn/loss_wd 1.30e+03, trn/lr 2.24e-03
[2022-02-07 16:09:36,433][INFO] [Epoch 175/200] trn/acc1 9.98e-01, trn/loss 6.56e-01, trn/loss_ce 7.80e-03, trn/loss_wd 1.30e+03, trn/lr 2.08e-03
[2022-02-07 16:09:42,063][INFO] [Epoch 176/200] trn/acc1 9.98e-01, trn/loss 6.53e-01, trn/loss_ce 9.12e-03, trn/loss_wd 1.29e+03, trn/lr 1.92e-03
[2022-02-07 16:09:46,558][INFO] [Epoch 177/200] trn/acc1 9.98e-01, trn/loss 6.49e-01, trn/loss_ce 8.17e-03, trn/loss_wd 1.28e+03, trn/lr 1.77e-03
[2022-02-07 16:09:51,049][INFO] [Epoch 178/200] trn/acc1 9.98e-01, trn/loss 6.45e-01, trn/loss_ce 7.22e-03, trn/loss_wd 1.28e+03, trn/lr 1.63e-03
[2022-02-07 16:09:55,550][INFO] [Epoch 179/200] trn/acc1 9.99e-01, trn/loss 6.41e-01, trn/loss_ce 6.78e-03, trn/loss_wd 1.27e+03, trn/lr 1.49e-03
[2022-02-07 16:10:00,050][INFO] [Epoch 180/200] trn/acc1 9.99e-01, trn/loss 6.38e-01, trn/loss_ce 6.03e-03, trn/loss_wd 1.26e+03, trn/lr 1.35e-03
[2022-02-07 16:10:00,175][INFO] [Epoch 180/200] Validation: val/acc1 0.6942, val/loss_ce 2.0112
[2022-02-07 16:10:23,627][INFO] [Epoch 181/200] trn/acc1 9.99e-01, trn/loss 6.36e-01, trn/loss_ce 6.57e-03, trn/loss_wd 1.26e+03, trn/lr 1.22e-03
[2022-02-07 16:10:23,761][INFO] [Epoch 181/200] Validation: val/acc1 0.6936, val/loss_ce 1.9882
[2022-02-07 16:10:44,111][INFO] [Epoch 182/200] trn/acc1 9.99e-01, trn/loss 6.33e-01, trn/loss_ce 5.76e-03, trn/loss_wd 1.25e+03, trn/lr 1.10e-03
[2022-02-07 16:10:44,235][INFO] [Epoch 182/200] Validation: val/acc1 0.6914, val/loss_ce 2.0300
[2022-02-07 16:10:57,464][INFO] [Epoch 183/200] trn/acc1 9.99e-01, trn/loss 6.31e-01, trn/loss_ce 5.59e-03, trn/loss_wd 1.25e+03, trn/lr 9.87e-04
[2022-02-07 16:10:57,587][INFO] [Epoch 183/200] Validation: val/acc1 0.6916, val/loss_ce 2.0238
[2022-02-07 16:11:06,357][INFO] [Epoch 184/200] trn/acc1 9.99e-01, trn/loss 6.29e-01, trn/loss_ce 5.31e-03, trn/loss_wd 1.25e+03, trn/lr 8.79e-04
[2022-02-07 16:11:06,479][INFO] [Epoch 184/200] Validation: val/acc1 0.6932, val/loss_ce 2.0223
[2022-02-07 16:11:18,214][INFO] [Epoch 185/200] trn/acc1 9.99e-01, trn/loss 6.27e-01, trn/loss_ce 5.44e-03, trn/loss_wd 1.24e+03, trn/lr 7.76e-04
[2022-02-07 16:11:18,338][INFO] [Epoch 185/200] Validation: val/acc1 0.6900, val/loss_ce 2.0294
[2022-02-07 16:11:29,646][INFO] [Epoch 186/200] trn/acc1 9.99e-01, trn/loss 6.26e-01, trn/loss_ce 5.13e-03, trn/loss_wd 1.24e+03, trn/lr 6.79e-04
[2022-02-07 16:11:29,767][INFO] [Epoch 186/200] Validation: val/acc1 0.6916, val/loss_ce 2.0064
[2022-02-07 16:11:39,379][INFO] [Epoch 187/200] trn/acc1 9.99e-01, trn/loss 6.24e-01, trn/loss_ce 4.93e-03, trn/loss_wd 1.24e+03, trn/lr 5.89e-04
[2022-02-07 16:11:39,501][INFO] [Epoch 187/200] Validation: val/acc1 0.6920, val/loss_ce 1.9962
[2022-02-07 16:11:51,808][INFO] [Epoch 188/200] trn/acc1 9.99e-01, trn/loss 6.23e-01, trn/loss_ce 4.67e-03, trn/loss_wd 1.24e+03, trn/lr 5.06e-04
[2022-02-07 16:11:51,932][INFO] [Epoch 188/200] Validation: val/acc1 0.6904, val/loss_ce 2.0411
[2022-02-07 16:12:04,347][INFO] [Epoch 189/200] trn/acc1 9.99e-01, trn/loss 6.22e-01, trn/loss_ce 4.44e-03, trn/loss_wd 1.24e+03, trn/lr 4.28e-04
[2022-02-07 16:12:04,468][INFO] [Epoch 189/200] Validation: val/acc1 0.6912, val/loss_ce 2.0509
[2022-02-07 16:12:30,010][INFO] [Epoch 190/200] trn/acc1 9.99e-01, trn/loss 6.22e-01, trn/loss_ce 4.82e-03, trn/loss_wd 1.23e+03, trn/lr 3.57e-04
[2022-02-07 16:12:35,448][INFO] [Epoch 190/200] Validation: val/acc1 0.6910, val/loss_ce 2.0229
[2022-02-07 16:12:55,197][INFO] [Epoch 191/200] trn/acc1 9.99e-01, trn/loss 6.20e-01, trn/loss_ce 4.16e-03, trn/loss_wd 1.23e+03, trn/lr 2.93e-04
[2022-02-07 16:12:55,318][INFO] [Epoch 191/200] Validation: val/acc1 0.6928, val/loss_ce 2.0265
[2022-02-07 16:13:06,397][INFO] [Epoch 192/200] trn/acc1 9.99e-01, trn/loss 6.20e-01, trn/loss_ce 3.95e-03, trn/loss_wd 1.23e+03, trn/lr 2.34e-04
[2022-02-07 16:13:06,518][INFO] [Epoch 192/200] Validation: val/acc1 0.6914, val/loss_ce 2.0442
[2022-02-07 16:13:20,080][INFO] [Epoch 193/200] trn/acc1 9.99e-01, trn/loss 6.20e-01, trn/loss_ce 4.32e-03, trn/loss_wd 1.23e+03, trn/lr 1.83e-04
[2022-02-07 16:13:20,203][INFO] [Epoch 193/200] Validation: val/acc1 0.6910, val/loss_ce 2.0465
[2022-02-07 16:13:29,017][INFO] [Epoch 194/200] trn/acc1 9.99e-01, trn/loss 6.19e-01, trn/loss_ce 4.01e-03, trn/loss_wd 1.23e+03, trn/lr 1.37e-04
[2022-02-07 16:13:29,139][INFO] [Epoch 194/200] Validation: val/acc1 0.6916, val/loss_ce 2.0484
[2022-02-07 16:13:40,604][INFO] [Epoch 195/200] trn/acc1 9.99e-01, trn/loss 6.19e-01, trn/loss_ce 4.17e-03, trn/loss_wd 1.23e+03, trn/lr 9.84e-05
[2022-02-07 16:13:40,724][INFO] [Epoch 195/200] Validation: val/acc1 0.6918, val/loss_ce 2.0467
[2022-02-07 16:13:49,446][INFO] [Epoch 196/200] trn/acc1 9.99e-01, trn/loss 6.19e-01, trn/loss_ce 3.89e-03, trn/loss_wd 1.23e+03, trn/lr 6.60e-05
[2022-02-07 16:13:49,568][INFO] [Epoch 196/200] Validation: val/acc1 0.6920, val/loss_ce 2.0481
[2022-02-07 16:13:59,162][INFO] [Epoch 197/200] trn/acc1 9.99e-01, trn/loss 6.19e-01, trn/loss_ce 4.58e-03, trn/loss_wd 1.23e+03, trn/lr 4.00e-05
[2022-02-07 16:13:59,284][INFO] [Epoch 197/200] Validation: val/acc1 0.6918, val/loss_ce 2.0434
[2022-02-07 16:14:07,840][INFO] [Epoch 198/200] trn/acc1 9.99e-01, trn/loss 6.19e-01, trn/loss_ce 3.98e-03, trn/loss_wd 1.23e+03, trn/lr 2.06e-05
[2022-02-07 16:14:07,962][INFO] [Epoch 198/200] Validation: val/acc1 0.6914, val/loss_ce 2.0440
[2022-02-07 16:14:20,290][INFO] [Epoch 199/200] trn/acc1 9.99e-01, trn/loss 6.19e-01, trn/loss_ce 4.02e-03, trn/loss_wd 1.23e+03, trn/lr 7.58e-06
[2022-02-07 16:14:20,413][INFO] [Epoch 199/200] Validation: val/acc1 0.6918, val/loss_ce 2.0439
[2022-02-07 16:14:31,253][INFO] [Epoch 200/200] trn/acc1 9.99e-01, trn/loss 6.18e-01, trn/loss_ce 3.91e-03, trn/loss_wd 1.23e+03, trn/lr 1.09e-06
[2022-02-07 16:14:31,376][INFO] [Epoch 200/200] Validation: val/acc1 0.6918, val/loss_ce 2.0439
