[2022-02-06 15:12:19,023][INFO] Environments:
------------  ---------------------------------------------------------------------------
sys.platform  linux
Python        3.7.11 (default, Nov 23 2021, 05:29:02) [GCC 7.5.0]
JAX           0.2.27 @/mnt/data1/giung/venvs/jax0.2.27/lib/python3.7/site-packages/jax
jaxlib        0.1.75 @/mnt/data1/giung/venvs/jax0.2.27/lib/python3.7/site-packages/jaxlib
Flax          0.4.0 @/mnt/data1/giung/venvs/jax0.2.27/lib/python3.7/site-packages/flax
Optax         0.1.0 @/mnt/data1/giung/venvs/jax0.2.27/lib/python3.7/site-packages/optax
------------  ---------------------------------------------------------------------------

[2022-02-06 15:12:19,023][INFO] Command line arguments:
Namespace(batch_size=128, config_file='./configs/TIN200_R50-BN-ReLU_SGD.yaml', keep_every_n_checkpoints=None, learning_rate=0.1, num_epochs=100, num_warmup_epochs=5, opts=[], output_dir='./outputs/TIN200_R50-BN-ReLU/SGD/s42_e100_wd5e-4_1GPU/', seed=42, weight_decay=0.0005)

[2022-02-06 15:12:19,024][INFO] Using a random seed 42

[2022-02-06 15:12:19,060][INFO] Unable to initialize backend 'tpu_driver': NOT_FOUND: Unable to find driver in registry given worker: 
[2022-02-06 15:12:19,281][INFO] Unable to initialize backend 'tpu': INVALID_ARGUMENT: TpuPlatform is not available.
[2022-02-06 15:12:33,134][INFO] Found no checkpoint files in outputs/TIN200_R50-BN-ReLU/SGD/s42_e100_wd5e-4_1GPU
[2022-02-06 15:16:21,711][INFO] [Epoch   1/100] trn/acc1 3.83e-02, trn/loss 2.46e+01, trn/loss_ce 5.03e+00, trn/loss_wd 3.92e+04, trn/lr 9.99e-03
[2022-02-06 15:16:33,490][INFO] [Epoch   1/100] Validation: val/acc1 0.0707, val/loss_ce 4.6688
[2022-02-06 15:20:04,000][INFO] [Epoch   2/100] trn/acc1 1.31e-01, trn/loss 2.11e+01, trn/loss_ce 4.03e+00, trn/loss_wd 3.42e+04, trn/lr 3.00e-02
[2022-02-06 15:23:26,810][INFO] [Epoch   3/100] trn/acc1 2.12e-01, trn/loss 1.65e+01, trn/loss_ce 3.47e+00, trn/loss_wd 2.61e+04, trn/lr 5.00e-02
[2022-02-06 15:26:49,995][INFO] [Epoch   4/100] trn/acc1 2.75e-01, trn/loss 1.19e+01, trn/loss_ce 3.11e+00, trn/loss_wd 1.77e+04, trn/lr 7.00e-02
[2022-02-06 15:30:12,839][INFO] [Epoch   5/100] trn/acc1 3.17e-01, trn/loss 8.27e+00, trn/loss_ce 2.89e+00, trn/loss_wd 1.08e+04, trn/lr 9.00e-02
[2022-02-06 15:33:35,671][INFO] [Epoch   6/100] trn/acc1 3.52e-01, trn/loss 5.88e+00, trn/loss_ce 2.71e+00, trn/loss_wd 6.33e+03, trn/lr 1.00e-01
[2022-02-06 15:36:58,517][INFO] [Epoch   7/100] trn/acc1 3.81e-01, trn/loss 4.60e+00, trn/loss_ce 2.57e+00, trn/loss_wd 4.07e+03, trn/lr 9.99e-02
[2022-02-06 15:40:21,157][INFO] [Epoch   8/100] trn/acc1 4.03e-01, trn/loss 3.97e+00, trn/loss_ce 2.46e+00, trn/loss_wd 3.01e+03, trn/lr 9.98e-02
[2022-02-06 15:43:43,971][INFO] [Epoch   9/100] trn/acc1 4.21e-01, trn/loss 3.66e+00, trn/loss_ce 2.38e+00, trn/loss_wd 2.55e+03, trn/lr 9.97e-02
[2022-02-06 15:47:06,697][INFO] [Epoch  10/100] trn/acc1 4.35e-01, trn/loss 3.50e+00, trn/loss_ce 2.32e+00, trn/loss_wd 2.36e+03, trn/lr 9.94e-02
[2022-02-06 15:47:12,473][INFO] [Epoch  10/100] Validation: val/acc1 0.3821, val/loss_ce 2.5627
[2022-02-06 15:50:42,497][INFO] [Epoch  11/100] trn/acc1 4.45e-01, trn/loss 3.42e+00, trn/loss_ce 2.27e+00, trn/loss_wd 2.29e+03, trn/lr 9.92e-02
[2022-02-06 15:54:05,268][INFO] [Epoch  12/100] trn/acc1 4.54e-01, trn/loss 3.36e+00, trn/loss_ce 2.22e+00, trn/loss_wd 2.28e+03, trn/lr 9.88e-02
[2022-02-06 15:57:27,822][INFO] [Epoch  13/100] trn/acc1 4.66e-01, trn/loss 3.32e+00, trn/loss_ce 2.18e+00, trn/loss_wd 2.30e+03, trn/lr 9.85e-02
[2022-02-06 16:00:50,502][INFO] [Epoch  14/100] trn/acc1 4.70e-01, trn/loss 3.30e+00, trn/loss_ce 2.15e+00, trn/loss_wd 2.32e+03, trn/lr 9.80e-02
[2022-02-06 16:04:13,187][INFO] [Epoch  15/100] trn/acc1 4.79e-01, trn/loss 3.28e+00, trn/loss_ce 2.11e+00, trn/loss_wd 2.35e+03, trn/lr 9.76e-02
[2022-02-06 16:07:35,977][INFO] [Epoch  16/100] trn/acc1 4.85e-01, trn/loss 3.27e+00, trn/loss_ce 2.08e+00, trn/loss_wd 2.38e+03, trn/lr 9.70e-02
[2022-02-06 16:10:58,537][INFO] [Epoch  17/100] trn/acc1 4.94e-01, trn/loss 3.26e+00, trn/loss_ce 2.05e+00, trn/loss_wd 2.42e+03, trn/lr 9.64e-02
[2022-02-06 16:14:20,977][INFO] [Epoch  18/100] trn/acc1 4.98e-01, trn/loss 3.24e+00, trn/loss_ce 2.02e+00, trn/loss_wd 2.44e+03, trn/lr 9.58e-02
[2022-02-06 16:17:43,636][INFO] [Epoch  19/100] trn/acc1 5.03e-01, trn/loss 3.23e+00, trn/loss_ce 2.00e+00, trn/loss_wd 2.47e+03, trn/lr 9.51e-02
[2022-02-06 16:21:06,347][INFO] [Epoch  20/100] trn/acc1 5.07e-01, trn/loss 3.23e+00, trn/loss_ce 1.98e+00, trn/loss_wd 2.49e+03, trn/lr 9.44e-02
[2022-02-06 16:21:12,119][INFO] [Epoch  20/100] Validation: val/acc1 0.4179, val/loss_ce 2.4454
[2022-02-06 16:24:44,027][INFO] [Epoch  21/100] trn/acc1 5.13e-01, trn/loss 3.21e+00, trn/loss_ce 1.95e+00, trn/loss_wd 2.52e+03, trn/lr 9.36e-02
[2022-02-06 16:28:06,569][INFO] [Epoch  22/100] trn/acc1 5.16e-01, trn/loss 3.20e+00, trn/loss_ce 1.94e+00, trn/loss_wd 2.54e+03, trn/lr 9.27e-02
[2022-02-06 16:31:28,972][INFO] [Epoch  23/100] trn/acc1 5.20e-01, trn/loss 3.19e+00, trn/loss_ce 1.92e+00, trn/loss_wd 2.56e+03, trn/lr 9.19e-02
[2022-02-06 16:34:51,533][INFO] [Epoch  24/100] trn/acc1 5.24e-01, trn/loss 3.19e+00, trn/loss_ce 1.90e+00, trn/loss_wd 2.57e+03, trn/lr 9.09e-02
[2022-02-06 16:38:14,097][INFO] [Epoch  25/100] trn/acc1 5.29e-01, trn/loss 3.18e+00, trn/loss_ce 1.88e+00, trn/loss_wd 2.59e+03, trn/lr 9.00e-02
[2022-02-06 16:41:36,552][INFO] [Epoch  26/100] trn/acc1 5.33e-01, trn/loss 3.16e+00, trn/loss_ce 1.87e+00, trn/loss_wd 2.60e+03, trn/lr 8.89e-02
[2022-02-06 16:44:59,026][INFO] [Epoch  27/100] trn/acc1 5.36e-01, trn/loss 3.15e+00, trn/loss_ce 1.85e+00, trn/loss_wd 2.61e+03, trn/lr 8.79e-02
[2022-02-06 16:48:21,708][INFO] [Epoch  28/100] trn/acc1 5.42e-01, trn/loss 3.14e+00, trn/loss_ce 1.82e+00, trn/loss_wd 2.63e+03, trn/lr 8.68e-02
[2022-02-06 16:51:44,297][INFO] [Epoch  29/100] trn/acc1 5.46e-01, trn/loss 3.13e+00, trn/loss_ce 1.81e+00, trn/loss_wd 2.64e+03, trn/lr 8.56e-02
[2022-02-06 16:55:06,784][INFO] [Epoch  30/100] trn/acc1 5.50e-01, trn/loss 3.12e+00, trn/loss_ce 1.79e+00, trn/loss_wd 2.65e+03, trn/lr 8.45e-02
[2022-02-06 16:55:12,545][INFO] [Epoch  30/100] Validation: val/acc1 0.4526, val/loss_ce 2.2779
[2022-02-06 16:58:44,835][INFO] [Epoch  31/100] trn/acc1 5.54e-01, trn/loss 3.11e+00, trn/loss_ce 1.78e+00, trn/loss_wd 2.66e+03, trn/lr 8.33e-02
[2022-02-06 17:02:07,363][INFO] [Epoch  32/100] trn/acc1 5.57e-01, trn/loss 3.09e+00, trn/loss_ce 1.76e+00, trn/loss_wd 2.67e+03, trn/lr 8.20e-02
[2022-02-06 17:05:29,748][INFO] [Epoch  33/100] trn/acc1 5.60e-01, trn/loss 3.08e+00, trn/loss_ce 1.74e+00, trn/loss_wd 2.68e+03, trn/lr 8.07e-02
[2022-02-06 17:08:52,269][INFO] [Epoch  34/100] trn/acc1 5.64e-01, trn/loss 3.07e+00, trn/loss_ce 1.72e+00, trn/loss_wd 2.69e+03, trn/lr 7.94e-02
[2022-02-06 17:12:14,851][INFO] [Epoch  35/100] trn/acc1 5.68e-01, trn/loss 3.05e+00, trn/loss_ce 1.70e+00, trn/loss_wd 2.70e+03, trn/lr 7.80e-02
[2022-02-06 17:15:37,379][INFO] [Epoch  36/100] trn/acc1 5.73e-01, trn/loss 3.04e+00, trn/loss_ce 1.68e+00, trn/loss_wd 2.71e+03, trn/lr 7.67e-02
[2022-02-06 17:18:59,677][INFO] [Epoch  37/100] trn/acc1 5.76e-01, trn/loss 3.03e+00, trn/loss_ce 1.67e+00, trn/loss_wd 2.72e+03, trn/lr 7.52e-02
[2022-02-06 17:22:22,200][INFO] [Epoch  38/100] trn/acc1 5.81e-01, trn/loss 3.01e+00, trn/loss_ce 1.65e+00, trn/loss_wd 2.72e+03, trn/lr 7.38e-02
[2022-02-06 17:25:44,725][INFO] [Epoch  39/100] trn/acc1 5.86e-01, trn/loss 2.99e+00, trn/loss_ce 1.63e+00, trn/loss_wd 2.73e+03, trn/lr 7.23e-02
[2022-02-06 17:29:07,090][INFO] [Epoch  40/100] trn/acc1 5.90e-01, trn/loss 2.97e+00, trn/loss_ce 1.61e+00, trn/loss_wd 2.73e+03, trn/lr 7.08e-02
[2022-02-06 17:29:12,851][INFO] [Epoch  40/100] Validation: val/acc1 0.4496, val/loss_ce 2.3224
[2022-02-06 17:32:37,349][INFO] [Epoch  41/100] trn/acc1 5.92e-01, trn/loss 2.96e+00, trn/loss_ce 1.59e+00, trn/loss_wd 2.73e+03, trn/lr 6.93e-02
[2022-02-06 17:35:59,940][INFO] [Epoch  42/100] trn/acc1 6.02e-01, trn/loss 2.93e+00, trn/loss_ce 1.56e+00, trn/loss_wd 2.74e+03, trn/lr 6.78e-02
[2022-02-06 17:39:22,420][INFO] [Epoch  43/100] trn/acc1 6.06e-01, trn/loss 2.92e+00, trn/loss_ce 1.55e+00, trn/loss_wd 2.74e+03, trn/lr 6.62e-02
[2022-02-06 17:42:44,906][INFO] [Epoch  44/100] trn/acc1 6.11e-01, trn/loss 2.90e+00, trn/loss_ce 1.52e+00, trn/loss_wd 2.75e+03, trn/lr 6.47e-02
[2022-02-06 17:46:07,446][INFO] [Epoch  45/100] trn/acc1 6.15e-01, trn/loss 2.88e+00, trn/loss_ce 1.50e+00, trn/loss_wd 2.75e+03, trn/lr 6.31e-02
[2022-02-06 17:49:29,900][INFO] [Epoch  46/100] trn/acc1 6.20e-01, trn/loss 2.85e+00, trn/loss_ce 1.47e+00, trn/loss_wd 2.75e+03, trn/lr 6.15e-02
[2022-02-06 17:52:52,450][INFO] [Epoch  47/100] trn/acc1 6.25e-01, trn/loss 2.84e+00, trn/loss_ce 1.46e+00, trn/loss_wd 2.75e+03, trn/lr 5.99e-02
[2022-02-06 17:56:15,024][INFO] [Epoch  48/100] trn/acc1 6.29e-01, trn/loss 2.81e+00, trn/loss_ce 1.43e+00, trn/loss_wd 2.75e+03, trn/lr 5.82e-02
[2022-02-06 17:59:37,553][INFO] [Epoch  49/100] trn/acc1 6.38e-01, trn/loss 2.78e+00, trn/loss_ce 1.40e+00, trn/loss_wd 2.75e+03, trn/lr 5.66e-02
[2022-02-06 18:02:59,852][INFO] [Epoch  50/100] trn/acc1 6.44e-01, trn/loss 2.75e+00, trn/loss_ce 1.38e+00, trn/loss_wd 2.75e+03, trn/lr 5.50e-02
[2022-02-06 18:03:05,622][INFO] [Epoch  50/100] Validation: val/acc1 0.5063, val/loss_ce 2.0440
[2022-02-06 18:06:36,860][INFO] [Epoch  51/100] trn/acc1 6.50e-01, trn/loss 2.73e+00, trn/loss_ce 1.35e+00, trn/loss_wd 2.75e+03, trn/lr 5.33e-02
[2022-02-06 18:09:59,276][INFO] [Epoch  52/100] trn/acc1 6.55e-01, trn/loss 2.70e+00, trn/loss_ce 1.33e+00, trn/loss_wd 2.75e+03, trn/lr 5.17e-02
[2022-02-06 18:13:21,596][INFO] [Epoch  53/100] trn/acc1 6.64e-01, trn/loss 2.67e+00, trn/loss_ce 1.29e+00, trn/loss_wd 2.75e+03, trn/lr 5.00e-02
[2022-02-06 18:16:44,005][INFO] [Epoch  54/100] trn/acc1 6.70e-01, trn/loss 2.64e+00, trn/loss_ce 1.26e+00, trn/loss_wd 2.75e+03, trn/lr 4.83e-02
[2022-02-06 18:20:06,157][INFO] [Epoch  55/100] trn/acc1 6.76e-01, trn/loss 2.62e+00, trn/loss_ce 1.24e+00, trn/loss_wd 2.75e+03, trn/lr 4.67e-02
[2022-02-06 18:23:28,632][INFO] [Epoch  56/100] trn/acc1 6.85e-01, trn/loss 2.58e+00, trn/loss_ce 1.20e+00, trn/loss_wd 2.75e+03, trn/lr 4.50e-02
[2022-02-06 18:26:51,017][INFO] [Epoch  57/100] trn/acc1 6.90e-01, trn/loss 2.54e+00, trn/loss_ce 1.17e+00, trn/loss_wd 2.75e+03, trn/lr 4.34e-02
[2022-02-06 18:30:13,352][INFO] [Epoch  58/100] trn/acc1 7.02e-01, trn/loss 2.50e+00, trn/loss_ce 1.13e+00, trn/loss_wd 2.74e+03, trn/lr 4.18e-02
[2022-02-06 18:33:35,788][INFO] [Epoch  59/100] trn/acc1 7.12e-01, trn/loss 2.46e+00, trn/loss_ce 1.09e+00, trn/loss_wd 2.73e+03, trn/lr 4.01e-02
[2022-02-06 18:36:58,050][INFO] [Epoch  60/100] trn/acc1 7.18e-01, trn/loss 2.43e+00, trn/loss_ce 1.07e+00, trn/loss_wd 2.73e+03, trn/lr 3.85e-02
[2022-02-06 18:37:03,809][INFO] [Epoch  60/100] Validation: val/acc1 0.5423, val/loss_ce 1.8918
[2022-02-06 18:40:34,502][INFO] [Epoch  61/100] trn/acc1 7.27e-01, trn/loss 2.39e+00, trn/loss_ce 1.02e+00, trn/loss_wd 2.73e+03, trn/lr 3.69e-02
[2022-02-06 18:43:56,906][INFO] [Epoch  62/100] trn/acc1 7.37e-01, trn/loss 2.35e+00, trn/loss_ce 9.85e-01, trn/loss_wd 2.72e+03, trn/lr 3.53e-02
[2022-02-06 18:47:19,263][INFO] [Epoch  63/100] trn/acc1 7.47e-01, trn/loss 2.30e+00, trn/loss_ce 9.47e-01, trn/loss_wd 2.71e+03, trn/lr 3.38e-02
[2022-02-06 18:50:41,677][INFO] [Epoch  64/100] trn/acc1 7.57e-01, trn/loss 2.26e+00, trn/loss_ce 9.05e-01, trn/loss_wd 2.70e+03, trn/lr 3.22e-02
[2022-02-06 18:54:04,033][INFO] [Epoch  65/100] trn/acc1 7.71e-01, trn/loss 2.20e+00, trn/loss_ce 8.53e-01, trn/loss_wd 2.69e+03, trn/lr 3.07e-02
[2022-02-06 18:57:26,506][INFO] [Epoch  66/100] trn/acc1 7.81e-01, trn/loss 2.15e+00, trn/loss_ce 8.13e-01, trn/loss_wd 2.68e+03, trn/lr 2.92e-02
[2022-02-06 19:00:48,941][INFO] [Epoch  67/100] trn/acc1 7.95e-01, trn/loss 2.09e+00, trn/loss_ce 7.61e-01, trn/loss_wd 2.66e+03, trn/lr 2.77e-02
[2022-02-06 19:04:11,412][INFO] [Epoch  68/100] trn/acc1 8.04e-01, trn/loss 2.05e+00, trn/loss_ce 7.21e-01, trn/loss_wd 2.65e+03, trn/lr 2.62e-02
[2022-02-06 19:07:33,833][INFO] [Epoch  69/100] trn/acc1 8.18e-01, trn/loss 1.98e+00, trn/loss_ce 6.70e-01, trn/loss_wd 2.63e+03, trn/lr 2.48e-02
[2022-02-06 19:10:56,214][INFO] [Epoch  70/100] trn/acc1 8.34e-01, trn/loss 1.91e+00, trn/loss_ce 6.14e-01, trn/loss_wd 2.60e+03, trn/lr 2.34e-02
[2022-02-06 19:11:01,974][INFO] [Epoch  70/100] Validation: val/acc1 0.5922, val/loss_ce 1.7536
[2022-02-06 19:14:33,728][INFO] [Epoch  71/100] trn/acc1 8.50e-01, trn/loss 1.84e+00, trn/loss_ce 5.57e-01, trn/loss_wd 2.57e+03, trn/lr 2.20e-02
[2022-02-06 19:17:56,206][INFO] [Epoch  72/100] trn/acc1 8.63e-01, trn/loss 1.77e+00, trn/loss_ce 5.06e-01, trn/loss_wd 2.53e+03, trn/lr 2.06e-02
[2022-02-06 19:21:18,576][INFO] [Epoch  73/100] trn/acc1 8.79e-01, trn/loss 1.70e+00, trn/loss_ce 4.55e-01, trn/loss_wd 2.49e+03, trn/lr 1.93e-02
[2022-02-06 19:24:41,046][INFO] [Epoch  74/100] trn/acc1 8.96e-01, trn/loss 1.62e+00, trn/loss_ce 3.95e-01, trn/loss_wd 2.44e+03, trn/lr 1.80e-02
[2022-02-06 19:28:03,444][INFO] [Epoch  75/100] trn/acc1 9.14e-01, trn/loss 1.53e+00, trn/loss_ce 3.39e-01, trn/loss_wd 2.39e+03, trn/lr 1.68e-02
[2022-02-06 19:31:25,867][INFO] [Epoch  76/100] trn/acc1 9.32e-01, trn/loss 1.44e+00, trn/loss_ce 2.81e-01, trn/loss_wd 2.33e+03, trn/lr 1.55e-02
[2022-02-06 19:34:48,215][INFO] [Epoch  77/100] trn/acc1 9.48e-01, trn/loss 1.35e+00, trn/loss_ce 2.26e-01, trn/loss_wd 2.25e+03, trn/lr 1.44e-02
[2022-02-06 19:38:10,732][INFO] [Epoch  78/100] trn/acc1 9.62e-01, trn/loss 1.27e+00, trn/loss_ce 1.79e-01, trn/loss_wd 2.17e+03, trn/lr 1.32e-02
[2022-02-06 19:41:33,247][INFO] [Epoch  79/100] trn/acc1 9.78e-01, trn/loss 1.17e+00, trn/loss_ce 1.27e-01, trn/loss_wd 2.09e+03, trn/lr 1.21e-02
[2022-02-06 19:44:55,577][INFO] [Epoch  80/100] trn/acc1 9.88e-01, trn/loss 1.08e+00, trn/loss_ce 8.80e-02, trn/loss_wd 1.99e+03, trn/lr 1.11e-02
[2022-02-06 19:45:01,344][INFO] [Epoch  80/100] Validation: val/acc1 0.6642, val/loss_ce 1.4804
[2022-02-06 19:48:32,518][INFO] [Epoch  81/100] trn/acc1 9.94e-01, trn/loss 1.01e+00, trn/loss_ce 6.07e-02, trn/loss_wd 1.90e+03, trn/lr 1.00e-02
[2022-02-06 19:51:54,872][INFO] [Epoch  82/100] trn/acc1 9.97e-01, trn/loss 9.47e-01, trn/loss_ce 4.45e-02, trn/loss_wd 1.80e+03, trn/lr 9.07e-03
[2022-02-06 19:55:17,303][INFO] [Epoch  83/100] trn/acc1 9.98e-01, trn/loss 8.96e-01, trn/loss_ce 3.56e-02, trn/loss_wd 1.72e+03, trn/lr 8.14e-03
[2022-02-06 19:58:39,695][INFO] [Epoch  84/100] trn/acc1 9.99e-01, trn/loss 8.52e-01, trn/loss_ce 2.82e-02, trn/loss_wd 1.65e+03, trn/lr 7.26e-03
[2022-02-06 20:02:02,003][INFO] [Epoch  85/100] trn/acc1 9.99e-01, trn/loss 8.17e-01, trn/loss_ce 2.49e-02, trn/loss_wd 1.58e+03, trn/lr 6.43e-03
[2022-02-06 20:05:24,317][INFO] [Epoch  86/100] trn/acc1 9.99e-01, trn/loss 7.89e-01, trn/loss_ce 2.36e-02, trn/loss_wd 1.53e+03, trn/lr 5.64e-03
[2022-02-06 20:08:46,723][INFO] [Epoch  87/100] trn/acc1 1.00e+00, trn/loss 7.64e-01, trn/loss_ce 2.18e-02, trn/loss_wd 1.48e+03, trn/lr 4.90e-03
[2022-02-06 20:12:08,946][INFO] [Epoch  88/100] trn/acc1 1.00e+00, trn/loss 7.44e-01, trn/loss_ce 2.13e-02, trn/loss_wd 1.44e+03, trn/lr 4.21e-03
[2022-02-06 20:15:31,241][INFO] [Epoch  89/100] trn/acc1 1.00e+00, trn/loss 7.26e-01, trn/loss_ce 2.01e-02, trn/loss_wd 1.41e+03, trn/lr 3.57e-03
[2022-02-06 20:18:53,742][INFO] [Epoch  90/100] trn/acc1 1.00e+00, trn/loss 7.13e-01, trn/loss_ce 1.96e-02, trn/loss_wd 1.39e+03, trn/lr 2.99e-03
[2022-02-06 20:18:59,512][INFO] [Epoch  90/100] Validation: val/acc1 0.6921, val/loss_ce 1.3104
[2022-02-06 20:22:30,755][INFO] [Epoch  91/100] trn/acc1 1.00e+00, trn/loss 7.01e-01, trn/loss_ce 1.86e-02, trn/loss_wd 1.36e+03, trn/lr 2.45e-03
[2022-02-06 20:22:36,511][INFO] [Epoch  91/100] Validation: val/acc1 0.6958, val/loss_ce 1.3050
[2022-02-06 20:26:12,528][INFO] [Epoch  92/100] trn/acc1 1.00e+00, trn/loss 6.92e-01, trn/loss_ce 1.85e-02, trn/loss_wd 1.35e+03, trn/lr 1.96e-03
[2022-02-06 20:26:18,292][INFO] [Epoch  92/100] Validation: val/acc1 0.6944, val/loss_ce 1.3058
[2022-02-06 20:29:42,797][INFO] [Epoch  93/100] trn/acc1 1.00e+00, trn/loss 6.85e-01, trn/loss_ce 1.81e-02, trn/loss_wd 1.33e+03, trn/lr 1.53e-03
[2022-02-06 20:29:48,562][INFO] [Epoch  93/100] Validation: val/acc1 0.6940, val/loss_ce 1.3053
[2022-02-06 20:33:12,920][INFO] [Epoch  94/100] trn/acc1 1.00e+00, trn/loss 6.79e-01, trn/loss_ce 1.76e-02, trn/loss_wd 1.32e+03, trn/lr 1.15e-03
[2022-02-06 20:33:18,685][INFO] [Epoch  94/100] Validation: val/acc1 0.6960, val/loss_ce 1.3064
[2022-02-06 20:36:46,548][INFO] [Epoch  95/100] trn/acc1 1.00e+00, trn/loss 6.75e-01, trn/loss_ce 1.73e-02, trn/loss_wd 1.32e+03, trn/lr 8.27e-04
[2022-02-06 20:36:52,318][INFO] [Epoch  95/100] Validation: val/acc1 0.6957, val/loss_ce 1.3060
[2022-02-06 20:40:16,750][INFO] [Epoch  96/100] trn/acc1 1.00e+00, trn/loss 6.72e-01, trn/loss_ce 1.73e-02, trn/loss_wd 1.31e+03, trn/lr 5.55e-04
[2022-02-06 20:40:22,510][INFO] [Epoch  96/100] Validation: val/acc1 0.6963, val/loss_ce 1.3030
[2022-02-06 20:43:53,736][INFO] [Epoch  97/100] trn/acc1 1.00e+00, trn/loss 6.70e-01, trn/loss_ce 1.71e-02, trn/loss_wd 1.31e+03, trn/lr 3.37e-04
[2022-02-06 20:43:59,501][INFO] [Epoch  97/100] Validation: val/acc1 0.6974, val/loss_ce 1.3045
[2022-02-06 20:47:27,479][INFO] [Epoch  98/100] trn/acc1 1.00e+00, trn/loss 6.69e-01, trn/loss_ce 1.70e-02, trn/loss_wd 1.30e+03, trn/lr 1.73e-04
[2022-02-06 20:47:33,239][INFO] [Epoch  98/100] Validation: val/acc1 0.6962, val/loss_ce 1.3027
[2022-02-06 20:51:01,284][INFO] [Epoch  99/100] trn/acc1 1.00e+00, trn/loss 6.68e-01, trn/loss_ce 1.67e-02, trn/loss_wd 1.30e+03, trn/lr 6.38e-05
[2022-02-06 20:51:07,055][INFO] [Epoch  99/100] Validation: val/acc1 0.6962, val/loss_ce 1.3038
[2022-02-06 20:54:31,402][INFO] [Epoch 100/100] trn/acc1 1.00e+00, trn/loss 6.69e-01, trn/loss_ce 1.69e-02, trn/loss_wd 1.30e+03, trn/lr 9.13e-06
[2022-02-06 20:54:37,168][INFO] [Epoch 100/100] Validation: val/acc1 0.6972, val/loss_ce 1.3023
