[2022-02-08 21:35:58,180][INFO] Environments:
------------  -------------------------------------------------------------
sys.platform  linux
Python        3.8.10 (default, Nov 26 2021, 20:14:08) [GCC 9.3.0]
JAX           0.2.28 @/home/giung/.local/lib/python3.8/site-packages/jax
jaxlib        0.1.76 @/home/giung/.local/lib/python3.8/site-packages/jaxlib
Flax          0.4.0 @/home/giung/.local/lib/python3.8/site-packages/flax
Optax         0.1.1 @/home/giung/.local/lib/python3.8/site-packages/optax
------------  -------------------------------------------------------------

[2022-02-08 21:35:58,180][INFO] Command line arguments:
Namespace(batch_size=256, config_file='./configs/ImageNet1k_R50-BN-ReLU_SGD.yaml', keep_every_n_checkpoints=None, learning_rate=0.1, num_epochs=100, num_warmup_epochs=5, opts=[], output_dir='./outputs/ImageNet1k_R50-BN-ReLU/SGD/s42_e100_b256_wd1e-4_8TPUv3', seed=42, weight_decay=0.0001)

[2022-02-08 21:35:58,180][INFO] Using a random seed 42

[2022-02-08 21:35:58,206][INFO] Unable to initialize backend 'tpu_driver': NOT_FOUND: Unable to find driver in registry given worker: 
[2022-02-08 21:35:58,206][INFO] Unable to initialize backend 'gpu': NOT_FOUND: Could not find registered platform with name: "cuda". Available platform names are: Interpreter Host TPU
[2022-02-08 21:36:24,411][INFO] Load dataset info from /home/giung/tensorflow_datasets/imagenet2012/5.1.0
[2022-02-08 21:36:24,927][INFO] Found no checkpoint files in outputs/ImageNet1k_R50-BN-ReLU/SGD/s42_e100_b256_wd1e-4_8TPUv3
[2022-02-08 21:36:24,991][INFO] Constructing tf.data.Dataset imagenet2012 for split train[0:1281167], from /home/giung/tensorflow_datasets/imagenet2012/5.1.0
[2022-02-08 21:36:25,572][INFO] Constructing tf.data.Dataset imagenet2012 for split validation[0:50000], from /home/giung/tensorflow_datasets/imagenet2012/5.1.0
[2022-02-08 21:42:42,497][INFO] [Epoch   1/100] trn/acc1 3.16e-02, trn/loss 1.00e+01, trn/loss_ce 6.09e+00, trn/loss_wd 3.96e+04, trn/lr 1.00e-02
[2022-02-08 21:42:57,112][INFO] [Epoch   1/100] Validation: val/acc1 0.0778, val/loss_ce 5.2592
[2022-02-08 21:48:14,981][INFO] [Epoch   2/100] trn/acc1 1.56e-01, trn/loss 7.79e+00, trn/loss_ce 4.46e+00, trn/loss_wd 3.33e+04, trn/lr 3.00e-02
[2022-02-08 21:53:32,140][INFO] [Epoch   3/100] trn/acc1 2.65e-01, trn/loss 6.09e+00, trn/loss_ce 3.63e+00, trn/loss_wd 2.46e+04, trn/lr 5.00e-02
[2022-02-08 21:58:49,291][INFO] [Epoch   4/100] trn/acc1 3.29e-01, trn/loss 4.94e+00, trn/loss_ce 3.21e+00, trn/loss_wd 1.73e+04, trn/lr 7.00e-02
[2022-02-08 22:04:06,444][INFO] [Epoch   5/100] trn/acc1 3.64e-01, trn/loss 4.30e+00, trn/loss_ce 3.00e+00, trn/loss_wd 1.30e+04, trn/lr 9.00e-02
[2022-02-08 22:09:23,573][INFO] [Epoch   6/100] trn/acc1 3.89e-01, trn/loss 4.00e+00, trn/loss_ce 2.86e+00, trn/loss_wd 1.14e+04, trn/lr 1.00e-01
[2022-02-08 22:14:40,747][INFO] [Epoch   7/100] trn/acc1 4.10e-01, trn/loss 3.83e+00, trn/loss_ce 2.74e+00, trn/loss_wd 1.09e+04, trn/lr 9.99e-02
[2022-02-08 22:19:57,903][INFO] [Epoch   8/100] trn/acc1 4.25e-01, trn/loss 3.74e+00, trn/loss_ce 2.65e+00, trn/loss_wd 1.09e+04, trn/lr 9.98e-02
[2022-02-08 22:25:15,037][INFO] [Epoch   9/100] trn/acc1 4.36e-01, trn/loss 3.69e+00, trn/loss_ce 2.59e+00, trn/loss_wd 1.10e+04, trn/lr 9.97e-02
[2022-02-08 22:30:32,201][INFO] [Epoch  10/100] trn/acc1 4.45e-01, trn/loss 3.65e+00, trn/loss_ce 2.54e+00, trn/loss_wd 1.11e+04, trn/lr 9.94e-02
[2022-02-08 22:30:39,131][INFO] [Epoch  10/100] Validation: val/acc1 0.4589, val/loss_ce 2.3953
[2022-02-08 22:35:59,971][INFO] [Epoch  11/100] trn/acc1 4.53e-01, trn/loss 3.62e+00, trn/loss_ce 2.50e+00, trn/loss_wd 1.12e+04, trn/lr 9.92e-02
[2022-02-08 22:41:17,245][INFO] [Epoch  12/100] trn/acc1 4.59e-01, trn/loss 3.59e+00, trn/loss_ce 2.46e+00, trn/loss_wd 1.13e+04, trn/lr 9.88e-02
[2022-02-08 22:46:34,406][INFO] [Epoch  13/100] trn/acc1 4.64e-01, trn/loss 3.57e+00, trn/loss_ce 2.44e+00, trn/loss_wd 1.14e+04, trn/lr 9.85e-02
[2022-02-08 22:51:51,712][INFO] [Epoch  14/100] trn/acc1 4.68e-01, trn/loss 3.56e+00, trn/loss_ce 2.41e+00, trn/loss_wd 1.14e+04, trn/lr 9.80e-02
[2022-02-08 22:57:08,853][INFO] [Epoch  15/100] trn/acc1 4.72e-01, trn/loss 3.54e+00, trn/loss_ce 2.40e+00, trn/loss_wd 1.15e+04, trn/lr 9.76e-02
[2022-02-08 23:02:26,023][INFO] [Epoch  16/100] trn/acc1 4.75e-01, trn/loss 3.52e+00, trn/loss_ce 2.37e+00, trn/loss_wd 1.15e+04, trn/lr 9.70e-02
[2022-02-08 23:07:43,168][INFO] [Epoch  17/100] trn/acc1 4.78e-01, trn/loss 3.51e+00, trn/loss_ce 2.36e+00, trn/loss_wd 1.15e+04, trn/lr 9.64e-02
[2022-02-08 23:13:00,321][INFO] [Epoch  18/100] trn/acc1 4.81e-01, trn/loss 3.50e+00, trn/loss_ce 2.34e+00, trn/loss_wd 1.16e+04, trn/lr 9.58e-02
[2022-02-08 23:18:17,446][INFO] [Epoch  19/100] trn/acc1 4.84e-01, trn/loss 3.49e+00, trn/loss_ce 2.33e+00, trn/loss_wd 1.16e+04, trn/lr 9.51e-02
[2022-02-08 23:23:34,600][INFO] [Epoch  20/100] trn/acc1 4.86e-01, trn/loss 3.47e+00, trn/loss_ce 2.32e+00, trn/loss_wd 1.16e+04, trn/lr 9.44e-02
[2022-02-08 23:23:41,607][INFO] [Epoch  20/100] Validation: val/acc1 0.5435, val/loss_ce 1.9582
[2022-02-08 23:29:02,226][INFO] [Epoch  21/100] trn/acc1 4.88e-01, trn/loss 3.46e+00, trn/loss_ce 2.31e+00, trn/loss_wd 1.16e+04, trn/lr 9.36e-02
[2022-02-08 23:34:19,367][INFO] [Epoch  22/100] trn/acc1 4.90e-01, trn/loss 3.45e+00, trn/loss_ce 2.29e+00, trn/loss_wd 1.16e+04, trn/lr 9.27e-02
[2022-02-08 23:39:36,531][INFO] [Epoch  23/100] trn/acc1 4.92e-01, trn/loss 3.44e+00, trn/loss_ce 2.28e+00, trn/loss_wd 1.16e+04, trn/lr 9.19e-02
[2022-02-08 23:44:53,666][INFO] [Epoch  24/100] trn/acc1 4.96e-01, trn/loss 3.42e+00, trn/loss_ce 2.27e+00, trn/loss_wd 1.16e+04, trn/lr 9.09e-02
[2022-02-08 23:50:10,800][INFO] [Epoch  25/100] trn/acc1 4.96e-01, trn/loss 3.42e+00, trn/loss_ce 2.27e+00, trn/loss_wd 1.16e+04, trn/lr 9.00e-02
[2022-02-08 23:55:27,964][INFO] [Epoch  26/100] trn/acc1 4.98e-01, trn/loss 3.41e+00, trn/loss_ce 2.25e+00, trn/loss_wd 1.16e+04, trn/lr 8.89e-02
[2022-02-09 00:00:45,106][INFO] [Epoch  27/100] trn/acc1 5.01e-01, trn/loss 3.39e+00, trn/loss_ce 2.24e+00, trn/loss_wd 1.15e+04, trn/lr 8.79e-02
[2022-02-09 00:06:02,262][INFO] [Epoch  28/100] trn/acc1 5.02e-01, trn/loss 3.38e+00, trn/loss_ce 2.23e+00, trn/loss_wd 1.15e+04, trn/lr 8.68e-02
[2022-02-09 00:11:19,409][INFO] [Epoch  29/100] trn/acc1 5.04e-01, trn/loss 3.37e+00, trn/loss_ce 2.22e+00, trn/loss_wd 1.15e+04, trn/lr 8.56e-02
[2022-02-09 00:16:36,562][INFO] [Epoch  30/100] trn/acc1 5.06e-01, trn/loss 3.36e+00, trn/loss_ce 2.21e+00, trn/loss_wd 1.15e+04, trn/lr 8.45e-02
[2022-02-09 00:16:43,524][INFO] [Epoch  30/100] Validation: val/acc1 0.5392, val/loss_ce 1.9640
[2022-02-09 00:22:01,333][INFO] [Epoch  31/100] trn/acc1 5.08e-01, trn/loss 3.35e+00, trn/loss_ce 2.20e+00, trn/loss_wd 1.14e+04, trn/lr 8.32e-02
[2022-02-09 00:27:18,659][INFO] [Epoch  32/100] trn/acc1 5.09e-01, trn/loss 3.33e+00, trn/loss_ce 2.19e+00, trn/loss_wd 1.14e+04, trn/lr 8.20e-02
[2022-02-09 00:32:35,815][INFO] [Epoch  33/100] trn/acc1 5.11e-01, trn/loss 3.32e+00, trn/loss_ce 2.18e+00, trn/loss_wd 1.14e+04, trn/lr 8.07e-02
[2022-02-09 00:37:52,950][INFO] [Epoch  34/100] trn/acc1 5.14e-01, trn/loss 3.31e+00, trn/loss_ce 2.17e+00, trn/loss_wd 1.13e+04, trn/lr 7.94e-02
[2022-02-09 00:43:10,094][INFO] [Epoch  35/100] trn/acc1 5.16e-01, trn/loss 3.29e+00, trn/loss_ce 2.16e+00, trn/loss_wd 1.13e+04, trn/lr 7.80e-02
[2022-02-09 00:48:27,234][INFO] [Epoch  36/100] trn/acc1 5.17e-01, trn/loss 3.28e+00, trn/loss_ce 2.15e+00, trn/loss_wd 1.13e+04, trn/lr 7.67e-02
[2022-02-09 00:53:44,390][INFO] [Epoch  37/100] trn/acc1 5.19e-01, trn/loss 3.26e+00, trn/loss_ce 2.14e+00, trn/loss_wd 1.12e+04, trn/lr 7.52e-02
[2022-02-09 00:59:01,523][INFO] [Epoch  38/100] trn/acc1 5.21e-01, trn/loss 3.25e+00, trn/loss_ce 2.13e+00, trn/loss_wd 1.12e+04, trn/lr 7.38e-02
[2022-02-09 01:04:18,688][INFO] [Epoch  39/100] trn/acc1 5.24e-01, trn/loss 3.23e+00, trn/loss_ce 2.12e+00, trn/loss_wd 1.11e+04, trn/lr 7.23e-02
[2022-02-09 01:09:35,875][INFO] [Epoch  40/100] trn/acc1 5.26e-01, trn/loss 3.21e+00, trn/loss_ce 2.11e+00, trn/loss_wd 1.11e+04, trn/lr 7.08e-02
[2022-02-09 01:09:42,816][INFO] [Epoch  40/100] Validation: val/acc1 0.5870, val/loss_ce 1.7351
[2022-02-09 01:15:03,765][INFO] [Epoch  41/100] trn/acc1 5.28e-01, trn/loss 3.20e+00, trn/loss_ce 2.10e+00, trn/loss_wd 1.10e+04, trn/lr 6.93e-02
[2022-02-09 01:20:20,907][INFO] [Epoch  42/100] trn/acc1 5.29e-01, trn/loss 3.18e+00, trn/loss_ce 2.09e+00, trn/loss_wd 1.10e+04, trn/lr 6.78e-02
[2022-02-09 01:25:38,049][INFO] [Epoch  43/100] trn/acc1 5.32e-01, trn/loss 3.16e+00, trn/loss_ce 2.07e+00, trn/loss_wd 1.09e+04, trn/lr 6.62e-02
[2022-02-09 01:30:55,191][INFO] [Epoch  44/100] trn/acc1 5.35e-01, trn/loss 3.14e+00, trn/loss_ce 2.06e+00, trn/loss_wd 1.08e+04, trn/lr 6.47e-02
[2022-02-09 01:36:12,465][INFO] [Epoch  45/100] trn/acc1 5.37e-01, trn/loss 3.13e+00, trn/loss_ce 2.05e+00, trn/loss_wd 1.08e+04, trn/lr 6.31e-02
[2022-02-09 01:41:29,641][INFO] [Epoch  46/100] trn/acc1 5.39e-01, trn/loss 3.11e+00, trn/loss_ce 2.04e+00, trn/loss_wd 1.07e+04, trn/lr 6.15e-02
[2022-02-09 01:46:46,787][INFO] [Epoch  47/100] trn/acc1 5.42e-01, trn/loss 3.09e+00, trn/loss_ce 2.03e+00, trn/loss_wd 1.06e+04, trn/lr 5.99e-02
[2022-02-09 01:52:03,936][INFO] [Epoch  48/100] trn/acc1 5.43e-01, trn/loss 3.07e+00, trn/loss_ce 2.02e+00, trn/loss_wd 1.06e+04, trn/lr 5.82e-02
[2022-02-09 01:57:21,091][INFO] [Epoch  49/100] trn/acc1 5.46e-01, trn/loss 3.05e+00, trn/loss_ce 2.00e+00, trn/loss_wd 1.05e+04, trn/lr 5.66e-02
[2022-02-09 02:02:38,365][INFO] [Epoch  50/100] trn/acc1 5.49e-01, trn/loss 3.03e+00, trn/loss_ce 1.99e+00, trn/loss_wd 1.04e+04, trn/lr 5.50e-02
[2022-02-09 02:02:45,309][INFO] [Epoch  50/100] Validation: val/acc1 0.5652, val/loss_ce 1.8643
[2022-02-09 02:08:02,917][INFO] [Epoch  51/100] trn/acc1 5.51e-01, trn/loss 3.01e+00, trn/loss_ce 1.98e+00, trn/loss_wd 1.03e+04, trn/lr 5.33e-02
[2022-02-09 02:13:20,093][INFO] [Epoch  52/100] trn/acc1 5.53e-01, trn/loss 2.99e+00, trn/loss_ce 1.96e+00, trn/loss_wd 1.03e+04, trn/lr 5.17e-02
[2022-02-09 02:18:37,266][INFO] [Epoch  53/100] trn/acc1 5.57e-01, trn/loss 2.97e+00, trn/loss_ce 1.95e+00, trn/loss_wd 1.02e+04, trn/lr 5.00e-02
[2022-02-09 02:23:54,424][INFO] [Epoch  54/100] trn/acc1 5.60e-01, trn/loss 2.94e+00, trn/loss_ce 1.93e+00, trn/loss_wd 1.01e+04, trn/lr 4.83e-02
[2022-02-09 02:29:11,589][INFO] [Epoch  55/100] trn/acc1 5.63e-01, trn/loss 2.92e+00, trn/loss_ce 1.92e+00, trn/loss_wd 1.00e+04, trn/lr 4.67e-02
[2022-02-09 02:34:28,746][INFO] [Epoch  56/100] trn/acc1 5.65e-01, trn/loss 2.90e+00, trn/loss_ce 1.91e+00, trn/loss_wd 9.91e+03, trn/lr 4.50e-02
[2022-02-09 02:39:45,928][INFO] [Epoch  57/100] trn/acc1 5.68e-01, trn/loss 2.87e+00, trn/loss_ce 1.89e+00, trn/loss_wd 9.82e+03, trn/lr 4.34e-02
[2022-02-09 02:45:03,084][INFO] [Epoch  58/100] trn/acc1 5.72e-01, trn/loss 2.84e+00, trn/loss_ce 1.87e+00, trn/loss_wd 9.73e+03, trn/lr 4.18e-02
[2022-02-09 02:50:20,219][INFO] [Epoch  59/100] trn/acc1 5.74e-01, trn/loss 2.83e+00, trn/loss_ce 1.86e+00, trn/loss_wd 9.64e+03, trn/lr 4.01e-02
[2022-02-09 02:55:37,397][INFO] [Epoch  60/100] trn/acc1 5.78e-01, trn/loss 2.80e+00, trn/loss_ce 1.84e+00, trn/loss_wd 9.54e+03, trn/lr 3.85e-02
[2022-02-09 02:55:44,360][INFO] [Epoch  60/100] Validation: val/acc1 0.6234, val/loss_ce 1.5644
[2022-02-09 03:01:05,119][INFO] [Epoch  61/100] trn/acc1 5.81e-01, trn/loss 2.77e+00, trn/loss_ce 1.83e+00, trn/loss_wd 9.45e+03, trn/lr 3.69e-02
[2022-02-09 03:06:22,284][INFO] [Epoch  62/100] trn/acc1 5.85e-01, trn/loss 2.74e+00, trn/loss_ce 1.81e+00, trn/loss_wd 9.34e+03, trn/lr 3.53e-02
[2022-02-09 03:11:39,558][INFO] [Epoch  63/100] trn/acc1 5.88e-01, trn/loss 2.72e+00, trn/loss_ce 1.79e+00, trn/loss_wd 9.24e+03, trn/lr 3.38e-02
[2022-02-09 03:16:56,715][INFO] [Epoch  64/100] trn/acc1 5.91e-01, trn/loss 2.69e+00, trn/loss_ce 1.78e+00, trn/loss_wd 9.14e+03, trn/lr 3.22e-02
[2022-02-09 03:22:13,864][INFO] [Epoch  65/100] trn/acc1 5.95e-01, trn/loss 2.66e+00, trn/loss_ce 1.76e+00, trn/loss_wd 9.03e+03, trn/lr 3.07e-02
[2022-02-09 03:27:31,034][INFO] [Epoch  66/100] trn/acc1 5.99e-01, trn/loss 2.63e+00, trn/loss_ce 1.74e+00, trn/loss_wd 8.92e+03, trn/lr 2.92e-02
[2022-02-09 03:32:48,217][INFO] [Epoch  67/100] trn/acc1 6.03e-01, trn/loss 2.60e+00, trn/loss_ce 1.72e+00, trn/loss_wd 8.81e+03, trn/lr 2.77e-02
[2022-02-09 03:38:05,536][INFO] [Epoch  68/100] trn/acc1 6.07e-01, trn/loss 2.57e+00, trn/loss_ce 1.70e+00, trn/loss_wd 8.70e+03, trn/lr 2.62e-02
[2022-02-09 03:43:22,694][INFO] [Epoch  69/100] trn/acc1 6.11e-01, trn/loss 2.54e+00, trn/loss_ce 1.68e+00, trn/loss_wd 8.58e+03, trn/lr 2.48e-02
[2022-02-09 03:48:39,841][INFO] [Epoch  70/100] trn/acc1 6.15e-01, trn/loss 2.51e+00, trn/loss_ce 1.66e+00, trn/loss_wd 8.47e+03, trn/lr 2.33e-02
[2022-02-09 03:48:46,849][INFO] [Epoch  70/100] Validation: val/acc1 0.6655, val/loss_ce 1.3697
[2022-02-09 03:54:07,478][INFO] [Epoch  71/100] trn/acc1 6.19e-01, trn/loss 2.48e+00, trn/loss_ce 1.64e+00, trn/loss_wd 8.35e+03, trn/lr 2.20e-02
[2022-02-09 03:59:24,614][INFO] [Epoch  72/100] trn/acc1 6.24e-01, trn/loss 2.44e+00, trn/loss_ce 1.62e+00, trn/loss_wd 8.23e+03, trn/lr 2.06e-02
[2022-02-09 04:04:41,761][INFO] [Epoch  73/100] trn/acc1 6.28e-01, trn/loss 2.41e+00, trn/loss_ce 1.60e+00, trn/loss_wd 8.11e+03, trn/lr 1.93e-02
[2022-02-09 04:09:58,932][INFO] [Epoch  74/100] trn/acc1 6.32e-01, trn/loss 2.38e+00, trn/loss_ce 1.58e+00, trn/loss_wd 7.99e+03, trn/lr 1.80e-02
[2022-02-09 04:15:16,190][INFO] [Epoch  75/100] trn/acc1 6.37e-01, trn/loss 2.34e+00, trn/loss_ce 1.55e+00, trn/loss_wd 7.87e+03, trn/lr 1.68e-02
[2022-02-09 04:20:33,333][INFO] [Epoch  76/100] trn/acc1 6.42e-01, trn/loss 2.31e+00, trn/loss_ce 1.53e+00, trn/loss_wd 7.74e+03, trn/lr 1.55e-02
[2022-02-09 04:25:50,484][INFO] [Epoch  77/100] trn/acc1 6.47e-01, trn/loss 2.27e+00, trn/loss_ce 1.51e+00, trn/loss_wd 7.62e+03, trn/lr 1.44e-02
[2022-02-09 04:31:07,621][INFO] [Epoch  78/100] trn/acc1 6.52e-01, trn/loss 2.23e+00, trn/loss_ce 1.48e+00, trn/loss_wd 7.50e+03, trn/lr 1.32e-02
[2022-02-09 04:36:24,770][INFO] [Epoch  79/100] trn/acc1 6.57e-01, trn/loss 2.20e+00, trn/loss_ce 1.46e+00, trn/loss_wd 7.37e+03, trn/lr 1.21e-02
[2022-02-09 04:41:42,048][INFO] [Epoch  80/100] trn/acc1 6.63e-01, trn/loss 2.16e+00, trn/loss_ce 1.43e+00, trn/loss_wd 7.25e+03, trn/lr 1.11e-02
[2022-02-09 04:41:49,000][INFO] [Epoch  80/100] Validation: val/acc1 0.7059, val/loss_ce 1.1908
[2022-02-09 04:47:09,762][INFO] [Epoch  81/100] trn/acc1 6.68e-01, trn/loss 2.12e+00, trn/loss_ce 1.41e+00, trn/loss_wd 7.13e+03, trn/lr 1.00e-02
[2022-02-09 04:52:26,935][INFO] [Epoch  82/100] trn/acc1 6.73e-01, trn/loss 2.08e+00, trn/loss_ce 1.38e+00, trn/loss_wd 7.01e+03, trn/lr 9.07e-03
[2022-02-09 04:57:44,114][INFO] [Epoch  83/100] trn/acc1 6.79e-01, trn/loss 2.05e+00, trn/loss_ce 1.36e+00, trn/loss_wd 6.90e+03, trn/lr 8.14e-03
[2022-02-09 05:03:01,272][INFO] [Epoch  84/100] trn/acc1 6.86e-01, trn/loss 2.00e+00, trn/loss_ce 1.33e+00, trn/loss_wd 6.78e+03, trn/lr 7.26e-03
[2022-02-09 05:08:18,422][INFO] [Epoch  85/100] trn/acc1 6.91e-01, trn/loss 1.97e+00, trn/loss_ce 1.30e+00, trn/loss_wd 6.67e+03, trn/lr 6.43e-03
[2022-02-09 05:13:35,573][INFO] [Epoch  86/100] trn/acc1 6.98e-01, trn/loss 1.93e+00, trn/loss_ce 1.27e+00, trn/loss_wd 6.57e+03, trn/lr 5.64e-03
[2022-02-09 05:18:52,715][INFO] [Epoch  87/100] trn/acc1 7.04e-01, trn/loss 1.89e+00, trn/loss_ce 1.24e+00, trn/loss_wd 6.47e+03, trn/lr 4.90e-03
[2022-02-09 05:24:09,851][INFO] [Epoch  88/100] trn/acc1 7.10e-01, trn/loss 1.85e+00, trn/loss_ce 1.22e+00, trn/loss_wd 6.37e+03, trn/lr 4.21e-03
[2022-02-09 05:29:26,996][INFO] [Epoch  89/100] trn/acc1 7.16e-01, trn/loss 1.82e+00, trn/loss_ce 1.19e+00, trn/loss_wd 6.29e+03, trn/lr 3.57e-03
[2022-02-09 05:34:44,131][INFO] [Epoch  90/100] trn/acc1 7.22e-01, trn/loss 1.78e+00, trn/loss_ce 1.16e+00, trn/loss_wd 6.21e+03, trn/lr 2.99e-03
[2022-02-09 05:34:50,987][INFO] [Epoch  90/100] Validation: val/acc1 0.7474, val/loss_ce 1.0168
[2022-02-09 05:40:11,878][INFO] [Epoch  91/100] trn/acc1 7.28e-01, trn/loss 1.74e+00, trn/loss_ce 1.13e+00, trn/loss_wd 6.14e+03, trn/lr 2.45e-03
[2022-02-09 05:40:18,774][INFO] [Epoch  91/100] Validation: val/acc1 0.7537, val/loss_ce 0.9822
[2022-02-09 05:45:39,469][INFO] [Epoch  92/100] trn/acc1 7.34e-01, trn/loss 1.72e+00, trn/loss_ce 1.11e+00, trn/loss_wd 6.08e+03, trn/lr 1.96e-03
[2022-02-09 05:45:46,253][INFO] [Epoch  92/100] Validation: val/acc1 0.7560, val/loss_ce 0.9759
[2022-02-09 05:51:07,322][INFO] [Epoch  93/100] trn/acc1 7.39e-01, trn/loss 1.69e+00, trn/loss_ce 1.08e+00, trn/loss_wd 6.02e+03, trn/lr 1.53e-03
[2022-02-09 05:51:14,081][INFO] [Epoch  93/100] Validation: val/acc1 0.7595, val/loss_ce 0.9613
[2022-02-09 05:56:34,793][INFO] [Epoch  94/100] trn/acc1 7.45e-01, trn/loss 1.66e+00, trn/loss_ce 1.06e+00, trn/loss_wd 5.98e+03, trn/lr 1.15e-03
[2022-02-09 05:56:41,753][INFO] [Epoch  94/100] Validation: val/acc1 0.7614, val/loss_ce 0.9492
[2022-02-09 06:02:02,578][INFO] [Epoch  95/100] trn/acc1 7.48e-01, trn/loss 1.64e+00, trn/loss_ce 1.04e+00, trn/loss_wd 5.95e+03, trn/lr 8.27e-04
[2022-02-09 06:02:09,389][INFO] [Epoch  95/100] Validation: val/acc1 0.7634, val/loss_ce 0.9402
[2022-02-09 06:07:30,381][INFO] [Epoch  96/100] trn/acc1 7.52e-01, trn/loss 1.62e+00, trn/loss_ce 1.03e+00, trn/loss_wd 5.93e+03, trn/lr 5.55e-04
[2022-02-09 06:07:37,223][INFO] [Epoch  96/100] Validation: val/acc1 0.7650, val/loss_ce 0.9355
[2022-02-09 06:12:58,080][INFO] [Epoch  97/100] trn/acc1 7.55e-01, trn/loss 1.61e+00, trn/loss_ce 1.01e+00, trn/loss_wd 5.91e+03, trn/lr 3.37e-04
[2022-02-09 06:13:04,793][INFO] [Epoch  97/100] Validation: val/acc1 0.7650, val/loss_ce 0.9295
[2022-02-09 06:18:24,130][INFO] [Epoch  98/100] trn/acc1 7.57e-01, trn/loss 1.60e+00, trn/loss_ce 1.01e+00, trn/loss_wd 5.90e+03, trn/lr 1.73e-04
[2022-02-09 06:18:30,861][INFO] [Epoch  98/100] Validation: val/acc1 0.7655, val/loss_ce 0.9251
[2022-02-09 06:23:51,536][INFO] [Epoch  99/100] trn/acc1 7.58e-01, trn/loss 1.59e+00, trn/loss_ce 1.00e+00, trn/loss_wd 5.90e+03, trn/lr 6.38e-05
[2022-02-09 06:23:58,428][INFO] [Epoch  99/100] Validation: val/acc1 0.7667, val/loss_ce 0.9259
[2022-02-09 06:29:17,504][INFO] [Epoch 100/100] trn/acc1 7.59e-01, trn/loss 1.59e+00, trn/loss_ce 9.99e-01, trn/loss_wd 5.89e+03, trn/lr 9.12e-06
[2022-02-09 06:29:24,352][INFO] [Epoch 100/100] Validation: val/acc1 0.7661, val/loss_ce 0.9259
