[2022-02-06 19:08:07,236][INFO] Environments:
------------  -------------------------------------------------------------
sys.platform  linux
Python        3.8.5 (default, Jan 27 2021, 15:41:15) [GCC 9.3.0]
JAX           0.2.28 @/home/giung/.local/lib/python3.8/site-packages/jax
jaxlib        0.1.76 @/home/giung/.local/lib/python3.8/site-packages/jaxlib
Flax          0.4.0 @/home/giung/.local/lib/python3.8/site-packages/flax
Optax         0.1.1 @/home/giung/.local/lib/python3.8/site-packages/optax
------------  -------------------------------------------------------------

[2022-02-06 19:08:07,237][INFO] Command line arguments:
Namespace(batch_size=128, config_file='./configs/ImageNet1k_x32_R18-BN-ReLU_SGD.yaml', keep_every_n_checkpoints=None, learning_rate=0.01, num_epochs=100, num_warmup_epochs=5, opts=[], output_dir='./outputs/ImageNet1k_x32_R18-BN-ReLU/SGD/s42_e100_wd5e-4_8TPUv3/', seed=42, weight_decay=0.0005)

[2022-02-06 19:08:07,237][INFO] Using a random seed 42

[2022-02-06 19:08:07,262][INFO] Unable to initialize backend 'tpu_driver': NOT_FOUND: Unable to find driver in registry given worker: 
[2022-02-06 19:08:07,263][INFO] Unable to initialize backend 'gpu': NOT_FOUND: Could not find registered platform with name: "cuda". Available platform names are: Interpreter TPU Host
[2022-02-06 19:08:23,750][INFO] Found no checkpoint files in outputs/ImageNet1k_x32_R18-BN-ReLU/SGD/s42_e100_wd5e-4_8TPUv3
[2022-02-06 19:10:36,133][INFO] [Epoch   1/100] trn/acc1 1.17e-02, trn/loss 1.06e+01, trn/loss_ce 6.64e+00, trn/loss_wd 7.95e+03, trn/lr 1.00e-03
[2022-02-06 19:10:46,434][INFO] [Epoch   1/100] Validation: val/acc1 0.0353, val/loss_ce 5.9127
[2022-02-06 19:12:42,929][INFO] [Epoch   2/100] trn/acc1 6.89e-02, trn/loss 8.72e+00, trn/loss_ce 5.38e+00, trn/loss_wd 6.67e+03, trn/lr 3.00e-03
[2022-02-06 19:14:39,216][INFO] [Epoch   3/100] trn/acc1 1.52e-01, trn/loss 6.91e+00, trn/loss_ce 4.48e+00, trn/loss_wd 4.86e+03, trn/lr 5.00e-03
[2022-02-06 19:16:35,238][INFO] [Epoch   4/100] trn/acc1 2.18e-01, trn/loss 5.58e+00, trn/loss_ce 3.93e+00, trn/loss_wd 3.30e+03, trn/lr 7.00e-03
[2022-02-06 19:18:31,386][INFO] [Epoch   5/100] trn/acc1 2.60e-01, trn/loss 4.80e+00, trn/loss_ce 3.62e+00, trn/loss_wd 2.35e+03, trn/lr 9.00e-03
[2022-02-06 19:20:27,307][INFO] [Epoch   6/100] trn/acc1 2.88e-01, trn/loss 4.42e+00, trn/loss_ce 3.43e+00, trn/loss_wd 1.98e+03, trn/lr 1.00e-02
[2022-02-06 19:22:23,532][INFO] [Epoch   7/100] trn/acc1 3.08e-01, trn/loss 4.24e+00, trn/loss_ce 3.30e+00, trn/loss_wd 1.89e+03, trn/lr 9.99e-03
[2022-02-06 19:24:19,725][INFO] [Epoch   8/100] trn/acc1 3.23e-01, trn/loss 4.15e+00, trn/loss_ce 3.20e+00, trn/loss_wd 1.91e+03, trn/lr 9.98e-03
[2022-02-06 19:26:16,040][INFO] [Epoch   9/100] trn/acc1 3.34e-01, trn/loss 4.10e+00, trn/loss_ce 3.13e+00, trn/loss_wd 1.94e+03, trn/lr 9.97e-03
[2022-02-06 19:28:11,826][INFO] [Epoch  10/100] trn/acc1 3.42e-01, trn/loss 4.07e+00, trn/loss_ce 3.08e+00, trn/loss_wd 1.98e+03, trn/lr 9.94e-03
[2022-02-06 19:28:13,236][INFO] [Epoch  10/100] Validation: val/acc1 0.3598, val/loss_ce 2.9824
[2022-02-06 19:30:10,527][INFO] [Epoch  11/100] trn/acc1 3.49e-01, trn/loss 4.04e+00, trn/loss_ce 3.04e+00, trn/loss_wd 2.01e+03, trn/lr 9.92e-03
[2022-02-06 19:32:06,245][INFO] [Epoch  12/100] trn/acc1 3.55e-01, trn/loss 4.02e+00, trn/loss_ce 3.00e+00, trn/loss_wd 2.04e+03, trn/lr 9.88e-03
[2022-02-06 19:34:01,968][INFO] [Epoch  13/100] trn/acc1 3.60e-01, trn/loss 4.00e+00, trn/loss_ce 2.97e+00, trn/loss_wd 2.06e+03, trn/lr 9.85e-03
[2022-02-06 19:35:57,233][INFO] [Epoch  14/100] trn/acc1 3.64e-01, trn/loss 3.99e+00, trn/loss_ce 2.95e+00, trn/loss_wd 2.08e+03, trn/lr 9.80e-03
[2022-02-06 19:37:52,848][INFO] [Epoch  15/100] trn/acc1 3.68e-01, trn/loss 3.97e+00, trn/loss_ce 2.93e+00, trn/loss_wd 2.09e+03, trn/lr 9.76e-03
[2022-02-06 19:39:49,172][INFO] [Epoch  16/100] trn/acc1 3.72e-01, trn/loss 3.96e+00, trn/loss_ce 2.91e+00, trn/loss_wd 2.11e+03, trn/lr 9.70e-03
[2022-02-06 19:41:44,727][INFO] [Epoch  17/100] trn/acc1 3.74e-01, trn/loss 3.95e+00, trn/loss_ce 2.89e+00, trn/loss_wd 2.12e+03, trn/lr 9.64e-03
[2022-02-06 19:43:40,448][INFO] [Epoch  18/100] trn/acc1 3.76e-01, trn/loss 3.94e+00, trn/loss_ce 2.87e+00, trn/loss_wd 2.12e+03, trn/lr 9.58e-03
[2022-02-06 19:45:36,086][INFO] [Epoch  19/100] trn/acc1 3.79e-01, trn/loss 3.92e+00, trn/loss_ce 2.86e+00, trn/loss_wd 2.13e+03, trn/lr 9.51e-03
[2022-02-06 19:47:31,367][INFO] [Epoch  20/100] trn/acc1 3.82e-01, trn/loss 3.91e+00, trn/loss_ce 2.85e+00, trn/loss_wd 2.13e+03, trn/lr 9.44e-03
[2022-02-06 19:47:32,767][INFO] [Epoch  20/100] Validation: val/acc1 0.3845, val/loss_ce 2.8572
[2022-02-06 19:49:29,811][INFO] [Epoch  21/100] trn/acc1 3.84e-01, trn/loss 3.90e+00, trn/loss_ce 2.83e+00, trn/loss_wd 2.14e+03, trn/lr 9.36e-03
[2022-02-06 19:51:25,386][INFO] [Epoch  22/100] trn/acc1 3.86e-01, trn/loss 3.89e+00, trn/loss_ce 2.82e+00, trn/loss_wd 2.14e+03, trn/lr 9.27e-03
[2022-02-06 19:53:21,070][INFO] [Epoch  23/100] trn/acc1 3.88e-01, trn/loss 3.88e+00, trn/loss_ce 2.81e+00, trn/loss_wd 2.15e+03, trn/lr 9.19e-03
[2022-02-06 19:55:17,081][INFO] [Epoch  24/100] trn/acc1 3.90e-01, trn/loss 3.87e+00, trn/loss_ce 2.80e+00, trn/loss_wd 2.15e+03, trn/lr 9.09e-03
[2022-02-06 19:57:12,815][INFO] [Epoch  25/100] trn/acc1 3.91e-01, trn/loss 3.86e+00, trn/loss_ce 2.78e+00, trn/loss_wd 2.15e+03, trn/lr 9.00e-03
[2022-02-06 19:59:07,898][INFO] [Epoch  26/100] trn/acc1 3.94e-01, trn/loss 3.85e+00, trn/loss_ce 2.77e+00, trn/loss_wd 2.15e+03, trn/lr 8.89e-03
[2022-02-06 20:01:04,063][INFO] [Epoch  27/100] trn/acc1 3.95e-01, trn/loss 3.84e+00, trn/loss_ce 2.76e+00, trn/loss_wd 2.15e+03, trn/lr 8.79e-03
[2022-02-06 20:02:59,925][INFO] [Epoch  28/100] trn/acc1 3.98e-01, trn/loss 3.82e+00, trn/loss_ce 2.75e+00, trn/loss_wd 2.15e+03, trn/lr 8.68e-03
[2022-02-06 20:04:55,380][INFO] [Epoch  29/100] trn/acc1 4.00e-01, trn/loss 3.81e+00, trn/loss_ce 2.74e+00, trn/loss_wd 2.15e+03, trn/lr 8.56e-03
[2022-02-06 20:06:50,978][INFO] [Epoch  30/100] trn/acc1 4.01e-01, trn/loss 3.80e+00, trn/loss_ce 2.73e+00, trn/loss_wd 2.14e+03, trn/lr 8.45e-03
[2022-02-06 20:06:52,527][INFO] [Epoch  30/100] Validation: val/acc1 0.4097, val/loss_ce 2.6910
[2022-02-06 20:08:49,899][INFO] [Epoch  31/100] trn/acc1 4.04e-01, trn/loss 3.79e+00, trn/loss_ce 2.72e+00, trn/loss_wd 2.14e+03, trn/lr 8.32e-03
[2022-02-06 20:10:45,594][INFO] [Epoch  32/100] trn/acc1 4.05e-01, trn/loss 3.78e+00, trn/loss_ce 2.71e+00, trn/loss_wd 2.14e+03, trn/lr 8.20e-03
[2022-02-06 20:12:41,249][INFO] [Epoch  33/100] trn/acc1 4.07e-01, trn/loss 3.77e+00, trn/loss_ce 2.70e+00, trn/loss_wd 2.13e+03, trn/lr 8.07e-03
[2022-02-06 20:14:36,992][INFO] [Epoch  34/100] trn/acc1 4.09e-01, trn/loss 3.75e+00, trn/loss_ce 2.69e+00, trn/loss_wd 2.13e+03, trn/lr 7.94e-03
[2022-02-06 20:16:32,915][INFO] [Epoch  35/100] trn/acc1 4.11e-01, trn/loss 3.74e+00, trn/loss_ce 2.68e+00, trn/loss_wd 2.13e+03, trn/lr 7.80e-03
[2022-02-06 20:18:28,691][INFO] [Epoch  36/100] trn/acc1 4.13e-01, trn/loss 3.73e+00, trn/loss_ce 2.66e+00, trn/loss_wd 2.12e+03, trn/lr 7.67e-03
[2022-02-06 20:20:23,987][INFO] [Epoch  37/100] trn/acc1 4.14e-01, trn/loss 3.71e+00, trn/loss_ce 2.65e+00, trn/loss_wd 2.12e+03, trn/lr 7.52e-03
[2022-02-06 20:22:19,631][INFO] [Epoch  38/100] trn/acc1 4.17e-01, trn/loss 3.70e+00, trn/loss_ce 2.64e+00, trn/loss_wd 2.11e+03, trn/lr 7.38e-03
[2022-02-06 20:24:15,757][INFO] [Epoch  39/100] trn/acc1 4.19e-01, trn/loss 3.68e+00, trn/loss_ce 2.63e+00, trn/loss_wd 2.10e+03, trn/lr 7.23e-03
[2022-02-06 20:26:11,759][INFO] [Epoch  40/100] trn/acc1 4.21e-01, trn/loss 3.67e+00, trn/loss_ce 2.62e+00, trn/loss_wd 2.10e+03, trn/lr 7.08e-03
[2022-02-06 20:26:13,318][INFO] [Epoch  40/100] Validation: val/acc1 0.4302, val/loss_ce 2.5807
[2022-02-06 20:28:10,733][INFO] [Epoch  41/100] trn/acc1 4.23e-01, trn/loss 3.65e+00, trn/loss_ce 2.61e+00, trn/loss_wd 2.09e+03, trn/lr 6.93e-03
[2022-02-06 20:30:06,511][INFO] [Epoch  42/100] trn/acc1 4.25e-01, trn/loss 3.64e+00, trn/loss_ce 2.60e+00, trn/loss_wd 2.08e+03, trn/lr 6.78e-03
[2022-02-06 20:32:01,666][INFO] [Epoch  43/100] trn/acc1 4.27e-01, trn/loss 3.62e+00, trn/loss_ce 2.58e+00, trn/loss_wd 2.07e+03, trn/lr 6.62e-03
[2022-02-06 20:33:57,222][INFO] [Epoch  44/100] trn/acc1 4.30e-01, trn/loss 3.60e+00, trn/loss_ce 2.57e+00, trn/loss_wd 2.07e+03, trn/lr 6.47e-03
[2022-02-06 20:35:52,418][INFO] [Epoch  45/100] trn/acc1 4.32e-01, trn/loss 3.59e+00, trn/loss_ce 2.56e+00, trn/loss_wd 2.06e+03, trn/lr 6.31e-03
[2022-02-06 20:37:48,186][INFO] [Epoch  46/100] trn/acc1 4.35e-01, trn/loss 3.57e+00, trn/loss_ce 2.54e+00, trn/loss_wd 2.05e+03, trn/lr 6.15e-03
[2022-02-06 20:39:44,252][INFO] [Epoch  47/100] trn/acc1 4.37e-01, trn/loss 3.55e+00, trn/loss_ce 2.53e+00, trn/loss_wd 2.04e+03, trn/lr 5.99e-03
[2022-02-06 20:41:39,653][INFO] [Epoch  48/100] trn/acc1 4.39e-01, trn/loss 3.54e+00, trn/loss_ce 2.52e+00, trn/loss_wd 2.03e+03, trn/lr 5.82e-03
[2022-02-06 20:43:35,533][INFO] [Epoch  49/100] trn/acc1 4.41e-01, trn/loss 3.52e+00, trn/loss_ce 2.50e+00, trn/loss_wd 2.03e+03, trn/lr 5.66e-03
[2022-02-06 20:45:31,387][INFO] [Epoch  50/100] trn/acc1 4.44e-01, trn/loss 3.50e+00, trn/loss_ce 2.49e+00, trn/loss_wd 2.02e+03, trn/lr 5.50e-03
[2022-02-06 20:45:32,876][INFO] [Epoch  50/100] Validation: val/acc1 0.4528, val/loss_ce 2.4571
[2022-02-06 20:47:29,755][INFO] [Epoch  51/100] trn/acc1 4.46e-01, trn/loss 3.48e+00, trn/loss_ce 2.48e+00, trn/loss_wd 2.01e+03, trn/lr 5.33e-03
[2022-02-06 20:49:25,549][INFO] [Epoch  52/100] trn/acc1 4.49e-01, trn/loss 3.46e+00, trn/loss_ce 2.46e+00, trn/loss_wd 2.00e+03, trn/lr 5.17e-03
[2022-02-06 20:51:21,444][INFO] [Epoch  53/100] trn/acc1 4.52e-01, trn/loss 3.44e+00, trn/loss_ce 2.45e+00, trn/loss_wd 1.99e+03, trn/lr 5.00e-03
[2022-02-06 20:53:17,215][INFO] [Epoch  54/100] trn/acc1 4.55e-01, trn/loss 3.42e+00, trn/loss_ce 2.43e+00, trn/loss_wd 1.98e+03, trn/lr 4.83e-03
[2022-02-06 20:55:12,915][INFO] [Epoch  55/100] trn/acc1 4.57e-01, trn/loss 3.40e+00, trn/loss_ce 2.42e+00, trn/loss_wd 1.96e+03, trn/lr 4.67e-03
[2022-02-06 20:57:08,465][INFO] [Epoch  56/100] trn/acc1 4.60e-01, trn/loss 3.38e+00, trn/loss_ce 2.40e+00, trn/loss_wd 1.95e+03, trn/lr 4.50e-03
[2022-02-06 20:59:03,375][INFO] [Epoch  57/100] trn/acc1 4.64e-01, trn/loss 3.36e+00, trn/loss_ce 2.38e+00, trn/loss_wd 1.94e+03, trn/lr 4.34e-03
[2022-02-06 21:00:59,132][INFO] [Epoch  58/100] trn/acc1 4.66e-01, trn/loss 3.33e+00, trn/loss_ce 2.37e+00, trn/loss_wd 1.93e+03, trn/lr 4.18e-03
[2022-02-06 21:02:54,859][INFO] [Epoch  59/100] trn/acc1 4.69e-01, trn/loss 3.31e+00, trn/loss_ce 2.35e+00, trn/loss_wd 1.92e+03, trn/lr 4.01e-03
[2022-02-06 21:04:50,598][INFO] [Epoch  60/100] trn/acc1 4.72e-01, trn/loss 3.29e+00, trn/loss_ce 2.34e+00, trn/loss_wd 1.91e+03, trn/lr 3.85e-03
[2022-02-06 21:04:52,067][INFO] [Epoch  60/100] Validation: val/acc1 0.4794, val/loss_ce 2.3085
[2022-02-06 21:06:48,853][INFO] [Epoch  61/100] trn/acc1 4.75e-01, trn/loss 3.27e+00, trn/loss_ce 2.32e+00, trn/loss_wd 1.89e+03, trn/lr 3.69e-03
[2022-02-06 21:08:44,695][INFO] [Epoch  62/100] trn/acc1 4.79e-01, trn/loss 3.24e+00, trn/loss_ce 2.30e+00, trn/loss_wd 1.88e+03, trn/lr 3.53e-03
[2022-02-06 21:10:39,999][INFO] [Epoch  63/100] trn/acc1 4.82e-01, trn/loss 3.22e+00, trn/loss_ce 2.28e+00, trn/loss_wd 1.87e+03, trn/lr 3.38e-03
[2022-02-06 21:12:35,428][INFO] [Epoch  64/100] trn/acc1 4.86e-01, trn/loss 3.19e+00, trn/loss_ce 2.27e+00, trn/loss_wd 1.86e+03, trn/lr 3.22e-03
[2022-02-06 21:14:30,987][INFO] [Epoch  65/100] trn/acc1 4.90e-01, trn/loss 3.17e+00, trn/loss_ce 2.25e+00, trn/loss_wd 1.84e+03, trn/lr 3.07e-03
[2022-02-06 21:16:26,348][INFO] [Epoch  66/100] trn/acc1 4.93e-01, trn/loss 3.14e+00, trn/loss_ce 2.23e+00, trn/loss_wd 1.83e+03, trn/lr 2.92e-03
[2022-02-06 21:18:21,838][INFO] [Epoch  67/100] trn/acc1 4.96e-01, trn/loss 3.11e+00, trn/loss_ce 2.21e+00, trn/loss_wd 1.81e+03, trn/lr 2.77e-03
[2022-02-06 21:20:17,345][INFO] [Epoch  68/100] trn/acc1 5.00e-01, trn/loss 3.09e+00, trn/loss_ce 2.19e+00, trn/loss_wd 1.80e+03, trn/lr 2.62e-03
[2022-02-06 21:22:13,110][INFO] [Epoch  69/100] trn/acc1 5.04e-01, trn/loss 3.06e+00, trn/loss_ce 2.17e+00, trn/loss_wd 1.79e+03, trn/lr 2.48e-03
[2022-02-06 21:24:08,569][INFO] [Epoch  70/100] trn/acc1 5.07e-01, trn/loss 3.03e+00, trn/loss_ce 2.15e+00, trn/loss_wd 1.77e+03, trn/lr 2.33e-03
[2022-02-06 21:24:10,022][INFO] [Epoch  70/100] Validation: val/acc1 0.5121, val/loss_ce 2.1431
[2022-02-06 21:26:06,903][INFO] [Epoch  71/100] trn/acc1 5.12e-01, trn/loss 3.01e+00, trn/loss_ce 2.13e+00, trn/loss_wd 1.76e+03, trn/lr 2.20e-03
[2022-02-06 21:28:02,171][INFO] [Epoch  72/100] trn/acc1 5.16e-01, trn/loss 2.98e+00, trn/loss_ce 2.11e+00, trn/loss_wd 1.74e+03, trn/lr 2.06e-03
[2022-02-06 21:29:57,093][INFO] [Epoch  73/100] trn/acc1 5.20e-01, trn/loss 2.95e+00, trn/loss_ce 2.08e+00, trn/loss_wd 1.73e+03, trn/lr 1.93e-03
[2022-02-06 21:31:52,596][INFO] [Epoch  74/100] trn/acc1 5.25e-01, trn/loss 2.92e+00, trn/loss_ce 2.06e+00, trn/loss_wd 1.71e+03, trn/lr 1.80e-03
[2022-02-06 21:33:47,900][INFO] [Epoch  75/100] trn/acc1 5.29e-01, trn/loss 2.89e+00, trn/loss_ce 2.04e+00, trn/loss_wd 1.70e+03, trn/lr 1.68e-03
[2022-02-06 21:35:43,563][INFO] [Epoch  76/100] trn/acc1 5.34e-01, trn/loss 2.86e+00, trn/loss_ce 2.01e+00, trn/loss_wd 1.68e+03, trn/lr 1.55e-03
[2022-02-06 21:37:39,401][INFO] [Epoch  77/100] trn/acc1 5.38e-01, trn/loss 2.82e+00, trn/loss_ce 1.99e+00, trn/loss_wd 1.67e+03, trn/lr 1.44e-03
[2022-02-06 21:39:34,905][INFO] [Epoch  78/100] trn/acc1 5.43e-01, trn/loss 2.79e+00, trn/loss_ce 1.96e+00, trn/loss_wd 1.65e+03, trn/lr 1.32e-03
[2022-02-06 21:41:30,685][INFO] [Epoch  79/100] trn/acc1 5.48e-01, trn/loss 2.76e+00, trn/loss_ce 1.94e+00, trn/loss_wd 1.64e+03, trn/lr 1.21e-03
[2022-02-06 21:43:25,737][INFO] [Epoch  80/100] trn/acc1 5.53e-01, trn/loss 2.73e+00, trn/loss_ce 1.91e+00, trn/loss_wd 1.63e+03, trn/lr 1.11e-03
[2022-02-06 21:43:27,329][INFO] [Epoch  80/100] Validation: val/acc1 0.5416, val/loss_ce 1.9915
[2022-02-06 21:45:24,325][INFO] [Epoch  81/100] trn/acc1 5.59e-01, trn/loss 2.69e+00, trn/loss_ce 1.89e+00, trn/loss_wd 1.61e+03, trn/lr 1.00e-03
[2022-02-06 21:47:19,269][INFO] [Epoch  82/100] trn/acc1 5.64e-01, trn/loss 2.66e+00, trn/loss_ce 1.86e+00, trn/loss_wd 1.60e+03, trn/lr 9.07e-04
[2022-02-06 21:49:14,576][INFO] [Epoch  83/100] trn/acc1 5.69e-01, trn/loss 2.63e+00, trn/loss_ce 1.84e+00, trn/loss_wd 1.58e+03, trn/lr 8.14e-04
[2022-02-06 21:51:10,171][INFO] [Epoch  84/100] trn/acc1 5.75e-01, trn/loss 2.59e+00, trn/loss_ce 1.81e+00, trn/loss_wd 1.57e+03, trn/lr 7.26e-04
[2022-02-06 21:53:06,000][INFO] [Epoch  85/100] trn/acc1 5.81e-01, trn/loss 2.56e+00, trn/loss_ce 1.78e+00, trn/loss_wd 1.56e+03, trn/lr 6.43e-04
[2022-02-06 21:55:01,609][INFO] [Epoch  86/100] trn/acc1 5.87e-01, trn/loss 2.52e+00, trn/loss_ce 1.75e+00, trn/loss_wd 1.54e+03, trn/lr 5.64e-04
[2022-02-06 21:56:57,674][INFO] [Epoch  87/100] trn/acc1 5.92e-01, trn/loss 2.49e+00, trn/loss_ce 1.72e+00, trn/loss_wd 1.53e+03, trn/lr 4.90e-04
[2022-02-06 21:58:53,578][INFO] [Epoch  88/100] trn/acc1 5.98e-01, trn/loss 2.45e+00, trn/loss_ce 1.69e+00, trn/loss_wd 1.52e+03, trn/lr 4.21e-04
[2022-02-06 22:00:48,988][INFO] [Epoch  89/100] trn/acc1 6.05e-01, trn/loss 2.42e+00, trn/loss_ce 1.66e+00, trn/loss_wd 1.51e+03, trn/lr 3.57e-04
[2022-02-06 22:02:44,740][INFO] [Epoch  90/100] trn/acc1 6.10e-01, trn/loss 2.39e+00, trn/loss_ce 1.63e+00, trn/loss_wd 1.50e+03, trn/lr 2.99e-04
[2022-02-06 22:02:46,224][INFO] [Epoch  90/100] Validation: val/acc1 0.5729, val/loss_ce 1.8433
[2022-02-06 22:04:43,243][INFO] [Epoch  91/100] trn/acc1 6.16e-01, trn/loss 2.36e+00, trn/loss_ce 1.61e+00, trn/loss_wd 1.49e+03, trn/lr 2.45e-04
[2022-02-06 22:04:44,768][INFO] [Epoch  91/100] Validation: val/acc1 0.5740, val/loss_ce 1.8343
[2022-02-06 22:06:42,058][INFO] [Epoch  92/100] trn/acc1 6.22e-01, trn/loss 2.33e+00, trn/loss_ce 1.58e+00, trn/loss_wd 1.49e+03, trn/lr 1.96e-04
[2022-02-06 22:06:43,579][INFO] [Epoch  92/100] Validation: val/acc1 0.5743, val/loss_ce 1.8222
[2022-02-06 22:08:40,347][INFO] [Epoch  93/100] trn/acc1 6.27e-01, trn/loss 2.30e+00, trn/loss_ce 1.56e+00, trn/loss_wd 1.48e+03, trn/lr 1.53e-04
[2022-02-06 22:08:41,760][INFO] [Epoch  93/100] Validation: val/acc1 0.5768, val/loss_ce 1.8090
[2022-02-06 22:10:39,125][INFO] [Epoch  94/100] trn/acc1 6.32e-01, trn/loss 2.27e+00, trn/loss_ce 1.53e+00, trn/loss_wd 1.48e+03, trn/lr 1.15e-04
[2022-02-06 22:10:40,627][INFO] [Epoch  94/100] Validation: val/acc1 0.5804, val/loss_ce 1.8024
[2022-02-06 22:12:37,737][INFO] [Epoch  95/100] trn/acc1 6.36e-01, trn/loss 2.25e+00, trn/loss_ce 1.51e+00, trn/loss_wd 1.47e+03, trn/lr 8.27e-05
[2022-02-06 22:12:39,181][INFO] [Epoch  95/100] Validation: val/acc1 0.5817, val/loss_ce 1.7912
[2022-02-06 22:14:36,506][INFO] [Epoch  96/100] trn/acc1 6.40e-01, trn/loss 2.23e+00, trn/loss_ce 1.50e+00, trn/loss_wd 1.47e+03, trn/lr 5.55e-05
[2022-02-06 22:14:38,028][INFO] [Epoch  96/100] Validation: val/acc1 0.5824, val/loss_ce 1.7900
[2022-02-06 22:16:34,986][INFO] [Epoch  97/100] trn/acc1 6.43e-01, trn/loss 2.22e+00, trn/loss_ce 1.48e+00, trn/loss_wd 1.47e+03, trn/lr 3.37e-05
[2022-02-06 22:16:36,606][INFO] [Epoch  97/100] Validation: val/acc1 0.5839, val/loss_ce 1.7849
[2022-02-06 22:18:33,631][INFO] [Epoch  98/100] trn/acc1 6.45e-01, trn/loss 2.21e+00, trn/loss_ce 1.47e+00, trn/loss_wd 1.47e+03, trn/lr 1.73e-05
[2022-02-06 22:18:35,076][INFO] [Epoch  98/100] Validation: val/acc1 0.5851, val/loss_ce 1.7804
[2022-02-06 22:20:31,922][INFO] [Epoch  99/100] trn/acc1 6.47e-01, trn/loss 2.20e+00, trn/loss_ce 1.47e+00, trn/loss_wd 1.47e+03, trn/lr 6.38e-06
[2022-02-06 22:20:33,404][INFO] [Epoch  99/100] Validation: val/acc1 0.5843, val/loss_ce 1.7819
[2022-02-06 22:22:28,338][INFO] [Epoch 100/100] trn/acc1 6.47e-01, trn/loss 2.20e+00, trn/loss_ce 1.46e+00, trn/loss_wd 1.47e+03, trn/lr 9.11e-07
[2022-02-06 22:22:29,828][INFO] [Epoch 100/100] Validation: val/acc1 0.5845, val/loss_ce 1.7806
